
2021-07-13 11:00:04 :: ----------UPDATE PRODUCT COUNT30 START: 609------------
2021-07-13 11:00:04 :: ----------UPDATE PRODUCT 328996------------
2021-07-13 11:00:04 :: ALEGRA STOCK:0
2021-07-13 11:00:04 :: CURRENT STOCK:0
2021-07-13 11:00:04 :: ENTRE 1
2021-07-13 11:00:04 :: ----------UPDATE PRODUCT 35292------------
2021-07-13 11:00:04 :: ALEGRA STOCK:0
2021-07-13 11:00:04 :: CURRENT STOCK:0
2021-07-13 11:00:04 :: ENTRE 1
2021-07-13 11:00:04 :: ----------UPDATE PRODUCT 313695------------
2021-07-13 11:00:04 :: ALEGRA STOCK:11
2021-07-13 11:00:04 :: CURRENT STOCK:11
2021-07-13 11:00:04 :: ENTRE 3
2021-07-13 11:00:04 :: ----------UPDATE PRODUCT 313696------------
2021-07-13 11:00:04 :: ALEGRA STOCK:28
2021-07-13 11:00:04 :: CURRENT STOCK:28
2021-07-13 11:00:04 :: ENTRE 3
2021-07-13 11:00:04 :: ----------UPDATE PRODUCT 313697------------
2021-07-13 11:00:04 :: ALEGRA STOCK:0
2021-07-13 11:00:04 :: CURRENT STOCK:0
2021-07-13 11:00:04 :: ENTRE 1
2021-07-13 11:00:04 :: ----------UPDATE PRODUCT 313698------------
2021-07-13 11:00:04 :: ALEGRA STOCK:14
2021-07-13 11:00:04 :: CURRENT STOCK:14
2021-07-13 11:00:04 :: ENTRE 3
2021-07-13 11:00:04 :: ----------UPDATE PRODUCT 341654------------
2021-07-13 11:00:04 :: ALEGRA STOCK:0
2021-07-13 11:00:04 :: CURRENT STOCK:0
2021-07-13 11:00:04 :: ENTRE 1
2021-07-13 11:00:04 :: ----------UPDATE PRODUCT 341655------------
2021-07-13 11:00:04 :: ALEGRA STOCK:0
2021-07-13 11:00:04 :: CURRENT STOCK:0
2021-07-13 11:00:04 :: ENTRE 1
2021-07-13 11:00:04 :: ----------UPDATE PRODUCT 341656------------
2021-07-13 11:00:04 :: ALEGRA STOCK:1
2021-07-13 11:00:04 :: CURRENT STOCK:1
2021-07-13 11:00:04 :: ENTRE 3
2021-07-13 11:00:04 :: ----------UPDATE PRODUCT 341657------------
2021-07-13 11:00:04 :: ALEGRA STOCK:0
2021-07-13 11:00:04 :: CURRENT STOCK:0
2021-07-13 11:00:04 :: ENTRE 1
2021-07-13 11:00:04 :: ----------UPDATE PRODUCT 341658------------
2021-07-13 11:00:04 :: ALEGRA STOCK:0
2021-07-13 11:00:04 :: CURRENT STOCK:0
2021-07-13 11:00:04 :: ENTRE 1
2021-07-13 11:00:04 :: ----------UPDATE PRODUCT 341659------------
2021-07-13 11:00:04 :: ALEGRA STOCK:0
2021-07-13 11:00:04 :: CURRENT STOCK:0
2021-07-13 11:00:04 :: ENTRE 1
2021-07-13 11:00:04 :: ----------UPDATE PRODUCT 331055------------
2021-07-13 11:00:04 :: ALEGRA STOCK:1
2021-07-13 11:00:04 :: CURRENT STOCK:0
2021-07-13 11:00:04 :: ENTRE 2
2021-07-13 11:00:05 :: currentOnHoldProduct: 1
2021-07-13 11:00:05 :: updateProductStock(331055): zero 
2021-07-13 11:00:05 :: DIFERENCIA: 0
2021-07-13 11:00:05 :: ----------UPDATE PRODUCT 340724------------
2021-07-13 11:00:05 :: ALEGRA STOCK:17
2021-07-13 11:00:05 :: CURRENT STOCK:15
2021-07-13 11:00:05 :: ENTRE 2
2021-07-13 11:00:06 :: currentOnHoldProduct: 2
2021-07-13 11:00:06 :: DIFERENCIA: 15
2021-07-13 11:00:06 :: ----------UPDATE PRODUCT 207994------------
2021-07-13 11:00:06 :: ALEGRA STOCK:0
2021-07-13 11:00:06 :: CURRENT STOCK:0
2021-07-13 11:00:06 :: ENTRE 1
2021-07-13 11:00:06 :: ----------UPDATE PRODUCT 210468------------
2021-07-13 11:00:06 :: ALEGRA STOCK:0
2021-07-13 11:00:06 :: CURRENT STOCK:0
2021-07-13 11:00:06 :: ENTRE 1
2021-07-13 11:00:06 :: ----------UPDATE PRODUCT 210470------------
2021-07-13 11:00:06 :: ALEGRA STOCK:0
2021-07-13 11:00:06 :: CURRENT STOCK:0
2021-07-13 11:00:06 :: ENTRE 1
2021-07-13 11:00:06 :: ----------UPDATE PRODUCT 210471------------
2021-07-13 11:00:06 :: ALEGRA STOCK:0
2021-07-13 11:00:06 :: CURRENT STOCK:0
2021-07-13 11:00:06 :: ENTRE 1
2021-07-13 11:00:06 :: ----------UPDATE PRODUCT 210472------------
2021-07-13 11:00:06 :: ALEGRA STOCK:0
2021-07-13 11:00:06 :: CURRENT STOCK:0
2021-07-13 11:00:06 :: ENTRE 1
2021-07-13 11:00:06 :: ----------UPDATE PRODUCT 316508------------
2021-07-13 11:00:06 :: ALEGRA STOCK:49
2021-07-13 11:00:06 :: CURRENT STOCK:49
2021-07-13 11:00:06 :: ENTRE 3
2021-07-13 11:00:06 :: ----------UPDATE PRODUCT 316510------------
2021-07-13 11:00:06 :: ALEGRA STOCK:50
2021-07-13 11:00:06 :: CURRENT STOCK:50
2021-07-13 11:00:06 :: ENTRE 3
2021-07-13 11:00:06 :: ----------UPDATE PRODUCT 316509------------
2021-07-13 11:00:06 :: ALEGRA STOCK:20
2021-07-13 11:00:06 :: CURRENT STOCK:20
2021-07-13 11:00:06 :: ENTRE 3
2021-07-13 11:00:06 :: ----------UPDATE PRODUCT 65995------------
2021-07-13 11:00:06 :: ALEGRA STOCK:70
2021-07-13 11:00:06 :: CURRENT STOCK:70
2021-07-13 11:00:06 :: ENTRE 3
2021-07-13 11:00:06 :: ----------UPDATE PRODUCT 331046------------
2021-07-13 11:00:06 :: ALEGRA STOCK:2
2021-07-13 11:00:06 :: CURRENT STOCK:0
2021-07-13 11:00:06 :: ENTRE 2
2021-07-13 11:00:07 :: currentOnHoldProduct: 2
2021-07-13 11:00:07 :: updateProductStock(331046): zero 
2021-07-13 11:00:07 :: DIFERENCIA: 0
2021-07-13 11:00:07 :: ----------UPDATE PRODUCT 365548------------
2021-07-13 11:00:07 :: ALEGRA STOCK:0
2021-07-13 11:00:07 :: CURRENT STOCK:0
2021-07-13 11:00:07 :: ENTRE 1
2021-07-13 11:00:07 :: ----------UPDATE PRODUCT 356940------------
2021-07-13 11:00:07 :: ALEGRA STOCK:0
2021-07-13 11:00:07 :: CURRENT STOCK:0
2021-07-13 11:00:07 :: ENTRE 1
2021-07-13 11:00:07 :: ----------UPDATE PRODUCT 336837------------
2021-07-13 11:00:07 :: ALEGRA STOCK:49
2021-07-13 11:00:07 :: CURRENT STOCK:46
2021-07-13 11:00:07 :: ENTRE 2
2021-07-13 11:00:08 :: currentOnHoldProduct: 3
2021-07-13 11:00:08 :: DIFERENCIA: 46
2021-07-13 11:00:08 :: ----------UPDATE PRODUCT 356626------------
2021-07-13 11:00:08 :: ALEGRA STOCK:0
2021-07-13 11:00:08 :: CURRENT STOCK:0
2021-07-13 11:00:08 :: ENTRE 1
2021-07-13 11:00:08 :: ----------UPDATE PRODUCT 340187------------
2021-07-13 11:00:08 :: ALEGRA STOCK:0
2021-07-13 11:00:08 :: CURRENT STOCK:0
2021-07-13 11:00:08 :: ENTRE 1
2021-07-13 11:00:08 :: ----------UPDATE PRODUCT 363915------------
2021-07-13 11:00:08 :: ALEGRA STOCK:109
2021-07-13 11:00:08 :: CURRENT STOCK:109
2021-07-13 11:00:08 :: ENTRE 3
2021-07-13 11:05:08 :: ----------UPDATE PRODUCT COUNT30 START: 638------------
2021-07-13 11:05:08 :: ----------UPDATE PRODUCT 363915------------
2021-07-13 11:05:08 :: ALEGRA STOCK:109
2021-07-13 11:05:08 :: CURRENT STOCK:109
2021-07-13 11:05:08 :: ENTRE 3
2021-07-13 11:05:08 :: ----------UPDATE PRODUCT 340163------------
2021-07-13 11:05:08 :: ALEGRA STOCK:0
2021-07-13 11:05:08 :: CURRENT STOCK:0
2021-07-13 11:05:08 :: ENTRE 1
2021-07-13 11:05:08 :: ----------UPDATE PRODUCT 124951------------
2021-07-13 11:05:08 :: ALEGRA STOCK:27
2021-07-13 11:05:08 :: CURRENT STOCK:27
2021-07-13 11:05:08 :: ENTRE 3
2021-07-13 11:05:08 :: ----------UPDATE PRODUCT 366984------------
2021-07-13 11:05:08 :: ALEGRA STOCK:48
2021-07-13 11:05:08 :: CURRENT STOCK:48
2021-07-13 11:05:08 :: ENTRE 3
2021-07-13 11:05:08 :: ----------UPDATE PRODUCT 366969------------
2021-07-13 11:05:08 :: ALEGRA STOCK:650
2021-07-13 11:05:08 :: CURRENT STOCK:650
2021-07-13 11:05:08 :: ENTRE 3
2021-07-13 11:05:08 :: ----------UPDATE PRODUCT 209542------------
2021-07-13 11:05:08 :: ALEGRA STOCK:2851
2021-07-13 11:05:08 :: CURRENT STOCK:2851
2021-07-13 11:05:08 :: ENTRE 3
2021-07-13 11:05:08 :: ----------UPDATE PRODUCT 366914------------
2021-07-13 11:05:08 :: ALEGRA STOCK:184
2021-07-13 11:05:08 :: CURRENT STOCK:184
2021-07-13 11:05:08 :: ENTRE 3
2021-07-13 11:05:08 :: ----------UPDATE PRODUCT 295171------------
2021-07-13 11:05:08 :: ALEGRA STOCK:691
2021-07-13 11:05:08 :: CURRENT STOCK:690
2021-07-13 11:05:08 :: ENTRE 2
2021-07-13 11:05:09 :: no existe registro
2021-07-13 11:05:09 :: ----------UPDATE PRODUCT 295170------------
2021-07-13 11:05:09 :: ALEGRA STOCK:521
2021-07-13 11:05:09 :: CURRENT STOCK:521
2021-07-13 11:05:09 :: ENTRE 3
2021-07-13 11:05:09 :: ----------UPDATE PRODUCT 295169------------
2021-07-13 11:05:09 :: ALEGRA STOCK:282
2021-07-13 11:05:09 :: CURRENT STOCK:283
2021-07-13 11:05:09 :: ENTRE 3
2021-07-13 11:05:09 :: ----------UPDATE PRODUCT 364429------------
2021-07-13 11:05:09 :: ALEGRA STOCK:13
2021-07-13 11:05:09 :: CURRENT STOCK:13
2021-07-13 11:05:09 :: ENTRE 3
2021-07-13 11:05:09 :: ----------UPDATE PRODUCT 364430------------
2021-07-13 11:05:09 :: ALEGRA STOCK:132
2021-07-13 11:05:09 :: CURRENT STOCK:132
2021-07-13 11:05:09 :: ENTRE 3
2021-07-13 11:05:09 :: ----------UPDATE PRODUCT 133583------------
2021-07-13 11:05:09 :: ALEGRA STOCK:67
2021-07-13 11:05:09 :: CURRENT STOCK:67
2021-07-13 11:05:09 :: ENTRE 3
2021-07-13 11:05:09 :: ----------UPDATE PRODUCT 307981------------
2021-07-13 11:05:09 :: ALEGRA STOCK:0
2021-07-13 11:05:09 :: CURRENT STOCK:0
2021-07-13 11:05:09 :: ENTRE 1
2021-07-13 11:05:09 :: ----------UPDATE PRODUCT 211358------------
2021-07-13 11:05:09 :: ALEGRA STOCK:31
2021-07-13 11:05:09 :: CURRENT STOCK:31
2021-07-13 11:05:09 :: ENTRE 3
2021-07-13 11:05:09 :: ----------UPDATE PRODUCT 313135------------
2021-07-13 11:05:09 :: ALEGRA STOCK:5
2021-07-13 11:05:09 :: CURRENT STOCK:5
2021-07-13 11:05:09 :: ENTRE 3
2021-07-13 11:05:09 :: ----------UPDATE PRODUCT 313138------------
2021-07-13 11:05:09 :: ALEGRA STOCK:0
2021-07-13 11:05:09 :: CURRENT STOCK:0
2021-07-13 11:05:09 :: ENTRE 1
2021-07-13 11:05:09 :: ----------UPDATE PRODUCT 313140------------
2021-07-13 11:05:09 :: ALEGRA STOCK:11
2021-07-13 11:05:09 :: CURRENT STOCK:11
2021-07-13 11:05:09 :: ENTRE 3
2021-07-13 11:05:09 :: ----------UPDATE PRODUCT 313142------------
2021-07-13 11:05:09 :: ALEGRA STOCK:0
2021-07-13 11:05:09 :: CURRENT STOCK:0
2021-07-13 11:05:09 :: ENTRE 1
2021-07-13 11:05:09 :: ----------UPDATE PRODUCT 313146------------
2021-07-13 11:05:09 :: ALEGRA STOCK:1
2021-07-13 11:05:09 :: CURRENT STOCK:1
2021-07-13 11:05:09 :: ENTRE 3
2021-07-13 11:05:09 :: ----------UPDATE PRODUCT 341832------------
2021-07-13 11:05:09 :: ALEGRA STOCK:19
2021-07-13 11:05:09 :: CURRENT STOCK:19
2021-07-13 11:05:09 :: ENTRE 3
2021-07-13 11:05:09 :: ----------UPDATE PRODUCT 341833------------
2021-07-13 11:05:09 :: ALEGRA STOCK:10
2021-07-13 11:05:09 :: CURRENT STOCK:10
2021-07-13 11:05:09 :: ENTRE 3
2021-07-13 11:05:09 :: ----------UPDATE PRODUCT 361938------------
2021-07-13 11:05:09 :: ALEGRA STOCK:12
2021-07-13 11:05:09 :: CURRENT STOCK:12
2021-07-13 11:05:09 :: ENTRE 3
2021-07-13 11:05:09 :: ----------UPDATE PRODUCT 341465------------
2021-07-13 11:05:09 :: ALEGRA STOCK:0
2021-07-13 11:05:09 :: CURRENT STOCK:0
2021-07-13 11:05:09 :: ENTRE 1
2021-07-13 11:05:09 :: ----------UPDATE PRODUCT 341469------------
2021-07-13 11:05:09 :: ALEGRA STOCK:2
2021-07-13 11:05:09 :: CURRENT STOCK:2
2021-07-13 11:05:09 :: ENTRE 3
2021-07-13 11:05:09 :: ----------UPDATE PRODUCT 341473------------
2021-07-13 11:05:09 :: ALEGRA STOCK:3
2021-07-13 11:05:09 :: CURRENT STOCK:3
2021-07-13 11:05:09 :: ENTRE 3
2021-07-13 11:05:09 :: ----------UPDATE PRODUCT 341476------------
2021-07-13 11:05:09 :: ALEGRA STOCK:8
2021-07-13 11:05:09 :: CURRENT STOCK:8
2021-07-13 11:05:09 :: ENTRE 3
2021-07-13 11:05:09 :: ----------UPDATE PRODUCT 100790------------
2021-07-13 11:05:09 :: ALEGRA STOCK:197
2021-07-13 11:05:09 :: CURRENT STOCK:197
2021-07-13 11:05:09 :: ENTRE 3
2021-07-13 11:10:04 :: ----------UPDATE PRODUCT COUNT30 START: 667------------
2021-07-13 11:10:04 :: ----------UPDATE PRODUCT ------------
2021-07-13 11:10:04 :: ALEGRA STOCK:0
2021-07-13 11:10:04 :: CURRENT STOCK:
2021-07-13 11:10:04 :: ENTRE 1
2021-07-13 11:10:04 :: ----------UPDATE PRODUCT 190062------------
2021-07-13 11:10:04 :: ALEGRA STOCK:192
2021-07-13 11:10:04 :: CURRENT STOCK:2409
2021-07-13 11:10:04 :: ENTRE 3
2021-07-13 11:10:04 :: ----------UPDATE PRODUCT 346937------------
2021-07-13 11:10:04 :: ALEGRA STOCK:0
2021-07-13 11:10:04 :: CURRENT STOCK:0
2021-07-13 11:10:04 :: ENTRE 1
2021-07-13 11:10:04 :: ----------UPDATE PRODUCT 207632------------
2021-07-13 11:10:04 :: ALEGRA STOCK:0
2021-07-13 11:10:04 :: CURRENT STOCK:0
2021-07-13 11:10:04 :: ENTRE 1
2021-07-13 11:10:04 :: ----------UPDATE PRODUCT 285642------------
2021-07-13 11:10:04 :: ALEGRA STOCK:3
2021-07-13 11:10:04 :: CURRENT STOCK:3
2021-07-13 11:10:04 :: ENTRE 3
2021-07-13 11:10:04 :: ----------UPDATE PRODUCT 239941------------
2021-07-13 11:10:04 :: ALEGRA STOCK:7
2021-07-13 11:10:04 :: CURRENT STOCK:5
2021-07-13 11:10:04 :: ENTRE 2
2021-07-13 11:10:05 :: currentOnHoldProduct: 2
2021-07-13 11:10:05 :: DIFERENCIA: 5
2021-07-13 11:10:05 :: ----------UPDATE PRODUCT 256246------------
2021-07-13 11:10:05 :: ALEGRA STOCK:0
2021-07-13 11:10:05 :: CURRENT STOCK:0
2021-07-13 11:10:05 :: ENTRE 1
2021-07-13 11:10:05 :: ----------UPDATE PRODUCT 285431------------
2021-07-13 11:10:05 :: ALEGRA STOCK:11
2021-07-13 11:10:05 :: CURRENT STOCK:11
2021-07-13 11:10:05 :: ENTRE 3
2021-07-13 11:10:05 :: ----------UPDATE PRODUCT 342765------------
2021-07-13 11:10:05 :: ALEGRA STOCK:423
2021-07-13 11:10:05 :: CURRENT STOCK:422
2021-07-13 11:10:05 :: ENTRE 2
2021-07-13 11:10:05 :: currentOnHoldProduct: 2
2021-07-13 11:10:05 :: DIFERENCIA: 421
2021-07-13 11:10:05 :: ----------UPDATE PRODUCT 358288------------
2021-07-13 11:10:05 :: ALEGRA STOCK:30
2021-07-13 11:10:05 :: CURRENT STOCK:27
2021-07-13 11:10:05 :: ENTRE 2
2021-07-13 11:10:06 :: currentOnHoldProduct: 2
2021-07-13 11:10:06 :: DIFERENCIA: 28
2021-07-13 11:10:06 :: ----------UPDATE PRODUCT 274324------------
2021-07-13 11:10:06 :: ALEGRA STOCK:2
2021-07-13 11:10:06 :: CURRENT STOCK:2
2021-07-13 11:10:06 :: ENTRE 3
2021-07-13 11:10:06 :: ----------UPDATE PRODUCT 205875------------
2021-07-13 11:10:06 :: ALEGRA STOCK:0
2021-07-13 11:10:06 :: CURRENT STOCK:0
2021-07-13 11:10:06 :: ENTRE 1
2021-07-13 11:10:06 :: ----------UPDATE PRODUCT 365552------------
2021-07-13 11:10:06 :: ALEGRA STOCK:24
2021-07-13 11:10:06 :: CURRENT STOCK:24
2021-07-13 11:10:06 :: ENTRE 3
2021-07-13 11:10:06 :: ----------UPDATE PRODUCT 351125------------
2021-07-13 11:10:06 :: ALEGRA STOCK:35
2021-07-13 11:10:06 :: CURRENT STOCK:35
2021-07-13 11:10:06 :: ENTRE 3
2021-07-13 11:10:06 :: ----------UPDATE PRODUCT 351126------------
2021-07-13 11:10:06 :: ALEGRA STOCK:56
2021-07-13 11:10:06 :: CURRENT STOCK:56
2021-07-13 11:10:06 :: ENTRE 3
2021-07-13 11:10:06 :: ----------UPDATE PRODUCT 351127------------
2021-07-13 11:10:06 :: ALEGRA STOCK:14
2021-07-13 11:10:06 :: CURRENT STOCK:14
2021-07-13 11:10:06 :: ENTRE 3
2021-07-13 11:10:06 :: ----------UPDATE PRODUCT 351128------------
2021-07-13 11:10:06 :: ALEGRA STOCK:62
2021-07-13 11:10:06 :: CURRENT STOCK:62
2021-07-13 11:10:06 :: ENTRE 3
2021-07-13 11:10:06 :: ----------UPDATE PRODUCT 191369------------
2021-07-13 11:10:06 :: ALEGRA STOCK:0
2021-07-13 11:10:06 :: CURRENT STOCK:0
2021-07-13 11:10:06 :: ENTRE 1
2021-07-13 11:10:06 :: ----------UPDATE PRODUCT 331122------------
2021-07-13 11:10:06 :: ALEGRA STOCK:0
2021-07-13 11:10:06 :: CURRENT STOCK:0
2021-07-13 11:10:06 :: ENTRE 1
2021-07-13 11:10:06 :: ----------UPDATE PRODUCT 359642------------
2021-07-13 11:10:06 :: ALEGRA STOCK:0
2021-07-13 11:10:06 :: CURRENT STOCK:0
2021-07-13 11:10:06 :: ENTRE 1
2021-07-13 11:10:06 :: ----------UPDATE PRODUCT 346310------------
2021-07-13 11:10:06 :: ALEGRA STOCK:0
2021-07-13 11:10:06 :: CURRENT STOCK:0
2021-07-13 11:10:06 :: ENTRE 1
2021-07-13 11:10:06 :: ----------UPDATE PRODUCT 252111------------
2021-07-13 11:10:06 :: ALEGRA STOCK:235
2021-07-13 11:10:06 :: CURRENT STOCK:226
2021-07-13 11:10:06 :: ENTRE 2
2021-07-13 11:10:07 :: currentOnHoldProduct: 9
2021-07-13 11:10:07 :: DIFERENCIA: 226
2021-07-13 11:10:07 :: ----------UPDATE PRODUCT 196071------------
2021-07-13 11:10:07 :: ALEGRA STOCK:0
2021-07-13 11:10:07 :: CURRENT STOCK:0
2021-07-13 11:10:07 :: ENTRE 1
2021-07-13 11:10:07 :: ----------UPDATE PRODUCT 351024------------
2021-07-13 11:10:07 :: ALEGRA STOCK:18
2021-07-13 11:10:07 :: CURRENT STOCK:18
2021-07-13 11:10:07 :: ENTRE 3
2021-07-13 11:15:06 :: ----------UPDATE PRODUCT COUNT30 START: 696------------
2021-07-13 11:15:06 :: ----------UPDATE PRODUCT 351024------------
2021-07-13 11:15:06 :: ALEGRA STOCK:18
2021-07-13 11:15:06 :: CURRENT STOCK:18
2021-07-13 11:15:06 :: ENTRE 3
2021-07-13 11:15:06 :: ----------UPDATE PRODUCT 357339------------
2021-07-13 11:15:06 :: ALEGRA STOCK:50
2021-07-13 11:15:06 :: CURRENT STOCK:50
2021-07-13 11:15:06 :: ENTRE 3
2021-07-13 11:15:06 :: ----------UPDATE PRODUCT 357327------------
2021-07-13 11:15:06 :: ALEGRA STOCK:54
2021-07-13 11:15:06 :: CURRENT STOCK:54
2021-07-13 11:15:06 :: ENTRE 3
2021-07-13 11:15:06 :: ----------UPDATE PRODUCT 355942------------
2021-07-13 11:15:06 :: ALEGRA STOCK:40
2021-07-13 11:15:06 :: CURRENT STOCK:40
2021-07-13 11:15:06 :: ENTRE 3
2021-07-13 11:15:06 :: ----------UPDATE PRODUCT 355936------------
2021-07-13 11:15:06 :: ALEGRA STOCK:36
2021-07-13 11:15:06 :: CURRENT STOCK:36
2021-07-13 11:15:06 :: ENTRE 3
2021-07-13 11:15:06 :: ----------UPDATE PRODUCT 346306------------
2021-07-13 11:15:06 :: ALEGRA STOCK:162
2021-07-13 11:15:06 :: CURRENT STOCK:160
2021-07-13 11:15:06 :: ENTRE 2
2021-07-13 11:15:07 :: currentOnHoldProduct: 2
2021-07-13 11:15:07 :: DIFERENCIA: 160
2021-07-13 11:15:07 :: ----------UPDATE PRODUCT 191367------------
2021-07-13 11:15:07 :: ALEGRA STOCK:0
2021-07-13 11:15:07 :: CURRENT STOCK:0
2021-07-13 11:15:07 :: ENTRE 1
2021-07-13 11:15:07 :: ----------UPDATE PRODUCT 189561------------
2021-07-13 11:15:07 :: ALEGRA STOCK:0
2021-07-13 11:15:07 :: CURRENT STOCK:0
2021-07-13 11:15:07 :: ENTRE 1
2021-07-13 11:15:07 :: ----------UPDATE PRODUCT 191363------------
2021-07-13 11:15:07 :: ALEGRA STOCK:0
2021-07-13 11:15:07 :: CURRENT STOCK:0
2021-07-13 11:15:07 :: ENTRE 1
2021-07-13 11:15:07 :: ----------UPDATE PRODUCT 359661------------
2021-07-13 11:15:07 :: ALEGRA STOCK:0
2021-07-13 11:15:07 :: CURRENT STOCK:0
2021-07-13 11:15:07 :: ENTRE 1
2021-07-13 11:15:07 :: ----------UPDATE PRODUCT 357347------------
2021-07-13 11:15:07 :: ALEGRA STOCK:0
2021-07-13 11:15:07 :: CURRENT STOCK:0
2021-07-13 11:15:07 :: ENTRE 1
2021-07-13 11:15:07 :: ----------UPDATE PRODUCT 357351------------
2021-07-13 11:15:07 :: ALEGRA STOCK:0
2021-07-13 11:15:07 :: CURRENT STOCK:0
2021-07-13 11:15:07 :: ENTRE 1
2021-07-13 11:15:07 :: ----------UPDATE PRODUCT 357349------------
2021-07-13 11:15:07 :: ALEGRA STOCK:1
2021-07-13 11:15:07 :: CURRENT STOCK:1
2021-07-13 11:15:07 :: ENTRE 3
2021-07-13 11:15:07 :: ----------UPDATE PRODUCT 191373------------
2021-07-13 11:15:07 :: ALEGRA STOCK:0
2021-07-13 11:15:07 :: CURRENT STOCK:0
2021-07-13 11:15:07 :: ENTRE 1
2021-07-13 11:15:07 :: ----------UPDATE PRODUCT 359645------------
2021-07-13 11:15:07 :: ALEGRA STOCK:19
2021-07-13 11:15:07 :: CURRENT STOCK:19
2021-07-13 11:15:07 :: ENTRE 3
2021-07-13 11:15:07 :: ----------UPDATE PRODUCT 340132------------
2021-07-13 11:15:07 :: ALEGRA STOCK:49
2021-07-13 11:15:07 :: CURRENT STOCK:49
2021-07-13 11:15:07 :: ENTRE 3
2021-07-13 11:15:07 :: ----------UPDATE PRODUCT 340145------------
2021-07-13 11:15:07 :: ALEGRA STOCK:0
2021-07-13 11:15:07 :: CURRENT STOCK:0
2021-07-13 11:15:07 :: ENTRE 1
2021-07-13 11:15:07 :: ----------UPDATE PRODUCT 355933------------
2021-07-13 11:15:07 :: ALEGRA STOCK:28
2021-07-13 11:15:07 :: CURRENT STOCK:28
2021-07-13 11:15:07 :: ENTRE 3
2021-07-13 11:15:07 :: ----------UPDATE PRODUCT 341483------------
2021-07-13 11:15:07 :: ALEGRA STOCK:0
2021-07-13 11:15:07 :: CURRENT STOCK:0
2021-07-13 11:15:07 :: ENTRE 1
2021-07-13 11:15:07 :: ----------UPDATE PRODUCT 341484------------
2021-07-13 11:15:07 :: ALEGRA STOCK:0
2021-07-13 11:15:07 :: CURRENT STOCK:0
2021-07-13 11:15:07 :: ENTRE 1
2021-07-13 11:15:07 :: ----------UPDATE PRODUCT 341485------------
2021-07-13 11:15:07 :: ALEGRA STOCK:0
2021-07-13 11:15:07 :: CURRENT STOCK:0
2021-07-13 11:15:07 :: ENTRE 1
2021-07-13 11:15:07 :: ----------UPDATE PRODUCT 341486------------
2021-07-13 11:15:07 :: ALEGRA STOCK:-1
2021-07-13 11:15:07 :: CURRENT STOCK:-1
2021-07-13 11:15:07 :: ENTRE 1
2021-07-13 11:15:07 :: ----------UPDATE PRODUCT 331126------------
2021-07-13 11:15:07 :: ALEGRA STOCK:15
2021-07-13 11:15:07 :: CURRENT STOCK:15
2021-07-13 11:15:07 :: ENTRE 3
2021-07-13 11:15:07 :: ----------UPDATE PRODUCT 329016------------
2021-07-13 11:15:07 :: ALEGRA STOCK:0
2021-07-13 11:15:07 :: CURRENT STOCK:0
2021-07-13 11:15:07 :: ENTRE 1
2021-07-13 11:15:07 :: ----------UPDATE PRODUCT 359671------------
2021-07-13 11:15:07 :: ALEGRA STOCK:1
2021-07-13 11:15:07 :: CURRENT STOCK:1
2021-07-13 11:15:07 :: ENTRE 3
2021-07-13 11:15:07 :: ----------UPDATE PRODUCT 337324------------
2021-07-13 11:15:07 :: ALEGRA STOCK:0
2021-07-13 11:15:07 :: CURRENT STOCK:0
2021-07-13 11:15:07 :: ENTRE 1
2021-07-13 11:15:07 :: ----------UPDATE PRODUCT 357326------------
2021-07-13 11:15:07 :: ALEGRA STOCK:33
2021-07-13 11:15:07 :: CURRENT STOCK:32
2021-07-13 11:15:07 :: ENTRE 2
2021-07-13 11:15:08 :: currentOnHoldProduct: 1
2021-07-13 11:15:08 :: DIFERENCIA: 32
2021-07-13 11:15:08 :: ----------UPDATE PRODUCT 359665------------
2021-07-13 11:15:08 :: ALEGRA STOCK:0
2021-07-13 11:15:08 :: CURRENT STOCK:0
2021-07-13 11:15:08 :: ENTRE 1
2021-07-13 11:15:08 :: ----------UPDATE PRODUCT 357311------------
2021-07-13 11:15:08 :: ALEGRA STOCK:40
2021-07-13 11:15:08 :: CURRENT STOCK:40
2021-07-13 11:15:08 :: ENTRE 3
2021-07-13 11:15:08 :: ----------UPDATE PRODUCT 247907------------
2021-07-13 11:15:08 :: ALEGRA STOCK:0
2021-07-13 11:15:08 :: CURRENT STOCK:0
2021-07-13 11:15:08 :: ENTRE 1
2021-07-13 11:20:07 :: ----------UPDATE PRODUCT COUNT30 START: 725------------
2021-07-13 11:20:07 :: ----------UPDATE PRODUCT 247907------------
2021-07-13 11:20:07 :: ALEGRA STOCK:0
2021-07-13 11:20:07 :: CURRENT STOCK:0
2021-07-13 11:20:07 :: ENTRE 1
2021-07-13 11:20:07 :: ----------UPDATE PRODUCT 247908------------
2021-07-13 11:20:07 :: ALEGRA STOCK:0
2021-07-13 11:20:07 :: CURRENT STOCK:0
2021-07-13 11:20:07 :: ENTRE 1
2021-07-13 11:20:07 :: ----------UPDATE PRODUCT 182699------------
2021-07-13 11:20:07 :: ALEGRA STOCK:33
2021-07-13 11:20:07 :: CURRENT STOCK:33
2021-07-13 11:20:07 :: ENTRE 3
2021-07-13 11:20:07 :: ----------UPDATE PRODUCT 329002------------
2021-07-13 11:20:07 :: ALEGRA STOCK:0
2021-07-13 11:20:07 :: CURRENT STOCK:0
2021-07-13 11:20:07 :: ENTRE 1
2021-07-13 11:20:07 :: ----------UPDATE PRODUCT 121880------------
2021-07-13 11:20:07 :: ALEGRA STOCK:0
2021-07-13 11:20:07 :: CURRENT STOCK:0
2021-07-13 11:20:07 :: ENTRE 1
2021-07-13 11:20:07 :: ----------UPDATE PRODUCT 88659------------
2021-07-13 11:20:07 :: ALEGRA STOCK:0
2021-07-13 11:20:07 :: CURRENT STOCK:0
2021-07-13 11:20:07 :: ENTRE 1
2021-07-13 11:20:07 :: ----------UPDATE PRODUCT 82080------------
2021-07-13 11:20:07 :: ALEGRA STOCK:0
2021-07-13 11:20:07 :: CURRENT STOCK:0
2021-07-13 11:20:07 :: ENTRE 1
2021-07-13 11:20:07 :: ----------UPDATE PRODUCT 103859------------
2021-07-13 11:20:07 :: ALEGRA STOCK:0
2021-07-13 11:20:07 :: CURRENT STOCK:0
2021-07-13 11:20:07 :: ENTRE 1
2021-07-13 11:20:07 :: ----------UPDATE PRODUCT 343583------------
2021-07-13 11:20:07 :: ALEGRA STOCK:211
2021-07-13 11:20:07 :: CURRENT STOCK:210
2021-07-13 11:20:07 :: ENTRE 2
2021-07-13 11:20:07 :: currentOnHoldProduct: 1
2021-07-13 11:20:07 :: DIFERENCIA: 210
2021-07-13 11:20:07 :: ----------UPDATE PRODUCT 357319------------
2021-07-13 11:20:07 :: ALEGRA STOCK:0
2021-07-13 11:20:07 :: CURRENT STOCK:0
2021-07-13 11:20:07 :: ENTRE 1
2021-07-13 11:20:07 :: ----------UPDATE PRODUCT 357320------------
2021-07-13 11:20:07 :: ALEGRA STOCK:0
2021-07-13 11:20:07 :: CURRENT STOCK:0
2021-07-13 11:20:07 :: ENTRE 1
2021-07-13 11:20:07 :: ----------UPDATE PRODUCT 357321------------
2021-07-13 11:20:07 :: ALEGRA STOCK:1
2021-07-13 11:20:07 :: CURRENT STOCK:1
2021-07-13 11:20:07 :: ENTRE 3
2021-07-13 11:20:07 :: ----------UPDATE PRODUCT 342782------------
2021-07-13 11:20:07 :: ALEGRA STOCK:106
2021-07-13 11:20:07 :: CURRENT STOCK:106
2021-07-13 11:20:07 :: ENTRE 3
2021-07-13 11:20:08 :: ----------UPDATE PRODUCT 312916------------
2021-07-13 11:20:08 :: ALEGRA STOCK:202
2021-07-13 11:20:08 :: CURRENT STOCK:202
2021-07-13 11:20:08 :: ENTRE 3
2021-07-13 11:20:08 :: ----------UPDATE PRODUCT 312907------------
2021-07-13 11:20:08 :: ALEGRA STOCK:156
2021-07-13 11:20:08 :: CURRENT STOCK:155
2021-07-13 11:20:08 :: ENTRE 2
2021-07-13 11:20:08 :: currentOnHoldProduct: 1
2021-07-13 11:20:08 :: DIFERENCIA: 155
2021-07-13 11:20:08 :: ----------UPDATE PRODUCT 312273------------
2021-07-13 11:20:08 :: ALEGRA STOCK:67
2021-07-13 11:20:08 :: CURRENT STOCK:66
2021-07-13 11:20:08 :: ENTRE 2
2021-07-13 11:20:09 :: currentOnHoldProduct: 1
2021-07-13 11:20:09 :: DIFERENCIA: 66
2021-07-13 11:20:09 :: ----------UPDATE PRODUCT 63342------------
2021-07-13 11:20:09 :: ALEGRA STOCK:60
2021-07-13 11:20:09 :: CURRENT STOCK:52
2021-07-13 11:20:09 :: ENTRE 2
2021-07-13 11:20:10 :: currentOnHoldProduct: 8
2021-07-13 11:20:10 :: DIFERENCIA: 52
2021-07-13 11:20:10 :: ----------UPDATE PRODUCT 306876------------
2021-07-13 11:20:10 :: ALEGRA STOCK:70
2021-07-13 11:20:10 :: CURRENT STOCK:65
2021-07-13 11:20:10 :: ENTRE 2
2021-07-13 11:20:11 :: currentOnHoldProduct: 4
2021-07-13 11:20:11 :: DIFERENCIA: 66
2021-07-13 11:20:11 :: ----------UPDATE PRODUCT 312954------------
2021-07-13 11:20:11 :: ALEGRA STOCK:0
2021-07-13 11:20:11 :: CURRENT STOCK:0
2021-07-13 11:20:11 :: ENTRE 1
2021-07-13 11:20:11 :: ----------UPDATE PRODUCT 271734------------
2021-07-13 11:20:11 :: ALEGRA STOCK:0
2021-07-13 11:20:11 :: CURRENT STOCK:0
2021-07-13 11:20:11 :: ENTRE 1
2021-07-13 11:20:11 :: ----------UPDATE PRODUCT 271735------------
2021-07-13 11:20:11 :: ALEGRA STOCK:0
2021-07-13 11:20:11 :: CURRENT STOCK:0
2021-07-13 11:20:11 :: ENTRE 1
2021-07-13 11:20:11 :: ----------UPDATE PRODUCT 271736------------
2021-07-13 11:20:11 :: ALEGRA STOCK:0
2021-07-13 11:20:11 :: CURRENT STOCK:0
2021-07-13 11:20:11 :: ENTRE 1
2021-07-13 11:20:11 :: ----------UPDATE PRODUCT 271737------------
2021-07-13 11:20:11 :: ALEGRA STOCK:0
2021-07-13 11:20:11 :: CURRENT STOCK:0
2021-07-13 11:20:11 :: ENTRE 1
2021-07-13 11:20:11 :: ----------UPDATE PRODUCT 271738------------
2021-07-13 11:20:11 :: ALEGRA STOCK:0
2021-07-13 11:20:11 :: CURRENT STOCK:0
2021-07-13 11:20:11 :: ENTRE 1
2021-07-13 11:20:11 :: ----------UPDATE PRODUCT 271739------------
2021-07-13 11:20:11 :: ALEGRA STOCK:0
2021-07-13 11:20:11 :: CURRENT STOCK:0
2021-07-13 11:20:11 :: ENTRE 1
2021-07-13 11:20:11 :: ----------UPDATE PRODUCT 328905------------
2021-07-13 11:20:11 :: ALEGRA STOCK:249
2021-07-13 11:20:11 :: CURRENT STOCK:249
2021-07-13 11:20:11 :: ENTRE 3
2021-07-13 11:20:11 :: ----------UPDATE PRODUCT 328906------------
2021-07-13 11:20:11 :: ALEGRA STOCK:473
2021-07-13 11:20:11 :: CURRENT STOCK:472
2021-07-13 11:20:11 :: ENTRE 2
2021-07-13 11:20:12 :: no existe registro
2021-07-13 11:25:06 :: ----------UPDATE PRODUCT COUNT10 START: 754------------
2021-07-13 11:25:06 :: ----------UPDATE PRODUCT ------------
2021-07-13 11:25:06 :: ALEGRA STOCK:0
2021-07-13 11:25:06 :: CURRENT STOCK:
2021-07-13 11:25:06 :: ENTRE 1
2021-07-13 11:25:06 :: ----------UPDATE PRODUCT 313637------------
2021-07-13 11:25:06 :: ALEGRA STOCK:45
2021-07-13 11:25:06 :: CURRENT STOCK:45
2021-07-13 11:25:06 :: ENTRE 3
2021-07-13 11:25:06 :: ----------UPDATE PRODUCT 313638------------
2021-07-13 11:25:06 :: ALEGRA STOCK:-1
2021-07-13 11:25:06 :: CURRENT STOCK:-1
2021-07-13 11:25:06 :: ENTRE 1
2021-07-13 11:25:06 :: ----------UPDATE PRODUCT 347467------------
2021-07-13 11:25:06 :: ALEGRA STOCK:1
2021-07-13 11:25:06 :: CURRENT STOCK:1
2021-07-13 11:25:06 :: ENTRE 3
2021-07-13 11:25:06 :: ----------UPDATE PRODUCT 347483------------
2021-07-13 11:25:06 :: ALEGRA STOCK:0
2021-07-13 11:25:06 :: CURRENT STOCK:0
2021-07-13 11:25:06 :: ENTRE 1
2021-07-13 11:25:06 :: ----------UPDATE PRODUCT 213258------------
2021-07-13 11:25:06 :: ALEGRA STOCK:109
2021-07-13 11:25:06 :: CURRENT STOCK:107
2021-07-13 11:25:06 :: ENTRE 2
2021-07-13 11:25:07 :: currentOnHoldProduct: 2
2021-07-13 11:25:07 :: DIFERENCIA: 107
2021-07-13 11:25:07 :: ----------UPDATE PRODUCT 355912------------
2021-07-13 11:25:07 :: ALEGRA STOCK:7
2021-07-13 11:25:07 :: CURRENT STOCK:7
2021-07-13 11:25:07 :: ENTRE 3
2021-07-13 11:25:07 :: ----------UPDATE PRODUCT 355914------------
2021-07-13 11:25:07 :: ALEGRA STOCK:26
2021-07-13 11:25:07 :: CURRENT STOCK:26
2021-07-13 11:25:07 :: ENTRE 3
2021-07-13 11:30:07 :: ----------UPDATE PRODUCT COUNT30 START: 0------------
2021-07-13 11:30:07 :: ----------UPDATE PRODUCT 366252------------
2021-07-13 11:30:07 :: ALEGRA STOCK:238
2021-07-13 11:30:07 :: CURRENT STOCK:238
2021-07-13 11:30:07 :: ENTRE 3
2021-07-13 11:30:07 :: ----------UPDATE PRODUCT 63817------------
2021-07-13 11:30:07 :: ALEGRA STOCK:0
2021-07-13 11:30:07 :: CURRENT STOCK:0
2021-07-13 11:30:07 :: ENTRE 1
2021-07-13 11:30:07 :: ----------UPDATE PRODUCT 35145------------
2021-07-13 11:30:07 :: ALEGRA STOCK:0
2021-07-13 11:30:07 :: CURRENT STOCK:0
2021-07-13 11:30:07 :: ENTRE 1
2021-07-13 11:30:07 :: ----------UPDATE PRODUCT 35784------------
2021-07-13 11:30:07 :: ALEGRA STOCK:0
2021-07-13 11:30:07 :: CURRENT STOCK:0
2021-07-13 11:30:07 :: ENTRE 1
2021-07-13 11:30:07 :: ----------UPDATE PRODUCT 313112------------
2021-07-13 11:30:07 :: ALEGRA STOCK:7
2021-07-13 11:30:07 :: CURRENT STOCK:6
2021-07-13 11:30:07 :: ENTRE 2
2021-07-13 11:30:08 :: currentOnHoldProduct: 1
2021-07-13 11:30:08 :: DIFERENCIA: 6
2021-07-13 11:30:08 :: ----------UPDATE PRODUCT 313787------------
2021-07-13 11:30:08 :: ALEGRA STOCK:3402
2021-07-13 11:30:08 :: CURRENT STOCK:3402
2021-07-13 11:30:08 :: ENTRE 3
2021-07-13 11:30:08 :: ----------UPDATE PRODUCT 306847------------
2021-07-13 11:30:08 :: ALEGRA STOCK:3
2021-07-13 11:30:08 :: CURRENT STOCK:3
2021-07-13 11:30:08 :: ENTRE 3
2021-07-13 11:30:08 :: ----------UPDATE PRODUCT 349322------------
2021-07-13 11:30:08 :: ALEGRA STOCK:0
2021-07-13 11:30:08 :: CURRENT STOCK:0
2021-07-13 11:30:08 :: ENTRE 1
2021-07-13 11:30:08 :: ----------UPDATE PRODUCT 349321------------
2021-07-13 11:30:08 :: ALEGRA STOCK:0
2021-07-13 11:30:08 :: CURRENT STOCK:0
2021-07-13 11:30:08 :: ENTRE 1
2021-07-13 11:30:08 :: ----------UPDATE PRODUCT 63823------------
2021-07-13 11:30:08 :: ALEGRA STOCK:50
2021-07-13 11:30:08 :: CURRENT STOCK:50
2021-07-13 11:30:08 :: ENTRE 3
2021-07-13 11:30:08 :: ----------UPDATE PRODUCT 214093------------
2021-07-13 11:30:08 :: ALEGRA STOCK:483
2021-07-13 11:30:08 :: CURRENT STOCK:481
2021-07-13 11:30:08 :: ENTRE 2
2021-07-13 11:30:09 :: currentOnHoldProduct: 1
2021-07-13 11:30:09 :: DIFERENCIA: 482
2021-07-13 11:30:09 :: ----------UPDATE PRODUCT 340216------------
2021-07-13 11:30:09 :: ALEGRA STOCK:25
2021-07-13 11:30:09 :: CURRENT STOCK:25
2021-07-13 11:30:09 :: ENTRE 3
2021-07-13 11:30:09 :: ----------UPDATE PRODUCT 346920------------
2021-07-13 11:30:09 :: ALEGRA STOCK:1
2021-07-13 11:30:09 :: CURRENT STOCK:1
2021-07-13 11:30:09 :: ENTRE 3
2021-07-13 11:30:09 :: ----------UPDATE PRODUCT 337633------------
2021-07-13 11:30:09 :: ALEGRA STOCK:38
2021-07-13 11:30:09 :: CURRENT STOCK:38
2021-07-13 11:30:09 :: ENTRE 3
2021-07-13 11:30:09 :: ----------UPDATE PRODUCT 362439------------
2021-07-13 11:30:09 :: ALEGRA STOCK:5
2021-07-13 11:30:09 :: CURRENT STOCK:5
2021-07-13 11:30:09 :: ENTRE 3
2021-07-13 11:30:09 :: ----------UPDATE PRODUCT 362195------------
2021-07-13 11:30:09 :: ALEGRA STOCK:73
2021-07-13 11:30:09 :: CURRENT STOCK:73
2021-07-13 11:30:09 :: ENTRE 3
2021-07-13 11:30:09 :: ----------UPDATE PRODUCT 362198------------
2021-07-13 11:30:09 :: ALEGRA STOCK:74
2021-07-13 11:30:09 :: CURRENT STOCK:74
2021-07-13 11:30:09 :: ENTRE 3
2021-07-13 11:30:09 :: ----------UPDATE PRODUCT 366251------------
2021-07-13 11:30:09 :: ALEGRA STOCK:242
2021-07-13 11:30:09 :: CURRENT STOCK:242
2021-07-13 11:30:09 :: ENTRE 3
2021-07-13 11:30:09 :: ----------UPDATE PRODUCT 366242------------
2021-07-13 11:30:09 :: ALEGRA STOCK:339
2021-07-13 11:30:09 :: CURRENT STOCK:339
2021-07-13 11:30:09 :: ENTRE 3
2021-07-13 11:30:09 :: ----------UPDATE PRODUCT 366241------------
2021-07-13 11:30:09 :: ALEGRA STOCK:338
2021-07-13 11:30:09 :: CURRENT STOCK:338
2021-07-13 11:30:09 :: ENTRE 3
2021-07-13 11:30:09 :: ----------UPDATE PRODUCT 52299------------
2021-07-13 11:30:09 :: ALEGRA STOCK:743
2021-07-13 11:30:09 :: CURRENT STOCK:743
2021-07-13 11:30:09 :: ENTRE 3
2021-07-13 11:30:09 :: ----------UPDATE PRODUCT 52304------------
2021-07-13 11:30:09 :: ALEGRA STOCK:1658
2021-07-13 11:30:09 :: CURRENT STOCK:1658
2021-07-13 11:30:09 :: ENTRE 3
2021-07-13 11:30:09 :: ----------UPDATE PRODUCT 52303------------
2021-07-13 11:30:09 :: ALEGRA STOCK:1615
2021-07-13 11:30:09 :: CURRENT STOCK:1616
2021-07-13 11:30:09 :: ENTRE 3
2021-07-13 11:30:09 :: ----------UPDATE PRODUCT 52300------------
2021-07-13 11:30:09 :: ALEGRA STOCK:1768
2021-07-13 11:30:09 :: CURRENT STOCK:1768
2021-07-13 11:30:09 :: ENTRE 3
2021-07-13 11:30:10 :: ----------UPDATE PRODUCT 336141------------
2021-07-13 11:30:10 :: ALEGRA STOCK:141
2021-07-13 11:30:10 :: CURRENT STOCK:137
2021-07-13 11:30:10 :: ENTRE 2
2021-07-13 11:30:10 :: currentOnHoldProduct: 4
2021-07-13 11:30:10 :: DIFERENCIA: 137
2021-07-13 11:30:10 :: ----------UPDATE PRODUCT 331094------------
2021-07-13 11:30:10 :: ALEGRA STOCK:0
2021-07-13 11:30:10 :: CURRENT STOCK:0
2021-07-13 11:30:10 :: ENTRE 1
2021-07-13 11:30:10 :: ----------UPDATE PRODUCT 331086------------
2021-07-13 11:30:10 :: ALEGRA STOCK:0
2021-07-13 11:30:10 :: CURRENT STOCK:0
2021-07-13 11:30:10 :: ENTRE 1
2021-07-13 11:30:10 :: ----------UPDATE PRODUCT 336148------------
2021-07-13 11:30:10 :: ALEGRA STOCK:1
2021-07-13 11:30:10 :: CURRENT STOCK:0
2021-07-13 11:30:10 :: ENTRE 2
2021-07-13 11:30:11 :: currentOnHoldProduct: 1
2021-07-13 11:30:11 :: updateProductStock(336148): zero 
2021-07-13 11:30:11 :: DIFERENCIA: 0
2021-07-13 11:35:06 :: ----------UPDATE PRODUCT COUNT30 START: 29------------
2021-07-13 11:35:06 :: ----------UPDATE PRODUCT 336148------------
2021-07-13 11:35:06 :: ALEGRA STOCK:1
2021-07-13 11:35:06 :: CURRENT STOCK:0
2021-07-13 11:35:06 :: ENTRE 2
2021-07-13 11:35:06 :: currentOnHoldProduct: 1
2021-07-13 11:35:06 :: updateProductStock(336148): zero 
2021-07-13 11:35:06 :: DIFERENCIA: 0
2021-07-13 11:35:06 :: ----------UPDATE PRODUCT 359710------------
2021-07-13 11:35:06 :: ALEGRA STOCK:91
2021-07-13 11:35:06 :: CURRENT STOCK:91
2021-07-13 11:35:06 :: ENTRE 3
2021-07-13 11:35:06 :: ----------UPDATE PRODUCT 310261------------
2021-07-13 11:35:06 :: ALEGRA STOCK:282
2021-07-13 11:35:06 :: CURRENT STOCK:281
2021-07-13 11:35:06 :: ENTRE 2
2021-07-13 11:35:07 :: currentOnHoldProduct: 1
2021-07-13 11:35:07 :: DIFERENCIA: 281
2021-07-13 11:35:07 :: ----------UPDATE PRODUCT 182738------------
2021-07-13 11:35:07 :: ALEGRA STOCK:141
2021-07-13 11:35:07 :: CURRENT STOCK:139
2021-07-13 11:35:07 :: ENTRE 2
2021-07-13 11:35:08 :: currentOnHoldProduct: 2
2021-07-13 11:35:08 :: DIFERENCIA: 139
2021-07-13 11:35:08 :: ----------UPDATE PRODUCT 316888------------
2021-07-13 11:35:08 :: ALEGRA STOCK:1548
2021-07-13 11:35:08 :: CURRENT STOCK:1547
2021-07-13 11:35:08 :: ENTRE 2
2021-07-13 11:35:09 :: currentOnHoldProduct: 4
2021-07-13 11:35:09 :: DIFERENCIA: 1544
2021-07-13 11:35:09 :: ----------UPDATE PRODUCT 347464------------
2021-07-13 11:35:09 :: ALEGRA STOCK:1
2021-07-13 11:35:09 :: CURRENT STOCK:0
2021-07-13 11:35:09 :: ENTRE 2
2021-07-13 11:35:09 :: currentOnHoldProduct: 1
2021-07-13 11:35:09 :: updateProductStock(347464): zero 
2021-07-13 11:35:09 :: DIFERENCIA: 0
2021-07-13 11:35:09 :: ----------UPDATE PRODUCT 347486------------
2021-07-13 11:35:09 :: ALEGRA STOCK:0
2021-07-13 11:35:09 :: CURRENT STOCK:0
2021-07-13 11:35:09 :: ENTRE 1
2021-07-13 11:35:09 :: ----------UPDATE PRODUCT 341586------------
2021-07-13 11:35:09 :: ALEGRA STOCK:0
2021-07-13 11:35:09 :: CURRENT STOCK:0
2021-07-13 11:35:09 :: ENTRE 1
2021-07-13 11:35:09 :: ----------UPDATE PRODUCT 341587------------
2021-07-13 11:35:09 :: ALEGRA STOCK:1
2021-07-13 11:35:09 :: CURRENT STOCK:1
2021-07-13 11:35:09 :: ENTRE 3
2021-07-13 11:35:10 :: ----------UPDATE PRODUCT 341588------------
2021-07-13 11:35:10 :: ALEGRA STOCK:0
2021-07-13 11:35:10 :: CURRENT STOCK:0
2021-07-13 11:35:10 :: ENTRE 1
2021-07-13 11:35:10 :: ----------UPDATE PRODUCT 341589------------
2021-07-13 11:35:10 :: ALEGRA STOCK:0
2021-07-13 11:35:10 :: CURRENT STOCK:0
2021-07-13 11:35:10 :: ENTRE 1
2021-07-13 11:35:10 :: ----------UPDATE PRODUCT 341590------------
2021-07-13 11:35:10 :: ALEGRA STOCK:0
2021-07-13 11:35:10 :: CURRENT STOCK:0
2021-07-13 11:35:10 :: ENTRE 1
2021-07-13 11:35:10 :: ----------UPDATE PRODUCT 341591------------
2021-07-13 11:35:10 :: ALEGRA STOCK:0
2021-07-13 11:35:10 :: CURRENT STOCK:0
2021-07-13 11:35:10 :: ENTRE 1
2021-07-13 11:35:10 :: ----------UPDATE PRODUCT 341592------------
2021-07-13 11:35:10 :: ALEGRA STOCK:1
2021-07-13 11:35:10 :: CURRENT STOCK:1
2021-07-13 11:35:10 :: ENTRE 3
2021-07-13 11:35:10 :: ----------UPDATE PRODUCT 341593------------
2021-07-13 11:35:10 :: ALEGRA STOCK:0
2021-07-13 11:35:10 :: CURRENT STOCK:0
2021-07-13 11:35:10 :: ENTRE 1
2021-07-13 11:35:10 :: ----------UPDATE PRODUCT 341594------------
2021-07-13 11:35:10 :: ALEGRA STOCK:0
2021-07-13 11:35:10 :: CURRENT STOCK:0
2021-07-13 11:35:10 :: ENTRE 1
2021-07-13 11:35:10 :: ----------UPDATE PRODUCT 341595------------
2021-07-13 11:35:10 :: ALEGRA STOCK:0
2021-07-13 11:35:10 :: CURRENT STOCK:0
2021-07-13 11:35:10 :: ENTRE 1
2021-07-13 11:35:10 :: ----------UPDATE PRODUCT 341596------------
2021-07-13 11:35:10 :: ALEGRA STOCK:0
2021-07-13 11:35:10 :: CURRENT STOCK:0
2021-07-13 11:35:10 :: ENTRE 1
2021-07-13 11:35:10 :: ----------UPDATE PRODUCT 363947------------
2021-07-13 11:35:10 :: ALEGRA STOCK:3
2021-07-13 11:35:10 :: CURRENT STOCK:3
2021-07-13 11:35:10 :: ENTRE 3
2021-07-13 11:35:10 :: ----------UPDATE PRODUCT 340739------------
2021-07-13 11:35:10 :: ALEGRA STOCK:6
2021-07-13 11:35:10 :: CURRENT STOCK:6
2021-07-13 11:35:10 :: ENTRE 3
2021-07-13 11:35:10 :: ----------UPDATE PRODUCT 340740------------
2021-07-13 11:35:10 :: ALEGRA STOCK:11
2021-07-13 11:35:10 :: CURRENT STOCK:11
2021-07-13 11:35:10 :: ENTRE 3
2021-07-13 11:35:10 :: ----------UPDATE PRODUCT 340741------------
2021-07-13 11:35:10 :: ALEGRA STOCK:0
2021-07-13 11:35:10 :: CURRENT STOCK:0
2021-07-13 11:35:10 :: ENTRE 1
2021-07-13 11:35:10 :: ----------UPDATE PRODUCT 340742------------
2021-07-13 11:35:10 :: ALEGRA STOCK:8
2021-07-13 11:35:10 :: CURRENT STOCK:8
2021-07-13 11:35:10 :: ENTRE 3
2021-07-13 11:35:10 :: ----------UPDATE PRODUCT 340743------------
2021-07-13 11:35:10 :: ALEGRA STOCK:3
2021-07-13 11:35:10 :: CURRENT STOCK:3
2021-07-13 11:35:10 :: ENTRE 3
2021-07-13 11:35:10 :: ----------UPDATE PRODUCT 340773------------
2021-07-13 11:35:10 :: ALEGRA STOCK:1
2021-07-13 11:35:10 :: CURRENT STOCK:1
2021-07-13 11:35:10 :: ENTRE 3
2021-07-13 11:35:10 :: ----------UPDATE PRODUCT 340774------------
2021-07-13 11:35:10 :: ALEGRA STOCK:7
2021-07-13 11:35:10 :: CURRENT STOCK:7
2021-07-13 11:35:10 :: ENTRE 3
2021-07-13 11:35:10 :: ----------UPDATE PRODUCT 340775------------
2021-07-13 11:35:10 :: ALEGRA STOCK:23
2021-07-13 11:35:10 :: CURRENT STOCK:23
2021-07-13 11:35:10 :: ENTRE 3
2021-07-13 11:35:10 :: ----------UPDATE PRODUCT 340776------------
2021-07-13 11:35:10 :: ALEGRA STOCK:40
2021-07-13 11:35:10 :: CURRENT STOCK:40
2021-07-13 11:35:10 :: ENTRE 3
2021-07-13 11:35:10 :: ----------UPDATE PRODUCT 340756------------
2021-07-13 11:35:10 :: ALEGRA STOCK:5
2021-07-13 11:35:10 :: CURRENT STOCK:5
2021-07-13 11:35:10 :: ENTRE 3
2021-07-13 11:35:10 :: ----------UPDATE PRODUCT 340757------------
2021-07-13 11:35:10 :: ALEGRA STOCK:10
2021-07-13 11:35:10 :: CURRENT STOCK:10
2021-07-13 11:35:10 :: ENTRE 3
2021-07-13 11:40:04 :: ----------UPDATE PRODUCT COUNT30 START: 58------------
2021-07-13 11:40:04 :: ----------UPDATE PRODUCT 340757------------
2021-07-13 11:40:04 :: ALEGRA STOCK:10
2021-07-13 11:40:04 :: CURRENT STOCK:10
2021-07-13 11:40:04 :: ENTRE 3
2021-07-13 11:40:04 :: ----------UPDATE PRODUCT 340758------------
2021-07-13 11:40:04 :: ALEGRA STOCK:6
2021-07-13 11:40:04 :: CURRENT STOCK:6
2021-07-13 11:40:04 :: ENTRE 3
2021-07-13 11:40:04 :: ----------UPDATE PRODUCT 340759------------
2021-07-13 11:40:04 :: ALEGRA STOCK:3
2021-07-13 11:40:04 :: CURRENT STOCK:3
2021-07-13 11:40:04 :: ENTRE 3
2021-07-13 11:40:04 :: ----------UPDATE PRODUCT 340760------------
2021-07-13 11:40:04 :: ALEGRA STOCK:1
2021-07-13 11:40:04 :: CURRENT STOCK:1
2021-07-13 11:40:04 :: ENTRE 3
2021-07-13 11:40:04 :: ----------UPDATE PRODUCT 340761------------
2021-07-13 11:40:04 :: ALEGRA STOCK:2
2021-07-13 11:40:04 :: CURRENT STOCK:2
2021-07-13 11:40:04 :: ENTRE 3
2021-07-13 11:40:04 :: ----------UPDATE PRODUCT 340784------------
2021-07-13 11:40:04 :: ALEGRA STOCK:11
2021-07-13 11:40:04 :: CURRENT STOCK:11
2021-07-13 11:40:04 :: ENTRE 3
2021-07-13 11:40:04 :: ----------UPDATE PRODUCT 340785------------
2021-07-13 11:40:04 :: ALEGRA STOCK:13
2021-07-13 11:40:04 :: CURRENT STOCK:13
2021-07-13 11:40:04 :: ENTRE 3
2021-07-13 11:40:04 :: ----------UPDATE PRODUCT 340786------------
2021-07-13 11:40:04 :: ALEGRA STOCK:8
2021-07-13 11:40:04 :: CURRENT STOCK:8
2021-07-13 11:40:04 :: ENTRE 3
2021-07-13 11:40:04 :: ----------UPDATE PRODUCT 340787------------
2021-07-13 11:40:04 :: ALEGRA STOCK:29
2021-07-13 11:40:04 :: CURRENT STOCK:29
2021-07-13 11:40:04 :: ENTRE 3
2021-07-13 11:40:04 :: ----------UPDATE PRODUCT 350514------------
2021-07-13 11:40:04 :: ALEGRA STOCK:1
2021-07-13 11:40:04 :: CURRENT STOCK:1
2021-07-13 11:40:04 :: ENTRE 3
2021-07-13 11:40:04 :: ----------UPDATE PRODUCT 210487------------
2021-07-13 11:40:04 :: ALEGRA STOCK:-2
2021-07-13 11:40:04 :: CURRENT STOCK:-2
2021-07-13 11:40:04 :: ENTRE 1
2021-07-13 11:40:04 :: ----------UPDATE PRODUCT 210488------------
2021-07-13 11:40:04 :: ALEGRA STOCK:-2
2021-07-13 11:40:04 :: CURRENT STOCK:-2
2021-07-13 11:40:04 :: ENTRE 1
2021-07-13 11:40:04 :: ----------UPDATE PRODUCT 210489------------
2021-07-13 11:40:04 :: ALEGRA STOCK:13
2021-07-13 11:40:04 :: CURRENT STOCK:13
2021-07-13 11:40:04 :: ENTRE 3
2021-07-13 11:40:04 :: ----------UPDATE PRODUCT 98202------------
2021-07-13 11:40:04 :: ALEGRA STOCK:0
2021-07-13 11:40:04 :: CURRENT STOCK:0
2021-07-13 11:40:04 :: ENTRE 1
2021-07-13 11:40:04 :: ----------UPDATE PRODUCT 98203------------
2021-07-13 11:40:04 :: ALEGRA STOCK:0
2021-07-13 11:40:04 :: CURRENT STOCK:0
2021-07-13 11:40:04 :: ENTRE 1
2021-07-13 11:40:04 :: ----------UPDATE PRODUCT 98204------------
2021-07-13 11:40:04 :: ALEGRA STOCK:0
2021-07-13 11:40:04 :: CURRENT STOCK:0
2021-07-13 11:40:04 :: ENTRE 1
2021-07-13 11:40:04 :: ----------UPDATE PRODUCT 355953------------
2021-07-13 11:40:04 :: ALEGRA STOCK:0
2021-07-13 11:40:04 :: CURRENT STOCK:0
2021-07-13 11:40:04 :: ENTRE 1
2021-07-13 11:40:04 :: ----------UPDATE PRODUCT 357305------------
2021-07-13 11:40:04 :: ALEGRA STOCK:-1
2021-07-13 11:40:04 :: CURRENT STOCK:-1
2021-07-13 11:40:04 :: ENTRE 1
2021-07-13 11:40:04 :: ----------UPDATE PRODUCT 363920------------
2021-07-13 11:40:04 :: ALEGRA STOCK:46
2021-07-13 11:40:04 :: CURRENT STOCK:46
2021-07-13 11:40:04 :: ENTRE 3
2021-07-13 11:40:04 :: ----------UPDATE PRODUCT 182746------------
2021-07-13 11:40:04 :: ALEGRA STOCK:63
2021-07-13 11:40:04 :: CURRENT STOCK:63
2021-07-13 11:40:04 :: ENTRE 3
2021-07-13 11:40:04 :: ----------UPDATE PRODUCT 248639------------
2021-07-13 11:40:04 :: ALEGRA STOCK:1668
2021-07-13 11:40:04 :: CURRENT STOCK:1666
2021-07-13 11:40:04 :: ENTRE 2
2021-07-13 11:40:05 :: currentOnHoldProduct: 2
2021-07-13 11:40:05 :: DIFERENCIA: 1666
2021-07-13 11:40:05 :: ----------UPDATE PRODUCT 341165------------
2021-07-13 11:40:05 :: ALEGRA STOCK:0
2021-07-13 11:40:05 :: CURRENT STOCK:0
2021-07-13 11:40:05 :: ENTRE 1
2021-07-13 11:40:05 :: ----------UPDATE PRODUCT 341163------------
2021-07-13 11:40:05 :: ALEGRA STOCK:0
2021-07-13 11:40:05 :: CURRENT STOCK:0
2021-07-13 11:40:05 :: ENTRE 1
2021-07-13 11:40:05 :: ----------UPDATE PRODUCT 357384------------
2021-07-13 11:40:05 :: ALEGRA STOCK:82
2021-07-13 11:40:05 :: CURRENT STOCK:82
2021-07-13 11:40:05 :: ENTRE 3
2021-07-13 11:40:05 :: ----------UPDATE PRODUCT 357383------------
2021-07-13 11:40:05 :: ALEGRA STOCK:77
2021-07-13 11:40:05 :: CURRENT STOCK:77
2021-07-13 11:40:05 :: ENTRE 3
2021-07-13 11:40:05 :: ----------UPDATE PRODUCT 357378------------
2021-07-13 11:40:05 :: ALEGRA STOCK:88
2021-07-13 11:40:05 :: CURRENT STOCK:88
2021-07-13 11:40:05 :: ENTRE 3
2021-07-13 11:40:05 :: ----------UPDATE PRODUCT 357377------------
2021-07-13 11:40:05 :: ALEGRA STOCK:89
2021-07-13 11:40:05 :: CURRENT STOCK:89
2021-07-13 11:40:05 :: ENTRE 3
2021-07-13 11:40:05 :: ----------UPDATE PRODUCT 357376------------
2021-07-13 11:40:05 :: ALEGRA STOCK:95
2021-07-13 11:40:05 :: CURRENT STOCK:95
2021-07-13 11:40:05 :: ENTRE 3
2021-07-13 11:40:05 :: ----------UPDATE PRODUCT 357358------------
2021-07-13 11:40:05 :: ALEGRA STOCK:36
2021-07-13 11:40:05 :: CURRENT STOCK:36
2021-07-13 11:40:05 :: ENTRE 3
2021-07-13 11:40:05 :: ----------UPDATE PRODUCT 357359------------
2021-07-13 11:40:05 :: ALEGRA STOCK:4
2021-07-13 11:40:05 :: CURRENT STOCK:4
2021-07-13 11:40:05 :: ENTRE 3
2021-07-13 11:45:02 :: ----------UPDATE PRODUCT COUNT30 START: 87------------
2021-07-13 11:45:02 :: ----------UPDATE PRODUCT 357359------------
2021-07-13 11:45:02 :: ALEGRA STOCK:4
2021-07-13 11:45:02 :: CURRENT STOCK:4
2021-07-13 11:45:02 :: ENTRE 3
2021-07-13 11:45:02 :: ----------UPDATE PRODUCT 357357------------
2021-07-13 11:45:02 :: ALEGRA STOCK:9
2021-07-13 11:45:02 :: CURRENT STOCK:9
2021-07-13 11:45:02 :: ENTRE 3
2021-07-13 11:45:02 :: ----------UPDATE PRODUCT 357367------------
2021-07-13 11:45:02 :: ALEGRA STOCK:0
2021-07-13 11:45:02 :: CURRENT STOCK:0
2021-07-13 11:45:02 :: ENTRE 1
2021-07-13 11:45:02 :: ----------UPDATE PRODUCT 357366------------
2021-07-13 11:45:02 :: ALEGRA STOCK:0
2021-07-13 11:45:02 :: CURRENT STOCK:0
2021-07-13 11:45:02 :: ENTRE 1
2021-07-13 11:45:02 :: ----------UPDATE PRODUCT 357365------------
2021-07-13 11:45:02 :: ALEGRA STOCK:0
2021-07-13 11:45:02 :: CURRENT STOCK:0
2021-07-13 11:45:02 :: ENTRE 1
2021-07-13 11:45:02 :: ----------UPDATE PRODUCT 357372------------
2021-07-13 11:45:02 :: ALEGRA STOCK:0
2021-07-13 11:45:02 :: CURRENT STOCK:0
2021-07-13 11:45:02 :: ENTRE 1
2021-07-13 11:45:02 :: ----------UPDATE PRODUCT 359640------------
2021-07-13 11:45:02 :: ALEGRA STOCK:11
2021-07-13 11:45:02 :: CURRENT STOCK:11
2021-07-13 11:45:02 :: ENTRE 3
2021-07-13 11:45:02 :: ----------UPDATE PRODUCT 341168------------
2021-07-13 11:45:02 :: ALEGRA STOCK:0
2021-07-13 11:45:02 :: CURRENT STOCK:0
2021-07-13 11:45:02 :: ENTRE 1
2021-07-13 11:45:02 :: ----------UPDATE PRODUCT 35792------------
2021-07-13 11:45:02 :: ALEGRA STOCK:0
2021-07-13 11:45:02 :: CURRENT STOCK:0
2021-07-13 11:45:02 :: ENTRE 1
2021-07-13 11:45:02 :: ----------UPDATE PRODUCT 365409------------
2021-07-13 11:45:02 :: ALEGRA STOCK:1465
2021-07-13 11:45:02 :: CURRENT STOCK:1465
2021-07-13 11:45:02 :: ENTRE 3
2021-07-13 11:45:02 :: ----------UPDATE PRODUCT 365410------------
2021-07-13 11:45:02 :: ALEGRA STOCK:1474
2021-07-13 11:45:02 :: CURRENT STOCK:1474
2021-07-13 11:45:02 :: ENTRE 3
2021-07-13 11:45:02 :: ----------UPDATE PRODUCT 365411------------
2021-07-13 11:45:02 :: ALEGRA STOCK:1943
2021-07-13 11:45:02 :: CURRENT STOCK:1943
2021-07-13 11:45:02 :: ENTRE 3
2021-07-13 11:45:02 :: ----------UPDATE PRODUCT 104274------------
2021-07-13 11:45:02 :: ALEGRA STOCK:2
2021-07-13 11:45:02 :: CURRENT STOCK:2
2021-07-13 11:45:02 :: ENTRE 3
2021-07-13 11:45:02 :: ----------UPDATE PRODUCT 310235------------
2021-07-13 11:45:02 :: ALEGRA STOCK:20
2021-07-13 11:45:02 :: CURRENT STOCK:18
2021-07-13 11:45:02 :: ENTRE 2
2021-07-13 11:45:03 :: currentOnHoldProduct: 2
2021-07-13 11:45:03 :: DIFERENCIA: 18
2021-07-13 11:45:03 :: ----------UPDATE PRODUCT 359141------------
2021-07-13 11:45:03 :: ALEGRA STOCK:13
2021-07-13 11:45:03 :: CURRENT STOCK:13
2021-07-13 11:45:03 :: ENTRE 3
2021-07-13 11:45:03 :: ----------UPDATE PRODUCT 310208------------
2021-07-13 11:45:03 :: ALEGRA STOCK:153
2021-07-13 11:45:03 :: CURRENT STOCK:153
2021-07-13 11:45:03 :: ENTRE 3
2021-07-13 11:45:03 :: ----------UPDATE PRODUCT 310163------------
2021-07-13 11:45:03 :: ALEGRA STOCK:274
2021-07-13 11:45:03 :: CURRENT STOCK:274
2021-07-13 11:45:03 :: ENTRE 3
2021-07-13 11:45:03 :: ----------UPDATE PRODUCT 119129------------
2021-07-13 11:45:03 :: ALEGRA STOCK:0
2021-07-13 11:45:03 :: CURRENT STOCK:0
2021-07-13 11:45:03 :: ENTRE 1
2021-07-13 11:45:03 :: ----------UPDATE PRODUCT 119028------------
2021-07-13 11:45:03 :: ALEGRA STOCK:0
2021-07-13 11:45:03 :: CURRENT STOCK:0
2021-07-13 11:45:03 :: ENTRE 1
2021-07-13 11:45:03 :: ----------UPDATE PRODUCT 35120------------
2021-07-13 11:45:03 :: ALEGRA STOCK:0
2021-07-13 11:45:03 :: CURRENT STOCK:0
2021-07-13 11:45:03 :: ENTRE 1
2021-07-13 11:45:03 :: ----------UPDATE PRODUCT 118478------------
2021-07-13 11:45:03 :: ALEGRA STOCK:0
2021-07-13 11:45:03 :: CURRENT STOCK:0
2021-07-13 11:45:03 :: ENTRE 1
2021-07-13 11:45:03 :: ----------UPDATE PRODUCT 35719------------
2021-07-13 11:45:03 :: ALEGRA STOCK:0
2021-07-13 11:45:03 :: CURRENT STOCK:0
2021-07-13 11:45:03 :: ENTRE 1
2021-07-13 11:45:03 :: ----------UPDATE PRODUCT 101277------------
2021-07-13 11:45:03 :: ALEGRA STOCK:0
2021-07-13 11:45:03 :: CURRENT STOCK:0
2021-07-13 11:45:03 :: ENTRE 1
2021-07-13 11:45:03 :: ----------UPDATE PRODUCT 330316------------
2021-07-13 11:45:03 :: ALEGRA STOCK:149
2021-07-13 11:45:03 :: CURRENT STOCK:149
2021-07-13 11:45:03 :: ENTRE 3
2021-07-13 11:45:03 :: ----------UPDATE PRODUCT 346409------------
2021-07-13 11:45:03 :: ALEGRA STOCK:394
2021-07-13 11:45:03 :: CURRENT STOCK:393
2021-07-13 11:45:03 :: ENTRE 2
2021-07-13 11:45:04 :: currentOnHoldProduct: 1
2021-07-13 11:45:04 :: DIFERENCIA: 393
2021-07-13 11:45:04 :: ----------UPDATE PRODUCT 41443------------
2021-07-13 11:45:04 :: ALEGRA STOCK:0
2021-07-13 11:45:04 :: CURRENT STOCK:0
2021-07-13 11:45:04 :: ENTRE 1
2021-07-13 11:45:04 :: ----------UPDATE PRODUCT 216773------------
2021-07-13 11:45:04 :: ALEGRA STOCK:54
2021-07-13 11:45:04 :: CURRENT STOCK:54
2021-07-13 11:45:04 :: ENTRE 3
2021-07-13 11:45:04 :: ----------UPDATE PRODUCT 293107------------
2021-07-13 11:45:04 :: ALEGRA STOCK:921
2021-07-13 11:45:04 :: CURRENT STOCK:918
2021-07-13 11:45:04 :: ENTRE 2
2021-07-13 11:45:05 :: currentOnHoldProduct: 3
2021-07-13 11:45:05 :: DIFERENCIA: 918
2021-07-13 11:45:05 :: ----------UPDATE PRODUCT 96123------------
2021-07-13 11:45:05 :: ALEGRA STOCK:0
2021-07-13 11:45:05 :: CURRENT STOCK:0
2021-07-13 11:45:05 :: ENTRE 1
2021-07-13 11:50:07 :: ----------UPDATE PRODUCT COUNT30 START: 116------------
2021-07-13 11:50:07 :: ----------UPDATE PRODUCT 96123------------
2021-07-13 11:50:07 :: ALEGRA STOCK:0
2021-07-13 11:50:07 :: CURRENT STOCK:0
2021-07-13 11:50:07 :: ENTRE 1
2021-07-13 11:50:07 :: ----------UPDATE PRODUCT 119153------------
2021-07-13 11:50:07 :: ALEGRA STOCK:0
2021-07-13 11:50:07 :: CURRENT STOCK:0
2021-07-13 11:50:07 :: ENTRE 1
2021-07-13 11:50:07 :: ----------UPDATE PRODUCT 216805------------
2021-07-13 11:50:07 :: ALEGRA STOCK:83
2021-07-13 11:50:07 :: CURRENT STOCK:83
2021-07-13 11:50:07 :: ENTRE 3
2021-07-13 11:50:07 :: ----------UPDATE PRODUCT 350934------------
2021-07-13 11:50:07 :: ALEGRA STOCK:203
2021-07-13 11:50:07 :: CURRENT STOCK:203
2021-07-13 11:50:07 :: ENTRE 3
2021-07-13 11:50:07 :: ----------UPDATE PRODUCT 209522------------
2021-07-13 11:50:07 :: ALEGRA STOCK:0
2021-07-13 11:50:07 :: CURRENT STOCK:0
2021-07-13 11:50:07 :: ENTRE 1
2021-07-13 11:50:07 :: ----------UPDATE PRODUCT 342222------------
2021-07-13 11:50:07 :: ALEGRA STOCK:1132
2021-07-13 11:50:07 :: CURRENT STOCK:1132
2021-07-13 11:50:07 :: ENTRE 3
2021-07-13 11:50:07 :: ----------UPDATE PRODUCT 210533------------
2021-07-13 11:50:07 :: ALEGRA STOCK:1
2021-07-13 11:50:07 :: CURRENT STOCK:0
2021-07-13 11:50:07 :: ENTRE 2
2021-07-13 11:50:08 :: currentOnHoldProduct: 1
2021-07-13 11:50:08 :: updateProductStock(210533): zero 
2021-07-13 11:50:08 :: DIFERENCIA: 0
2021-07-13 11:50:08 :: ----------UPDATE PRODUCT 217332------------
2021-07-13 11:50:08 :: ALEGRA STOCK:0
2021-07-13 11:50:08 :: CURRENT STOCK:0
2021-07-13 11:50:08 :: ENTRE 1
2021-07-13 11:50:08 :: ----------UPDATE PRODUCT 209508------------
2021-07-13 11:50:08 :: ALEGRA STOCK:112
2021-07-13 11:50:08 :: CURRENT STOCK:112
2021-07-13 11:50:08 :: ENTRE 3
2021-07-13 11:50:08 :: ----------UPDATE PRODUCT 342243------------
2021-07-13 11:50:08 :: ALEGRA STOCK:586
2021-07-13 11:50:08 :: CURRENT STOCK:584
2021-07-13 11:50:08 :: ENTRE 2
2021-07-13 11:50:09 :: currentOnHoldProduct: 2
2021-07-13 11:50:09 :: DIFERENCIA: 584
2021-07-13 11:50:09 :: ----------UPDATE PRODUCT 210195------------
2021-07-13 11:50:09 :: ALEGRA STOCK:175
2021-07-13 11:50:09 :: CURRENT STOCK:175
2021-07-13 11:50:09 :: ENTRE 3
2021-07-13 11:50:09 :: ----------UPDATE PRODUCT 128623------------
2021-07-13 11:50:09 :: ALEGRA STOCK:0
2021-07-13 11:50:09 :: CURRENT STOCK:0
2021-07-13 11:50:09 :: ENTRE 1
2021-07-13 11:50:09 :: ----------UPDATE PRODUCT 223443------------
2021-07-13 11:50:09 :: ALEGRA STOCK:690
2021-07-13 11:50:09 :: CURRENT STOCK:690
2021-07-13 11:50:09 :: ENTRE 3
2021-07-13 11:50:09 :: ----------UPDATE PRODUCT 310606------------
2021-07-13 11:50:09 :: ALEGRA STOCK:50
2021-07-13 11:50:09 :: CURRENT STOCK:50
2021-07-13 11:50:09 :: ENTRE 3
2021-07-13 11:50:09 :: ----------UPDATE PRODUCT 139682------------
2021-07-13 11:50:09 :: ALEGRA STOCK:0
2021-07-13 11:50:09 :: CURRENT STOCK:0
2021-07-13 11:50:09 :: ENTRE 1
2021-07-13 11:50:09 :: ----------UPDATE PRODUCT 100740------------
2021-07-13 11:50:09 :: ALEGRA STOCK:0
2021-07-13 11:50:09 :: CURRENT STOCK:0
2021-07-13 11:50:09 :: ENTRE 1
2021-07-13 11:50:09 :: ----------UPDATE PRODUCT 195751------------
2021-07-13 11:50:09 :: ALEGRA STOCK:0
2021-07-13 11:50:09 :: CURRENT STOCK:0
2021-07-13 11:50:09 :: ENTRE 1
2021-07-13 11:50:09 :: ----------UPDATE PRODUCT 104152------------
2021-07-13 11:50:09 :: ALEGRA STOCK:0
2021-07-13 11:50:09 :: CURRENT STOCK:0
2021-07-13 11:50:09 :: ENTRE 1
2021-07-13 11:50:09 :: ----------UPDATE PRODUCT 346413------------
2021-07-13 11:50:09 :: ALEGRA STOCK:176
2021-07-13 11:50:09 :: CURRENT STOCK:176
2021-07-13 11:50:09 :: ENTRE 3
2021-07-13 11:50:09 :: ----------UPDATE PRODUCT 310238------------
2021-07-13 11:50:09 :: ALEGRA STOCK:37
2021-07-13 11:50:09 :: CURRENT STOCK:36
2021-07-13 11:50:09 :: ENTRE 2
2021-07-13 11:50:10 :: currentOnHoldProduct: 1
2021-07-13 11:50:10 :: DIFERENCIA: 36
2021-07-13 11:50:10 :: ----------UPDATE PRODUCT 209500------------
2021-07-13 11:50:10 :: ALEGRA STOCK:0
2021-07-13 11:50:10 :: CURRENT STOCK:0
2021-07-13 11:50:10 :: ENTRE 1
2021-07-13 11:50:10 :: ----------UPDATE PRODUCT 309948------------
2021-07-13 11:50:10 :: ALEGRA STOCK:2
2021-07-13 11:50:10 :: CURRENT STOCK:0
2021-07-13 11:50:10 :: ENTRE 2
2021-07-13 11:50:10 :: currentOnHoldProduct: 2
2021-07-13 11:50:10 :: updateProductStock(309948): zero 
2021-07-13 11:50:10 :: DIFERENCIA: 0
2021-07-13 11:50:10 :: ----------UPDATE PRODUCT 346422------------
2021-07-13 11:50:10 :: ALEGRA STOCK:160
2021-07-13 11:50:10 :: CURRENT STOCK:160
2021-07-13 11:50:10 :: ENTRE 3
2021-07-13 11:50:10 :: ----------UPDATE PRODUCT 330315------------
2021-07-13 11:50:10 :: ALEGRA STOCK:163
2021-07-13 11:50:10 :: CURRENT STOCK:163
2021-07-13 11:50:10 :: ENTRE 3
2021-07-13 11:50:10 :: ----------UPDATE PRODUCT 104129------------
2021-07-13 11:50:10 :: ALEGRA STOCK:0
2021-07-13 11:50:10 :: CURRENT STOCK:0
2021-07-13 11:50:10 :: ENTRE 1
2021-07-13 11:50:10 :: ----------UPDATE PRODUCT 209518------------
2021-07-13 11:50:10 :: ALEGRA STOCK:0
2021-07-13 11:50:10 :: CURRENT STOCK:0
2021-07-13 11:50:10 :: ENTRE 1
2021-07-13 11:50:10 :: ----------UPDATE PRODUCT 342256------------
2021-07-13 11:50:10 :: ALEGRA STOCK:850
2021-07-13 11:50:10 :: CURRENT STOCK:850
2021-07-13 11:50:10 :: ENTRE 3
2021-07-13 11:50:10 :: ----------UPDATE PRODUCT 341841------------
2021-07-13 11:50:10 :: ALEGRA STOCK:0
2021-07-13 11:50:10 :: CURRENT STOCK:0
2021-07-13 11:50:10 :: ENTRE 1
2021-07-13 11:50:10 :: ----------UPDATE PRODUCT 336635------------
2021-07-13 11:50:10 :: ALEGRA STOCK:16
2021-07-13 11:50:10 :: CURRENT STOCK:16
2021-07-13 11:50:10 :: ENTRE 3
2021-07-13 11:55:07 :: ----------UPDATE PRODUCT COUNT30 START: 145------------
2021-07-13 11:55:07 :: ----------UPDATE PRODUCT 336635------------
2021-07-13 11:55:07 :: ALEGRA STOCK:16
2021-07-13 11:55:07 :: CURRENT STOCK:16
2021-07-13 11:55:07 :: ENTRE 3
2021-07-13 11:55:07 :: ----------UPDATE PRODUCT 336636------------
2021-07-13 11:55:07 :: ALEGRA STOCK:0
2021-07-13 11:55:07 :: CURRENT STOCK:0
2021-07-13 11:55:07 :: ENTRE 1
2021-07-13 11:55:07 :: ----------UPDATE PRODUCT 336634------------
2021-07-13 11:55:07 :: ALEGRA STOCK:13
2021-07-13 11:55:07 :: CURRENT STOCK:13
2021-07-13 11:55:07 :: ENTRE 3
2021-07-13 11:55:07 :: ----------UPDATE PRODUCT 340121------------
2021-07-13 11:55:07 :: ALEGRA STOCK:0
2021-07-13 11:55:07 :: CURRENT STOCK:0
2021-07-13 11:55:07 :: ENTRE 1
2021-07-13 11:55:07 :: ----------UPDATE PRODUCT 349310------------
2021-07-13 11:55:07 :: ALEGRA STOCK:3
2021-07-13 11:55:07 :: CURRENT STOCK:3
2021-07-13 11:55:07 :: ENTRE 3
2021-07-13 11:55:07 :: ----------UPDATE PRODUCT 349311------------
2021-07-13 11:55:07 :: ALEGRA STOCK:7
2021-07-13 11:55:07 :: CURRENT STOCK:7
2021-07-13 11:55:07 :: ENTRE 3
2021-07-13 11:55:07 :: ----------UPDATE PRODUCT 212189------------
2021-07-13 11:55:07 :: ALEGRA STOCK:95
2021-07-13 11:55:07 :: CURRENT STOCK:94
2021-07-13 11:55:07 :: ENTRE 2
2021-07-13 11:55:07 :: currentOnHoldProduct: 1
2021-07-13 11:55:07 :: DIFERENCIA: 94
2021-07-13 11:55:07 :: ----------UPDATE PRODUCT 173081------------
2021-07-13 11:55:07 :: ALEGRA STOCK:0
2021-07-13 11:55:07 :: CURRENT STOCK:0
2021-07-13 11:55:07 :: ENTRE 1
2021-07-13 11:55:07 :: ----------UPDATE PRODUCT 359626------------
2021-07-13 11:55:07 :: ALEGRA STOCK:0
2021-07-13 11:55:07 :: CURRENT STOCK:0
2021-07-13 11:55:07 :: ENTRE 1
2021-07-13 11:55:07 :: ----------UPDATE PRODUCT 50522------------
2021-07-13 11:55:07 :: ALEGRA STOCK:3009
2021-07-13 11:55:07 :: CURRENT STOCK:3009
2021-07-13 11:55:07 :: ENTRE 3
2021-07-13 11:55:07 :: ----------UPDATE PRODUCT 343488------------
2021-07-13 11:55:07 :: ALEGRA STOCK:1
2021-07-13 11:55:07 :: CURRENT STOCK:0
2021-07-13 11:55:07 :: ENTRE 2
2021-07-13 11:55:08 :: currentOnHoldProduct: 1
2021-07-13 11:55:08 :: updateProductStock(343488): zero 
2021-07-13 11:55:08 :: DIFERENCIA: 0
2021-07-13 11:55:08 :: ----------UPDATE PRODUCT 101266------------
2021-07-13 11:55:08 :: ALEGRA STOCK:4184
2021-07-13 11:55:08 :: CURRENT STOCK:4184
2021-07-13 11:55:08 :: ENTRE 3
2021-07-13 11:55:08 :: ----------UPDATE PRODUCT 349506------------
2021-07-13 11:55:08 :: ALEGRA STOCK:0
2021-07-13 11:55:08 :: CURRENT STOCK:0
2021-07-13 11:55:08 :: ENTRE 1
2021-07-13 11:55:08 :: ----------UPDATE PRODUCT 350950------------
2021-07-13 11:55:08 :: ALEGRA STOCK:0
2021-07-13 11:55:08 :: CURRENT STOCK:0
2021-07-13 11:55:08 :: ENTRE 1
2021-07-13 11:55:08 :: ----------UPDATE PRODUCT 358079------------
2021-07-13 11:55:08 :: ALEGRA STOCK:0
2021-07-13 11:55:08 :: CURRENT STOCK:0
2021-07-13 11:55:08 :: ENTRE 1
2021-07-13 11:55:08 :: ----------UPDATE PRODUCT 220348------------
2021-07-13 11:55:08 :: ALEGRA STOCK:0
2021-07-13 11:55:08 :: CURRENT STOCK:0
2021-07-13 11:55:08 :: ENTRE 1
2021-07-13 11:55:08 :: ----------UPDATE PRODUCT 220349------------
2021-07-13 11:55:08 :: ALEGRA STOCK:0
2021-07-13 11:55:08 :: CURRENT STOCK:0
2021-07-13 11:55:08 :: ENTRE 1
2021-07-13 11:55:08 :: ----------UPDATE PRODUCT 213921------------
2021-07-13 11:55:08 :: ALEGRA STOCK:0
2021-07-13 11:55:08 :: CURRENT STOCK:0
2021-07-13 11:55:08 :: ENTRE 1
2021-07-13 11:55:08 :: ----------UPDATE PRODUCT 358086------------
2021-07-13 11:55:08 :: ALEGRA STOCK:0
2021-07-13 11:55:08 :: CURRENT STOCK:0
2021-07-13 11:55:08 :: ENTRE 1
2021-07-13 11:55:08 :: ----------UPDATE PRODUCT 190062------------
2021-07-13 11:55:08 :: ALEGRA STOCK:0
2021-07-13 11:55:08 :: CURRENT STOCK:192
2021-07-13 11:55:08 :: ENTRE 1
2021-07-13 11:55:08 :: ----------UPDATE PRODUCT 224167------------
2021-07-13 11:55:08 :: ALEGRA STOCK:0
2021-07-13 11:55:08 :: CURRENT STOCK:0
2021-07-13 11:55:08 :: ENTRE 1
2021-07-13 11:55:08 :: ----------UPDATE PRODUCT 220350------------
2021-07-13 11:55:08 :: ALEGRA STOCK:0
2021-07-13 11:55:08 :: CURRENT STOCK:0
2021-07-13 11:55:08 :: ENTRE 1
2021-07-13 11:55:08 :: ----------UPDATE PRODUCT 358089------------
2021-07-13 11:55:08 :: ALEGRA STOCK:0
2021-07-13 11:55:08 :: CURRENT STOCK:0
2021-07-13 11:55:08 :: ENTRE 1
2021-07-13 11:55:08 :: ----------UPDATE PRODUCT 226933------------
2021-07-13 11:55:08 :: ALEGRA STOCK:0
2021-07-13 11:55:08 :: CURRENT STOCK:0
2021-07-13 11:55:08 :: ENTRE 1
2021-07-13 11:55:08 :: ----------UPDATE PRODUCT 224158------------
2021-07-13 11:55:08 :: ALEGRA STOCK:0
2021-07-13 11:55:08 :: CURRENT STOCK:0
2021-07-13 11:55:08 :: ENTRE 1
2021-07-13 11:55:08 :: ----------UPDATE PRODUCT 226929------------
2021-07-13 11:55:08 :: ALEGRA STOCK:0
2021-07-13 11:55:08 :: CURRENT STOCK:0
2021-07-13 11:55:08 :: ENTRE 1
2021-07-13 11:55:08 :: ----------UPDATE PRODUCT 226938------------
2021-07-13 11:55:08 :: ALEGRA STOCK:0
2021-07-13 11:55:08 :: CURRENT STOCK:0
2021-07-13 11:55:08 :: ENTRE 1
2021-07-13 11:55:08 :: ----------UPDATE PRODUCT 213925------------
2021-07-13 11:55:08 :: ALEGRA STOCK:0
2021-07-13 11:55:08 :: CURRENT STOCK:0
2021-07-13 11:55:08 :: ENTRE 1
2021-07-13 11:55:08 :: ----------UPDATE PRODUCT 224159------------
2021-07-13 11:55:08 :: ALEGRA STOCK:0
2021-07-13 11:55:08 :: CURRENT STOCK:0
2021-07-13 11:55:08 :: ENTRE 1
2021-07-13 10:45:13 :: ----------UPDATE PRODUCT COUNT30 START: 696------------
2021-07-13 10:45:13 :: ----------UPDATE PRODUCT 351024------------
2021-07-13 10:45:13 :: ALEGRA STOCK:18
2021-07-13 10:45:13 :: CURRENT STOCK:18
2021-07-13 10:45:13 :: ENTRE 3
2021-07-13 10:45:14 :: ----------UPDATE PRODUCT 357339------------
2021-07-13 10:45:14 :: ALEGRA STOCK:50
2021-07-13 10:45:14 :: CURRENT STOCK:50
2021-07-13 10:45:14 :: ENTRE 3
2021-07-13 10:45:14 :: ----------UPDATE PRODUCT 357327------------
2021-07-13 10:45:14 :: ALEGRA STOCK:54
2021-07-13 10:45:14 :: CURRENT STOCK:54
2021-07-13 10:45:14 :: ENTRE 3
2021-07-13 10:45:14 :: ----------UPDATE PRODUCT 355942------------
2021-07-13 10:45:14 :: ALEGRA STOCK:40
2021-07-13 10:45:14 :: CURRENT STOCK:40
2021-07-13 10:45:14 :: ENTRE 3
2021-07-13 10:45:14 :: ----------UPDATE PRODUCT 355936------------
2021-07-13 10:45:14 :: ALEGRA STOCK:36
2021-07-13 10:45:14 :: CURRENT STOCK:36
2021-07-13 10:45:14 :: ENTRE 3
2021-07-13 10:45:14 :: ----------UPDATE PRODUCT 346306------------
2021-07-13 10:45:14 :: ALEGRA STOCK:162
2021-07-13 10:45:14 :: CURRENT STOCK:160
2021-07-13 10:45:14 :: ENTRE 2
2021-07-13 10:45:14 :: currentOnHoldProduct: 2
2021-07-13 10:45:14 :: DIFERENCIA: 160
2021-07-13 10:45:14 :: ----------UPDATE PRODUCT 191367------------
2021-07-13 10:45:14 :: ALEGRA STOCK:0
2021-07-13 10:45:14 :: CURRENT STOCK:0
2021-07-13 10:45:14 :: ENTRE 1
2021-07-13 10:45:14 :: ----------UPDATE PRODUCT 189561------------
2021-07-13 10:45:14 :: ALEGRA STOCK:0
2021-07-13 10:45:14 :: CURRENT STOCK:0
2021-07-13 10:45:14 :: ENTRE 1
2021-07-13 10:45:14 :: ----------UPDATE PRODUCT 191363------------
2021-07-13 10:45:14 :: ALEGRA STOCK:0
2021-07-13 10:45:14 :: CURRENT STOCK:0
2021-07-13 10:45:14 :: ENTRE 1
2021-07-13 10:45:14 :: ----------UPDATE PRODUCT 359661------------
2021-07-13 10:45:14 :: ALEGRA STOCK:0
2021-07-13 10:45:14 :: CURRENT STOCK:0
2021-07-13 10:45:14 :: ENTRE 1
2021-07-13 10:45:14 :: ----------UPDATE PRODUCT 357347------------
2021-07-13 10:45:14 :: ALEGRA STOCK:0
2021-07-13 10:45:14 :: CURRENT STOCK:0
2021-07-13 10:45:14 :: ENTRE 1
2021-07-13 10:45:14 :: ----------UPDATE PRODUCT 357351------------
2021-07-13 10:45:14 :: ALEGRA STOCK:0
2021-07-13 10:45:14 :: CURRENT STOCK:0
2021-07-13 10:45:14 :: ENTRE 1
2021-07-13 10:45:14 :: ----------UPDATE PRODUCT 357349------------
2021-07-13 10:45:14 :: ALEGRA STOCK:1
2021-07-13 10:45:14 :: CURRENT STOCK:1
2021-07-13 10:45:14 :: ENTRE 3
2021-07-13 10:45:14 :: ----------UPDATE PRODUCT 191373------------
2021-07-13 10:45:14 :: ALEGRA STOCK:0
2021-07-13 10:45:14 :: CURRENT STOCK:0
2021-07-13 10:45:14 :: ENTRE 1
2021-07-13 10:45:14 :: ----------UPDATE PRODUCT 359645------------
2021-07-13 10:45:14 :: ALEGRA STOCK:19
2021-07-13 10:45:14 :: CURRENT STOCK:19
2021-07-13 10:45:14 :: ENTRE 3
2021-07-13 10:45:14 :: ----------UPDATE PRODUCT 340132------------
2021-07-13 10:45:14 :: ALEGRA STOCK:49
2021-07-13 10:45:14 :: CURRENT STOCK:49
2021-07-13 10:45:14 :: ENTRE 3
2021-07-13 10:45:14 :: ----------UPDATE PRODUCT 340145------------
2021-07-13 10:45:14 :: ALEGRA STOCK:0
2021-07-13 10:45:14 :: CURRENT STOCK:0
2021-07-13 10:45:14 :: ENTRE 1
2021-07-13 10:45:14 :: ----------UPDATE PRODUCT 355933------------
2021-07-13 10:45:14 :: ALEGRA STOCK:28
2021-07-13 10:45:14 :: CURRENT STOCK:28
2021-07-13 10:45:14 :: ENTRE 3
2021-07-13 10:45:14 :: ----------UPDATE PRODUCT 341483------------
2021-07-13 10:45:14 :: ALEGRA STOCK:0
2021-07-13 10:45:14 :: CURRENT STOCK:0
2021-07-13 10:45:14 :: ENTRE 1
2021-07-13 10:45:14 :: ----------UPDATE PRODUCT 341484------------
2021-07-13 10:45:14 :: ALEGRA STOCK:0
2021-07-13 10:45:14 :: CURRENT STOCK:0
2021-07-13 10:45:14 :: ENTRE 1
2021-07-13 10:45:14 :: ----------UPDATE PRODUCT 341485------------
2021-07-13 10:45:14 :: ALEGRA STOCK:0
2021-07-13 10:45:14 :: CURRENT STOCK:0
2021-07-13 10:45:14 :: ENTRE 1
2021-07-13 10:45:14 :: ----------UPDATE PRODUCT 341486------------
2021-07-13 10:45:14 :: ALEGRA STOCK:-1
2021-07-13 10:45:14 :: CURRENT STOCK:-1
2021-07-13 10:45:14 :: ENTRE 1
2021-07-13 10:45:14 :: ----------UPDATE PRODUCT 331126------------
2021-07-13 10:45:14 :: ALEGRA STOCK:15
2021-07-13 10:45:14 :: CURRENT STOCK:15
2021-07-13 10:45:14 :: ENTRE 3
2021-07-13 10:45:14 :: ----------UPDATE PRODUCT 329016------------
2021-07-13 10:45:14 :: ALEGRA STOCK:0
2021-07-13 10:45:14 :: CURRENT STOCK:0
2021-07-13 10:45:14 :: ENTRE 1
2021-07-13 10:45:15 :: ----------UPDATE PRODUCT 359671------------
2021-07-13 10:45:15 :: ALEGRA STOCK:1
2021-07-13 10:45:15 :: CURRENT STOCK:1
2021-07-13 10:45:15 :: ENTRE 3
2021-07-13 10:45:15 :: ----------UPDATE PRODUCT 337324------------
2021-07-13 10:45:15 :: ALEGRA STOCK:0
2021-07-13 10:45:15 :: CURRENT STOCK:0
2021-07-13 10:45:15 :: ENTRE 1
2021-07-13 10:45:15 :: ----------UPDATE PRODUCT 357326------------
2021-07-13 10:45:15 :: ALEGRA STOCK:33
2021-07-13 10:45:15 :: CURRENT STOCK:32
2021-07-13 10:45:15 :: ENTRE 2
2021-07-13 10:45:15 :: currentOnHoldProduct: 1
2021-07-13 10:45:15 :: DIFERENCIA: 32
2021-07-13 10:45:15 :: ----------UPDATE PRODUCT 359665------------
2021-07-13 10:45:15 :: ALEGRA STOCK:0
2021-07-13 10:45:15 :: CURRENT STOCK:0
2021-07-13 10:45:15 :: ENTRE 1
2021-07-13 10:45:15 :: ----------UPDATE PRODUCT 357311------------
2021-07-13 10:45:15 :: ALEGRA STOCK:40
2021-07-13 10:45:15 :: CURRENT STOCK:40
2021-07-13 10:45:15 :: ENTRE 3
2021-07-13 10:45:15 :: ----------UPDATE PRODUCT 247907------------
2021-07-13 10:45:15 :: ALEGRA STOCK:0
2021-07-13 10:45:15 :: CURRENT STOCK:0
2021-07-13 10:45:15 :: ENTRE 1