
2021-09-22 01:13:05 :: ----------send data payment:37900------------
2021-09-22 01:13:05 :: {"date":"2021-09-22","invoices":[{"amount":"101997","id":"37900"}],"bankAccount":2}
2021-09-22 01:13:06 :: ----------result data payment:37900------------
2021-09-22 01:13:06 :: {"id":"39425","date":"2021-09-22","number":"37696","amount":"101997.0000000000","observations":null,"anotation":null,"type":"in","paymentMethod":"","status":"open","bankAccount":{"id":"2","name":"PAYU","type":"bank"},"client":{"id":"24787","name":"Juliana Calder\u00f3n","phone":"3135172567"},"invoices":[{"id":"37900","number":"40161","date":"2021-09-22","amount":101997,"total":101997,"balance":0}],"costCenter":null,"numberTemplate":{"id":"3","prefix":"","number":"37696","fullNumber":"37696","formattedNumber":"37696"}}
2021-09-22 01:31:07 :: ----------send data payment:37901------------
2021-09-22 01:31:07 :: {"date":"2021-09-22","invoices":[{"amount":"99999","id":"37901"}],"bankAccount":2}
2021-09-22 01:31:08 :: ----------result data payment:37901------------
2021-09-22 01:31:08 :: {"id":"39426","date":"2021-09-22","number":"37697","amount":"99999.0000000000","observations":null,"anotation":null,"type":"in","paymentMethod":"","status":"open","bankAccount":{"id":"2","name":"PAYU","type":"bank"},"client":{"id":"1328","name":"Mar\u00eda Juliana Padilla Amor","phone":"3177224184"},"invoices":[{"id":"37901","number":"40162","date":"2021-09-22","amount":99999,"total":99999,"balance":0}],"costCenter":null,"numberTemplate":{"id":"3","prefix":"","number":"37697","fullNumber":"37697","formattedNumber":"37697"}}
2021-09-22 03:20:05 :: ----------send data payment:37902------------
2021-09-22 03:20:05 :: {"date":"2021-09-22","invoices":[{"amount":"80000","id":"37902"}],"bankAccount":2}
2021-09-22 03:20:06 :: ----------result data payment:37902------------
2021-09-22 03:20:06 :: {"id":"39427","date":"2021-09-22","number":"37698","amount":"80000.0000000000","observations":null,"anotation":null,"type":"in","paymentMethod":"","status":"open","bankAccount":{"id":"2","name":"PAYU","type":"bank"},"client":{"id":"29445","name":"Mar\u00eda Alejandra","phone":"3105864977"},"invoices":[{"id":"37902","number":"40163","date":"2021-09-22","amount":80000,"total":80000,"balance":0}],"costCenter":null,"numberTemplate":{"id":"3","prefix":"","number":"37698","fullNumber":"37698","formattedNumber":"37698"}}
2021-09-22 08:06:10 :: ----------send data payment:37903------------
2021-09-22 08:06:10 :: {"date":"2021-09-22","invoices":[{"amount":"114000","id":"37903"}],"bankAccount":2}
2021-09-22 08:06:12 :: ----------result data payment:37903------------
2021-09-22 08:06:12 :: {"id":"39428","date":"2021-09-22","number":"37699","amount":"114000.0000000000","observations":null,"anotation":null,"type":"in","paymentMethod":"","status":"open","bankAccount":{"id":"2","name":"PAYU","type":"bank"},"client":{"id":"29446","name":"Alejandra Rojas","phone":"3007283435"},"invoices":[{"id":"37903","number":"40164","date":"2021-09-22","amount":114000,"total":114000,"balance":0}],"costCenter":null,"numberTemplate":{"id":"3","prefix":"","number":"37699","fullNumber":"37699","formattedNumber":"37699"}}
2021-09-22 08:33:06 :: ----------send data payment:37904------------
2021-09-22 08:33:06 :: {"date":"2021-09-22","invoices":[{"amount":"55000","id":"37904"}],"bankAccount":2}
2021-09-22 08:33:09 :: ----------result data payment:37904------------
2021-09-22 08:33:09 :: {"id":"39429","date":"2021-09-22","number":"37700","amount":"55000.0000000000","observations":null,"anotation":null,"type":"in","paymentMethod":"","status":"open","bankAccount":{"id":"2","name":"PAYU","type":"bank"},"client":{"id":"29447","name":"M\u00f3nica Mesa","phone":"3158952867"},"invoices":[{"id":"37904","number":"40165","date":"2021-09-22","amount":55000,"total":55000,"balance":0}],"costCenter":null,"numberTemplate":{"id":"3","prefix":"","number":"37700","fullNumber":"37700","formattedNumber":"37700"}}
2021-09-22 09:09:13 :: ----------send data payment:37905------------
2021-09-22 09:09:13 :: {"date":"2021-09-22","invoices":[{"amount":"193899","id":"37905"}],"bankAccount":2}
2021-09-22 09:09:15 :: ----------result data payment:37905------------
2021-09-22 09:09:15 :: {"id":"39430","date":"2021-09-22","number":"37701","amount":"193899.0000000000","observations":null,"anotation":null,"type":"in","paymentMethod":"","status":"open","bankAccount":{"id":"2","name":"PAYU","type":"bank"},"client":{"id":"3277","name":"Elizabeth Ospina Ardila","phone":"3008499114"},"invoices":[{"id":"37905","number":"40166","date":"2021-09-22","amount":193899,"total":193899,"balance":0}],"costCenter":null,"numberTemplate":{"id":"3","prefix":"","number":"37701","fullNumber":"37701","formattedNumber":"37701"}}
2021-09-22 10:03:06 :: ----------send data payment:37906------------
2021-09-22 10:03:06 :: {"date":"2021-09-22","invoices":[{"amount":"66000","id":"37906"}],"bankAccount":2}
2021-09-22 10:03:08 :: ----------result data payment:37906------------
2021-09-22 10:03:08 :: {"id":"39431","date":"2021-09-22","number":"37702","amount":"66000.0000000000","observations":null,"anotation":null,"type":"in","paymentMethod":"","status":"open","bankAccount":{"id":"2","name":"PAYU","type":"bank"},"client":{"id":"29448","name":"Catalina Franco","phone":"3006602955"},"invoices":[{"id":"37906","number":"40167","date":"2021-09-22","amount":66000,"total":66000,"balance":0}],"costCenter":null,"numberTemplate":{"id":"3","prefix":"","number":"37702","fullNumber":"37702","formattedNumber":"37702"}}
2021-09-22 10:24:05 :: ----------send data payment:37907------------
2021-09-22 10:24:05 :: {"date":"2021-09-22","invoices":[{"amount":"70000","id":"37907"}],"bankAccount":2}
2021-09-22 10:24:08 :: ----------result data payment:37907------------
2021-09-22 10:24:08 :: {"id":"39432","date":"2021-09-22","number":"37703","amount":"70000.0000000000","observations":null,"anotation":null,"type":"in","paymentMethod":"","status":"open","bankAccount":{"id":"2","name":"PAYU","type":"bank"},"client":{"id":"13727","name":"Ivonne Cruz","phone":"3022513029"},"invoices":[{"id":"37907","number":"40168","date":"2021-09-22","amount":70000,"total":70000,"balance":0}],"costCenter":null,"numberTemplate":{"id":"3","prefix":"","number":"37703","fullNumber":"37703","formattedNumber":"37703"}}
2021-09-22 10:44:03 :: ----------send data payment:37908------------
2021-09-22 10:44:03 :: {"date":"2021-09-22","invoices":[{"amount":"70000","id":"37908"}],"bankAccount":2}
2021-09-22 10:44:05 :: ----------result data payment:37908------------
2021-09-22 10:44:05 :: {"id":"39433","date":"2021-09-22","number":"37704","amount":"70000.0000000000","observations":null,"anotation":null,"type":"in","paymentMethod":"","status":"open","bankAccount":{"id":"2","name":"PAYU","type":"bank"},"client":{"id":"17980","name":"Sara Tobos","phone":"3203590387"},"invoices":[{"id":"37908","number":"40169","date":"2021-09-22","amount":70000,"total":70000,"balance":0}],"costCenter":null,"numberTemplate":{"id":"3","prefix":"","number":"37704","fullNumber":"37704","formattedNumber":"37704"}}
2021-09-22 10:58:03 :: ----------send data payment:37910------------
2021-09-22 10:58:03 :: {"date":"2021-09-22","invoices":[{"amount":"106000","id":"37910"}],"bankAccount":2}
2021-09-22 10:58:05 :: ----------result data payment:37910------------
2021-09-22 10:58:05 :: {"id":"39434","date":"2021-09-22","number":"37705","amount":"106000.0000000000","observations":null,"anotation":null,"type":"in","paymentMethod":"","status":"open","bankAccount":{"id":"2","name":"PAYU","type":"bank"},"client":{"id":"27774","name":"Ang\u00e9lica Johana P\u00e9rez","phone":"3208476471"},"invoices":[{"id":"37910","number":"40171","date":"2021-09-22","amount":106000,"total":106000,"balance":0}],"costCenter":null,"numberTemplate":{"id":"3","prefix":"","number":"37705","fullNumber":"37705","formattedNumber":"37705"}}
2021-09-22 11:15:08 :: ----------send data payment:37911------------
2021-09-22 11:15:08 :: {"date":"2021-09-22","invoices":[{"amount":"116000","id":"37911"}],"bankAccount":2}
2021-09-22 11:15:10 :: ----------result data payment:37911------------
2021-09-22 11:15:10 :: {"id":"39435","date":"2021-09-22","number":"37706","amount":"116000.0000000000","observations":null,"anotation":null,"type":"in","paymentMethod":"","status":"open","bankAccount":{"id":"2","name":"PAYU","type":"bank"},"client":{"id":"29449","name":"Mary Zapata Restrepo","phone":"3235207819"},"invoices":[{"id":"37911","number":"40172","date":"2021-09-22","amount":116000,"total":116000,"balance":0}],"costCenter":null,"numberTemplate":{"id":"3","prefix":"","number":"37706","fullNumber":"37706","formattedNumber":"37706"}}
2021-09-22 11:21:16 :: ----------send data payment:37912------------
2021-09-22 11:21:16 :: {"date":"2021-09-22","invoices":[{"amount":"150999","id":"37912"}],"bankAccount":2}
2021-09-22 11:21:18 :: ----------result data payment:37912------------
2021-09-22 11:21:18 :: {"id":"39436","date":"2021-09-22","number":"37707","amount":"150999.0000000000","observations":null,"anotation":null,"type":"in","paymentMethod":"","status":"open","bankAccount":{"id":"2","name":"PAYU","type":"bank"},"client":{"id":"15923","name":"Yully Quitian Pe\u00f1a","phone":"3017375831"},"invoices":[{"id":"37912","number":"40173","date":"2021-09-22","amount":150999,"total":150999,"balance":0}],"costCenter":null,"numberTemplate":{"id":"3","prefix":"","number":"37707","fullNumber":"37707","formattedNumber":"37707"}}
2021-09-22 11:32:06 :: ----------send data payment:37913------------
2021-09-22 11:32:06 :: {"date":"2021-09-22","invoices":[{"amount":"70000","id":"37913"}],"bankAccount":2}
2021-09-22 11:32:09 :: ----------result data payment:37913------------
2021-09-22 11:32:09 :: {"id":"39437","date":"2021-09-22","number":"37708","amount":"70000.0000000000","observations":null,"anotation":null,"type":"in","paymentMethod":"","status":"open","bankAccount":{"id":"2","name":"PAYU","type":"bank"},"client":{"id":"29450","name":"Isabella Pastas","phone":"3209017893"},"invoices":[{"id":"37913","number":"40174","date":"2021-09-22","amount":70000,"total":70000,"balance":0}],"costCenter":null,"numberTemplate":{"id":"3","prefix":"","number":"37708","fullNumber":"37708","formattedNumber":"37708"}}
2021-09-22 11:38:06 :: ----------send data payment:37914------------
2021-09-22 11:38:06 :: {"date":"2021-09-22","invoices":[{"amount":"148900","id":"37914"}],"bankAccount":2}
2021-09-22 11:38:08 :: ----------result data payment:37914------------
2021-09-22 11:38:08 :: {"id":"39438","date":"2021-09-22","number":"37709","amount":"148900.0000000000","observations":null,"anotation":null,"type":"in","paymentMethod":"","status":"open","bankAccount":{"id":"2","name":"PAYU","type":"bank"},"client":{"id":"7536","name":"sandrayromero","phone":"(315) 219-4608"},"invoices":[{"id":"37914","number":"40175","date":"2021-09-22","amount":148900,"total":148900,"balance":0}],"costCenter":null,"numberTemplate":{"id":"3","prefix":"","number":"37709","fullNumber":"37709","formattedNumber":"37709"}}
2021-09-22 11:48:04 :: ----------send data payment:37915------------
2021-09-22 11:48:04 :: {"date":"2021-09-22","invoices":[{"amount":"66000","id":"37915"}],"bankAccount":2}
2021-09-22 11:48:05 :: ----------result data payment:37915------------
2021-09-22 11:48:05 :: {"id":"39439","date":"2021-09-22","number":"37710","amount":"66000.0000000000","observations":null,"anotation":null,"type":"in","paymentMethod":"","status":"open","bankAccount":{"id":"2","name":"PAYU","type":"bank"},"client":{"id":"29450","name":"Isabella Pastas","phone":"3209017893"},"invoices":[{"id":"37915","number":"40176","date":"2021-09-22","amount":66000,"total":66000,"balance":0}],"costCenter":null,"numberTemplate":{"id":"3","prefix":"","number":"37710","fullNumber":"37710","formattedNumber":"37710"}}
2021-09-22 12:22:04 :: ----------send data payment:37916------------
2021-09-22 12:22:04 :: {"date":"2021-09-22","invoices":[{"amount":"40000","id":"37916"}],"bankAccount":2}
2021-09-22 12:22:06 :: ----------result data payment:37916------------
2021-09-22 12:22:06 :: {"id":"39440","date":"2021-09-22","number":"37711","amount":"40000.0000000000","observations":null,"anotation":null,"type":"in","paymentMethod":"","status":"open","bankAccount":{"id":"2","name":"PAYU","type":"bank"},"client":{"id":"29451","name":"Pauline Garcia","phone":"3505644130"},"invoices":[{"id":"37916","number":"40177","date":"2021-09-22","amount":40000,"total":40000,"balance":0}],"costCenter":null,"numberTemplate":{"id":"3","prefix":"","number":"37711","fullNumber":"37711","formattedNumber":"37711"}}
2021-09-22 01:17:06 :: ----------send data payment:37917------------
2021-09-22 01:17:06 :: {"date":"2021-09-22","invoices":[{"amount":"120000","id":"37917"}],"bankAccount":2}
2021-09-22 01:17:09 :: ----------result data payment:37917------------
2021-09-22 01:17:09 :: {"id":"39441","date":"2021-09-22","number":"37712","amount":"120000.0000000000","observations":null,"anotation":null,"type":"in","paymentMethod":"","status":"open","bankAccount":{"id":"2","name":"PAYU","type":"bank"},"client":{"id":"29452","name":"Andrea Lopera","phone":"3116820905"},"invoices":[{"id":"37917","number":"40178","date":"2021-09-22","amount":120000,"total":120000,"balance":0}],"costCenter":null,"numberTemplate":{"id":"3","prefix":"","number":"37712","fullNumber":"37712","formattedNumber":"37712"}}
2021-09-22 02:09:03 :: ----------send data payment:37918------------
2021-09-22 02:09:03 :: {"date":"2021-09-22","invoices":[{"amount":"51000","id":"37918"}],"bankAccount":2}
2021-09-22 02:09:05 :: ----------result data payment:37918------------
2021-09-22 02:09:05 :: {"id":"39442","date":"2021-09-22","number":"37713","amount":"51000.0000000000","observations":null,"anotation":null,"type":"in","paymentMethod":"","status":"open","bankAccount":{"id":"2","name":"PAYU","type":"bank"},"client":{"id":"26663","name":"Luisa Herrera","phone":"3187498719"},"invoices":[{"id":"37918","number":"40179","date":"2021-09-22","amount":51000,"total":51000,"balance":0}],"costCenter":null,"numberTemplate":{"id":"3","prefix":"","number":"37713","fullNumber":"37713","formattedNumber":"37713"}}
2021-09-22 02:13:04 :: ----------send data payment:37919------------
2021-09-22 02:13:04 :: {"date":"2021-09-22","invoices":[{"amount":"170000","id":"37919"}],"bankAccount":2}
2021-09-22 02:13:06 :: ----------result data payment:37919------------
2021-09-22 02:13:06 :: {"id":"39443","date":"2021-09-22","number":"37714","amount":"170000.0000000000","observations":null,"anotation":null,"type":"in","paymentMethod":"","status":"open","bankAccount":{"id":"2","name":"PAYU","type":"bank"},"client":{"id":"29453","name":"Adriana Galvan","phone":"3185480081"},"invoices":[{"id":"37919","number":"40180","date":"2021-09-22","amount":170000,"total":170000,"balance":0}],"costCenter":null,"numberTemplate":{"id":"3","prefix":"","number":"37714","fullNumber":"37714","formattedNumber":"37714"}}
2021-09-22 02:14:07 :: ----------send data payment:37920------------
2021-09-22 02:14:07 :: {"date":"2021-09-22","invoices":[{"amount":"80001","id":"37920"}],"bankAccount":2}
2021-09-22 02:14:10 :: ----------result data payment:37920------------
2021-09-22 02:14:10 :: {"id":"39444","date":"2021-09-22","number":"37715","amount":"80001.0000000000","observations":null,"anotation":null,"type":"in","paymentMethod":"","status":"open","bankAccount":{"id":"2","name":"PAYU","type":"bank"},"client":{"id":"29454","name":"Allison Samantha R","phone":"3168418316"},"invoices":[{"id":"37920","number":"40181","date":"2021-09-22","amount":80001,"total":80001,"balance":0}],"costCenter":null,"numberTemplate":{"id":"3","prefix":"","number":"37715","fullNumber":"37715","formattedNumber":"37715"}}
2021-09-22 02:20:05 :: ----------send data payment:37921------------
2021-09-22 02:20:05 :: {"date":"2021-09-22","invoices":[{"amount":"200000","id":"37921"}],"bankAccount":2}
2021-09-22 02:20:06 :: ----------result data payment:37921------------
2021-09-22 02:20:06 :: {"id":"39445","date":"2021-09-22","number":"37716","amount":"200000.0000000000","observations":null,"anotation":null,"type":"in","paymentMethod":"","status":"open","bankAccount":{"id":"2","name":"PAYU","type":"bank"},"client":{"id":"29455","name":"Diana Martinez","phone":"3125880980"},"invoices":[{"id":"37921","number":"40182","date":"2021-09-22","amount":200000,"total":200000,"balance":0}],"costCenter":null,"numberTemplate":{"id":"3","prefix":"","number":"37716","fullNumber":"37716","formattedNumber":"37716"}}
2021-09-22 02:39:09 :: ----------send data payment:37922------------
2021-09-22 02:39:09 :: {"date":"2021-09-22","invoices":[{"amount":"70000","id":"37922"}],"bankAccount":2}
2021-09-22 02:39:11 :: ----------result data payment:37922------------
2021-09-22 02:39:11 :: {"id":"39446","date":"2021-09-22","number":"37717","amount":"70000.0000000000","observations":null,"anotation":null,"type":"in","paymentMethod":"","status":"open","bankAccount":{"id":"2","name":"PAYU","type":"bank"},"client":{"id":"29456","name":"Laura salcedo","phone":"3107585028"},"invoices":[{"id":"37922","number":"40183","date":"2021-09-22","amount":70000,"total":70000,"balance":0}],"costCenter":null,"numberTemplate":{"id":"3","prefix":"","number":"37717","fullNumber":"37717","formattedNumber":"37717"}}
2021-09-22 02:45:07 :: ----------send data payment:37923------------
2021-09-22 02:45:07 :: {"date":"2021-09-22","invoices":[{"amount":"36000","id":"37923"}],"bankAccount":2}
2021-09-22 02:45:09 :: ----------result data payment:37923------------
2021-09-22 02:45:09 :: {"id":"39447","date":"2021-09-22","number":"37718","amount":"36000.0000000000","observations":null,"anotation":null,"type":"in","paymentMethod":"","status":"open","bankAccount":{"id":"2","name":"PAYU","type":"bank"},"client":{"id":"29457","name":"Isabel carvajal","phone":"3167443396"},"invoices":[{"id":"37923","number":"40184","date":"2021-09-22","amount":36000,"total":36000,"balance":0}],"costCenter":null,"numberTemplate":{"id":"3","prefix":"","number":"37718","fullNumber":"37718","formattedNumber":"37718"}}
2021-09-22 02:57:09 :: ----------send data payment:37924------------
2021-09-22 02:57:09 :: {"date":"2021-09-22","invoices":[{"amount":"115002","id":"37924"}],"bankAccount":2}
2021-09-22 02:57:11 :: ----------result data payment:37924------------
2021-09-22 02:57:11 :: {"id":"39448","date":"2021-09-22","number":"37719","amount":"115002.0000000000","observations":null,"anotation":null,"type":"in","paymentMethod":"","status":"open","bankAccount":{"id":"2","name":"PAYU","type":"bank"},"client":{"id":"29458","name":"Claudia Escobar","phone":"3017711137"},"invoices":[{"id":"37924","number":"40185","date":"2021-09-22","amount":115002,"total":115002,"balance":0}],"costCenter":null,"numberTemplate":{"id":"3","prefix":"","number":"37719","fullNumber":"37719","formattedNumber":"37719"}}
2021-09-22 03:11:10 :: ----------send data payment:37925------------
2021-09-22 03:11:10 :: {"date":"2021-09-22","invoices":[{"amount":"25000","id":"37925"}],"bankAccount":2}
2021-09-22 03:11:11 :: ----------result data payment:37925------------
2021-09-22 03:11:11 :: {"id":"39449","date":"2021-09-22","number":"37720","amount":"25000.0000000000","observations":null,"anotation":null,"type":"in","paymentMethod":"","status":"open","bankAccount":{"id":"2","name":"PAYU","type":"bank"},"client":{"id":"29459","name":"Tatiana Maestre","phone":"3007068470"},"invoices":[{"id":"37925","number":"40186","date":"2021-09-22","amount":25000,"total":25000,"balance":0}],"costCenter":null,"numberTemplate":{"id":"3","prefix":"","number":"37720","fullNumber":"37720","formattedNumber":"37720"}}
2021-09-22 03:14:05 :: ----------send data payment:37926------------
2021-09-22 03:14:05 :: {"date":"2021-09-22","invoices":[{"amount":"75999","id":"37926"}],"bankAccount":2}
2021-09-22 03:14:07 :: ----------result data payment:37926------------
2021-09-22 03:14:07 :: {"id":"39450","date":"2021-09-22","number":"37721","amount":"75999.0000000000","observations":null,"anotation":null,"type":"in","paymentMethod":"","status":"open","bankAccount":{"id":"2","name":"PAYU","type":"bank"},"client":{"id":"29460","name":"Angelica Mar\u00eda Del R\u00edo Urrea","phone":"3216100444"},"invoices":[{"id":"37926","number":"40187","date":"2021-09-22","amount":75999,"total":75999,"balance":0}],"costCenter":null,"numberTemplate":{"id":"3","prefix":"","number":"37721","fullNumber":"37721","formattedNumber":"37721"}}
2021-09-22 03:25:05 :: ----------send data payment:37927------------
2021-09-22 03:25:05 :: {"date":"2021-09-22","invoices":[{"amount":"25000","id":"37927"}],"bankAccount":2}
2021-09-22 03:25:07 :: ----------result data payment:37927------------
2021-09-22 03:25:07 :: {"id":"39451","date":"2021-09-22","number":"37722","amount":"25000.0000000000","observations":null,"anotation":null,"type":"in","paymentMethod":"","status":"open","bankAccount":{"id":"2","name":"PAYU","type":"bank"},"client":{"id":"29461","name":"Margarita Guerra","phone":"3218014614"},"invoices":[{"id":"37927","number":"40188","date":"2021-09-22","amount":25000,"total":25000,"balance":0}],"costCenter":null,"numberTemplate":{"id":"3","prefix":"","number":"37722","fullNumber":"37722","formattedNumber":"37722"}}
2021-09-22 03:50:19 :: ----------send data payment:37928------------
2021-09-22 03:50:19 :: {"date":"2021-09-22","invoices":[{"amount":"106000","id":"37928"}],"bankAccount":2}
2021-09-22 03:50:20 :: ----------result data payment:37928------------
2021-09-22 03:50:20 :: {"id":"39452","date":"2021-09-22","number":"37723","amount":"106000.0000000000","observations":null,"anotation":null,"type":"in","paymentMethod":"","status":"open","bankAccount":{"id":"2","name":"PAYU","type":"bank"},"client":{"id":"29462","name":"Catalina Sarmiento","phone":"3042506006"},"invoices":[{"id":"37928","number":"40189","date":"2021-09-22","amount":106000,"total":106000,"balance":0}],"costCenter":null,"numberTemplate":{"id":"3","prefix":"","number":"37723","fullNumber":"37723","formattedNumber":"37723"}}
2021-09-22 04:02:12 :: ----------send data payment:37929------------
2021-09-22 04:02:12 :: {"date":"2021-09-22","invoices":[{"amount":"105000","id":"37929"}],"bankAccount":2}
2021-09-22 04:02:14 :: ----------result data payment:37929------------
2021-09-22 04:02:14 :: {"id":"39453","date":"2021-09-22","number":"37724","amount":"105000.0000000000","observations":null,"anotation":null,"type":"in","paymentMethod":"","status":"open","bankAccount":{"id":"2","name":"PAYU","type":"bank"},"client":{"id":"29463","name":"Laura Daniela Campo Villamizar","phone":"3204241986"},"invoices":[{"id":"37929","number":"40190","date":"2021-09-22","amount":105000,"total":105000,"balance":0}],"costCenter":null,"numberTemplate":{"id":"3","prefix":"","number":"37724","fullNumber":"37724","formattedNumber":"37724"}}
2021-09-22 04:16:13 :: ----------send data payment:37930------------
2021-09-22 04:16:13 :: {"date":"2021-09-22","invoices":[{"amount":"40000","id":"37930"}],"bankAccount":2}
2021-09-22 04:16:15 :: ----------result data payment:37930------------
2021-09-22 04:16:15 :: {"id":"39454","date":"2021-09-22","number":"37725","amount":"40000.0000000000","observations":null,"anotation":null,"type":"in","paymentMethod":"","status":"open","bankAccount":{"id":"2","name":"PAYU","type":"bank"},"client":{"id":"29464","name":"Maria Arango","phone":"3008941195"},"invoices":[{"id":"37930","number":"40191","date":"2021-09-22","amount":40000,"total":40000,"balance":0}],"costCenter":null,"numberTemplate":{"id":"3","prefix":"","number":"37725","fullNumber":"37725","formattedNumber":"37725"}}
2021-09-22 04:17:07 :: ----------send data payment:37931------------
2021-09-22 04:17:07 :: {"date":"2021-09-22","invoices":[{"amount":"274000","id":"37931"}],"bankAccount":2}
2021-09-22 04:17:08 :: ----------result data payment:37931------------
2021-09-22 04:17:08 :: {"id":"39455","date":"2021-09-22","number":"37726","amount":"274000.0000000000","observations":null,"anotation":null,"type":"in","paymentMethod":"","status":"open","bankAccount":{"id":"2","name":"PAYU","type":"bank"},"client":{"id":"29465","name":"Daniela","phone":"3219270888"},"invoices":[{"id":"37931","number":"40192","date":"2021-09-22","amount":274000,"total":274000,"balance":0}],"costCenter":null,"numberTemplate":{"id":"3","prefix":"","number":"37726","fullNumber":"37726","formattedNumber":"37726"}}
2021-09-22 04:19:05 :: ----------send data payment:37932------------
2021-09-22 04:19:05 :: {"date":"2021-09-22","invoices":[{"amount":"100000","id":"37932"}],"bankAccount":2}
2021-09-22 04:19:08 :: ----------result data payment:37932------------
2021-09-22 04:19:08 :: {"id":"39456","date":"2021-09-22","number":"37727","amount":"100000.0000000000","observations":null,"anotation":null,"type":"in","paymentMethod":"","status":"open","bankAccount":{"id":"2","name":"PAYU","type":"bank"},"client":{"id":"29466","name":"Leidy Marcela Avila","phone":"3014090892"},"invoices":[{"id":"37932","number":"40193","date":"2021-09-22","amount":100000,"total":100000,"balance":0}],"costCenter":null,"numberTemplate":{"id":"3","prefix":"","number":"37727","fullNumber":"37727","formattedNumber":"37727"}}
2021-09-22 04:56:08 :: ----------send data payment:37934------------
2021-09-22 04:56:08 :: {"date":"2021-09-22","invoices":[{"amount":"161999","id":"37934"}],"bankAccount":2}
2021-09-22 04:56:10 :: ----------result data payment:37934------------
2021-09-22 04:56:10 :: {"id":"39458","date":"2021-09-22","number":"37729","amount":"161999.0000000000","observations":null,"anotation":null,"type":"in","paymentMethod":"","status":"open","bankAccount":{"id":"2","name":"PAYU","type":"bank"},"client":{"id":"23903","name":"Yensy","phone":"3176477745"},"invoices":[{"id":"37934","number":"40195","date":"2021-09-22","amount":161999,"total":161999,"balance":0}],"costCenter":null,"numberTemplate":{"id":"3","prefix":"","number":"37729","fullNumber":"37729","formattedNumber":"37729"}}
2021-09-22 05:03:08 :: ----------send data payment:37935------------
2021-09-22 05:03:08 :: {"date":"2021-09-22","invoices":[{"amount":"153399","id":"37935"}],"bankAccount":2}
2021-09-22 05:03:10 :: ----------result data payment:37935------------
2021-09-22 05:03:10 :: {"id":"39459","date":"2021-09-22","number":"37730","amount":"153399.0000000000","observations":null,"anotation":null,"type":"in","paymentMethod":"","status":"open","bankAccount":{"id":"2","name":"PAYU","type":"bank"},"client":{"id":"20312","name":"ktarangoc","phone":"3204558128"},"invoices":[{"id":"37935","number":"40196","date":"2021-09-22","amount":153399,"total":153399,"balance":0}],"costCenter":null,"numberTemplate":{"id":"3","prefix":"","number":"37730","fullNumber":"37730","formattedNumber":"37730"}}
2021-09-22 05:58:05 :: ----------send data payment:37936------------
2021-09-22 05:58:05 :: {"date":"2021-09-22","invoices":[{"amount":"115001","id":"37936"}],"bankAccount":2}
2021-09-22 05:58:06 :: ----------result data payment:37936------------
2021-09-22 05:58:06 :: {"id":"39460","date":"2021-09-22","number":"37731","amount":"115001.0000000000","observations":null,"anotation":null,"type":"in","paymentMethod":"","status":"open","bankAccount":{"id":"2","name":"PAYU","type":"bank"},"client":{"id":"29467","name":"Katherinne Gomez","phone":"3147469525"},"invoices":[{"id":"37936","number":"40197","date":"2021-09-22","amount":115001,"total":115001,"balance":0}],"costCenter":null,"numberTemplate":{"id":"3","prefix":"","number":"37731","fullNumber":"37731","formattedNumber":"37731"}}
2021-09-22 08:07:04 :: ----------send data payment:37937------------
2021-09-22 08:07:04 :: {"date":"2021-09-22","invoices":[{"amount":"40000","id":"37937"}],"bankAccount":2}
2021-09-22 08:07:05 :: ----------result data payment:37937------------
2021-09-22 08:07:05 :: {"id":"39461","date":"2021-09-22","number":"37732","amount":"40000.0000000000","observations":null,"anotation":null,"type":"in","paymentMethod":"","status":"open","bankAccount":{"id":"2","name":"PAYU","type":"bank"},"client":{"id":"21438","name":"CARLOTTA RUIZ HERRERA","phone":"3014634604"},"invoices":[{"id":"37937","number":"40198","date":"2021-09-22","amount":40000,"total":40000,"balance":0}],"costCenter":null,"numberTemplate":{"id":"3","prefix":"","number":"37732","fullNumber":"37732","formattedNumber":"37732"}}
2021-09-22 08:11:10 :: ----------send data payment:37938------------
2021-09-22 08:11:10 :: {"date":"2021-09-22","invoices":[{"amount":"103001","id":"37938"}],"bankAccount":2}
2021-09-22 08:11:12 :: ----------result data payment:37938------------
2021-09-22 08:11:12 :: {"id":"39462","date":"2021-09-22","number":"37733","amount":"103001.0000000000","observations":null,"anotation":null,"type":"in","paymentMethod":"","status":"open","bankAccount":{"id":"2","name":"PAYU","type":"bank"},"client":{"id":"29468","name":"Diana Molina Osorio","phone":"3223930413"},"invoices":[{"id":"37938","number":"40199","date":"2021-09-22","amount":103001,"total":103001,"balance":0}],"costCenter":null,"numberTemplate":{"id":"3","prefix":"","number":"37733","fullNumber":"37733","formattedNumber":"37733"}}
2021-09-22 08:33:06 :: ----------send data payment:37939------------
2021-09-22 08:33:06 :: {"date":"2021-09-22","invoices":[{"amount":"130001","id":"37939"}],"bankAccount":2}
2021-09-22 08:33:07 :: ----------result data payment:37939------------
2021-09-22 08:33:07 :: {"id":"39463","date":"2021-09-22","number":"37734","amount":"130001.0000000000","observations":null,"anotation":null,"type":"in","paymentMethod":"","status":"open","bankAccount":{"id":"2","name":"PAYU","type":"bank"},"client":{"id":"29469","name":"Lauramarroquinpuntilla@gmail.com","phone":"3115133627"},"invoices":[{"id":"37939","number":"40200","date":"2021-09-22","amount":130001,"total":130001,"balance":0}],"costCenter":null,"numberTemplate":{"id":"3","prefix":"","number":"37734","fullNumber":"37734","formattedNumber":"37734"}}
2021-09-22 09:29:05 :: ----------send data payment:37940------------
2021-09-22 09:29:05 :: {"date":"2021-09-22","invoices":[{"amount":"47000","id":"37940"}],"bankAccount":2}
2021-09-22 09:29:06 :: ----------result data payment:37940------------
2021-09-22 09:29:06 :: {"id":"39464","date":"2021-09-22","number":"37735","amount":"47000.0000000000","observations":null,"anotation":null,"type":"in","paymentMethod":"","status":"open","bankAccount":{"id":"2","name":"PAYU","type":"bank"},"client":{"id":"29470","name":"Diana M. D\u00edaz Vega","phone":"3002901848"},"invoices":[{"id":"37940","number":"40201","date":"2021-09-22","amount":47000,"total":47000,"balance":0}],"costCenter":null,"numberTemplate":{"id":"3","prefix":"","number":"37735","fullNumber":"37735","formattedNumber":"37735"}}
2021-09-22 09:34:04 :: ----------send data payment:37941------------
2021-09-22 09:34:04 :: {"date":"2021-09-22","invoices":[{"amount":"40000","id":"37941"}],"bankAccount":2}
2021-09-22 09:34:05 :: ----------result data payment:37941------------
2021-09-22 09:34:05 :: {"id":"39465","date":"2021-09-22","number":"37736","amount":"40000.0000000000","observations":null,"anotation":null,"type":"in","paymentMethod":"","status":"open","bankAccount":{"id":"2","name":"PAYU","type":"bank"},"client":{"id":"1609","name":"Carolina Ruiz Martinez","phone":"3203696255"},"invoices":[{"id":"37941","number":"40202","date":"2021-09-22","amount":40000,"total":40000,"balance":0}],"costCenter":null,"numberTemplate":{"id":"3","prefix":"","number":"37736","fullNumber":"37736","formattedNumber":"37736"}}
2021-09-22 10:15:06 :: ----------send data payment:37942------------
2021-09-22 10:15:06 :: {"date":"2021-09-22","invoices":[{"amount":"37600","id":"37942"}],"bankAccount":2}
2021-09-22 10:15:07 :: ----------result data payment:37942------------
2021-09-22 10:15:07 :: {"id":"39466","date":"2021-09-22","number":"37737","amount":"37600.0000000000","observations":null,"anotation":null,"type":"in","paymentMethod":"","status":"open","bankAccount":{"id":"2","name":"PAYU","type":"bank"},"client":{"id":"29471","name":"Deiva Gibellini","phone":"3112018785"},"invoices":[{"id":"37942","number":"40203","date":"2021-09-22","amount":37600,"total":37600,"balance":0}],"costCenter":null,"numberTemplate":{"id":"3","prefix":"","number":"37737","fullNumber":"37737","formattedNumber":"37737"}}