
2021-09-17 12:23:05 :: ----------send data payment:37650------------
2021-09-17 12:23:05 :: {"date":"2021-09-17","invoices":[{"amount":"201999","id":"37650"}],"bankAccount":2}
2021-09-17 12:23:06 :: ----------result data payment:37650------------
2021-09-17 12:23:06 :: {"id":"39168","date":"2021-09-17","number":"37452","amount":"201999.0000000000","observations":null,"anotation":null,"type":"in","paymentMethod":"","status":"open","bankAccount":{"id":"2","name":"PAYU","type":"bank"},"client":{"id":"29251","name":"LAURA ISABEL","phone":"3104097361"},"invoices":[{"id":"37650","number":"39911","date":"2021-09-17","amount":201999,"total":201999,"balance":0}],"costCenter":null,"numberTemplate":{"id":"3","prefix":"","number":"37452","fullNumber":"37452","formattedNumber":"37452"}}
2021-09-17 06:24:11 :: ----------send data payment:37651------------
2021-09-17 06:24:11 :: {"date":"2021-09-17","invoices":[{"amount":"60000","id":"37651"}],"bankAccount":2}
2021-09-17 06:24:13 :: ----------result data payment:37651------------
2021-09-17 06:24:13 :: {"id":"39169","date":"2021-09-17","number":"37453","amount":"60000.0000000000","observations":null,"anotation":null,"type":"in","paymentMethod":"","status":"open","bankAccount":{"id":"2","name":"PAYU","type":"bank"},"client":{"id":"29252","name":"Karen juliana","phone":"3123975343"},"invoices":[{"id":"37651","number":"39912","date":"2021-09-17","amount":60000,"total":60000,"balance":0}],"costCenter":null,"numberTemplate":{"id":"3","prefix":"","number":"37453","fullNumber":"37453","formattedNumber":"37453"}}
2021-09-17 06:27:07 :: ----------send data payment:37652------------
2021-09-17 06:27:07 :: {"date":"2021-09-17","invoices":[{"amount":"79999","id":"37652"}],"bankAccount":2}
2021-09-17 06:27:08 :: ----------result data payment:37652------------
2021-09-17 06:27:08 :: {"id":"39170","date":"2021-09-17","number":"37454","amount":"79999.0000000000","observations":null,"anotation":null,"type":"in","paymentMethod":"","status":"open","bankAccount":{"id":"2","name":"PAYU","type":"bank"},"client":{"id":"29253","name":"Sofia Grande","phone":"3213033902"},"invoices":[{"id":"37652","number":"39913","date":"2021-09-17","amount":79999,"total":79999,"balance":0}],"costCenter":null,"numberTemplate":{"id":"3","prefix":"","number":"37454","fullNumber":"37454","formattedNumber":"37454"}}
2021-09-17 06:55:06 :: ----------send data payment:37653------------
2021-09-17 06:55:06 :: {"date":"2021-09-17","invoices":[{"amount":"40000","id":"37653"}],"bankAccount":2}
2021-09-17 06:55:07 :: ----------result data payment:37653------------
2021-09-17 06:55:07 :: {"id":"39171","date":"2021-09-17","number":"37455","amount":"40000.0000000000","observations":null,"anotation":null,"type":"in","paymentMethod":"","status":"open","bankAccount":{"id":"2","name":"PAYU","type":"bank"},"client":{"id":"29254","name":"Vaneassa Mesa","phone":"3232755757"},"invoices":[{"id":"37653","number":"39914","date":"2021-09-17","amount":40000,"total":40000,"balance":0}],"costCenter":null,"numberTemplate":{"id":"3","prefix":"","number":"37455","fullNumber":"37455","formattedNumber":"37455"}}
2021-09-17 07:22:11 :: ----------send data payment:37654------------
2021-09-17 07:22:11 :: {"date":"2021-09-17","invoices":[{"amount":"79999","id":"37654"}],"bankAccount":2}
2021-09-17 07:22:13 :: ----------result data payment:37654------------
2021-09-17 07:22:13 :: {"id":"39172","date":"2021-09-17","number":"37456","amount":"79999.0000000000","observations":null,"anotation":null,"type":"in","paymentMethod":"","status":"open","bankAccount":{"id":"2","name":"PAYU","type":"bank"},"client":{"id":"29255","name":"Luisa Fernanda Araque","phone":"3114589878"},"invoices":[{"id":"37654","number":"39915","date":"2021-09-17","amount":79999,"total":79999,"balance":0}],"costCenter":null,"numberTemplate":{"id":"3","prefix":"","number":"37456","fullNumber":"37456","formattedNumber":"37456"}}
2021-09-17 09:48:08 :: ----------send data payment:37655------------
2021-09-17 09:48:08 :: {"date":"2021-09-17","invoices":[{"amount":"66000","id":"37655"}],"bankAccount":2}
2021-09-17 09:48:10 :: ----------result data payment:37655------------
2021-09-17 09:48:10 :: {"id":"39173","date":"2021-09-17","number":"37457","amount":"66000.0000000000","observations":null,"anotation":null,"type":"in","paymentMethod":"","status":"open","bankAccount":{"id":"2","name":"PAYU","type":"bank"},"client":{"id":"29256","name":"Vanessa Guau\u00f1a","phone":"3146762810"},"invoices":[{"id":"37655","number":"39916","date":"2021-09-17","amount":66000,"total":66000,"balance":0}],"costCenter":null,"numberTemplate":{"id":"3","prefix":"","number":"37457","fullNumber":"37457","formattedNumber":"37457"}}
2021-09-17 10:08:07 :: ----------send data payment:37656------------
2021-09-17 10:08:07 :: {"date":"2021-09-17","invoices":[{"amount":"679999","id":"37656"}],"bankAccount":2}
2021-09-17 10:08:08 :: ----------result data payment:37656------------
2021-09-17 10:08:08 :: {"id":"39174","date":"2021-09-17","number":"37458","amount":"679999.0000000000","observations":null,"anotation":null,"type":"in","paymentMethod":"","status":"open","bankAccount":{"id":"2","name":"PAYU","type":"bank"},"client":{"id":"14087","name":"Erika aparcedo","phone":"3046162388"},"invoices":[{"id":"37656","number":"39917","date":"2021-09-17","amount":679999,"total":679999,"balance":0}],"costCenter":null,"numberTemplate":{"id":"3","prefix":"","number":"37458","fullNumber":"37458","formattedNumber":"37458"}}
2021-09-17 10:11:11 :: ----------send data payment:37657------------
2021-09-17 10:11:11 :: {"date":"2021-09-17","invoices":[{"amount":"42000","id":"37657"}],"bankAccount":2}
2021-09-17 10:11:13 :: ----------result data payment:37657------------
2021-09-17 10:11:13 :: {"id":"39175","date":"2021-09-17","number":"37459","amount":"42000.0000000000","observations":null,"anotation":null,"type":"in","paymentMethod":"","status":"open","bankAccount":{"id":"2","name":"PAYU","type":"bank"},"client":{"id":"29257","name":"Jennifer Bet\u00edn Mej\u00eda","phone":"3012866143"},"invoices":[{"id":"37657","number":"39918","date":"2021-09-17","amount":42000,"total":42000,"balance":0}],"costCenter":null,"numberTemplate":{"id":"3","prefix":"","number":"37459","fullNumber":"37459","formattedNumber":"37459"}}
2021-09-17 10:23:10 :: ----------send data payment:37658------------
2021-09-17 10:23:10 :: {"date":"2021-09-17","invoices":[{"amount":"70000","id":"37658"}],"bankAccount":2}
2021-09-17 10:23:12 :: ----------result data payment:37658------------
2021-09-17 10:23:12 :: {"id":"39176","date":"2021-09-17","number":"37460","amount":"70000.0000000000","observations":null,"anotation":null,"type":"in","paymentMethod":"","status":"open","bankAccount":{"id":"2","name":"PAYU","type":"bank"},"client":{"id":"29258","name":"Dayis Rondon","phone":"3054106976"},"invoices":[{"id":"37658","number":"39919","date":"2021-09-17","amount":70000,"total":70000,"balance":0}],"costCenter":null,"numberTemplate":{"id":"3","prefix":"","number":"37460","fullNumber":"37460","formattedNumber":"37460"}}
2021-09-17 10:26:11 :: ----------send data payment:37659------------
2021-09-17 10:26:11 :: {"date":"2021-09-17","invoices":[{"amount":"90000","id":"37659"}],"bankAccount":2}
2021-09-17 10:26:13 :: ----------result data payment:37659------------
2021-09-17 10:26:13 :: {"id":"39177","date":"2021-09-17","number":"37461","amount":"90000.0000000000","observations":null,"anotation":null,"type":"in","paymentMethod":"","status":"open","bankAccount":{"id":"2","name":"PAYU","type":"bank"},"client":{"id":"29259","name":"Eliny Cantillo G\u00f2mez","phone":"3153088132"},"invoices":[{"id":"37659","number":"39920","date":"2021-09-17","amount":90000,"total":90000,"balance":0}],"costCenter":null,"numberTemplate":{"id":"3","prefix":"","number":"37461","fullNumber":"37461","formattedNumber":"37461"}}
2021-09-17 10:36:11 :: ----------send data payment:37660------------
2021-09-17 10:36:11 :: {"date":"2021-09-17","invoices":[{"amount":"70000","id":"37660"}],"bankAccount":2}
2021-09-17 10:36:13 :: ----------result data payment:37660------------
2021-09-17 10:36:13 :: {"id":"39178","date":"2021-09-17","number":"37462","amount":"70000.0000000000","observations":null,"anotation":null,"type":"in","paymentMethod":"","status":"open","bankAccount":{"id":"2","name":"PAYU","type":"bank"},"client":{"id":"29260","name":"maria jose pineda camargo","phone":"3024143084"},"invoices":[{"id":"37660","number":"39921","date":"2021-09-17","amount":70000,"total":70000,"balance":0}],"costCenter":null,"numberTemplate":{"id":"3","prefix":"","number":"37462","fullNumber":"37462","formattedNumber":"37462"}}
2021-09-17 10:36:16 :: ----------send data payment:37661------------
2021-09-17 10:36:16 :: {"date":"2021-09-17","invoices":[{"amount":"90004","id":"37661"}],"bankAccount":2}
2021-09-17 10:36:18 :: ----------result data payment:37661------------
2021-09-17 10:36:18 :: {"id":"39179","date":"2021-09-17","number":"37463","amount":"90004.0000000000","observations":null,"anotation":null,"type":"in","paymentMethod":"","status":"open","bankAccount":{"id":"2","name":"PAYU","type":"bank"},"client":{"id":"29261","name":"SHIRLEY PARRA LARA","phone":"3163566108"},"invoices":[{"id":"37661","number":"39922","date":"2021-09-17","amount":90004,"total":90004,"balance":0}],"costCenter":null,"numberTemplate":{"id":"3","prefix":"","number":"37463","fullNumber":"37463","formattedNumber":"37463"}}
2021-09-17 10:53:10 :: ----------send data payment:37662------------
2021-09-17 10:53:10 :: {"date":"2021-09-17","invoices":[{"amount":"187000","id":"37662"}],"bankAccount":2}
2021-09-17 10:53:11 :: ----------result data payment:37662------------
2021-09-17 10:53:11 :: {"id":"39180","date":"2021-09-17","number":"37464","amount":"187000.0000000000","observations":null,"anotation":null,"type":"in","paymentMethod":"","status":"open","bankAccount":{"id":"2","name":"PAYU","type":"bank"},"client":{"id":"10529","name":"Yelmy Pinzon","phone":"3046551564"},"invoices":[{"id":"37662","number":"39923","date":"2021-09-17","amount":187000,"total":187000,"balance":0}],"costCenter":null,"numberTemplate":{"id":"3","prefix":"","number":"37464","fullNumber":"37464","formattedNumber":"37464"}}
2021-09-17 11:07:06 :: ----------send data payment:37663------------
2021-09-17 11:07:06 :: {"date":"2021-09-17","invoices":[{"amount":"107999","id":"37663"}],"bankAccount":2}
2021-09-17 11:07:08 :: ----------result data payment:37663------------
2021-09-17 11:07:08 :: {"id":"39181","date":"2021-09-17","number":"37465","amount":"107999.0000000000","observations":null,"anotation":null,"type":"in","paymentMethod":"","status":"open","bankAccount":{"id":"2","name":"PAYU","type":"bank"},"client":{"id":"29262","name":"Tatiana","phone":"3112807992"},"invoices":[{"id":"37663","number":"39924","date":"2021-09-17","amount":107999,"total":107999,"balance":0}],"costCenter":null,"numberTemplate":{"id":"3","prefix":"","number":"37465","fullNumber":"37465","formattedNumber":"37465"}}
2021-09-17 11:18:12 :: ----------send data payment:37664------------
2021-09-17 11:18:12 :: {"date":"2021-09-17","invoices":[{"amount":"70999","id":"37664"}],"bankAccount":2}
2021-09-17 11:18:14 :: ----------result data payment:37664------------
2021-09-17 11:18:14 :: {"id":"39182","date":"2021-09-17","number":"37466","amount":"70999.0000000000","observations":null,"anotation":null,"type":"in","paymentMethod":"","status":"open","bankAccount":{"id":"2","name":"PAYU","type":"bank"},"client":{"id":"29263","name":"Diana Tobon","phone":"3004807503"},"invoices":[{"id":"37664","number":"39925","date":"2021-09-17","amount":70999,"total":70999,"balance":0}],"costCenter":null,"numberTemplate":{"id":"3","prefix":"","number":"37466","fullNumber":"37466","formattedNumber":"37466"}}
2021-09-17 11:26:12 :: ----------send data payment:37666------------
2021-09-17 11:26:12 :: {"date":"2021-09-17","invoices":[{"amount":"103000","id":"37666"}],"bankAccount":2}
2021-09-17 11:26:13 :: ----------result data payment:37666------------
2021-09-17 11:26:13 :: {"id":"39184","date":"2021-09-17","number":"37468","amount":"103000.0000000000","observations":null,"anotation":null,"type":"in","paymentMethod":"","status":"open","bankAccount":{"id":"2","name":"PAYU","type":"bank"},"client":{"id":"29265","name":"Laura Farelo","phone":"3224080115"},"invoices":[{"id":"37666","number":"39927","date":"2021-09-17","amount":103000,"total":103000,"balance":0}],"costCenter":null,"numberTemplate":{"id":"3","prefix":"","number":"37468","fullNumber":"37468","formattedNumber":"37468"}}
2021-09-17 11:28:10 :: ----------send data payment:37667------------
2021-09-17 11:28:10 :: {"date":"2021-09-17","invoices":[{"amount":"67000","id":"37667"}],"bankAccount":2}
2021-09-17 11:28:11 :: ----------result data payment:37667------------
2021-09-17 11:28:11 :: {"id":"39185","date":"2021-09-17","number":"37469","amount":"67000.0000000000","observations":null,"anotation":null,"type":"in","paymentMethod":"","status":"open","bankAccount":{"id":"2","name":"PAYU","type":"bank"},"client":{"id":"29266","name":"Paula Bedoya","phone":"3143298694"},"invoices":[{"id":"37667","number":"39928","date":"2021-09-17","amount":67000,"total":67000,"balance":0}],"costCenter":null,"numberTemplate":{"id":"3","prefix":"","number":"37469","fullNumber":"37469","formattedNumber":"37469"}}
2021-09-17 11:38:11 :: ----------send data payment:37668------------
2021-09-17 11:38:11 :: {"date":"2021-09-17","invoices":[{"amount":"87000","id":"37668"}],"bankAccount":2}
2021-09-17 11:38:13 :: ----------result data payment:37668------------
2021-09-17 11:38:13 :: {"id":"39186","date":"2021-09-17","number":"37470","amount":"87000.0000000000","observations":null,"anotation":null,"type":"in","paymentMethod":"","status":"open","bankAccount":{"id":"2","name":"PAYU","type":"bank"},"client":{"id":"29267","name":"Melissa Parry","phone":"3134998192"},"invoices":[{"id":"37668","number":"39929","date":"2021-09-17","amount":87000,"total":87000,"balance":0}],"costCenter":null,"numberTemplate":{"id":"3","prefix":"","number":"37470","fullNumber":"37470","formattedNumber":"37470"}}
2021-09-17 11:49:04 :: ----------send data payment:37669------------
2021-09-17 11:49:04 :: {"date":"2021-09-17","invoices":[{"amount":"104000","id":"37669"}],"bankAccount":2}
2021-09-17 11:49:06 :: ----------result data payment:37669------------
2021-09-17 11:49:06 :: {"id":"39187","date":"2021-09-17","number":"37471","amount":"104000.0000000000","observations":null,"anotation":null,"type":"in","paymentMethod":"","status":"open","bankAccount":{"id":"2","name":"PAYU","type":"bank"},"client":{"id":"22013","name":"Natalia Cruz","phone":"3057044866"},"invoices":[{"id":"37669","number":"39930","date":"2021-09-17","amount":104000,"total":104000,"balance":0}],"costCenter":null,"numberTemplate":{"id":"3","prefix":"","number":"37471","fullNumber":"37471","formattedNumber":"37471"}}
2021-09-17 12:17:07 :: ----------send data payment:37670------------
2021-09-17 12:17:07 :: {"date":"2021-09-17","invoices":[{"amount":"70000","id":"37670"}],"bankAccount":2}
2021-09-17 12:17:08 :: ----------result data payment:37670------------
2021-09-17 12:17:08 :: {"id":"39188","date":"2021-09-17","number":"37472","amount":"70000.0000000000","observations":null,"anotation":null,"type":"in","paymentMethod":"","status":"open","bankAccount":{"id":"2","name":"PAYU","type":"bank"},"client":{"id":"29268","name":"Marcela Garc\u00eda","phone":"3244548737"},"invoices":[{"id":"37670","number":"39931","date":"2021-09-17","amount":70000,"total":70000,"balance":0}],"costCenter":null,"numberTemplate":{"id":"3","prefix":"","number":"37472","fullNumber":"37472","formattedNumber":"37472"}}
2021-09-17 12:22:05 :: ----------send data payment:37671------------
2021-09-17 12:22:05 :: {"date":"2021-09-17","invoices":[{"amount":"104000","id":"37671"}],"bankAccount":2}
2021-09-17 12:22:06 :: ----------result data payment:37671------------
2021-09-17 12:22:06 :: {"id":"39189","date":"2021-09-17","number":"37473","amount":"104000.0000000000","observations":null,"anotation":null,"type":"in","paymentMethod":"","status":"open","bankAccount":{"id":"2","name":"PAYU","type":"bank"},"client":{"id":"29269","name":"Alba Nury Tapias Rojo","phone":"3127750158"},"invoices":[{"id":"37671","number":"39932","date":"2021-09-17","amount":104000,"total":104000,"balance":0}],"costCenter":null,"numberTemplate":{"id":"3","prefix":"","number":"37473","fullNumber":"37473","formattedNumber":"37473"}}
2021-09-17 12:29:05 :: ----------send data payment:37672------------
2021-09-17 12:29:05 :: {"date":"2021-09-17","invoices":[{"amount":"55000","id":"37672"}],"bankAccount":2}
2021-09-17 12:29:07 :: ----------result data payment:37672------------
2021-09-17 12:29:07 :: {"id":"39190","date":"2021-09-17","number":"37474","amount":"55000.0000000000","observations":null,"anotation":null,"type":"in","paymentMethod":"","status":"open","bankAccount":{"id":"2","name":"PAYU","type":"bank"},"client":{"id":"29270","name":"Laura Lopez","phone":"3022460707"},"invoices":[{"id":"37672","number":"39933","date":"2021-09-17","amount":55000,"total":55000,"balance":0}],"costCenter":null,"numberTemplate":{"id":"3","prefix":"","number":"37474","fullNumber":"37474","formattedNumber":"37474"}}
2021-09-17 12:30:06 :: ----------send data payment:37673------------
2021-09-17 12:30:06 :: {"date":"2021-09-17","invoices":[{"amount":"100000","id":"37673"}],"bankAccount":2}
2021-09-17 12:30:08 :: ----------result data payment:37673------------
2021-09-17 12:30:08 :: {"id":"39191","date":"2021-09-17","number":"37475","amount":"100000.0000000000","observations":null,"anotation":null,"type":"in","paymentMethod":"","status":"open","bankAccount":{"id":"2","name":"PAYU","type":"bank"},"client":{"id":"14934","name":"Estefania","phone":"3104571066"},"invoices":[{"id":"37673","number":"39934","date":"2021-09-17","amount":100000,"total":100000,"balance":0}],"costCenter":null,"numberTemplate":{"id":"3","prefix":"","number":"37475","fullNumber":"37475","formattedNumber":"37475"}}
2021-09-17 12:34:06 :: ----------send data payment:37675------------
2021-09-17 12:34:06 :: {"date":"2021-09-17","invoices":[{"amount":"70000","id":"37675"}],"bankAccount":2}
2021-09-17 12:34:07 :: ----------result data payment:37675------------
2021-09-17 12:34:07 :: {"id":"39192","date":"2021-09-17","number":"37476","amount":"70000.0000000000","observations":null,"anotation":null,"type":"in","paymentMethod":"","status":"open","bankAccount":{"id":"2","name":"PAYU","type":"bank"},"client":{"id":"29271","name":"Susana","phone":"3105386356"},"invoices":[{"id":"37675","number":"39936","date":"2021-09-17","amount":70000,"total":70000,"balance":0}],"costCenter":null,"numberTemplate":{"id":"3","prefix":"","number":"37476","fullNumber":"37476","formattedNumber":"37476"}}
2021-09-17 01:05:04 :: ----------send data payment:37677------------
2021-09-17 01:05:04 :: {"date":"2021-09-17","invoices":[{"amount":"148000","id":"37677"}],"bankAccount":2}
2021-09-17 01:05:06 :: ----------result data payment:37677------------
2021-09-17 01:05:06 :: {"id":"39193","date":"2021-09-17","number":"37477","amount":"148000.0000000000","observations":null,"anotation":null,"type":"in","paymentMethod":"","status":"open","bankAccount":{"id":"2","name":"PAYU","type":"bank"},"client":{"id":"23133","name":"Angela Stefania Valencia Getial","phone":"3145644831"},"invoices":[{"id":"37677","number":"39938","date":"2021-09-17","amount":148000,"total":148000,"balance":0}],"costCenter":null,"numberTemplate":{"id":"3","prefix":"","number":"37477","fullNumber":"37477","formattedNumber":"37477"}}
2021-09-17 02:19:06 :: ----------send data payment:37678------------
2021-09-17 02:19:06 :: {"date":"2021-09-17","invoices":[{"amount":"60000","id":"37678"}],"bankAccount":2}
2021-09-17 02:19:08 :: ----------result data payment:37678------------
2021-09-17 02:19:08 :: {"id":"39194","date":"2021-09-17","number":"37478","amount":"60000.0000000000","observations":null,"anotation":null,"type":"in","paymentMethod":"","status":"open","bankAccount":{"id":"2","name":"PAYU","type":"bank"},"client":{"id":"29272","name":"Laura Valentina Rivera","phone":"3144832199"},"invoices":[{"id":"37678","number":"39939","date":"2021-09-17","amount":60000,"total":60000,"balance":0}],"costCenter":null,"numberTemplate":{"id":"3","prefix":"","number":"37478","fullNumber":"37478","formattedNumber":"37478"}}
2021-09-17 02:25:05 :: ----------send data payment:37679------------
2021-09-17 02:25:05 :: {"date":"2021-09-17","invoices":[{"amount":"125000","id":"37679"}],"bankAccount":2}
2021-09-17 02:25:08 :: ----------result data payment:37679------------
2021-09-17 02:25:08 :: {"id":"39195","date":"2021-09-17","number":"37479","amount":"125000.0000000000","observations":null,"anotation":null,"type":"in","paymentMethod":"","status":"open","bankAccount":{"id":"2","name":"PAYU","type":"bank"},"client":{"id":"29273","name":"Daniela Montoya Ram\u00edrez","phone":"3183270346"},"invoices":[{"id":"37679","number":"39940","date":"2021-09-17","amount":125000,"total":125000,"balance":0}],"costCenter":null,"numberTemplate":{"id":"3","prefix":"","number":"37479","fullNumber":"37479","formattedNumber":"37479"}}
2021-09-17 02:27:05 :: ----------send data payment:37680------------
2021-09-17 02:27:05 :: {"date":"2021-09-17","invoices":[{"amount":"70000","id":"37680"}],"bankAccount":2}
2021-09-17 02:27:07 :: ----------result data payment:37680------------
2021-09-17 02:27:07 :: {"id":"39196","date":"2021-09-17","number":"37480","amount":"70000.0000000000","observations":null,"anotation":null,"type":"in","paymentMethod":"","status":"open","bankAccount":{"id":"2","name":"PAYU","type":"bank"},"client":{"id":"29274","name":"Karen Dayana Pati\u00f1o","phone":"3205377968"},"invoices":[{"id":"37680","number":"39941","date":"2021-09-17","amount":70000,"total":70000,"balance":0}],"costCenter":null,"numberTemplate":{"id":"3","prefix":"","number":"37480","fullNumber":"37480","formattedNumber":"37480"}}
2021-09-17 02:28:16 :: ----------send data payment:37681------------
2021-09-17 02:28:16 :: {"date":"2021-09-17","invoices":[{"amount":"70000","id":"37681"}],"bankAccount":2}
2021-09-17 02:28:17 :: ----------result data payment:37681------------
2021-09-17 02:28:17 :: {"id":"39197","date":"2021-09-17","number":"37481","amount":"70000.0000000000","observations":null,"anotation":null,"type":"in","paymentMethod":"","status":"open","bankAccount":{"id":"2","name":"PAYU","type":"bank"},"client":{"id":"29275","name":"Yenny higuera","phone":"3192919277"},"invoices":[{"id":"37681","number":"39942","date":"2021-09-17","amount":70000,"total":70000,"balance":0}],"costCenter":null,"numberTemplate":{"id":"3","prefix":"","number":"37481","fullNumber":"37481","formattedNumber":"37481"}}
2021-09-17 02:55:06 :: ----------send data payment:37682------------
2021-09-17 02:55:06 :: {"date":"2021-09-17","invoices":[{"amount":"100000","id":"37682"}],"bankAccount":2}
2021-09-17 02:55:07 :: ----------result data payment:37682------------
2021-09-17 02:55:07 :: {"id":"39198","date":"2021-09-17","number":"37482","amount":"100000.0000000000","observations":null,"anotation":null,"type":"in","paymentMethod":"","status":"open","bankAccount":{"id":"2","name":"PAYU","type":"bank"},"client":{"id":"29276","name":"Gilberto Suarez Montealegre","phone":"3007750365"},"invoices":[{"id":"37682","number":"39943","date":"2021-09-17","amount":100000,"total":100000,"balance":0}],"costCenter":null,"numberTemplate":{"id":"3","prefix":"","number":"37482","fullNumber":"37482","formattedNumber":"37482"}}
2021-09-17 02:57:30 :: ----------send data payment:37683------------
2021-09-17 02:57:30 :: {"date":"2021-09-17","invoices":[{"amount":"200000","id":"37683"}],"bankAccount":2}
2021-09-17 02:57:33 :: ----------result data payment:37683------------
2021-09-17 02:57:33 :: {"id":"39199","date":"2021-09-17","number":"37483","amount":"200000.0000000000","observations":null,"anotation":null,"type":"in","paymentMethod":"","status":"open","bankAccount":{"id":"2","name":"PAYU","type":"bank"},"client":{"id":"29277","name":"Sofia Correa","phone":"3124515859"},"invoices":[{"id":"37683","number":"39944","date":"2021-09-17","amount":200000,"total":200000,"balance":0}],"costCenter":null,"numberTemplate":{"id":"3","prefix":"","number":"37483","fullNumber":"37483","formattedNumber":"37483"}}
2021-09-17 03:02:06 :: ----------send data payment:37684------------
2021-09-17 03:02:06 :: {"date":"2021-09-17","invoices":[{"amount":"70000","id":"37684"}],"bankAccount":2}
2021-09-17 03:02:07 :: ----------result data payment:37684------------
2021-09-17 03:02:07 :: {"id":"39200","date":"2021-09-17","number":"37484","amount":"70000.0000000000","observations":null,"anotation":null,"type":"in","paymentMethod":"","status":"open","bankAccount":{"id":"2","name":"PAYU","type":"bank"},"client":{"id":"29278","name":"Brandon Felipe Romero Masmela","phone":"3212275898"},"invoices":[{"id":"37684","number":"39945","date":"2021-09-17","amount":70000,"total":70000,"balance":0}],"costCenter":null,"numberTemplate":{"id":"3","prefix":"","number":"37484","fullNumber":"37484","formattedNumber":"37484"}}
2021-09-17 03:03:13 :: ----------send data payment:37685------------
2021-09-17 03:03:13 :: {"date":"2021-09-17","invoices":[{"amount":"94997","id":"37685"}],"bankAccount":2}
2021-09-17 03:03:14 :: ----------result data payment:37685------------
2021-09-17 03:03:14 :: {"id":"39201","date":"2021-09-17","number":"37485","amount":"94997.0000000000","observations":null,"anotation":null,"type":"in","paymentMethod":"","status":"open","bankAccount":{"id":"2","name":"PAYU","type":"bank"},"client":{"id":"29279","name":"Daniela rond\u00f3n","phone":"3202343643"},"invoices":[{"id":"37685","number":"39946","date":"2021-09-17","amount":94997,"total":94997,"balance":0}],"costCenter":null,"numberTemplate":{"id":"3","prefix":"","number":"37485","fullNumber":"37485","formattedNumber":"37485"}}
2021-09-17 04:00:21 :: ----------send data payment:37686------------
2021-09-17 04:00:21 :: {"date":"2021-09-17","invoices":[{"amount":"70000","id":"37686"}],"bankAccount":2}
2021-09-17 04:00:24 :: ----------result data payment:37686------------
2021-09-17 04:00:24 :: {"id":"39204","date":"2021-09-17","number":"37486","amount":"70000.0000000000","observations":null,"anotation":null,"type":"in","paymentMethod":"","status":"open","bankAccount":{"id":"2","name":"PAYU","type":"bank"},"client":{"id":"29280","name":"Erica Buitrago Ocampo","phone":"3245599098"},"invoices":[{"id":"37686","number":"39947","date":"2021-09-17","amount":70000,"total":70000,"balance":0}],"costCenter":null,"numberTemplate":{"id":"3","prefix":"","number":"37486","fullNumber":"37486","formattedNumber":"37486"}}
2021-09-17 04:05:46 :: ----------send data payment:37687------------
2021-09-17 04:05:46 :: {"date":"2021-09-17","invoices":[{"amount":"90000","id":"37687"}],"bankAccount":2}
2021-09-17 04:05:49 :: ----------result data payment:37687------------
2021-09-17 04:05:49 :: {"id":"39205","date":"2021-09-17","number":"37487","amount":"90000.0000000000","observations":null,"anotation":null,"type":"in","paymentMethod":"","status":"open","bankAccount":{"id":"2","name":"PAYU","type":"bank"},"client":{"id":"29281","name":"Andrea Bedoya Villada","phone":"3503415173"},"invoices":[{"id":"37687","number":"39948","date":"2021-09-17","amount":90000,"total":90000,"balance":0}],"costCenter":null,"numberTemplate":{"id":"3","prefix":"","number":"37487","fullNumber":"37487","formattedNumber":"37487"}}
2021-09-17 04:33:12 :: ----------send data payment:37688------------
2021-09-17 04:33:12 :: {"date":"2021-09-17","invoices":[{"amount":"110004","id":"37688"}],"bankAccount":2}
2021-09-17 04:33:15 :: ----------result data payment:37688------------
2021-09-17 04:33:15 :: {"id":"39206","date":"2021-09-17","number":"37488","amount":"110004.0000000000","observations":null,"anotation":null,"type":"in","paymentMethod":"","status":"open","bankAccount":{"id":"2","name":"PAYU","type":"bank"},"client":{"id":"28533","name":"Luz Adriana Osorio","phone":"3156837742"},"invoices":[{"id":"37688","number":"39949","date":"2021-09-17","amount":110004,"total":110004,"balance":0}],"costCenter":null,"numberTemplate":{"id":"3","prefix":"","number":"37488","fullNumber":"37488","formattedNumber":"37488"}}
2021-09-17 04:33:24 :: ----------send data payment:37689------------
2021-09-17 04:33:24 :: {"date":"2021-09-17","invoices":[{"amount":"30000","id":"37689"}],"bankAccount":2}
2021-09-17 04:33:26 :: ----------result data payment:37689------------
2021-09-17 04:33:26 :: {"id":"39207","date":"2021-09-17","number":"37489","amount":"30000.0000000000","observations":null,"anotation":null,"type":"in","paymentMethod":"","status":"open","bankAccount":{"id":"2","name":"PAYU","type":"bank"},"client":{"id":"29282","name":"Maria Alejandra Diaz Bautista","phone":"3212652842"},"invoices":[{"id":"37689","number":"39950","date":"2021-09-17","amount":30000,"total":30000,"balance":0}],"costCenter":null,"numberTemplate":{"id":"3","prefix":"","number":"37489","fullNumber":"37489","formattedNumber":"37489"}}
2021-09-17 04:46:11 :: ----------send data payment:37691------------
2021-09-17 04:46:11 :: {"date":"2021-09-17","invoices":[{"amount":"50000","id":"37691"}],"bankAccount":2}
2021-09-17 04:46:13 :: ----------result data payment:37691------------
2021-09-17 04:46:13 :: {"id":"39208","date":"2021-09-17","number":"37490","amount":"50000.0000000000","observations":null,"anotation":null,"type":"in","paymentMethod":"","status":"open","bankAccount":{"id":"2","name":"PAYU","type":"bank"},"client":{"id":"29283","name":"Maria Alejandra Acosta Mesa","phone":"3007901811"},"invoices":[{"id":"37691","number":"39952","date":"2021-09-17","amount":50000,"total":50000,"balance":0}],"costCenter":null,"numberTemplate":{"id":"3","prefix":"","number":"37490","fullNumber":"37490","formattedNumber":"37490"}}
2021-09-17 04:59:05 :: ----------send data payment:37692------------
2021-09-17 04:59:05 :: {"date":"2021-09-17","invoices":[{"amount":"70000","id":"37692"}],"bankAccount":2}
2021-09-17 04:59:07 :: ----------result data payment:37692------------
2021-09-17 04:59:07 :: {"id":"39209","date":"2021-09-17","number":"37491","amount":"70000.0000000000","observations":null,"anotation":null,"type":"in","paymentMethod":"","status":"open","bankAccount":{"id":"2","name":"PAYU","type":"bank"},"client":{"id":"29284","name":"Maria Yuleidy Mera Pecillo","phone":"3223117760"},"invoices":[{"id":"37692","number":"39953","date":"2021-09-17","amount":70000,"total":70000,"balance":0}],"costCenter":null,"numberTemplate":{"id":"3","prefix":"","number":"37491","fullNumber":"37491","formattedNumber":"37491"}}
2021-09-17 06:02:06 :: ----------send data payment:37693------------
2021-09-17 06:02:06 :: {"date":"2021-09-17","invoices":[{"amount":"90000","id":"37693"}],"bankAccount":2}
2021-09-17 06:02:07 :: ----------result data payment:37693------------
2021-09-17 06:02:07 :: {"id":"39210","date":"2021-09-17","number":"37492","amount":"90000.0000000000","observations":null,"anotation":null,"type":"in","paymentMethod":"","status":"open","bankAccount":{"id":"2","name":"PAYU","type":"bank"},"client":{"id":"29285","name":"Laura Viviana","phone":"3197082517"},"invoices":[{"id":"37693","number":"39954","date":"2021-09-17","amount":90000,"total":90000,"balance":0}],"costCenter":null,"numberTemplate":{"id":"3","prefix":"","number":"37492","fullNumber":"37492","formattedNumber":"37492"}}
2021-09-17 06:06:10 :: ----------send data payment:37694------------
2021-09-17 06:06:10 :: {"date":"2021-09-17","invoices":[{"amount":"120000","id":"37694"}],"bankAccount":2}
2021-09-17 06:06:12 :: ----------result data payment:37694------------
2021-09-17 06:06:12 :: {"id":"39211","date":"2021-09-17","number":"37493","amount":"120000.0000000000","observations":null,"anotation":null,"type":"in","paymentMethod":"","status":"open","bankAccount":{"id":"2","name":"PAYU","type":"bank"},"client":{"id":"29286","name":"leydi","phone":"3123655955"},"invoices":[{"id":"37694","number":"39955","date":"2021-09-17","amount":120000,"total":120000,"balance":0}],"costCenter":null,"numberTemplate":{"id":"3","prefix":"","number":"37493","fullNumber":"37493","formattedNumber":"37493"}}
2021-09-17 06:38:06 :: ----------send data payment:37695------------
2021-09-17 06:38:06 :: {"date":"2021-09-17","invoices":[{"amount":"100000","id":"37695"}],"bankAccount":2}
2021-09-17 06:38:08 :: ----------result data payment:37695------------
2021-09-17 06:38:08 :: {"id":"39212","date":"2021-09-17","number":"37494","amount":"100000.0000000000","observations":null,"anotation":null,"type":"in","paymentMethod":"","status":"open","bankAccount":{"id":"2","name":"PAYU","type":"bank"},"client":{"id":"29287","name":"Paula gabriela Rinc\u00f3n","phone":"3183912831"},"invoices":[{"id":"37695","number":"39956","date":"2021-09-17","amount":100000,"total":100000,"balance":0}],"costCenter":null,"numberTemplate":{"id":"3","prefix":"","number":"37494","fullNumber":"37494","formattedNumber":"37494"}}
2021-09-17 06:41:12 :: ----------send data payment:37696------------
2021-09-17 06:41:12 :: {"date":"2021-09-17","invoices":[{"amount":"70000","id":"37696"}],"bankAccount":2}
2021-09-17 06:41:13 :: ----------result data payment:37696------------
2021-09-17 06:41:13 :: {"id":"39213","date":"2021-09-17","number":"37495","amount":"70000.0000000000","observations":null,"anotation":null,"type":"in","paymentMethod":"","status":"open","bankAccount":{"id":"2","name":"PAYU","type":"bank"},"client":{"id":"29288","name":"alisonteran1920","phone":"3006632905"},"invoices":[{"id":"37696","number":"39957","date":"2021-09-17","amount":70000,"total":70000,"balance":0}],"costCenter":null,"numberTemplate":{"id":"3","prefix":"","number":"37495","fullNumber":"37495","formattedNumber":"37495"}}
2021-09-17 07:06:10 :: ----------send data payment:37697------------
2021-09-17 07:06:10 :: {"date":"2021-09-17","invoices":[{"amount":"56000","id":"37697"}],"bankAccount":2}
2021-09-17 07:06:12 :: ----------result data payment:37697------------
2021-09-17 07:06:12 :: {"id":"39214","date":"2021-09-17","number":"37496","amount":"56000.0000000000","observations":null,"anotation":null,"type":"in","paymentMethod":"","status":"open","bankAccount":{"id":"2","name":"PAYU","type":"bank"},"client":{"id":"29289","name":"Laura Morales","phone":"3188373443"},"invoices":[{"id":"37697","number":"39958","date":"2021-09-17","amount":56000,"total":56000,"balance":0}],"costCenter":null,"numberTemplate":{"id":"3","prefix":"","number":"37496","fullNumber":"37496","formattedNumber":"37496"}}
2021-09-17 07:08:03 :: ----------send data payment:37698------------
2021-09-17 07:08:03 :: {"date":"2021-09-17","invoices":[{"amount":"105000","id":"37698"}],"bankAccount":2}
2021-09-17 07:08:05 :: ----------result data payment:37698------------
2021-09-17 07:08:05 :: {"id":"39215","date":"2021-09-17","number":"37497","amount":"105000.0000000000","observations":null,"anotation":null,"type":"in","paymentMethod":"","status":"open","bankAccount":{"id":"2","name":"PAYU","type":"bank"},"client":{"id":"24714","name":"Edsay Velandia","phone":"3014298045"},"invoices":[{"id":"37698","number":"39959","date":"2021-09-17","amount":105000,"total":105000,"balance":0}],"costCenter":null,"numberTemplate":{"id":"3","prefix":"","number":"37497","fullNumber":"37497","formattedNumber":"37497"}}
2021-09-17 07:15:21 :: ----------send data payment:37699------------
2021-09-17 07:15:21 :: {"date":"2021-09-17","invoices":[{"amount":"80998","id":"37699"}],"bankAccount":2}
2021-09-17 07:15:23 :: ----------result data payment:37699------------
2021-09-17 07:15:23 :: {"id":"39216","date":"2021-09-17","number":"37498","amount":"80998.0000000000","observations":null,"anotation":null,"type":"in","paymentMethod":"","status":"open","bankAccount":{"id":"2","name":"PAYU","type":"bank"},"client":{"id":"29290","name":"Diana Almeida","phone":"3223445011"},"invoices":[{"id":"37699","number":"39960","date":"2021-09-17","amount":80998,"total":80998,"balance":0}],"costCenter":null,"numberTemplate":{"id":"3","prefix":"","number":"37498","fullNumber":"37498","formattedNumber":"37498"}}
2021-09-17 07:23:04 :: ----------send data payment:37700------------
2021-09-17 07:23:04 :: {"date":"2021-09-17","invoices":[{"amount":"152999","id":"37700"}],"bankAccount":2}
2021-09-17 07:23:06 :: ----------result data payment:37700------------
2021-09-17 07:23:06 :: {"id":"39217","date":"2021-09-17","number":"37499","amount":"152999.0000000000","observations":null,"anotation":null,"type":"in","paymentMethod":"","status":"open","bankAccount":{"id":"2","name":"PAYU","type":"bank"},"client":{"id":"29291","name":"Carolina Monroy","phone":"3204243507"},"invoices":[{"id":"37700","number":"39961","date":"2021-09-17","amount":152999,"total":152999,"balance":0}],"costCenter":null,"numberTemplate":{"id":"3","prefix":"","number":"37499","fullNumber":"37499","formattedNumber":"37499"}}
2021-09-17 07:37:05 :: ----------send data payment:37701------------
2021-09-17 07:37:05 :: {"date":"2021-09-17","invoices":[{"amount":"40000","id":"37701"}],"bankAccount":2}
2021-09-17 07:37:07 :: ----------result data payment:37701------------
2021-09-17 07:37:07 :: {"id":"39219","date":"2021-09-17","number":"37500","amount":"40000.0000000000","observations":null,"anotation":null,"type":"in","paymentMethod":"","status":"open","bankAccount":{"id":"2","name":"PAYU","type":"bank"},"client":{"id":"29292","name":"Lina Mar\u00eda","phone":"3006842874"},"invoices":[{"id":"37701","number":"39962","date":"2021-09-17","amount":40000,"total":40000,"balance":0}],"costCenter":null,"numberTemplate":{"id":"3","prefix":"","number":"37500","fullNumber":"37500","formattedNumber":"37500"}}
2021-09-17 07:50:13 :: ----------send data payment:37702------------
2021-09-17 07:50:13 :: {"date":"2021-09-17","invoices":[{"amount":"195000","id":"37702"}],"bankAccount":2}
2021-09-17 07:50:14 :: ----------result data payment:37702------------
2021-09-17 07:50:14 :: {"id":"39221","date":"2021-09-17","number":"37502","amount":"195000.0000000000","observations":null,"anotation":null,"type":"in","paymentMethod":"","status":"open","bankAccount":{"id":"2","name":"PAYU","type":"bank"},"client":{"id":"29293","name":"Fernanda Tique","phone":"3208747769"},"invoices":[{"id":"37702","number":"39963","date":"2021-09-17","amount":195000,"total":195000,"balance":0}],"costCenter":null,"numberTemplate":{"id":"3","prefix":"","number":"37502","fullNumber":"37502","formattedNumber":"37502"}}
2021-09-17 08:02:05 :: ----------send data payment:37703------------
2021-09-17 08:02:05 :: {"date":"2021-09-17","invoices":[{"amount":"73000","id":"37703"}],"bankAccount":2}
2021-09-17 08:02:06 :: ----------result data payment:37703------------
2021-09-17 08:02:06 :: {"id":"39224","date":"2021-09-17","number":"37503","amount":"73000.0000000000","observations":null,"anotation":null,"type":"in","paymentMethod":"","status":"open","bankAccount":{"id":"2","name":"PAYU","type":"bank"},"client":{"id":"29294","name":"Nini Johanna Daza","phone":"3143268580"},"invoices":[{"id":"37703","number":"39964","date":"2021-09-17","amount":73000,"total":73000,"balance":0}],"costCenter":null,"numberTemplate":{"id":"3","prefix":"","number":"37503","fullNumber":"37503","formattedNumber":"37503"}}
2021-09-17 09:05:06 :: ----------send data payment:37704------------
2021-09-17 09:05:06 :: {"date":"2021-09-17","invoices":[{"amount":"40000","id":"37704"}],"bankAccount":2}
2021-09-17 09:05:35 :: ----------result data payment:37704------------
2021-09-17 09:05:35 :: {"message": "Endpoint request timed out"}
2021-09-17 11:06:08 :: ----------send data payment:37705------------
2021-09-17 11:06:08 :: {"date":"2021-09-17","invoices":[{"amount":"70996","id":"37705"}],"bankAccount":2}
2021-09-17 11:06:09 :: ----------result data payment:37705------------
2021-09-17 11:06:09 :: {"id":"39226","date":"2021-09-17","number":"37504","amount":"70996.0000000000","observations":null,"anotation":null,"type":"in","paymentMethod":"","status":"open","bankAccount":{"id":"2","name":"PAYU","type":"bank"},"client":{"id":"20647","name":"Estefania Restrepo Gonz\u00e1lez","phone":"3113352215"},"invoices":[{"id":"37705","number":"39966","date":"2021-09-17","amount":70996,"total":70996,"balance":0}],"costCenter":null,"numberTemplate":{"id":"3","prefix":"","number":"37504","fullNumber":"37504","formattedNumber":"37504"}}
2021-09-17 11:42:07 :: ----------send data payment:37706------------
2021-09-17 11:42:07 :: {"date":"2021-09-17","invoices":[{"amount":"60000","id":"37706"}],"bankAccount":2}
2021-09-17 11:42:08 :: ----------result data payment:37706------------
2021-09-17 11:42:08 :: {"id":"39227","date":"2021-09-17","number":"37505","amount":"60000.0000000000","observations":null,"anotation":null,"type":"in","paymentMethod":"","status":"open","bankAccount":{"id":"2","name":"PAYU","type":"bank"},"client":{"id":"29296","name":"Pamela G\u00e1lvez","phone":"3146172364"},"invoices":[{"id":"37706","number":"39967","date":"2021-09-17","amount":60000,"total":60000,"balance":0}],"costCenter":null,"numberTemplate":{"id":"3","prefix":"","number":"37505","fullNumber":"37505","formattedNumber":"37505"}}
2021-09-17 11:43:05 :: ----------send data payment:37707------------
2021-09-17 11:43:05 :: {"date":"2021-09-17","invoices":[{"amount":"108000","id":"37707"}],"bankAccount":2}
2021-09-17 11:43:06 :: ----------result data payment:37707------------
2021-09-17 11:43:06 :: {"id":"39228","date":"2021-09-17","number":"37506","amount":"108000.0000000000","observations":null,"anotation":null,"type":"in","paymentMethod":"","status":"open","bankAccount":{"id":"2","name":"PAYU","type":"bank"},"client":{"id":"29297","name":"Dayanna Vanessa Rendon Estrada","phone":"3116760101"},"invoices":[{"id":"37707","number":"39968","date":"2021-09-17","amount":108000,"total":108000,"balance":0}],"costCenter":null,"numberTemplate":{"id":"3","prefix":"","number":"37506","fullNumber":"37506","formattedNumber":"37506"}}