
2021-06-09 06:40:07 :: ----------send data payment:32501------------
2021-06-09 06:40:07 :: {"date":"2021-06-09","invoices":[{"amount":"80001","id":"32501"}],"bankAccount":2}
2021-06-09 06:40:09 :: ----------result data payment:32501------------
2021-06-09 06:40:09 :: {"id":"33745","date":"2021-06-09","number":"32329","amount":"80001.0000000000","observations":null,"anotation":null,"type":"in","paymentMethod":"","status":"open","bankAccount":{"id":"2","name":"PAYU","type":"bank"},"client":{"id":"25457","name":"Angie Leal","phone":"3128240212"},"invoices":[{"id":"32501","number":"34762","date":"2021-06-09","amount":80001,"total":80001,"balance":0}],"costCenter":null,"numberTemplate":{"id":"3","prefix":"","number":"32329","fullNumber":"32329","formattedNumber":"32329"}}
2021-06-09 06:50:08 :: ----------send data payment:32502------------
2021-06-09 06:50:08 :: {"date":"2021-06-09","invoices":[{"amount":"60500","id":"32502"}],"bankAccount":2}
2021-06-09 06:50:09 :: ----------result data payment:32502------------
2021-06-09 06:50:09 :: {"id":"33746","date":"2021-06-09","number":"32330","amount":"60500.0000000000","observations":null,"anotation":null,"type":"in","paymentMethod":"","status":"open","bankAccount":{"id":"2","name":"PAYU","type":"bank"},"client":{"id":"25458","name":"Andreina Duran","phone":"3194766911"},"invoices":[{"id":"32502","number":"34763","date":"2021-06-09","amount":60500,"total":60500,"balance":0}],"costCenter":null,"numberTemplate":{"id":"3","prefix":"","number":"32330","fullNumber":"32330","formattedNumber":"32330"}}
2021-06-09 06:50:11 :: ----------send data payment:32503------------
2021-06-09 06:50:11 :: {"date":"2021-06-09","invoices":[{"amount":"110000","id":"32503"}],"bankAccount":2}
2021-06-09 06:50:12 :: ----------result data payment:32503------------
2021-06-09 06:50:12 :: {"id":"33747","date":"2021-06-09","number":"32331","amount":"110000.0000000000","observations":null,"anotation":null,"type":"in","paymentMethod":"","status":"open","bankAccount":{"id":"2","name":"PAYU","type":"bank"},"client":{"id":"25459","name":"Carolina Garrido","phone":"3183812078"},"invoices":[{"id":"32503","number":"34764","date":"2021-06-09","amount":110000,"total":110000,"balance":0}],"costCenter":null,"numberTemplate":{"id":"3","prefix":"","number":"32331","fullNumber":"32331","formattedNumber":"32331"}}
2021-06-09 07:30:07 :: ----------send data payment:32504------------
2021-06-09 07:30:07 :: {"date":"2021-06-09","invoices":[{"amount":"77900","id":"32504"}],"bankAccount":2}
2021-06-09 07:30:09 :: ----------result data payment:32504------------
2021-06-09 07:30:09 :: {"id":"33748","date":"2021-06-09","number":"32332","amount":"77900.0000000000","observations":null,"anotation":null,"type":"in","paymentMethod":"","status":"open","bankAccount":{"id":"2","name":"PAYU","type":"bank"},"client":{"id":"12829","name":"Laura Valentina Bonilla Espinosa","phone":"3102620661"},"invoices":[{"id":"32504","number":"34765","date":"2021-06-09","amount":77900,"total":77900,"balance":0}],"costCenter":null,"numberTemplate":{"id":"3","prefix":"","number":"32332","fullNumber":"32332","formattedNumber":"32332"}}
2021-06-09 07:40:08 :: ----------send data payment:32505------------
2021-06-09 07:40:08 :: {"date":"2021-06-09","invoices":[{"amount":"157500","id":"32505"}],"bankAccount":2}
2021-06-09 07:40:10 :: ----------result data payment:32505------------
2021-06-09 07:40:10 :: {"id":"33749","date":"2021-06-09","number":"32333","amount":"157500.0000000000","observations":null,"anotation":null,"type":"in","paymentMethod":"","status":"open","bankAccount":{"id":"2","name":"PAYU","type":"bank"},"client":{"id":"25460","name":"Natali Quintero","phone":"3162260622"},"invoices":[{"id":"32505","number":"34766","date":"2021-06-09","amount":157500,"total":157500,"balance":0}],"costCenter":null,"numberTemplate":{"id":"3","prefix":"","number":"32333","fullNumber":"32333","formattedNumber":"32333"}}
2021-06-09 09:20:07 :: ----------send data payment:32506------------
2021-06-09 09:20:07 :: {"date":"2021-06-09","invoices":[{"amount":"81000","id":"32506"}],"bankAccount":2}
2021-06-09 09:20:09 :: ----------result data payment:32506------------
2021-06-09 09:20:09 :: {"id":"33750","date":"2021-06-09","number":"32334","amount":"81000.0000000000","observations":null,"anotation":null,"type":"in","paymentMethod":"","status":"open","bankAccount":{"id":"2","name":"PAYU","type":"bank"},"client":{"id":"14370","name":"Valentina Mu\u00f1oz Jaramillo","phone":"3206562715"},"invoices":[{"id":"32506","number":"34767","date":"2021-06-09","amount":81000,"total":81000,"balance":0}],"costCenter":null,"numberTemplate":{"id":"3","prefix":"","number":"32334","fullNumber":"32334","formattedNumber":"32334"}}
2021-06-09 09:45:12 :: ----------send data payment:32507------------
2021-06-09 09:45:12 :: {"date":"2021-06-09","invoices":[{"amount":"22600","id":"32507"}],"bankAccount":2}
2021-06-09 09:45:16 :: ----------result data payment:32507------------
2021-06-09 09:45:16 :: {"id":"33751","date":"2021-06-09","number":"32335","amount":"22600.0000000000","observations":null,"anotation":null,"type":"in","paymentMethod":"","status":"open","bankAccount":{"id":"2","name":"PAYU","type":"bank"},"client":{"id":"25461","name":"NATALIA SOLER CASTIBLANCO","phone":"3184750786"},"invoices":[{"id":"32507","number":"34768","date":"2021-06-09","amount":22600,"total":22600,"balance":0}],"costCenter":null,"numberTemplate":{"id":"3","prefix":"","number":"32335","fullNumber":"32335","formattedNumber":"32335"}}
2021-06-09 09:50:09 :: ----------send data payment:32508------------
2021-06-09 09:50:09 :: {"date":"2021-06-09","invoices":[{"amount":"82100","id":"32508"}],"bankAccount":2}
2021-06-09 09:50:11 :: ----------result data payment:32508------------
2021-06-09 09:50:11 :: {"id":"33752","date":"2021-06-09","number":"32336","amount":"82100.0000000000","observations":null,"anotation":null,"type":"in","paymentMethod":"","status":"open","bankAccount":{"id":"2","name":"PAYU","type":"bank"},"client":{"id":"25462","name":"Alejandra Pulido","phone":"3057868520"},"invoices":[{"id":"32508","number":"34769","date":"2021-06-09","amount":82100,"total":82100,"balance":0}],"costCenter":null,"numberTemplate":{"id":"3","prefix":"","number":"32336","fullNumber":"32336","formattedNumber":"32336"}}
2021-06-09 09:50:13 :: ----------send data payment:32509------------
2021-06-09 09:50:13 :: {"date":"2021-06-09","invoices":[{"amount":"155000","id":"32509"}],"bankAccount":2}
2021-06-09 09:50:15 :: ----------result data payment:32509------------
2021-06-09 09:50:15 :: {"id":"33753","date":"2021-06-09","number":"32337","amount":"155000.0000000000","observations":null,"anotation":null,"type":"in","paymentMethod":"","status":"open","bankAccount":{"id":"2","name":"PAYU","type":"bank"},"client":{"id":"25463","name":"Alexa Ortiz","phone":"3205029633"},"invoices":[{"id":"32509","number":"34770","date":"2021-06-09","amount":155000,"total":155000,"balance":0}],"costCenter":null,"numberTemplate":{"id":"3","prefix":"","number":"32337","fullNumber":"32337","formattedNumber":"32337"}}
2021-06-09 10:10:09 :: ----------send data payment:32510------------
2021-06-09 10:10:09 :: {"date":"2021-06-09","invoices":[{"amount":"197600","id":"32510"}],"bankAccount":2}
2021-06-09 10:10:11 :: ----------result data payment:32510------------
2021-06-09 10:10:11 :: {"id":"33754","date":"2021-06-09","number":"32338","amount":"197600.0000000000","observations":null,"anotation":null,"type":"in","paymentMethod":"","status":"open","bankAccount":{"id":"2","name":"PAYU","type":"bank"},"client":{"id":"25464","name":"Ginna Rodr\u00edguez","phone":"3219012286"},"invoices":[{"id":"32510","number":"34771","date":"2021-06-09","amount":197600,"total":197600,"balance":0}],"costCenter":null,"numberTemplate":{"id":"3","prefix":"","number":"32338","fullNumber":"32338","formattedNumber":"32338"}}
2021-06-09 10:20:09 :: ----------send data payment:32511------------
2021-06-09 10:20:09 :: {"date":"2021-06-09","invoices":[{"amount":"54100","id":"32511"}],"bankAccount":2}
2021-06-09 10:20:10 :: ----------result data payment:32511------------
2021-06-09 10:20:10 :: {"id":"33755","date":"2021-06-09","number":"32339","amount":"54100.0000000000","observations":null,"anotation":null,"type":"in","paymentMethod":"","status":"open","bankAccount":{"id":"2","name":"PAYU","type":"bank"},"client":{"id":"25465","name":"Sofia","phone":"3213146120"},"invoices":[{"id":"32511","number":"34772","date":"2021-06-09","amount":54100,"total":54100,"balance":0}],"costCenter":null,"numberTemplate":{"id":"3","prefix":"","number":"32339","fullNumber":"32339","formattedNumber":"32339"}}
2021-06-09 10:55:14 :: ----------send data payment:32512------------
2021-06-09 10:55:14 :: {"date":"2021-06-09","invoices":[{"amount":"151500","id":"32512"}],"bankAccount":2}
2021-06-09 10:55:16 :: ----------result data payment:32512------------
2021-06-09 10:55:16 :: {"id":"33756","date":"2021-06-09","number":"32340","amount":"151500.0000000000","observations":null,"anotation":null,"type":"in","paymentMethod":"","status":"open","bankAccount":{"id":"2","name":"PAYU","type":"bank"},"client":{"id":"21508","name":"Mar\u00eda Mercado Jaraba","phone":"3113731834"},"invoices":[{"id":"32512","number":"34773","date":"2021-06-09","amount":151500,"total":151500,"balance":0}],"costCenter":null,"numberTemplate":{"id":"3","prefix":"","number":"32340","fullNumber":"32340","formattedNumber":"32340"}}
2021-06-09 11:05:20 :: ----------send data payment:32514------------
2021-06-09 11:05:20 :: {"date":"2021-06-09","invoices":[{"amount":"78000","id":"32514"}],"bankAccount":2}
2021-06-09 11:05:22 :: ----------result data payment:32514------------
2021-06-09 11:05:22 :: {"id":"33758","date":"2021-06-09","number":"32342","amount":"78000.0000000000","observations":null,"anotation":null,"type":"in","paymentMethod":"","status":"open","bankAccount":{"id":"2","name":"PAYU","type":"bank"},"client":{"id":"8276","name":"Alejandra Bello","phone":"3112674523"},"invoices":[{"id":"32514","number":"34775","date":"2021-06-09","amount":78000,"total":78000,"balance":0}],"costCenter":null,"numberTemplate":{"id":"3","prefix":"","number":"32342","fullNumber":"32342","formattedNumber":"32342"}}
2021-06-09 11:10:08 :: ----------send data payment:32515------------
2021-06-09 11:10:08 :: {"date":"2021-06-09","invoices":[{"amount":"54600","id":"32515"}],"bankAccount":2}
2021-06-09 11:10:09 :: ----------result data payment:32515------------
2021-06-09 11:10:09 :: {"id":"33759","date":"2021-06-09","number":"32343","amount":"54600.0000000000","observations":null,"anotation":null,"type":"in","paymentMethod":"","status":"open","bankAccount":{"id":"2","name":"PAYU","type":"bank"},"client":{"id":"25467","name":"Yudy Natalia Rodr\u00edguez G\u00f3mez","phone":"3142743427"},"invoices":[{"id":"32515","number":"34776","date":"2021-06-09","amount":54600,"total":54600,"balance":0}],"costCenter":null,"numberTemplate":{"id":"3","prefix":"","number":"32343","fullNumber":"32343","formattedNumber":"32343"}}
2021-06-09 12:05:19 :: ----------send data payment:32517------------
2021-06-09 12:05:19 :: {"date":"2021-06-09","invoices":[{"amount":"48500","id":"32517"}],"bankAccount":2}
2021-06-09 12:05:24 :: ----------result data payment:32517------------
2021-06-09 12:05:24 :: {"id":"33761","date":"2021-06-09","number":"32345","amount":"48500.0000000000","observations":null,"anotation":null,"type":"in","paymentMethod":"","status":"open","bankAccount":{"id":"2","name":"PAYU","type":"bank"},"client":{"id":"25468","name":"EMMA PEREZ RAMIREZ","phone":"3006196387"},"invoices":[{"id":"32517","number":"34778","date":"2021-06-09","amount":48500,"total":48500,"balance":0}],"costCenter":null,"numberTemplate":{"id":"3","prefix":"","number":"32345","fullNumber":"32345","formattedNumber":"32345"}}
2021-06-09 12:10:06 :: ----------send data payment:32518------------
2021-06-09 12:10:06 :: {"date":"2021-06-09","invoices":[{"amount":"58500","id":"32518"}],"bankAccount":2}
2021-06-09 12:10:08 :: ----------result data payment:32518------------
2021-06-09 12:10:08 :: {"id":"33762","date":"2021-06-09","number":"32346","amount":"58500.0000000000","observations":null,"anotation":null,"type":"in","paymentMethod":"","status":"open","bankAccount":{"id":"2","name":"PAYU","type":"bank"},"client":{"id":"22035","name":"Daniela Rojas","phone":"3178433201"},"invoices":[{"id":"32518","number":"34779","date":"2021-06-09","amount":58500,"total":58500,"balance":0}],"costCenter":null,"numberTemplate":{"id":"3","prefix":"","number":"32346","fullNumber":"32346","formattedNumber":"32346"}}
2021-06-09 12:40:07 :: ----------send data payment:32520------------
2021-06-09 12:40:07 :: {"date":"2021-06-09","invoices":[{"amount":"75999","id":"32520"}],"bankAccount":2}
2021-06-09 12:40:09 :: ----------result data payment:32520------------
2021-06-09 12:40:09 :: {"id":"33764","date":"2021-06-09","number":"32348","amount":"75999.0000000000","observations":null,"anotation":null,"type":"in","paymentMethod":"","status":"open","bankAccount":{"id":"2","name":"PAYU","type":"bank"},"client":{"id":"25469","name":"Paula Tatiana Castiblanco","phone":"3004950849"},"invoices":[{"id":"32520","number":"34781","date":"2021-06-09","amount":75999,"total":75999,"balance":0}],"costCenter":null,"numberTemplate":{"id":"3","prefix":"","number":"32348","fullNumber":"32348","formattedNumber":"32348"}}
2021-06-09 01:15:17 :: ----------send data payment:32521------------
2021-06-09 01:15:17 :: {"date":"2021-06-09","invoices":[{"amount":"36600","id":"32521"}],"bankAccount":2}
2021-06-09 01:15:19 :: ----------result data payment:32521------------
2021-06-09 01:15:19 :: {"id":"33765","date":"2021-06-09","number":"32349","amount":"36600.0000000000","observations":null,"anotation":null,"type":"in","paymentMethod":"","status":"open","bankAccount":{"id":"2","name":"PAYU","type":"bank"},"client":{"id":"25470","name":"Diana Sofia MG","phone":"3206227739"},"invoices":[{"id":"32521","number":"34782","date":"2021-06-09","amount":36600,"total":36600,"balance":0}],"costCenter":null,"numberTemplate":{"id":"3","prefix":"","number":"32349","fullNumber":"32349","formattedNumber":"32349"}}
2021-06-09 01:20:09 :: ----------send data payment:32522------------
2021-06-09 01:20:09 :: {"date":"2021-06-09","invoices":[{"amount":"69500","id":"32522"}],"bankAccount":2}
2021-06-09 01:20:10 :: ----------result data payment:32522------------
2021-06-09 01:20:10 :: {"id":"33766","date":"2021-06-09","number":"32350","amount":"69500.0000000000","observations":null,"anotation":null,"type":"in","paymentMethod":"","status":"open","bankAccount":{"id":"2","name":"PAYU","type":"bank"},"client":{"id":"25471","name":"Karol Villany Correa Escobar","phone":"3132122563"},"invoices":[{"id":"32522","number":"34783","date":"2021-06-09","amount":69500,"total":69500,"balance":0}],"costCenter":null,"numberTemplate":{"id":"3","prefix":"","number":"32350","fullNumber":"32350","formattedNumber":"32350"}}
2021-06-09 01:25:11 :: ----------send data payment:32523------------
2021-06-09 01:25:11 :: {"date":"2021-06-09","invoices":[{"amount":"155999","id":"32523"}],"bankAccount":2}
2021-06-09 01:25:12 :: ----------result data payment:32523------------
2021-06-09 01:25:12 :: {"id":"33767","date":"2021-06-09","number":"32351","amount":"155999.0000000000","observations":null,"anotation":null,"type":"in","paymentMethod":"","status":"open","bankAccount":{"id":"2","name":"PAYU","type":"bank"},"client":{"id":"10903","name":"Monica Guerrero","phone":"3103092386"},"invoices":[{"id":"32523","number":"34784","date":"2021-06-09","amount":155999,"total":155999,"balance":0}],"costCenter":null,"numberTemplate":{"id":"3","prefix":"","number":"32351","fullNumber":"32351","formattedNumber":"32351"}}
2021-06-09 02:35:17 :: ----------send data payment:32524------------
2021-06-09 02:35:17 :: {"date":"2021-06-09","invoices":[{"amount":"106000","id":"32524"}],"bankAccount":2}
2021-06-09 02:35:19 :: ----------result data payment:32524------------
2021-06-09 02:35:19 :: {"id":"33768","date":"2021-06-09","number":"32352","amount":"106000.0000000000","observations":null,"anotation":null,"type":"in","paymentMethod":"","status":"open","bankAccount":{"id":"2","name":"PAYU","type":"bank"},"client":{"id":"24033","name":"Doris","phone":"3104156805"},"invoices":[{"id":"32524","number":"34785","date":"2021-06-09","amount":106000,"total":106000,"balance":0}],"costCenter":null,"numberTemplate":{"id":"3","prefix":"","number":"32352","fullNumber":"32352","formattedNumber":"32352"}}
2021-06-09 02:35:21 :: ----------send data payment:32525------------
2021-06-09 02:35:21 :: {"date":"2021-06-09","invoices":[{"amount":"65500","id":"32525"}],"bankAccount":2}
2021-06-09 02:35:23 :: ----------result data payment:32525------------
2021-06-09 02:35:23 :: {"id":"33769","date":"2021-06-09","number":"32353","amount":"65500.0000000000","observations":null,"anotation":null,"type":"in","paymentMethod":"","status":"open","bankAccount":{"id":"2","name":"PAYU","type":"bank"},"client":{"id":"25472","name":"luisa fernanda aguado correa","phone":"4934882"},"invoices":[{"id":"32525","number":"34786","date":"2021-06-09","amount":65500,"total":65500,"balance":0}],"costCenter":null,"numberTemplate":{"id":"3","prefix":"","number":"32353","fullNumber":"32353","formattedNumber":"32353"}}
2021-06-09 02:50:07 :: ----------send data payment:32526------------
2021-06-09 02:50:07 :: {"date":"2021-06-09","invoices":[{"amount":"54000","id":"32526"}],"bankAccount":2}
2021-06-09 02:50:09 :: ----------result data payment:32526------------
2021-06-09 02:50:09 :: {"id":"33770","date":"2021-06-09","number":"32354","amount":"54000.0000000000","observations":null,"anotation":null,"type":"in","paymentMethod":"","status":"open","bankAccount":{"id":"2","name":"PAYU","type":"bank"},"client":{"id":"9443","name":"Diana Marcela Porras","phone":"3123049851"},"invoices":[{"id":"32526","number":"34787","date":"2021-06-09","amount":54000,"total":54000,"balance":0}],"costCenter":null,"numberTemplate":{"id":"3","prefix":"","number":"32354","fullNumber":"32354","formattedNumber":"32354"}}
2021-06-09 03:05:16 :: ----------send data payment:32527------------
2021-06-09 03:05:16 :: {"date":"2021-06-09","invoices":[{"amount":"76500","id":"32527"}],"bankAccount":2}
2021-06-09 03:05:19 :: ----------result data payment:32527------------
2021-06-09 03:05:19 :: {"id":"33771","date":"2021-06-09","number":"32355","amount":"76500.0000000000","observations":null,"anotation":null,"type":"in","paymentMethod":"","status":"open","bankAccount":{"id":"2","name":"PAYU","type":"bank"},"client":{"id":"6875","name":"Lina Leiton","phone":"3153264960"},"invoices":[{"id":"32527","number":"34788","date":"2021-06-09","amount":76500,"total":76500,"balance":0}],"costCenter":null,"numberTemplate":{"id":"3","prefix":"","number":"32355","fullNumber":"32355","formattedNumber":"32355"}}
2021-06-09 03:20:09 :: ----------send data payment:32528------------
2021-06-09 03:20:09 :: {"date":"2021-06-09","invoices":[{"amount":"280000","id":"32528"}],"bankAccount":2}
2021-06-09 03:20:11 :: ----------result data payment:32528------------
2021-06-09 03:20:11 :: {"id":"33772","date":"2021-06-09","number":"32356","amount":"280000.0000000000","observations":null,"anotation":null,"type":"in","paymentMethod":"","status":"open","bankAccount":{"id":"2","name":"PAYU","type":"bank"},"client":{"id":"25473","name":"MARIA CAMILA","phone":"3148852368"},"invoices":[{"id":"32528","number":"34789","date":"2021-06-09","amount":280000,"total":280000,"balance":0}],"costCenter":null,"numberTemplate":{"id":"3","prefix":"","number":"32356","fullNumber":"32356","formattedNumber":"32356"}}
2021-06-09 03:20:13 :: ----------send data payment:32529------------
2021-06-09 03:20:13 :: {"date":"2021-06-09","invoices":[{"amount":"60000","id":"32529"}],"bankAccount":2}
2021-06-09 03:20:15 :: ----------result data payment:32529------------
2021-06-09 03:20:15 :: {"id":"33773","date":"2021-06-09","number":"32357","amount":"60000.0000000000","observations":null,"anotation":null,"type":"in","paymentMethod":"","status":"open","bankAccount":{"id":"2","name":"PAYU","type":"bank"},"client":{"id":"25474","name":"Natalia Venegas","phone":"3005715863"},"invoices":[{"id":"32529","number":"34790","date":"2021-06-09","amount":60000,"total":60000,"balance":0}],"costCenter":null,"numberTemplate":{"id":"3","prefix":"","number":"32357","fullNumber":"32357","formattedNumber":"32357"}}
2021-06-09 03:30:10 :: ----------send data payment:32530------------
2021-06-09 03:30:10 :: {"date":"2021-06-09","invoices":[{"amount":"80001","id":"32530"}],"bankAccount":2}
2021-06-09 03:30:12 :: ----------result data payment:32530------------
2021-06-09 03:30:12 :: {"id":"33774","date":"2021-06-09","number":"32358","amount":"80001.0000000000","observations":null,"anotation":null,"type":"in","paymentMethod":"","status":"open","bankAccount":{"id":"2","name":"PAYU","type":"bank"},"client":{"id":"25475","name":"Jose Sepulveda","phone":"3156715947"},"invoices":[{"id":"32530","number":"34791","date":"2021-06-09","amount":80001,"total":80001,"balance":0}],"costCenter":null,"numberTemplate":{"id":"3","prefix":"","number":"32358","fullNumber":"32358","formattedNumber":"32358"}}
2021-06-09 03:45:22 :: ----------send data payment:32531------------
2021-06-09 03:45:22 :: {"date":"2021-06-09","invoices":[{"amount":"110500","id":"32531"}],"bankAccount":2}
2021-06-09 03:45:24 :: ----------result data payment:32531------------
2021-06-09 03:45:24 :: {"id":"33775","date":"2021-06-09","number":"32359","amount":"110500.0000000000","observations":null,"anotation":null,"type":"in","paymentMethod":"","status":"open","bankAccount":{"id":"2","name":"PAYU","type":"bank"},"client":{"id":"25476","name":"Aura Sotelo","phone":"3106807059"},"invoices":[{"id":"32531","number":"34792","date":"2021-06-09","amount":110500,"total":110500,"balance":0}],"costCenter":null,"numberTemplate":{"id":"3","prefix":"","number":"32359","fullNumber":"32359","formattedNumber":"32359"}}
2021-06-09 04:00:08 :: ----------send data payment:32532------------
2021-06-09 04:00:08 :: {"date":"2021-06-09","invoices":[{"amount":"119500","id":"32532"}],"bankAccount":2}
2021-06-09 04:00:10 :: ----------result data payment:32532------------
2021-06-09 04:00:10 :: {"id":"33776","date":"2021-06-09","number":"32360","amount":"119500.0000000000","observations":null,"anotation":null,"type":"in","paymentMethod":"","status":"open","bankAccount":{"id":"2","name":"PAYU","type":"bank"},"client":{"id":"23767","name":"Daniela Hurtado Montoya","phone":"3217599634"},"invoices":[{"id":"32532","number":"34793","date":"2021-06-09","amount":119500,"total":119500,"balance":0}],"costCenter":null,"numberTemplate":{"id":"3","prefix":"","number":"32360","fullNumber":"32360","formattedNumber":"32360"}}
2021-06-09 04:00:12 :: ----------send data payment:32533------------
2021-06-09 04:00:12 :: {"date":"2021-06-09","invoices":[{"amount":"96100","id":"32533"}],"bankAccount":2}
2021-06-09 04:00:14 :: ----------result data payment:32533------------
2021-06-09 04:00:14 :: {"id":"33777","date":"2021-06-09","number":"32361","amount":"96100.0000000000","observations":null,"anotation":null,"type":"in","paymentMethod":"","status":"open","bankAccount":{"id":"2","name":"PAYU","type":"bank"},"client":{"id":"18820","name":"Andrea Padilla","phone":"3135118341"},"invoices":[{"id":"32533","number":"34794","date":"2021-06-09","amount":96100,"total":96100,"balance":0}],"costCenter":null,"numberTemplate":{"id":"3","prefix":"","number":"32361","fullNumber":"32361","formattedNumber":"32361"}}
2021-06-09 04:35:11 :: ----------send data payment:32534------------
2021-06-09 04:35:11 :: {"date":"2021-06-09","invoices":[{"amount":"152100","id":"32534"}],"bankAccount":2}
2021-06-09 04:35:14 :: ----------result data payment:32534------------
2021-06-09 04:35:14 :: {"id":"33778","date":"2021-06-09","number":"32362","amount":"152100.0000000000","observations":null,"anotation":null,"type":"in","paymentMethod":"","status":"open","bankAccount":{"id":"2","name":"PAYU","type":"bank"},"client":{"id":"18328","name":"mariana Osorio","phone":"3146082481"},"invoices":[{"id":"32534","number":"34795","date":"2021-06-09","amount":152100,"total":152100,"balance":0}],"costCenter":null,"numberTemplate":{"id":"3","prefix":"","number":"32362","fullNumber":"32362","formattedNumber":"32362"}}
2021-06-09 04:40:10 :: ----------send data payment:32535------------
2021-06-09 04:40:10 :: {"date":"2021-06-09","invoices":[{"amount":"158000","id":"32535"}],"bankAccount":2}
2021-06-09 04:40:13 :: ----------result data payment:32535------------
2021-06-09 04:40:13 :: {"id":"33779","date":"2021-06-09","number":"32363","amount":"158000.0000000000","observations":null,"anotation":null,"type":"in","paymentMethod":"","status":"open","bankAccount":{"id":"2","name":"PAYU","type":"bank"},"client":{"id":"25477","name":"Paola","phone":"3222294613"},"invoices":[{"id":"32535","number":"34796","date":"2021-06-09","amount":158000,"total":158000,"balance":0}],"costCenter":null,"numberTemplate":{"id":"3","prefix":"","number":"32363","fullNumber":"32363","formattedNumber":"32363"}}
2021-06-09 04:45:11 :: ----------send data payment:32536------------
2021-06-09 04:45:11 :: {"date":"2021-06-09","invoices":[{"amount":"55500","id":"32536"}],"bankAccount":2}
2021-06-09 04:45:12 :: ----------result data payment:32536------------
2021-06-09 04:45:12 :: {"id":"33780","date":"2021-06-09","number":"32364","amount":"55500.0000000000","observations":null,"anotation":null,"type":"in","paymentMethod":"","status":"open","bankAccount":{"id":"2","name":"PAYU","type":"bank"},"client":{"id":"22231","name":"ana maria","phone":"3213644179"},"invoices":[{"id":"32536","number":"34797","date":"2021-06-09","amount":55500,"total":55500,"balance":0}],"costCenter":null,"numberTemplate":{"id":"3","prefix":"","number":"32364","fullNumber":"32364","formattedNumber":"32364"}}
2021-06-09 05:20:06 :: ----------send data payment:32537------------
2021-06-09 05:20:06 :: {"date":"2021-06-09","invoices":[{"amount":"48500","id":"32537"}],"bankAccount":2}
2021-06-09 05:20:08 :: ----------result data payment:32537------------
2021-06-09 05:20:08 :: {"id":"33781","date":"2021-06-09","number":"32365","amount":"48500.0000000000","observations":null,"anotation":null,"type":"in","paymentMethod":"","status":"open","bankAccount":{"id":"2","name":"PAYU","type":"bank"},"client":{"id":"5816","name":"Daniela Rodriguez Rodriguez","phone":"3122567158"},"invoices":[{"id":"32537","number":"34798","date":"2021-06-09","amount":48500,"total":48500,"balance":0}],"costCenter":null,"numberTemplate":{"id":"3","prefix":"","number":"32365","fullNumber":"32365","formattedNumber":"32365"}}
2021-06-09 05:25:11 :: ----------send data payment:32538------------
2021-06-09 05:25:11 :: {"date":"2021-06-09","invoices":[{"amount":"32600","id":"32538"}],"bankAccount":2}
2021-06-09 05:25:13 :: ----------result data payment:32538------------
2021-06-09 05:25:13 :: {"id":"33782","date":"2021-06-09","number":"32366","amount":"32600.0000000000","observations":null,"anotation":null,"type":"in","paymentMethod":"","status":"open","bankAccount":{"id":"2","name":"PAYU","type":"bank"},"client":{"id":"8948","name":"Nayelly Palacios","phone":"3226311184"},"invoices":[{"id":"32538","number":"34799","date":"2021-06-09","amount":32600,"total":32600,"balance":0}],"costCenter":null,"numberTemplate":{"id":"3","prefix":"","number":"32366","fullNumber":"32366","formattedNumber":"32366"}}
2021-06-09 05:40:08 :: ----------send data payment:32539------------
2021-06-09 05:40:08 :: {"date":"2021-06-09","invoices":[{"amount":"62500","id":"32539"}],"bankAccount":2}
2021-06-09 05:40:09 :: ----------result data payment:32539------------
2021-06-09 05:40:09 :: {"id":"33783","date":"2021-06-09","number":"32367","amount":"62500.0000000000","observations":null,"anotation":null,"type":"in","paymentMethod":"","status":"open","bankAccount":{"id":"2","name":"PAYU","type":"bank"},"client":{"id":"25478","name":"Tatiana Mu\u00f1oz","phone":"3204264857"},"invoices":[{"id":"32539","number":"34800","date":"2021-06-09","amount":62500,"total":62500,"balance":0}],"costCenter":null,"numberTemplate":{"id":"3","prefix":"","number":"32367","fullNumber":"32367","formattedNumber":"32367"}}
2021-06-09 05:40:11 :: ----------send data payment:32540------------
2021-06-09 05:40:11 :: {"date":"2021-06-09","invoices":[{"amount":"75000","id":"32540"}],"bankAccount":2}
2021-06-09 05:40:13 :: ----------result data payment:32540------------
2021-06-09 05:40:13 :: {"id":"33784","date":"2021-06-09","number":"32368","amount":"75000.0000000000","observations":null,"anotation":null,"type":"in","paymentMethod":"","status":"open","bankAccount":{"id":"2","name":"PAYU","type":"bank"},"client":{"id":"25479","name":"Val R","phone":"3195593107"},"invoices":[{"id":"32540","number":"34801","date":"2021-06-09","amount":75000,"total":75000,"balance":0}],"costCenter":null,"numberTemplate":{"id":"3","prefix":"","number":"32368","fullNumber":"32368","formattedNumber":"32368"}}
2021-06-09 05:55:19 :: ----------send data payment:32541------------
2021-06-09 05:55:19 :: {"date":"2021-06-09","invoices":[{"amount":"100000","id":"32541"}],"bankAccount":2}
2021-06-09 05:55:21 :: ----------result data payment:32541------------
2021-06-09 05:55:21 :: {"id":"33785","date":"2021-06-09","number":"32369","amount":"100000.0000000000","observations":null,"anotation":null,"type":"in","paymentMethod":"","status":"open","bankAccount":{"id":"2","name":"PAYU","type":"bank"},"client":{"id":"25480","name":"wendym.garcia287","phone":"3013091358"},"invoices":[{"id":"32541","number":"34802","date":"2021-06-09","amount":100000,"total":100000,"balance":0}],"costCenter":null,"numberTemplate":{"id":"3","prefix":"","number":"32369","fullNumber":"32369","formattedNumber":"32369"}}
2021-06-09 06:10:08 :: ----------send data payment:32542------------
2021-06-09 06:10:08 :: {"date":"2021-06-09","invoices":[{"amount":"45000","id":"32542"}],"bankAccount":2}
2021-06-09 06:10:09 :: ----------result data payment:32542------------
2021-06-09 06:10:09 :: {"id":"33786","date":"2021-06-09","number":"32370","amount":"45000.0000000000","observations":null,"anotation":null,"type":"in","paymentMethod":"","status":"open","bankAccount":{"id":"2","name":"PAYU","type":"bank"},"client":{"id":"25481","name":"Nancy Puerto5","phone":"3208530617"},"invoices":[{"id":"32542","number":"34803","date":"2021-06-09","amount":45000,"total":45000,"balance":0}],"costCenter":null,"numberTemplate":{"id":"3","prefix":"","number":"32370","fullNumber":"32370","formattedNumber":"32370"}}
2021-06-09 06:15:10 :: ----------send data payment:32543------------
2021-06-09 06:15:10 :: {"date":"2021-06-09","invoices":[{"amount":"70001","id":"32543"}],"bankAccount":2}
2021-06-09 06:15:12 :: ----------result data payment:32543------------
2021-06-09 06:15:12 :: {"id":"33787","date":"2021-06-09","number":"32371","amount":"70001.0000000000","observations":null,"anotation":null,"type":"in","paymentMethod":"","status":"open","bankAccount":{"id":"2","name":"PAYU","type":"bank"},"client":{"id":"7723","name":"Olga Lucia Guti\u00e9rrez Ram\u00edrez","phone":"3133197146"},"invoices":[{"id":"32543","number":"34804","date":"2021-06-09","amount":70001,"total":70001,"balance":0}],"costCenter":null,"numberTemplate":{"id":"3","prefix":"","number":"32371","fullNumber":"32371","formattedNumber":"32371"}}
2021-06-09 06:20:08 :: ----------send data payment:32544------------
2021-06-09 06:20:08 :: {"date":"2021-06-09","invoices":[{"amount":"35199","id":"32544"}],"bankAccount":2}
2021-06-09 06:20:09 :: ----------result data payment:32544------------
2021-06-09 06:20:09 :: {"id":"33788","date":"2021-06-09","number":"32372","amount":"35199.0000000000","observations":null,"anotation":null,"type":"in","paymentMethod":"","status":"open","bankAccount":{"id":"2","name":"PAYU","type":"bank"},"client":{"id":"25482","name":"Kevin Silvestre","phone":"3214240919"},"invoices":[{"id":"32544","number":"34805","date":"2021-06-09","amount":35199,"total":35199,"balance":0}],"costCenter":null,"numberTemplate":{"id":"3","prefix":"","number":"32372","fullNumber":"32372","formattedNumber":"32372"}}
2021-06-09 06:25:11 :: ----------send data payment:32545------------
2021-06-09 06:25:11 :: {"date":"2021-06-09","invoices":[{"amount":"55500","id":"32545"}],"bankAccount":2}
2021-06-09 06:25:13 :: ----------result data payment:32545------------
2021-06-09 06:25:13 :: {"id":"33789","date":"2021-06-09","number":"32373","amount":"55500.0000000000","observations":null,"anotation":null,"type":"in","paymentMethod":"","status":"open","bankAccount":{"id":"2","name":"PAYU","type":"bank"},"client":{"id":"25483","name":"Gabriela","phone":"3839528"},"invoices":[{"id":"32545","number":"34806","date":"2021-06-09","amount":55500,"total":55500,"balance":0}],"costCenter":null,"numberTemplate":{"id":"3","prefix":"","number":"32373","fullNumber":"32373","formattedNumber":"32373"}}
2021-06-09 07:15:15 :: ----------send data payment:32546------------
2021-06-09 07:15:15 :: {"date":"2021-06-09","invoices":[{"amount":"22000","id":"32546"}],"bankAccount":2}
2021-06-09 07:15:16 :: ----------result data payment:32546------------
2021-06-09 07:15:16 :: {"id":"33790","date":"2021-06-09","number":"32374","amount":"22000.0000000000","observations":null,"anotation":null,"type":"in","paymentMethod":"","status":"open","bankAccount":{"id":"2","name":"PAYU","type":"bank"},"client":{"id":"25484","name":"Daniela Ossa Gomez","phone":"3105137936"},"invoices":[{"id":"32546","number":"34807","date":"2021-06-09","amount":22000,"total":22000,"balance":0}],"costCenter":null,"numberTemplate":{"id":"3","prefix":"","number":"32374","fullNumber":"32374","formattedNumber":"32374"}}
2021-06-09 07:25:18 :: ----------send data payment:32547------------
2021-06-09 07:25:18 :: {"date":"2021-06-09","invoices":[{"amount":"62500","id":"32547"}],"bankAccount":2}
2021-06-09 07:25:19 :: ----------result data payment:32547------------
2021-06-09 07:25:19 :: {"id":"33791","date":"2021-06-09","number":"32375","amount":"62500.0000000000","observations":null,"anotation":null,"type":"in","paymentMethod":"","status":"open","bankAccount":{"id":"2","name":"PAYU","type":"bank"},"client":{"id":"25485","name":"Sofia Valencia","phone":"3015473504"},"invoices":[{"id":"32547","number":"34808","date":"2021-06-09","amount":62500,"total":62500,"balance":0}],"costCenter":null,"numberTemplate":{"id":"3","prefix":"","number":"32375","fullNumber":"32375","formattedNumber":"32375"}}
2021-06-09 07:35:13 :: ----------send data payment:32548------------
2021-06-09 07:35:13 :: {"date":"2021-06-09","invoices":[{"amount":"116500","id":"32548"}],"bankAccount":2}
2021-06-09 07:35:14 :: ----------result data payment:32548------------
2021-06-09 07:35:14 :: {"id":"33792","date":"2021-06-09","number":"32376","amount":"116500.0000000000","observations":null,"anotation":null,"type":"in","paymentMethod":"","status":"open","bankAccount":{"id":"2","name":"PAYU","type":"bank"},"client":{"id":"25486","name":"Melissa Mejia Serrano","phone":"3172875505"},"invoices":[{"id":"32548","number":"34809","date":"2021-06-09","amount":116500,"total":116500,"balance":0}],"costCenter":null,"numberTemplate":{"id":"3","prefix":"","number":"32376","fullNumber":"32376","formattedNumber":"32376"}}
2021-06-09 08:10:05 :: ----------send data payment:32549------------
2021-06-09 08:10:05 :: {"date":"2021-06-09","invoices":[{"amount":"29600","id":"32549"}],"bankAccount":2}
2021-06-09 08:10:06 :: ----------result data payment:32549------------
2021-06-09 08:10:06 :: {"id":"33793","date":"2021-06-09","number":"32377","amount":"29600.0000000000","observations":null,"anotation":null,"type":"in","paymentMethod":"","status":"open","bankAccount":{"id":"2","name":"PAYU","type":"bank"},"client":{"id":"25487","name":"Laura Plata","phone":"3202228038"},"invoices":[{"id":"32549","number":"34810","date":"2021-06-09","amount":29600,"total":29600,"balance":0}],"costCenter":null,"numberTemplate":{"id":"3","prefix":"","number":"32377","fullNumber":"32377","formattedNumber":"32377"}}
2021-06-09 08:15:12 :: ----------send data payment:32550------------
2021-06-09 08:15:12 :: {"date":"2021-06-09","invoices":[{"amount":"110000","id":"32550"}],"bankAccount":2}
2021-06-09 08:15:13 :: ----------result data payment:32550------------
2021-06-09 08:15:13 :: {"id":"33794","date":"2021-06-09","number":"32378","amount":"110000.0000000000","observations":null,"anotation":null,"type":"in","paymentMethod":"","status":"open","bankAccount":{"id":"2","name":"PAYU","type":"bank"},"client":{"id":"7696","name":"Gabriela Blanquicet","phone":"3045203762"},"invoices":[{"id":"32550","number":"34811","date":"2021-06-09","amount":110000,"total":110000,"balance":0}],"costCenter":null,"numberTemplate":{"id":"3","prefix":"","number":"32378","fullNumber":"32378","formattedNumber":"32378"}}
2021-06-09 08:30:08 :: ----------send data payment:32551------------
2021-06-09 08:30:08 :: {"date":"2021-06-09","invoices":[{"amount":"18600","id":"32551"}],"bankAccount":2}
2021-06-09 08:30:09 :: ----------result data payment:32551------------
2021-06-09 08:30:09 :: {"id":"33795","date":"2021-06-09","number":"32379","amount":"18600.0000000000","observations":null,"anotation":null,"type":"in","paymentMethod":"","status":"open","bankAccount":{"id":"2","name":"PAYU","type":"bank"},"client":{"id":"25488","name":"Andres Felipe Calero Arana","phone":"3235865827"},"invoices":[{"id":"32551","number":"34812","date":"2021-06-09","amount":18600,"total":18600,"balance":0}],"costCenter":null,"numberTemplate":{"id":"3","prefix":"","number":"32379","fullNumber":"32379","formattedNumber":"32379"}}
2021-06-09 08:50:07 :: ----------send data payment:32552------------
2021-06-09 08:50:07 :: {"date":"2021-06-09","invoices":[{"amount":"81000","id":"32552"}],"bankAccount":2}
2021-06-09 08:50:08 :: ----------result data payment:32552------------
2021-06-09 08:50:08 :: {"id":"33796","date":"2021-06-09","number":"32380","amount":"81000.0000000000","observations":null,"anotation":null,"type":"in","paymentMethod":"","status":"open","bankAccount":{"id":"2","name":"PAYU","type":"bank"},"client":{"id":"19488","name":"Angie Fernanda Betancurth Duque","phone":"3147929925"},"invoices":[{"id":"32552","number":"34813","date":"2021-06-09","amount":81000,"total":81000,"balance":0}],"costCenter":null,"numberTemplate":{"id":"3","prefix":"","number":"32380","fullNumber":"32380","formattedNumber":"32380"}}
2021-06-09 08:55:11 :: ----------send data payment:32553------------
2021-06-09 08:55:11 :: {"date":"2021-06-09","invoices":[{"amount":"153998","id":"32553"}],"bankAccount":2}
2021-06-09 08:55:12 :: ----------result data payment:32553------------
2021-06-09 08:55:12 :: {"id":"33797","date":"2021-06-09","number":"32381","amount":"153998.0000000000","observations":null,"anotation":null,"type":"in","paymentMethod":"","status":"open","bankAccount":{"id":"2","name":"PAYU","type":"bank"},"client":{"id":"19021","name":"Diana Rodriguez Maldonado","phone":"3218238504"},"invoices":[{"id":"32553","number":"34814","date":"2021-06-09","amount":153998,"total":153998,"balance":0}],"costCenter":null,"numberTemplate":{"id":"3","prefix":"","number":"32381","fullNumber":"32381","formattedNumber":"32381"}}
2021-06-09 09:50:08 :: ----------send data payment:32554------------
2021-06-09 09:50:08 :: {"date":"2021-06-09","invoices":[{"amount":"86000","id":"32554"}],"bankAccount":2}
2021-06-09 09:50:10 :: ----------result data payment:32554------------
2021-06-09 09:50:10 :: {"id":"33798","date":"2021-06-09","number":"32382","amount":"86000.0000000000","observations":null,"anotation":null,"type":"in","paymentMethod":"","status":"open","bankAccount":{"id":"2","name":"PAYU","type":"bank"},"client":{"id":"25489","name":"Ximena Ruano","phone":"3225886586"},"invoices":[{"id":"32554","number":"34815","date":"2021-06-09","amount":86000,"total":86000,"balance":0}],"costCenter":null,"numberTemplate":{"id":"3","prefix":"","number":"32382","fullNumber":"32382","formattedNumber":"32382"}}
2021-06-09 09:55:08 :: ----------send data payment:32555------------
2021-06-09 09:55:08 :: {"date":"2021-06-09","invoices":[{"amount":"102500","id":"32555"}],"bankAccount":2}
2021-06-09 09:55:09 :: ----------result data payment:32555------------
2021-06-09 09:55:09 :: {"id":"33799","date":"2021-06-09","number":"32383","amount":"102500.0000000000","observations":null,"anotation":null,"type":"in","paymentMethod":"","status":"open","bankAccount":{"id":"2","name":"PAYU","type":"bank"},"client":{"id":"25490","name":"Xiomara Morales","phone":"3183860322"},"invoices":[{"id":"32555","number":"34816","date":"2021-06-09","amount":102500,"total":102500,"balance":0}],"costCenter":null,"numberTemplate":{"id":"3","prefix":"","number":"32383","fullNumber":"32383","formattedNumber":"32383"}}
2021-06-09 10:25:12 :: ----------send data payment:32556------------
2021-06-09 10:25:12 :: {"date":"2021-06-09","invoices":[{"amount":"157003","id":"32556"}],"bankAccount":2}
2021-06-09 10:25:14 :: ----------result data payment:32556------------
2021-06-09 10:25:14 :: {"id":"33800","date":"2021-06-09","number":"32384","amount":"157003.0000000000","observations":null,"anotation":null,"type":"in","paymentMethod":"","status":"open","bankAccount":{"id":"2","name":"PAYU","type":"bank"},"client":{"id":"13015","name":"mary florez","phone":"3216040336"},"invoices":[{"id":"32556","number":"34817","date":"2021-06-09","amount":157003,"total":157003,"balance":0}],"costCenter":null,"numberTemplate":{"id":"3","prefix":"","number":"32384","fullNumber":"32384","formattedNumber":"32384"}}
2021-06-09 11:20:09 :: ----------send data payment:32557------------
2021-06-09 11:20:09 :: {"date":"2021-06-09","invoices":[{"amount":"111500","id":"32557"}],"bankAccount":2}
2021-06-09 11:20:10 :: ----------result data payment:32557------------
2021-06-09 11:20:10 :: {"id":"33801","date":"2021-06-09","number":"32385","amount":"111500.0000000000","observations":null,"anotation":null,"type":"in","paymentMethod":"","status":"open","bankAccount":{"id":"2","name":"PAYU","type":"bank"},"client":{"id":"25491","name":"Valerie Betancourt","phone":"3116738060"},"invoices":[{"id":"32557","number":"34818","date":"2021-06-09","amount":111500,"total":111500,"balance":0}],"costCenter":null,"numberTemplate":{"id":"3","prefix":"","number":"32385","fullNumber":"32385","formattedNumber":"32385"}}