
2021-10-29 12:10:12 :: ----------send data payment:40695------------
2021-10-29 12:10:12 :: {"date":"2021-10-29","invoices":[{"amount":"105600","id":"40695"}],"bankAccount":2}
2021-10-29 12:10:13 :: ----------result data payment:40695------------
2021-10-29 12:10:13 :: {"id":"42241","date":"2021-10-29","number":"40458","amount":"105600.0000000000","observations":null,"anotation":null,"type":"in","paymentMethod":"","status":"open","bankAccount":{"id":"2","name":"PAYU","type":"bank"},"client":{"id":"31494","name":"Maria Paula Arias Rivera","phone":"3175673865"},"invoices":[{"id":"40695","number":"42956","date":"2021-10-29","amount":105600,"total":105600,"balance":0}],"costCenter":null,"numberTemplate":{"id":"3","prefix":"","number":"40458","fullNumber":"40458","formattedNumber":"40458"}}
2021-10-29 12:13:06 :: ----------send data payment:40696------------
2021-10-29 12:13:06 :: {"date":"2021-10-29","invoices":[{"amount":"26501","id":"40696"}],"bankAccount":2}
2021-10-29 12:13:07 :: ----------result data payment:40696------------
2021-10-29 12:13:07 :: {"id":"42242","date":"2021-10-29","number":"40459","amount":"26501.0000000000","observations":null,"anotation":null,"type":"in","paymentMethod":"","status":"open","bankAccount":{"id":"2","name":"PAYU","type":"bank"},"client":{"id":"31495","name":"Valentina Alvarez Lesmes","phone":"3207358156"},"invoices":[{"id":"40696","number":"42957","date":"2021-10-29","amount":26501,"total":26501,"balance":0}],"costCenter":null,"numberTemplate":{"id":"3","prefix":"","number":"40459","fullNumber":"40459","formattedNumber":"40459"}}
2021-10-29 08:09:08 :: ----------send data payment:40697------------
2021-10-29 08:09:08 :: {"date":"2021-10-29","invoices":[{"amount":"116298","id":"40697"}],"bankAccount":2}
2021-10-29 08:09:10 :: ----------result data payment:40697------------
2021-10-29 08:09:10 :: {"id":"42243","date":"2021-10-29","number":"40460","amount":"116298.0000000000","observations":null,"anotation":null,"type":"in","paymentMethod":"","status":"open","bankAccount":{"id":"2","name":"PAYU","type":"bank"},"client":{"id":"31496","name":"sharonvanegas2","phone":"3166386688"},"invoices":[{"id":"40697","number":"42958","date":"2021-10-29","amount":116298,"total":116298,"balance":0}],"costCenter":null,"numberTemplate":{"id":"3","prefix":"","number":"40460","fullNumber":"40460","formattedNumber":"40460"}}
2021-10-29 08:41:08 :: ----------send data payment:40698------------
2021-10-29 08:41:08 :: {"date":"2021-10-29","invoices":[{"amount":"119070","id":"40698"}],"bankAccount":2}
2021-10-29 08:41:10 :: ----------result data payment:40698------------
2021-10-29 08:41:10 :: {"id":"42245","date":"2021-10-29","number":"40461","amount":"119070.0000000000","observations":null,"anotation":null,"type":"in","paymentMethod":"","status":"open","bankAccount":{"id":"2","name":"PAYU","type":"bank"},"client":{"id":"30684","name":"Alexane Lopez","phone":"3222347811"},"invoices":[{"id":"40698","number":"42959","date":"2021-10-29","amount":119070,"total":119070,"balance":0}],"costCenter":null,"numberTemplate":{"id":"3","prefix":"","number":"40461","fullNumber":"40461","formattedNumber":"40461"}}
2021-10-29 08:49:12 :: ----------send data payment:40699------------
2021-10-29 08:49:12 :: {"date":"2021-10-29","invoices":[{"amount":"35000","id":"40699"}],"bankAccount":2}
2021-10-29 08:49:15 :: ----------result data payment:40699------------
2021-10-29 08:49:15 :: {"id":"42246","date":"2021-10-29","number":"40462","amount":"35000.0000000000","observations":null,"anotation":null,"type":"in","paymentMethod":"","status":"open","bankAccount":{"id":"2","name":"PAYU","type":"bank"},"client":{"id":"31497","name":"Mar\u00eda Espinosa","phone":"3013615322"},"invoices":[{"id":"40699","number":"42960","date":"2021-10-29","amount":35000,"total":35000,"balance":0}],"costCenter":null,"numberTemplate":{"id":"3","prefix":"","number":"40462","fullNumber":"40462","formattedNumber":"40462"}}
2021-10-29 08:53:08 :: ----------send data payment:40700------------
2021-10-29 08:53:08 :: {"date":"2021-10-29","invoices":[{"amount":"35000","id":"40700"}],"bankAccount":2}
2021-10-29 08:53:12 :: ----------result data payment:40700------------
2021-10-29 08:53:12 :: {"id":"42247","date":"2021-10-29","number":"40463","amount":"35000.0000000000","observations":null,"anotation":null,"type":"in","paymentMethod":"","status":"open","bankAccount":{"id":"2","name":"PAYU","type":"bank"},"client":{"id":"31498","name":"Heidy Santa","phone":"3156909840"},"invoices":[{"id":"40700","number":"42961","date":"2021-10-29","amount":35000,"total":35000,"balance":0}],"costCenter":null,"numberTemplate":{"id":"3","prefix":"","number":"40463","fullNumber":"40463","formattedNumber":"40463"}}
2021-10-29 08:56:11 :: ----------send data payment:40701------------
2021-10-29 08:56:11 :: {"date":"2021-10-29","invoices":[{"amount":"113000","id":"40701"}],"bankAccount":2}
2021-10-29 08:56:15 :: ----------result data payment:40701------------
2021-10-29 08:56:15 :: {"id":"42248","date":"2021-10-29","number":"40464","amount":"113000.0000000000","observations":null,"anotation":null,"type":"in","paymentMethod":"","status":"open","bankAccount":{"id":"2","name":"PAYU","type":"bank"},"client":{"id":"31478","name":"Diana Ayleen Mu\u00f1oz","phone":"3208007112"},"invoices":[{"id":"40701","number":"42962","date":"2021-10-29","amount":113000,"total":113000,"balance":0}],"costCenter":null,"numberTemplate":{"id":"3","prefix":"","number":"40464","fullNumber":"40464","formattedNumber":"40464"}}
2021-10-29 09:28:09 :: ----------send data payment:40702------------
2021-10-29 09:28:09 :: {"date":"2021-10-29","invoices":[{"amount":"90000","id":"40702"}],"bankAccount":2}
2021-10-29 09:28:13 :: ----------result data payment:40702------------
2021-10-29 09:28:13 :: {"id":"42249","date":"2021-10-29","number":"40465","amount":"90000.0000000000","observations":null,"anotation":null,"type":"in","paymentMethod":"","status":"open","bankAccount":{"id":"2","name":"PAYU","type":"bank"},"client":{"id":"31499","name":"Camila Andrea Rodr\u00edguez Sierra","phone":"3123666812"},"invoices":[{"id":"40702","number":"42963","date":"2021-10-29","amount":90000,"total":90000,"balance":0}],"costCenter":null,"numberTemplate":{"id":"3","prefix":"","number":"40465","fullNumber":"40465","formattedNumber":"40465"}}
2021-10-29 09:48:07 :: ----------send data payment:40703------------
2021-10-29 09:48:07 :: {"date":"2021-10-29","invoices":[{"amount":"221860","id":"40703"}],"bankAccount":2}
2021-10-29 09:48:10 :: ----------result data payment:40703------------
2021-10-29 09:48:10 :: {"id":"42250","date":"2021-10-29","number":"40466","amount":"221860.0000000000","observations":null,"anotation":null,"type":"in","paymentMethod":"","status":"open","bankAccount":{"id":"2","name":"PAYU","type":"bank"},"client":{"id":"31500","name":"Erika Garz\u00f3n","phone":"3213065278"},"invoices":[{"id":"40703","number":"42964","date":"2021-10-29","amount":221860,"total":221860,"balance":0}],"costCenter":null,"numberTemplate":{"id":"3","prefix":"","number":"40466","fullNumber":"40466","formattedNumber":"40466"}}
2021-10-29 09:53:05 :: ----------send data payment:40704------------
2021-10-29 09:53:05 :: {"date":"2021-10-29","invoices":[{"amount":"140000","id":"40704"}],"bankAccount":2}
2021-10-29 09:53:06 :: ----------result data payment:40704------------
2021-10-29 09:53:06 :: {"id":"42251","date":"2021-10-29","number":"40467","amount":"140000.0000000000","observations":null,"anotation":null,"type":"in","paymentMethod":"","status":"open","bankAccount":{"id":"2","name":"PAYU","type":"bank"},"client":{"id":"31501","name":"Jennifer","phone":"3145006237"},"invoices":[{"id":"40704","number":"42965","date":"2021-10-29","amount":140000,"total":140000,"balance":0}],"costCenter":null,"numberTemplate":{"id":"3","prefix":"","number":"40467","fullNumber":"40467","formattedNumber":"40467"}}
2021-10-29 09:54:06 :: ----------send data payment:40705------------
2021-10-29 09:54:06 :: {"date":"2021-10-29","invoices":[{"amount":"103199","id":"40705"}],"bankAccount":2}
2021-10-29 09:54:07 :: ----------result data payment:40705------------
2021-10-29 09:54:07 :: {"id":"42252","date":"2021-10-29","number":"40468","amount":"103199.0000000000","observations":null,"anotation":null,"type":"in","paymentMethod":"","status":"open","bankAccount":{"id":"2","name":"PAYU","type":"bank"},"client":{"id":"31502","name":"Ingrid Fuentes","phone":"3205622849"},"invoices":[{"id":"40705","number":"42966","date":"2021-10-29","amount":103199,"total":103199,"balance":0}],"costCenter":null,"numberTemplate":{"id":"3","prefix":"","number":"40468","fullNumber":"40468","formattedNumber":"40468"}}
2021-10-29 10:01:09 :: ----------send data payment:40706------------
2021-10-29 10:01:09 :: {"date":"2021-10-29","invoices":[{"amount":"60219","id":"40706"}],"bankAccount":2}
2021-10-29 10:01:11 :: ----------result data payment:40706------------
2021-10-29 10:01:11 :: {"id":"42253","date":"2021-10-29","number":"40469","amount":"60219.0000000000","observations":null,"anotation":null,"type":"in","paymentMethod":"","status":"open","bankAccount":{"id":"2","name":"PAYU","type":"bank"},"client":{"id":"29872","name":"Nataly Rodr\u00edguez","phone":"3015314718"},"invoices":[{"id":"40706","number":"42967","date":"2021-10-29","amount":60219,"total":60219,"balance":0}],"costCenter":null,"numberTemplate":{"id":"3","prefix":"","number":"40469","fullNumber":"40469","formattedNumber":"40469"}}
2021-10-29 10:08:06 :: ----------send data payment:40707------------
2021-10-29 10:08:06 :: {"date":"2021-10-29","invoices":[{"amount":"34601","id":"40707"}],"bankAccount":2}
2021-10-29 10:08:08 :: ----------result data payment:40707------------
2021-10-29 10:08:08 :: {"id":"42254","date":"2021-10-29","number":"40470","amount":"34601.0000000000","observations":null,"anotation":null,"type":"in","paymentMethod":"","status":"open","bankAccount":{"id":"2","name":"PAYU","type":"bank"},"client":{"id":"31503","name":"Valeria Alvarez","phone":"3166726630"},"invoices":[{"id":"40707","number":"42968","date":"2021-10-29","amount":34601,"total":34601,"balance":0}],"costCenter":null,"numberTemplate":{"id":"3","prefix":"","number":"40470","fullNumber":"40470","formattedNumber":"40470"}}
2021-10-29 10:10:06 :: ----------send data payment:40708------------
2021-10-29 10:10:06 :: {"date":"2021-10-29","invoices":[{"amount":"58600","id":"40708"}],"bankAccount":2}
2021-10-29 10:10:08 :: ----------result data payment:40708------------
2021-10-29 10:10:08 :: {"id":"42255","date":"2021-10-29","number":"40471","amount":"58600.0000000000","observations":null,"anotation":null,"type":"in","paymentMethod":"","status":"open","bankAccount":{"id":"2","name":"PAYU","type":"bank"},"client":{"id":"31504","name":"Milena casta\u00f1o Ramirez","phone":"3113746584"},"invoices":[{"id":"40708","number":"42969","date":"2021-10-29","amount":58600,"total":58600,"balance":0}],"costCenter":null,"numberTemplate":{"id":"3","prefix":"","number":"40471","fullNumber":"40471","formattedNumber":"40471"}}
2021-10-29 10:22:05 :: ----------send data payment:40709------------
2021-10-29 10:22:05 :: {"date":"2021-10-29","invoices":[{"amount":"100070","id":"40709"}],"bankAccount":2}
2021-10-29 10:22:08 :: ----------result data payment:40709------------
2021-10-29 10:22:08 :: {"id":"42256","date":"2021-10-29","number":"40472","amount":"100070.0000000000","observations":null,"anotation":null,"type":"in","paymentMethod":"","status":"open","bankAccount":{"id":"2","name":"PAYU","type":"bank"},"client":{"id":"31505","name":"Sandra Moreno","phone":"3184068882"},"invoices":[{"id":"40709","number":"42970","date":"2021-10-29","amount":100070,"total":100070,"balance":0}],"costCenter":null,"numberTemplate":{"id":"3","prefix":"","number":"40472","fullNumber":"40472","formattedNumber":"40472"}}
2021-10-29 10:56:10 :: ----------send data payment:40710------------
2021-10-29 10:56:10 :: {"date":"2021-10-29","invoices":[{"amount":"101998","id":"40710"}],"bankAccount":2}
2021-10-29 10:56:12 :: ----------result data payment:40710------------
2021-10-29 10:56:12 :: {"id":"42257","date":"2021-10-29","number":"40473","amount":"101998.0000000000","observations":null,"anotation":null,"type":"in","paymentMethod":"","status":"open","bankAccount":{"id":"2","name":"PAYU","type":"bank"},"client":{"id":"30691","name":"Adriana Osorio","phone":"3156837742"},"invoices":[{"id":"40710","number":"42971","date":"2021-10-29","amount":101998,"total":101998,"balance":0}],"costCenter":null,"numberTemplate":{"id":"3","prefix":"","number":"40473","fullNumber":"40473","formattedNumber":"40473"}}
2021-10-29 10:59:19 :: ----------send data payment:40711------------
2021-10-29 10:59:19 :: {"date":"2021-10-29","invoices":[{"amount":"74800","id":"40711"}],"bankAccount":2}
2021-10-29 10:59:28 :: ----------result data payment:40711------------
2021-10-29 10:59:28 :: {"id":"42258","date":"2021-10-29","number":"40474","amount":"74800.0000000000","observations":null,"anotation":null,"type":"in","paymentMethod":"","status":"open","bankAccount":{"id":"2","name":"PAYU","type":"bank"},"client":{"id":"31506","name":"Gabriela Torrelles","phone":"3144565767"},"invoices":[{"id":"40711","number":"42972","date":"2021-10-29","amount":74800,"total":74800,"balance":0}],"costCenter":null,"numberTemplate":{"id":"3","prefix":"","number":"40474","fullNumber":"40474","formattedNumber":"40474"}}
2021-10-29 11:00:24 :: ----------send data payment:40712------------
2021-10-29 11:00:24 :: {"date":"2021-10-29","invoices":[{"amount":"54600","id":"40712"}],"bankAccount":2}
2021-10-29 11:00:31 :: ----------result data payment:40712------------
2021-10-29 11:00:31 :: {"id":"42259","date":"2021-10-29","number":"40475","amount":"54600.0000000000","observations":null,"anotation":null,"type":"in","paymentMethod":"","status":"open","bankAccount":{"id":"2","name":"PAYU","type":"bank"},"client":{"id":"31507","name":"Mayerlin Valencia","phone":"3152273240"},"invoices":[{"id":"40712","number":"42973","date":"2021-10-29","amount":54600,"total":54600,"balance":0}],"costCenter":null,"numberTemplate":{"id":"3","prefix":"","number":"40475","fullNumber":"40475","formattedNumber":"40475"}}
2021-10-29 11:01:51 :: ----------send data payment:40713------------
2021-10-29 11:01:51 :: {"date":"2021-10-29","invoices":[{"amount":"49999","id":"40713"}],"bankAccount":2}
2021-10-29 11:02:05 :: ----------result data payment:40713------------
2021-10-29 11:02:05 :: {"id":"42260","date":"2021-10-29","number":"40476","amount":"49999.0000000000","observations":null,"anotation":null,"type":"in","paymentMethod":"","status":"open","bankAccount":{"id":"2","name":"PAYU","type":"bank"},"client":{"id":"31508","name":"Erika Vanesa Castilla","phone":"3125591038"},"invoices":[{"id":"40713","number":"42974","date":"2021-10-29","amount":49999,"total":49999,"balance":0}],"costCenter":null,"numberTemplate":{"id":"3","prefix":"","number":"40476","fullNumber":"40476","formattedNumber":"40476"}}
2021-10-29 11:16:14 :: ----------send data payment:40714------------
2021-10-29 11:16:14 :: {"date":"2021-10-29","invoices":[{"amount":"70000","id":"40714"}],"bankAccount":2}
2021-10-29 11:16:17 :: ----------result data payment:40714------------
2021-10-29 11:16:17 :: {"id":"42261","date":"2021-10-29","number":"40477","amount":"70000.0000000000","observations":null,"anotation":null,"type":"in","paymentMethod":"","status":"open","bankAccount":{"id":"2","name":"PAYU","type":"bank"},"client":{"id":"31509","name":"karina Garc\u00eda Pedrozo","phone":"3166161431"},"invoices":[{"id":"40714","number":"42975","date":"2021-10-29","amount":70000,"total":70000,"balance":0}],"costCenter":null,"numberTemplate":{"id":"3","prefix":"","number":"40477","fullNumber":"40477","formattedNumber":"40477"}}
2021-10-29 11:20:06 :: ----------send data payment:40715------------
2021-10-29 11:20:06 :: {"date":"2021-10-29","invoices":[{"amount":"141750","id":"40715"}],"bankAccount":2}
2021-10-29 11:20:11 :: ----------result data payment:40715------------
2021-10-29 11:20:11 :: {"id":"42262","date":"2021-10-29","number":"40478","amount":"141750.0000000000","observations":null,"anotation":null,"type":"in","paymentMethod":"","status":"open","bankAccount":{"id":"2","name":"PAYU","type":"bank"},"client":{"id":"31510","name":"Yeimis Patricia Gonz\u00e1lez viloria","phone":"3042572039"},"invoices":[{"id":"40715","number":"42976","date":"2021-10-29","amount":141750,"total":141750,"balance":0}],"costCenter":null,"numberTemplate":{"id":"3","prefix":"","number":"40478","fullNumber":"40478","formattedNumber":"40478"}}
2021-10-29 11:21:11 :: ----------send data payment:40716------------
2021-10-29 11:21:11 :: {"date":"2021-10-29","invoices":[{"amount":"62000","id":"40716"}],"bankAccount":2}
2021-10-29 11:21:13 :: ----------result data payment:40716------------
2021-10-29 11:21:13 :: {"id":"42263","date":"2021-10-29","number":"40479","amount":"62000.0000000000","observations":null,"anotation":null,"type":"in","paymentMethod":"","status":"open","bankAccount":{"id":"2","name":"PAYU","type":"bank"},"client":{"id":"31511","name":"Sara L\u00f3pez","phone":"3105745976"},"invoices":[{"id":"40716","number":"42977","date":"2021-10-29","amount":62000,"total":62000,"balance":0}],"costCenter":null,"numberTemplate":{"id":"3","prefix":"","number":"40479","fullNumber":"40479","formattedNumber":"40479"}}
2021-10-29 11:25:06 :: ----------send data payment:40717------------
2021-10-29 11:25:06 :: {"date":"2021-10-29","invoices":[{"amount":"119001","id":"40717"}],"bankAccount":2}
2021-10-29 11:25:08 :: ----------result data payment:40717------------
2021-10-29 11:25:08 :: {"id":"42264","date":"2021-10-29","number":"40480","amount":"119001.0000000000","observations":null,"anotation":null,"type":"in","paymentMethod":"","status":"open","bankAccount":{"id":"2","name":"PAYU","type":"bank"},"client":{"id":"31512","name":"Omgits Elii","phone":"3133132073"},"invoices":[{"id":"40717","number":"42978","date":"2021-10-29","amount":119001,"total":119001,"balance":0}],"costCenter":null,"numberTemplate":{"id":"3","prefix":"","number":"40480","fullNumber":"40480","formattedNumber":"40480"}}
2021-10-29 12:09:05 :: ----------send data payment:40719------------
2021-10-29 12:09:05 :: {"date":"2021-10-29","invoices":[{"amount":"104799","id":"40719"}],"bankAccount":2}
2021-10-29 12:09:06 :: ----------result data payment:40719------------
2021-10-29 12:09:06 :: {"id":"42266","date":"2021-10-29","number":"40482","amount":"104799.0000000000","observations":null,"anotation":null,"type":"in","paymentMethod":"","status":"open","bankAccount":{"id":"2","name":"PAYU","type":"bank"},"client":{"id":"31513","name":"Andrea Arias","phone":"3224335240"},"invoices":[{"id":"40719","number":"42980","date":"2021-10-29","amount":104799,"total":104799,"balance":0}],"costCenter":null,"numberTemplate":{"id":"3","prefix":"","number":"40482","fullNumber":"40482","formattedNumber":"40482"}}
2021-10-29 12:11:11 :: ----------send data payment:40720------------
2021-10-29 12:11:11 :: {"date":"2021-10-29","invoices":[{"amount":"90000","id":"40720"}],"bankAccount":2}
2021-10-29 12:11:12 :: ----------result data payment:40720------------
2021-10-29 12:11:12 :: {"id":"42267","date":"2021-10-29","number":"40483","amount":"90000.0000000000","observations":null,"anotation":null,"type":"in","paymentMethod":"","status":"open","bankAccount":{"id":"2","name":"PAYU","type":"bank"},"client":{"id":"31514","name":"Angie Steffi Aramendez Mart\u00ednez","phone":"3002046966"},"invoices":[{"id":"40720","number":"42981","date":"2021-10-29","amount":90000,"total":90000,"balance":0}],"costCenter":null,"numberTemplate":{"id":"3","prefix":"","number":"40483","fullNumber":"40483","formattedNumber":"40483"}}
2021-10-29 12:19:08 :: ----------send data payment:40721------------
2021-10-29 12:19:08 :: {"date":"2021-10-29","invoices":[{"amount":"178781","id":"40721"}],"bankAccount":2}
2021-10-29 12:19:10 :: ----------result data payment:40721------------
2021-10-29 12:19:10 :: {"id":"42268","date":"2021-10-29","number":"40484","amount":"178781.0000000000","observations":null,"anotation":null,"type":"in","paymentMethod":"","status":"open","bankAccount":{"id":"2","name":"PAYU","type":"bank"},"client":{"id":"31515","name":"Andrea Cast1","phone":"3006677454"},"invoices":[{"id":"40721","number":"42982","date":"2021-10-29","amount":178781,"total":178781,"balance":0}],"costCenter":null,"numberTemplate":{"id":"3","prefix":"","number":"40484","fullNumber":"40484","formattedNumber":"40484"}}
2021-10-29 12:28:08 :: ----------send data payment:40722------------
2021-10-29 12:28:08 :: {"date":"2021-10-29","invoices":[{"amount":"110502","id":"40722"}],"bankAccount":2}
2021-10-29 12:28:09 :: ----------result data payment:40722------------
2021-10-29 12:28:09 :: {"id":"42271","date":"2021-10-29","number":"40485","amount":"110502.0000000000","observations":null,"anotation":null,"type":"in","paymentMethod":"","status":"open","bankAccount":{"id":"2","name":"PAYU","type":"bank"},"client":{"id":"31516","name":"Juanita Bautista Vargas","phone":"3164644915"},"invoices":[{"id":"40722","number":"42983","date":"2021-10-29","amount":110502,"total":110502,"balance":0}],"costCenter":null,"numberTemplate":{"id":"3","prefix":"","number":"40485","fullNumber":"40485","formattedNumber":"40485"}}
2021-10-29 12:40:05 :: ----------send data payment:40723------------
2021-10-29 12:40:05 :: {"date":"2021-10-29","invoices":[{"amount":"101248","id":"40723"}],"bankAccount":2}
2021-10-29 12:40:07 :: ----------result data payment:40723------------
2021-10-29 12:40:07 :: {"id":"42272","date":"2021-10-29","number":"40486","amount":"101248.0000000000","observations":null,"anotation":null,"type":"in","paymentMethod":"","status":"open","bankAccount":{"id":"2","name":"PAYU","type":"bank"},"client":{"id":"22594","name":"Lizeth Ram\u00edrez Silva","phone":"3013254370"},"invoices":[{"id":"40723","number":"42984","date":"2021-10-29","amount":101248,"total":101248,"balance":0}],"costCenter":null,"numberTemplate":{"id":"3","prefix":"","number":"40486","fullNumber":"40486","formattedNumber":"40486"}}
2021-10-29 12:44:05 :: ----------send data payment:40724------------
2021-10-29 12:44:05 :: {"date":"2021-10-29","invoices":[{"amount":"60000","id":"40724"}],"bankAccount":2}
2021-10-29 12:44:07 :: ----------result data payment:40724------------
2021-10-29 12:44:07 :: {"id":"42273","date":"2021-10-29","number":"40487","amount":"60000.0000000000","observations":null,"anotation":null,"type":"in","paymentMethod":"","status":"open","bankAccount":{"id":"2","name":"PAYU","type":"bank"},"client":{"id":"31517","name":"Anyelo Bedoya","phone":"3188757357"},"invoices":[{"id":"40724","number":"42985","date":"2021-10-29","amount":60000,"total":60000,"balance":0}],"costCenter":null,"numberTemplate":{"id":"3","prefix":"","number":"40487","fullNumber":"40487","formattedNumber":"40487"}}
2021-10-29 12:52:05 :: ----------send data payment:40725------------
2021-10-29 12:52:05 :: {"date":"2021-10-29","invoices":[{"amount":"153900","id":"40725"}],"bankAccount":2}
2021-10-29 12:52:08 :: ----------result data payment:40725------------
2021-10-29 12:52:08 :: {"id":"42274","date":"2021-10-29","number":"40488","amount":"153900.0000000000","observations":null,"anotation":null,"type":"in","paymentMethod":"","status":"open","bankAccount":{"id":"2","name":"PAYU","type":"bank"},"client":{"id":"31518","name":"Yelisa Moreno","phone":"3168958366"},"invoices":[{"id":"40725","number":"42986","date":"2021-10-29","amount":153900,"total":153900,"balance":0}],"costCenter":null,"numberTemplate":{"id":"3","prefix":"","number":"40488","fullNumber":"40488","formattedNumber":"40488"}}
2021-10-29 12:52:09 :: ----------send data payment:40726------------
2021-10-29 12:52:09 :: {"date":"2021-10-29","invoices":[{"amount":"99999","id":"40726"}],"bankAccount":2}
2021-10-29 12:52:11 :: ----------result data payment:40726------------
2021-10-29 12:52:11 :: {"id":"42275","date":"2021-10-29","number":"40489","amount":"99999.0000000000","observations":null,"anotation":null,"type":"in","paymentMethod":"","status":"open","bankAccount":{"id":"2","name":"PAYU","type":"bank"},"client":{"id":"29641","name":"Silvia Pineda","phone":"3028446590"},"invoices":[{"id":"40726","number":"42987","date":"2021-10-29","amount":99999,"total":99999,"balance":0}],"costCenter":null,"numberTemplate":{"id":"3","prefix":"","number":"40489","fullNumber":"40489","formattedNumber":"40489"}}
2021-10-29 01:01:10 :: ----------send data payment:40727------------
2021-10-29 01:01:10 :: {"date":"2021-10-29","invoices":[{"amount":"49999","id":"40727"}],"bankAccount":2}
2021-10-29 01:01:11 :: ----------result data payment:40727------------
2021-10-29 01:01:11 :: {"id":"42276","date":"2021-10-29","number":"40490","amount":"49999.0000000000","observations":null,"anotation":null,"type":"in","paymentMethod":"","status":"open","bankAccount":{"id":"2","name":"PAYU","type":"bank"},"client":{"id":"31519","name":"Leslie Ruiz","phone":"3044460636"},"invoices":[{"id":"40727","number":"42988","date":"2021-10-29","amount":49999,"total":49999,"balance":0}],"costCenter":null,"numberTemplate":{"id":"3","prefix":"","number":"40490","fullNumber":"40490","formattedNumber":"40490"}}
2021-10-29 01:11:21 :: ----------send data payment:40728------------
2021-10-29 01:11:21 :: {"date":"2021-10-29","invoices":[{"amount":"74800","id":"40728"}],"bankAccount":2}
2021-10-29 01:11:22 :: ----------result data payment:40728------------
2021-10-29 01:11:22 :: {"id":"42277","date":"2021-10-29","number":"40491","amount":"74800.0000000000","observations":null,"anotation":null,"type":"in","paymentMethod":"","status":"open","bankAccount":{"id":"2","name":"PAYU","type":"bank"},"client":{"id":"31520","name":"Johanna Torres","phone":"3118214469"},"invoices":[{"id":"40728","number":"42989","date":"2021-10-29","amount":74800,"total":74800,"balance":0}],"costCenter":null,"numberTemplate":{"id":"3","prefix":"","number":"40491","fullNumber":"40491","formattedNumber":"40491"}}
2021-10-29 01:14:05 :: ----------send data payment:40729------------
2021-10-29 01:14:05 :: {"date":"2021-10-29","invoices":[{"amount":"74800","id":"40729"}],"bankAccount":2}
2021-10-29 01:14:06 :: ----------result data payment:40729------------
2021-10-29 01:14:06 :: {"id":"42278","date":"2021-10-29","number":"40492","amount":"74800.0000000000","observations":null,"anotation":null,"type":"in","paymentMethod":"","status":"open","bankAccount":{"id":"2","name":"PAYU","type":"bank"},"client":{"id":"31521","name":"Valentina","phone":"3505382698"},"invoices":[{"id":"40729","number":"42990","date":"2021-10-29","amount":74800,"total":74800,"balance":0}],"costCenter":null,"numberTemplate":{"id":"3","prefix":"","number":"40492","fullNumber":"40492","formattedNumber":"40492"}}
2021-10-29 01:23:04 :: ----------send data payment:40730------------
2021-10-29 01:23:04 :: {"date":"2021-10-29","invoices":[{"amount":"106000","id":"40730"}],"bankAccount":2}
2021-10-29 01:23:05 :: ----------result data payment:40730------------
2021-10-29 01:23:05 :: {"id":"42279","date":"2021-10-29","number":"40493","amount":"106000.0000000000","observations":null,"anotation":null,"type":"in","paymentMethod":"","status":"open","bankAccount":{"id":"2","name":"PAYU","type":"bank"},"client":{"id":"29088","name":"Andrea Arteaga","phone":"3188682494"},"invoices":[{"id":"40730","number":"42991","date":"2021-10-29","amount":106000,"total":106000,"balance":0}],"costCenter":null,"numberTemplate":{"id":"3","prefix":"","number":"40493","fullNumber":"40493","formattedNumber":"40493"}}
2021-10-29 01:29:07 :: ----------send data payment:40731------------
2021-10-29 01:29:07 :: {"date":"2021-10-29","invoices":[{"amount":"58600","id":"40731"}],"bankAccount":2}
2021-10-29 01:29:08 :: ----------result data payment:40731------------
2021-10-29 01:29:08 :: {"id":"42280","date":"2021-10-29","number":"40494","amount":"58600.0000000000","observations":null,"anotation":null,"type":"in","paymentMethod":"","status":"open","bankAccount":{"id":"2","name":"PAYU","type":"bank"},"client":{"id":"31522","name":"Laura Mu\u00f1oz","phone":"3007246667"},"invoices":[{"id":"40731","number":"42992","date":"2021-10-29","amount":58600,"total":58600,"balance":0}],"costCenter":null,"numberTemplate":{"id":"3","prefix":"","number":"40494","fullNumber":"40494","formattedNumber":"40494"}}
2021-10-29 01:33:05 :: ----------send data payment:40732------------
2021-10-29 01:33:05 :: {"date":"2021-10-29","invoices":[{"amount":"75000","id":"40732"}],"bankAccount":2}
2021-10-29 01:33:06 :: ----------result data payment:40732------------
2021-10-29 01:33:06 :: {"id":"42281","date":"2021-10-29","number":"40495","amount":"75000.0000000000","observations":null,"anotation":null,"type":"in","paymentMethod":"","status":"open","bankAccount":{"id":"2","name":"PAYU","type":"bank"},"client":{"id":"30458","name":"tatiana carvajal","phone":"3183466137"},"invoices":[{"id":"40732","number":"42993","date":"2021-10-29","amount":75000,"total":75000,"balance":0}],"costCenter":null,"numberTemplate":{"id":"3","prefix":"","number":"40495","fullNumber":"40495","formattedNumber":"40495"}}
2021-10-29 01:36:11 :: ----------send data payment:40733------------
2021-10-29 01:36:11 :: {"date":"2021-10-29","invoices":[{"amount":"54851","id":"40733"}],"bankAccount":2}
2021-10-29 01:36:12 :: ----------result data payment:40733------------
2021-10-29 01:36:12 :: {"id":"42282","date":"2021-10-29","number":"40496","amount":"54851.0000000000","observations":null,"anotation":null,"type":"in","paymentMethod":"","status":"open","bankAccount":{"id":"2","name":"PAYU","type":"bank"},"client":{"id":"31523","name":"Luz Karime Osorio Casta\u00f1o","phone":"3164309067"},"invoices":[{"id":"40733","number":"42994","date":"2021-10-29","amount":54851,"total":54851,"balance":0}],"costCenter":null,"numberTemplate":{"id":"3","prefix":"","number":"40496","fullNumber":"40496","formattedNumber":"40496"}}
2021-10-29 01:40:07 :: ----------send data payment:40734------------
2021-10-29 01:40:07 :: {"date":"2021-10-29","invoices":[{"amount":"90000","id":"40734"}],"bankAccount":2}
2021-10-29 01:40:08 :: ----------result data payment:40734------------
2021-10-29 01:40:08 :: {"id":"42283","date":"2021-10-29","number":"40497","amount":"90000.0000000000","observations":null,"anotation":null,"type":"in","paymentMethod":"","status":"open","bankAccount":{"id":"2","name":"PAYU","type":"bank"},"client":{"id":"31524","name":"Olga lucia vallejo","phone":"3154635426"},"invoices":[{"id":"40734","number":"42995","date":"2021-10-29","amount":90000,"total":90000,"balance":0}],"costCenter":null,"numberTemplate":{"id":"3","prefix":"","number":"40497","fullNumber":"40497","formattedNumber":"40497"}}
2021-10-29 01:47:05 :: ----------send data payment:40735------------
2021-10-29 01:47:05 :: {"date":"2021-10-29","invoices":[{"amount":"100000","id":"40735"}],"bankAccount":2}
2021-10-29 01:47:07 :: ----------result data payment:40735------------
2021-10-29 01:47:07 :: {"id":"42284","date":"2021-10-29","number":"40498","amount":"100000.0000000000","observations":null,"anotation":null,"type":"in","paymentMethod":"","status":"open","bankAccount":{"id":"2","name":"PAYU","type":"bank"},"client":{"id":"31525","name":"ana sofia valderrama","phone":"3226100358"},"invoices":[{"id":"40735","number":"42996","date":"2021-10-29","amount":100000,"total":100000,"balance":0}],"costCenter":null,"numberTemplate":{"id":"3","prefix":"","number":"40498","fullNumber":"40498","formattedNumber":"40498"}}
2021-10-29 01:59:07 :: ----------send data payment:40736------------
2021-10-29 01:59:07 :: {"date":"2021-10-29","invoices":[{"amount":"51000","id":"40736"}],"bankAccount":2}
2021-10-29 01:59:08 :: ----------result data payment:40736------------
2021-10-29 01:59:08 :: {"id":"42285","date":"2021-10-29","number":"40499","amount":"51000.0000000000","observations":null,"anotation":null,"type":"in","paymentMethod":"","status":"open","bankAccount":{"id":"2","name":"PAYU","type":"bank"},"client":{"id":"31526","name":"Vale M. Montoya","phone":"3135941694"},"invoices":[{"id":"40736","number":"42997","date":"2021-10-29","amount":51000,"total":51000,"balance":0}],"costCenter":null,"numberTemplate":{"id":"3","prefix":"","number":"40499","fullNumber":"40499","formattedNumber":"40499"}}
2021-10-29 02:47:06 :: ----------send data payment:40737------------
2021-10-29 02:47:06 :: {"date":"2021-10-29","invoices":[{"amount":"113399","id":"40737"}],"bankAccount":2}
2021-10-29 02:47:11 :: ----------result data payment:40737------------
2021-10-29 02:47:11 :: {"id":"42286","date":"2021-10-29","number":"40500","amount":"113399.0000000000","observations":null,"anotation":null,"type":"in","paymentMethod":"","status":"open","bankAccount":{"id":"2","name":"PAYU","type":"bank"},"client":{"id":"31527","name":"laura gomez","phone":"3107235892"},"invoices":[{"id":"40737","number":"42998","date":"2021-10-29","amount":113399,"total":113399,"balance":0}],"costCenter":null,"numberTemplate":{"id":"3","prefix":"","number":"40500","fullNumber":"40500","formattedNumber":"40500"}}
2021-10-29 02:59:08 :: ----------send data payment:40738------------
2021-10-29 02:59:08 :: {"date":"2021-10-29","invoices":[{"amount":"102058","id":"40738"}],"bankAccount":2}
2021-10-29 02:59:10 :: ----------result data payment:40738------------
2021-10-29 02:59:10 :: {"id":"42287","date":"2021-10-29","number":"40501","amount":"102058.0000000000","observations":null,"anotation":null,"type":"in","paymentMethod":"","status":"open","bankAccount":{"id":"2","name":"PAYU","type":"bank"},"client":{"id":"31528","name":"Lizeth Carolina Cubides Rubiano","phone":"3219586536"},"invoices":[{"id":"40738","number":"42999","date":"2021-10-29","amount":102058,"total":102058,"balance":0}],"costCenter":null,"numberTemplate":{"id":"3","prefix":"","number":"40501","fullNumber":"40501","formattedNumber":"40501"}}
2021-10-29 03:06:08 :: ----------send data payment:40739------------
2021-10-29 03:06:08 :: {"date":"2021-10-29","invoices":[{"amount":"102000","id":"40739"}],"bankAccount":2}
2021-10-29 03:06:10 :: ----------result data payment:40739------------
2021-10-29 03:06:10 :: {"id":"42288","date":"2021-10-29","number":"40502","amount":"102000.0000000000","observations":null,"anotation":null,"type":"in","paymentMethod":"","status":"open","bankAccount":{"id":"2","name":"PAYU","type":"bank"},"client":{"id":"29449","name":"Mary Zapata Restrepo","phone":"3235207819"},"invoices":[{"id":"40739","number":"43000","date":"2021-10-29","amount":102000,"total":102000,"balance":0}],"costCenter":null,"numberTemplate":{"id":"3","prefix":"","number":"40502","fullNumber":"40502","formattedNumber":"40502"}}
2021-10-29 03:09:05 :: ----------send data payment:40740------------
2021-10-29 03:09:05 :: {"date":"2021-10-29","invoices":[{"amount":"113400","id":"40740"}],"bankAccount":2}
2021-10-29 03:09:07 :: ----------result data payment:40740------------
2021-10-29 03:09:07 :: {"id":"42289","date":"2021-10-29","number":"40503","amount":"113400.0000000000","observations":null,"anotation":null,"type":"in","paymentMethod":"","status":"open","bankAccount":{"id":"2","name":"PAYU","type":"bank"},"client":{"id":"31529","name":"LEYLA POLO","phone":"3046330726"},"invoices":[{"id":"40740","number":"43001","date":"2021-10-29","amount":113400,"total":113400,"balance":0}],"costCenter":null,"numberTemplate":{"id":"3","prefix":"","number":"40503","fullNumber":"40503","formattedNumber":"40503"}}
2021-10-29 03:15:07 :: ----------send data payment:40741------------
2021-10-29 03:15:07 :: {"date":"2021-10-29","invoices":[{"amount":"200001","id":"40741"}],"bankAccount":2}
2021-10-29 03:15:10 :: ----------result data payment:40741------------
2021-10-29 03:15:10 :: {"id":"42290","date":"2021-10-29","number":"40504","amount":"200001.0000000000","observations":null,"anotation":null,"type":"in","paymentMethod":"","status":"open","bankAccount":{"id":"2","name":"PAYU","type":"bank"},"client":{"id":"31530","name":"Segura novoa","phone":"3005442413"},"invoices":[{"id":"40741","number":"43002","date":"2021-10-29","amount":200001,"total":200001,"balance":0}],"costCenter":null,"numberTemplate":{"id":"3","prefix":"","number":"40504","fullNumber":"40504","formattedNumber":"40504"}}
2021-10-29 03:15:14 :: ----------send data payment:40742------------
2021-10-29 03:15:14 :: {"date":"2021-10-29","invoices":[{"amount":"220499","id":"40742"}],"bankAccount":2}
2021-10-29 03:15:16 :: ----------result data payment:40742------------
2021-10-29 03:15:16 :: {"id":"42291","date":"2021-10-29","number":"40505","amount":"220499.0000000000","observations":null,"anotation":null,"type":"in","paymentMethod":"","status":"open","bankAccount":{"id":"2","name":"PAYU","type":"bank"},"client":{"id":"31531","name":"fermar201209","phone":"3222320250"},"invoices":[{"id":"40742","number":"43003","date":"2021-10-29","amount":220499,"total":220499,"balance":0}],"costCenter":null,"numberTemplate":{"id":"3","prefix":"","number":"40505","fullNumber":"40505","formattedNumber":"40505"}}
2021-10-29 03:21:10 :: ----------send data payment:40743------------
2021-10-29 03:21:10 :: {"date":"2021-10-29","invoices":[{"amount":"90000","id":"40743"}],"bankAccount":2}
2021-10-29 03:21:12 :: ----------result data payment:40743------------
2021-10-29 03:21:12 :: {"id":"42292","date":"2021-10-29","number":"40506","amount":"90000.0000000000","observations":null,"anotation":null,"type":"in","paymentMethod":"","status":"open","bankAccount":{"id":"2","name":"PAYU","type":"bank"},"client":{"id":"31532","name":"Carolina N","phone":"3012341885"},"invoices":[{"id":"40743","number":"43004","date":"2021-10-29","amount":90000,"total":90000,"balance":0}],"costCenter":null,"numberTemplate":{"id":"3","prefix":"","number":"40506","fullNumber":"40506","formattedNumber":"40506"}}
2021-10-29 03:27:07 :: ----------send data payment:40744------------
2021-10-29 03:27:07 :: {"date":"2021-10-29","invoices":[{"amount":"90000","id":"40744"}],"bankAccount":2}
2021-10-29 03:27:08 :: ----------result data payment:40744------------
2021-10-29 03:27:08 :: {"id":"42293","date":"2021-10-29","number":"40507","amount":"90000.0000000000","observations":null,"anotation":null,"type":"in","paymentMethod":"","status":"open","bankAccount":{"id":"2","name":"PAYU","type":"bank"},"client":{"id":"31533","name":"Mar\u00eda Jos\u00e9 Carmona","phone":"3215477706"},"invoices":[{"id":"40744","number":"43005","date":"2021-10-29","amount":90000,"total":90000,"balance":0}],"costCenter":null,"numberTemplate":{"id":"3","prefix":"","number":"40507","fullNumber":"40507","formattedNumber":"40507"}}
2021-10-29 03:50:05 :: ----------send data payment:40745------------
2021-10-29 03:50:05 :: {"date":"2021-10-29","invoices":[{"amount":"57600","id":"40745"}],"bankAccount":2}
2021-10-29 03:50:06 :: ----------result data payment:40745------------
2021-10-29 03:50:06 :: {"id":"42294","date":"2021-10-29","number":"40508","amount":"57600.0000000000","observations":null,"anotation":null,"type":"in","paymentMethod":"","status":"open","bankAccount":{"id":"2","name":"PAYU","type":"bank"},"client":{"id":"31534","name":"Vanessa riascos","phone":"3175776253"},"invoices":[{"id":"40745","number":"43006","date":"2021-10-29","amount":57600,"total":57600,"balance":0}],"costCenter":null,"numberTemplate":{"id":"3","prefix":"","number":"40508","fullNumber":"40508","formattedNumber":"40508"}}
2021-10-29 03:52:05 :: ----------send data payment:40746------------
2021-10-29 03:52:05 :: {"date":"2021-10-29","invoices":[{"amount":"58650","id":"40746"}],"bankAccount":2}
2021-10-29 03:52:06 :: ----------result data payment:40746------------
2021-10-29 03:52:06 :: {"id":"42295","date":"2021-10-29","number":"40509","amount":"58650.0000000000","observations":null,"anotation":null,"type":"in","paymentMethod":"","status":"open","bankAccount":{"id":"2","name":"PAYU","type":"bank"},"client":{"id":"31535","name":"Tatiana Ospina","phone":"3042485744"},"invoices":[{"id":"40746","number":"43007","date":"2021-10-29","amount":58650,"total":58650,"balance":0}],"costCenter":null,"numberTemplate":{"id":"3","prefix":"","number":"40509","fullNumber":"40509","formattedNumber":"40509"}}
2021-10-29 03:54:05 :: ----------send data payment:40747------------
2021-10-29 03:54:05 :: {"date":"2021-10-29","invoices":[{"amount":"113400","id":"40747"}],"bankAccount":2}
2021-10-29 03:54:06 :: ----------result data payment:40747------------
2021-10-29 03:54:06 :: {"id":"42296","date":"2021-10-29","number":"40510","amount":"113400.0000000000","observations":null,"anotation":null,"type":"in","paymentMethod":"","status":"open","bankAccount":{"id":"2","name":"PAYU","type":"bank"},"client":{"id":"31536","name":"Estefania Garc\u00eda alvarez","phone":"3194841006"},"invoices":[{"id":"40747","number":"43008","date":"2021-10-29","amount":113400,"total":113400,"balance":0}],"costCenter":null,"numberTemplate":{"id":"3","prefix":"","number":"40510","fullNumber":"40510","formattedNumber":"40510"}}
2021-10-29 04:06:10 :: ----------send data payment:40748------------
2021-10-29 04:06:10 :: {"date":"2021-10-29","invoices":[{"amount":"153539","id":"40748"}],"bankAccount":2}
2021-10-29 04:06:12 :: ----------result data payment:40748------------
2021-10-29 04:06:12 :: {"id":"42298","date":"2021-10-29","number":"40512","amount":"153539.0000000000","observations":null,"anotation":null,"type":"in","paymentMethod":"","status":"open","bankAccount":{"id":"2","name":"PAYU","type":"bank"},"client":{"id":"31537","name":"Daniela Jara","phone":"3053117524"},"invoices":[{"id":"40748","number":"43009","date":"2021-10-29","amount":153539,"total":153539,"balance":0}],"costCenter":null,"numberTemplate":{"id":"3","prefix":"","number":"40512","fullNumber":"40512","formattedNumber":"40512"}}
2021-10-29 04:06:15 :: ----------send data payment:40749------------
2021-10-29 04:06:15 :: {"date":"2021-10-29","invoices":[{"amount":"145800","id":"40749"}],"bankAccount":2}
2021-10-29 04:06:16 :: ----------result data payment:40749------------
2021-10-29 04:06:16 :: {"id":"42299","date":"2021-10-29","number":"40513","amount":"145800.0000000000","observations":null,"anotation":null,"type":"in","paymentMethod":"","status":"open","bankAccount":{"id":"2","name":"PAYU","type":"bank"},"client":{"id":"31538","name":"Vanessa Valdelamar","phone":"3118713893"},"invoices":[{"id":"40749","number":"43010","date":"2021-10-29","amount":145800,"total":145800,"balance":0}],"costCenter":null,"numberTemplate":{"id":"3","prefix":"","number":"40513","fullNumber":"40513","formattedNumber":"40513"}}
2021-10-29 04:12:06 :: ----------send data payment:40750------------
2021-10-29 04:12:06 :: {"date":"2021-10-29","invoices":[{"amount":"305678","id":"40750"}],"bankAccount":2}
2021-10-29 04:12:07 :: ----------result data payment:40750------------
2021-10-29 04:12:07 :: {"id":"42300","date":"2021-10-29","number":"40514","amount":"305678.0000000000","observations":null,"anotation":null,"type":"in","paymentMethod":"","status":"open","bankAccount":{"id":"2","name":"PAYU","type":"bank"},"client":{"id":"31539","name":"Jenifer Estefan\u00eda Andrade","phone":"3124370532"},"invoices":[{"id":"40750","number":"43011","date":"2021-10-29","amount":305678,"total":305678,"balance":0}],"costCenter":null,"numberTemplate":{"id":"3","prefix":"","number":"40514","fullNumber":"40514","formattedNumber":"40514"}}
2021-10-29 04:17:05 :: ----------send data payment:40751------------
2021-10-29 04:17:05 :: {"date":"2021-10-29","invoices":[{"amount":"74800","id":"40751"}],"bankAccount":2}
2021-10-29 04:17:06 :: ----------result data payment:40751------------
2021-10-29 04:17:06 :: {"id":"42301","date":"2021-10-29","number":"40515","amount":"74800.0000000000","observations":null,"anotation":null,"type":"in","paymentMethod":"","status":"open","bankAccount":{"id":"2","name":"PAYU","type":"bank"},"client":{"id":"8337","name":"CAMILA AVILA BUSTOS","phone":"3115265706"},"invoices":[{"id":"40751","number":"43012","date":"2021-10-29","amount":74800,"total":74800,"balance":0}],"costCenter":null,"numberTemplate":{"id":"3","prefix":"","number":"40515","fullNumber":"40515","formattedNumber":"40515"}}
2021-10-29 04:22:09 :: ----------send data payment:40752------------
2021-10-29 04:22:09 :: {"date":"2021-10-29","invoices":[{"amount":"90000","id":"40752"}],"bankAccount":2}
2021-10-29 04:22:13 :: ----------result data payment:40752------------
2021-10-29 04:22:13 :: {"id":"42302","date":"2021-10-29","number":"40516","amount":"90000.0000000000","observations":null,"anotation":null,"type":"in","paymentMethod":"","status":"open","bankAccount":{"id":"2","name":"PAYU","type":"bank"},"client":{"id":"31540","name":"Mildret movilla pardo","phone":"3008172514"},"invoices":[{"id":"40752","number":"43013","date":"2021-10-29","amount":90000,"total":90000,"balance":0}],"costCenter":null,"numberTemplate":{"id":"3","prefix":"","number":"40516","fullNumber":"40516","formattedNumber":"40516"}}
2021-10-29 04:23:05 :: ----------send data payment:40753------------
2021-10-29 04:23:05 :: {"date":"2021-10-29","invoices":[{"amount":"35000","id":"40753"}],"bankAccount":2}
2021-10-29 04:23:06 :: ----------result data payment:40753------------
2021-10-29 04:23:06 :: {"id":"42303","date":"2021-10-29","number":"40517","amount":"35000.0000000000","observations":null,"anotation":null,"type":"in","paymentMethod":"","status":"open","bankAccount":{"id":"2","name":"PAYU","type":"bank"},"client":{"id":"26140","name":"Luz Nelly Baron Bedoya","phone":"3053986010"},"invoices":[{"id":"40753","number":"43014","date":"2021-10-29","amount":35000,"total":35000,"balance":0}],"costCenter":null,"numberTemplate":{"id":"3","prefix":"","number":"40517","fullNumber":"40517","formattedNumber":"40517"}}
2021-10-29 04:44:04 :: ----------send data payment:40755------------
2021-10-29 04:44:04 :: {"date":"2021-10-29","invoices":[{"amount":"28000","id":"40755"}],"bankAccount":2}
2021-10-29 04:44:08 :: ----------result data payment:40755------------
2021-10-29 04:44:08 :: {"id":"42304","date":"2021-10-29","number":"40518","amount":"28000.0000000000","observations":null,"anotation":null,"type":"in","paymentMethod":"","status":"open","bankAccount":{"id":"2","name":"PAYU","type":"bank"},"client":{"id":"26140","name":"Luz Nelly Baron Bedoya","phone":"3053986010"},"invoices":[{"id":"40755","number":"43016","date":"2021-10-29","amount":28000,"total":28000,"balance":0}],"costCenter":null,"numberTemplate":{"id":"3","prefix":"","number":"40518","fullNumber":"40518","formattedNumber":"40518"}}
2021-10-29 04:46:10 :: ----------send data payment:40756------------
2021-10-29 04:46:10 :: {"date":"2021-10-29","invoices":[{"amount":"70000","id":"40756"}],"bankAccount":2}
2021-10-29 04:46:12 :: ----------result data payment:40756------------
2021-10-29 04:46:12 :: {"id":"42305","date":"2021-10-29","number":"40519","amount":"70000.0000000000","observations":null,"anotation":null,"type":"in","paymentMethod":"","status":"open","bankAccount":{"id":"2","name":"PAYU","type":"bank"},"client":{"id":"31541","name":"Nury Mora","phone":"3202101192"},"invoices":[{"id":"40756","number":"43017","date":"2021-10-29","amount":70000,"total":70000,"balance":0}],"costCenter":null,"numberTemplate":{"id":"3","prefix":"","number":"40519","fullNumber":"40519","formattedNumber":"40519"}}
2021-10-29 05:04:07 :: ----------send data payment:40757------------
2021-10-29 05:04:07 :: {"date":"2021-10-29","invoices":[{"amount":"74800","id":"40757"}],"bankAccount":2}
2021-10-29 05:04:09 :: ----------result data payment:40757------------
2021-10-29 05:04:09 :: {"id":"42306","date":"2021-10-29","number":"40520","amount":"74800.0000000000","observations":null,"anotation":null,"type":"in","paymentMethod":"","status":"open","bankAccount":{"id":"2","name":"PAYU","type":"bank"},"client":{"id":"31542","name":"Nini johana sanchez cruz","phone":"3168298474"},"invoices":[{"id":"40757","number":"43018","date":"2021-10-29","amount":74800,"total":74800,"balance":0}],"costCenter":null,"numberTemplate":{"id":"3","prefix":"","number":"40520","fullNumber":"40520","formattedNumber":"40520"}}
2021-10-29 05:12:07 :: ----------send data payment:40758------------
2021-10-29 05:12:07 :: {"date":"2021-10-29","invoices":[{"amount":"53000","id":"40758"}],"bankAccount":2}
2021-10-29 05:12:08 :: ----------result data payment:40758------------
2021-10-29 05:12:08 :: {"id":"42307","date":"2021-10-29","number":"40521","amount":"53000.0000000000","observations":null,"anotation":null,"type":"in","paymentMethod":"","status":"open","bankAccount":{"id":"2","name":"PAYU","type":"bank"},"client":{"id":"31543","name":"Johan F Rodriguez A","phone":"3132217654"},"invoices":[{"id":"40758","number":"43019","date":"2021-10-29","amount":53000,"total":53000,"balance":0}],"costCenter":null,"numberTemplate":{"id":"3","prefix":"","number":"40521","fullNumber":"40521","formattedNumber":"40521"}}
2021-10-29 05:36:10 :: ----------send data payment:40759------------
2021-10-29 05:36:10 :: {"date":"2021-10-29","invoices":[{"amount":"70000","id":"40759"}],"bankAccount":2}
2021-10-29 05:36:12 :: ----------result data payment:40759------------
2021-10-29 05:36:12 :: {"id":"42308","date":"2021-10-29","number":"40522","amount":"70000.0000000000","observations":null,"anotation":null,"type":"in","paymentMethod":"","status":"open","bankAccount":{"id":"2","name":"PAYU","type":"bank"},"client":{"id":"31544","name":"Liyi calderon","phone":"3104711156"},"invoices":[{"id":"40759","number":"43020","date":"2021-10-29","amount":70000,"total":70000,"balance":0}],"costCenter":null,"numberTemplate":{"id":"3","prefix":"","number":"40522","fullNumber":"40522","formattedNumber":"40522"}}
2021-10-29 05:52:03 :: ----------send data payment:40760------------
2021-10-29 05:52:03 :: {"date":"2021-10-29","invoices":[{"amount":"44150","id":"40760"}],"bankAccount":2}
2021-10-29 05:52:05 :: ----------result data payment:40760------------
2021-10-29 05:52:05 :: {"id":"42309","date":"2021-10-29","number":"40523","amount":"44150.0000000000","observations":null,"anotation":null,"type":"in","paymentMethod":"","status":"open","bankAccount":{"id":"2","name":"PAYU","type":"bank"},"client":{"id":"28598","name":"Karen Daniela Rinc\u00f3n","phone":"3123788678"},"invoices":[{"id":"40760","number":"43021","date":"2021-10-29","amount":44150,"total":44150,"balance":0}],"costCenter":null,"numberTemplate":{"id":"3","prefix":"","number":"40523","fullNumber":"40523","formattedNumber":"40523"}}
2021-10-29 06:13:06 :: ----------send data payment:40761------------
2021-10-29 06:13:06 :: {"date":"2021-10-29","invoices":[{"amount":"58600","id":"40761"}],"bankAccount":2}
2021-10-29 06:13:08 :: ----------result data payment:40761------------
2021-10-29 06:13:08 :: {"id":"42310","date":"2021-10-29","number":"40524","amount":"58600.0000000000","observations":null,"anotation":null,"type":"in","paymentMethod":"","status":"open","bankAccount":{"id":"2","name":"PAYU","type":"bank"},"client":{"id":"31545","name":"Yulieth Diaz","phone":"3104836807"},"invoices":[{"id":"40761","number":"43022","date":"2021-10-29","amount":58600,"total":58600,"balance":0}],"costCenter":null,"numberTemplate":{"id":"3","prefix":"","number":"40524","fullNumber":"40524","formattedNumber":"40524"}}
2021-10-29 06:17:08 :: ----------send data payment:40762------------
2021-10-29 06:17:08 :: {"date":"2021-10-29","invoices":[{"amount":"53380","id":"40762"}],"bankAccount":2}
2021-10-29 06:17:10 :: ----------result data payment:40762------------
2021-10-29 06:17:10 :: {"id":"42311","date":"2021-10-29","number":"40525","amount":"53380.0000000000","observations":null,"anotation":null,"type":"in","paymentMethod":"","status":"open","bankAccount":{"id":"2","name":"PAYU","type":"bank"},"client":{"id":"31546","name":"natysjimenez015","phone":"3057614966"},"invoices":[{"id":"40762","number":"43023","date":"2021-10-29","amount":53380,"total":53380,"balance":0}],"costCenter":null,"numberTemplate":{"id":"3","prefix":"","number":"40525","fullNumber":"40525","formattedNumber":"40525"}}
2021-10-29 06:19:05 :: ----------send data payment:40763------------
2021-10-29 06:19:05 :: {"date":"2021-10-29","invoices":[{"amount":"110160","id":"40763"}],"bankAccount":2}
2021-10-29 06:19:06 :: ----------result data payment:40763------------
2021-10-29 06:19:06 :: {"id":"42312","date":"2021-10-29","number":"40526","amount":"110160.0000000000","observations":null,"anotation":null,"type":"in","paymentMethod":"","status":"open","bankAccount":{"id":"2","name":"PAYU","type":"bank"},"client":{"id":"31547","name":"Maira Martinez","phone":"3186888791"},"invoices":[{"id":"40763","number":"43024","date":"2021-10-29","amount":110160,"total":110160,"balance":0}],"costCenter":null,"numberTemplate":{"id":"3","prefix":"","number":"40526","fullNumber":"40526","formattedNumber":"40526"}}
2021-10-29 06:46:18 :: ----------send data payment:40764------------
2021-10-29 06:46:18 :: {"date":"2021-10-29","invoices":[{"amount":"130000","id":"40764"}],"bankAccount":2}
2021-10-29 06:46:20 :: ----------result data payment:40764------------
2021-10-29 06:46:20 :: {"id":"42313","date":"2021-10-29","number":"40527","amount":"130000.0000000000","observations":null,"anotation":null,"type":"in","paymentMethod":"","status":"open","bankAccount":{"id":"2","name":"PAYU","type":"bank"},"client":{"id":"31548","name":"Angelica Chica","phone":"3143079691"},"invoices":[{"id":"40764","number":"43025","date":"2021-10-29","amount":130000,"total":130000,"balance":0}],"costCenter":null,"numberTemplate":{"id":"3","prefix":"","number":"40527","fullNumber":"40527","formattedNumber":"40527"}}
2021-10-29 06:58:10 :: ----------send data payment:40765------------
2021-10-29 06:58:10 :: {"date":"2021-10-29","invoices":[{"amount":"119070","id":"40765"}],"bankAccount":2}
2021-10-29 06:58:12 :: ----------result data payment:40765------------
2021-10-29 06:58:12 :: {"id":"42314","date":"2021-10-29","number":"40528","amount":"119070.0000000000","observations":null,"anotation":null,"type":"in","paymentMethod":"","status":"open","bankAccount":{"id":"2","name":"PAYU","type":"bank"},"client":{"id":"31549","name":"Milena florez","phone":"3196379320"},"invoices":[{"id":"40765","number":"43026","date":"2021-10-29","amount":119070,"total":119070,"balance":0}],"costCenter":null,"numberTemplate":{"id":"3","prefix":"","number":"40528","fullNumber":"40528","formattedNumber":"40528"}}
2021-10-29 07:03:04 :: ----------send data payment:40766------------
2021-10-29 07:03:04 :: {"date":"2021-10-29","invoices":[{"amount":"109999","id":"40766"}],"bankAccount":2}
2021-10-29 07:03:06 :: ----------result data payment:40766------------
2021-10-29 07:03:06 :: {"id":"42315","date":"2021-10-29","number":"40529","amount":"109999.0000000000","observations":null,"anotation":null,"type":"in","paymentMethod":"","status":"open","bankAccount":{"id":"2","name":"PAYU","type":"bank"},"client":{"id":"31550","name":"Laura Mora","phone":"3182096070"},"invoices":[{"id":"40766","number":"43027","date":"2021-10-29","amount":109999,"total":109999,"balance":0}],"costCenter":null,"numberTemplate":{"id":"3","prefix":"","number":"40529","fullNumber":"40529","formattedNumber":"40529"}}
2021-10-29 07:03:09 :: ----------send data payment:40767------------
2021-10-29 07:03:09 :: {"date":"2021-10-29","invoices":[{"amount":"70000","id":"40767"}],"bankAccount":2}
2021-10-29 07:03:10 :: ----------result data payment:40767------------
2021-10-29 07:03:10 :: {"id":"42316","date":"2021-10-29","number":"40530","amount":"70000.0000000000","observations":null,"anotation":null,"type":"in","paymentMethod":"","status":"open","bankAccount":{"id":"2","name":"PAYU","type":"bank"},"client":{"id":"31551","name":"Andrea Rivera B","phone":"3188919772"},"invoices":[{"id":"40767","number":"43028","date":"2021-10-29","amount":70000,"total":70000,"balance":0}],"costCenter":null,"numberTemplate":{"id":"3","prefix":"","number":"40530","fullNumber":"40530","formattedNumber":"40530"}}
2021-10-29 07:06:11 :: ----------send data payment:40768------------
2021-10-29 07:06:11 :: {"date":"2021-10-29","invoices":[{"amount":"35000","id":"40768"}],"bankAccount":2}
2021-10-29 07:06:12 :: ----------result data payment:40768------------
2021-10-29 07:06:12 :: {"id":"42317","date":"2021-10-29","number":"40531","amount":"35000.0000000000","observations":null,"anotation":null,"type":"in","paymentMethod":"","status":"open","bankAccount":{"id":"2","name":"PAYU","type":"bank"},"client":{"id":"31552","name":"Erika Herrera","phone":"3102274235"},"invoices":[{"id":"40768","number":"43029","date":"2021-10-29","amount":35000,"total":35000,"balance":0}],"costCenter":null,"numberTemplate":{"id":"3","prefix":"","number":"40531","fullNumber":"40531","formattedNumber":"40531"}}
2021-10-29 07:08:06 :: ----------send data payment:40769------------
2021-10-29 07:08:06 :: {"date":"2021-10-29","invoices":[{"amount":"96000","id":"40769"}],"bankAccount":2}
2021-10-29 07:08:07 :: ----------result data payment:40769------------
2021-10-29 07:08:07 :: {"id":"42318","date":"2021-10-29","number":"40532","amount":"96000.0000000000","observations":null,"anotation":null,"type":"in","paymentMethod":"","status":"open","bankAccount":{"id":"2","name":"PAYU","type":"bank"},"client":{"id":"31553","name":"Alba Mogoll\u00f3n Franco","phone":"3107656661"},"invoices":[{"id":"40769","number":"43030","date":"2021-10-29","amount":96000,"total":96000,"balance":0}],"costCenter":null,"numberTemplate":{"id":"3","prefix":"","number":"40532","fullNumber":"40532","formattedNumber":"40532"}}
2021-10-29 07:12:05 :: ----------send data payment:40770------------
2021-10-29 07:12:05 :: {"date":"2021-10-29","invoices":[{"amount":"108000","id":"40770"}],"bankAccount":2}
2021-10-29 07:12:06 :: ----------result data payment:40770------------
2021-10-29 07:12:06 :: {"id":"42319","date":"2021-10-29","number":"40533","amount":"108000.0000000000","observations":null,"anotation":null,"type":"in","paymentMethod":"","status":"open","bankAccount":{"id":"2","name":"PAYU","type":"bank"},"client":{"id":"31554","name":"Ana Maria Pieschac\u00f3n","phone":"3007504120"},"invoices":[{"id":"40770","number":"43031","date":"2021-10-29","amount":108000,"total":108000,"balance":0}],"costCenter":null,"numberTemplate":{"id":"3","prefix":"","number":"40533","fullNumber":"40533","formattedNumber":"40533"}}
2021-10-29 07:24:06 :: ----------send data payment:40771------------
2021-10-29 07:24:06 :: {"date":"2021-10-29","invoices":[{"amount":"108000","id":"40771"}],"bankAccount":2}
2021-10-29 07:24:07 :: ----------result data payment:40771------------
2021-10-29 07:24:07 :: {"id":"42320","date":"2021-10-29","number":"40534","amount":"108000.0000000000","observations":null,"anotation":null,"type":"in","paymentMethod":"","status":"open","bankAccount":{"id":"2","name":"PAYU","type":"bank"},"client":{"id":"31555","name":"Jenniffer","phone":"3102584471"},"invoices":[{"id":"40771","number":"43032","date":"2021-10-29","amount":108000,"total":108000,"balance":0}],"costCenter":null,"numberTemplate":{"id":"3","prefix":"","number":"40534","fullNumber":"40534","formattedNumber":"40534"}}
2021-10-29 07:26:03 :: ----------send data payment:40772------------
2021-10-29 07:26:03 :: {"date":"2021-10-29","invoices":[{"amount":"36000","id":"40772"}],"bankAccount":2}
2021-10-29 07:26:04 :: ----------result data payment:40772------------
2021-10-29 07:26:04 :: {"id":"42321","date":"2021-10-29","number":"40535","amount":"36000.0000000000","observations":null,"anotation":null,"type":"in","paymentMethod":"","status":"open","bankAccount":{"id":"2","name":"PAYU","type":"bank"},"client":{"id":"28880","name":"PAULA ARCE CHAVES","phone":"3202773689"},"invoices":[{"id":"40772","number":"43033","date":"2021-10-29","amount":36000,"total":36000,"balance":0}],"costCenter":null,"numberTemplate":{"id":"3","prefix":"","number":"40535","fullNumber":"40535","formattedNumber":"40535"}}
2021-10-29 07:30:04 :: ----------send data payment:40773------------
2021-10-29 07:30:04 :: {"date":"2021-10-29","invoices":[{"amount":"70000","id":"40773"}],"bankAccount":2}
2021-10-29 07:30:06 :: ----------result data payment:40773------------
2021-10-29 07:30:06 :: {"id":"42322","date":"2021-10-29","number":"40536","amount":"70000.0000000000","observations":null,"anotation":null,"type":"in","paymentMethod":"","status":"open","bankAccount":{"id":"2","name":"PAYU","type":"bank"},"client":{"id":"31556","name":"Camila Olave","phone":"3107564928"},"invoices":[{"id":"40773","number":"43034","date":"2021-10-29","amount":70000,"total":70000,"balance":0}],"costCenter":null,"numberTemplate":{"id":"3","prefix":"","number":"40536","fullNumber":"40536","formattedNumber":"40536"}}
2021-10-29 07:54:05 :: ----------send data payment:40774------------
2021-10-29 07:54:05 :: {"date":"2021-10-29","invoices":[{"amount":"59000","id":"40774"}],"bankAccount":2}
2021-10-29 07:54:06 :: ----------result data payment:40774------------
2021-10-29 07:54:06 :: {"id":"42323","date":"2021-10-29","number":"40537","amount":"59000.0000000000","observations":null,"anotation":null,"type":"in","paymentMethod":"","status":"open","bankAccount":{"id":"2","name":"PAYU","type":"bank"},"client":{"id":"31557","name":"Karen suarez","phone":"3162581823"},"invoices":[{"id":"40774","number":"43035","date":"2021-10-29","amount":59000,"total":59000,"balance":0}],"costCenter":null,"numberTemplate":{"id":"3","prefix":"","number":"40537","fullNumber":"40537","formattedNumber":"40537"}}
2021-10-29 08:23:05 :: ----------send data payment:40775------------
2021-10-29 08:23:05 :: {"date":"2021-10-29","invoices":[{"amount":"100000","id":"40775"}],"bankAccount":2}
2021-10-29 08:23:06 :: ----------result data payment:40775------------
2021-10-29 08:23:06 :: {"id":"42324","date":"2021-10-29","number":"40538","amount":"100000.0000000000","observations":null,"anotation":null,"type":"in","paymentMethod":"","status":"open","bankAccount":{"id":"2","name":"PAYU","type":"bank"},"client":{"id":"26388","name":"Monica Angulo","phone":"3013269371"},"invoices":[{"id":"40775","number":"43036","date":"2021-10-29","amount":100000,"total":100000,"balance":0}],"costCenter":null,"numberTemplate":{"id":"3","prefix":"","number":"40538","fullNumber":"40538","formattedNumber":"40538"}}
2021-10-29 08:24:05 :: ----------send data payment:40776------------
2021-10-29 08:24:05 :: {"date":"2021-10-29","invoices":[{"amount":"89000","id":"40776"}],"bankAccount":2}
2021-10-29 08:24:06 :: ----------result data payment:40776------------
2021-10-29 08:24:06 :: {"id":"42325","date":"2021-10-29","number":"40539","amount":"89000.0000000000","observations":null,"anotation":null,"type":"in","paymentMethod":"","status":"open","bankAccount":{"id":"2","name":"PAYU","type":"bank"},"client":{"id":"31558","name":"Deisy Alejandra Castillo Carvajal","phone":"3012458766"},"invoices":[{"id":"40776","number":"43037","date":"2021-10-29","amount":89000,"total":89000,"balance":0}],"costCenter":null,"numberTemplate":{"id":"3","prefix":"","number":"40539","fullNumber":"40539","formattedNumber":"40539"}}
2021-10-29 08:56:11 :: ----------send data payment:40777------------
2021-10-29 08:56:11 :: {"date":"2021-10-29","invoices":[{"amount":"68560","id":"40777"}],"bankAccount":2}
2021-10-29 08:56:13 :: ----------result data payment:40777------------
2021-10-29 08:56:13 :: {"id":"42326","date":"2021-10-29","number":"40540","amount":"68560.0000000000","observations":null,"anotation":null,"type":"in","paymentMethod":"","status":"open","bankAccount":{"id":"2","name":"PAYU","type":"bank"},"client":{"id":"31559","name":"Nicole Gordillo Guerrero","phone":"3208966688"},"invoices":[{"id":"40777","number":"43038","date":"2021-10-29","amount":68560,"total":68560,"balance":0}],"costCenter":null,"numberTemplate":{"id":"3","prefix":"","number":"40540","fullNumber":"40540","formattedNumber":"40540"}}
2021-10-29 09:49:06 :: ----------send data payment:40778------------
2021-10-29 09:49:06 :: {"date":"2021-10-29","invoices":[{"amount":"90000","id":"40778"}],"bankAccount":2}
2021-10-29 09:49:07 :: ----------result data payment:40778------------
2021-10-29 09:49:07 :: {"id":"42327","date":"2021-10-29","number":"40541","amount":"90000.0000000000","observations":null,"anotation":null,"type":"in","paymentMethod":"","status":"open","bankAccount":{"id":"2","name":"PAYU","type":"bank"},"client":{"id":"31560","name":"Mar\u00eda Isabella Ria\u00f1o Tapiero","phone":"3105547041"},"invoices":[{"id":"40778","number":"43039","date":"2021-10-29","amount":90000,"total":90000,"balance":0}],"costCenter":null,"numberTemplate":{"id":"3","prefix":"","number":"40541","fullNumber":"40541","formattedNumber":"40541"}}
2021-10-29 10:25:06 :: ----------send data payment:40779------------
2021-10-29 10:25:06 :: {"date":"2021-10-29","invoices":[{"amount":"66960","id":"40779"}],"bankAccount":2}
2021-10-29 10:25:08 :: ----------result data payment:40779------------
2021-10-29 10:25:08 :: {"id":"42328","date":"2021-10-29","number":"40542","amount":"66960.0000000000","observations":null,"anotation":null,"type":"in","paymentMethod":"","status":"open","bankAccount":{"id":"2","name":"PAYU","type":"bank"},"client":{"id":"31561","name":"Carolina Cortes Ayala","phone":"3117683289"},"invoices":[{"id":"40779","number":"43040","date":"2021-10-29","amount":66960,"total":66960,"balance":0}],"costCenter":null,"numberTemplate":{"id":"3","prefix":"","number":"40542","fullNumber":"40542","formattedNumber":"40542"}}
2021-10-29 11:13:07 :: ----------send data payment:40780------------
2021-10-29 11:13:07 :: {"date":"2021-10-29","invoices":[{"amount":"57500","id":"40780"}],"bankAccount":2}
2021-10-29 11:13:09 :: ----------result data payment:40780------------
2021-10-29 11:13:09 :: {"id":"42329","date":"2021-10-29","number":"40543","amount":"57500.0000000000","observations":null,"anotation":null,"type":"in","paymentMethod":"","status":"open","bankAccount":{"id":"2","name":"PAYU","type":"bank"},"client":{"id":"31562","name":"Katerine Bonilla","phone":"3003008191"},"invoices":[{"id":"40780","number":"43041","date":"2021-10-29","amount":57500,"total":57500,"balance":0}],"costCenter":null,"numberTemplate":{"id":"3","prefix":"","number":"40543","fullNumber":"40543","formattedNumber":"40543"}}