
2021-08-24 12:08:06 :: ----------send data payment:36509------------
2021-08-24 12:08:06 :: {"date":"2021-08-24","invoices":[{"amount":"71000","id":"36509"}],"bankAccount":2}
2021-08-24 12:08:07 :: ----------result data payment:36509------------
2021-08-24 12:08:07 :: {"id":"37962","date":"2021-08-24","number":"36309","amount":"71000.0000000000","observations":null,"anotation":null,"type":"in","paymentMethod":"","status":"open","bankAccount":{"id":"2","name":"PAYU","type":"bank"},"client":{"id":"28454","name":"Eliana Acevedo","phone":"3197894975"},"invoices":[{"id":"36509","number":"38770","date":"2021-08-24","amount":71000,"total":71000,"balance":0}],"costCenter":null,"numberTemplate":{"id":"3","prefix":"","number":"36309","fullNumber":"36309","formattedNumber":"36309"}}
2021-08-24 05:44:04 :: ----------send data payment:36510------------
2021-08-24 05:44:04 :: {"date":"2021-08-24","invoices":[{"amount":"74999","id":"36510"}],"bankAccount":2}
2021-08-24 05:44:06 :: ----------result data payment:36510------------
2021-08-24 05:44:06 :: {"id":"37963","date":"2021-08-24","number":"36310","amount":"74999.0000000000","observations":null,"anotation":null,"type":"in","paymentMethod":"","status":"open","bankAccount":{"id":"2","name":"PAYU","type":"bank"},"client":{"id":"28455","name":"Valeria Toro","phone":"3197781040"},"invoices":[{"id":"36510","number":"38771","date":"2021-08-24","amount":74999,"total":74999,"balance":0}],"costCenter":null,"numberTemplate":{"id":"3","prefix":"","number":"36310","fullNumber":"36310","formattedNumber":"36310"}}
2021-08-24 06:07:04 :: ----------send data payment:36511------------
2021-08-24 06:07:04 :: {"date":"2021-08-24","invoices":[{"amount":"71000","id":"36511"}],"bankAccount":2}
2021-08-24 06:07:05 :: ----------result data payment:36511------------
2021-08-24 06:07:05 :: {"id":"37964","date":"2021-08-24","number":"36311","amount":"71000.0000000000","observations":null,"anotation":null,"type":"in","paymentMethod":"","status":"open","bankAccount":{"id":"2","name":"PAYU","type":"bank"},"client":{"id":"28456","name":"Nicole Gamboa Lucumi","phone":"3154884502"},"invoices":[{"id":"36511","number":"38772","date":"2021-08-24","amount":71000,"total":71000,"balance":0}],"costCenter":null,"numberTemplate":{"id":"3","prefix":"","number":"36311","fullNumber":"36311","formattedNumber":"36311"}}
2021-08-24 06:54:05 :: ----------send data payment:36512------------
2021-08-24 06:54:05 :: {"date":"2021-08-24","invoices":[{"amount":"123000","id":"36512"}],"bankAccount":2}
2021-08-24 06:54:07 :: ----------result data payment:36512------------
2021-08-24 06:54:07 :: {"id":"37965","date":"2021-08-24","number":"36312","amount":"123000.0000000000","observations":null,"anotation":null,"type":"in","paymentMethod":"","status":"open","bankAccount":{"id":"2","name":"PAYU","type":"bank"},"client":{"id":"28457","name":"Mar\u00eda Isabel Bernal","phone":"3118038257"},"invoices":[{"id":"36512","number":"38773","date":"2021-08-24","amount":123000,"total":123000,"balance":0}],"costCenter":null,"numberTemplate":{"id":"3","prefix":"","number":"36312","fullNumber":"36312","formattedNumber":"36312"}}
2021-08-24 07:51:09 :: ----------send data payment:36513------------
2021-08-24 07:51:09 :: {"date":"2021-08-24","invoices":[{"amount":"90001","id":"36513"}],"bankAccount":2}
2021-08-24 07:51:10 :: ----------result data payment:36513------------
2021-08-24 07:51:10 :: {"id":"37966","date":"2021-08-24","number":"36313","amount":"90001.0000000000","observations":null,"anotation":null,"type":"in","paymentMethod":"","status":"open","bankAccount":{"id":"2","name":"PAYU","type":"bank"},"client":{"id":"28458","name":"Yulieth Munoz","phone":"3117180527"},"invoices":[{"id":"36513","number":"38774","date":"2021-08-24","amount":90001,"total":90001,"balance":0}],"costCenter":null,"numberTemplate":{"id":"3","prefix":"","number":"36313","fullNumber":"36313","formattedNumber":"36313"}}
2021-08-24 09:22:05 :: ----------send data payment:36515------------
2021-08-24 09:22:05 :: {"date":"2021-08-24","invoices":[{"amount":"42000","id":"36515"}],"bankAccount":2}
2021-08-24 09:22:07 :: ----------result data payment:36515------------
2021-08-24 09:22:07 :: {"id":"37968","date":"2021-08-24","number":"36315","amount":"42000.0000000000","observations":null,"anotation":null,"type":"in","paymentMethod":"","status":"open","bankAccount":{"id":"2","name":"PAYU","type":"bank"},"client":{"id":"28459","name":"Yuli Cuesta Miranda","phone":"3224254745"},"invoices":[{"id":"36515","number":"38776","date":"2021-08-24","amount":42000,"total":42000,"balance":0}],"costCenter":null,"numberTemplate":{"id":"3","prefix":"","number":"36315","fullNumber":"36315","formattedNumber":"36315"}}
2021-08-24 09:27:05 :: ----------send data payment:36516------------
2021-08-24 09:27:05 :: {"date":"2021-08-24","invoices":[{"amount":"115000","id":"36516"}],"bankAccount":2}
2021-08-24 09:27:07 :: ----------result data payment:36516------------
2021-08-24 09:27:07 :: {"id":"37969","date":"2021-08-24","number":"36316","amount":"115000.0000000000","observations":null,"anotation":null,"type":"in","paymentMethod":"","status":"open","bankAccount":{"id":"2","name":"PAYU","type":"bank"},"client":{"id":"28460","name":"Valentina Robledo","phone":"3105810932"},"invoices":[{"id":"36516","number":"38777","date":"2021-08-24","amount":115000,"total":115000,"balance":0}],"costCenter":null,"numberTemplate":{"id":"3","prefix":"","number":"36316","fullNumber":"36316","formattedNumber":"36316"}}
2021-08-24 09:44:06 :: ----------send data payment:36517------------
2021-08-24 09:44:06 :: {"date":"2021-08-24","invoices":[{"amount":"99999","id":"36517"}],"bankAccount":2}
2021-08-24 09:44:08 :: ----------result data payment:36517------------
2021-08-24 09:44:08 :: {"id":"37970","date":"2021-08-24","number":"36317","amount":"99999.0000000000","observations":null,"anotation":null,"type":"in","paymentMethod":"","status":"open","bankAccount":{"id":"2","name":"PAYU","type":"bank"},"client":{"id":"18811","name":"andrea moreno","phone":"3057522679"},"invoices":[{"id":"36517","number":"38778","date":"2021-08-24","amount":99999,"total":99999,"balance":0}],"costCenter":null,"numberTemplate":{"id":"3","prefix":"","number":"36317","fullNumber":"36317","formattedNumber":"36317"}}
2021-08-24 09:46:11 :: ----------send data payment:36518------------
2021-08-24 09:46:11 :: {"date":"2021-08-24","invoices":[{"amount":"70000","id":"36518"}],"bankAccount":2}
2021-08-24 09:46:14 :: ----------result data payment:36518------------
2021-08-24 09:46:14 :: {"id":"37971","date":"2021-08-24","number":"36318","amount":"70000.0000000000","observations":null,"anotation":null,"type":"in","paymentMethod":"","status":"open","bankAccount":{"id":"2","name":"PAYU","type":"bank"},"client":{"id":"28461","name":"Maria Luz Bonilla","phone":"3174312953"},"invoices":[{"id":"36518","number":"38779","date":"2021-08-24","amount":70000,"total":70000,"balance":0}],"costCenter":null,"numberTemplate":{"id":"3","prefix":"","number":"36318","fullNumber":"36318","formattedNumber":"36318"}}
2021-08-24 10:07:07 :: ----------send data payment:36519------------
2021-08-24 10:07:07 :: {"date":"2021-08-24","invoices":[{"amount":"103000","id":"36519"}],"bankAccount":2}
2021-08-24 10:07:09 :: ----------result data payment:36519------------
2021-08-24 10:07:09 :: {"id":"37972","date":"2021-08-24","number":"36319","amount":"103000.0000000000","observations":null,"anotation":null,"type":"in","paymentMethod":"","status":"open","bankAccount":{"id":"2","name":"PAYU","type":"bank"},"client":{"id":"28462","name":"Paula Martinez Rodriguez","phone":"3013136832"},"invoices":[{"id":"36519","number":"38780","date":"2021-08-24","amount":103000,"total":103000,"balance":0}],"costCenter":null,"numberTemplate":{"id":"3","prefix":"","number":"36319","fullNumber":"36319","formattedNumber":"36319"}}
2021-08-24 10:38:05 :: ----------send data payment:36520------------
2021-08-24 10:38:05 :: {"date":"2021-08-24","invoices":[{"amount":"30000","id":"36520"}],"bankAccount":2}
2021-08-24 10:38:07 :: ----------result data payment:36520------------
2021-08-24 10:38:07 :: {"id":"37973","date":"2021-08-24","number":"36320","amount":"30000.0000000000","observations":null,"anotation":null,"type":"in","paymentMethod":"","status":"open","bankAccount":{"id":"2","name":"PAYU","type":"bank"},"client":{"id":"28463","name":"ARAUTH DANIEL BONILLA BUILES","phone":"3016407017"},"invoices":[{"id":"36520","number":"38781","date":"2021-08-24","amount":30000,"total":30000,"balance":0}],"costCenter":null,"numberTemplate":{"id":"3","prefix":"","number":"36320","fullNumber":"36320","formattedNumber":"36320"}}
2021-08-24 11:04:05 :: ----------send data payment:36521------------
2021-08-24 11:04:05 :: {"date":"2021-08-24","invoices":[{"amount":"100999","id":"36521"}],"bankAccount":2}
2021-08-24 11:04:08 :: ----------result data payment:36521------------
2021-08-24 11:04:08 :: {"id":"37974","date":"2021-08-24","number":"36321","amount":"100999.0000000000","observations":null,"anotation":null,"type":"in","paymentMethod":"","status":"open","bankAccount":{"id":"2","name":"PAYU","type":"bank"},"client":{"id":"28464","name":"Ver\u00f3nica Rond\u00f3n","phone":"3207039553"},"invoices":[{"id":"36521","number":"38782","date":"2021-08-24","amount":100999,"total":100999,"balance":0}],"costCenter":null,"numberTemplate":{"id":"3","prefix":"","number":"36321","fullNumber":"36321","formattedNumber":"36321"}}
2021-08-24 11:12:07 :: ----------send data payment:36522------------
2021-08-24 11:12:07 :: {"date":"2021-08-24","invoices":[{"amount":"180001","id":"36522"}],"bankAccount":2}
2021-08-24 11:12:09 :: ----------result data payment:36522------------
2021-08-24 11:12:09 :: {"id":"37975","date":"2021-08-24","number":"36322","amount":"180001.0000000000","observations":null,"anotation":null,"type":"in","paymentMethod":"","status":"open","bankAccount":{"id":"2","name":"PAYU","type":"bank"},"client":{"id":"28465","name":"Laura Garcia","phone":"3007763687"},"invoices":[{"id":"36522","number":"38783","date":"2021-08-24","amount":180001,"total":180001,"balance":0}],"costCenter":null,"numberTemplate":{"id":"3","prefix":"","number":"36322","fullNumber":"36322","formattedNumber":"36322"}}
2021-08-24 12:08:05 :: ----------send data payment:36524------------
2021-08-24 12:08:05 :: {"date":"2021-08-24","invoices":[{"amount":"100000","id":"36524"}],"bankAccount":2}
2021-08-24 12:08:07 :: ----------result data payment:36524------------
2021-08-24 12:08:07 :: {"id":"37977","date":"2021-08-24","number":"36323","amount":"100000.0000000000","observations":null,"anotation":null,"type":"in","paymentMethod":"","status":"open","bankAccount":{"id":"2","name":"PAYU","type":"bank"},"client":{"id":"28467","name":"Melida Yoana Taborda Becerra","phone":"3145382044"},"invoices":[{"id":"36524","number":"38785","date":"2021-08-24","amount":100000,"total":100000,"balance":0}],"costCenter":null,"numberTemplate":{"id":"3","prefix":"","number":"36323","fullNumber":"36323","formattedNumber":"36323"}}
2021-08-24 12:28:05 :: ----------send data payment:36525------------
2021-08-24 12:28:05 :: {"date":"2021-08-24","invoices":[{"amount":"77000","id":"36525"}],"bankAccount":2}
2021-08-24 12:28:07 :: ----------result data payment:36525------------
2021-08-24 12:28:07 :: {"id":"37978","date":"2021-08-24","number":"36324","amount":"77000.0000000000","observations":null,"anotation":null,"type":"in","paymentMethod":"","status":"open","bankAccount":{"id":"2","name":"PAYU","type":"bank"},"client":{"id":"28469","name":"Johanna Acebedo","phone":"3045225449"},"invoices":[{"id":"36525","number":"38786","date":"2021-08-24","amount":77000,"total":77000,"balance":0}],"costCenter":null,"numberTemplate":{"id":"3","prefix":"","number":"36324","fullNumber":"36324","formattedNumber":"36324"}}
2021-08-24 01:12:05 :: ----------send data payment:36527------------
2021-08-24 01:12:05 :: {"date":"2021-08-24","invoices":[{"amount":"70000","id":"36527"}],"bankAccount":2}
2021-08-24 01:12:06 :: ----------result data payment:36527------------
2021-08-24 01:12:06 :: {"id":"37981","date":"2021-08-24","number":"36326","amount":"70000.0000000000","observations":null,"anotation":null,"type":"in","paymentMethod":"","status":"open","bankAccount":{"id":"2","name":"PAYU","type":"bank"},"client":{"id":"28470","name":"Ver\u00f3nica Obando Toro","phone":"3142617429"},"invoices":[{"id":"36527","number":"38788","date":"2021-08-24","amount":70000,"total":70000,"balance":0}],"costCenter":null,"numberTemplate":{"id":"3","prefix":"","number":"36326","fullNumber":"36326","formattedNumber":"36326"}}
2021-08-24 01:33:05 :: ----------send data payment:36528------------
2021-08-24 01:33:05 :: {"date":"2021-08-24","invoices":[{"amount":"70000","id":"36528"}],"bankAccount":2}
2021-08-24 01:33:06 :: ----------result data payment:36528------------
2021-08-24 01:33:06 :: {"id":"37982","date":"2021-08-24","number":"36327","amount":"70000.0000000000","observations":null,"anotation":null,"type":"in","paymentMethod":"","status":"open","bankAccount":{"id":"2","name":"PAYU","type":"bank"},"client":{"id":"28471","name":"Paula P\u00e9rez","phone":"3017319322"},"invoices":[{"id":"36528","number":"38789","date":"2021-08-24","amount":70000,"total":70000,"balance":0}],"costCenter":null,"numberTemplate":{"id":"3","prefix":"","number":"36327","fullNumber":"36327","formattedNumber":"36327"}}
2021-08-24 02:02:04 :: ----------send data payment:36529------------
2021-08-24 02:02:04 :: {"date":"2021-08-24","invoices":[{"amount":"65000","id":"36529"}],"bankAccount":2}
2021-08-24 02:02:05 :: ----------result data payment:36529------------
2021-08-24 02:02:05 :: {"id":"37983","date":"2021-08-24","number":"36328","amount":"65000.0000000000","observations":null,"anotation":null,"type":"in","paymentMethod":"","status":"open","bankAccount":{"id":"2","name":"PAYU","type":"bank"},"client":{"id":"2913","name":"danielagonzalezadmon","phone":"3178945226"},"invoices":[{"id":"36529","number":"38790","date":"2021-08-24","amount":65000,"total":65000,"balance":0}],"costCenter":null,"numberTemplate":{"id":"3","prefix":"","number":"36328","fullNumber":"36328","formattedNumber":"36328"}}
2021-08-24 02:16:09 :: ----------send data payment:36530------------
2021-08-24 02:16:09 :: {"date":"2021-08-24","invoices":[{"amount":"36000","id":"36530"}],"bankAccount":2}
2021-08-24 02:16:11 :: ----------result data payment:36530------------
2021-08-24 02:16:11 :: {"id":"37984","date":"2021-08-24","number":"36329","amount":"36000.0000000000","observations":null,"anotation":null,"type":"in","paymentMethod":"","status":"open","bankAccount":{"id":"2","name":"PAYU","type":"bank"},"client":{"id":"12395","name":"Luisa Fernanda Diaz Gallego","phone":"3104661724"},"invoices":[{"id":"36530","number":"38791","date":"2021-08-24","amount":36000,"total":36000,"balance":0}],"costCenter":null,"numberTemplate":{"id":"3","prefix":"","number":"36329","fullNumber":"36329","formattedNumber":"36329"}}
2021-08-24 02:29:06 :: ----------send data payment:36531------------
2021-08-24 02:29:06 :: {"date":"2021-08-24","invoices":[{"amount":"56000","id":"36531"}],"bankAccount":2}
2021-08-24 02:29:08 :: ----------result data payment:36531------------
2021-08-24 02:29:08 :: {"id":"37985","date":"2021-08-24","number":"36330","amount":"56000.0000000000","observations":null,"anotation":null,"type":"in","paymentMethod":"","status":"open","bankAccount":{"id":"2","name":"PAYU","type":"bank"},"client":{"id":"23589","name":"Angie Nathalia","phone":"3116225153"},"invoices":[{"id":"36531","number":"38792","date":"2021-08-24","amount":56000,"total":56000,"balance":0}],"costCenter":null,"numberTemplate":{"id":"3","prefix":"","number":"36330","fullNumber":"36330","formattedNumber":"36330"}}
2021-08-24 03:13:07 :: ----------send data payment:36533------------
2021-08-24 03:13:07 :: {"date":"2021-08-24","invoices":[{"amount":"112800","id":"36533"}],"bankAccount":2}
2021-08-24 03:13:10 :: ----------result data payment:36533------------
2021-08-24 03:13:10 :: {"id":"37987","date":"2021-08-24","number":"36332","amount":"112800.0000000000","observations":null,"anotation":null,"type":"in","paymentMethod":"","status":"open","bankAccount":{"id":"2","name":"PAYU","type":"bank"},"client":{"id":"28473","name":"Daniela Galeano","phone":"3155955678"},"invoices":[{"id":"36533","number":"38794","date":"2021-08-24","amount":112800,"total":112800,"balance":0}],"costCenter":null,"numberTemplate":{"id":"3","prefix":"","number":"36332","fullNumber":"36332","formattedNumber":"36332"}}
2021-08-24 03:39:05 :: ----------send data payment:36536------------
2021-08-24 03:39:05 :: {"date":"2021-08-24","invoices":[{"amount":"126001","id":"36536"}],"bankAccount":2}
2021-08-24 03:39:06 :: ----------result data payment:36536------------
2021-08-24 03:39:06 :: {"id":"37991","date":"2021-08-24","number":"36336","amount":"126001.0000000000","observations":null,"anotation":null,"type":"in","paymentMethod":"","status":"open","bankAccount":{"id":"2","name":"PAYU","type":"bank"},"client":{"id":"12555","name":"CAMILA MONCADA","phone":"3012663826"},"invoices":[{"id":"36536","number":"38797","date":"2021-08-24","amount":126001,"total":126001,"balance":0}],"costCenter":null,"numberTemplate":{"id":"3","prefix":"","number":"36336","fullNumber":"36336","formattedNumber":"36336"}}
2021-08-24 03:46:10 :: ----------send data payment:36537------------
2021-08-24 03:46:10 :: {"date":"2021-08-24","invoices":[{"amount":"70000","id":"36537"}],"bankAccount":2}
2021-08-24 03:46:11 :: ----------result data payment:36537------------
2021-08-24 03:46:11 :: {"id":"37992","date":"2021-08-24","number":"36337","amount":"70000.0000000000","observations":null,"anotation":null,"type":"in","paymentMethod":"","status":"open","bankAccount":{"id":"2","name":"PAYU","type":"bank"},"client":{"id":"28474","name":"Carolina Espinal","phone":"2138947799"},"invoices":[{"id":"36537","number":"38798","date":"2021-08-24","amount":70000,"total":70000,"balance":0}],"costCenter":null,"numberTemplate":{"id":"3","prefix":"","number":"36337","fullNumber":"36337","formattedNumber":"36337"}}
2021-08-24 03:56:10 :: ----------send data payment:36539------------
2021-08-24 03:56:10 :: {"date":"2021-08-24","invoices":[{"amount":"65000","id":"36539"}],"bankAccount":2}
2021-08-24 03:56:12 :: ----------result data payment:36539------------
2021-08-24 03:56:12 :: {"id":"37994","date":"2021-08-24","number":"36339","amount":"65000.0000000000","observations":null,"anotation":null,"type":"in","paymentMethod":"","status":"open","bankAccount":{"id":"2","name":"PAYU","type":"bank"},"client":{"id":"28475","name":"Edith Vernaza Vargas","phone":"3153394711"},"invoices":[{"id":"36539","number":"38800","date":"2021-08-24","amount":65000,"total":65000,"balance":0}],"costCenter":null,"numberTemplate":{"id":"3","prefix":"","number":"36339","fullNumber":"36339","formattedNumber":"36339"}}
2021-08-24 04:02:06 :: ----------send data payment:36540------------
2021-08-24 04:02:06 :: {"date":"2021-08-24","invoices":[{"amount":"137001","id":"36540"}],"bankAccount":2}
2021-08-24 04:02:07 :: ----------result data payment:36540------------
2021-08-24 04:02:07 :: {"id":"37995","date":"2021-08-24","number":"36340","amount":"137001.0000000000","observations":null,"anotation":null,"type":"in","paymentMethod":"","status":"open","bankAccount":{"id":"2","name":"PAYU","type":"bank"},"client":{"id":"21496","name":"Lizeth G\u00f3mez rey","phone":"6560531"},"invoices":[{"id":"36540","number":"38801","date":"2021-08-24","amount":137001,"total":137001,"balance":0}],"costCenter":null,"numberTemplate":{"id":"3","prefix":"","number":"36340","fullNumber":"36340","formattedNumber":"36340"}}
2021-08-24 04:15:08 :: ----------send data payment:36541------------
2021-08-24 04:15:08 :: {"date":"2021-08-24","invoices":[{"amount":"80001","id":"36541"}],"bankAccount":2}
2021-08-24 04:15:09 :: ----------result data payment:36541------------
2021-08-24 04:15:09 :: {"id":"37996","date":"2021-08-24","number":"36341","amount":"80001.0000000000","observations":null,"anotation":null,"type":"in","paymentMethod":"","status":"open","bankAccount":{"id":"2","name":"PAYU","type":"bank"},"client":{"id":"28476","name":"Lina Maria","phone":"3004864345"},"invoices":[{"id":"36541","number":"38802","date":"2021-08-24","amount":80001,"total":80001,"balance":0}],"costCenter":null,"numberTemplate":{"id":"3","prefix":"","number":"36341","fullNumber":"36341","formattedNumber":"36341"}}
2021-08-24 04:28:07 :: ----------send data payment:36542------------
2021-08-24 04:28:07 :: {"date":"2021-08-24","invoices":[{"amount":"70000","id":"36542"}],"bankAccount":2}
2021-08-24 04:28:09 :: ----------result data payment:36542------------
2021-08-24 04:28:09 :: {"id":"37997","date":"2021-08-24","number":"36342","amount":"70000.0000000000","observations":null,"anotation":null,"type":"in","paymentMethod":"","status":"open","bankAccount":{"id":"2","name":"PAYU","type":"bank"},"client":{"id":"28477","name":"Madeleine Acosta","phone":"3105398408"},"invoices":[{"id":"36542","number":"38803","date":"2021-08-24","amount":70000,"total":70000,"balance":0}],"costCenter":null,"numberTemplate":{"id":"3","prefix":"","number":"36342","fullNumber":"36342","formattedNumber":"36342"}}
2021-08-24 04:30:06 :: ----------send data payment:36543------------
2021-08-24 04:30:06 :: {"date":"2021-08-24","invoices":[{"amount":"43000","id":"36543"}],"bankAccount":2}
2021-08-24 04:30:07 :: ----------result data payment:36543------------
2021-08-24 04:30:07 :: {"id":"37998","date":"2021-08-24","number":"36343","amount":"43000.0000000000","observations":null,"anotation":null,"type":"in","paymentMethod":"","status":"open","bankAccount":{"id":"2","name":"PAYU","type":"bank"},"client":{"id":"28478","name":"isabella","phone":"3012503227"},"invoices":[{"id":"36543","number":"38804","date":"2021-08-24","amount":43000,"total":43000,"balance":0}],"costCenter":null,"numberTemplate":{"id":"3","prefix":"","number":"36343","fullNumber":"36343","formattedNumber":"36343"}}
2021-08-24 04:47:04 :: ----------send data payment:36544------------
2021-08-24 04:47:04 :: {"date":"2021-08-24","invoices":[{"amount":"45000","id":"36544"}],"bankAccount":2}
2021-08-24 04:47:06 :: ----------result data payment:36544------------
2021-08-24 04:47:06 :: {"id":"37999","date":"2021-08-24","number":"36344","amount":"45000.0000000000","observations":null,"anotation":null,"type":"in","paymentMethod":"","status":"open","bankAccount":{"id":"2","name":"PAYU","type":"bank"},"client":{"id":"28479","name":"Viviana","phone":"3143031046"},"invoices":[{"id":"36544","number":"38805","date":"2021-08-24","amount":45000,"total":45000,"balance":0}],"costCenter":null,"numberTemplate":{"id":"3","prefix":"","number":"36344","fullNumber":"36344","formattedNumber":"36344"}}
2021-08-24 05:31:12 :: ----------send data payment:36545------------
2021-08-24 05:31:12 :: {"date":"2021-08-24","invoices":[{"amount":"118000","id":"36545"}],"bankAccount":2}
2021-08-24 05:31:14 :: ----------result data payment:36545------------
2021-08-24 05:31:14 :: {"id":"38001","date":"2021-08-24","number":"36346","amount":"118000.0000000000","observations":null,"anotation":null,"type":"in","paymentMethod":"","status":"open","bankAccount":{"id":"2","name":"PAYU","type":"bank"},"client":{"id":"28480","name":"Angelica Abril","phone":"3126721707"},"invoices":[{"id":"36545","number":"38806","date":"2021-08-24","amount":118000,"total":118000,"balance":0}],"costCenter":null,"numberTemplate":{"id":"3","prefix":"","number":"36346","fullNumber":"36346","formattedNumber":"36346"}}
2021-08-24 05:44:05 :: ----------send data payment:36546------------
2021-08-24 05:44:05 :: {"date":"2021-08-24","invoices":[{"amount":"100000","id":"36546"}],"bankAccount":2}
2021-08-24 05:44:07 :: ----------result data payment:36546------------
2021-08-24 05:44:07 :: {"id":"38002","date":"2021-08-24","number":"36347","amount":"100000.0000000000","observations":null,"anotation":null,"type":"in","paymentMethod":"","status":"open","bankAccount":{"id":"2","name":"PAYU","type":"bank"},"client":{"id":"28481","name":"Dahisury Sepulveda","phone":"3126687784"},"invoices":[{"id":"36546","number":"38807","date":"2021-08-24","amount":100000,"total":100000,"balance":0}],"costCenter":null,"numberTemplate":{"id":"3","prefix":"","number":"36347","fullNumber":"36347","formattedNumber":"36347"}}
2021-08-24 06:06:09 :: ----------send data payment:36547------------
2021-08-24 06:06:09 :: {"date":"2021-08-24","invoices":[{"amount":"30000","id":"36547"}],"bankAccount":2}
2021-08-24 06:06:10 :: ----------result data payment:36547------------
2021-08-24 06:06:10 :: {"id":"38003","date":"2021-08-24","number":"36348","amount":"30000.0000000000","observations":null,"anotation":null,"type":"in","paymentMethod":"","status":"open","bankAccount":{"id":"2","name":"PAYU","type":"bank"},"client":{"id":"28482","name":"Tha\u00eds Pe\u00f1afiel Thevening.","phone":"3135759512"},"invoices":[{"id":"36547","number":"38808","date":"2021-08-24","amount":30000,"total":30000,"balance":0}],"costCenter":null,"numberTemplate":{"id":"3","prefix":"","number":"36348","fullNumber":"36348","formattedNumber":"36348"}}
2021-08-24 07:53:05 :: ----------send data payment:36548------------
2021-08-24 07:53:05 :: {"date":"2021-08-24","invoices":[{"amount":"137999","id":"36548"}],"bankAccount":2}
2021-08-24 07:53:06 :: ----------result data payment:36548------------
2021-08-24 07:53:06 :: {"id":"38004","date":"2021-08-24","number":"36349","amount":"137999.0000000000","observations":null,"anotation":null,"type":"in","paymentMethod":"","status":"open","bankAccount":{"id":"2","name":"PAYU","type":"bank"},"client":{"id":"28483","name":"Diana Marcela Rodriguez","phone":"3168239362"},"invoices":[{"id":"36548","number":"38809","date":"2021-08-24","amount":137999,"total":137999,"balance":0}],"costCenter":null,"numberTemplate":{"id":"3","prefix":"","number":"36349","fullNumber":"36349","formattedNumber":"36349"}}
2021-08-24 07:57:05 :: ----------send data payment:36549------------
2021-08-24 07:57:05 :: {"date":"2021-08-24","invoices":[{"amount":"125001","id":"36549"}],"bankAccount":2}
2021-08-24 07:57:06 :: ----------result data payment:36549------------
2021-08-24 07:57:06 :: {"id":"38005","date":"2021-08-24","number":"36350","amount":"125001.0000000000","observations":null,"anotation":null,"type":"in","paymentMethod":"","status":"open","bankAccount":{"id":"2","name":"PAYU","type":"bank"},"client":{"id":"28484","name":"Lina Cifuentes","phone":"3681296"},"invoices":[{"id":"36549","number":"38810","date":"2021-08-24","amount":125001,"total":125001,"balance":0}],"costCenter":null,"numberTemplate":{"id":"3","prefix":"","number":"36350","fullNumber":"36350","formattedNumber":"36350"}}
2021-08-24 08:25:06 :: ----------send data payment:36550------------
2021-08-24 08:25:06 :: {"date":"2021-08-24","invoices":[{"amount":"111000","id":"36550"}],"bankAccount":2}
2021-08-24 08:25:08 :: ----------result data payment:36550------------
2021-08-24 08:25:08 :: {"id":"38006","date":"2021-08-24","number":"36351","amount":"111000.0000000000","observations":null,"anotation":null,"type":"in","paymentMethod":"","status":"open","bankAccount":{"id":"2","name":"PAYU","type":"bank"},"client":{"id":"12843","name":"Alejandra Diaz","phone":"3213582953"},"invoices":[{"id":"36550","number":"38811","date":"2021-08-24","amount":111000,"total":111000,"balance":0}],"costCenter":null,"numberTemplate":{"id":"3","prefix":"","number":"36351","fullNumber":"36351","formattedNumber":"36351"}}
2021-08-24 08:31:08 :: ----------send data payment:36551------------
2021-08-24 08:31:08 :: {"date":"2021-08-24","invoices":[{"amount":"130601","id":"36551"}],"bankAccount":2}
2021-08-24 08:31:10 :: ----------result data payment:36551------------
2021-08-24 08:31:10 :: {"id":"38007","date":"2021-08-24","number":"36352","amount":"130601.0000000000","observations":null,"anotation":null,"type":"in","paymentMethod":"","status":"open","bankAccount":{"id":"2","name":"PAYU","type":"bank"},"client":{"id":"26497","name":"Valentina Pab\u00f3n","phone":"3213326907"},"invoices":[{"id":"36551","number":"38812","date":"2021-08-24","amount":130601,"total":130601,"balance":0}],"costCenter":null,"numberTemplate":{"id":"3","prefix":"","number":"36352","fullNumber":"36352","formattedNumber":"36352"}}
2021-08-24 10:00:07 :: ----------send data payment:36552------------
2021-08-24 10:00:07 :: {"date":"2021-08-24","invoices":[{"amount":"133001","id":"36552"}],"bankAccount":2}
2021-08-24 10:00:09 :: ----------result data payment:36552------------
2021-08-24 10:00:09 :: {"id":"38008","date":"2021-08-24","number":"36353","amount":"133001.0000000000","observations":null,"anotation":null,"type":"in","paymentMethod":"","status":"open","bankAccount":{"id":"2","name":"PAYU","type":"bank"},"client":{"id":"28485","name":"Juliana Valencia","phone":"3156866388"},"invoices":[{"id":"36552","number":"38813","date":"2021-08-24","amount":133001,"total":133001,"balance":0}],"costCenter":null,"numberTemplate":{"id":"3","prefix":"","number":"36353","fullNumber":"36353","formattedNumber":"36353"}}
2021-08-24 10:06:11 :: ----------send data payment:36553------------
2021-08-24 10:06:11 :: {"date":"2021-08-24","invoices":[{"amount":"48999","id":"36553"}],"bankAccount":2}
2021-08-24 10:06:12 :: ----------result data payment:36553------------
2021-08-24 10:06:12 :: {"id":"38009","date":"2021-08-24","number":"36354","amount":"48999.0000000000","observations":null,"anotation":null,"type":"in","paymentMethod":"","status":"open","bankAccount":{"id":"2","name":"PAYU","type":"bank"},"client":{"id":"28486","name":"Gisset Bedoya","phone":"3183911874"},"invoices":[{"id":"36553","number":"38814","date":"2021-08-24","amount":48999,"total":48999,"balance":0}],"costCenter":null,"numberTemplate":{"id":"3","prefix":"","number":"36354","fullNumber":"36354","formattedNumber":"36354"}}
2021-08-24 10:15:05 :: ----------send data payment:36554------------
2021-08-24 10:15:05 :: {"date":"2021-08-24","invoices":[{"amount":"104199","id":"36554"}],"bankAccount":2}
2021-08-24 10:15:06 :: ----------result data payment:36554------------
2021-08-24 10:15:06 :: {"id":"38010","date":"2021-08-24","number":"36355","amount":"104199.0000000000","observations":null,"anotation":null,"type":"in","paymentMethod":"","status":"open","bankAccount":{"id":"2","name":"PAYU","type":"bank"},"client":{"id":"28487","name":"Karen Dayan Aponte Simbaqueba","phone":"3208681839"},"invoices":[{"id":"36554","number":"38815","date":"2021-08-24","amount":104199,"total":104199,"balance":0}],"costCenter":null,"numberTemplate":{"id":"3","prefix":"","number":"36355","fullNumber":"36355","formattedNumber":"36355"}}
2021-08-24 11:53:06 :: ----------send data payment:36555------------
2021-08-24 11:53:06 :: {"date":"2021-08-24","invoices":[{"amount":"124999","id":"36555"}],"bankAccount":2}
2021-08-24 11:53:08 :: ----------result data payment:36555------------
2021-08-24 11:53:08 :: {"id":"38011","date":"2021-08-24","number":"36356","amount":"124999.0000000000","observations":null,"anotation":null,"type":"in","paymentMethod":"","status":"open","bankAccount":{"id":"2","name":"PAYU","type":"bank"},"client":{"id":"28488","name":"Ana Mendoza","phone":"3016935600"},"invoices":[{"id":"36555","number":"38816","date":"2021-08-24","amount":124999,"total":124999,"balance":0}],"costCenter":null,"numberTemplate":{"id":"3","prefix":"","number":"36356","fullNumber":"36356","formattedNumber":"36356"}}