
2021-03-26 06:35:10 :: ----------send data payment:29664------------
2021-03-26 06:35:10 :: {"date":"2021-03-26","invoices":[{"amount":"173170","id":"29664"}],"bankAccount":2}
2021-03-26 06:35:12 :: ----------result data payment:29664------------
2021-03-26 06:35:12 :: {"id":"30704","date":"2021-03-26","number":"29448","amount":"173170.0000000000","observations":null,"anotation":null,"type":"in","paymentMethod":"","status":"open","bankAccount":{"id":"2","name":"PAYU","type":"bank"},"client":{"id":"23551","name":"yenny carolina piraneque cuervo","phone":"3125375908"},"invoices":[{"id":"29664","number":"31925","date":"2021-03-26","amount":173170,"total":173170,"balance":0}],"costCenter":null,"numberTemplate":{"id":"3","prefix":"","number":"29448","fullNumber":"29448","formattedNumber":"29448"}}
2021-03-26 07:30:05 :: ----------send data payment:29665------------
2021-03-26 07:30:05 :: {"date":"2021-03-26","invoices":[{"amount":"93431","id":"29665"}],"bankAccount":2}
2021-03-26 07:30:06 :: ----------result data payment:29665------------
2021-03-26 07:30:06 :: {"id":"30705","date":"2021-03-26","number":"29449","amount":"93431.0000000000","observations":null,"anotation":null,"type":"in","paymentMethod":"","status":"open","bankAccount":{"id":"2","name":"PAYU","type":"bank"},"client":{"id":"15673","name":"Adri\u00e1na Piragauta","phone":"3134617772"},"invoices":[{"id":"29665","number":"31926","date":"2021-03-26","amount":93431,"total":93431,"balance":0}],"costCenter":null,"numberTemplate":{"id":"3","prefix":"","number":"29449","fullNumber":"29449","formattedNumber":"29449"}}
2021-03-26 08:00:15 :: ----------send data payment:29666------------
2021-03-26 08:00:15 :: {"date":"2021-03-26","invoices":[{"amount":"170000","id":"29666"}],"bankAccount":2}
2021-03-26 08:00:16 :: ----------result data payment:29666------------
2021-03-26 08:00:16 :: {"id":"30706","date":"2021-03-26","number":"29450","amount":"170000.0000000000","observations":null,"anotation":null,"type":"in","paymentMethod":"","status":"open","bankAccount":{"id":"2","name":"PAYU","type":"bank"},"client":{"id":"5080","name":"Katia Moreno Hern\u00e1ndez","phone":"3113658664"},"invoices":[{"id":"29666","number":"31927","date":"2021-03-26","amount":170000,"total":170000,"balance":0}],"costCenter":null,"numberTemplate":{"id":"3","prefix":"","number":"29450","fullNumber":"29450","formattedNumber":"29450"}}
2021-03-26 08:05:40 :: ----------send data payment:29667------------
2021-03-26 08:05:40 :: {"date":"2021-03-26","invoices":[{"amount":"30000","id":"29667"}],"bankAccount":2}
2021-03-26 08:05:43 :: ----------result data payment:29667------------
2021-03-26 08:05:43 :: {"id":"30707","date":"2021-03-26","number":"29451","amount":"30000.0000000000","observations":null,"anotation":null,"type":"in","paymentMethod":"","status":"open","bankAccount":{"id":"2","name":"PAYU","type":"bank"},"client":{"id":"23552","name":"Maritza Segura Rodas","phone":"3197593422"},"invoices":[{"id":"29667","number":"31928","date":"2021-03-26","amount":30000,"total":30000,"balance":0}],"costCenter":null,"numberTemplate":{"id":"3","prefix":"","number":"29451","fullNumber":"29451","formattedNumber":"29451"}}
2021-03-26 08:10:46 :: ----------send data payment:29668------------
2021-03-26 08:10:46 :: {"date":"2021-03-26","invoices":[{"amount":"56000","id":"29668"}],"bankAccount":2}
2021-03-26 08:10:47 :: ----------result data payment:29668------------
2021-03-26 08:10:47 :: {"id":"30708","date":"2021-03-26","number":"29452","amount":"56000.0000000000","observations":null,"anotation":null,"type":"in","paymentMethod":"","status":"open","bankAccount":{"id":"2","name":"PAYU","type":"bank"},"client":{"id":"23553","name":"Paola Andrea Libreros","phone":"3175750370"},"invoices":[{"id":"29668","number":"31929","date":"2021-03-26","amount":56000,"total":56000,"balance":0}],"costCenter":null,"numberTemplate":{"id":"3","prefix":"","number":"29452","fullNumber":"29452","formattedNumber":"29452"}}
2021-03-26 08:25:27 :: ----------send data payment:29669------------
2021-03-26 08:25:27 :: {"date":"2021-03-26","invoices":[{"amount":"103149","id":"29669"}],"bankAccount":2}
2021-03-26 08:25:28 :: ----------result data payment:29669------------
2021-03-26 08:25:28 :: {"id":"30709","date":"2021-03-26","number":"29453","amount":"103149.0000000000","observations":null,"anotation":null,"type":"in","paymentMethod":"","status":"open","bankAccount":{"id":"2","name":"PAYU","type":"bank"},"client":{"id":"2555","name":"Liliana Henao","phone":"3014655314"},"invoices":[{"id":"29669","number":"31930","date":"2021-03-26","amount":103149,"total":103149,"balance":0}],"costCenter":null,"numberTemplate":{"id":"3","prefix":"","number":"29453","fullNumber":"29453","formattedNumber":"29453"}}
2021-03-26 09:10:30 :: ----------send data payment:29670------------
2021-03-26 09:10:30 :: {"date":"2021-03-26","invoices":[{"amount":"109630","id":"29670"}],"bankAccount":2}
2021-03-26 09:10:32 :: ----------result data payment:29670------------
2021-03-26 09:10:32 :: {"id":"30710","date":"2021-03-26","number":"29454","amount":"109630.0000000000","observations":null,"anotation":null,"type":"in","paymentMethod":"","status":"open","bankAccount":{"id":"2","name":"PAYU","type":"bank"},"client":{"id":"23554","name":"andrea hendez jaramillo","phone":"3167299107"},"invoices":[{"id":"29670","number":"31931","date":"2021-03-26","amount":109630,"total":109630,"balance":0}],"costCenter":null,"numberTemplate":{"id":"3","prefix":"","number":"29454","fullNumber":"29454","formattedNumber":"29454"}}
2021-03-26 10:30:20 :: ----------send data payment:29671------------
2021-03-26 10:30:20 :: {"date":"2021-03-26","invoices":[{"amount":"70000","id":"29671"}],"bankAccount":2}
2021-03-26 10:30:22 :: ----------result data payment:29671------------
2021-03-26 10:30:22 :: {"id":"30711","date":"2021-03-26","number":"29455","amount":"70000.0000000000","observations":null,"anotation":null,"type":"in","paymentMethod":"","status":"open","bankAccount":{"id":"2","name":"PAYU","type":"bank"},"client":{"id":"23555","name":"Brighit Merchan","phone":"3143728102"},"invoices":[{"id":"29671","number":"31932","date":"2021-03-26","amount":70000,"total":70000,"balance":0}],"costCenter":null,"numberTemplate":{"id":"3","prefix":"","number":"29455","fullNumber":"29455","formattedNumber":"29455"}}
2021-03-26 11:25:15 :: ----------send data payment:29672------------
2021-03-26 11:25:15 :: {"date":"2021-03-26","invoices":[{"amount":"58000","id":"29672"}],"bankAccount":2}
2021-03-26 11:25:16 :: ----------result data payment:29672------------
2021-03-26 11:25:16 :: {"id":"30712","date":"2021-03-26","number":"29456","amount":"58000.0000000000","observations":null,"anotation":null,"type":"in","paymentMethod":"","status":"open","bankAccount":{"id":"2","name":"PAYU","type":"bank"},"client":{"id":"21896","name":"Leidy pinzon","phone":"3232080766"},"invoices":[{"id":"29672","number":"31933","date":"2021-03-26","amount":58000,"total":58000,"balance":0}],"costCenter":null,"numberTemplate":{"id":"3","prefix":"","number":"29456","fullNumber":"29456","formattedNumber":"29456"}}
2021-03-26 11:25:22 :: ----------send data payment:29673------------
2021-03-26 11:25:22 :: {"date":"2021-03-26","invoices":[{"amount":"70000","id":"29673"}],"bankAccount":2}
2021-03-26 11:25:23 :: ----------result data payment:29673------------
2021-03-26 11:25:23 :: {"id":"30713","date":"2021-03-26","number":"29457","amount":"70000.0000000000","observations":null,"anotation":null,"type":"in","paymentMethod":"","status":"open","bankAccount":{"id":"2","name":"PAYU","type":"bank"},"client":{"id":"23556","name":"Juliana Isaza","phone":"3142647521"},"invoices":[{"id":"29673","number":"31934","date":"2021-03-26","amount":70000,"total":70000,"balance":0}],"costCenter":null,"numberTemplate":{"id":"3","prefix":"","number":"29457","fullNumber":"29457","formattedNumber":"29457"}}
2021-03-26 11:35:09 :: ----------send data payment:29674------------
2021-03-26 11:35:09 :: {"date":"2021-03-26","invoices":[{"amount":"162856","id":"29674"}],"bankAccount":2}
2021-03-26 11:35:11 :: ----------result data payment:29674------------
2021-03-26 11:35:11 :: {"id":"30714","date":"2021-03-26","number":"29458","amount":"162856.0000000000","observations":null,"anotation":null,"type":"in","paymentMethod":"","status":"open","bankAccount":{"id":"2","name":"PAYU","type":"bank"},"client":{"id":"22973","name":"Vivian Duque","phone":"3022442621"},"invoices":[{"id":"29674","number":"31935","date":"2021-03-26","amount":162856,"total":162856,"balance":0}],"costCenter":null,"numberTemplate":{"id":"3","prefix":"","number":"29458","fullNumber":"29458","formattedNumber":"29458"}}
2021-03-26 11:50:32 :: ----------send data payment:29675------------
2021-03-26 11:50:32 :: {"date":"2021-03-26","invoices":[{"amount":"123433","id":"29675"}],"bankAccount":2}
2021-03-26 11:50:33 :: ----------result data payment:29675------------
2021-03-26 11:50:33 :: {"id":"30715","date":"2021-03-26","number":"29459","amount":"123433.0000000000","observations":null,"anotation":null,"type":"in","paymentMethod":"","status":"open","bankAccount":{"id":"2","name":"PAYU","type":"bank"},"client":{"id":"23557","name":"Leidy saray","phone":"3212315490"},"invoices":[{"id":"29675","number":"31936","date":"2021-03-26","amount":123433,"total":123433,"balance":0}],"costCenter":null,"numberTemplate":{"id":"3","prefix":"","number":"29459","fullNumber":"29459","formattedNumber":"29459"}}
2021-03-26 11:50:36 :: ----------send data payment:29676------------
2021-03-26 11:50:36 :: {"date":"2021-03-26","invoices":[{"amount":"25000","id":"29676"}],"bankAccount":2}
2021-03-26 11:50:37 :: ----------result data payment:29676------------
2021-03-26 11:50:37 :: {"id":"30716","date":"2021-03-26","number":"29460","amount":"25000.0000000000","observations":null,"anotation":null,"type":"in","paymentMethod":"","status":"open","bankAccount":{"id":"2","name":"PAYU","type":"bank"},"client":{"id":"23558","name":"lucy.acevedo12","phone":"3002846717"},"invoices":[{"id":"29676","number":"31937","date":"2021-03-26","amount":25000,"total":25000,"balance":0}],"costCenter":null,"numberTemplate":{"id":"3","prefix":"","number":"29460","fullNumber":"29460","formattedNumber":"29460"}}
2021-03-26 12:10:19 :: ----------send data payment:29677------------
2021-03-26 12:10:19 :: {"date":"2021-03-26","invoices":[{"amount":"133551","id":"29677"}],"bankAccount":2}
2021-03-26 12:10:21 :: ----------result data payment:29677------------
2021-03-26 12:10:21 :: {"id":"30717","date":"2021-03-26","number":"29461","amount":"133551.0000000000","observations":null,"anotation":null,"type":"in","paymentMethod":"","status":"open","bankAccount":{"id":"2","name":"PAYU","type":"bank"},"client":{"id":"23559","name":"Iriz Lilibeth Forigua Castillo","phone":"3044399917"},"invoices":[{"id":"29677","number":"31938","date":"2021-03-26","amount":133551,"total":133551,"balance":0}],"costCenter":null,"numberTemplate":{"id":"3","prefix":"","number":"29461","fullNumber":"29461","formattedNumber":"29461"}}
2021-03-26 12:15:11 :: ----------send data payment:29678------------
2021-03-26 12:15:11 :: {"date":"2021-03-26","invoices":[{"amount":"111545","id":"29678"}],"bankAccount":2}
2021-03-26 12:15:12 :: ----------result data payment:29678------------
2021-03-26 12:15:12 :: {"id":"30718","date":"2021-03-26","number":"29462","amount":"111545.0000000000","observations":null,"anotation":null,"type":"in","paymentMethod":"","status":"open","bankAccount":{"id":"2","name":"PAYU","type":"bank"},"client":{"id":"19431","name":"Diana Beltran L","phone":"3202665284"},"invoices":[{"id":"29678","number":"31939","date":"2021-03-26","amount":111545,"total":111545,"balance":0}],"costCenter":null,"numberTemplate":{"id":"3","prefix":"","number":"29462","fullNumber":"29462","formattedNumber":"29462"}}
2021-03-26 01:00:07 :: ----------send data payment:29681------------
2021-03-26 01:00:07 :: {"date":"2021-03-26","invoices":[{"amount":"59000","id":"29681"}],"bankAccount":2}
2021-03-26 01:00:09 :: ----------result data payment:29681------------
2021-03-26 01:00:09 :: {"id":"30720","date":"2021-03-26","number":"29464","amount":"59000.0000000000","observations":null,"anotation":null,"type":"in","paymentMethod":"","status":"open","bankAccount":{"id":"2","name":"PAYU","type":"bank"},"client":{"id":"7032","name":"Lisa Rodr\u00edguez","phone":"3137248829"},"invoices":[{"id":"29681","number":"31942","date":"2021-03-26","amount":59000,"total":59000,"balance":0}],"costCenter":null,"numberTemplate":{"id":"3","prefix":"","number":"29464","fullNumber":"29464","formattedNumber":"29464"}}
2021-03-26 01:10:13 :: ----------send data payment:29682------------
2021-03-26 01:10:13 :: {"date":"2021-03-26","invoices":[{"amount":"43001","id":"29682"}],"bankAccount":2}
2021-03-26 01:10:14 :: ----------result data payment:29682------------
2021-03-26 01:10:14 :: {"id":"30721","date":"2021-03-26","number":"29465","amount":"43001.0000000000","observations":null,"anotation":null,"type":"in","paymentMethod":"","status":"open","bankAccount":{"id":"2","name":"PAYU","type":"bank"},"client":{"id":"23560","name":"Erika Mar\u00eda Rivera","phone":"3162874030"},"invoices":[{"id":"29682","number":"31943","date":"2021-03-26","amount":43001,"total":43001,"balance":0}],"costCenter":null,"numberTemplate":{"id":"3","prefix":"","number":"29465","fullNumber":"29465","formattedNumber":"29465"}}
2021-03-26 02:00:12 :: ----------send data payment:29684------------
2021-03-26 02:00:12 :: {"date":"2021-03-26","invoices":[{"amount":"153776","id":"29684"}],"bankAccount":2}
2021-03-26 02:00:14 :: ----------result data payment:29684------------
2021-03-26 02:00:14 :: {"id":"30722","date":"2021-03-26","number":"29466","amount":"153776.0000000000","observations":null,"anotation":null,"type":"in","paymentMethod":"","status":"open","bankAccount":{"id":"2","name":"PAYU","type":"bank"},"client":{"id":"17915","name":"Leidy Katherine \u00c7asta\u00f1eda","phone":"3057065725"},"invoices":[{"id":"29684","number":"31945","date":"2021-03-26","amount":153776,"total":153776,"balance":0}],"costCenter":null,"numberTemplate":{"id":"3","prefix":"","number":"29466","fullNumber":"29466","formattedNumber":"29466"}}
2021-03-26 02:50:23 :: ----------send data payment:29685------------
2021-03-26 02:50:23 :: {"date":"2021-03-26","invoices":[{"amount":"80000","id":"29685"}],"bankAccount":2}
2021-03-26 02:50:27 :: ----------result data payment:29685------------
2021-03-26 02:50:27 :: {"id":"30723","date":"2021-03-26","number":"29467","amount":"80000.0000000000","observations":null,"anotation":null,"type":"in","paymentMethod":"","status":"open","bankAccount":{"id":"2","name":"PAYU","type":"bank"},"client":{"id":"23561","name":"Daniela Castelblanco","phone":"3008830620"},"invoices":[{"id":"29685","number":"31946","date":"2021-03-26","amount":80000,"total":80000,"balance":0}],"costCenter":null,"numberTemplate":{"id":"3","prefix":"","number":"29467","fullNumber":"29467","formattedNumber":"29467"}}
2021-03-26 03:35:16 :: ----------send data payment:29686------------
2021-03-26 03:35:16 :: {"date":"2021-03-26","invoices":[{"amount":"150167","id":"29686"}],"bankAccount":2}
2021-03-26 03:35:18 :: ----------result data payment:29686------------
2021-03-26 03:35:18 :: {"id":"30724","date":"2021-03-26","number":"29468","amount":"150167.0000000000","observations":null,"anotation":null,"type":"in","paymentMethod":"","status":"open","bankAccount":{"id":"2","name":"PAYU","type":"bank"},"client":{"id":"23562","name":"Tatiana Velasquez","phone":"3005534563"},"invoices":[{"id":"29686","number":"31947","date":"2021-03-26","amount":150167,"total":150167,"balance":0}],"costCenter":null,"numberTemplate":{"id":"3","prefix":"","number":"29468","fullNumber":"29468","formattedNumber":"29468"}}
2021-03-26 03:35:23 :: ----------send data payment:29687------------
2021-03-26 03:35:23 :: {"date":"2021-03-26","invoices":[{"amount":"197676","id":"29687"}],"bankAccount":2}
2021-03-26 03:35:24 :: ----------result data payment:29687------------
2021-03-26 03:35:24 :: {"id":"30725","date":"2021-03-26","number":"29469","amount":"197676.0000000000","observations":null,"anotation":null,"type":"in","paymentMethod":"","status":"open","bankAccount":{"id":"2","name":"PAYU","type":"bank"},"client":{"id":"23563","name":"Yaidith vanessa tapia lopez","phone":"31071030"},"invoices":[{"id":"29687","number":"31948","date":"2021-03-26","amount":197676,"total":197676,"balance":0}],"costCenter":null,"numberTemplate":{"id":"3","prefix":"","number":"29469","fullNumber":"29469","formattedNumber":"29469"}}
2021-03-26 04:35:27 :: ----------send data payment:29688------------
2021-03-26 04:35:27 :: {"date":"2021-03-26","invoices":[{"amount":"91001","id":"29688"}],"bankAccount":2}
2021-03-26 04:35:29 :: ----------result data payment:29688------------
2021-03-26 04:35:29 :: {"id":"30726","date":"2021-03-26","number":"29470","amount":"91001.0000000000","observations":null,"anotation":null,"type":"in","paymentMethod":"","status":"open","bankAccount":{"id":"2","name":"PAYU","type":"bank"},"client":{"id":"23564","name":"Cindy Vargas","phone":"3193732561"},"invoices":[{"id":"29688","number":"31949","date":"2021-03-26","amount":91001,"total":91001,"balance":0}],"costCenter":null,"numberTemplate":{"id":"3","prefix":"","number":"29470","fullNumber":"29470","formattedNumber":"29470"}}
2021-03-26 04:50:26 :: ----------send data payment:29689------------
2021-03-26 04:50:26 :: {"date":"2021-03-26","invoices":[{"amount":"40000","id":"29689"}],"bankAccount":2}
2021-03-26 04:50:28 :: ----------result data payment:29689------------
2021-03-26 04:50:28 :: {"id":"30727","date":"2021-03-26","number":"29471","amount":"40000.0000000000","observations":null,"anotation":null,"type":"in","paymentMethod":"","status":"open","bankAccount":{"id":"2","name":"PAYU","type":"bank"},"client":{"id":"23565","name":"Carolina Garcia","phone":"3146799039"},"invoices":[{"id":"29689","number":"31950","date":"2021-03-26","amount":40000,"total":40000,"balance":0}],"costCenter":null,"numberTemplate":{"id":"3","prefix":"","number":"29471","fullNumber":"29471","formattedNumber":"29471"}}
2021-03-26 04:55:30 :: ----------send data payment:29690------------
2021-03-26 04:55:30 :: {"date":"2021-03-26","invoices":[{"amount":"125600","id":"29690"}],"bankAccount":2}
2021-03-26 04:55:32 :: ----------result data payment:29690------------
2021-03-26 04:55:32 :: {"id":"30728","date":"2021-03-26","number":"29472","amount":"125600.0000000000","observations":null,"anotation":null,"type":"in","paymentMethod":"","status":"open","bankAccount":{"id":"2","name":"PAYU","type":"bank"},"client":{"id":"23567","name":"Daniela Toro","phone":"3212535840"},"invoices":[{"id":"29690","number":"31951","date":"2021-03-26","amount":125600,"total":125600,"balance":0}],"costCenter":null,"numberTemplate":{"id":"3","prefix":"","number":"29472","fullNumber":"29472","formattedNumber":"29472"}}
2021-03-26 05:10:23 :: ----------send data payment:29692------------
2021-03-26 05:10:23 :: {"date":"2021-03-26","invoices":[{"amount":"205022","id":"29692"}],"bankAccount":2}
2021-03-26 05:10:25 :: ----------result data payment:29692------------
2021-03-26 05:10:25 :: {"id":"30730","date":"2021-03-26","number":"29474","amount":"205022.0000000000","observations":null,"anotation":null,"type":"in","paymentMethod":"","status":"open","bankAccount":{"id":"2","name":"PAYU","type":"bank"},"client":{"id":"23568","name":"claudia gicela salazar","phone":"3154554257"},"invoices":[{"id":"29692","number":"31953","date":"2021-03-26","amount":205022,"total":205022,"balance":0}],"costCenter":null,"numberTemplate":{"id":"3","prefix":"","number":"29474","fullNumber":"29474","formattedNumber":"29474"}}
2021-03-26 05:15:46 :: ----------send data payment:29693------------
2021-03-26 05:15:46 :: {"date":"2021-03-26","invoices":[{"amount":"95101","id":"29693"}],"bankAccount":2}
2021-03-26 05:15:48 :: ----------result data payment:29693------------
2021-03-26 05:15:48 :: {"id":"30731","date":"2021-03-26","number":"29475","amount":"95101.0000000000","observations":null,"anotation":null,"type":"in","paymentMethod":"","status":"open","bankAccount":{"id":"2","name":"PAYU","type":"bank"},"client":{"id":"23569","name":"ana mari asilva","phone":"3148837472"},"invoices":[{"id":"29693","number":"31954","date":"2021-03-26","amount":95101,"total":95101,"balance":0}],"costCenter":null,"numberTemplate":{"id":"3","prefix":"","number":"29475","fullNumber":"29475","formattedNumber":"29475"}}
2021-03-26 05:30:17 :: ----------send data payment:29694------------
2021-03-26 05:30:17 :: {"date":"2021-03-26","invoices":[{"amount":"73000","id":"29694"}],"bankAccount":2}
2021-03-26 05:30:18 :: ----------result data payment:29694------------
2021-03-26 05:30:18 :: {"id":"30732","date":"2021-03-26","number":"29476","amount":"73000.0000000000","observations":null,"anotation":null,"type":"in","paymentMethod":"","status":"open","bankAccount":{"id":"2","name":"PAYU","type":"bank"},"client":{"id":"23570","name":"Laura Acosta","phone":"3173760996"},"invoices":[{"id":"29694","number":"31955","date":"2021-03-26","amount":73000,"total":73000,"balance":0}],"costCenter":null,"numberTemplate":{"id":"3","prefix":"","number":"29476","fullNumber":"29476","formattedNumber":"29476"}}
2021-03-26 05:50:35 :: ----------send data payment:29695------------
2021-03-26 05:50:35 :: {"date":"2021-03-26","invoices":[{"amount":"116111","id":"29695"}],"bankAccount":2}
2021-03-26 05:50:37 :: ----------result data payment:29695------------
2021-03-26 05:50:37 :: {"id":"30733","date":"2021-03-26","number":"29477","amount":"116111.0000000000","observations":null,"anotation":null,"type":"in","paymentMethod":"","status":"open","bankAccount":{"id":"2","name":"PAYU","type":"bank"},"client":{"id":"23571","name":"Eliana Hern\u00e1ndez Bornacelly","phone":"3233336105"},"invoices":[{"id":"29695","number":"31956","date":"2021-03-26","amount":116111,"total":116111,"balance":0}],"costCenter":null,"numberTemplate":{"id":"3","prefix":"","number":"29477","fullNumber":"29477","formattedNumber":"29477"}}
2021-03-26 06:20:08 :: ----------send data payment:29696------------
2021-03-26 06:20:08 :: {"date":"2021-03-26","invoices":[{"amount":"49999","id":"29696"}],"bankAccount":2}
2021-03-26 06:20:10 :: ----------result data payment:29696------------
2021-03-26 06:20:10 :: {"id":"30734","date":"2021-03-26","number":"29478","amount":"49999.0000000000","observations":null,"anotation":null,"type":"in","paymentMethod":"","status":"open","bankAccount":{"id":"2","name":"PAYU","type":"bank"},"client":{"id":"23250","name":"Stephanie Cuervo","phone":"3143475465"},"invoices":[{"id":"29696","number":"31957","date":"2021-03-26","amount":49999,"total":49999,"balance":0}],"costCenter":null,"numberTemplate":{"id":"3","prefix":"","number":"29478","fullNumber":"29478","formattedNumber":"29478"}}
2021-03-26 06:30:42 :: ----------send data payment:29697------------
2021-03-26 06:30:42 :: {"date":"2021-03-26","invoices":[{"amount":"66000","id":"29697"}],"bankAccount":2}
2021-03-26 06:30:43 :: ----------result data payment:29697------------
2021-03-26 06:30:43 :: {"id":"30735","date":"2021-03-26","number":"29479","amount":"66000.0000000000","observations":null,"anotation":null,"type":"in","paymentMethod":"","status":"open","bankAccount":{"id":"2","name":"PAYU","type":"bank"},"client":{"id":"23572","name":"Cathalina Alvarez","phone":"3218300028"},"invoices":[{"id":"29697","number":"31958","date":"2021-03-26","amount":66000,"total":66000,"balance":0}],"costCenter":null,"numberTemplate":{"id":"3","prefix":"","number":"29479","fullNumber":"29479","formattedNumber":"29479"}}
2021-03-26 06:30:46 :: ----------send data payment:29698------------
2021-03-26 06:30:46 :: {"date":"2021-03-26","invoices":[{"amount":"116920","id":"29698"}],"bankAccount":2}
2021-03-26 06:30:47 :: ----------result data payment:29698------------
2021-03-26 06:30:47 :: {"id":"30736","date":"2021-03-26","number":"29480","amount":"116920.0000000000","observations":null,"anotation":null,"type":"in","paymentMethod":"","status":"open","bankAccount":{"id":"2","name":"PAYU","type":"bank"},"client":{"id":"23573","name":"Magnolia Zuleta Cruz","phone":"3138726207"},"invoices":[{"id":"29698","number":"31959","date":"2021-03-26","amount":116920,"total":116920,"balance":0}],"costCenter":null,"numberTemplate":{"id":"3","prefix":"","number":"29480","fullNumber":"29480","formattedNumber":"29480"}}
2021-03-26 06:50:27 :: ----------send data payment:29699------------
2021-03-26 06:50:27 :: {"date":"2021-03-26","invoices":[{"amount":"118375","id":"29699"}],"bankAccount":2}
2021-03-26 06:50:28 :: ----------result data payment:29699------------
2021-03-26 06:50:28 :: {"id":"30737","date":"2021-03-26","number":"29481","amount":"118375.0000000000","observations":null,"anotation":null,"type":"in","paymentMethod":"","status":"open","bankAccount":{"id":"2","name":"PAYU","type":"bank"},"client":{"id":"23574","name":"Angie Pi\u00f1eros","phone":"3144709388"},"invoices":[{"id":"29699","number":"31960","date":"2021-03-26","amount":118375,"total":118375,"balance":0}],"costCenter":null,"numberTemplate":{"id":"3","prefix":"","number":"29481","fullNumber":"29481","formattedNumber":"29481"}}
2021-03-26 07:25:13 :: ----------send data payment:29700------------
2021-03-26 07:25:13 :: {"date":"2021-03-26","invoices":[{"amount":"107199","id":"29700"}],"bankAccount":2}
2021-03-26 07:25:14 :: ----------result data payment:29700------------
2021-03-26 07:25:14 :: {"id":"30738","date":"2021-03-26","number":"29482","amount":"107199.0000000000","observations":null,"anotation":null,"type":"in","paymentMethod":"","status":"open","bankAccount":{"id":"2","name":"PAYU","type":"bank"},"client":{"id":"23575","name":"Vanesa Anaya","phone":"3188028555"},"invoices":[{"id":"29700","number":"31961","date":"2021-03-26","amount":107199,"total":107199,"balance":0}],"costCenter":null,"numberTemplate":{"id":"3","prefix":"","number":"29482","fullNumber":"29482","formattedNumber":"29482"}}
2021-03-26 07:55:27 :: ----------send data payment:29701------------
2021-03-26 07:55:27 :: {"date":"2021-03-26","invoices":[{"amount":"69999","id":"29701"}],"bankAccount":2}
2021-03-26 07:55:28 :: ----------result data payment:29701------------
2021-03-26 07:55:28 :: {"id":"30739","date":"2021-03-26","number":"29483","amount":"69999.0000000000","observations":null,"anotation":null,"type":"in","paymentMethod":"","status":"open","bankAccount":{"id":"2","name":"PAYU","type":"bank"},"client":{"id":"23576","name":"DANIELA","phone":"3003922266"},"invoices":[{"id":"29701","number":"31962","date":"2021-03-26","amount":69999,"total":69999,"balance":0}],"costCenter":null,"numberTemplate":{"id":"3","prefix":"","number":"29483","fullNumber":"29483","formattedNumber":"29483"}}
2021-03-26 07:55:33 :: ----------send data payment:29702------------
2021-03-26 07:55:33 :: {"date":"2021-03-26","invoices":[{"amount":"136769","id":"29702"}],"bankAccount":2}
2021-03-26 07:55:34 :: ----------result data payment:29702------------
2021-03-26 07:55:34 :: {"id":"30740","date":"2021-03-26","number":"29484","amount":"136769.0000000000","observations":null,"anotation":null,"type":"in","paymentMethod":"","status":"open","bankAccount":{"id":"2","name":"PAYU","type":"bank"},"client":{"id":"23577","name":"Angela Maria Saavedra","phone":"3106187170"},"invoices":[{"id":"29702","number":"31963","date":"2021-03-26","amount":136769,"total":136769,"balance":0}],"costCenter":null,"numberTemplate":{"id":"3","prefix":"","number":"29484","fullNumber":"29484","formattedNumber":"29484"}}
2021-03-26 08:00:17 :: ----------send data payment:29703------------
2021-03-26 08:00:17 :: {"date":"2021-03-26","invoices":[{"amount":"25000","id":"29703"}],"bankAccount":2}
2021-03-26 08:00:18 :: ----------result data payment:29703------------
2021-03-26 08:00:18 :: {"id":"30741","date":"2021-03-26","number":"29485","amount":"25000.0000000000","observations":null,"anotation":null,"type":"in","paymentMethod":"","status":"open","bankAccount":{"id":"2","name":"PAYU","type":"bank"},"client":{"id":"23578","name":"Johanna Carolina Arcila Soto","phone":"3137995912"},"invoices":[{"id":"29703","number":"31964","date":"2021-03-26","amount":25000,"total":25000,"balance":0}],"costCenter":null,"numberTemplate":{"id":"3","prefix":"","number":"29485","fullNumber":"29485","formattedNumber":"29485"}}
2021-03-26 08:35:15 :: ----------send data payment:29704------------
2021-03-26 08:35:15 :: {"date":"2021-03-26","invoices":[{"amount":"137162","id":"29704"}],"bankAccount":2}
2021-03-26 08:35:16 :: ----------result data payment:29704------------
2021-03-26 08:35:17 :: {"id":"30742","date":"2021-03-26","number":"29486","amount":"137162.0000000000","observations":null,"anotation":null,"type":"in","paymentMethod":"","status":"open","bankAccount":{"id":"2","name":"PAYU","type":"bank"},"client":{"id":"10498","name":"Yessenia Loaiza","phone":"3104113590"},"invoices":[{"id":"29704","number":"31965","date":"2021-03-26","amount":137162,"total":137162,"balance":0}],"costCenter":null,"numberTemplate":{"id":"3","prefix":"","number":"29486","fullNumber":"29486","formattedNumber":"29486"}}
2021-03-26 09:20:14 :: ----------send data payment:29705------------
2021-03-26 09:20:14 :: {"date":"2021-03-26","invoices":[{"amount":"161901","id":"29705"}],"bankAccount":2}
2021-03-26 09:20:15 :: ----------result data payment:29705------------
2021-03-26 09:20:15 :: {"id":"30743","date":"2021-03-26","number":"29487","amount":"161901.0000000000","observations":null,"anotation":null,"type":"in","paymentMethod":"","status":"open","bankAccount":{"id":"2","name":"PAYU","type":"bank"},"client":{"id":"23579","name":"Sheidy Garcia","phone":"3133540332"},"invoices":[{"id":"29705","number":"31966","date":"2021-03-26","amount":161901,"total":161901,"balance":0}],"costCenter":null,"numberTemplate":{"id":"3","prefix":"","number":"29487","fullNumber":"29487","formattedNumber":"29487"}}
2021-03-26 09:40:15 :: ----------send data payment:29706------------
2021-03-26 09:40:15 :: {"date":"2021-03-26","invoices":[{"amount":"159123","id":"29706"}],"bankAccount":2}
2021-03-26 09:40:17 :: ----------result data payment:29706------------
2021-03-26 09:40:17 :: {"id":"30744","date":"2021-03-26","number":"29488","amount":"159123.0000000000","observations":null,"anotation":null,"type":"in","paymentMethod":"","status":"open","bankAccount":{"id":"2","name":"PAYU","type":"bank"},"client":{"id":"21252","name":"Paola Rodr\u00edguez","phone":"3204636204"},"invoices":[{"id":"29706","number":"31967","date":"2021-03-26","amount":159123,"total":159123,"balance":0}],"costCenter":null,"numberTemplate":{"id":"3","prefix":"","number":"29488","fullNumber":"29488","formattedNumber":"29488"}}
2021-03-26 10:15:16 :: ----------send data payment:29707------------
2021-03-26 10:15:16 :: {"date":"2021-03-26","invoices":[{"amount":"121989","id":"29707"}],"bankAccount":2}
2021-03-26 10:15:17 :: ----------result data payment:29707------------
2021-03-26 10:15:17 :: {"id":"30745","date":"2021-03-26","number":"29489","amount":"121989.0000000000","observations":null,"anotation":null,"type":"in","paymentMethod":"","status":"open","bankAccount":{"id":"2","name":"PAYU","type":"bank"},"client":{"id":"23580","name":"Maria de los Angeles Sarmiento Nogueza","phone":"3128943458"},"invoices":[{"id":"29707","number":"31968","date":"2021-03-26","amount":121989,"total":121989,"balance":0}],"costCenter":null,"numberTemplate":{"id":"3","prefix":"","number":"29489","fullNumber":"29489","formattedNumber":"29489"}}
2021-03-26 10:50:36 :: ----------send data payment:29708------------
2021-03-26 10:50:36 :: {"date":"2021-03-26","invoices":[{"amount":"80000","id":"29708"}],"bankAccount":2}
2021-03-26 10:50:37 :: ----------result data payment:29708------------
2021-03-26 10:50:37 :: {"id":"30746","date":"2021-03-26","number":"29490","amount":"80000.0000000000","observations":null,"anotation":null,"type":"in","paymentMethod":"","status":"open","bankAccount":{"id":"2","name":"PAYU","type":"bank"},"client":{"id":"10183","name":"Diana Lorena Giraldo","phone":"3013828616"},"invoices":[{"id":"29708","number":"31969","date":"2021-03-26","amount":80000,"total":80000,"balance":0}],"costCenter":null,"numberTemplate":{"id":"3","prefix":"","number":"29490","fullNumber":"29490","formattedNumber":"29490"}}
2021-03-26 11:05:17 :: ----------send data payment:29709------------
2021-03-26 11:05:17 :: {"date":"2021-03-26","invoices":[{"amount":"70000","id":"29709"}],"bankAccount":2}
2021-03-26 11:05:18 :: ----------result data payment:29709------------
2021-03-26 11:05:18 :: {"id":"30747","date":"2021-03-26","number":"29491","amount":"70000.0000000000","observations":null,"anotation":null,"type":"in","paymentMethod":"","status":"open","bankAccount":{"id":"2","name":"PAYU","type":"bank"},"client":{"id":"23581","name":"Angy Marin","phone":"3175126997"},"invoices":[{"id":"29709","number":"31970","date":"2021-03-26","amount":70000,"total":70000,"balance":0}],"costCenter":null,"numberTemplate":{"id":"3","prefix":"","number":"29491","fullNumber":"29491","formattedNumber":"29491"}}
2021-03-26 11:15:13 :: ----------send data payment:29710------------
2021-03-26 11:15:13 :: {"date":"2021-03-26","invoices":[{"amount":"246179","id":"29710"}],"bankAccount":2}
2021-03-26 11:15:14 :: ----------result data payment:29710------------
2021-03-26 11:15:14 :: {"id":"30748","date":"2021-03-26","number":"29492","amount":"246179.0000000000","observations":null,"anotation":null,"type":"in","paymentMethod":"","status":"open","bankAccount":{"id":"2","name":"PAYU","type":"bank"},"client":{"id":"867","name":"Maribel Bonilla","phone":"3132794309"},"invoices":[{"id":"29710","number":"31971","date":"2021-03-26","amount":246179,"total":246179,"balance":0}],"costCenter":null,"numberTemplate":{"id":"3","prefix":"","number":"29492","fullNumber":"29492","formattedNumber":"29492"}}