
2021-09-29 06:50:04 :: ----------send data payment:38206------------
2021-09-29 06:50:04 :: {"date":"2021-09-29","invoices":[{"amount":"169997","id":"38206"}],"bankAccount":2}
2021-09-29 06:50:05 :: ----------result data payment:38206------------
2021-09-29 06:50:05 :: {"id":"39734","date":"2021-09-29","number":"37997","amount":"169997.0000000000","observations":null,"anotation":null,"type":"in","paymentMethod":"","status":"open","bankAccount":{"id":"2","name":"PAYU","type":"bank"},"client":{"id":"26662","name":"Dargee bibiana Herrera Gonz\u00e1lez","phone":"3218605043"},"invoices":[{"id":"38206","number":"40467","date":"2021-09-29","amount":169997,"total":169997,"balance":0}],"costCenter":null,"numberTemplate":{"id":"3","prefix":"","number":"37997","fullNumber":"37997","formattedNumber":"37997"}}
2021-09-29 07:23:06 :: ----------send data payment:38207------------
2021-09-29 07:23:06 :: {"date":"2021-09-29","invoices":[{"amount":"75999","id":"38207"}],"bankAccount":2}
2021-09-29 07:23:09 :: ----------result data payment:38207------------
2021-09-29 07:23:09 :: {"id":"39735","date":"2021-09-29","number":"37998","amount":"75999.0000000000","observations":null,"anotation":null,"type":"in","paymentMethod":"","status":"open","bankAccount":{"id":"2","name":"PAYU","type":"bank"},"client":{"id":"29670","name":"Laura Isabel Cortes Caracas","phone":"3173842200"},"invoices":[{"id":"38207","number":"40468","date":"2021-09-29","amount":75999,"total":75999,"balance":0}],"costCenter":null,"numberTemplate":{"id":"3","prefix":"","number":"37998","fullNumber":"37998","formattedNumber":"37998"}}
2021-09-29 08:23:10 :: ----------send data payment:38208------------
2021-09-29 08:23:10 :: {"date":"2021-09-29","invoices":[{"amount":"76000","id":"38208"}],"bankAccount":2}
2021-09-29 08:23:12 :: ----------result data payment:38208------------
2021-09-29 08:23:12 :: {"id":"39736","date":"2021-09-29","number":"37999","amount":"76000.0000000000","observations":null,"anotation":null,"type":"in","paymentMethod":"","status":"open","bankAccount":{"id":"2","name":"PAYU","type":"bank"},"client":{"id":"29671","name":"Maria Camila Cifuentes","phone":"3166201389"},"invoices":[{"id":"38208","number":"40469","date":"2021-09-29","amount":76000,"total":76000,"balance":0}],"costCenter":null,"numberTemplate":{"id":"3","prefix":"","number":"37999","fullNumber":"37999","formattedNumber":"37999"}}
2021-09-29 09:34:06 :: ----------send data payment:38209------------
2021-09-29 09:34:06 :: {"date":"2021-09-29","invoices":[{"amount":"70000","id":"38209"}],"bankAccount":2}
2021-09-29 09:34:14 :: ----------result data payment:38209------------
2021-09-29 09:34:14 :: {"id":"39737","date":"2021-09-29","number":"38000","amount":"70000.0000000000","observations":null,"anotation":null,"type":"in","paymentMethod":"","status":"open","bankAccount":{"id":"2","name":"PAYU","type":"bank"},"client":{"id":"25031","name":"Valentina S\u00e1nchez","phone":"3213866621"},"invoices":[{"id":"38209","number":"40470","date":"2021-09-29","amount":70000,"total":70000,"balance":0}],"costCenter":null,"numberTemplate":{"id":"3","prefix":"","number":"38000","fullNumber":"38000","formattedNumber":"38000"}}
2021-09-29 09:55:07 :: ----------send data payment:38211------------
2021-09-29 09:55:07 :: {"date":"2021-09-29","invoices":[{"amount":"77000","id":"38211"}],"bankAccount":2}
2021-09-29 09:55:09 :: ----------result data payment:38211------------
2021-09-29 09:55:09 :: {"id":"39739","date":"2021-09-29","number":"38002","amount":"77000.0000000000","observations":null,"anotation":null,"type":"in","paymentMethod":"","status":"open","bankAccount":{"id":"2","name":"PAYU","type":"bank"},"client":{"id":"29672","name":"Lorenza Garnica","phone":"3507751334"},"invoices":[{"id":"38211","number":"40472","date":"2021-09-29","amount":77000,"total":77000,"balance":0}],"costCenter":null,"numberTemplate":{"id":"3","prefix":"","number":"38002","fullNumber":"38002","formattedNumber":"38002"}}
2021-09-29 10:02:11 :: ----------send data payment:38212------------
2021-09-29 10:02:12 :: {"date":"2021-09-29","invoices":[{"amount":"158000","id":"38212"}],"bankAccount":2}
2021-09-29 10:02:13 :: ----------result data payment:38212------------
2021-09-29 10:02:13 :: {"id":"39740","date":"2021-09-29","number":"38003","amount":"158000.0000000000","observations":null,"anotation":null,"type":"in","paymentMethod":"","status":"open","bankAccount":{"id":"2","name":"PAYU","type":"bank"},"client":{"id":"24605","name":"Rosa Burbano","phone":"3008607936"},"invoices":[{"id":"38212","number":"40473","date":"2021-09-29","amount":158000,"total":158000,"balance":0}],"costCenter":null,"numberTemplate":{"id":"3","prefix":"","number":"38003","fullNumber":"38003","formattedNumber":"38003"}}
2021-09-29 10:15:07 :: ----------send data payment:38213------------
2021-09-29 10:15:07 :: {"date":"2021-09-29","invoices":[{"amount":"113000","id":"38213"}],"bankAccount":2}
2021-09-29 10:15:10 :: ----------result data payment:38213------------
2021-09-29 10:15:10 :: {"id":"39741","date":"2021-09-29","number":"38004","amount":"113000.0000000000","observations":null,"anotation":null,"type":"in","paymentMethod":"","status":"open","bankAccount":{"id":"2","name":"PAYU","type":"bank"},"client":{"id":"29673","name":"valentina llanos becerra","phone":"3183926548"},"invoices":[{"id":"38213","number":"40474","date":"2021-09-29","amount":113000,"total":113000,"balance":0}],"costCenter":null,"numberTemplate":{"id":"3","prefix":"","number":"38004","fullNumber":"38004","formattedNumber":"38004"}}
2021-09-29 10:33:09 :: ----------send data payment:38214------------
2021-09-29 10:33:09 :: {"date":"2021-09-29","invoices":[{"amount":"70000","id":"38214"}],"bankAccount":2}
2021-09-29 10:33:10 :: ----------result data payment:38214------------
2021-09-29 10:33:10 :: {"id":"39742","date":"2021-09-29","number":"38005","amount":"70000.0000000000","observations":null,"anotation":null,"type":"in","paymentMethod":"","status":"open","bankAccount":{"id":"2","name":"PAYU","type":"bank"},"client":{"id":"29674","name":"Vanesa L\u00f3pez","phone":"3185958162"},"invoices":[{"id":"38214","number":"40475","date":"2021-09-29","amount":70000,"total":70000,"balance":0}],"costCenter":null,"numberTemplate":{"id":"3","prefix":"","number":"38005","fullNumber":"38005","formattedNumber":"38005"}}
2021-09-29 10:58:10 :: ----------send data payment:38215------------
2021-09-29 10:58:10 :: {"date":"2021-09-29","invoices":[{"amount":"134000","id":"38215"}],"bankAccount":2}
2021-09-29 10:58:12 :: ----------result data payment:38215------------
2021-09-29 10:58:12 :: {"id":"39743","date":"2021-09-29","number":"38006","amount":"134000.0000000000","observations":null,"anotation":null,"type":"in","paymentMethod":"","status":"open","bankAccount":{"id":"2","name":"PAYU","type":"bank"},"client":{"id":"29675","name":"Tatiana Rey","phone":"3108070258"},"invoices":[{"id":"38215","number":"40476","date":"2021-09-29","amount":134000,"total":134000,"balance":0}],"costCenter":null,"numberTemplate":{"id":"3","prefix":"","number":"38006","fullNumber":"38006","formattedNumber":"38006"}}
2021-09-29 11:00:18 :: ----------send data payment:38216------------
2021-09-29 11:00:18 :: {"date":"2021-09-29","invoices":[{"amount":"126001","id":"38216"}],"bankAccount":2}
2021-09-29 11:00:21 :: ----------result data payment:38216------------
2021-09-29 11:00:21 :: {"id":"39744","date":"2021-09-29","number":"38007","amount":"126001.0000000000","observations":null,"anotation":null,"type":"in","paymentMethod":"","status":"open","bankAccount":{"id":"2","name":"PAYU","type":"bank"},"client":{"id":"29676","name":"alxatar1","phone":"3002364408"},"invoices":[{"id":"38216","number":"40477","date":"2021-09-29","amount":126001,"total":126001,"balance":0}],"costCenter":null,"numberTemplate":{"id":"3","prefix":"","number":"38007","fullNumber":"38007","formattedNumber":"38007"}}
2021-09-29 11:28:06 :: ----------send data payment:38217------------
2021-09-29 11:28:06 :: {"date":"2021-09-29","invoices":[{"amount":"65990","id":"38217"}],"bankAccount":2}
2021-09-29 11:28:08 :: ----------result data payment:38217------------
2021-09-29 11:28:08 :: {"id":"39745","date":"2021-09-29","number":"38008","amount":"65990.0000000000","observations":null,"anotation":null,"type":"in","paymentMethod":"","status":"open","bankAccount":{"id":"2","name":"PAYU","type":"bank"},"client":{"id":"29677","name":"Alejandra Castro","phone":"3127542359"},"invoices":[{"id":"38217","number":"40478","date":"2021-09-29","amount":65990,"total":65990,"balance":0}],"costCenter":null,"numberTemplate":{"id":"3","prefix":"","number":"38008","fullNumber":"38008","formattedNumber":"38008"}}
2021-09-29 11:32:11 :: ----------send data payment:38218------------
2021-09-29 11:32:11 :: {"date":"2021-09-29","invoices":[{"amount":"140001","id":"38218"}],"bankAccount":2}
2021-09-29 11:32:13 :: ----------result data payment:38218------------
2021-09-29 11:32:13 :: {"id":"39746","date":"2021-09-29","number":"38009","amount":"140001.0000000000","observations":null,"anotation":null,"type":"in","paymentMethod":"","status":"open","bankAccount":{"id":"2","name":"PAYU","type":"bank"},"client":{"id":"29678","name":"Alejandra Sanchez","phone":"3225001765"},"invoices":[{"id":"38218","number":"40479","date":"2021-09-29","amount":140001,"total":140001,"balance":0}],"costCenter":null,"numberTemplate":{"id":"3","prefix":"","number":"38009","fullNumber":"38009","formattedNumber":"38009"}}
2021-09-29 11:32:18 :: ----------send data payment:38219------------
2021-09-29 11:32:18 :: {"date":"2021-09-29","invoices":[{"amount":"100001","id":"38219"}],"bankAccount":2}
2021-09-29 11:32:20 :: ----------result data payment:38219------------
2021-09-29 11:32:20 :: {"id":"39747","date":"2021-09-29","number":"38010","amount":"100001.0000000000","observations":null,"anotation":null,"type":"in","paymentMethod":"","status":"open","bankAccount":{"id":"2","name":"PAYU","type":"bank"},"client":{"id":"29679","name":"Valeria Su\u00e1rez","phone":"3214353677"},"invoices":[{"id":"38219","number":"40480","date":"2021-09-29","amount":100001,"total":100001,"balance":0}],"costCenter":null,"numberTemplate":{"id":"3","prefix":"","number":"38010","fullNumber":"38010","formattedNumber":"38010"}}
2021-09-29 11:40:04 :: ----------send data payment:38220------------
2021-09-29 11:40:04 :: {"date":"2021-09-29","invoices":[{"amount":"90000","id":"38220"}],"bankAccount":2}
2021-09-29 11:40:06 :: ----------result data payment:38220------------
2021-09-29 11:40:06 :: {"id":"39748","date":"2021-09-29","number":"38011","amount":"90000.0000000000","observations":null,"anotation":null,"type":"in","paymentMethod":"","status":"open","bankAccount":{"id":"2","name":"PAYU","type":"bank"},"client":{"id":"11","name":"Andrea Franco","phone":"+573138697165"},"invoices":[{"id":"38220","number":"40481","date":"2021-09-29","amount":90000,"total":90000,"balance":0}],"costCenter":null,"numberTemplate":{"id":"3","prefix":"","number":"38011","fullNumber":"38011","formattedNumber":"38011"}}
2021-09-29 11:54:06 :: ----------send data payment:38221------------
2021-09-29 11:54:06 :: {"date":"2021-09-29","invoices":[{"amount":"60000","id":"38221"}],"bankAccount":2}
2021-09-29 11:54:08 :: ----------result data payment:38221------------
2021-09-29 11:54:08 :: {"id":"39749","date":"2021-09-29","number":"38012","amount":"60000.0000000000","observations":null,"anotation":null,"type":"in","paymentMethod":"","status":"open","bankAccount":{"id":"2","name":"PAYU","type":"bank"},"client":{"id":"29680","name":"Valentina Correa","phone":"3134541539"},"invoices":[{"id":"38221","number":"40482","date":"2021-09-29","amount":60000,"total":60000,"balance":0}],"costCenter":null,"numberTemplate":{"id":"3","prefix":"","number":"38012","fullNumber":"38012","formattedNumber":"38012"}}
2021-09-29 12:03:06 :: ----------send data payment:38222------------
2021-09-29 12:03:06 :: {"date":"2021-09-29","invoices":[{"amount":"70000","id":"38222"}],"bankAccount":2}
2021-09-29 12:03:07 :: ----------result data payment:38222------------
2021-09-29 12:03:07 :: {"id":"39750","date":"2021-09-29","number":"38013","amount":"70000.0000000000","observations":null,"anotation":null,"type":"in","paymentMethod":"","status":"open","bankAccount":{"id":"2","name":"PAYU","type":"bank"},"client":{"id":"29681","name":"Vanessa Garnica","phone":"3017280773"},"invoices":[{"id":"38222","number":"40483","date":"2021-09-29","amount":70000,"total":70000,"balance":0}],"costCenter":null,"numberTemplate":{"id":"3","prefix":"","number":"38013","fullNumber":"38013","formattedNumber":"38013"}}
2021-09-29 12:08:04 :: ----------send data payment:38223------------
2021-09-29 12:08:04 :: {"date":"2021-09-29","invoices":[{"amount":"132000","id":"38223"}],"bankAccount":2}
2021-09-29 12:08:06 :: ----------result data payment:38223------------
2021-09-29 12:08:06 :: {"id":"39751","date":"2021-09-29","number":"38014","amount":"132000.0000000000","observations":null,"anotation":null,"type":"in","paymentMethod":"","status":"open","bankAccount":{"id":"2","name":"PAYU","type":"bank"},"client":{"id":"25760","name":"Yineth Alexandra Acosta vejarano","phone":"3207355476"},"invoices":[{"id":"38223","number":"40484","date":"2021-09-29","amount":132000,"total":132000,"balance":0}],"costCenter":null,"numberTemplate":{"id":"3","prefix":"","number":"38014","fullNumber":"38014","formattedNumber":"38014"}}
2021-09-29 12:25:08 :: ----------send data payment:38224------------
2021-09-29 12:25:08 :: {"date":"2021-09-29","invoices":[{"amount":"70000","id":"38224"}],"bankAccount":2}
2021-09-29 12:25:11 :: ----------result data payment:38224------------
2021-09-29 12:25:11 :: {"id":"39754","date":"2021-09-29","number":"38017","amount":"70000.0000000000","observations":null,"anotation":null,"type":"in","paymentMethod":"","status":"open","bankAccount":{"id":"2","name":"PAYU","type":"bank"},"client":{"id":"29682","name":"Yury Mayerli Vargas","phone":"3204767514"},"invoices":[{"id":"38224","number":"40485","date":"2021-09-29","amount":70000,"total":70000,"balance":0}],"costCenter":null,"numberTemplate":{"id":"3","prefix":"","number":"38017","fullNumber":"38017","formattedNumber":"38017"}}
2021-09-29 12:43:09 :: ----------send data payment:38225------------
2021-09-29 12:43:09 :: {"date":"2021-09-29","invoices":[{"amount":"31000","id":"38225"}],"bankAccount":2}
2021-09-29 12:43:11 :: ----------result data payment:38225------------
2021-09-29 12:43:11 :: {"id":"39755","date":"2021-09-29","number":"38018","amount":"31000.0000000000","observations":null,"anotation":null,"type":"in","paymentMethod":"","status":"open","bankAccount":{"id":"2","name":"PAYU","type":"bank"},"client":{"id":"29683","name":"Manuela Rodriguez Mendez","phone":"3012808320"},"invoices":[{"id":"38225","number":"40486","date":"2021-09-29","amount":31000,"total":31000,"balance":0}],"costCenter":null,"numberTemplate":{"id":"3","prefix":"","number":"38018","fullNumber":"38018","formattedNumber":"38018"}}
2021-09-29 12:58:06 :: ----------send data payment:38226------------
2021-09-29 12:58:06 :: {"date":"2021-09-29","invoices":[{"amount":"40000","id":"38226"}],"bankAccount":2}
2021-09-29 12:58:09 :: ----------result data payment:38226------------
2021-09-29 12:58:09 :: {"id":"39756","date":"2021-09-29","number":"38019","amount":"40000.0000000000","observations":null,"anotation":null,"type":"in","paymentMethod":"","status":"open","bankAccount":{"id":"2","name":"PAYU","type":"bank"},"client":{"id":"29684","name":"Angelica Lopez","phone":"3192484271"},"invoices":[{"id":"38226","number":"40487","date":"2021-09-29","amount":40000,"total":40000,"balance":0}],"costCenter":null,"numberTemplate":{"id":"3","prefix":"","number":"38019","fullNumber":"38019","formattedNumber":"38019"}}
2021-09-29 02:12:08 :: ----------send data payment:38227------------
2021-09-29 02:12:08 :: {"date":"2021-09-29","invoices":[{"amount":"58000","id":"38227"}],"bankAccount":2}
2021-09-29 02:12:11 :: ----------result data payment:38227------------
2021-09-29 02:12:11 :: {"id":"39757","date":"2021-09-29","number":"38020","amount":"58000.0000000000","observations":null,"anotation":null,"type":"in","paymentMethod":"","status":"open","bankAccount":{"id":"2","name":"PAYU","type":"bank"},"client":{"id":"29685","name":"Angela D\u00edaz Vargas","phone":"3135508606"},"invoices":[{"id":"38227","number":"40488","date":"2021-09-29","amount":58000,"total":58000,"balance":0}],"costCenter":null,"numberTemplate":{"id":"3","prefix":"","number":"38020","fullNumber":"38020","formattedNumber":"38020"}}
2021-09-29 02:23:10 :: ----------send data payment:38228------------
2021-09-29 02:23:10 :: {"date":"2021-09-29","invoices":[{"amount":"55000","id":"38228"}],"bankAccount":2}
2021-09-29 02:23:12 :: ----------result data payment:38228------------
2021-09-29 02:23:12 :: {"id":"39758","date":"2021-09-29","number":"38021","amount":"55000.0000000000","observations":null,"anotation":null,"type":"in","paymentMethod":"","status":"open","bankAccount":{"id":"2","name":"PAYU","type":"bank"},"client":{"id":"29686","name":"Andres Zapata P","phone":"3008572588"},"invoices":[{"id":"38228","number":"40489","date":"2021-09-29","amount":55000,"total":55000,"balance":0}],"costCenter":null,"numberTemplate":{"id":"3","prefix":"","number":"38021","fullNumber":"38021","formattedNumber":"38021"}}
2021-09-29 02:33:06 :: ----------send data payment:38229------------
2021-09-29 02:33:06 :: {"date":"2021-09-29","invoices":[{"amount":"40000","id":"38229"}],"bankAccount":2}
2021-09-29 02:33:08 :: ----------result data payment:38229------------
2021-09-29 02:33:08 :: {"id":"39759","date":"2021-09-29","number":"38022","amount":"40000.0000000000","observations":null,"anotation":null,"type":"in","paymentMethod":"","status":"open","bankAccount":{"id":"2","name":"PAYU","type":"bank"},"client":{"id":"29687","name":"Claudia Torralvo","phone":"3183817887"},"invoices":[{"id":"38229","number":"40490","date":"2021-09-29","amount":40000,"total":40000,"balance":0}],"costCenter":null,"numberTemplate":{"id":"3","prefix":"","number":"38022","fullNumber":"38022","formattedNumber":"38022"}}
2021-09-29 02:43:07 :: ----------send data payment:38230------------
2021-09-29 02:43:07 :: {"date":"2021-09-29","invoices":[{"amount":"40000","id":"38230"}],"bankAccount":2}
2021-09-29 02:43:08 :: ----------result data payment:38230------------
2021-09-29 02:43:08 :: {"id":"39760","date":"2021-09-29","number":"38023","amount":"40000.0000000000","observations":null,"anotation":null,"type":"in","paymentMethod":"","status":"open","bankAccount":{"id":"2","name":"PAYU","type":"bank"},"client":{"id":"29688","name":"Mariana Holguin Pelaez","phone":"3187962273"},"invoices":[{"id":"38230","number":"40491","date":"2021-09-29","amount":40000,"total":40000,"balance":0}],"costCenter":null,"numberTemplate":{"id":"3","prefix":"","number":"38023","fullNumber":"38023","formattedNumber":"38023"}}
2021-09-29 02:55:30 :: ----------send data payment:38231------------
2021-09-29 02:55:30 :: {"date":"2021-09-29","invoices":[{"amount":"49999","id":"38231"}],"bankAccount":2}
2021-09-29 02:55:32 :: ----------result data payment:38231------------
2021-09-29 02:55:32 :: {"id":"39761","date":"2021-09-29","number":"38024","amount":"49999.0000000000","observations":null,"anotation":null,"type":"in","paymentMethod":"","status":"open","bankAccount":{"id":"2","name":"PAYU","type":"bank"},"client":{"id":"29689","name":"Diana P\u00e1ramo","phone":"3003054464"},"invoices":[{"id":"38231","number":"40492","date":"2021-09-29","amount":49999,"total":49999,"balance":0}],"costCenter":null,"numberTemplate":{"id":"3","prefix":"","number":"38024","fullNumber":"38024","formattedNumber":"38024"}}
2021-09-29 02:57:04 :: ----------send data payment:38232------------
2021-09-29 02:57:04 :: {"date":"2021-09-29","invoices":[{"amount":"116900","id":"38232"}],"bankAccount":2}
2021-09-29 02:57:06 :: ----------result data payment:38232------------
2021-09-29 02:57:06 :: {"id":"39762","date":"2021-09-29","number":"38025","amount":"116900.0000000000","observations":null,"anotation":null,"type":"in","paymentMethod":"","status":"open","bankAccount":{"id":"2","name":"PAYU","type":"bank"},"client":{"id":"18568","name":"LUISA RIOS","phone":"3192427419"},"invoices":[{"id":"38232","number":"40493","date":"2021-09-29","amount":116900,"total":116900,"balance":0}],"costCenter":null,"numberTemplate":{"id":"3","prefix":"","number":"38025","fullNumber":"38025","formattedNumber":"38025"}}
2021-09-29 03:11:15 :: ----------send data payment:38233------------
2021-09-29 03:11:15 :: {"date":"2021-09-29","invoices":[{"amount":"56000","id":"38233"}],"bankAccount":2}
2021-09-29 03:11:16 :: ----------result data payment:38233------------
2021-09-29 03:11:16 :: {"id":"39763","date":"2021-09-29","number":"38026","amount":"56000.0000000000","observations":null,"anotation":null,"type":"in","paymentMethod":"","status":"open","bankAccount":{"id":"2","name":"PAYU","type":"bank"},"client":{"id":"29690","name":"Liniette Ramirez","phone":"3016134376"},"invoices":[{"id":"38233","number":"40494","date":"2021-09-29","amount":56000,"total":56000,"balance":0}],"costCenter":null,"numberTemplate":{"id":"3","prefix":"","number":"38026","fullNumber":"38026","formattedNumber":"38026"}}
2021-09-29 03:29:04 :: ----------send data payment:38234------------
2021-09-29 03:29:04 :: {"date":"2021-09-29","invoices":[{"amount":"34000","id":"38234"}],"bankAccount":2}
2021-09-29 03:29:06 :: ----------result data payment:38234------------
2021-09-29 03:29:06 :: {"id":"39764","date":"2021-09-29","number":"38027","amount":"34000.0000000000","observations":null,"anotation":null,"type":"in","paymentMethod":"","status":"open","bankAccount":{"id":"2","name":"PAYU","type":"bank"},"client":{"id":"14025","name":"Alejandra Cruz Correa","phone":"3208246462"},"invoices":[{"id":"38234","number":"40495","date":"2021-09-29","amount":34000,"total":34000,"balance":0}],"costCenter":null,"numberTemplate":{"id":"3","prefix":"","number":"38027","fullNumber":"38027","formattedNumber":"38027"}}
2021-09-29 04:05:12 :: ----------send data payment:38235------------
2021-09-29 04:05:12 :: {"date":"2021-09-29","invoices":[{"amount":"40000","id":"38235"}],"bankAccount":2}
2021-09-29 04:05:14 :: ----------result data payment:38235------------
2021-09-29 04:05:14 :: {"id":"39766","date":"2021-09-29","number":"38028","amount":"40000.0000000000","observations":null,"anotation":null,"type":"in","paymentMethod":"","status":"open","bankAccount":{"id":"2","name":"PAYU","type":"bank"},"client":{"id":"29691","name":"vemoralesa","phone":"3017058523"},"invoices":[{"id":"38235","number":"40496","date":"2021-09-29","amount":40000,"total":40000,"balance":0}],"costCenter":null,"numberTemplate":{"id":"3","prefix":"","number":"38028","fullNumber":"38028","formattedNumber":"38028"}}
2021-09-29 04:13:12 :: ----------send data payment:38236------------
2021-09-29 04:13:12 :: {"date":"2021-09-29","invoices":[{"amount":"108000","id":"38236"}],"bankAccount":2}
2021-09-29 04:13:14 :: ----------result data payment:38236------------
2021-09-29 04:13:14 :: {"id":"39767","date":"2021-09-29","number":"38029","amount":"108000.0000000000","observations":null,"anotation":null,"type":"in","paymentMethod":"","status":"open","bankAccount":{"id":"2","name":"PAYU","type":"bank"},"client":{"id":"11450","name":"Andrea Nigrinis","phone":"3183799141"},"invoices":[{"id":"38236","number":"40497","date":"2021-09-29","amount":108000,"total":108000,"balance":0}],"costCenter":null,"numberTemplate":{"id":"3","prefix":"","number":"38029","fullNumber":"38029","formattedNumber":"38029"}}
2021-09-29 04:13:18 :: ----------send data payment:38237------------
2021-09-29 04:13:18 :: {"date":"2021-09-29","invoices":[{"amount":"60000","id":"38237"}],"bankAccount":2}
2021-09-29 04:13:20 :: ----------result data payment:38237------------
2021-09-29 04:13:20 :: {"id":"39768","date":"2021-09-29","number":"38030","amount":"60000.0000000000","observations":null,"anotation":null,"type":"in","paymentMethod":"","status":"open","bankAccount":{"id":"2","name":"PAYU","type":"bank"},"client":{"id":"29692","name":"Guadalupe Gomez","phone":"3163417149"},"invoices":[{"id":"38237","number":"40498","date":"2021-09-29","amount":60000,"total":60000,"balance":0}],"costCenter":null,"numberTemplate":{"id":"3","prefix":"","number":"38030","fullNumber":"38030","formattedNumber":"38030"}}
2021-09-29 04:23:06 :: ----------send data payment:38238------------
2021-09-29 04:23:06 :: {"date":"2021-09-29","invoices":[{"amount":"45000","id":"38238"}],"bankAccount":2}
2021-09-29 04:23:07 :: ----------result data payment:38238------------
2021-09-29 04:23:07 :: {"id":"39769","date":"2021-09-29","number":"38031","amount":"45000.0000000000","observations":null,"anotation":null,"type":"in","paymentMethod":"","status":"open","bankAccount":{"id":"2","name":"PAYU","type":"bank"},"client":{"id":"29693","name":"ANGELICA POVEDA","phone":"3118384770"},"invoices":[{"id":"38238","number":"40499","date":"2021-09-29","amount":45000,"total":45000,"balance":0}],"costCenter":null,"numberTemplate":{"id":"3","prefix":"","number":"38031","fullNumber":"38031","formattedNumber":"38031"}}
2021-09-29 04:31:14 :: ----------send data payment:38239------------
2021-09-29 04:31:14 :: {"date":"2021-09-29","invoices":[{"amount":"70000","id":"38239"}],"bankAccount":2}
2021-09-29 04:31:18 :: ----------result data payment:38239------------
2021-09-29 04:31:18 :: {"id":"39770","date":"2021-09-29","number":"38032","amount":"70000.0000000000","observations":null,"anotation":null,"type":"in","paymentMethod":"","status":"open","bankAccount":{"id":"2","name":"PAYU","type":"bank"},"client":{"id":"29694","name":"Gladys","phone":"3023551655"},"invoices":[{"id":"38239","number":"40500","date":"2021-09-29","amount":70000,"total":70000,"balance":0}],"costCenter":null,"numberTemplate":{"id":"3","prefix":"","number":"38032","fullNumber":"38032","formattedNumber":"38032"}}
2021-09-29 04:52:13 :: ----------send data payment:38240------------
2021-09-29 04:52:13 :: {"date":"2021-09-29","invoices":[{"amount":"287001","id":"38240"}],"bankAccount":2}
2021-09-29 04:52:16 :: ----------result data payment:38240------------
2021-09-29 04:52:16 :: {"id":"39771","date":"2021-09-29","number":"38033","amount":"287001.0000000000","observations":null,"anotation":null,"type":"in","paymentMethod":"","status":"open","bankAccount":{"id":"2","name":"PAYU","type":"bank"},"client":{"id":"29696","name":"Adriana morales","phone":"3108192516"},"invoices":[{"id":"38240","number":"40501","date":"2021-09-29","amount":287001,"total":287001,"balance":0}],"costCenter":null,"numberTemplate":{"id":"3","prefix":"","number":"38033","fullNumber":"38033","formattedNumber":"38033"}}
2021-09-29 05:03:08 :: ----------send data payment:38242------------
2021-09-29 05:03:08 :: {"date":"2021-09-29","invoices":[{"amount":"40000","id":"38242"}],"bankAccount":2}
2021-09-29 05:03:10 :: ----------result data payment:38242------------
2021-09-29 05:03:10 :: {"id":"39775","date":"2021-09-29","number":"38036","amount":"40000.0000000000","observations":null,"anotation":null,"type":"in","paymentMethod":"","status":"open","bankAccount":{"id":"2","name":"PAYU","type":"bank"},"client":{"id":"29697","name":"Eliana Cort\u00e9s","phone":"3183299920"},"invoices":[{"id":"38242","number":"40503","date":"2021-09-29","amount":40000,"total":40000,"balance":0}],"costCenter":null,"numberTemplate":{"id":"3","prefix":"","number":"38036","fullNumber":"38036","formattedNumber":"38036"}}
2021-09-29 05:06:12 :: ----------send data payment:38243------------
2021-09-29 05:06:12 :: {"date":"2021-09-29","invoices":[{"amount":"40000","id":"38243"}],"bankAccount":2}
2021-09-29 05:06:13 :: ----------result data payment:38243------------
2021-09-29 05:06:13 :: {"id":"39776","date":"2021-09-29","number":"38037","amount":"40000.0000000000","observations":null,"anotation":null,"type":"in","paymentMethod":"","status":"open","bankAccount":{"id":"2","name":"PAYU","type":"bank"},"client":{"id":"29018","name":"Maira Alejandra Aguilar Mendieta","phone":"3113170431"},"invoices":[{"id":"38243","number":"40504","date":"2021-09-29","amount":40000,"total":40000,"balance":0}],"costCenter":null,"numberTemplate":{"id":"3","prefix":"","number":"38037","fullNumber":"38037","formattedNumber":"38037"}}
2021-09-29 05:48:06 :: ----------send data payment:38244------------
2021-09-29 05:48:06 :: {"date":"2021-09-29","invoices":[{"amount":"70000","id":"38244"}],"bankAccount":2}
2021-09-29 05:48:35 :: ----------result data payment:38244------------
2021-09-29 05:48:35 :: {"message": "Endpoint request timed out"}
2021-09-29 05:51:31 :: ----------send data payment:38245------------
2021-09-29 05:51:31 :: {"date":"2021-09-29","invoices":[{"amount":"31000","id":"38245"}],"bankAccount":2}
2021-09-29 05:51:32 :: ----------result data payment:38245------------
2021-09-29 05:51:32 :: {"id":"39781","date":"2021-09-29","number":"38039","amount":"31000.0000000000","observations":null,"anotation":null,"type":"in","paymentMethod":"","status":"open","bankAccount":{"id":"2","name":"PAYU","type":"bank"},"client":{"id":"29700","name":"Gabriela Pe\u00f1a Medina","phone":"3145404670"},"invoices":[{"id":"38245","number":"40506","date":"2021-09-29","amount":31000,"total":31000,"balance":0}],"costCenter":null,"numberTemplate":{"id":"3","prefix":"","number":"38039","fullNumber":"38039","formattedNumber":"38039"}}
2021-09-29 06:08:05 :: ----------send data payment:38246------------
2021-09-29 06:08:05 :: {"date":"2021-09-29","invoices":[{"amount":"70000","id":"38246"}],"bankAccount":2}
2021-09-29 06:08:08 :: ----------result data payment:38246------------
2021-09-29 06:08:08 :: {"id":"39782","date":"2021-09-29","number":"38040","amount":"70000.0000000000","observations":null,"anotation":null,"type":"in","paymentMethod":"","status":"open","bankAccount":{"id":"2","name":"PAYU","type":"bank"},"client":{"id":"29701","name":"Paola Segura","phone":"3224083516"},"invoices":[{"id":"38246","number":"40507","date":"2021-09-29","amount":70000,"total":70000,"balance":0}],"costCenter":null,"numberTemplate":{"id":"3","prefix":"","number":"38040","fullNumber":"38040","formattedNumber":"38040"}}
2021-09-29 06:11:14 :: ----------send data payment:38247------------
2021-09-29 06:11:14 :: {"date":"2021-09-29","invoices":[{"amount":"55000","id":"38247"}],"bankAccount":2}
2021-09-29 06:11:16 :: ----------result data payment:38247------------
2021-09-29 06:11:16 :: {"id":"39784","date":"2021-09-29","number":"38041","amount":"55000.0000000000","observations":null,"anotation":null,"type":"in","paymentMethod":"","status":"open","bankAccount":{"id":"2","name":"PAYU","type":"bank"},"client":{"id":"29702","name":"Yesenia Hernandez Beltran","phone":"3125821687"},"invoices":[{"id":"38247","number":"40508","date":"2021-09-29","amount":55000,"total":55000,"balance":0}],"costCenter":null,"numberTemplate":{"id":"3","prefix":"","number":"38041","fullNumber":"38041","formattedNumber":"38041"}}
2021-09-29 06:17:07 :: ----------send data payment:38248------------
2021-09-29 06:17:07 :: {"date":"2021-09-29","invoices":[{"amount":"65000","id":"38248"}],"bankAccount":2}
2021-09-29 06:17:08 :: ----------result data payment:38248------------
2021-09-29 06:17:08 :: {"id":"39785","date":"2021-09-29","number":"38042","amount":"65000.0000000000","observations":null,"anotation":null,"type":"in","paymentMethod":"","status":"open","bankAccount":{"id":"2","name":"PAYU","type":"bank"},"client":{"id":"29703","name":"lucero romero","phone":"3016887710"},"invoices":[{"id":"38248","number":"40509","date":"2021-09-29","amount":65000,"total":65000,"balance":0}],"costCenter":null,"numberTemplate":{"id":"3","prefix":"","number":"38042","fullNumber":"38042","formattedNumber":"38042"}}
2021-09-29 06:32:20 :: ----------send data payment:38249------------
2021-09-29 06:32:20 :: {"date":"2021-09-29","invoices":[{"amount":"115900","id":"38249"}],"bankAccount":2}
2021-09-29 06:32:21 :: ----------result data payment:38249------------
2021-09-29 06:32:21 :: {"id":"39787","date":"2021-09-29","number":"38043","amount":"115900.0000000000","observations":null,"anotation":null,"type":"in","paymentMethod":"","status":"open","bankAccount":{"id":"2","name":"PAYU","type":"bank"},"client":{"id":"25463","name":"Alexa Ortiz","phone":"3205029633"},"invoices":[{"id":"38249","number":"40510","date":"2021-09-29","amount":115900,"total":115900,"balance":0}],"costCenter":null,"numberTemplate":{"id":"3","prefix":"","number":"38043","fullNumber":"38043","formattedNumber":"38043"}}
2021-09-29 06:35:19 :: ----------send data payment:38250------------
2021-09-29 06:35:19 :: {"date":"2021-09-29","invoices":[{"amount":"22600","id":"38250"}],"bankAccount":2}
2021-09-29 06:35:20 :: ----------result data payment:38250------------
2021-09-29 06:35:20 :: {"id":"39788","date":"2021-09-29","number":"38044","amount":"22600.0000000000","observations":null,"anotation":null,"type":"in","paymentMethod":"","status":"open","bankAccount":{"id":"2","name":"PAYU","type":"bank"},"client":{"id":"29704","name":"Claudia Alarc\u00f3n","phone":"3134830215"},"invoices":[{"id":"38250","number":"40511","date":"2021-09-29","amount":22600,"total":22600,"balance":0}],"costCenter":null,"numberTemplate":{"id":"3","prefix":"","number":"38044","fullNumber":"38044","formattedNumber":"38044"}}
2021-09-29 07:01:16 :: ----------send data payment:38251------------
2021-09-29 07:01:16 :: {"date":"2021-09-29","invoices":[{"amount":"66000","id":"38251"}],"bankAccount":2}
2021-09-29 07:20:04 :: ----------send data payment:38252------------
2021-09-29 07:20:04 :: {"date":"2021-09-29","invoices":[{"amount":"55000","id":"38252"}],"bankAccount":2}
2021-09-29 07:20:05 :: ----------result data payment:38252------------
2021-09-29 07:20:05 :: {"id":"39790","date":"2021-09-29","number":"38046","amount":"55000.0000000000","observations":null,"anotation":null,"type":"in","paymentMethod":"","status":"open","bankAccount":{"id":"2","name":"PAYU","type":"bank"},"client":{"id":"16181","name":"Alexandra Diaz","phone":"3183917469"},"invoices":[{"id":"38252","number":"40513","date":"2021-09-29","amount":55000,"total":55000,"balance":0}],"costCenter":null,"numberTemplate":{"id":"3","prefix":"","number":"38046","fullNumber":"38046","formattedNumber":"38046"}}
2021-09-29 07:25:17 :: ----------send data payment:38253------------
2021-09-29 07:25:17 :: {"date":"2021-09-29","invoices":[{"amount":"112997","id":"38253"}],"bankAccount":2}
2021-09-29 07:25:19 :: ----------result data payment:38253------------
2021-09-29 07:25:19 :: {"id":"39791","date":"2021-09-29","number":"38047","amount":"112997.0000000000","observations":null,"anotation":null,"type":"in","paymentMethod":"","status":"open","bankAccount":{"id":"2","name":"PAYU","type":"bank"},"client":{"id":"6487","name":"Andrea Guio","phone":"3212917510"},"invoices":[{"id":"38253","number":"40514","date":"2021-09-29","amount":112997,"total":112997,"balance":0}],"costCenter":null,"numberTemplate":{"id":"3","prefix":"","number":"38047","fullNumber":"38047","formattedNumber":"38047"}}
2021-09-29 07:28:20 :: ----------send data payment:38254------------
2021-09-29 07:28:20 :: {"date":"2021-09-29","invoices":[{"amount":"55000","id":"38254"}],"bankAccount":2}
2021-09-29 07:28:23 :: ----------result data payment:38254------------
2021-09-29 07:28:23 :: {"id":"39792","date":"2021-09-29","number":"38048","amount":"55000.0000000000","observations":null,"anotation":null,"type":"in","paymentMethod":"","status":"open","bankAccount":{"id":"2","name":"PAYU","type":"bank"},"client":{"id":"29706","name":"Sara Morales","phone":"3212042078"},"invoices":[{"id":"38254","number":"40515","date":"2021-09-29","amount":55000,"total":55000,"balance":0}],"costCenter":null,"numberTemplate":{"id":"3","prefix":"","number":"38048","fullNumber":"38048","formattedNumber":"38048"}}
2021-09-29 07:36:05 :: ----------send data payment:38255------------
2021-09-29 07:36:05 :: {"date":"2021-09-29","invoices":[{"amount":"105000","id":"38255"}],"bankAccount":2}
2021-09-29 07:36:06 :: ----------result data payment:38255------------
2021-09-29 07:36:06 :: {"id":"39793","date":"2021-09-29","number":"38049","amount":"105000.0000000000","observations":null,"anotation":null,"type":"in","paymentMethod":"","status":"open","bankAccount":{"id":"2","name":"PAYU","type":"bank"},"client":{"id":"29707","name":"Milena S\u00e1nchez Castellanos","phone":"3192938177"},"invoices":[{"id":"38255","number":"40516","date":"2021-09-29","amount":105000,"total":105000,"balance":0}],"costCenter":null,"numberTemplate":{"id":"3","prefix":"","number":"38049","fullNumber":"38049","formattedNumber":"38049"}}
2021-09-29 07:44:10 :: ----------send data payment:38256------------
2021-09-29 07:44:10 :: {"date":"2021-09-29","invoices":[{"amount":"43600","id":"38256"}],"bankAccount":2}
2021-09-29 07:44:11 :: ----------result data payment:38256------------
2021-09-29 07:44:11 :: {"id":"39794","date":"2021-09-29","number":"38050","amount":"43600.0000000000","observations":null,"anotation":null,"type":"in","paymentMethod":"","status":"open","bankAccount":{"id":"2","name":"PAYU","type":"bank"},"client":{"id":"29708","name":"Maria Katherin Prieto Giron","phone":"3124586425"},"invoices":[{"id":"38256","number":"40517","date":"2021-09-29","amount":43600,"total":43600,"balance":0}],"costCenter":null,"numberTemplate":{"id":"3","prefix":"","number":"38050","fullNumber":"38050","formattedNumber":"38050"}}
2021-09-29 08:13:07 :: ----------send data payment:38257------------
2021-09-29 08:13:07 :: {"date":"2021-09-29","invoices":[{"amount":"101999","id":"38257"}],"bankAccount":2}
2021-09-29 08:13:09 :: ----------result data payment:38257------------
2021-09-29 08:13:09 :: {"id":"39795","date":"2021-09-29","number":"38051","amount":"101999.0000000000","observations":null,"anotation":null,"type":"in","paymentMethod":"","status":"open","bankAccount":{"id":"2","name":"PAYU","type":"bank"},"client":{"id":"29709","name":"Karen Mora","phone":"3134768717"},"invoices":[{"id":"38257","number":"40518","date":"2021-09-29","amount":101999,"total":101999,"balance":0}],"costCenter":null,"numberTemplate":{"id":"3","prefix":"","number":"38051","fullNumber":"38051","formattedNumber":"38051"}}
2021-09-29 08:17:07 :: ----------send data payment:38258------------
2021-09-29 08:17:07 :: {"date":"2021-09-29","invoices":[{"amount":"70000","id":"38258"}],"bankAccount":2}
2021-09-29 08:17:09 :: ----------result data payment:38258------------
2021-09-29 08:17:09 :: {"id":"39796","date":"2021-09-29","number":"38052","amount":"70000.0000000000","observations":null,"anotation":null,"type":"in","paymentMethod":"","status":"open","bankAccount":{"id":"2","name":"PAYU","type":"bank"},"client":{"id":"29710","name":"Monica Jaramillo","phone":"6966861"},"invoices":[{"id":"38258","number":"40519","date":"2021-09-29","amount":70000,"total":70000,"balance":0}],"costCenter":null,"numberTemplate":{"id":"3","prefix":"","number":"38052","fullNumber":"38052","formattedNumber":"38052"}}
2021-09-29 09:02:03 :: ----------send data payment:38259------------
2021-09-29 09:02:03 :: {"date":"2021-09-29","invoices":[{"amount":"100000","id":"38259"}],"bankAccount":2}
2021-09-29 09:02:04 :: ----------result data payment:38259------------
2021-09-29 09:02:04 :: {"id":"39797","date":"2021-09-29","number":"38053","amount":"100000.0000000000","observations":null,"anotation":null,"type":"in","paymentMethod":"","status":"open","bankAccount":{"id":"2","name":"PAYU","type":"bank"},"client":{"id":"27985","name":"Ingrid yulieth Ca\u00f1on Espitia","phone":"3203226980"},"invoices":[{"id":"38259","number":"40520","date":"2021-09-29","amount":100000,"total":100000,"balance":0}],"costCenter":null,"numberTemplate":{"id":"3","prefix":"","number":"38053","fullNumber":"38053","formattedNumber":"38053"}}
2021-09-29 09:23:10 :: ----------send data payment:38260------------
2021-09-29 09:23:10 :: {"date":"2021-09-29","invoices":[{"amount":"90000","id":"38260"}],"bankAccount":2}
2021-09-29 09:23:11 :: ----------result data payment:38260------------
2021-09-29 09:23:11 :: {"id":"39798","date":"2021-09-29","number":"38054","amount":"90000.0000000000","observations":null,"anotation":null,"type":"in","paymentMethod":"","status":"open","bankAccount":{"id":"2","name":"PAYU","type":"bank"},"client":{"id":"29711","name":"Camilo Jos\u00e9 Bola\u00f1o Colina","phone":"3017492491"},"invoices":[{"id":"38260","number":"40521","date":"2021-09-29","amount":90000,"total":90000,"balance":0}],"costCenter":null,"numberTemplate":{"id":"3","prefix":"","number":"38054","fullNumber":"38054","formattedNumber":"38054"}}
2021-09-29 09:35:05 :: ----------send data payment:38261------------
2021-09-29 09:35:05 :: {"date":"2021-09-29","invoices":[{"amount":"110000","id":"38261"}],"bankAccount":2}
2021-09-29 09:35:06 :: ----------result data payment:38261------------
2021-09-29 09:35:06 :: {"id":"39799","date":"2021-09-29","number":"38055","amount":"110000.0000000000","observations":null,"anotation":null,"type":"in","paymentMethod":"","status":"open","bankAccount":{"id":"2","name":"PAYU","type":"bank"},"client":{"id":"29712","name":"jessica tatiana chaconmoreno","phone":"3168267049"},"invoices":[{"id":"38261","number":"40522","date":"2021-09-29","amount":110000,"total":110000,"balance":0}],"costCenter":null,"numberTemplate":{"id":"3","prefix":"","number":"38055","fullNumber":"38055","formattedNumber":"38055"}}
2021-09-29 09:57:06 :: ----------send data payment:38262------------
2021-09-29 09:57:06 :: {"date":"2021-09-29","invoices":[{"amount":"70000","id":"38262"}],"bankAccount":2}
2021-09-29 09:57:08 :: ----------result data payment:38262------------
2021-09-29 09:57:08 :: {"id":"39800","date":"2021-09-29","number":"38056","amount":"70000.0000000000","observations":null,"anotation":null,"type":"in","paymentMethod":"","status":"open","bankAccount":{"id":"2","name":"PAYU","type":"bank"},"client":{"id":"29713","name":"Laura Mena","phone":"3133385022"},"invoices":[{"id":"38262","number":"40523","date":"2021-09-29","amount":70000,"total":70000,"balance":0}],"costCenter":null,"numberTemplate":{"id":"3","prefix":"","number":"38056","fullNumber":"38056","formattedNumber":"38056"}}
2021-09-29 09:59:06 :: ----------send data payment:38263------------
2021-09-29 09:59:06 :: {"date":"2021-09-29","invoices":[{"amount":"121000","id":"38263"}],"bankAccount":2}
2021-09-29 09:59:08 :: ----------result data payment:38263------------
2021-09-29 09:59:08 :: {"id":"39801","date":"2021-09-29","number":"38057","amount":"121000.0000000000","observations":null,"anotation":null,"type":"in","paymentMethod":"","status":"open","bankAccount":{"id":"2","name":"PAYU","type":"bank"},"client":{"id":"29714","name":"cami.br8","phone":"3003333385"},"invoices":[{"id":"38263","number":"40524","date":"2021-09-29","amount":121000,"total":121000,"balance":0}],"costCenter":null,"numberTemplate":{"id":"3","prefix":"","number":"38057","fullNumber":"38057","formattedNumber":"38057"}}
2021-09-29 10:37:05 :: ----------send data payment:38264------------
2021-09-29 10:37:05 :: {"date":"2021-09-29","invoices":[{"amount":"49000","id":"38264"}],"bankAccount":2}
2021-09-29 10:37:06 :: ----------result data payment:38264------------
2021-09-29 10:37:06 :: {"id":"39802","date":"2021-09-29","number":"38058","amount":"49000.0000000000","observations":null,"anotation":null,"type":"in","paymentMethod":"","status":"open","bankAccount":{"id":"2","name":"PAYU","type":"bank"},"client":{"id":"26753","name":"Ana Sandoval","phone":"3183935542"},"invoices":[{"id":"38264","number":"40525","date":"2021-09-29","amount":49000,"total":49000,"balance":0}],"costCenter":null,"numberTemplate":{"id":"3","prefix":"","number":"38058","fullNumber":"38058","formattedNumber":"38058"}}
2021-09-29 11:04:05 :: ----------send data payment:38265------------
2021-09-29 11:04:05 :: {"date":"2021-09-29","invoices":[{"amount":"67600","id":"38265"}],"bankAccount":2}
2021-09-29 11:04:07 :: ----------result data payment:38265------------
2021-09-29 11:04:07 :: {"id":"39803","date":"2021-09-29","number":"38059","amount":"67600.0000000000","observations":null,"anotation":null,"type":"in","paymentMethod":"","status":"open","bankAccount":{"id":"2","name":"PAYU","type":"bank"},"client":{"id":"29715","name":"Zahian Barroso","phone":"3105388214"},"invoices":[{"id":"38265","number":"40526","date":"2021-09-29","amount":67600,"total":67600,"balance":0}],"costCenter":null,"numberTemplate":{"id":"3","prefix":"","number":"38059","fullNumber":"38059","formattedNumber":"38059"}}
2021-09-29 11:06:13 :: ----------send data payment:38266------------
2021-09-29 11:06:13 :: {"date":"2021-09-29","invoices":[{"amount":"30000","id":"38266"}],"bankAccount":2}
2021-09-29 11:06:14 :: ----------result data payment:38266------------
2021-09-29 11:06:14 :: {"id":"39804","date":"2021-09-29","number":"38060","amount":"30000.0000000000","observations":null,"anotation":null,"type":"in","paymentMethod":"","status":"open","bankAccount":{"id":"2","name":"PAYU","type":"bank"},"client":{"id":"29716","name":"Jennyfer Andrea Puerto","phone":"3144319760"},"invoices":[{"id":"38266","number":"40527","date":"2021-09-29","amount":30000,"total":30000,"balance":0}],"costCenter":null,"numberTemplate":{"id":"3","prefix":"","number":"38060","fullNumber":"38060","formattedNumber":"38060"}}