
2021-08-27 05:30:13 :: ----------send data payment:36643------------
2021-08-27 05:30:13 :: {"date":"2021-08-27","invoices":[{"amount":"71000","id":"36643"}],"bankAccount":2}
2021-08-27 05:30:14 :: ----------result data payment:36643------------
2021-08-27 05:30:14 :: {"id":"38107","date":"2021-08-27","number":"36443","amount":"71000.0000000000","observations":null,"anotation":null,"type":"in","paymentMethod":"","status":"open","bankAccount":{"id":"2","name":"PAYU","type":"bank"},"client":{"id":"15570","name":"Mar\u00eda del Rosario","phone":"3132617382"},"invoices":[{"id":"36643","number":"38904","date":"2021-08-27","amount":71000,"total":71000,"balance":0}],"costCenter":null,"numberTemplate":{"id":"3","prefix":"","number":"36443","fullNumber":"36443","formattedNumber":"36443"}}
2021-08-27 09:47:06 :: ----------send data payment:36645------------
2021-08-27 09:47:06 :: {"date":"2021-08-27","invoices":[{"amount":"30000","id":"36645"}],"bankAccount":2}
2021-08-27 09:47:08 :: ----------result data payment:36645------------
2021-08-27 09:47:08 :: {"id":"38109","date":"2021-08-27","number":"36445","amount":"30000.0000000000","observations":null,"anotation":null,"type":"in","paymentMethod":"","status":"open","bankAccount":{"id":"2","name":"PAYU","type":"bank"},"client":{"id":"28550","name":"Victoria Cardenas","phone":"3234181978"},"invoices":[{"id":"36645","number":"38906","date":"2021-08-27","amount":30000,"total":30000,"balance":0}],"costCenter":null,"numberTemplate":{"id":"3","prefix":"","number":"36445","fullNumber":"36445","formattedNumber":"36445"}}
2021-08-27 10:17:06 :: ----------send data payment:36646------------
2021-08-27 10:17:06 :: {"date":"2021-08-27","invoices":[{"amount":"30000","id":"36646"}],"bankAccount":2}
2021-08-27 10:17:08 :: ----------result data payment:36646------------
2021-08-27 10:17:08 :: {"id":"38110","date":"2021-08-27","number":"36446","amount":"30000.0000000000","observations":null,"anotation":null,"type":"in","paymentMethod":"","status":"open","bankAccount":{"id":"2","name":"PAYU","type":"bank"},"client":{"id":"28551","name":"Santiago Rondon","phone":"3144514992"},"invoices":[{"id":"36646","number":"38907","date":"2021-08-27","amount":30000,"total":30000,"balance":0}],"costCenter":null,"numberTemplate":{"id":"3","prefix":"","number":"36446","fullNumber":"36446","formattedNumber":"36446"}}
2021-08-27 11:34:05 :: ----------send data payment:36647------------
2021-08-27 11:34:05 :: {"date":"2021-08-27","invoices":[{"amount":"128001","id":"36647"}],"bankAccount":2}
2021-08-27 11:34:34 :: ----------result data payment:36647------------
2021-08-27 11:34:34 :: {"message": "Endpoint request timed out"}
2021-08-27 11:35:05 :: ----------send data payment:36648------------
2021-08-27 11:35:05 :: {"date":"2021-08-27","invoices":[{"amount":"25000","id":"36648"}],"bankAccount":2}
2021-08-27 11:35:07 :: ----------result data payment:36648------------
2021-08-27 11:35:07 :: {"id":"38114","date":"2021-08-27","number":"36448","amount":"25000.0000000000","observations":null,"anotation":null,"type":"in","paymentMethod":"","status":"open","bankAccount":{"id":"2","name":"PAYU","type":"bank"},"client":{"id":"28552","name":"Maria Fernanda Botero","phone":"3177524670"},"invoices":[{"id":"36648","number":"38909","date":"2021-08-27","amount":25000,"total":25000,"balance":0}],"costCenter":null,"numberTemplate":{"id":"3","prefix":"","number":"36448","fullNumber":"36448","formattedNumber":"36448"}}
2021-08-27 11:48:06 :: ----------send data payment:36649------------
2021-08-27 11:48:06 :: {"date":"2021-08-27","invoices":[{"amount":"80001","id":"36649"}],"bankAccount":2}
2021-08-27 11:48:07 :: ----------result data payment:36649------------
2021-08-27 11:48:07 :: {"id":"38115","date":"2021-08-27","number":"36449","amount":"80001.0000000000","observations":null,"anotation":null,"type":"in","paymentMethod":"","status":"open","bankAccount":{"id":"2","name":"PAYU","type":"bank"},"client":{"id":"28553","name":"Mariana Alejandra Cruz Pedraza","phone":"3015933049"},"invoices":[{"id":"36649","number":"38910","date":"2021-08-27","amount":80001,"total":80001,"balance":0}],"costCenter":null,"numberTemplate":{"id":"3","prefix":"","number":"36449","fullNumber":"36449","formattedNumber":"36449"}}
2021-08-27 12:02:06 :: ----------send data payment:36650------------
2021-08-27 12:02:06 :: {"date":"2021-08-27","invoices":[{"amount":"102601","id":"36650"}],"bankAccount":2}
2021-08-27 12:02:35 :: ----------result data payment:36650------------
2021-08-27 12:02:35 :: {"message": "Endpoint request timed out"}
2021-08-27 12:29:05 :: ----------send data payment:36651------------
2021-08-27 12:29:05 :: {"date":"2021-08-27","invoices":[{"amount":"157000","id":"36651"}],"bankAccount":2}
2021-08-27 12:29:07 :: ----------result data payment:36651------------
2021-08-27 12:29:07 :: {"id":"38118","date":"2021-08-27","number":"36451","amount":"157000.0000000000","observations":null,"anotation":null,"type":"in","paymentMethod":"","status":"open","bankAccount":{"id":"2","name":"PAYU","type":"bank"},"client":{"id":"28555","name":"vale gutierrez","phone":"3154802875"},"invoices":[{"id":"36651","number":"38912","date":"2021-08-27","amount":157000,"total":157000,"balance":0}],"costCenter":null,"numberTemplate":{"id":"3","prefix":"","number":"36451","fullNumber":"36451","formattedNumber":"36451"}}
2021-08-27 12:53:05 :: ----------send data payment:36652------------
2021-08-27 12:53:05 :: {"date":"2021-08-27","invoices":[{"amount":"70000","id":"36652"}],"bankAccount":2}
2021-08-27 12:53:06 :: ----------result data payment:36652------------
2021-08-27 12:53:06 :: {"id":"38119","date":"2021-08-27","number":"36452","amount":"70000.0000000000","observations":null,"anotation":null,"type":"in","paymentMethod":"","status":"open","bankAccount":{"id":"2","name":"PAYU","type":"bank"},"client":{"id":"28556","name":"Lida ocampo","phone":"3207745281"},"invoices":[{"id":"36652","number":"38913","date":"2021-08-27","amount":70000,"total":70000,"balance":0}],"costCenter":null,"numberTemplate":{"id":"3","prefix":"","number":"36452","fullNumber":"36452","formattedNumber":"36452"}}
2021-08-27 12:56:10 :: ----------send data payment:36653------------
2021-08-27 12:56:10 :: {"date":"2021-08-27","invoices":[{"amount":"63000","id":"36653"}],"bankAccount":2}
2021-08-27 12:56:12 :: ----------result data payment:36653------------
2021-08-27 12:56:12 :: {"id":"38120","date":"2021-08-27","number":"36453","amount":"63000.0000000000","observations":null,"anotation":null,"type":"in","paymentMethod":"","status":"open","bankAccount":{"id":"2","name":"PAYU","type":"bank"},"client":{"id":"28557","name":"Omaira Torres Buenahora","phone":"3008423037"},"invoices":[{"id":"36653","number":"38914","date":"2021-08-27","amount":63000,"total":63000,"balance":0}],"costCenter":null,"numberTemplate":{"id":"3","prefix":"","number":"36453","fullNumber":"36453","formattedNumber":"36453"}}
2021-08-27 01:00:08 :: ----------send data payment:36654------------
2021-08-27 01:00:08 :: {"date":"2021-08-27","invoices":[{"amount":"112000","id":"36654"}],"bankAccount":2}
2021-08-27 01:00:10 :: ----------result data payment:36654------------
2021-08-27 01:00:10 :: {"id":"38121","date":"2021-08-27","number":"36454","amount":"112000.0000000000","observations":null,"anotation":null,"type":"in","paymentMethod":"","status":"open","bankAccount":{"id":"2","name":"PAYU","type":"bank"},"client":{"id":"867","name":"Maribel Bonilla","phone":"3132794309"},"invoices":[{"id":"36654","number":"38915","date":"2021-08-27","amount":112000,"total":112000,"balance":0}],"costCenter":null,"numberTemplate":{"id":"3","prefix":"","number":"36454","fullNumber":"36454","formattedNumber":"36454"}}
2021-08-27 01:55:05 :: ----------send data payment:36656------------
2021-08-27 01:55:05 :: {"date":"2021-08-27","invoices":[{"amount":"94999","id":"36656"}],"bankAccount":2}
2021-08-27 01:55:07 :: ----------result data payment:36656------------
2021-08-27 01:55:07 :: {"id":"38123","date":"2021-08-27","number":"36456","amount":"94999.0000000000","observations":null,"anotation":null,"type":"in","paymentMethod":"","status":"open","bankAccount":{"id":"2","name":"PAYU","type":"bank"},"client":{"id":"18706","name":"Natalia Andrea Torres","phone":"3106699735"},"invoices":[{"id":"36656","number":"38917","date":"2021-08-27","amount":94999,"total":94999,"balance":0}],"costCenter":null,"numberTemplate":{"id":"3","prefix":"","number":"36456","fullNumber":"36456","formattedNumber":"36456"}}
2021-08-27 02:03:05 :: ----------send data payment:36657------------
2021-08-27 02:03:05 :: {"date":"2021-08-27","invoices":[{"amount":"36600","id":"36657"}],"bankAccount":2}
2021-08-27 02:03:07 :: ----------result data payment:36657------------
2021-08-27 02:03:07 :: {"id":"38124","date":"2021-08-27","number":"36457","amount":"36600.0000000000","observations":null,"anotation":null,"type":"in","paymentMethod":"","status":"open","bankAccount":{"id":"2","name":"PAYU","type":"bank"},"client":{"id":"28558","name":"Laura Marcela Torres","phone":"3146346963"},"invoices":[{"id":"36657","number":"38918","date":"2021-08-27","amount":36600,"total":36600,"balance":0}],"costCenter":null,"numberTemplate":{"id":"3","prefix":"","number":"36457","fullNumber":"36457","formattedNumber":"36457"}}
2021-08-27 02:37:04 :: ----------send data payment:36659------------
2021-08-27 02:37:04 :: {"date":"2021-08-27","invoices":[{"amount":"90000","id":"36659"}],"bankAccount":2}
2021-08-27 02:37:06 :: ----------result data payment:36659------------
2021-08-27 02:37:06 :: {"id":"38126","date":"2021-08-27","number":"36459","amount":"90000.0000000000","observations":null,"anotation":null,"type":"in","paymentMethod":"","status":"open","bankAccount":{"id":"2","name":"PAYU","type":"bank"},"client":{"id":"16618","name":"Julian Arango V\u00e1squez","phone":"3127650969"},"invoices":[{"id":"36659","number":"38920","date":"2021-08-27","amount":90000,"total":90000,"balance":0}],"costCenter":null,"numberTemplate":{"id":"3","prefix":"","number":"36459","fullNumber":"36459","formattedNumber":"36459"}}
2021-08-27 02:41:10 :: ----------send data payment:36660------------
2021-08-27 02:41:10 :: {"date":"2021-08-27","invoices":[{"amount":"118998","id":"36660"}],"bankAccount":2}
2021-08-27 02:41:12 :: ----------result data payment:36660------------
2021-08-27 02:41:12 :: {"id":"38127","date":"2021-08-27","number":"36460","amount":"118998.0000000000","observations":null,"anotation":null,"type":"in","paymentMethod":"","status":"open","bankAccount":{"id":"2","name":"PAYU","type":"bank"},"client":{"id":"13405","name":"Natalia Andrea Bueno Pizarro","phone":"3147712800"},"invoices":[{"id":"36660","number":"38921","date":"2021-08-27","amount":118998,"total":118998,"balance":0}],"costCenter":null,"numberTemplate":{"id":"3","prefix":"","number":"36460","fullNumber":"36460","formattedNumber":"36460"}}
2021-08-27 03:48:08 :: ----------send data payment:36661------------
2021-08-27 03:48:08 :: {"date":"2021-08-27","invoices":[{"amount":"86001","id":"36661"}],"bankAccount":2}
2021-08-27 03:48:11 :: ----------result data payment:36661------------
2021-08-27 03:48:11 :: {"id":"38128","date":"2021-08-27","number":"36461","amount":"86001.0000000000","observations":null,"anotation":null,"type":"in","paymentMethod":"","status":"open","bankAccount":{"id":"2","name":"PAYU","type":"bank"},"client":{"id":"14993","name":"Yelent campo","phone":"3016222904"},"invoices":[{"id":"36661","number":"38922","date":"2021-08-27","amount":86001,"total":86001,"balance":0}],"costCenter":null,"numberTemplate":{"id":"3","prefix":"","number":"36461","fullNumber":"36461","formattedNumber":"36461"}}
2021-08-27 03:48:12 :: ----------send data payment:36662------------
2021-08-27 03:48:12 :: {"date":"2021-08-27","invoices":[{"amount":"100000","id":"36662"}],"bankAccount":2}
2021-08-27 03:48:14 :: ----------result data payment:36662------------
2021-08-27 03:48:14 :: {"id":"38129","date":"2021-08-27","number":"36462","amount":"100000.0000000000","observations":null,"anotation":null,"type":"in","paymentMethod":"","status":"open","bankAccount":{"id":"2","name":"PAYU","type":"bank"},"client":{"id":"2913","name":"danielagonzalezadmon","phone":"3178945226"},"invoices":[{"id":"36662","number":"38923","date":"2021-08-27","amount":100000,"total":100000,"balance":0}],"costCenter":null,"numberTemplate":{"id":"3","prefix":"","number":"36462","fullNumber":"36462","formattedNumber":"36462"}}
2021-08-27 04:13:05 :: ----------send data payment:36663------------
2021-08-27 04:13:05 :: {"date":"2021-08-27","invoices":[{"amount":"70000","id":"36663"}],"bankAccount":2}
2021-08-27 04:13:06 :: ----------result data payment:36663------------
2021-08-27 04:13:06 :: {"id":"38130","date":"2021-08-27","number":"36463","amount":"70000.0000000000","observations":null,"anotation":null,"type":"in","paymentMethod":"","status":"open","bankAccount":{"id":"2","name":"PAYU","type":"bank"},"client":{"id":"14812","name":"Consuelo Scovino","phone":"3164679220"},"invoices":[{"id":"36663","number":"38924","date":"2021-08-27","amount":70000,"total":70000,"balance":0}],"costCenter":null,"numberTemplate":{"id":"3","prefix":"","number":"36463","fullNumber":"36463","formattedNumber":"36463"}}
2021-08-27 04:18:05 :: ----------send data payment:36664------------
2021-08-27 04:18:05 :: {"date":"2021-08-27","invoices":[{"amount":"110000","id":"36664"}],"bankAccount":2}
2021-08-27 04:18:08 :: ----------result data payment:36664------------
2021-08-27 04:18:08 :: {"id":"38131","date":"2021-08-27","number":"36464","amount":"110000.0000000000","observations":null,"anotation":null,"type":"in","paymentMethod":"","status":"open","bankAccount":{"id":"2","name":"PAYU","type":"bank"},"client":{"id":"28559","name":"Juliana Martinez Ducuara","phone":"3023433928"},"invoices":[{"id":"36664","number":"38925","date":"2021-08-27","amount":110000,"total":110000,"balance":0}],"costCenter":null,"numberTemplate":{"id":"3","prefix":"","number":"36464","fullNumber":"36464","formattedNumber":"36464"}}
2021-08-27 04:33:07 :: ----------send data payment:36665------------
2021-08-27 04:33:07 :: {"date":"2021-08-27","invoices":[{"amount":"79999","id":"36665"}],"bankAccount":2}
2021-08-27 04:33:09 :: ----------result data payment:36665------------
2021-08-27 04:33:09 :: {"id":"38132","date":"2021-08-27","number":"36465","amount":"79999.0000000000","observations":null,"anotation":null,"type":"in","paymentMethod":"","status":"open","bankAccount":{"id":"2","name":"PAYU","type":"bank"},"client":{"id":"28560","name":"Steffany Liliana Ca\u00f1on","phone":"3013614086"},"invoices":[{"id":"36665","number":"38926","date":"2021-08-27","amount":79999,"total":79999,"balance":0}],"costCenter":null,"numberTemplate":{"id":"3","prefix":"","number":"36465","fullNumber":"36465","formattedNumber":"36465"}}
2021-08-27 05:05:06 :: ----------send data payment:36666------------
2021-08-27 05:05:06 :: {"date":"2021-08-27","invoices":[{"amount":"100000","id":"36666"}],"bankAccount":2}
2021-08-27 05:05:08 :: ----------result data payment:36666------------
2021-08-27 05:05:08 :: {"id":"38133","date":"2021-08-27","number":"36466","amount":"100000.0000000000","observations":null,"anotation":null,"type":"in","paymentMethod":"","status":"open","bankAccount":{"id":"2","name":"PAYU","type":"bank"},"client":{"id":"28561","name":"Paula Andrea\u2079","phone":"3184093744"},"invoices":[{"id":"36666","number":"38927","date":"2021-08-27","amount":100000,"total":100000,"balance":0}],"costCenter":null,"numberTemplate":{"id":"3","prefix":"","number":"36466","fullNumber":"36466","formattedNumber":"36466"}}
2021-08-27 05:22:05 :: ----------send data payment:36667------------
2021-08-27 05:22:05 :: {"date":"2021-08-27","invoices":[{"amount":"119999","id":"36667"}],"bankAccount":2}
2021-08-27 05:22:07 :: ----------result data payment:36667------------
2021-08-27 05:22:07 :: {"id":"38134","date":"2021-08-27","number":"36467","amount":"119999.0000000000","observations":null,"anotation":null,"type":"in","paymentMethod":"","status":"open","bankAccount":{"id":"2","name":"PAYU","type":"bank"},"client":{"id":"28562","name":"Lina Maria Nieto Ortiz","phone":"3015755477"},"invoices":[{"id":"36667","number":"38928","date":"2021-08-27","amount":119999,"total":119999,"balance":0}],"costCenter":null,"numberTemplate":{"id":"3","prefix":"","number":"36467","fullNumber":"36467","formattedNumber":"36467"}}
2021-08-27 05:41:08 :: ----------send data payment:36668------------
2021-08-27 05:41:08 :: {"date":"2021-08-27","invoices":[{"amount":"170000","id":"36668"}],"bankAccount":2}
2021-08-27 05:41:09 :: ----------result data payment:36668------------
2021-08-27 05:41:09 :: {"id":"38135","date":"2021-08-27","number":"36468","amount":"170000.0000000000","observations":null,"anotation":null,"type":"in","paymentMethod":"","status":"open","bankAccount":{"id":"2","name":"PAYU","type":"bank"},"client":{"id":"25911","name":"Alejandra Agudelo","phone":"3023795493"},"invoices":[{"id":"36668","number":"38929","date":"2021-08-27","amount":170000,"total":170000,"balance":0}],"costCenter":null,"numberTemplate":{"id":"3","prefix":"","number":"36468","fullNumber":"36468","formattedNumber":"36468"}}
2021-08-27 05:59:04 :: ----------send data payment:36669------------
2021-08-27 05:59:04 :: {"date":"2021-08-27","invoices":[{"amount":"47000","id":"36669"}],"bankAccount":2}
2021-08-27 05:59:05 :: ----------result data payment:36669------------
2021-08-27 05:59:05 :: {"id":"38136","date":"2021-08-27","number":"36469","amount":"47000.0000000000","observations":null,"anotation":null,"type":"in","paymentMethod":"","status":"open","bankAccount":{"id":"2","name":"PAYU","type":"bank"},"client":{"id":"28563","name":"Valentina upegui","phone":"3104564496"},"invoices":[{"id":"36669","number":"38930","date":"2021-08-27","amount":47000,"total":47000,"balance":0}],"costCenter":null,"numberTemplate":{"id":"3","prefix":"","number":"36469","fullNumber":"36469","formattedNumber":"36469"}}
2021-08-27 06:09:05 :: ----------send data payment:36670------------
2021-08-27 06:09:05 :: {"date":"2021-08-27","invoices":[{"amount":"43000","id":"36670"}],"bankAccount":2}
2021-08-27 06:09:06 :: ----------result data payment:36670------------
2021-08-27 06:09:06 :: {"id":"38137","date":"2021-08-27","number":"36470","amount":"43000.0000000000","observations":null,"anotation":null,"type":"in","paymentMethod":"","status":"open","bankAccount":{"id":"2","name":"PAYU","type":"bank"},"client":{"id":"28564","name":"Natalia Wilches","phone":"3153886098"},"invoices":[{"id":"36670","number":"38931","date":"2021-08-27","amount":43000,"total":43000,"balance":0}],"costCenter":null,"numberTemplate":{"id":"3","prefix":"","number":"36470","fullNumber":"36470","formattedNumber":"36470"}}
2021-08-27 06:11:04 :: ----------send data payment:36671------------
2021-08-27 06:11:04 :: {"date":"2021-08-27","invoices":[{"amount":"168997","id":"36671"}],"bankAccount":2}
2021-08-27 06:11:06 :: ----------result data payment:36671------------
2021-08-27 06:11:06 :: {"id":"38138","date":"2021-08-27","number":"36471","amount":"168997.0000000000","observations":null,"anotation":null,"type":"in","paymentMethod":"","status":"open","bankAccount":{"id":"2","name":"PAYU","type":"bank"},"client":{"id":"19236","name":"Diana Carolina Pulido Floriano","phone":"3143305645"},"invoices":[{"id":"36671","number":"38932","date":"2021-08-27","amount":168997,"total":168997,"balance":0}],"costCenter":null,"numberTemplate":{"id":"3","prefix":"","number":"36471","fullNumber":"36471","formattedNumber":"36471"}}
2021-08-27 06:30:11 :: ----------send data payment:36672------------
2021-08-27 06:30:11 :: {"date":"2021-08-27","invoices":[{"amount":"60000","id":"36672"}],"bankAccount":2}
2021-08-27 06:30:13 :: ----------result data payment:36672------------
2021-08-27 06:30:13 :: {"id":"38139","date":"2021-08-27","number":"36472","amount":"60000.0000000000","observations":null,"anotation":null,"type":"in","paymentMethod":"","status":"open","bankAccount":{"id":"2","name":"PAYU","type":"bank"},"client":{"id":"28565","name":"Mariana Casas Hern\u00e1ndez","phone":"3007585700"},"invoices":[{"id":"36672","number":"38933","date":"2021-08-27","amount":60000,"total":60000,"balance":0}],"costCenter":null,"numberTemplate":{"id":"3","prefix":"","number":"36472","fullNumber":"36472","formattedNumber":"36472"}}
2021-08-27 06:33:04 :: ----------send data payment:36673------------
2021-08-27 06:33:04 :: {"date":"2021-08-27","invoices":[{"amount":"22600","id":"36673"}],"bankAccount":2}
2021-08-27 06:33:06 :: ----------result data payment:36673------------
2021-08-27 06:33:06 :: {"id":"38140","date":"2021-08-27","number":"36473","amount":"22600.0000000000","observations":null,"anotation":null,"type":"in","paymentMethod":"","status":"open","bankAccount":{"id":"2","name":"PAYU","type":"bank"},"client":{"id":"28566","name":"Ashly carolina","phone":"3005235721"},"invoices":[{"id":"36673","number":"38934","date":"2021-08-27","amount":22600,"total":22600,"balance":0}],"costCenter":null,"numberTemplate":{"id":"3","prefix":"","number":"36473","fullNumber":"36473","formattedNumber":"36473"}}
2021-08-27 08:16:08 :: ----------send data payment:36674------------
2021-08-27 08:16:08 :: {"date":"2021-08-27","invoices":[{"amount":"42000","id":"36674"}],"bankAccount":2}
2021-08-27 08:16:10 :: ----------result data payment:36674------------
2021-08-27 08:16:10 :: {"id":"38142","date":"2021-08-27","number":"36474","amount":"42000.0000000000","observations":null,"anotation":null,"type":"in","paymentMethod":"","status":"open","bankAccount":{"id":"2","name":"PAYU","type":"bank"},"client":{"id":"22734","name":"Ivonne Romero","phone":"3505384873"},"invoices":[{"id":"36674","number":"38935","date":"2021-08-27","amount":42000,"total":42000,"balance":0}],"costCenter":null,"numberTemplate":{"id":"3","prefix":"","number":"36474","fullNumber":"36474","formattedNumber":"36474"}}
2021-08-27 08:27:06 :: ----------send data payment:36675------------
2021-08-27 08:27:06 :: {"date":"2021-08-27","invoices":[{"amount":"277000","id":"36675"}],"bankAccount":2}
2021-08-27 08:27:08 :: ----------result data payment:36675------------
2021-08-27 08:27:08 :: {"id":"38143","date":"2021-08-27","number":"36475","amount":"277000.0000000000","observations":null,"anotation":null,"type":"in","paymentMethod":"","status":"open","bankAccount":{"id":"2","name":"PAYU","type":"bank"},"client":{"id":"28567","name":"Karin Pinz\u00f3n","phone":"3214420902"},"invoices":[{"id":"36675","number":"38936","date":"2021-08-27","amount":277000,"total":277000,"balance":0}],"costCenter":null,"numberTemplate":{"id":"3","prefix":"","number":"36475","fullNumber":"36475","formattedNumber":"36475"}}
2021-08-27 08:50:05 :: ----------send data payment:36676------------
2021-08-27 08:50:05 :: {"date":"2021-08-27","invoices":[{"amount":"35000","id":"36676"}],"bankAccount":2}
2021-08-27 08:50:07 :: ----------result data payment:36676------------
2021-08-27 08:50:07 :: {"id":"38144","date":"2021-08-27","number":"36476","amount":"35000.0000000000","observations":null,"anotation":null,"type":"in","paymentMethod":"","status":"open","bankAccount":{"id":"2","name":"PAYU","type":"bank"},"client":{"id":"28568","name":"Karol Bermudez","phone":"3123772760"},"invoices":[{"id":"36676","number":"38937","date":"2021-08-27","amount":35000,"total":35000,"balance":0}],"costCenter":null,"numberTemplate":{"id":"3","prefix":"","number":"36476","fullNumber":"36476","formattedNumber":"36476"}}
2021-08-27 08:55:12 :: ----------send data payment:36677------------
2021-08-27 08:55:12 :: {"date":"2021-08-27","invoices":[{"amount":"120000","id":"36677"}],"bankAccount":2}
2021-08-27 08:55:13 :: ----------result data payment:36677------------
2021-08-27 08:55:13 :: {"id":"38145","date":"2021-08-27","number":"36477","amount":"120000.0000000000","observations":null,"anotation":null,"type":"in","paymentMethod":"","status":"open","bankAccount":{"id":"2","name":"PAYU","type":"bank"},"client":{"id":"28569","name":"Gianny","phone":"3023310278"},"invoices":[{"id":"36677","number":"38938","date":"2021-08-27","amount":120000,"total":120000,"balance":0}],"costCenter":null,"numberTemplate":{"id":"3","prefix":"","number":"36477","fullNumber":"36477","formattedNumber":"36477"}}
2021-08-27 10:39:05 :: ----------send data payment:36678------------
2021-08-27 10:39:05 :: {"date":"2021-08-27","invoices":[{"amount":"100001","id":"36678"}],"bankAccount":2}
2021-08-27 10:39:06 :: ----------result data payment:36678------------
2021-08-27 10:39:06 :: {"id":"38146","date":"2021-08-27","number":"36478","amount":"100001.0000000000","observations":null,"anotation":null,"type":"in","paymentMethod":"","status":"open","bankAccount":{"id":"2","name":"PAYU","type":"bank"},"client":{"id":"28570","name":"Liz Lopera","phone":"3137505564"},"invoices":[{"id":"36678","number":"38939","date":"2021-08-27","amount":100001,"total":100001,"balance":0}],"costCenter":null,"numberTemplate":{"id":"3","prefix":"","number":"36478","fullNumber":"36478","formattedNumber":"36478"}}
2021-08-27 10:58:05 :: ----------send data payment:36679------------
2021-08-27 10:58:05 :: {"date":"2021-08-27","invoices":[{"amount":"70000","id":"36679"}],"bankAccount":2}
2021-08-27 10:58:06 :: ----------result data payment:36679------------
2021-08-27 10:58:06 :: {"id":"38147","date":"2021-08-27","number":"36479","amount":"70000.0000000000","observations":null,"anotation":null,"type":"in","paymentMethod":"","status":"open","bankAccount":{"id":"2","name":"PAYU","type":"bank"},"client":{"id":"28571","name":"Mateo andres Perez mendoza","phone":"3054661720"},"invoices":[{"id":"36679","number":"38940","date":"2021-08-27","amount":70000,"total":70000,"balance":0}],"costCenter":null,"numberTemplate":{"id":"3","prefix":"","number":"36479","fullNumber":"36479","formattedNumber":"36479"}}
2021-08-27 11:11:08 :: ----------send data payment:36680------------
2021-08-27 11:11:08 :: {"date":"2021-08-27","invoices":[{"amount":"70000","id":"36680"}],"bankAccount":2}
2021-08-27 11:11:09 :: ----------result data payment:36680------------
2021-08-27 11:11:09 :: {"id":"38148","date":"2021-08-27","number":"36480","amount":"70000.0000000000","observations":null,"anotation":null,"type":"in","paymentMethod":"","status":"open","bankAccount":{"id":"2","name":"PAYU","type":"bank"},"client":{"id":"28572","name":"Natalia Santamaria Castiblanco","phone":"3176587565"},"invoices":[{"id":"36680","number":"38941","date":"2021-08-27","amount":70000,"total":70000,"balance":0}],"costCenter":null,"numberTemplate":{"id":"3","prefix":"","number":"36480","fullNumber":"36480","formattedNumber":"36480"}}