
2021-02-07 10:05:11 :: ----------send data payment:27411------------
2021-02-07 10:05:11 :: {"date":"2021-02-07","invoices":[{"amount":"214999","id":"27411"}],"bankAccount":2}
2021-02-07 10:05:12 :: ----------result data payment:27411------------
2021-02-07 10:05:12 :: {"id":"28432","date":"2021-02-07","number":"27262","amount":"214999.0000000000","observations":null,"anotation":null,"type":"in","paymentMethod":"","status":"open","bankAccount":{"id":"2","name":"PAYU","type":"bank"},"client":{"id":"22004","name":"shirley diaz","phone":"3016415444"},"invoices":[{"id":"27411","number":"29672","date":"2021-02-07","amount":214999,"total":214999,"balance":0}],"costCenter":null,"numberTemplate":{"id":"3","prefix":"","number":"27262"}}
2021-02-07 10:20:13 :: ----------send data payment:27412------------
2021-02-07 10:20:13 :: {"date":"2021-02-07","invoices":[{"amount":"48000","id":"27412"}],"bankAccount":2}
2021-02-07 10:20:14 :: ----------result data payment:27412------------
2021-02-07 10:20:14 :: {"id":"28433","date":"2021-02-07","number":"27263","amount":"48000.0000000000","observations":null,"anotation":null,"type":"in","paymentMethod":"","status":"open","bankAccount":{"id":"2","name":"PAYU","type":"bank"},"client":{"id":"22005","name":"Diana Castillo Trujillo","phone":"3006772913"},"invoices":[{"id":"27412","number":"29673","date":"2021-02-07","amount":48000,"total":48000,"balance":0}],"costCenter":null,"numberTemplate":{"id":"3","prefix":"","number":"27263"}}
2021-02-07 10:30:12 :: ----------send data payment:27413------------
2021-02-07 10:30:12 :: {"date":"2021-02-07","invoices":[{"amount":"139999","id":"27413"}],"bankAccount":2}
2021-02-07 10:30:14 :: ----------result data payment:27413------------
2021-02-07 10:30:14 :: {"id":"28434","date":"2021-02-07","number":"27264","amount":"139999.0000000000","observations":null,"anotation":null,"type":"in","paymentMethod":"","status":"open","bankAccount":{"id":"2","name":"PAYU","type":"bank"},"client":{"id":"22006","name":"Alejandra Carrascal","phone":"3002231935"},"invoices":[{"id":"27413","number":"29674","date":"2021-02-07","amount":139999,"total":139999,"balance":0}],"costCenter":null,"numberTemplate":{"id":"3","prefix":"","number":"27264"}}
2021-02-07 10:45:13 :: ----------send data payment:27414------------
2021-02-07 10:45:13 :: {"date":"2021-02-07","invoices":[{"amount":"159998","id":"27414"}],"bankAccount":2}
2021-02-07 10:45:14 :: ----------result data payment:27414------------
2021-02-07 10:45:14 :: {"id":"28435","date":"2021-02-07","number":"27265","amount":"159998.0000000000","observations":null,"anotation":null,"type":"in","paymentMethod":"","status":"open","bankAccount":{"id":"2","name":"PAYU","type":"bank"},"client":{"id":"22007","name":"Milena Escobar","phone":"3057043050"},"invoices":[{"id":"27414","number":"29675","date":"2021-02-07","amount":159998,"total":159998,"balance":0}],"costCenter":null,"numberTemplate":{"id":"3","prefix":"","number":"27265"}}
2021-02-07 10:55:09 :: ----------send data payment:27415------------
2021-02-07 10:55:09 :: {"date":"2021-02-07","invoices":[{"amount":"109999","id":"27415"}],"bankAccount":2}
2021-02-07 10:55:11 :: ----------result data payment:27415------------
2021-02-07 10:55:11 :: {"id":"28436","date":"2021-02-07","number":"27266","amount":"109999.0000000000","observations":null,"anotation":null,"type":"in","paymentMethod":"","status":"open","bankAccount":{"id":"2","name":"PAYU","type":"bank"},"client":{"id":"22008","name":"Maria L\u00f3pez Leon","phone":"3156982537"},"invoices":[{"id":"27415","number":"29676","date":"2021-02-07","amount":109999,"total":109999,"balance":0}],"costCenter":null,"numberTemplate":{"id":"3","prefix":"","number":"27266"}}
2021-02-07 11:30:19 :: ----------send data payment:27416------------
2021-02-07 11:30:19 :: {"date":"2021-02-07","invoices":[{"amount":"103000","id":"27416"}],"bankAccount":2}
2021-02-07 11:30:20 :: ----------result data payment:27416------------
2021-02-07 11:30:20 :: {"id":"28437","date":"2021-02-07","number":"27267","amount":"103000.0000000000","observations":null,"anotation":null,"type":"in","paymentMethod":"","status":"open","bankAccount":{"id":"2","name":"PAYU","type":"bank"},"client":{"id":"16100","name":"Mar\u00eda Isabel Bolivar","phone":"3174031105"},"invoices":[{"id":"27416","number":"29677","date":"2021-02-07","amount":103000,"total":103000,"balance":0}],"costCenter":null,"numberTemplate":{"id":"3","prefix":"","number":"27267"}}
2021-02-07 11:35:19 :: ----------send data payment:27417------------
2021-02-07 11:35:19 :: {"date":"2021-02-07","invoices":[{"amount":"106000","id":"27417"}],"bankAccount":2}
2021-02-07 11:35:20 :: ----------result data payment:27417------------
2021-02-07 11:35:20 :: {"id":"28438","date":"2021-02-07","number":"27268","amount":"106000.0000000000","observations":null,"anotation":null,"type":"in","paymentMethod":"","status":"open","bankAccount":{"id":"2","name":"PAYU","type":"bank"},"client":{"id":"22009","name":"Paula Andrea Mancipe Gonz\u00e1lez","phone":"3222348812"},"invoices":[{"id":"27417","number":"29678","date":"2021-02-07","amount":106000,"total":106000,"balance":0}],"costCenter":null,"numberTemplate":{"id":"3","prefix":"","number":"27268"}}
2021-02-07 12:15:11 :: ----------send data payment:27418------------
2021-02-07 12:15:11 :: {"date":"2021-02-07","invoices":[{"amount":"14000","id":"27418"}],"bankAccount":2}
2021-02-07 12:15:16 :: ----------result data payment:27418------------
2021-02-07 12:15:16 :: {"id":"28439","date":"2021-02-07","number":"27269","amount":"14000.0000000000","observations":null,"anotation":null,"type":"in","paymentMethod":"","status":"open","bankAccount":{"id":"2","name":"PAYU","type":"bank"},"client":{"id":"22010","name":"Isabella Meneses","phone":"3164181445"},"invoices":[{"id":"27418","number":"29679","date":"2021-02-07","amount":14000,"total":14000,"balance":0}],"costCenter":null,"numberTemplate":{"id":"3","prefix":"","number":"27269"}}
2021-02-07 12:35:10 :: ----------send data payment:27419------------
2021-02-07 12:35:10 :: {"date":"2021-02-07","invoices":[{"amount":"25000","id":"27419"}],"bankAccount":2}
2021-02-07 12:35:11 :: ----------result data payment:27419------------
2021-02-07 12:35:11 :: {"id":"28440","date":"2021-02-07","number":"27270","amount":"25000.0000000000","observations":null,"anotation":null,"type":"in","paymentMethod":"","status":"open","bankAccount":{"id":"2","name":"PAYU","type":"bank"},"client":{"id":"22011","name":"Laddy Cabu","phone":"3156813322"},"invoices":[{"id":"27419","number":"29680","date":"2021-02-07","amount":25000,"total":25000,"balance":0}],"costCenter":null,"numberTemplate":{"id":"3","prefix":"","number":"27270"}}
2021-02-07 12:50:14 :: ----------send data payment:27420------------
2021-02-07 12:50:14 :: {"date":"2021-02-07","invoices":[{"amount":"54001","id":"27420"}],"bankAccount":2}
2021-02-07 12:50:15 :: ----------result data payment:27420------------
2021-02-07 12:50:15 :: {"id":"28441","date":"2021-02-07","number":"27271","amount":"54001.0000000000","observations":null,"anotation":null,"type":"in","paymentMethod":"","status":"open","bankAccount":{"id":"2","name":"PAYU","type":"bank"},"client":{"id":"22012","name":"daniela2909","phone":"3113660004"},"invoices":[{"id":"27420","number":"29681","date":"2021-02-07","amount":54001,"total":54001,"balance":0}],"costCenter":null,"numberTemplate":{"id":"3","prefix":"","number":"27271"}}
2021-02-07 12:50:18 :: ----------send data payment:27421------------
2021-02-07 12:50:18 :: {"date":"2021-02-07","invoices":[{"amount":"138000","id":"27421"}],"bankAccount":2}
2021-02-07 12:50:19 :: ----------result data payment:27421------------
2021-02-07 12:50:19 :: {"id":"28442","date":"2021-02-07","number":"27272","amount":"138000.0000000000","observations":null,"anotation":null,"type":"in","paymentMethod":"","status":"open","bankAccount":{"id":"2","name":"PAYU","type":"bank"},"client":{"id":"22013","name":"Natalia Cruz","phone":"3057044866"},"invoices":[{"id":"27421","number":"29682","date":"2021-02-07","amount":138000,"total":138000,"balance":0}],"costCenter":null,"numberTemplate":{"id":"3","prefix":"","number":"27272"}}
2021-02-07 01:05:20 :: ----------send data payment:27422------------
2021-02-07 01:05:20 :: {"date":"2021-02-07","invoices":[{"amount":"74999","id":"27422"}],"bankAccount":2}
2021-02-07 01:05:23 :: ----------result data payment:27422------------
2021-02-07 01:05:23 :: {"id":"28443","date":"2021-02-07","number":"27273","amount":"74999.0000000000","observations":null,"anotation":null,"type":"in","paymentMethod":"","status":"open","bankAccount":{"id":"2","name":"PAYU","type":"bank"},"client":{"id":"22014","name":"andreapala81","phone":"4910081"},"invoices":[{"id":"27422","number":"29683","date":"2021-02-07","amount":74999,"total":74999,"balance":0}],"costCenter":null,"numberTemplate":{"id":"3","prefix":"","number":"27273"}}
2021-02-07 01:30:14 :: ----------send data payment:27423------------
2021-02-07 01:30:14 :: {"date":"2021-02-07","invoices":[{"amount":"160000","id":"27423"}],"bankAccount":2}
2021-02-07 01:30:15 :: ----------result data payment:27423------------
2021-02-07 01:30:15 :: {"id":"28444","date":"2021-02-07","number":"27274","amount":"160000.0000000000","observations":null,"anotation":null,"type":"in","paymentMethod":"","status":"open","bankAccount":{"id":"2","name":"PAYU","type":"bank"},"client":{"id":"22015","name":"Viviana perez","phone":"3137864373"},"invoices":[{"id":"27423","number":"29684","date":"2021-02-07","amount":160000,"total":160000,"balance":0}],"costCenter":null,"numberTemplate":{"id":"3","prefix":"","number":"27274"}}
2021-02-07 01:45:07 :: ----------send data payment:27424------------
2021-02-07 01:45:07 :: {"date":"2021-02-07","invoices":[{"amount":"99001","id":"27424"}],"bankAccount":2}
2021-02-07 01:45:08 :: ----------result data payment:27424------------
2021-02-07 01:45:08 :: {"id":"28445","date":"2021-02-07","number":"27275","amount":"99001.0000000000","observations":null,"anotation":null,"type":"in","paymentMethod":"","status":"open","bankAccount":{"id":"2","name":"PAYU","type":"bank"},"client":{"id":"6448","name":"LAURA CARDONA GALEANO","phone":"3222506305"},"invoices":[{"id":"27424","number":"29685","date":"2021-02-07","amount":99001,"total":99001,"balance":0}],"costCenter":null,"numberTemplate":{"id":"3","prefix":"","number":"27275"}}
2021-02-07 01:45:10 :: ----------send data payment:27425------------
2021-02-07 01:45:10 :: {"date":"2021-02-07","invoices":[{"amount":"25000","id":"27425"}],"bankAccount":2}
2021-02-07 01:45:11 :: ----------result data payment:27425------------
2021-02-07 01:45:11 :: {"id":"28446","date":"2021-02-07","number":"27276","amount":"25000.0000000000","observations":null,"anotation":null,"type":"in","paymentMethod":"","status":"open","bankAccount":{"id":"2","name":"PAYU","type":"bank"},"client":{"id":"22016","name":"Silvia Quintero Sanchez","phone":"3158603921"},"invoices":[{"id":"27425","number":"29686","date":"2021-02-07","amount":25000,"total":25000,"balance":0}],"costCenter":null,"numberTemplate":{"id":"3","prefix":"","number":"27276"}}
2021-02-07 02:00:13 :: ----------send data payment:27426------------
2021-02-07 02:00:13 :: {"date":"2021-02-07","invoices":[{"amount":"90000","id":"27426"}],"bankAccount":2}
2021-02-07 02:00:14 :: ----------result data payment:27426------------
2021-02-07 02:00:14 :: {"id":"28447","date":"2021-02-07","number":"27277","amount":"90000.0000000000","observations":null,"anotation":null,"type":"in","paymentMethod":"","status":"open","bankAccount":{"id":"2","name":"PAYU","type":"bank"},"client":{"id":"22017","name":"Carlos eduardo Giraldo","phone":"3135358763"},"invoices":[{"id":"27426","number":"29687","date":"2021-02-07","amount":90000,"total":90000,"balance":0}],"costCenter":null,"numberTemplate":{"id":"3","prefix":"","number":"27277"}}
2021-02-07 02:25:09 :: ----------send data payment:27427------------
2021-02-07 02:25:09 :: {"date":"2021-02-07","invoices":[{"amount":"225000","id":"27427"}],"bankAccount":2}
2021-02-07 02:25:10 :: ----------result data payment:27427------------
2021-02-07 02:25:10 :: {"id":"28448","date":"2021-02-07","number":"27278","amount":"225000.0000000000","observations":null,"anotation":null,"type":"in","paymentMethod":"","status":"open","bankAccount":{"id":"2","name":"PAYU","type":"bank"},"client":{"id":"22018","name":"Graciela Celis","phone":"3013065693"},"invoices":[{"id":"27427","number":"29688","date":"2021-02-07","amount":225000,"total":225000,"balance":0}],"costCenter":null,"numberTemplate":{"id":"3","prefix":"","number":"27278"}}
2021-02-07 02:25:12 :: ----------send data payment:27428------------
2021-02-07 02:25:12 :: {"date":"2021-02-07","invoices":[{"amount":"130000","id":"27428"}],"bankAccount":2}
2021-02-07 02:25:13 :: ----------result data payment:27428------------
2021-02-07 02:25:13 :: {"id":"28449","date":"2021-02-07","number":"27279","amount":"130000.0000000000","observations":null,"anotation":null,"type":"in","paymentMethod":"","status":"open","bankAccount":{"id":"2","name":"PAYU","type":"bank"},"client":{"id":"13192","name":"Paula Vargas","phone":"3052577587"},"invoices":[{"id":"27428","number":"29689","date":"2021-02-07","amount":130000,"total":130000,"balance":0}],"costCenter":null,"numberTemplate":{"id":"3","prefix":"","number":"27279"}}
2021-02-07 02:50:15 :: ----------send data payment:27429------------
2021-02-07 02:50:15 :: {"date":"2021-02-07","invoices":[{"amount":"107000","id":"27429"}],"bankAccount":2}
2021-02-07 02:50:16 :: ----------result data payment:27429------------
2021-02-07 02:50:16 :: {"id":"28450","date":"2021-02-07","number":"27280","amount":"107000.0000000000","observations":null,"anotation":null,"type":"in","paymentMethod":"","status":"open","bankAccount":{"id":"2","name":"PAYU","type":"bank"},"client":{"id":"20069","name":"JENIFER LONDO\u00d1O","phone":"3104097423"},"invoices":[{"id":"27429","number":"29690","date":"2021-02-07","amount":107000,"total":107000,"balance":0}],"costCenter":null,"numberTemplate":{"id":"3","prefix":"","number":"27280"}}
2021-02-07 02:55:08 :: ----------send data payment:27430------------
2021-02-07 02:55:08 :: {"date":"2021-02-07","invoices":[{"amount":"42000","id":"27430"}],"bankAccount":2}
2021-02-07 02:55:11 :: ----------result data payment:27430------------
2021-02-07 02:55:11 :: {"id":"28451","date":"2021-02-07","number":"27281","amount":"42000.0000000000","observations":null,"anotation":null,"type":"in","paymentMethod":"","status":"open","bankAccount":{"id":"2","name":"PAYU","type":"bank"},"client":{"id":"22019","name":"Sandra Milena Alarc\u00f3n","phone":"3204849806"},"invoices":[{"id":"27430","number":"29691","date":"2021-02-07","amount":42000,"total":42000,"balance":0}],"costCenter":null,"numberTemplate":{"id":"3","prefix":"","number":"27281"}}
2021-02-07 03:05:22 :: ----------send data payment:27431------------
2021-02-07 03:05:22 :: {"date":"2021-02-07","invoices":[{"amount":"40000","id":"27431"}],"bankAccount":2}
2021-02-07 03:05:23 :: ----------result data payment:27431------------
2021-02-07 03:05:23 :: {"id":"28452","date":"2021-02-07","number":"27282","amount":"40000.0000000000","observations":null,"anotation":null,"type":"in","paymentMethod":"","status":"open","bankAccount":{"id":"2","name":"PAYU","type":"bank"},"client":{"id":"22020","name":"Lina Margarita Duque Palencia","phone":"3105712731"},"invoices":[{"id":"27431","number":"29692","date":"2021-02-07","amount":40000,"total":40000,"balance":0}],"costCenter":null,"numberTemplate":{"id":"3","prefix":"","number":"27282"}}
2021-02-07 03:30:16 :: ----------send data payment:27432------------
2021-02-07 03:30:16 :: {"date":"2021-02-07","invoices":[{"amount":"70000","id":"27432"}],"bankAccount":2}
2021-02-07 03:30:18 :: ----------result data payment:27432------------
2021-02-07 03:30:18 :: {"id":"28453","date":"2021-02-07","number":"27283","amount":"70000.0000000000","observations":null,"anotation":null,"type":"in","paymentMethod":"","status":"open","bankAccount":{"id":"2","name":"PAYU","type":"bank"},"client":{"id":"22021","name":"Juliana Chacon Viteri","phone":"3165385830"},"invoices":[{"id":"27432","number":"29693","date":"2021-02-07","amount":70000,"total":70000,"balance":0}],"costCenter":null,"numberTemplate":{"id":"3","prefix":"","number":"27283"}}
2021-02-07 03:55:13 :: ----------send data payment:27433------------
2021-02-07 03:55:13 :: {"date":"2021-02-07","invoices":[{"amount":"40000","id":"27433"}],"bankAccount":2}
2021-02-07 03:55:15 :: ----------result data payment:27433------------
2021-02-07 03:55:15 :: {"id":"28454","date":"2021-02-07","number":"27284","amount":"40000.0000000000","observations":null,"anotation":null,"type":"in","paymentMethod":"","status":"open","bankAccount":{"id":"2","name":"PAYU","type":"bank"},"client":{"id":"22022","name":"Yadira","phone":"3132016716"},"invoices":[{"id":"27433","number":"29694","date":"2021-02-07","amount":40000,"total":40000,"balance":0}],"costCenter":null,"numberTemplate":{"id":"3","prefix":"","number":"27284"}}
2021-02-07 04:05:12 :: ----------send data payment:27434------------
2021-02-07 04:05:12 :: {"date":"2021-02-07","invoices":[{"amount":"32000","id":"27434"}],"bankAccount":2}
2021-02-07 04:05:12 :: ----------result data payment:27434------------
2021-02-07 04:05:12 :: {"id":"28455","date":"2021-02-07","number":"27285","amount":"32000.0000000000","observations":null,"anotation":null,"type":"in","paymentMethod":"","status":"open","bankAccount":{"id":"2","name":"PAYU","type":"bank"},"client":{"id":"22023","name":"Adaluz villalba duran","phone":"3017891421"},"invoices":[{"id":"27434","number":"29695","date":"2021-02-07","amount":32000,"total":32000,"balance":0}],"costCenter":null,"numberTemplate":{"id":"3","prefix":"","number":"27285"}}
2021-02-07 04:25:09 :: ----------send data payment:27435------------
2021-02-07 04:25:09 :: {"date":"2021-02-07","invoices":[{"amount":"45000","id":"27435"}],"bankAccount":2}
2021-02-07 04:25:10 :: ----------result data payment:27435------------
2021-02-07 04:25:10 :: {"id":"28456","date":"2021-02-07","number":"27286","amount":"45000.0000000000","observations":null,"anotation":null,"type":"in","paymentMethod":"","status":"open","bankAccount":{"id":"2","name":"PAYU","type":"bank"},"client":{"id":"22024","name":"Deisy restrepo","phone":"3208743103"},"invoices":[{"id":"27435","number":"29696","date":"2021-02-07","amount":45000,"total":45000,"balance":0}],"costCenter":null,"numberTemplate":{"id":"3","prefix":"","number":"27286"}}
2021-02-07 04:50:11 :: ----------send data payment:27436------------
2021-02-07 04:50:11 :: {"date":"2021-02-07","invoices":[{"amount":"55000","id":"27436"}],"bankAccount":2}
2021-02-07 04:50:12 :: ----------result data payment:27436------------
2021-02-07 04:50:12 :: {"id":"28457","date":"2021-02-07","number":"27287","amount":"55000.0000000000","observations":null,"anotation":null,"type":"in","paymentMethod":"","status":"open","bankAccount":{"id":"2","name":"PAYU","type":"bank"},"client":{"id":"22025","name":"Carolina medina","phone":"3183911002"},"invoices":[{"id":"27436","number":"29697","date":"2021-02-07","amount":55000,"total":55000,"balance":0}],"costCenter":null,"numberTemplate":{"id":"3","prefix":"","number":"27287"}}
2021-02-07 06:00:09 :: ----------send data payment:27437------------
2021-02-07 06:00:09 :: {"date":"2021-02-07","invoices":[{"amount":"95999","id":"27437"}],"bankAccount":2}
2021-02-07 06:00:10 :: ----------result data payment:27437------------
2021-02-07 06:00:10 :: {"id":"28458","date":"2021-02-07","number":"27288","amount":"95999.0000000000","observations":null,"anotation":null,"type":"in","paymentMethod":"","status":"open","bankAccount":{"id":"2","name":"PAYU","type":"bank"},"client":{"id":"3801","name":"Daniela Fayad","phone":"3186901112"},"invoices":[{"id":"27437","number":"29698","date":"2021-02-07","amount":95999,"total":95999,"balance":0}],"costCenter":null,"numberTemplate":{"id":"3","prefix":"","number":"27288"}}
2021-02-07 08:05:11 :: ----------send data payment:27438------------
2021-02-07 08:05:11 :: {"date":"2021-02-07","invoices":[{"amount":"119000","id":"27438"}],"bankAccount":2}
2021-02-07 08:05:12 :: ----------result data payment:27438------------
2021-02-07 08:05:12 :: {"id":"28459","date":"2021-02-07","number":"27289","amount":"119000.0000000000","observations":null,"anotation":null,"type":"in","paymentMethod":"","status":"open","bankAccount":{"id":"2","name":"PAYU","type":"bank"},"client":{"id":"22026","name":"Elizabeth Marcillo \u00c1lvarez","phone":"3164208786"},"invoices":[{"id":"27438","number":"29699","date":"2021-02-07","amount":119000,"total":119000,"balance":0}],"costCenter":null,"numberTemplate":{"id":"3","prefix":"","number":"27289"}}
2021-02-07 08:05:14 :: ----------send data payment:27439------------
2021-02-07 08:05:14 :: {"date":"2021-02-07","invoices":[{"amount":"72000","id":"27439"}],"bankAccount":2}
2021-02-07 08:05:15 :: ----------result data payment:27439------------
2021-02-07 08:05:15 :: {"id":"28460","date":"2021-02-07","number":"27290","amount":"72000.0000000000","observations":null,"anotation":null,"type":"in","paymentMethod":"","status":"open","bankAccount":{"id":"2","name":"PAYU","type":"bank"},"client":{"id":"21841","name":"Judy Molano","phone":"3194846326"},"invoices":[{"id":"27439","number":"29700","date":"2021-02-07","amount":72000,"total":72000,"balance":0}],"costCenter":null,"numberTemplate":{"id":"3","prefix":"","number":"27290"}}
2021-02-07 08:20:10 :: ----------send data payment:27440------------
2021-02-07 08:20:10 :: {"date":"2021-02-07","invoices":[{"amount":"109000","id":"27440"}],"bankAccount":2}
2021-02-07 08:20:11 :: ----------result data payment:27440------------
2021-02-07 08:20:11 :: {"id":"28461","date":"2021-02-07","number":"27291","amount":"109000.0000000000","observations":null,"anotation":null,"type":"in","paymentMethod":"","status":"open","bankAccount":{"id":"2","name":"PAYU","type":"bank"},"client":{"id":"22027","name":"Ximena Cardenas Gomez","phone":"3004254523"},"invoices":[{"id":"27440","number":"29701","date":"2021-02-07","amount":109000,"total":109000,"balance":0}],"costCenter":null,"numberTemplate":{"id":"3","prefix":"","number":"27291"}}
2021-02-07 08:40:15 :: ----------send data payment:27441------------
2021-02-07 08:40:15 :: {"date":"2021-02-07","invoices":[{"amount":"66001","id":"27441"}],"bankAccount":2}
2021-02-07 08:40:16 :: ----------result data payment:27441------------
2021-02-07 08:40:16 :: {"id":"28462","date":"2021-02-07","number":"27292","amount":"66001.0000000000","observations":null,"anotation":null,"type":"in","paymentMethod":"","status":"open","bankAccount":{"id":"2","name":"PAYU","type":"bank"},"client":{"id":"22028","name":"Sarita Henao Granda","phone":"3003184967"},"invoices":[{"id":"27441","number":"29702","date":"2021-02-07","amount":66001,"total":66001,"balance":0}],"costCenter":null,"numberTemplate":{"id":"3","prefix":"","number":"27292"}}
2021-02-07 08:50:11 :: ----------send data payment:27442------------
2021-02-07 08:50:11 :: {"date":"2021-02-07","invoices":[{"amount":"144000","id":"27442"}],"bankAccount":2}
2021-02-07 08:50:12 :: ----------result data payment:27442------------
2021-02-07 08:50:12 :: {"id":"28463","date":"2021-02-07","number":"27293","amount":"144000.0000000000","observations":null,"anotation":null,"type":"in","paymentMethod":"","status":"open","bankAccount":{"id":"2","name":"PAYU","type":"bank"},"client":{"id":"22029","name":"Camila Patricia Malagon Suarez","phone":"3124118794"},"invoices":[{"id":"27442","number":"29703","date":"2021-02-07","amount":144000,"total":144000,"balance":0}],"costCenter":null,"numberTemplate":{"id":"3","prefix":"","number":"27293"}}
2021-02-07 08:55:08 :: ----------send data payment:27443------------
2021-02-07 08:55:08 :: {"date":"2021-02-07","invoices":[{"amount":"25000","id":"27443"}],"bankAccount":2}
2021-02-07 08:55:09 :: ----------result data payment:27443------------
2021-02-07 08:55:09 :: {"id":"28464","date":"2021-02-07","number":"27294","amount":"25000.0000000000","observations":null,"anotation":null,"type":"in","paymentMethod":"","status":"open","bankAccount":{"id":"2","name":"PAYU","type":"bank"},"client":{"id":"22030","name":"Ana Arango","phone":"3117050513"},"invoices":[{"id":"27443","number":"29704","date":"2021-02-07","amount":25000,"total":25000,"balance":0}],"costCenter":null,"numberTemplate":{"id":"3","prefix":"","number":"27294"}}
2021-02-07 08:55:11 :: ----------send data payment:27444------------
2021-02-07 08:55:11 :: {"date":"2021-02-07","invoices":[{"amount":"188000","id":"27444"}],"bankAccount":2}
2021-02-07 08:55:12 :: ----------result data payment:27444------------
2021-02-07 08:55:12 :: {"id":"28465","date":"2021-02-07","number":"27295","amount":"188000.0000000000","observations":null,"anotation":null,"type":"in","paymentMethod":"","status":"open","bankAccount":{"id":"2","name":"PAYU","type":"bank"},"client":{"id":"22031","name":"LUISA FERNANDA LEYTON RINCON","phone":"3229431202"},"invoices":[{"id":"27444","number":"29705","date":"2021-02-07","amount":188000,"total":188000,"balance":0}],"costCenter":null,"numberTemplate":{"id":"3","prefix":"","number":"27295"}}
2021-02-07 09:30:15 :: ----------send data payment:27445------------
2021-02-07 09:30:15 :: {"date":"2021-02-07","invoices":[{"amount":"197500","id":"27445"}],"bankAccount":2}
2021-02-07 09:30:16 :: ----------result data payment:27445------------
2021-02-07 09:30:16 :: {"id":"28466","date":"2021-02-07","number":"27296","amount":"197500.0000000000","observations":null,"anotation":null,"type":"in","paymentMethod":"","status":"open","bankAccount":{"id":"2","name":"PAYU","type":"bank"},"client":{"id":"22032","name":"Thania Gomez","phone":"3204097360"},"invoices":[{"id":"27445","number":"29706","date":"2021-02-07","amount":197500,"total":197500,"balance":0}],"costCenter":null,"numberTemplate":{"id":"3","prefix":"","number":"27296"}}
2021-02-07 10:00:11 :: ----------send data payment:27446------------
2021-02-07 10:00:11 :: {"date":"2021-02-07","invoices":[{"amount":"451001","id":"27446"}],"bankAccount":2}
2021-02-07 10:00:12 :: ----------result data payment:27446------------
2021-02-07 10:00:12 :: {"id":"28467","date":"2021-02-07","number":"27297","amount":"451001.0000000000","observations":null,"anotation":null,"type":"in","paymentMethod":"","status":"open","bankAccount":{"id":"2","name":"PAYU","type":"bank"},"client":{"id":"22033","name":"Vivien Leon De Carrizo","phone":"3136075109"},"invoices":[{"id":"27446","number":"29707","date":"2021-02-07","amount":451001,"total":451001,"balance":0}],"costCenter":null,"numberTemplate":{"id":"3","prefix":"","number":"27297"}}
2021-02-07 10:05:14 :: ----------send data payment:27447------------
2021-02-07 10:05:14 :: {"date":"2021-02-07","invoices":[{"amount":"185001","id":"27447"}],"bankAccount":2}
2021-02-07 10:05:15 :: ----------result data payment:27447------------
2021-02-07 10:05:15 :: {"id":"28468","date":"2021-02-07","number":"27298","amount":"185001.0000000000","observations":null,"anotation":null,"type":"in","paymentMethod":"","status":"open","bankAccount":{"id":"2","name":"PAYU","type":"bank"},"client":{"id":"22034","name":"juanitamecon","phone":"3194206019"},"invoices":[{"id":"27447","number":"29708","date":"2021-02-07","amount":185001,"total":185001,"balance":0}],"costCenter":null,"numberTemplate":{"id":"3","prefix":"","number":"27298"}}
2021-02-07 10:25:09 :: ----------send data payment:27448------------
2021-02-07 10:25:09 :: {"date":"2021-02-07","invoices":[{"amount":"101002","id":"27448"}],"bankAccount":2}
2021-02-07 10:25:11 :: ----------result data payment:27448------------
2021-02-07 10:25:11 :: {"id":"28469","date":"2021-02-07","number":"27299","amount":"101002.0000000000","observations":null,"anotation":null,"type":"in","paymentMethod":"","status":"open","bankAccount":{"id":"2","name":"PAYU","type":"bank"},"client":{"id":"22035","name":"Daniela Rojas","phone":"3178433201"},"invoices":[{"id":"27448","number":"29709","date":"2021-02-07","amount":101002,"total":101002,"balance":0}],"costCenter":null,"numberTemplate":{"id":"3","prefix":"","number":"27299"}}
2021-02-07 11:40:12 :: ----------send data payment:27449------------
2021-02-07 11:40:12 :: {"date":"2021-02-07","invoices":[{"amount":"60000","id":"27449"}],"bankAccount":2}
2021-02-07 11:40:13 :: ----------result data payment:27449------------
2021-02-07 11:40:13 :: {"id":"28470","date":"2021-02-07","number":"27300","amount":"60000.0000000000","observations":null,"anotation":null,"type":"in","paymentMethod":"","status":"open","bankAccount":{"id":"2","name":"PAYU","type":"bank"},"client":{"id":"22036","name":"Erika Heyselin","phone":"3112318705"},"invoices":[{"id":"27449","number":"29710","date":"2021-02-07","amount":60000,"total":60000,"balance":0}],"costCenter":null,"numberTemplate":{"id":"3","prefix":"","number":"27300"}}