
2021-11-18 02:40:05 :: ----------send data payment:42142------------
2021-11-18 02:40:05 :: {"date":"2021-11-18","invoices":[{"amount":"65999","id":"42142"}],"bankAccount":2}
2021-11-18 02:40:07 :: ----------result data payment:42142------------
2021-11-18 02:40:07 :: {"id":"43746","date":"2021-11-18","number":"41898","amount":"65999.0000000000","observations":null,"anotation":null,"type":"in","paymentMethod":"","status":"open","bankAccount":{"id":"2","name":"PAYU","type":"bank"},"client":{"id":"32621","name":"Lina Mar\u00eda Acosta","phone":"3122352095"},"invoices":[{"id":"42142","number":"44403","date":"2021-11-18","amount":65999,"total":65999,"balance":0}],"costCenter":null,"numberTemplate":{"id":"3","prefix":"","number":"41898","fullNumber":"41898","formattedNumber":"41898"}}
2021-11-18 07:10:06 :: ----------send data payment:42143------------
2021-11-18 07:10:06 :: {"date":"2021-11-18","invoices":[{"amount":"70000","id":"42143"}],"bankAccount":2}
2021-11-18 07:10:09 :: ----------result data payment:42143------------
2021-11-18 07:10:09 :: {"id":"43747","date":"2021-11-18","number":"41899","amount":"70000.0000000000","observations":null,"anotation":null,"type":"in","paymentMethod":"","status":"open","bankAccount":{"id":"2","name":"PAYU","type":"bank"},"client":{"id":"32622","name":"Andrea Espinosa","phone":"3046546804"},"invoices":[{"id":"42143","number":"44404","date":"2021-11-18","amount":70000,"total":70000,"balance":0}],"costCenter":null,"numberTemplate":{"id":"3","prefix":"","number":"41899","fullNumber":"41899","formattedNumber":"41899"}}
2021-11-18 07:17:05 :: ----------send data payment:42144------------
2021-11-18 07:17:05 :: {"date":"2021-11-18","invoices":[{"amount":"38600","id":"42144"}],"bankAccount":2}
2021-11-18 07:17:06 :: ----------result data payment:42144------------
2021-11-18 07:17:06 :: {"id":"43748","date":"2021-11-18","number":"41900","amount":"38600.0000000000","observations":null,"anotation":null,"type":"in","paymentMethod":"","status":"open","bankAccount":{"id":"2","name":"PAYU","type":"bank"},"client":{"id":"32623","name":"Catalina Castro","phone":"3505005616"},"invoices":[{"id":"42144","number":"44405","date":"2021-11-18","amount":38600,"total":38600,"balance":0}],"costCenter":null,"numberTemplate":{"id":"3","prefix":"","number":"41900","fullNumber":"41900","formattedNumber":"41900"}}
2021-11-18 07:54:05 :: ----------send data payment:42145------------
2021-11-18 07:54:05 :: {"date":"2021-11-18","invoices":[{"amount":"70000","id":"42145"}],"bankAccount":2}
2021-11-18 07:54:06 :: ----------result data payment:42145------------
2021-11-18 07:54:06 :: {"id":"43749","date":"2021-11-18","number":"41901","amount":"70000.0000000000","observations":null,"anotation":null,"type":"in","paymentMethod":"","status":"open","bankAccount":{"id":"2","name":"PAYU","type":"bank"},"client":{"id":"12433","name":"Andrea Carrillo","phone":"3228140098"},"invoices":[{"id":"42145","number":"44406","date":"2021-11-18","amount":70000,"total":70000,"balance":0}],"costCenter":null,"numberTemplate":{"id":"3","prefix":"","number":"41901","fullNumber":"41901","formattedNumber":"41901"}}
2021-11-18 08:02:13 :: ----------send data payment:42146------------
2021-11-18 08:02:13 :: {"date":"2021-11-18","invoices":[{"amount":"117400","id":"42146"}],"bankAccount":2}
2021-11-18 08:02:14 :: ----------result data payment:42146------------
2021-11-18 08:02:14 :: {"id":"43750","date":"2021-11-18","number":"41902","amount":"117400.0000000000","observations":null,"anotation":null,"type":"in","paymentMethod":"","status":"open","bankAccount":{"id":"2","name":"PAYU","type":"bank"},"client":{"id":"32624","name":"m1arcela","phone":"+573163819537"},"invoices":[{"id":"42146","number":"44407","date":"2021-11-18","amount":117400,"total":117400,"balance":0}],"costCenter":null,"numberTemplate":{"id":"3","prefix":"","number":"41902","fullNumber":"41902","formattedNumber":"41902"}}
2021-11-18 08:53:06 :: ----------send data payment:42147------------
2021-11-18 08:53:06 :: {"date":"2021-11-18","invoices":[{"amount":"69181","id":"42147"}],"bankAccount":2}
2021-11-18 08:53:07 :: ----------result data payment:42147------------
2021-11-18 08:53:07 :: {"id":"43751","date":"2021-11-18","number":"41903","amount":"69181.0000000000","observations":null,"anotation":null,"type":"in","paymentMethod":"","status":"open","bankAccount":{"id":"2","name":"PAYU","type":"bank"},"client":{"id":"32625","name":"Valentina","phone":"3218731413"},"invoices":[{"id":"42147","number":"44408","date":"2021-11-18","amount":69181,"total":69181,"balance":0}],"costCenter":null,"numberTemplate":{"id":"3","prefix":"","number":"41903","fullNumber":"41903","formattedNumber":"41903"}}
2021-11-18 08:59:04 :: ----------send data payment:42148------------
2021-11-18 08:59:04 :: {"date":"2021-11-18","invoices":[{"amount":"170000","id":"42148"}],"bankAccount":2}
2021-11-18 08:59:06 :: ----------result data payment:42148------------
2021-11-18 08:59:06 :: {"id":"43752","date":"2021-11-18","number":"41904","amount":"170000.0000000000","observations":null,"anotation":null,"type":"in","paymentMethod":"","status":"open","bankAccount":{"id":"2","name":"PAYU","type":"bank"},"client":{"id":"32626","name":"H\u00e9ctor Luis G\u00f3mez","phone":"3205886287"},"invoices":[{"id":"42148","number":"44409","date":"2021-11-18","amount":170000,"total":170000,"balance":0}],"costCenter":null,"numberTemplate":{"id":"3","prefix":"","number":"41904","fullNumber":"41904","formattedNumber":"41904"}}
2021-11-18 09:45:10 :: ----------send data payment:42150------------
2021-11-18 09:45:10 :: {"date":"2021-11-18","invoices":[{"amount":"35000","id":"42150"}],"bankAccount":2}
2021-11-18 09:45:12 :: ----------result data payment:42150------------
2021-11-18 09:45:12 :: {"id":"43753","date":"2021-11-18","number":"41905","amount":"35000.0000000000","observations":null,"anotation":null,"type":"in","paymentMethod":"","status":"open","bankAccount":{"id":"2","name":"PAYU","type":"bank"},"client":{"id":"32627","name":"Diana Herrera","phone":"3137499221"},"invoices":[{"id":"42150","number":"44411","date":"2021-11-18","amount":35000,"total":35000,"balance":0}],"costCenter":null,"numberTemplate":{"id":"3","prefix":"","number":"41905","fullNumber":"41905","formattedNumber":"41905"}}
2021-11-18 09:51:11 :: ----------send data payment:42151------------
2021-11-18 09:51:11 :: {"date":"2021-11-18","invoices":[{"amount":"46450","id":"42151"}],"bankAccount":2}
2021-11-18 09:51:15 :: ----------result data payment:42151------------
2021-11-18 09:51:15 :: {"id":"43754","date":"2021-11-18","number":"41906","amount":"46450.0000000000","observations":null,"anotation":null,"type":"in","paymentMethod":"","status":"open","bankAccount":{"id":"2","name":"PAYU","type":"bank"},"client":{"id":"32628","name":"YUDI","phone":"+34622258469"},"invoices":[{"id":"42151","number":"44412","date":"2021-11-18","amount":46450,"total":46450,"balance":0}],"costCenter":null,"numberTemplate":{"id":"3","prefix":"","number":"41906","fullNumber":"41906","formattedNumber":"41906"}}
2021-11-18 09:55:11 :: ----------send data payment:42152------------
2021-11-18 09:55:11 :: {"date":"2021-11-18","invoices":[{"amount":"42400","id":"42152"}],"bankAccount":2}
2021-11-18 09:55:12 :: ----------result data payment:42152------------
2021-11-18 09:55:12 :: {"id":"43755","date":"2021-11-18","number":"41907","amount":"42400.0000000000","observations":null,"anotation":null,"type":"in","paymentMethod":"","status":"open","bankAccount":{"id":"2","name":"PAYU","type":"bank"},"client":{"id":"32629","name":"Ledys Tapias","phone":"3017809486"},"invoices":[{"id":"42152","number":"44413","date":"2021-11-18","amount":42400,"total":42400,"balance":0}],"costCenter":null,"numberTemplate":{"id":"3","prefix":"","number":"41907","fullNumber":"41907","formattedNumber":"41907"}}
2021-11-18 10:05:08 :: ----------send data payment:42153------------
2021-11-18 10:05:08 :: {"date":"2021-11-18","invoices":[{"amount":"70000","id":"42153"}],"bankAccount":2}
2021-11-18 10:05:09 :: ----------result data payment:42153------------
2021-11-18 10:05:09 :: {"id":"43756","date":"2021-11-18","number":"41908","amount":"70000.0000000000","observations":null,"anotation":null,"type":"in","paymentMethod":"","status":"open","bankAccount":{"id":"2","name":"PAYU","type":"bank"},"client":{"id":"32630","name":"Melisa Martinez","phone":"3135128393"},"invoices":[{"id":"42153","number":"44414","date":"2021-11-18","amount":70000,"total":70000,"balance":0}],"costCenter":null,"numberTemplate":{"id":"3","prefix":"","number":"41908","fullNumber":"41908","formattedNumber":"41908"}}
2021-11-18 10:36:12 :: ----------send data payment:42154------------
2021-11-18 10:36:12 :: {"date":"2021-11-18","invoices":[{"amount":"227001","id":"42154"}],"bankAccount":2}
2021-11-18 10:36:13 :: ----------result data payment:42154------------
2021-11-18 10:36:13 :: {"id":"43757","date":"2021-11-18","number":"41909","amount":"227001.0000000000","observations":null,"anotation":null,"type":"in","paymentMethod":"","status":"open","bankAccount":{"id":"2","name":"PAYU","type":"bank"},"client":{"id":"3167","name":"Alejandra Monje Fajardo","phone":"3102287617"},"invoices":[{"id":"42154","number":"44415","date":"2021-11-18","amount":227001,"total":227001,"balance":0}],"costCenter":null,"numberTemplate":{"id":"3","prefix":"","number":"41909","fullNumber":"41909","formattedNumber":"41909"}}
2021-11-18 11:25:07 :: ----------send data payment:42155------------
2021-11-18 11:25:07 :: {"date":"2021-11-18","invoices":[{"amount":"59000","id":"42155"}],"bankAccount":2}
2021-11-18 11:25:09 :: ----------result data payment:42155------------
2021-11-18 11:25:09 :: {"id":"43758","date":"2021-11-18","number":"41910","amount":"59000.0000000000","observations":null,"anotation":null,"type":"in","paymentMethod":"","status":"open","bankAccount":{"id":"2","name":"PAYU","type":"bank"},"client":{"id":"32631","name":"Maryory rojas","phone":"3107503239"},"invoices":[{"id":"42155","number":"44416","date":"2021-11-18","amount":59000,"total":59000,"balance":0}],"costCenter":null,"numberTemplate":{"id":"3","prefix":"","number":"41910","fullNumber":"41910","formattedNumber":"41910"}}
2021-11-18 11:46:10 :: ----------send data payment:42156------------
2021-11-18 11:46:10 :: {"date":"2021-11-18","invoices":[{"amount":"90000","id":"42156"}],"bankAccount":2}
2021-11-18 11:46:11 :: ----------result data payment:42156------------
2021-11-18 11:46:11 :: {"id":"43759","date":"2021-11-18","number":"41911","amount":"90000.0000000000","observations":null,"anotation":null,"type":"in","paymentMethod":"","status":"open","bankAccount":{"id":"2","name":"PAYU","type":"bank"},"client":{"id":"32632","name":"Angie","phone":"3172745639"},"invoices":[{"id":"42156","number":"44417","date":"2021-11-18","amount":90000,"total":90000,"balance":0}],"costCenter":null,"numberTemplate":{"id":"3","prefix":"","number":"41911","fullNumber":"41911","formattedNumber":"41911"}}
2021-11-18 12:16:11 :: ----------send data payment:42157------------
2021-11-18 12:16:11 :: {"date":"2021-11-18","invoices":[{"amount":"62599","id":"42157"}],"bankAccount":2}
2021-11-18 12:16:12 :: ----------result data payment:42157------------
2021-11-18 12:16:12 :: {"id":"43760","date":"2021-11-18","number":"41912","amount":"62599.0000000000","observations":null,"anotation":null,"type":"in","paymentMethod":"","status":"open","bankAccount":{"id":"2","name":"PAYU","type":"bank"},"client":{"id":"32633","name":"Daniela","phone":"310 2262610"},"invoices":[{"id":"42157","number":"44418","date":"2021-11-18","amount":62599,"total":62599,"balance":0}],"costCenter":null,"numberTemplate":{"id":"3","prefix":"","number":"41912","fullNumber":"41912","formattedNumber":"41912"}}
2021-11-18 12:31:11 :: ----------send data payment:42158------------
2021-11-18 12:31:11 :: {"date":"2021-11-18","invoices":[{"amount":"107000","id":"42158"}],"bankAccount":2}
2021-11-18 12:31:12 :: ----------result data payment:42158------------
2021-11-18 12:31:12 :: {"id":"43761","date":"2021-11-18","number":"41913","amount":"107000.0000000000","observations":null,"anotation":null,"type":"in","paymentMethod":"","status":"open","bankAccount":{"id":"2","name":"PAYU","type":"bank"},"client":{"id":"32634","name":"Valentina Clavijo","phone":"3023565833"},"invoices":[{"id":"42158","number":"44419","date":"2021-11-18","amount":107000,"total":107000,"balance":0}],"costCenter":null,"numberTemplate":{"id":"3","prefix":"","number":"41913","fullNumber":"41913","formattedNumber":"41913"}}
2021-11-18 12:59:05 :: ----------send data payment:42159------------
2021-11-18 12:59:05 :: {"date":"2021-11-18","invoices":[{"amount":"70000","id":"42159"}],"bankAccount":2}
2021-11-18 12:59:06 :: ----------result data payment:42159------------
2021-11-18 12:59:06 :: {"id":"43762","date":"2021-11-18","number":"41914","amount":"70000.0000000000","observations":null,"anotation":null,"type":"in","paymentMethod":"","status":"open","bankAccount":{"id":"2","name":"PAYU","type":"bank"},"client":{"id":"32635","name":"Kelly Quevedo","phone":"3057660095"},"invoices":[{"id":"42159","number":"44420","date":"2021-11-18","amount":70000,"total":70000,"balance":0}],"costCenter":null,"numberTemplate":{"id":"3","prefix":"","number":"41914","fullNumber":"41914","formattedNumber":"41914"}}
2021-11-18 01:21:10 :: ----------send data payment:42160------------
2021-11-18 01:21:10 :: {"date":"2021-11-18","invoices":[{"amount":"70000","id":"42160"}],"bankAccount":2}
2021-11-18 01:21:12 :: ----------result data payment:42160------------
2021-11-18 01:21:12 :: {"id":"43763","date":"2021-11-18","number":"41915","amount":"70000.0000000000","observations":null,"anotation":null,"type":"in","paymentMethod":"","status":"open","bankAccount":{"id":"2","name":"PAYU","type":"bank"},"client":{"id":"32636","name":"Ligia gutierrez","phone":"3114594681"},"invoices":[{"id":"42160","number":"44421","date":"2021-11-18","amount":70000,"total":70000,"balance":0}],"costCenter":null,"numberTemplate":{"id":"3","prefix":"","number":"41915","fullNumber":"41915","formattedNumber":"41915"}}
2021-11-18 01:26:06 :: ----------send data payment:42161------------
2021-11-18 01:26:06 :: {"date":"2021-11-18","invoices":[{"amount":"70000","id":"42161"}],"bankAccount":2}
2021-11-18 01:26:08 :: ----------result data payment:42161------------
2021-11-18 01:26:08 :: {"id":"43764","date":"2021-11-18","number":"41916","amount":"70000.0000000000","observations":null,"anotation":null,"type":"in","paymentMethod":"","status":"open","bankAccount":{"id":"2","name":"PAYU","type":"bank"},"client":{"id":"32637","name":"Laura Zapata","phone":"3234161878"},"invoices":[{"id":"42161","number":"44422","date":"2021-11-18","amount":70000,"total":70000,"balance":0}],"costCenter":null,"numberTemplate":{"id":"3","prefix":"","number":"41916","fullNumber":"41916","formattedNumber":"41916"}}
2021-11-18 02:59:09 :: ----------send data payment:42162------------
2021-11-18 02:59:09 :: {"date":"2021-11-18","invoices":[{"amount":"63000","id":"42162"}],"bankAccount":2}
2021-11-18 02:59:10 :: ----------result data payment:42162------------
2021-11-18 02:59:10 :: {"id":"43765","date":"2021-11-18","number":"41917","amount":"63000.0000000000","observations":null,"anotation":null,"type":"in","paymentMethod":"","status":"open","bankAccount":{"id":"2","name":"PAYU","type":"bank"},"client":{"id":"32638","name":"Kety Salcedo","phone":"3115195559"},"invoices":[{"id":"42162","number":"44423","date":"2021-11-18","amount":63000,"total":63000,"balance":0}],"costCenter":null,"numberTemplate":{"id":"3","prefix":"","number":"41917","fullNumber":"41917","formattedNumber":"41917"}}
2021-11-18 03:10:05 :: ----------send data payment:42165------------
2021-11-18 03:10:05 :: {"date":"2021-11-18","invoices":[{"amount":"25000","id":"42165"}],"bankAccount":2}
2021-11-18 03:10:07 :: ----------result data payment:42165------------
2021-11-18 03:10:07 :: {"id":"43768","date":"2021-11-18","number":"41920","amount":"25000.0000000000","observations":null,"anotation":null,"type":"in","paymentMethod":"","status":"open","bankAccount":{"id":"2","name":"PAYU","type":"bank"},"client":{"id":"32640","name":"Gabriela Tilano","phone":"3166293886"},"invoices":[{"id":"42165","number":"44426","date":"2021-11-18","amount":25000,"total":25000,"balance":0}],"costCenter":null,"numberTemplate":{"id":"3","prefix":"","number":"41920","fullNumber":"41920","formattedNumber":"41920"}}
2021-11-18 03:25:05 :: ----------send data payment:42166------------
2021-11-18 03:25:05 :: {"date":"2021-11-18","invoices":[{"amount":"70000","id":"42166"}],"bankAccount":2}
2021-11-18 03:25:07 :: ----------result data payment:42166------------
2021-11-18 03:25:07 :: {"id":"43769","date":"2021-11-18","number":"41921","amount":"70000.0000000000","observations":null,"anotation":null,"type":"in","paymentMethod":"","status":"open","bankAccount":{"id":"2","name":"PAYU","type":"bank"},"client":{"id":"32641","name":"Carolina Bustos","phone":"3144611347"},"invoices":[{"id":"42166","number":"44427","date":"2021-11-18","amount":70000,"total":70000,"balance":0}],"costCenter":null,"numberTemplate":{"id":"3","prefix":"","number":"41921","fullNumber":"41921","formattedNumber":"41921"}}
2021-11-18 03:52:06 :: ----------send data payment:42172------------
2021-11-18 03:52:06 :: {"date":"2021-11-18","invoices":[{"amount":"35000","id":"42172"}],"bankAccount":2}
2021-11-18 03:52:07 :: ----------result data payment:42172------------
2021-11-18 03:52:07 :: {"id":"43776","date":"2021-11-18","number":"41927","amount":"35000.0000000000","observations":null,"anotation":null,"type":"in","paymentMethod":"","status":"open","bankAccount":{"id":"2","name":"PAYU","type":"bank"},"client":{"id":"32645","name":"Astrid Rodr\u00edguez Norato","phone":"3002645144"},"invoices":[{"id":"42172","number":"44433","date":"2021-11-18","amount":35000,"total":35000,"balance":0}],"costCenter":null,"numberTemplate":{"id":"3","prefix":"","number":"41927","fullNumber":"41927","formattedNumber":"41927"}}
2021-11-18 03:57:05 :: ----------send data payment:42173------------
2021-11-18 03:57:05 :: {"date":"2021-11-18","invoices":[{"amount":"80001","id":"42173"}],"bankAccount":2}
2021-11-18 03:57:07 :: ----------result data payment:42173------------
2021-11-18 03:57:07 :: {"id":"43777","date":"2021-11-18","number":"41928","amount":"80001.0000000000","observations":null,"anotation":null,"type":"in","paymentMethod":"","status":"open","bankAccount":{"id":"2","name":"PAYU","type":"bank"},"client":{"id":"32646","name":"Julieth montealegre","phone":"+573057592489"},"invoices":[{"id":"42173","number":"44434","date":"2021-11-18","amount":80001,"total":80001,"balance":0}],"costCenter":null,"numberTemplate":{"id":"3","prefix":"","number":"41928","fullNumber":"41928","formattedNumber":"41928"}}
2021-11-18 04:02:07 :: ----------send data payment:42174------------
2021-11-18 04:02:07 :: {"date":"2021-11-18","invoices":[{"amount":"104000","id":"42174"}],"bankAccount":2}
2021-11-18 04:02:08 :: ----------result data payment:42174------------
2021-11-18 04:02:08 :: {"id":"43778","date":"2021-11-18","number":"41929","amount":"104000.0000000000","observations":null,"anotation":null,"type":"in","paymentMethod":"","status":"open","bankAccount":{"id":"2","name":"PAYU","type":"bank"},"client":{"id":"32647","name":"JUANITA","phone":"3128846219"},"invoices":[{"id":"42174","number":"44435","date":"2021-11-18","amount":104000,"total":104000,"balance":0}],"costCenter":null,"numberTemplate":{"id":"3","prefix":"","number":"41929","fullNumber":"41929","formattedNumber":"41929"}}
2021-11-18 05:38:07 :: ----------send data payment:42176------------
2021-11-18 05:38:07 :: {"date":"2021-11-18","invoices":[{"amount":"34000","id":"42176"}],"bankAccount":2}
2021-11-18 05:38:08 :: ----------result data payment:42176------------
2021-11-18 05:38:08 :: {"id":"43779","date":"2021-11-18","number":"41930","amount":"34000.0000000000","observations":null,"anotation":null,"type":"in","paymentMethod":"","status":"open","bankAccount":{"id":"2","name":"PAYU","type":"bank"},"client":{"id":"32648","name":"Yulissa Tatiana Restrepo Aguilera","phone":"3042055782"},"invoices":[{"id":"42176","number":"44437","date":"2021-11-18","amount":34000,"total":34000,"balance":0}],"costCenter":null,"numberTemplate":{"id":"3","prefix":"","number":"41930","fullNumber":"41930","formattedNumber":"41930"}}
2021-11-18 05:47:05 :: ----------send data payment:42177------------
2021-11-18 05:47:05 :: {"date":"2021-11-18","invoices":[{"amount":"170000","id":"42177"}],"bankAccount":2}
2021-11-18 05:47:06 :: ----------result data payment:42177------------
2021-11-18 05:47:06 :: {"id":"43780","date":"2021-11-18","number":"41931","amount":"170000.0000000000","observations":null,"anotation":null,"type":"in","paymentMethod":"","status":"open","bankAccount":{"id":"2","name":"PAYU","type":"bank"},"client":{"id":"32649","name":"Sara Cardona Mejia","phone":"2979249"},"invoices":[{"id":"42177","number":"44438","date":"2021-11-18","amount":170000,"total":170000,"balance":0}],"costCenter":null,"numberTemplate":{"id":"3","prefix":"","number":"41931","fullNumber":"41931","formattedNumber":"41931"}}
2021-11-18 06:26:12 :: ----------send data payment:42178------------
2021-11-18 06:26:12 :: {"date":"2021-11-18","invoices":[{"amount":"100000","id":"42178"}],"bankAccount":2}
2021-11-18 06:26:13 :: ----------result data payment:42178------------
2021-11-18 06:26:13 :: {"id":"43781","date":"2021-11-18","number":"41932","amount":"100000.0000000000","observations":null,"anotation":null,"type":"in","paymentMethod":"","status":"open","bankAccount":{"id":"2","name":"PAYU","type":"bank"},"client":{"id":"32650","name":"Christian miranda","phone":"3219728712"},"invoices":[{"id":"42178","number":"44439","date":"2021-11-18","amount":100000,"total":100000,"balance":0}],"costCenter":null,"numberTemplate":{"id":"3","prefix":"","number":"41932","fullNumber":"41932","formattedNumber":"41932"}}
2021-11-18 06:31:10 :: ----------send data payment:42179------------
2021-11-18 06:31:10 :: {"date":"2021-11-18","invoices":[{"amount":"70000","id":"42179"}],"bankAccount":2}
2021-11-18 06:31:12 :: ----------result data payment:42179------------
2021-11-18 06:31:12 :: {"id":"43782","date":"2021-11-18","number":"41933","amount":"70000.0000000000","observations":null,"anotation":null,"type":"in","paymentMethod":"","status":"open","bankAccount":{"id":"2","name":"PAYU","type":"bank"},"client":{"id":"32651","name":"Jenny Lorena Corredor Martinez","phone":"3143060740"},"invoices":[{"id":"42179","number":"44440","date":"2021-11-18","amount":70000,"total":70000,"balance":0}],"costCenter":null,"numberTemplate":{"id":"3","prefix":"","number":"41933","fullNumber":"41933","formattedNumber":"41933"}}
2021-11-18 07:08:04 :: ----------send data payment:42180------------
2021-11-18 07:08:04 :: {"date":"2021-11-18","invoices":[{"amount":"49999","id":"42180"}],"bankAccount":2}
2021-11-18 07:08:05 :: ----------result data payment:42180------------
2021-11-18 07:08:05 :: {"id":"43783","date":"2021-11-18","number":"41934","amount":"49999.0000000000","observations":null,"anotation":null,"type":"in","paymentMethod":"","status":"open","bankAccount":{"id":"2","name":"PAYU","type":"bank"},"client":{"id":"28672","name":"Mar\u00eda Ximena Delgado","phone":"3002783777"},"invoices":[{"id":"42180","number":"44441","date":"2021-11-18","amount":49999,"total":49999,"balance":0}],"costCenter":null,"numberTemplate":{"id":"3","prefix":"","number":"41934","fullNumber":"41934","formattedNumber":"41934"}}
2021-11-18 07:14:05 :: ----------send data payment:42181------------
2021-11-18 07:14:05 :: {"date":"2021-11-18","invoices":[{"amount":"114000","id":"42181"}],"bankAccount":2}
2021-11-18 07:14:06 :: ----------result data payment:42181------------
2021-11-18 07:14:06 :: {"id":"43784","date":"2021-11-18","number":"41935","amount":"114000.0000000000","observations":null,"anotation":null,"type":"in","paymentMethod":"","status":"open","bankAccount":{"id":"2","name":"PAYU","type":"bank"},"client":{"id":"32652","name":"Valentina Aponte","phone":"3123501783"},"invoices":[{"id":"42181","number":"44442","date":"2021-11-18","amount":114000,"total":114000,"balance":0}],"costCenter":null,"numberTemplate":{"id":"3","prefix":"","number":"41935","fullNumber":"41935","formattedNumber":"41935"}}
2021-11-18 07:35:14 :: ----------send data payment:42182------------
2021-11-18 07:35:14 :: {"date":"2021-11-18","invoices":[{"amount":"57000","id":"42182"}],"bankAccount":2}
2021-11-18 07:35:15 :: ----------result data payment:42182------------
2021-11-18 07:35:15 :: {"id":"43785","date":"2021-11-18","number":"41936","amount":"57000.0000000000","observations":null,"anotation":null,"type":"in","paymentMethod":"","status":"open","bankAccount":{"id":"2","name":"PAYU","type":"bank"},"client":{"id":"32653","name":"Maribel Oquendo Alvarez","phone":"+573187891263"},"invoices":[{"id":"42182","number":"44443","date":"2021-11-18","amount":57000,"total":57000,"balance":0}],"costCenter":null,"numberTemplate":{"id":"3","prefix":"","number":"41936","fullNumber":"41936","formattedNumber":"41936"}}
2021-11-18 07:56:09 :: ----------send data payment:42183------------
2021-11-18 07:56:09 :: {"date":"2021-11-18","invoices":[{"amount":"26501","id":"42183"}],"bankAccount":2}
2021-11-18 07:56:11 :: ----------result data payment:42183------------
2021-11-18 07:56:11 :: {"id":"43786","date":"2021-11-18","number":"41937","amount":"26501.0000000000","observations":null,"anotation":null,"type":"in","paymentMethod":"","status":"open","bankAccount":{"id":"2","name":"PAYU","type":"bank"},"client":{"id":"32654","name":"Roxana perez","phone":"3183263190"},"invoices":[{"id":"42183","number":"44444","date":"2021-11-18","amount":26501,"total":26501,"balance":0}],"costCenter":null,"numberTemplate":{"id":"3","prefix":"","number":"41937","fullNumber":"41937","formattedNumber":"41937"}}
2021-11-18 08:32:05 :: ----------send data payment:42184------------
2021-11-18 08:32:05 :: {"date":"2021-11-18","invoices":[{"amount":"70000","id":"42184"}],"bankAccount":2}
2021-11-18 08:32:06 :: ----------result data payment:42184------------
2021-11-18 08:32:06 :: {"id":"43787","date":"2021-11-18","number":"41938","amount":"70000.0000000000","observations":null,"anotation":null,"type":"in","paymentMethod":"","status":"open","bankAccount":{"id":"2","name":"PAYU","type":"bank"},"client":{"id":"32655","name":"Ivanna Bravo","phone":"316 3677874"},"invoices":[{"id":"42184","number":"44445","date":"2021-11-18","amount":70000,"total":70000,"balance":0}],"costCenter":null,"numberTemplate":{"id":"3","prefix":"","number":"41938","fullNumber":"41938","formattedNumber":"41938"}}
2021-11-18 09:03:03 :: ----------send data payment:42185------------
2021-11-18 09:03:03 :: {"date":"2021-11-18","invoices":[{"amount":"42860","id":"42185"}],"bankAccount":2}
2021-11-18 09:03:05 :: ----------result data payment:42185------------
2021-11-18 09:03:05 :: {"id":"43788","date":"2021-11-18","number":"41939","amount":"42860.0000000000","observations":null,"anotation":null,"type":"in","paymentMethod":"","status":"open","bankAccount":{"id":"2","name":"PAYU","type":"bank"},"client":{"id":"13315","name":"Tatiana andrea ortiz caro","phone":"3137785500"},"invoices":[{"id":"42185","number":"44446","date":"2021-11-18","amount":42860,"total":42860,"balance":0}],"costCenter":null,"numberTemplate":{"id":"3","prefix":"","number":"41939","fullNumber":"41939","formattedNumber":"41939"}}
2021-11-18 11:56:11 :: ----------send data payment:42186------------
2021-11-18 11:56:11 :: {"date":"2021-11-18","invoices":[{"amount":"25000","id":"42186"}],"bankAccount":2}
2021-11-18 11:56:12 :: ----------result data payment:42186------------
2021-11-18 11:56:12 :: {"id":"43789","date":"2021-11-18","number":"41940","amount":"25000.0000000000","observations":null,"anotation":null,"type":"in","paymentMethod":"","status":"open","bankAccount":{"id":"2","name":"PAYU","type":"bank"},"client":{"id":"32656","name":"Ailen Garrido","phone":"3002779676"},"invoices":[{"id":"42186","number":"44447","date":"2021-11-18","amount":25000,"total":25000,"balance":0}],"costCenter":null,"numberTemplate":{"id":"3","prefix":"","number":"41940","fullNumber":"41940","formattedNumber":"41940"}}