
2021-05-28 12:05:11 :: ----------send data payment:32106------------
2021-05-28 12:05:11 :: {"date":"2021-05-28","invoices":[{"amount":"112400","id":"32106"}],"bankAccount":2}
2021-05-28 12:05:12 :: ----------result data payment:32106------------
2021-05-28 12:05:12 :: {"id":"33265","date":"2021-05-28","number":"31892","amount":"112400.0000000000","observations":null,"anotation":null,"type":"in","paymentMethod":"","status":"open","bankAccount":{"id":"2","name":"PAYU","type":"bank"},"client":{"id":"25173","name":"Pamela Fernanda Gonz\u00e1lez G\u00f3mez","phone":"3014571485"},"invoices":[{"id":"32106","number":"34367","date":"2021-05-28","amount":112400,"total":112400,"balance":0}],"costCenter":null,"numberTemplate":{"id":"3","prefix":"","number":"31892","fullNumber":"31892","formattedNumber":"31892"}}
2021-05-28 05:20:08 :: ----------send data payment:32107------------
2021-05-28 05:20:08 :: {"date":"2021-05-28","invoices":[{"amount":"75000","id":"32107"}],"bankAccount":2}
2021-05-28 05:20:09 :: ----------result data payment:32107------------
2021-05-28 05:20:09 :: {"id":"33266","date":"2021-05-28","number":"31893","amount":"75000.0000000000","observations":null,"anotation":null,"type":"in","paymentMethod":"","status":"open","bankAccount":{"id":"2","name":"PAYU","type":"bank"},"client":{"id":"25174","name":"catalina antia","phone":"3208013517"},"invoices":[{"id":"32107","number":"34368","date":"2021-05-28","amount":75000,"total":75000,"balance":0}],"costCenter":null,"numberTemplate":{"id":"3","prefix":"","number":"31893","fullNumber":"31893","formattedNumber":"31893"}}
2021-05-28 07:50:06 :: ----------send data payment:32108------------
2021-05-28 07:50:06 :: {"date":"2021-05-28","invoices":[{"amount":"86001","id":"32108"}],"bankAccount":2}
2021-05-28 07:50:08 :: ----------result data payment:32108------------
2021-05-28 07:50:08 :: {"id":"33267","date":"2021-05-28","number":"31894","amount":"86001.0000000000","observations":null,"anotation":null,"type":"in","paymentMethod":"","status":"open","bankAccount":{"id":"2","name":"PAYU","type":"bank"},"client":{"id":"24186","name":"NICOLE MELISSA RINCON VERGARA","phone":"3059252244"},"invoices":[{"id":"32108","number":"34369","date":"2021-05-28","amount":86001,"total":86001,"balance":0}],"costCenter":null,"numberTemplate":{"id":"3","prefix":"","number":"31894","fullNumber":"31894","formattedNumber":"31894"}}
2021-05-28 08:45:16 :: ----------send data payment:32109------------
2021-05-28 08:45:16 :: {"date":"2021-05-28","invoices":[{"amount":"115440","id":"32109"}],"bankAccount":2}
2021-05-28 08:45:17 :: ----------result data payment:32109------------
2021-05-28 08:45:17 :: {"id":"33268","date":"2021-05-28","number":"31895","amount":"115440.0000000000","observations":null,"anotation":null,"type":"in","paymentMethod":"","status":"open","bankAccount":{"id":"2","name":"PAYU","type":"bank"},"client":{"id":"25175","name":"Leidy schonhobel","phone":"3137953009"},"invoices":[{"id":"32109","number":"34370","date":"2021-05-28","amount":115440,"total":115440,"balance":0}],"costCenter":null,"numberTemplate":{"id":"3","prefix":"","number":"31895","fullNumber":"31895","formattedNumber":"31895"}}
2021-05-28 09:20:08 :: ----------send data payment:32110------------
2021-05-28 09:20:08 :: {"date":"2021-05-28","invoices":[{"amount":"49999","id":"32110"}],"bankAccount":2}
2021-05-28 09:20:10 :: ----------result data payment:32110------------
2021-05-28 09:20:10 :: {"id":"33269","date":"2021-05-28","number":"31896","amount":"49999.0000000000","observations":null,"anotation":null,"type":"in","paymentMethod":"","status":"open","bankAccount":{"id":"2","name":"PAYU","type":"bank"},"client":{"id":"25176","name":"Daniela","phone":"3228241269"},"invoices":[{"id":"32110","number":"34371","date":"2021-05-28","amount":49999,"total":49999,"balance":0}],"costCenter":null,"numberTemplate":{"id":"3","prefix":"","number":"31896","fullNumber":"31896","formattedNumber":"31896"}}
2021-05-28 09:30:23 :: ----------send data payment:32111------------
2021-05-28 09:30:23 :: {"date":"2021-05-28","invoices":[{"amount":"112401","id":"32111"}],"bankAccount":2}
2021-05-28 09:30:25 :: ----------result data payment:32111------------
2021-05-28 09:30:25 :: {"id":"33270","date":"2021-05-28","number":"31897","amount":"112401.0000000000","observations":null,"anotation":null,"type":"in","paymentMethod":"","status":"open","bankAccount":{"id":"2","name":"PAYU","type":"bank"},"client":{"id":"25177","name":"Yenifer Andrea Malagon","phone":"3144176802"},"invoices":[{"id":"32111","number":"34372","date":"2021-05-28","amount":112401,"total":112401,"balance":0}],"costCenter":null,"numberTemplate":{"id":"3","prefix":"","number":"31897","fullNumber":"31897","formattedNumber":"31897"}}
2021-05-28 10:05:21 :: ----------send data payment:32112------------
2021-05-28 10:05:21 :: {"date":"2021-05-28","invoices":[{"amount":"241927","id":"32112"}],"bankAccount":2}
2021-05-28 10:05:31 :: ----------result data payment:32112------------
2021-05-28 10:05:31 :: {"id":"33271","date":"2021-05-28","number":"31898","amount":"241927.0000000000","observations":null,"anotation":null,"type":"in","paymentMethod":"","status":"open","bankAccount":{"id":"2","name":"PAYU","type":"bank"},"client":{"id":"25178","name":"Helena Ramirez","phone":"3106772697"},"invoices":[{"id":"32112","number":"34373","date":"2021-05-28","amount":241927,"total":241927,"balance":0}],"costCenter":null,"numberTemplate":{"id":"3","prefix":"","number":"31898","fullNumber":"31898","formattedNumber":"31898"}}
2021-05-28 10:10:08 :: ----------send data payment:32113------------
2021-05-28 10:10:08 :: {"date":"2021-05-28","invoices":[{"amount":"80001","id":"32113"}],"bankAccount":2}
2021-05-28 10:10:10 :: ----------result data payment:32113------------
2021-05-28 10:10:10 :: {"id":"33272","date":"2021-05-28","number":"31899","amount":"80001.0000000000","observations":null,"anotation":null,"type":"in","paymentMethod":"","status":"open","bankAccount":{"id":"2","name":"PAYU","type":"bank"},"client":{"id":"25179","name":"Claudia Martinez","phone":"3023173467"},"invoices":[{"id":"32113","number":"34374","date":"2021-05-28","amount":80001,"total":80001,"balance":0}],"costCenter":null,"numberTemplate":{"id":"3","prefix":"","number":"31899","fullNumber":"31899","formattedNumber":"31899"}}
2021-05-28 10:30:08 :: ----------send data payment:32114------------
2021-05-28 10:30:08 :: {"date":"2021-05-28","invoices":[{"amount":"121199","id":"32114"}],"bankAccount":2}
2021-05-28 10:30:09 :: ----------result data payment:32114------------
2021-05-28 10:30:09 :: {"id":"33275","date":"2021-05-28","number":"31901","amount":"121199.0000000000","observations":null,"anotation":null,"type":"in","paymentMethod":"","status":"open","bankAccount":{"id":"2","name":"PAYU","type":"bank"},"client":{"id":"25180","name":"Lina Ipiales","phone":"3006892722"},"invoices":[{"id":"32114","number":"34375","date":"2021-05-28","amount":121199,"total":121199,"balance":0}],"costCenter":null,"numberTemplate":{"id":"3","prefix":"","number":"31901","fullNumber":"31901","formattedNumber":"31901"}}
2021-05-28 10:55:15 :: ----------send data payment:32115------------
2021-05-28 10:55:15 :: {"date":"2021-05-28","invoices":[{"amount":"91281","id":"32115"}],"bankAccount":2}
2021-05-28 10:55:16 :: ----------result data payment:32115------------
2021-05-28 10:55:16 :: {"id":"33279","date":"2021-05-28","number":"31904","amount":"91281.0000000000","observations":null,"anotation":null,"type":"in","paymentMethod":"","status":"open","bankAccount":{"id":"2","name":"PAYU","type":"bank"},"client":{"id":"25181","name":"Nathalia Vargas","phone":"3188799241"},"invoices":[{"id":"32115","number":"34376","date":"2021-05-28","amount":91281,"total":91281,"balance":0}],"costCenter":null,"numberTemplate":{"id":"3","prefix":"","number":"31904","fullNumber":"31904","formattedNumber":"31904"}}
2021-05-28 11:35:14 :: ----------send data payment:32116------------
2021-05-28 11:35:14 :: {"date":"2021-05-28","invoices":[{"amount":"62000","id":"32116"}],"bankAccount":2}
2021-05-28 11:35:16 :: ----------result data payment:32116------------
2021-05-28 11:35:16 :: {"id":"33280","date":"2021-05-28","number":"31905","amount":"62000.0000000000","observations":null,"anotation":null,"type":"in","paymentMethod":"","status":"open","bankAccount":{"id":"2","name":"PAYU","type":"bank"},"client":{"id":"25182","name":"Karen Lozano","phone":"3002436331"},"invoices":[{"id":"32116","number":"34377","date":"2021-05-28","amount":62000,"total":62000,"balance":0}],"costCenter":null,"numberTemplate":{"id":"3","prefix":"","number":"31905","fullNumber":"31905","formattedNumber":"31905"}}
2021-05-28 12:25:12 :: ----------send data payment:32117------------
2021-05-28 12:25:12 :: {"date":"2021-05-28","invoices":[{"amount":"179200","id":"32117"}],"bankAccount":2}
2021-05-28 12:25:13 :: ----------result data payment:32117------------
2021-05-28 12:25:13 :: {"id":"33281","date":"2021-05-28","number":"31906","amount":"179200.0000000000","observations":null,"anotation":null,"type":"in","paymentMethod":"","status":"open","bankAccount":{"id":"2","name":"PAYU","type":"bank"},"client":{"id":"25183","name":"Yuly Oviedo","phone":"3108519608"},"invoices":[{"id":"32117","number":"34378","date":"2021-05-28","amount":179200,"total":179200,"balance":0}],"costCenter":null,"numberTemplate":{"id":"3","prefix":"","number":"31906","fullNumber":"31906","formattedNumber":"31906"}}
2021-05-28 01:15:19 :: ----------send data payment:32118------------
2021-05-28 01:15:19 :: {"date":"2021-05-28","invoices":[{"amount":"95118","id":"32118"}],"bankAccount":2}
2021-05-28 01:15:22 :: ----------result data payment:32118------------
2021-05-28 01:15:22 :: {"id":"33284","date":"2021-05-28","number":"31907","amount":"95118.0000000000","observations":null,"anotation":null,"type":"in","paymentMethod":"","status":"open","bankAccount":{"id":"2","name":"PAYU","type":"bank"},"client":{"id":"25184","name":"Monik Jimenez","phone":"3205772731"},"invoices":[{"id":"32118","number":"34379","date":"2021-05-28","amount":95118,"total":95118,"balance":0}],"costCenter":null,"numberTemplate":{"id":"3","prefix":"","number":"31907","fullNumber":"31907","formattedNumber":"31907"}}
2021-05-28 01:50:11 :: ----------send data payment:32119------------
2021-05-28 01:50:11 :: {"date":"2021-05-28","invoices":[{"amount":"124558","id":"32119"}],"bankAccount":2}
2021-05-28 01:50:13 :: ----------result data payment:32119------------
2021-05-28 01:50:13 :: {"id":"33286","date":"2021-05-28","number":"31908","amount":"124558.0000000000","observations":null,"anotation":null,"type":"in","paymentMethod":"","status":"open","bankAccount":{"id":"2","name":"PAYU","type":"bank"},"client":{"id":"25185","name":"Miriana Paola Julio Munzon","phone":"3126353916"},"invoices":[{"id":"32119","number":"34380","date":"2021-05-28","amount":124558,"total":124558,"balance":0}],"costCenter":null,"numberTemplate":{"id":"3","prefix":"","number":"31908","fullNumber":"31908","formattedNumber":"31908"}}
2021-05-28 02:30:09 :: ----------send data payment:32120------------
2021-05-28 02:30:09 :: {"date":"2021-05-28","invoices":[{"amount":"125199","id":"32120"}],"bankAccount":2}
2021-05-28 02:30:11 :: ----------result data payment:32120------------
2021-05-28 02:30:11 :: {"id":"33291","date":"2021-05-28","number":"31913","amount":"125199.0000000000","observations":null,"anotation":null,"type":"in","paymentMethod":"","status":"open","bankAccount":{"id":"2","name":"PAYU","type":"bank"},"client":{"id":"25186","name":"Maria Paula Cubides","phone":"3002659041"},"invoices":[{"id":"32120","number":"34381","date":"2021-05-28","amount":125199,"total":125199,"balance":0}],"costCenter":null,"numberTemplate":{"id":"3","prefix":"","number":"31913","fullNumber":"31913","formattedNumber":"31913"}}
2021-05-28 03:10:11 :: ----------send data payment:32121------------
2021-05-28 03:10:11 :: {"date":"2021-05-28","invoices":[{"amount":"74001","id":"32121"}],"bankAccount":2}
2021-05-28 03:10:13 :: ----------result data payment:32121------------
2021-05-28 03:10:13 :: {"id":"33292","date":"2021-05-28","number":"31914","amount":"74001.0000000000","observations":null,"anotation":null,"type":"in","paymentMethod":"","status":"open","bankAccount":{"id":"2","name":"PAYU","type":"bank"},"client":{"id":"25187","name":"Angie Monsalve","phone":"3177417602"},"invoices":[{"id":"32121","number":"34382","date":"2021-05-28","amount":74001,"total":74001,"balance":0}],"costCenter":null,"numberTemplate":{"id":"3","prefix":"","number":"31914","fullNumber":"31914","formattedNumber":"31914"}}
2021-05-28 03:10:14 :: ----------send data payment:32122------------
2021-05-28 03:10:14 :: {"date":"2021-05-28","invoices":[{"amount":"41000","id":"32122"}],"bankAccount":2}
2021-05-28 03:10:16 :: ----------result data payment:32122------------
2021-05-28 03:10:16 :: {"id":"33293","date":"2021-05-28","number":"31915","amount":"41000.0000000000","observations":null,"anotation":null,"type":"in","paymentMethod":"","status":"open","bankAccount":{"id":"2","name":"PAYU","type":"bank"},"client":{"id":"1442","name":"Paola Sastoque","phone":"3164826873"},"invoices":[{"id":"32122","number":"34383","date":"2021-05-28","amount":41000,"total":41000,"balance":0}],"costCenter":null,"numberTemplate":{"id":"3","prefix":"","number":"31915","fullNumber":"31915","formattedNumber":"31915"}}
2021-05-28 03:20:10 :: ----------send data payment:32123------------
2021-05-28 03:20:10 :: {"date":"2021-05-28","invoices":[{"amount":"140800","id":"32123"}],"bankAccount":2}
2021-05-28 03:20:12 :: ----------result data payment:32123------------
2021-05-28 03:20:12 :: {"id":"33294","date":"2021-05-28","number":"31916","amount":"140800.0000000000","observations":null,"anotation":null,"type":"in","paymentMethod":"","status":"open","bankAccount":{"id":"2","name":"PAYU","type":"bank"},"client":{"id":"25188","name":"Victoria Carvajal","phone":"3162380142"},"invoices":[{"id":"32123","number":"34384","date":"2021-05-28","amount":140800,"total":140800,"balance":0}],"costCenter":null,"numberTemplate":{"id":"3","prefix":"","number":"31916","fullNumber":"31916","formattedNumber":"31916"}}
2021-05-28 04:00:09 :: ----------send data payment:32124------------
2021-05-28 04:00:09 :: {"date":"2021-05-28","invoices":[{"amount":"110482","id":"32124"}],"bankAccount":2}
2021-05-28 04:00:11 :: ----------result data payment:32124------------
2021-05-28 04:00:11 :: {"id":"33295","date":"2021-05-28","number":"31917","amount":"110482.0000000000","observations":null,"anotation":null,"type":"in","paymentMethod":"","status":"open","bankAccount":{"id":"2","name":"PAYU","type":"bank"},"client":{"id":"15350","name":"Vanessa Garc\u00eda","phone":"3142182004"},"invoices":[{"id":"32124","number":"34385","date":"2021-05-28","amount":110482,"total":110482,"balance":0}],"costCenter":null,"numberTemplate":{"id":"3","prefix":"","number":"31917","fullNumber":"31917","formattedNumber":"31917"}}
2021-05-28 04:00:14 :: ----------send data payment:32125------------
2021-05-28 04:00:14 :: {"date":"2021-05-28","invoices":[{"amount":"95001","id":"32125"}],"bankAccount":2}
2021-05-28 04:00:15 :: ----------result data payment:32125------------
2021-05-28 04:00:15 :: {"id":"33296","date":"2021-05-28","number":"31918","amount":"95001.0000000000","observations":null,"anotation":null,"type":"in","paymentMethod":"","status":"open","bankAccount":{"id":"2","name":"PAYU","type":"bank"},"client":{"id":"25189","name":"Marlen Molina","phone":"3108088111"},"invoices":[{"id":"32125","number":"34386","date":"2021-05-28","amount":95001,"total":95001,"balance":0}],"costCenter":null,"numberTemplate":{"id":"3","prefix":"","number":"31918","fullNumber":"31918","formattedNumber":"31918"}}
2021-05-28 04:45:12 :: ----------send data payment:32126------------
2021-05-28 04:45:12 :: {"date":"2021-05-28","invoices":[{"amount":"80001","id":"32126"}],"bankAccount":2}
2021-05-28 04:45:15 :: ----------result data payment:32126------------
2021-05-28 04:45:15 :: {"id":"33297","date":"2021-05-28","number":"31919","amount":"80001.0000000000","observations":null,"anotation":null,"type":"in","paymentMethod":"","status":"open","bankAccount":{"id":"2","name":"PAYU","type":"bank"},"client":{"id":"25190","name":"LG RP","phone":"3007569651"},"invoices":[{"id":"32126","number":"34387","date":"2021-05-28","amount":80001,"total":80001,"balance":0}],"costCenter":null,"numberTemplate":{"id":"3","prefix":"","number":"31919","fullNumber":"31919","formattedNumber":"31919"}}
2021-05-28 05:05:15 :: ----------send data payment:32127------------
2021-05-28 05:05:15 :: {"date":"2021-05-28","invoices":[{"amount":"22000","id":"32127"}],"bankAccount":2}
2021-05-28 05:05:21 :: ----------result data payment:32127------------
2021-05-28 05:05:21 :: {"id":"33298","date":"2021-05-28","number":"31920","amount":"22000.0000000000","observations":null,"anotation":null,"type":"in","paymentMethod":"","status":"open","bankAccount":{"id":"2","name":"PAYU","type":"bank"},"client":{"id":"24700","name":"Sandra Milena Benitez Parra","phone":"3206281810"},"invoices":[{"id":"32127","number":"34388","date":"2021-05-28","amount":22000,"total":22000,"balance":0}],"costCenter":null,"numberTemplate":{"id":"3","prefix":"","number":"31920","fullNumber":"31920","formattedNumber":"31920"}}
2021-05-28 05:15:09 :: ----------send data payment:32128------------
2021-05-28 05:15:09 :: {"date":"2021-05-28","invoices":[{"amount":"81040","id":"32128"}],"bankAccount":2}
2021-05-28 05:15:11 :: ----------result data payment:32128------------
2021-05-28 05:15:11 :: {"id":"33299","date":"2021-05-28","number":"31921","amount":"81040.0000000000","observations":null,"anotation":null,"type":"in","paymentMethod":"","status":"open","bankAccount":{"id":"2","name":"PAYU","type":"bank"},"client":{"id":"1539","name":"Lorena Rojas","phone":"3003484797"},"invoices":[{"id":"32128","number":"34389","date":"2021-05-28","amount":81040,"total":81040,"balance":0}],"costCenter":null,"numberTemplate":{"id":"3","prefix":"","number":"31921","fullNumber":"31921","formattedNumber":"31921"}}
2021-05-28 05:40:09 :: ----------send data payment:32129------------
2021-05-28 05:40:09 :: {"date":"2021-05-28","invoices":[{"amount":"60000","id":"32129"}],"bankAccount":2}
2021-05-28 05:40:11 :: ----------result data payment:32129------------
2021-05-28 05:40:11 :: {"id":"33300","date":"2021-05-28","number":"31922","amount":"60000.0000000000","observations":null,"anotation":null,"type":"in","paymentMethod":"","status":"open","bankAccount":{"id":"2","name":"PAYU","type":"bank"},"client":{"id":"25191","name":"Natalia Miranda Torrado","phone":"3103086966"},"invoices":[{"id":"32129","number":"34390","date":"2021-05-28","amount":60000,"total":60000,"balance":0}],"costCenter":null,"numberTemplate":{"id":"3","prefix":"","number":"31922","fullNumber":"31922","formattedNumber":"31922"}}
2021-05-28 06:50:09 :: ----------send data payment:32130------------
2021-05-28 06:50:09 :: {"date":"2021-05-28","invoices":[{"amount":"44000","id":"32130"}],"bankAccount":2}
2021-05-28 06:50:10 :: ----------result data payment:32130------------
2021-05-28 06:50:10 :: {"id":"33301","date":"2021-05-28","number":"31923","amount":"44000.0000000000","observations":null,"anotation":null,"type":"in","paymentMethod":"","status":"open","bankAccount":{"id":"2","name":"PAYU","type":"bank"},"client":{"id":"25192","name":"Laura Camila Rodriguez Amaya","phone":"3022408815"},"invoices":[{"id":"32130","number":"34391","date":"2021-05-28","amount":44000,"total":44000,"balance":0}],"costCenter":null,"numberTemplate":{"id":"3","prefix":"","number":"31923","fullNumber":"31923","formattedNumber":"31923"}}
2021-05-28 06:55:10 :: ----------send data payment:32131------------
2021-05-28 06:55:10 :: {"date":"2021-05-28","invoices":[{"amount":"90003","id":"32131"}],"bankAccount":2}
2021-05-28 06:55:11 :: ----------result data payment:32131------------
2021-05-28 06:55:11 :: {"id":"33302","date":"2021-05-28","number":"31924","amount":"90003.0000000000","observations":null,"anotation":null,"type":"in","paymentMethod":"","status":"open","bankAccount":{"id":"2","name":"PAYU","type":"bank"},"client":{"id":"22825","name":"Leidy viviana D\u00edaz romero","phone":"3204348097"},"invoices":[{"id":"32131","number":"34392","date":"2021-05-28","amount":90003,"total":90003,"balance":0}],"costCenter":null,"numberTemplate":{"id":"3","prefix":"","number":"31924","fullNumber":"31924","formattedNumber":"31924"}}
2021-05-28 07:05:09 :: ----------send data payment:32132------------
2021-05-28 07:05:09 :: {"date":"2021-05-28","invoices":[{"amount":"40000","id":"32132"}],"bankAccount":2}
2021-05-28 07:05:10 :: ----------result data payment:32132------------
2021-05-28 07:05:10 :: {"id":"33303","date":"2021-05-28","number":"31925","amount":"40000.0000000000","observations":null,"anotation":null,"type":"in","paymentMethod":"","status":"open","bankAccount":{"id":"2","name":"PAYU","type":"bank"},"client":{"id":"25193","name":"Gineth Serrano Pab\u00f3n","phone":"3115661280"},"invoices":[{"id":"32132","number":"34393","date":"2021-05-28","amount":40000,"total":40000,"balance":0}],"costCenter":null,"numberTemplate":{"id":"3","prefix":"","number":"31925","fullNumber":"31925","formattedNumber":"31925"}}
2021-05-28 07:15:15 :: ----------send data payment:32133------------
2021-05-28 07:15:15 :: {"date":"2021-05-28","invoices":[{"amount":"75283","id":"32133"}],"bankAccount":2}
2021-05-28 07:15:17 :: ----------result data payment:32133------------
2021-05-28 07:15:17 :: {"id":"33304","date":"2021-05-28","number":"31926","amount":"75283.0000000000","observations":null,"anotation":null,"type":"in","paymentMethod":"","status":"open","bankAccount":{"id":"2","name":"PAYU","type":"bank"},"client":{"id":"25194","name":"Natalia Moreno Arguello","phone":"3043526315"},"invoices":[{"id":"32133","number":"34394","date":"2021-05-28","amount":75283,"total":75283,"balance":0}],"costCenter":null,"numberTemplate":{"id":"3","prefix":"","number":"31926","fullNumber":"31926","formattedNumber":"31926"}}
2021-05-28 07:40:12 :: ----------send data payment:32134------------
2021-05-28 07:40:12 :: {"date":"2021-05-28","invoices":[{"amount":"74001","id":"32134"}],"bankAccount":2}
2021-05-28 07:40:13 :: ----------result data payment:32134------------
2021-05-28 07:40:13 :: {"id":"33305","date":"2021-05-28","number":"31927","amount":"74001.0000000000","observations":null,"anotation":null,"type":"in","paymentMethod":"","status":"open","bankAccount":{"id":"2","name":"PAYU","type":"bank"},"client":{"id":"25195","name":"Saray Ortiz","phone":"3132316333"},"invoices":[{"id":"32134","number":"34395","date":"2021-05-28","amount":74001,"total":74001,"balance":0}],"costCenter":null,"numberTemplate":{"id":"3","prefix":"","number":"31927","fullNumber":"31927","formattedNumber":"31927"}}
2021-05-28 09:45:13 :: ----------send data payment:32135------------
2021-05-28 09:45:13 :: {"date":"2021-05-28","invoices":[{"amount":"106999","id":"32135"}],"bankAccount":2}
2021-05-28 09:45:14 :: ----------result data payment:32135------------
2021-05-28 09:45:14 :: {"id":"33306","date":"2021-05-28","number":"31928","amount":"106999.0000000000","observations":null,"anotation":null,"type":"in","paymentMethod":"","status":"open","bankAccount":{"id":"2","name":"PAYU","type":"bank"},"client":{"id":"14268","name":"Valentina Rueda","phone":"3204234082"},"invoices":[{"id":"32135","number":"34396","date":"2021-05-28","amount":106999,"total":106999,"balance":0}],"costCenter":null,"numberTemplate":{"id":"3","prefix":"","number":"31928","fullNumber":"31928","formattedNumber":"31928"}}
2021-05-28 10:05:17 :: ----------send data payment:32136------------
2021-05-28 10:05:17 :: {"date":"2021-05-28","invoices":[{"amount":"39000","id":"32136"}],"bankAccount":2}
2021-05-28 10:05:18 :: ----------result data payment:32136------------
2021-05-28 10:05:18 :: {"id":"33307","date":"2021-05-28","number":"31929","amount":"39000.0000000000","observations":null,"anotation":null,"type":"in","paymentMethod":"","status":"open","bankAccount":{"id":"2","name":"PAYU","type":"bank"},"client":{"id":"25196","name":"Genesis Barreto","phone":"3162552356"},"invoices":[{"id":"32136","number":"34397","date":"2021-05-28","amount":39000,"total":39000,"balance":0}],"costCenter":null,"numberTemplate":{"id":"3","prefix":"","number":"31929","fullNumber":"31929","formattedNumber":"31929"}}
2021-05-28 10:10:08 :: ----------send data payment:32137------------
2021-05-28 10:10:08 :: {"date":"2021-05-28","invoices":[{"amount":"105364","id":"32137"}],"bankAccount":2}
2021-05-28 10:10:09 :: ----------result data payment:32137------------
2021-05-28 10:10:09 :: {"id":"33308","date":"2021-05-28","number":"31930","amount":"105364.0000000000","observations":null,"anotation":null,"type":"in","paymentMethod":"","status":"open","bankAccount":{"id":"2","name":"PAYU","type":"bank"},"client":{"id":"25197","name":"Natalia Ivonne Torres","phone":"3168099888"},"invoices":[{"id":"32137","number":"34398","date":"2021-05-28","amount":105364,"total":105364,"balance":0}],"costCenter":null,"numberTemplate":{"id":"3","prefix":"","number":"31930","fullNumber":"31930","formattedNumber":"31930"}}
2021-05-28 10:30:11 :: ----------send data payment:32138------------
2021-05-28 10:30:11 :: {"date":"2021-05-28","invoices":[{"amount":"77840","id":"32138"}],"bankAccount":2}
2021-05-28 10:30:12 :: ----------result data payment:32138------------
2021-05-28 10:30:12 :: {"id":"33309","date":"2021-05-28","number":"31931","amount":"77840.0000000000","observations":null,"anotation":null,"type":"in","paymentMethod":"","status":"open","bankAccount":{"id":"2","name":"PAYU","type":"bank"},"client":{"id":"25198","name":"Clara Rodriguez","phone":"3125029900"},"invoices":[{"id":"32138","number":"34399","date":"2021-05-28","amount":77840,"total":77840,"balance":0}],"costCenter":null,"numberTemplate":{"id":"3","prefix":"","number":"31931","fullNumber":"31931","formattedNumber":"31931"}}
2021-05-28 10:40:08 :: ----------send data payment:32139------------
2021-05-28 10:40:08 :: {"date":"2021-05-28","invoices":[{"amount":"77841","id":"32139"}],"bankAccount":2}
2021-05-28 10:40:10 :: ----------result data payment:32139------------
2021-05-28 10:40:10 :: {"id":"33310","date":"2021-05-28","number":"31932","amount":"77841.0000000000","observations":null,"anotation":null,"type":"in","paymentMethod":"","status":"open","bankAccount":{"id":"2","name":"PAYU","type":"bank"},"client":{"id":"25199","name":"Stefanny Barragan","phone":"3108555931"},"invoices":[{"id":"32139","number":"34400","date":"2021-05-28","amount":77841,"total":77841,"balance":0}],"costCenter":null,"numberTemplate":{"id":"3","prefix":"","number":"31932","fullNumber":"31932","formattedNumber":"31932"}}