
2021-06-07 07:30:10 :: ----------send data payment:32430------------
2021-06-07 07:30:10 :: {"date":"2021-06-07","invoices":[{"amount":"164001","id":"32430"}],"bankAccount":2}
2021-06-07 07:30:11 :: ----------result data payment:32430------------
2021-06-07 07:30:11 :: {"id":"33668","date":"2021-06-07","number":"32260","amount":"164001.0000000000","observations":null,"anotation":null,"type":"in","paymentMethod":"","status":"open","bankAccount":{"id":"2","name":"PAYU","type":"bank"},"client":{"id":"25399","name":"Irene Riveros Barrera","phone":"3208339662"},"invoices":[{"id":"32430","number":"34691","date":"2021-06-07","amount":164001,"total":164001,"balance":0}],"costCenter":null,"numberTemplate":{"id":"3","prefix":"","number":"32260","fullNumber":"32260","formattedNumber":"32260"}}
2021-06-07 08:40:09 :: ----------send data payment:32431------------
2021-06-07 08:40:09 :: {"date":"2021-06-07","invoices":[{"amount":"34600","id":"32431"}],"bankAccount":2}
2021-06-07 08:40:11 :: ----------result data payment:32431------------
2021-06-07 08:40:11 :: {"id":"33669","date":"2021-06-07","number":"32261","amount":"34600.0000000000","observations":null,"anotation":null,"type":"in","paymentMethod":"","status":"open","bankAccount":{"id":"2","name":"PAYU","type":"bank"},"client":{"id":"25400","name":"Diana","phone":"3045585695"},"invoices":[{"id":"32431","number":"34692","date":"2021-06-07","amount":34600,"total":34600,"balance":0}],"costCenter":null,"numberTemplate":{"id":"3","prefix":"","number":"32261","fullNumber":"32261","formattedNumber":"32261"}}
2021-06-07 09:10:08 :: ----------send data payment:32432------------
2021-06-07 09:10:08 :: {"date":"2021-06-07","invoices":[{"amount":"55500","id":"32432"}],"bankAccount":2}
2021-06-07 09:10:09 :: ----------result data payment:32432------------
2021-06-07 09:10:09 :: {"id":"33670","date":"2021-06-07","number":"32262","amount":"55500.0000000000","observations":null,"anotation":null,"type":"in","paymentMethod":"","status":"open","bankAccount":{"id":"2","name":"PAYU","type":"bank"},"client":{"id":"25401","name":"Laura johana Vel\u00e1squez Ballesteros","phone":"3118446909"},"invoices":[{"id":"32432","number":"34693","date":"2021-06-07","amount":55500,"total":55500,"balance":0}],"costCenter":null,"numberTemplate":{"id":"3","prefix":"","number":"32262","fullNumber":"32262","formattedNumber":"32262"}}
2021-06-07 09:55:14 :: ----------send data payment:32433------------
2021-06-07 09:55:14 :: {"date":"2021-06-07","invoices":[{"amount":"69000","id":"32433"}],"bankAccount":2}
2021-06-07 09:55:16 :: ----------result data payment:32433------------
2021-06-07 09:55:16 :: {"id":"33671","date":"2021-06-07","number":"32263","amount":"69000.0000000000","observations":null,"anotation":null,"type":"in","paymentMethod":"","status":"open","bankAccount":{"id":"2","name":"PAYU","type":"bank"},"client":{"id":"25402","name":"katibarros97","phone":"3165804476"},"invoices":[{"id":"32433","number":"34694","date":"2021-06-07","amount":69000,"total":69000,"balance":0}],"costCenter":null,"numberTemplate":{"id":"3","prefix":"","number":"32263","fullNumber":"32263","formattedNumber":"32263"}}
2021-06-07 10:05:09 :: ----------send data payment:32434------------
2021-06-07 10:05:09 :: {"date":"2021-06-07","invoices":[{"amount":"52000","id":"32434"}],"bankAccount":2}
2021-06-07 10:05:11 :: ----------result data payment:32434------------
2021-06-07 10:05:11 :: {"id":"33672","date":"2021-06-07","number":"32264","amount":"52000.0000000000","observations":null,"anotation":null,"type":"in","paymentMethod":"","status":"open","bankAccount":{"id":"2","name":"PAYU","type":"bank"},"client":{"id":"25403","name":"Camila Cruz Mususu","phone":"3144448762"},"invoices":[{"id":"32434","number":"34695","date":"2021-06-07","amount":52000,"total":52000,"balance":0}],"costCenter":null,"numberTemplate":{"id":"3","prefix":"","number":"32264","fullNumber":"32264","formattedNumber":"32264"}}
2021-06-07 10:20:07 :: ----------send data payment:32435------------
2021-06-07 10:20:07 :: {"date":"2021-06-07","invoices":[{"amount":"86001","id":"32435"}],"bankAccount":2}
2021-06-07 10:20:09 :: ----------result data payment:32435------------
2021-06-07 10:20:09 :: {"id":"33673","date":"2021-06-07","number":"32265","amount":"86001.0000000000","observations":null,"anotation":null,"type":"in","paymentMethod":"","status":"open","bankAccount":{"id":"2","name":"PAYU","type":"bank"},"client":{"id":"25404","name":"Mafe Siabatto","phone":"3057378370"},"invoices":[{"id":"32435","number":"34696","date":"2021-06-07","amount":86001,"total":86001,"balance":0}],"costCenter":null,"numberTemplate":{"id":"3","prefix":"","number":"32265","fullNumber":"32265","formattedNumber":"32265"}}
2021-06-07 10:45:14 :: ----------send data payment:32436------------
2021-06-07 10:45:14 :: {"date":"2021-06-07","invoices":[{"amount":"36600","id":"32436"}],"bankAccount":2}
2021-06-07 10:45:16 :: ----------result data payment:32436------------
2021-06-07 10:45:16 :: {"id":"33674","date":"2021-06-07","number":"32266","amount":"36600.0000000000","observations":null,"anotation":null,"type":"in","paymentMethod":"","status":"open","bankAccount":{"id":"2","name":"PAYU","type":"bank"},"client":{"id":"25405","name":"Teresa Argel","phone":"3113620287"},"invoices":[{"id":"32436","number":"34697","date":"2021-06-07","amount":36600,"total":36600,"balance":0}],"costCenter":null,"numberTemplate":{"id":"3","prefix":"","number":"32266","fullNumber":"32266","formattedNumber":"32266"}}
2021-06-07 10:50:08 :: ----------send data payment:32437------------
2021-06-07 10:50:08 :: {"date":"2021-06-07","invoices":[{"amount":"73500","id":"32437"}],"bankAccount":2}
2021-06-07 10:50:09 :: ----------result data payment:32437------------
2021-06-07 10:50:09 :: {"id":"33675","date":"2021-06-07","number":"32267","amount":"73500.0000000000","observations":null,"anotation":null,"type":"in","paymentMethod":"","status":"open","bankAccount":{"id":"2","name":"PAYU","type":"bank"},"client":{"id":"25406","name":"Maryely Diaz","phone":"3118988955"},"invoices":[{"id":"32437","number":"34698","date":"2021-06-07","amount":73500,"total":73500,"balance":0}],"costCenter":null,"numberTemplate":{"id":"3","prefix":"","number":"32267","fullNumber":"32267","formattedNumber":"32267"}}
2021-06-07 12:50:08 :: ----------send data payment:32438------------
2021-06-07 12:50:08 :: {"date":"2021-06-07","invoices":[{"amount":"71000","id":"32438"}],"bankAccount":2}
2021-06-07 12:50:10 :: ----------result data payment:32438------------
2021-06-07 12:50:10 :: {"id":"33676","date":"2021-06-07","number":"32268","amount":"71000.0000000000","observations":null,"anotation":null,"type":"in","paymentMethod":"","status":"open","bankAccount":{"id":"2","name":"PAYU","type":"bank"},"client":{"id":"25407","name":"Leidy Johana Giraldo Rodriguez","phone":"3176983303"},"invoices":[{"id":"32438","number":"34699","date":"2021-06-07","amount":71000,"total":71000,"balance":0}],"costCenter":null,"numberTemplate":{"id":"3","prefix":"","number":"32268","fullNumber":"32268","formattedNumber":"32268"}}
2021-06-07 01:55:11 :: ----------send data payment:32439------------
2021-06-07 01:55:11 :: {"date":"2021-06-07","invoices":[{"amount":"55500","id":"32439"}],"bankAccount":2}
2021-06-07 01:55:13 :: ----------result data payment:32439------------
2021-06-07 01:55:13 :: {"id":"33677","date":"2021-06-07","number":"32269","amount":"55500.0000000000","observations":null,"anotation":null,"type":"in","paymentMethod":"","status":"open","bankAccount":{"id":"2","name":"PAYU","type":"bank"},"client":{"id":"25408","name":"Vivianne Pinto","phone":"3152970587"},"invoices":[{"id":"32439","number":"34700","date":"2021-06-07","amount":55500,"total":55500,"balance":0}],"costCenter":null,"numberTemplate":{"id":"3","prefix":"","number":"32269","fullNumber":"32269","formattedNumber":"32269"}}
2021-06-07 01:55:16 :: ----------send data payment:32440------------
2021-06-07 01:55:16 :: {"date":"2021-06-07","invoices":[{"amount":"69500","id":"32440"}],"bankAccount":2}
2021-06-07 01:55:17 :: ----------result data payment:32440------------
2021-06-07 01:55:17 :: {"id":"33678","date":"2021-06-07","number":"32270","amount":"69500.0000000000","observations":null,"anotation":null,"type":"in","paymentMethod":"","status":"open","bankAccount":{"id":"2","name":"PAYU","type":"bank"},"client":{"id":"25409","name":"Yudis Caballero","phone":"3045658549"},"invoices":[{"id":"32440","number":"34701","date":"2021-06-07","amount":69500,"total":69500,"balance":0}],"costCenter":null,"numberTemplate":{"id":"3","prefix":"","number":"32270","fullNumber":"32270","formattedNumber":"32270"}}
2021-06-07 02:50:07 :: ----------send data payment:32441------------
2021-06-07 02:50:07 :: {"date":"2021-06-07","invoices":[{"amount":"60000","id":"32441"}],"bankAccount":2}
2021-06-07 02:50:08 :: ----------result data payment:32441------------
2021-06-07 02:50:08 :: {"id":"33679","date":"2021-06-07","number":"32271","amount":"60000.0000000000","observations":null,"anotation":null,"type":"in","paymentMethod":"","status":"open","bankAccount":{"id":"2","name":"PAYU","type":"bank"},"client":{"id":"25222","name":"Marcela quintero","phone":"3144424152"},"invoices":[{"id":"32441","number":"34702","date":"2021-06-07","amount":60000,"total":60000,"balance":0}],"costCenter":null,"numberTemplate":{"id":"3","prefix":"","number":"32271","fullNumber":"32271","formattedNumber":"32271"}}
2021-06-07 03:35:12 :: ----------send data payment:32442------------
2021-06-07 03:35:12 :: {"date":"2021-06-07","invoices":[{"amount":"108500","id":"32442"}],"bankAccount":2}
2021-06-07 03:35:15 :: ----------result data payment:32442------------
2021-06-07 03:35:15 :: {"id":"33680","date":"2021-06-07","number":"32272","amount":"108500.0000000000","observations":null,"anotation":null,"type":"in","paymentMethod":"","status":"open","bankAccount":{"id":"2","name":"PAYU","type":"bank"},"client":{"id":"25410","name":"LINA BALLESTEROS KUNZEL","phone":"3016104704"},"invoices":[{"id":"32442","number":"34703","date":"2021-06-07","amount":108500,"total":108500,"balance":0}],"costCenter":null,"numberTemplate":{"id":"3","prefix":"","number":"32272","fullNumber":"32272","formattedNumber":"32272"}}
2021-06-07 04:15:12 :: ----------send data payment:32443------------
2021-06-07 04:15:12 :: {"date":"2021-06-07","invoices":[{"amount":"76000","id":"32443"}],"bankAccount":2}
2021-06-07 04:15:13 :: ----------result data payment:32443------------
2021-06-07 04:15:13 :: {"id":"33681","date":"2021-06-07","number":"32273","amount":"76000.0000000000","observations":null,"anotation":null,"type":"in","paymentMethod":"","status":"open","bankAccount":{"id":"2","name":"PAYU","type":"bank"},"client":{"id":"25411","name":"Karol vanessa vera","phone":"3125108269"},"invoices":[{"id":"32443","number":"34704","date":"2021-06-07","amount":76000,"total":76000,"balance":0}],"costCenter":null,"numberTemplate":{"id":"3","prefix":"","number":"32273","fullNumber":"32273","formattedNumber":"32273"}}
2021-06-07 04:45:17 :: ----------send data payment:32444------------
2021-06-07 04:45:17 :: {"date":"2021-06-07","invoices":[{"amount":"113500","id":"32444"}],"bankAccount":2}
2021-06-07 04:45:19 :: ----------result data payment:32444------------
2021-06-07 04:45:19 :: {"id":"33682","date":"2021-06-07","number":"32274","amount":"113500.0000000000","observations":null,"anotation":null,"type":"in","paymentMethod":"","status":"open","bankAccount":{"id":"2","name":"PAYU","type":"bank"},"client":{"id":"25412","name":"Julieth Cruz","phone":"3044758638"},"invoices":[{"id":"32444","number":"34705","date":"2021-06-07","amount":113500,"total":113500,"balance":0}],"costCenter":null,"numberTemplate":{"id":"3","prefix":"","number":"32274","fullNumber":"32274","formattedNumber":"32274"}}
2021-06-07 04:50:07 :: ----------send data payment:32445------------
2021-06-07 04:50:07 :: {"date":"2021-06-07","invoices":[{"amount":"28000","id":"32445"}],"bankAccount":2}
2021-06-07 04:50:08 :: ----------result data payment:32445------------
2021-06-07 04:50:08 :: {"id":"33683","date":"2021-06-07","number":"32275","amount":"28000.0000000000","observations":null,"anotation":null,"type":"in","paymentMethod":"","status":"open","bankAccount":{"id":"2","name":"PAYU","type":"bank"},"client":{"id":"21031","name":"Karen Johana Orjuela Tellez","phone":"3123419394"},"invoices":[{"id":"32445","number":"34706","date":"2021-06-07","amount":28000,"total":28000,"balance":0}],"costCenter":null,"numberTemplate":{"id":"3","prefix":"","number":"32275","fullNumber":"32275","formattedNumber":"32275"}}
2021-06-07 05:05:13 :: ----------send data payment:32446------------
2021-06-07 05:05:13 :: {"date":"2021-06-07","invoices":[{"amount":"47500","id":"32446"}],"bankAccount":2}
2021-06-07 05:05:14 :: ----------result data payment:32446------------
2021-06-07 05:05:14 :: {"id":"33684","date":"2021-06-07","number":"32276","amount":"47500.0000000000","observations":null,"anotation":null,"type":"in","paymentMethod":"","status":"open","bankAccount":{"id":"2","name":"PAYU","type":"bank"},"client":{"id":"25413","name":"Laura Valdez","phone":"3233982948"},"invoices":[{"id":"32446","number":"34707","date":"2021-06-07","amount":47500,"total":47500,"balance":0}],"costCenter":null,"numberTemplate":{"id":"3","prefix":"","number":"32276","fullNumber":"32276","formattedNumber":"32276"}}
2021-06-07 05:40:06 :: ----------send data payment:32447------------
2021-06-07 05:40:06 :: {"date":"2021-06-07","invoices":[{"amount":"48000","id":"32447"}],"bankAccount":2}
2021-06-07 05:40:08 :: ----------result data payment:32447------------
2021-06-07 05:40:08 :: {"id":"33685","date":"2021-06-07","number":"32277","amount":"48000.0000000000","observations":null,"anotation":null,"type":"in","paymentMethod":"","status":"open","bankAccount":{"id":"2","name":"PAYU","type":"bank"},"client":{"id":"5306","name":"Isabela Arenas","phone":"3233334505"},"invoices":[{"id":"32447","number":"34708","date":"2021-06-07","amount":48000,"total":48000,"balance":0}],"costCenter":null,"numberTemplate":{"id":"3","prefix":"","number":"32277","fullNumber":"32277","formattedNumber":"32277"}}
2021-06-07 05:50:08 :: ----------send data payment:32448------------
2021-06-07 05:50:08 :: {"date":"2021-06-07","invoices":[{"amount":"36600","id":"32448"}],"bankAccount":2}
2021-06-07 05:50:09 :: ----------result data payment:32448------------
2021-06-07 05:50:09 :: {"id":"33686","date":"2021-06-07","number":"32278","amount":"36600.0000000000","observations":null,"anotation":null,"type":"in","paymentMethod":"","status":"open","bankAccount":{"id":"2","name":"PAYU","type":"bank"},"client":{"id":"25414","name":"Sof\u00eda Moreno Buitrago","phone":"3022377329"},"invoices":[{"id":"32448","number":"34709","date":"2021-06-07","amount":36600,"total":36600,"balance":0}],"costCenter":null,"numberTemplate":{"id":"3","prefix":"","number":"32278","fullNumber":"32278","formattedNumber":"32278"}}
2021-06-07 07:00:08 :: ----------send data payment:32449------------
2021-06-07 07:00:08 :: {"date":"2021-06-07","invoices":[{"amount":"205000","id":"32449"}],"bankAccount":2}
2021-06-07 07:00:10 :: ----------result data payment:32449------------
2021-06-07 07:00:10 :: {"id":"33687","date":"2021-06-07","number":"32279","amount":"205000.0000000000","observations":null,"anotation":null,"type":"in","paymentMethod":"","status":"open","bankAccount":{"id":"2","name":"PAYU","type":"bank"},"client":{"id":"25415","name":"Guenis Guzman Guardias","phone":"3005702738"},"invoices":[{"id":"32449","number":"34710","date":"2021-06-07","amount":205000,"total":205000,"balance":0}],"costCenter":null,"numberTemplate":{"id":"3","prefix":"","number":"32279","fullNumber":"32279","formattedNumber":"32279"}}
2021-06-07 07:05:13 :: ----------send data payment:32450------------
2021-06-07 07:05:13 :: {"date":"2021-06-07","invoices":[{"amount":"129000","id":"32450"}],"bankAccount":2}
2021-06-07 07:05:14 :: ----------result data payment:32450------------
2021-06-07 07:05:14 :: {"id":"33688","date":"2021-06-07","number":"32280","amount":"129000.0000000000","observations":null,"anotation":null,"type":"in","paymentMethod":"","status":"open","bankAccount":{"id":"2","name":"PAYU","type":"bank"},"client":{"id":"25416","name":"Pammela Duarte Isaza","phone":"3176377688"},"invoices":[{"id":"32450","number":"34711","date":"2021-06-07","amount":129000,"total":129000,"balance":0}],"costCenter":null,"numberTemplate":{"id":"3","prefix":"","number":"32280","fullNumber":"32280","formattedNumber":"32280"}}
2021-06-07 07:15:15 :: ----------send data payment:32451------------
2021-06-07 07:15:15 :: {"date":"2021-06-07","invoices":[{"amount":"89500","id":"32451"}],"bankAccount":2}
2021-06-07 07:15:18 :: ----------result data payment:32451------------
2021-06-07 07:15:18 :: {"id":"33689","date":"2021-06-07","number":"32281","amount":"89500.0000000000","observations":null,"anotation":null,"type":"in","paymentMethod":"","status":"open","bankAccount":{"id":"2","name":"PAYU","type":"bank"},"client":{"id":"25417","name":"Isabella Jaramillo","phone":"3206677951"},"invoices":[{"id":"32451","number":"34712","date":"2021-06-07","amount":89500,"total":89500,"balance":0}],"costCenter":null,"numberTemplate":{"id":"3","prefix":"","number":"32281","fullNumber":"32281","formattedNumber":"32281"}}
2021-06-07 07:45:16 :: ----------send data payment:32452------------
2021-06-07 07:45:16 :: {"date":"2021-06-07","invoices":[{"amount":"35999","id":"32452"}],"bankAccount":2}
2021-06-07 07:45:17 :: ----------result data payment:32452------------
2021-06-07 07:45:17 :: {"id":"33690","date":"2021-06-07","number":"32282","amount":"35999.0000000000","observations":null,"anotation":null,"type":"in","paymentMethod":"","status":"open","bankAccount":{"id":"2","name":"PAYU","type":"bank"},"client":{"id":"24256","name":"julie.obando","phone":"3108505629"},"invoices":[{"id":"32452","number":"34713","date":"2021-06-07","amount":35999,"total":35999,"balance":0}],"costCenter":null,"numberTemplate":{"id":"3","prefix":"","number":"32282","fullNumber":"32282","formattedNumber":"32282"}}
2021-06-07 08:40:08 :: ----------send data payment:32453------------
2021-06-07 08:40:08 :: {"date":"2021-06-07","invoices":[{"amount":"75999","id":"32453"}],"bankAccount":2}
2021-06-07 08:40:10 :: ----------result data payment:32453------------
2021-06-07 08:40:10 :: {"id":"33691","date":"2021-06-07","number":"32283","amount":"75999.0000000000","observations":null,"anotation":null,"type":"in","paymentMethod":"","status":"open","bankAccount":{"id":"2","name":"PAYU","type":"bank"},"client":{"id":"25418","name":"Isabella Perilla","phone":"3146628858"},"invoices":[{"id":"32453","number":"34714","date":"2021-06-07","amount":75999,"total":75999,"balance":0}],"costCenter":null,"numberTemplate":{"id":"3","prefix":"","number":"32283","fullNumber":"32283","formattedNumber":"32283"}}
2021-06-07 08:50:08 :: ----------send data payment:32454------------
2021-06-07 08:50:08 :: {"date":"2021-06-07","invoices":[{"amount":"100000","id":"32454"}],"bankAccount":2}
2021-06-07 08:50:09 :: ----------result data payment:32454------------
2021-06-07 08:50:09 :: {"id":"33692","date":"2021-06-07","number":"32284","amount":"100000.0000000000","observations":null,"anotation":null,"type":"in","paymentMethod":"","status":"open","bankAccount":{"id":"2","name":"PAYU","type":"bank"},"client":{"id":"25419","name":"LAURA MARCELA","phone":"3194348926"},"invoices":[{"id":"32454","number":"34715","date":"2021-06-07","amount":100000,"total":100000,"balance":0}],"costCenter":null,"numberTemplate":{"id":"3","prefix":"","number":"32284","fullNumber":"32284","formattedNumber":"32284"}}
2021-06-07 09:55:18 :: ----------send data payment:32455------------
2021-06-07 09:55:18 :: {"date":"2021-06-07","invoices":[{"amount":"78000","id":"32455"}],"bankAccount":2}
2021-06-07 09:55:19 :: ----------result data payment:32455------------
2021-06-07 09:55:19 :: {"id":"33693","date":"2021-06-07","number":"32285","amount":"78000.0000000000","observations":null,"anotation":null,"type":"in","paymentMethod":"","status":"open","bankAccount":{"id":"2","name":"PAYU","type":"bank"},"client":{"id":"25420","name":"Yury \u00c1lvarez Altamiranda","phone":"3017856829"},"invoices":[{"id":"32455","number":"34716","date":"2021-06-07","amount":78000,"total":78000,"balance":0}],"costCenter":null,"numberTemplate":{"id":"3","prefix":"","number":"32285","fullNumber":"32285","formattedNumber":"32285"}}
2021-06-07 11:15:13 :: ----------send data payment:32456------------
2021-06-07 11:15:13 :: {"date":"2021-06-07","invoices":[{"amount":"157000","id":"32456"}],"bankAccount":2}
2021-06-07 11:15:15 :: ----------result data payment:32456------------
2021-06-07 11:15:15 :: {"id":"33694","date":"2021-06-07","number":"32286","amount":"157000.0000000000","observations":null,"anotation":null,"type":"in","paymentMethod":"","status":"open","bankAccount":{"id":"2","name":"PAYU","type":"bank"},"client":{"id":"25421","name":"Angelica Maria Pautt","phone":"3106353485"},"invoices":[{"id":"32456","number":"34717","date":"2021-06-07","amount":157000,"total":157000,"balance":0}],"costCenter":null,"numberTemplate":{"id":"3","prefix":"","number":"32286","fullNumber":"32286","formattedNumber":"32286"}}