
2021-10-09 12:41:09 :: ----------send data payment:39041------------
2021-10-09 12:41:09 :: {"date":"2021-10-09","invoices":[{"amount":"67000","id":"39041"}],"bankAccount":2}
2021-10-09 12:41:10 :: ----------result data payment:39041------------
2021-10-09 12:41:10 :: {"id":"40569","date":"2021-10-09","number":"38817","amount":"67000.0000000000","observations":null,"anotation":null,"type":"in","paymentMethod":"","status":"open","bankAccount":{"id":"2","name":"PAYU","type":"bank"},"client":{"id":"18711","name":"\u00c1ngela C\u00e1rdenas Castillo","phone":"3017849578"},"invoices":[{"id":"39041","number":"41302","date":"2021-10-09","amount":67000,"total":67000,"balance":0}],"costCenter":null,"numberTemplate":{"id":"3","prefix":"","number":"38817","fullNumber":"38817","formattedNumber":"38817"}}
2021-10-09 06:40:05 :: ----------send data payment:39042------------
2021-10-09 06:40:05 :: {"date":"2021-10-09","invoices":[{"amount":"66000","id":"39042"}],"bankAccount":2}
2021-10-09 06:40:06 :: ----------result data payment:39042------------
2021-10-09 06:40:06 :: {"id":"40570","date":"2021-10-09","number":"38818","amount":"66000.0000000000","observations":null,"anotation":null,"type":"in","paymentMethod":"","status":"open","bankAccount":{"id":"2","name":"PAYU","type":"bank"},"client":{"id":"30270","name":"Andrea","phone":"3197163408"},"invoices":[{"id":"39042","number":"41303","date":"2021-10-09","amount":66000,"total":66000,"balance":0}],"costCenter":null,"numberTemplate":{"id":"3","prefix":"","number":"38818","fullNumber":"38818","formattedNumber":"38818"}}
2021-10-09 07:00:13 :: ----------send data payment:39043------------
2021-10-09 07:00:13 :: {"date":"2021-10-09","invoices":[{"amount":"80000","id":"39043"}],"bankAccount":2}
2021-10-09 07:00:18 :: ----------result data payment:39043------------
2021-10-09 07:00:18 :: {"id":"40571","date":"2021-10-09","number":"38819","amount":"80000.0000000000","observations":null,"anotation":null,"type":"in","paymentMethod":"","status":"open","bankAccount":{"id":"2","name":"PAYU","type":"bank"},"client":{"id":"30271","name":"Alexandra Garz\u00f3n","phone":"3123295849"},"invoices":[{"id":"39043","number":"41304","date":"2021-10-09","amount":80000,"total":80000,"balance":0}],"costCenter":null,"numberTemplate":{"id":"3","prefix":"","number":"38819","fullNumber":"38819","formattedNumber":"38819"}}
2021-10-09 07:00:24 :: ----------send data payment:39044------------
2021-10-09 07:00:24 :: {"date":"2021-10-09","invoices":[{"amount":"99998","id":"39044"}],"bankAccount":2}
2021-10-09 07:00:26 :: ----------result data payment:39044------------
2021-10-09 07:00:26 :: {"id":"40572","date":"2021-10-09","number":"38820","amount":"99998.0000000000","observations":null,"anotation":null,"type":"in","paymentMethod":"","status":"open","bankAccount":{"id":"2","name":"PAYU","type":"bank"},"client":{"id":"24875","name":"M\u00f2nica Herrera","phone":"3167410143"},"invoices":[{"id":"39044","number":"41305","date":"2021-10-09","amount":99998,"total":99998,"balance":0}],"costCenter":null,"numberTemplate":{"id":"3","prefix":"","number":"38820","fullNumber":"38820","formattedNumber":"38820"}}
2021-10-09 07:28:11 :: ----------send data payment:39045------------
2021-10-09 07:28:11 :: {"date":"2021-10-09","invoices":[{"amount":"114500","id":"39045"}],"bankAccount":2}
2021-10-09 07:28:13 :: ----------result data payment:39045------------
2021-10-09 07:28:13 :: {"id":"40573","date":"2021-10-09","number":"38821","amount":"114500.0000000000","observations":null,"anotation":null,"type":"in","paymentMethod":"","status":"open","bankAccount":{"id":"2","name":"PAYU","type":"bank"},"client":{"id":"16469","name":"suminsaludsas","phone":"3057709652"},"invoices":[{"id":"39045","number":"41306","date":"2021-10-09","amount":114500,"total":114500,"balance":0}],"costCenter":null,"numberTemplate":{"id":"3","prefix":"","number":"38821","fullNumber":"38821","formattedNumber":"38821"}}
2021-10-09 07:56:11 :: ----------send data payment:39046------------
2021-10-09 07:56:11 :: {"date":"2021-10-09","invoices":[{"amount":"27500","id":"39046"}],"bankAccount":2}
2021-10-09 07:56:12 :: ----------result data payment:39046------------
2021-10-09 07:56:12 :: {"id":"40574","date":"2021-10-09","number":"38822","amount":"27500.0000000000","observations":null,"anotation":null,"type":"in","paymentMethod":"","status":"open","bankAccount":{"id":"2","name":"PAYU","type":"bank"},"client":{"id":"30272","name":"Carol Barrios","phone":"3118837724"},"invoices":[{"id":"39046","number":"41307","date":"2021-10-09","amount":27500,"total":27500,"balance":0}],"costCenter":null,"numberTemplate":{"id":"3","prefix":"","number":"38822","fullNumber":"38822","formattedNumber":"38822"}}
2021-10-09 08:05:07 :: ----------send data payment:39047------------
2021-10-09 08:05:07 :: {"date":"2021-10-09","invoices":[{"amount":"70000","id":"39047"}],"bankAccount":2}
2021-10-09 08:05:09 :: ----------result data payment:39047------------
2021-10-09 08:05:09 :: {"id":"40575","date":"2021-10-09","number":"38823","amount":"70000.0000000000","observations":null,"anotation":null,"type":"in","paymentMethod":"","status":"open","bankAccount":{"id":"2","name":"PAYU","type":"bank"},"client":{"id":"30273","name":"Ayda Ballesteros","phone":"3005727515"},"invoices":[{"id":"39047","number":"41308","date":"2021-10-09","amount":70000,"total":70000,"balance":0}],"costCenter":null,"numberTemplate":{"id":"3","prefix":"","number":"38823","fullNumber":"38823","formattedNumber":"38823"}}
2021-10-09 08:05:12 :: ----------send data payment:39048------------
2021-10-09 08:05:12 :: {"date":"2021-10-09","invoices":[{"amount":"109999","id":"39048"}],"bankAccount":2}
2021-10-09 08:05:13 :: ----------result data payment:39048------------
2021-10-09 08:05:13 :: {"id":"40576","date":"2021-10-09","number":"38824","amount":"109999.0000000000","observations":null,"anotation":null,"type":"in","paymentMethod":"","status":"open","bankAccount":{"id":"2","name":"PAYU","type":"bank"},"client":{"id":"25349","name":"Daniela ortega","phone":"3185325360"},"invoices":[{"id":"39048","number":"41309","date":"2021-10-09","amount":109999,"total":109999,"balance":0}],"costCenter":null,"numberTemplate":{"id":"3","prefix":"","number":"38824","fullNumber":"38824","formattedNumber":"38824"}}
2021-10-09 08:25:20 :: ----------send data payment:39049------------
2021-10-09 08:25:20 :: {"date":"2021-10-09","invoices":[{"amount":"49999","id":"39049"}],"bankAccount":2}
2021-10-09 08:25:22 :: ----------result data payment:39049------------
2021-10-09 08:25:22 :: {"id":"40577","date":"2021-10-09","number":"38825","amount":"49999.0000000000","observations":null,"anotation":null,"type":"in","paymentMethod":"","status":"open","bankAccount":{"id":"2","name":"PAYU","type":"bank"},"client":{"id":"30274","name":"Amanda Luc\u00eda Herazo Mart\u00ednez","phone":"3022674603"},"invoices":[{"id":"39049","number":"41310","date":"2021-10-09","amount":49999,"total":49999,"balance":0}],"costCenter":null,"numberTemplate":{"id":"3","prefix":"","number":"38825","fullNumber":"38825","formattedNumber":"38825"}}
2021-10-09 08:43:08 :: ----------send data payment:39050------------
2021-10-09 08:43:08 :: {"date":"2021-10-09","invoices":[{"amount":"60000","id":"39050"}],"bankAccount":2}
2021-10-09 08:43:10 :: ----------result data payment:39050------------
2021-10-09 08:43:10 :: {"id":"40578","date":"2021-10-09","number":"38826","amount":"60000.0000000000","observations":null,"anotation":null,"type":"in","paymentMethod":"","status":"open","bankAccount":{"id":"2","name":"PAYU","type":"bank"},"client":{"id":"30275","name":"Melissa Diaz","phone":"3044883898"},"invoices":[{"id":"39050","number":"41311","date":"2021-10-09","amount":60000,"total":60000,"balance":0}],"costCenter":null,"numberTemplate":{"id":"3","prefix":"","number":"38826","fullNumber":"38826","formattedNumber":"38826"}}
2021-10-09 08:49:05 :: ----------send data payment:39051------------
2021-10-09 08:49:05 :: {"date":"2021-10-09","invoices":[{"amount":"70000","id":"39051"}],"bankAccount":2}
2021-10-09 08:49:07 :: ----------result data payment:39051------------
2021-10-09 08:49:07 :: {"id":"40579","date":"2021-10-09","number":"38827","amount":"70000.0000000000","observations":null,"anotation":null,"type":"in","paymentMethod":"","status":"open","bankAccount":{"id":"2","name":"PAYU","type":"bank"},"client":{"id":"30276","name":"Dora sanchez","phone":"3124028490"},"invoices":[{"id":"39051","number":"41312","date":"2021-10-09","amount":70000,"total":70000,"balance":0}],"costCenter":null,"numberTemplate":{"id":"3","prefix":"","number":"38827","fullNumber":"38827","formattedNumber":"38827"}}
2021-10-09 08:50:15 :: ----------send data payment:39052------------
2021-10-09 08:50:15 :: {"date":"2021-10-09","invoices":[{"amount":"66000","id":"39052"}],"bankAccount":2}
2021-10-09 08:50:17 :: ----------result data payment:39052------------
2021-10-09 08:50:17 :: {"id":"40580","date":"2021-10-09","number":"38828","amount":"66000.0000000000","observations":null,"anotation":null,"type":"in","paymentMethod":"","status":"open","bankAccount":{"id":"2","name":"PAYU","type":"bank"},"client":{"id":"30277","name":"Laura Bonilla","phone":"3188688504"},"invoices":[{"id":"39052","number":"41313","date":"2021-10-09","amount":66000,"total":66000,"balance":0}],"costCenter":null,"numberTemplate":{"id":"3","prefix":"","number":"38828","fullNumber":"38828","formattedNumber":"38828"}}
2021-10-09 08:57:05 :: ----------send data payment:39053------------
2021-10-09 08:57:05 :: {"date":"2021-10-09","invoices":[{"amount":"70000","id":"39053"}],"bankAccount":2}
2021-10-09 08:57:08 :: ----------result data payment:39053------------
2021-10-09 08:57:08 :: {"id":"40581","date":"2021-10-09","number":"38829","amount":"70000.0000000000","observations":null,"anotation":null,"type":"in","paymentMethod":"","status":"open","bankAccount":{"id":"2","name":"PAYU","type":"bank"},"client":{"id":"30278","name":"ZAMARYS RANGEL QUINTERO","phone":"3132216127"},"invoices":[{"id":"39053","number":"41314","date":"2021-10-09","amount":70000,"total":70000,"balance":0}],"costCenter":null,"numberTemplate":{"id":"3","prefix":"","number":"38829","fullNumber":"38829","formattedNumber":"38829"}}
2021-10-09 09:08:08 :: ----------send data payment:39054------------
2021-10-09 09:08:08 :: {"date":"2021-10-09","invoices":[{"amount":"105000","id":"39054"}],"bankAccount":2}
2021-10-09 09:08:09 :: ----------result data payment:39054------------
2021-10-09 09:08:09 :: {"id":"40582","date":"2021-10-09","number":"38830","amount":"105000.0000000000","observations":null,"anotation":null,"type":"in","paymentMethod":"","status":"open","bankAccount":{"id":"2","name":"PAYU","type":"bank"},"client":{"id":"30279","name":"caren vanesa","phone":"3226149379"},"invoices":[{"id":"39054","number":"41315","date":"2021-10-09","amount":105000,"total":105000,"balance":0}],"costCenter":null,"numberTemplate":{"id":"3","prefix":"","number":"38830","fullNumber":"38830","formattedNumber":"38830"}}
2021-10-09 09:08:15 :: ----------send data payment:39055------------
2021-10-09 09:08:15 :: {"date":"2021-10-09","invoices":[{"amount":"146000","id":"39055"}],"bankAccount":2}
2021-10-09 09:08:17 :: ----------result data payment:39055------------
2021-10-09 09:08:17 :: {"id":"40583","date":"2021-10-09","number":"38831","amount":"146000.0000000000","observations":null,"anotation":null,"type":"in","paymentMethod":"","status":"open","bankAccount":{"id":"2","name":"PAYU","type":"bank"},"client":{"id":"5414","name":"Mayra Alejandra Lemus Hernandez","phone":"3123871358"},"invoices":[{"id":"39055","number":"41316","date":"2021-10-09","amount":146000,"total":146000,"balance":0}],"costCenter":null,"numberTemplate":{"id":"3","prefix":"","number":"38831","fullNumber":"38831","formattedNumber":"38831"}}
2021-10-09 09:26:12 :: ----------send data payment:39056------------
2021-10-09 09:26:12 :: {"date":"2021-10-09","invoices":[{"amount":"70000","id":"39056"}],"bankAccount":2}
2021-10-09 09:26:13 :: ----------result data payment:39056------------
2021-10-09 09:26:13 :: {"id":"40584","date":"2021-10-09","number":"38832","amount":"70000.0000000000","observations":null,"anotation":null,"type":"in","paymentMethod":"","status":"open","bankAccount":{"id":"2","name":"PAYU","type":"bank"},"client":{"id":"30280","name":"Leny correa","phone":"3136264293"},"invoices":[{"id":"39056","number":"41317","date":"2021-10-09","amount":70000,"total":70000,"balance":0}],"costCenter":null,"numberTemplate":{"id":"3","prefix":"","number":"38832","fullNumber":"38832","formattedNumber":"38832"}}
2021-10-09 09:35:19 :: ----------send data payment:39057------------
2021-10-09 09:35:19 :: {"date":"2021-10-09","invoices":[{"amount":"34000","id":"39057"}],"bankAccount":2}
2021-10-09 09:35:21 :: ----------result data payment:39057------------
2021-10-09 09:35:21 :: {"id":"40585","date":"2021-10-09","number":"38833","amount":"34000.0000000000","observations":null,"anotation":null,"type":"in","paymentMethod":"","status":"open","bankAccount":{"id":"2","name":"PAYU","type":"bank"},"client":{"id":"2898","name":"Leidy Alexandra Buitrago Olaya","phone":"3228156915"},"invoices":[{"id":"39057","number":"41318","date":"2021-10-09","amount":34000,"total":34000,"balance":0}],"costCenter":null,"numberTemplate":{"id":"3","prefix":"","number":"38833","fullNumber":"38833","formattedNumber":"38833"}}
2021-10-09 09:54:06 :: ----------send data payment:39058------------
2021-10-09 09:54:06 :: {"date":"2021-10-09","invoices":[{"amount":"45000","id":"39058"}],"bankAccount":2}
2021-10-09 09:54:08 :: ----------result data payment:39058------------
2021-10-09 09:54:08 :: {"id":"40586","date":"2021-10-09","number":"38834","amount":"45000.0000000000","observations":null,"anotation":null,"type":"in","paymentMethod":"","status":"open","bankAccount":{"id":"2","name":"PAYU","type":"bank"},"client":{"id":"30227","name":"Valentina Acosta","phone":"3125766937"},"invoices":[{"id":"39058","number":"41319","date":"2021-10-09","amount":45000,"total":45000,"balance":0}],"costCenter":null,"numberTemplate":{"id":"3","prefix":"","number":"38834","fullNumber":"38834","formattedNumber":"38834"}}
2021-10-09 09:57:09 :: ----------send data payment:39059------------
2021-10-09 09:57:09 :: {"date":"2021-10-09","invoices":[{"amount":"79999","id":"39059"}],"bankAccount":2}
2021-10-09 09:57:11 :: ----------result data payment:39059------------
2021-10-09 09:57:11 :: {"id":"40587","date":"2021-10-09","number":"38835","amount":"79999.0000000000","observations":null,"anotation":null,"type":"in","paymentMethod":"","status":"open","bankAccount":{"id":"2","name":"PAYU","type":"bank"},"client":{"id":"30281","name":"Amparo consuegra amaya","phone":"3108732646"},"invoices":[{"id":"39059","number":"41320","date":"2021-10-09","amount":79999,"total":79999,"balance":0}],"costCenter":null,"numberTemplate":{"id":"3","prefix":"","number":"38835","fullNumber":"38835","formattedNumber":"38835"}}
2021-10-09 10:03:07 :: ----------send data payment:39060------------
2021-10-09 10:03:07 :: {"date":"2021-10-09","invoices":[{"amount":"70000","id":"39060"}],"bankAccount":2}
2021-10-09 10:03:09 :: ----------result data payment:39060------------
2021-10-09 10:03:09 :: {"id":"40588","date":"2021-10-09","number":"38836","amount":"70000.0000000000","observations":null,"anotation":null,"type":"in","paymentMethod":"","status":"open","bankAccount":{"id":"2","name":"PAYU","type":"bank"},"client":{"id":"30282","name":"Laura Bello Roque","phone":"3225683155"},"invoices":[{"id":"39060","number":"41321","date":"2021-10-09","amount":70000,"total":70000,"balance":0}],"costCenter":null,"numberTemplate":{"id":"3","prefix":"","number":"38836","fullNumber":"38836","formattedNumber":"38836"}}
2021-10-09 10:26:09 :: ----------send data payment:39061------------
2021-10-09 10:26:09 :: {"date":"2021-10-09","invoices":[{"amount":"48901","id":"39061"}],"bankAccount":2}
2021-10-09 10:26:11 :: ----------result data payment:39061------------
2021-10-09 10:26:11 :: {"id":"40589","date":"2021-10-09","number":"38837","amount":"48901.0000000000","observations":null,"anotation":null,"type":"in","paymentMethod":"","status":"open","bankAccount":{"id":"2","name":"PAYU","type":"bank"},"client":{"id":"22922","name":"Natalia Herrera","phone":"3053494999"},"invoices":[{"id":"39061","number":"41322","date":"2021-10-09","amount":48901,"total":48901,"balance":0}],"costCenter":null,"numberTemplate":{"id":"3","prefix":"","number":"38837","fullNumber":"38837","formattedNumber":"38837"}}
2021-10-09 10:27:10 :: ----------send data payment:39062------------
2021-10-09 10:27:10 :: {"date":"2021-10-09","invoices":[{"amount":"105600","id":"39062"}],"bankAccount":2}
2021-10-09 10:27:11 :: ----------result data payment:39062------------
2021-10-09 10:27:11 :: {"id":"40590","date":"2021-10-09","number":"38838","amount":"105600.0000000000","observations":null,"anotation":null,"type":"in","paymentMethod":"","status":"open","bankAccount":{"id":"2","name":"PAYU","type":"bank"},"client":{"id":"30283","name":"Ana Maria Gutierrez","phone":"3174350796"},"invoices":[{"id":"39062","number":"41323","date":"2021-10-09","amount":105600,"total":105600,"balance":0}],"costCenter":null,"numberTemplate":{"id":"3","prefix":"","number":"38838","fullNumber":"38838","formattedNumber":"38838"}}
2021-10-09 10:32:03 :: ----------send data payment:39063------------
2021-10-09 10:32:03 :: {"date":"2021-10-09","invoices":[{"amount":"100000","id":"39063"}],"bankAccount":2}
2021-10-09 10:32:05 :: ----------result data payment:39063------------
2021-10-09 10:32:05 :: {"id":"40591","date":"2021-10-09","number":"38839","amount":"100000.0000000000","observations":null,"anotation":null,"type":"in","paymentMethod":"","status":"open","bankAccount":{"id":"2","name":"PAYU","type":"bank"},"client":{"id":"28812","name":"Luz Mariana Vela","phone":"3215691718"},"invoices":[{"id":"39063","number":"41324","date":"2021-10-09","amount":100000,"total":100000,"balance":0}],"costCenter":null,"numberTemplate":{"id":"3","prefix":"","number":"38839","fullNumber":"38839","formattedNumber":"38839"}}
2021-10-09 10:38:07 :: ----------send data payment:39064------------
2021-10-09 10:38:07 :: {"date":"2021-10-09","invoices":[{"amount":"70000","id":"39064"}],"bankAccount":2}
2021-10-09 10:38:09 :: ----------result data payment:39064------------
2021-10-09 10:38:09 :: {"id":"40592","date":"2021-10-09","number":"38840","amount":"70000.0000000000","observations":null,"anotation":null,"type":"in","paymentMethod":"","status":"open","bankAccount":{"id":"2","name":"PAYU","type":"bank"},"client":{"id":"30284","name":"Linamarcela Morales","phone":"3015619818"},"invoices":[{"id":"39064","number":"41325","date":"2021-10-09","amount":70000,"total":70000,"balance":0}],"costCenter":null,"numberTemplate":{"id":"3","prefix":"","number":"38840","fullNumber":"38840","formattedNumber":"38840"}}
2021-10-09 10:48:04 :: ----------send data payment:39065------------
2021-10-09 10:48:04 :: {"date":"2021-10-09","invoices":[{"amount":"37100","id":"39065"}],"bankAccount":2}
2021-10-09 10:48:06 :: ----------result data payment:39065------------
2021-10-09 10:48:06 :: {"id":"40593","date":"2021-10-09","number":"38841","amount":"37100.0000000000","observations":null,"anotation":null,"type":"in","paymentMethod":"","status":"open","bankAccount":{"id":"2","name":"PAYU","type":"bank"},"client":{"id":"4786","name":"Maria Camila Perdomo","phone":"3142641877"},"invoices":[{"id":"39065","number":"41326","date":"2021-10-09","amount":37100,"total":37100,"balance":0}],"costCenter":null,"numberTemplate":{"id":"3","prefix":"","number":"38841","fullNumber":"38841","formattedNumber":"38841"}}
2021-10-09 11:23:05 :: ----------send data payment:39066------------
2021-10-09 11:23:05 :: {"date":"2021-10-09","invoices":[{"amount":"90000","id":"39066"}],"bankAccount":2}
2021-10-09 11:23:08 :: ----------result data payment:39066------------
2021-10-09 11:23:08 :: {"id":"40594","date":"2021-10-09","number":"38842","amount":"90000.0000000000","observations":null,"anotation":null,"type":"in","paymentMethod":"","status":"open","bankAccount":{"id":"2","name":"PAYU","type":"bank"},"client":{"id":"29725","name":"Gabriela Rengifo Orozco","phone":"3015345198"},"invoices":[{"id":"39066","number":"41327","date":"2021-10-09","amount":90000,"total":90000,"balance":0}],"costCenter":null,"numberTemplate":{"id":"3","prefix":"","number":"38842","fullNumber":"38842","formattedNumber":"38842"}}
2021-10-09 11:40:18 :: ----------send data payment:39067------------
2021-10-09 11:40:18 :: {"date":"2021-10-09","invoices":[{"amount":"49500","id":"39067"}],"bankAccount":2}
2021-10-09 11:40:19 :: ----------result data payment:39067------------
2021-10-09 11:40:19 :: {"id":"40595","date":"2021-10-09","number":"38843","amount":"49500.0000000000","observations":null,"anotation":null,"type":"in","paymentMethod":"","status":"open","bankAccount":{"id":"2","name":"PAYU","type":"bank"},"client":{"id":"29913","name":"Jose Romero","phone":"3183766646"},"invoices":[{"id":"39067","number":"41328","date":"2021-10-09","amount":49500,"total":49500,"balance":0}],"costCenter":null,"numberTemplate":{"id":"3","prefix":"","number":"38843","fullNumber":"38843","formattedNumber":"38843"}}
2021-10-09 11:43:08 :: ----------send data payment:39068------------
2021-10-09 11:43:08 :: {"date":"2021-10-09","invoices":[{"amount":"60000","id":"39068"}],"bankAccount":2}
2021-10-09 11:43:10 :: ----------result data payment:39068------------
2021-10-09 11:43:10 :: {"id":"40596","date":"2021-10-09","number":"38844","amount":"60000.0000000000","observations":null,"anotation":null,"type":"in","paymentMethod":"","status":"open","bankAccount":{"id":"2","name":"PAYU","type":"bank"},"client":{"id":"18190","name":"maria Camila vargas correa","phone":"3108110903"},"invoices":[{"id":"39068","number":"41329","date":"2021-10-09","amount":60000,"total":60000,"balance":0}],"costCenter":null,"numberTemplate":{"id":"3","prefix":"","number":"38844","fullNumber":"38844","formattedNumber":"38844"}}
2021-10-09 11:56:10 :: ----------send data payment:39069------------
2021-10-09 11:56:10 :: {"date":"2021-10-09","invoices":[{"amount":"33100","id":"39069"}],"bankAccount":2}
2021-10-09 11:56:12 :: ----------result data payment:39069------------
2021-10-09 11:56:12 :: {"id":"40597","date":"2021-10-09","number":"38845","amount":"33100.0000000000","observations":null,"anotation":null,"type":"in","paymentMethod":"","status":"open","bankAccount":{"id":"2","name":"PAYU","type":"bank"},"client":{"id":"18560","name":"Victor Avila","phone":"3002107506"},"invoices":[{"id":"39069","number":"41330","date":"2021-10-09","amount":33100,"total":33100,"balance":0}],"costCenter":null,"numberTemplate":{"id":"3","prefix":"","number":"38845","fullNumber":"38845","formattedNumber":"38845"}}
2021-10-09 12:09:08 :: ----------send data payment:39070------------
2021-10-09 12:09:08 :: {"date":"2021-10-09","invoices":[{"amount":"80001","id":"39070"}],"bankAccount":2}
2021-10-09 12:09:09 :: ----------result data payment:39070------------
2021-10-09 12:09:09 :: {"id":"40598","date":"2021-10-09","number":"38846","amount":"80001.0000000000","observations":null,"anotation":null,"type":"in","paymentMethod":"","status":"open","bankAccount":{"id":"2","name":"PAYU","type":"bank"},"client":{"id":"30264","name":"Vanessa Carbonell Sanabria","phone":"3174266698"},"invoices":[{"id":"39070","number":"41331","date":"2021-10-09","amount":80001,"total":80001,"balance":0}],"costCenter":null,"numberTemplate":{"id":"3","prefix":"","number":"38846","fullNumber":"38846","formattedNumber":"38846"}}
2021-10-09 12:17:06 :: ----------send data payment:39071------------
2021-10-09 12:17:06 :: {"date":"2021-10-09","invoices":[{"amount":"40000","id":"39071"}],"bankAccount":2}
2021-10-09 12:17:08 :: ----------result data payment:39071------------
2021-10-09 12:17:08 :: {"id":"40599","date":"2021-10-09","number":"38847","amount":"40000.0000000000","observations":null,"anotation":null,"type":"in","paymentMethod":"","status":"open","bankAccount":{"id":"2","name":"PAYU","type":"bank"},"client":{"id":"30285","name":"Silvia Delgado","phone":"3144899532"},"invoices":[{"id":"39071","number":"41332","date":"2021-10-09","amount":40000,"total":40000,"balance":0}],"costCenter":null,"numberTemplate":{"id":"3","prefix":"","number":"38847","fullNumber":"38847","formattedNumber":"38847"}}
2021-10-09 12:19:07 :: ----------send data payment:39072------------
2021-10-09 12:19:07 :: {"date":"2021-10-09","invoices":[{"amount":"70000","id":"39072"}],"bankAccount":2}
2021-10-09 12:19:08 :: ----------result data payment:39072------------
2021-10-09 12:19:08 :: {"id":"40600","date":"2021-10-09","number":"38848","amount":"70000.0000000000","observations":null,"anotation":null,"type":"in","paymentMethod":"","status":"open","bankAccount":{"id":"2","name":"PAYU","type":"bank"},"client":{"id":"30286","name":"Yuliana Acevedo","phone":"3014843432"},"invoices":[{"id":"39072","number":"41333","date":"2021-10-09","amount":70000,"total":70000,"balance":0}],"costCenter":null,"numberTemplate":{"id":"3","prefix":"","number":"38848","fullNumber":"38848","formattedNumber":"38848"}}
2021-10-09 12:27:08 :: ----------send data payment:39073------------
2021-10-09 12:27:08 :: {"date":"2021-10-09","invoices":[{"amount":"58000","id":"39073"}],"bankAccount":2}
2021-10-09 12:27:10 :: ----------result data payment:39073------------
2021-10-09 12:27:10 :: {"id":"40601","date":"2021-10-09","number":"38849","amount":"58000.0000000000","observations":null,"anotation":null,"type":"in","paymentMethod":"","status":"open","bankAccount":{"id":"2","name":"PAYU","type":"bank"},"client":{"id":"3378","name":"Mar\u00eda Luc\u00eda Ocampo S\u00e1nchez","phone":"3208135147"},"invoices":[{"id":"39073","number":"41334","date":"2021-10-09","amount":58000,"total":58000,"balance":0}],"costCenter":null,"numberTemplate":{"id":"3","prefix":"","number":"38849","fullNumber":"38849","formattedNumber":"38849"}}
2021-10-09 12:28:12 :: ----------send data payment:39074------------
2021-10-09 12:28:12 :: {"date":"2021-10-09","invoices":[{"amount":"95350","id":"39074"}],"bankAccount":2}
2021-10-09 12:28:14 :: ----------result data payment:39074------------
2021-10-09 12:28:14 :: {"id":"40602","date":"2021-10-09","number":"38850","amount":"95350.0000000000","observations":null,"anotation":null,"type":"in","paymentMethod":"","status":"open","bankAccount":{"id":"2","name":"PAYU","type":"bank"},"client":{"id":"10898","name":"maria jose villa sanchez","phone":"3124173673"},"invoices":[{"id":"39074","number":"41335","date":"2021-10-09","amount":95350,"total":95350,"balance":0}],"costCenter":null,"numberTemplate":{"id":"3","prefix":"","number":"38850","fullNumber":"38850","formattedNumber":"38850"}}
2021-10-09 12:34:11 :: ----------send data payment:39075------------
2021-10-09 12:34:11 :: {"date":"2021-10-09","invoices":[{"amount":"225502","id":"39075"}],"bankAccount":2}
2021-10-09 12:34:12 :: ----------result data payment:39075------------
2021-10-09 12:34:12 :: {"id":"40603","date":"2021-10-09","number":"38851","amount":"225502.0000000000","observations":null,"anotation":null,"type":"in","paymentMethod":"","status":"open","bankAccount":{"id":"2","name":"PAYU","type":"bank"},"client":{"id":"25639","name":"Luz Andrea Valencia Jim\u00e9nez","phone":"3166942539"},"invoices":[{"id":"39075","number":"41336","date":"2021-10-09","amount":225502,"total":225502,"balance":0}],"costCenter":null,"numberTemplate":{"id":"3","prefix":"","number":"38851","fullNumber":"38851","formattedNumber":"38851"}}
2021-10-09 12:48:32 :: ----------send data payment:39076------------
2021-10-09 12:48:32 :: {"date":"2021-10-09","invoices":[{"amount":"127000","id":"39076"}],"bankAccount":2}
2021-10-09 12:48:34 :: ----------result data payment:39076------------
2021-10-09 12:48:34 :: {"id":"40604","date":"2021-10-09","number":"38852","amount":"127000.0000000000","observations":null,"anotation":null,"type":"in","paymentMethod":"","status":"open","bankAccount":{"id":"2","name":"PAYU","type":"bank"},"client":{"id":"30287","name":"nanee valenzuela","phone":"3114544052"},"invoices":[{"id":"39076","number":"41337","date":"2021-10-09","amount":127000,"total":127000,"balance":0}],"costCenter":null,"numberTemplate":{"id":"3","prefix":"","number":"38852","fullNumber":"38852","formattedNumber":"38852"}}
2021-10-09 12:53:07 :: ----------send data payment:39077------------
2021-10-09 12:53:07 :: {"date":"2021-10-09","invoices":[{"amount":"39500","id":"39077"}],"bankAccount":2}
2021-10-09 12:53:10 :: ----------result data payment:39077------------
2021-10-09 12:53:10 :: {"id":"40605","date":"2021-10-09","number":"38853","amount":"39500.0000000000","observations":null,"anotation":null,"type":"in","paymentMethod":"","status":"open","bankAccount":{"id":"2","name":"PAYU","type":"bank"},"client":{"id":"30288","name":"Laura Alvarez","phone":"3166240806"},"invoices":[{"id":"39077","number":"41338","date":"2021-10-09","amount":39500,"total":39500,"balance":0}],"costCenter":null,"numberTemplate":{"id":"3","prefix":"","number":"38853","fullNumber":"38853","formattedNumber":"38853"}}
2021-10-09 01:01:11 :: ----------send data payment:39078------------
2021-10-09 01:01:11 :: {"date":"2021-10-09","invoices":[{"amount":"70000","id":"39078"}],"bankAccount":2}
2021-10-09 01:01:12 :: ----------result data payment:39078------------
2021-10-09 01:01:12 :: {"id":"40606","date":"2021-10-09","number":"38854","amount":"70000.0000000000","observations":null,"anotation":null,"type":"in","paymentMethod":"","status":"open","bankAccount":{"id":"2","name":"PAYU","type":"bank"},"client":{"id":"30289","name":"Andrea Camila Boh\u00f3rquez","phone":"3215827125"},"invoices":[{"id":"39078","number":"41339","date":"2021-10-09","amount":70000,"total":70000,"balance":0}],"costCenter":null,"numberTemplate":{"id":"3","prefix":"","number":"38854","fullNumber":"38854","formattedNumber":"38854"}}
2021-10-09 01:10:08 :: ----------send data payment:39079------------
2021-10-09 01:10:08 :: {"date":"2021-10-09","invoices":[{"amount":"96999","id":"39079"}],"bankAccount":2}
2021-10-09 01:10:09 :: ----------result data payment:39079------------
2021-10-09 01:10:09 :: {"id":"40607","date":"2021-10-09","number":"38855","amount":"96999.0000000000","observations":null,"anotation":null,"type":"in","paymentMethod":"","status":"open","bankAccount":{"id":"2","name":"PAYU","type":"bank"},"client":{"id":"30290","name":"Monica Prada","phone":"3144904953"},"invoices":[{"id":"39079","number":"41340","date":"2021-10-09","amount":96999,"total":96999,"balance":0}],"costCenter":null,"numberTemplate":{"id":"3","prefix":"","number":"38855","fullNumber":"38855","formattedNumber":"38855"}}
2021-10-09 01:28:06 :: ----------send data payment:39080------------
2021-10-09 01:28:06 :: {"date":"2021-10-09","invoices":[{"amount":"70000","id":"39080"}],"bankAccount":2}
2021-10-09 01:28:07 :: ----------result data payment:39080------------
2021-10-09 01:28:07 :: {"id":"40608","date":"2021-10-09","number":"38856","amount":"70000.0000000000","observations":null,"anotation":null,"type":"in","paymentMethod":"","status":"open","bankAccount":{"id":"2","name":"PAYU","type":"bank"},"client":{"id":"30291","name":"Katia Alejandra Lezcano","phone":"3015620891"},"invoices":[{"id":"39080","number":"41341","date":"2021-10-09","amount":70000,"total":70000,"balance":0}],"costCenter":null,"numberTemplate":{"id":"3","prefix":"","number":"38856","fullNumber":"38856","formattedNumber":"38856"}}
2021-10-09 01:32:08 :: ----------send data payment:39081------------
2021-10-09 01:32:08 :: {"date":"2021-10-09","invoices":[{"amount":"137000","id":"39081"}],"bankAccount":2}
2021-10-09 01:32:10 :: ----------result data payment:39081------------
2021-10-09 01:32:10 :: {"id":"40609","date":"2021-10-09","number":"38857","amount":"137000.0000000000","observations":null,"anotation":null,"type":"in","paymentMethod":"","status":"open","bankAccount":{"id":"2","name":"PAYU","type":"bank"},"client":{"id":"9163","name":"deyanira perez jaramillo","phone":"300 2618058"},"invoices":[{"id":"39081","number":"41342","date":"2021-10-09","amount":137000,"total":137000,"balance":0}],"costCenter":null,"numberTemplate":{"id":"3","prefix":"","number":"38857","fullNumber":"38857","formattedNumber":"38857"}}
2021-10-09 01:37:23 :: ----------send data payment:39082------------
2021-10-09 01:37:23 :: {"date":"2021-10-09","invoices":[{"amount":"374699","id":"39082"}],"bankAccount":2}
2021-10-09 01:37:26 :: ----------result data payment:39082------------
2021-10-09 01:37:26 :: {"id":"40610","date":"2021-10-09","number":"38858","amount":"374699.0000000000","observations":null,"anotation":null,"type":"in","paymentMethod":"","status":"open","bankAccount":{"id":"2","name":"PAYU","type":"bank"},"client":{"id":"30292","name":"Diana Carolina Perez Ortiz","phone":"3123535960"},"invoices":[{"id":"39082","number":"41343","date":"2021-10-09","amount":374699,"total":374699,"balance":0}],"costCenter":null,"numberTemplate":{"id":"3","prefix":"","number":"38858","fullNumber":"38858","formattedNumber":"38858"}}
2021-10-09 01:45:08 :: ----------send data payment:39083------------
2021-10-09 01:45:08 :: {"date":"2021-10-09","invoices":[{"amount":"165000","id":"39083"}],"bankAccount":2}
2021-10-09 01:45:09 :: ----------result data payment:39083------------
2021-10-09 01:45:09 :: {"id":"40611","date":"2021-10-09","number":"38859","amount":"165000.0000000000","observations":null,"anotation":null,"type":"in","paymentMethod":"","status":"open","bankAccount":{"id":"2","name":"PAYU","type":"bank"},"client":{"id":"30293","name":"Nicolle simmonds","phone":"3106172242"},"invoices":[{"id":"39083","number":"41344","date":"2021-10-09","amount":165000,"total":165000,"balance":0}],"costCenter":null,"numberTemplate":{"id":"3","prefix":"","number":"38859","fullNumber":"38859","formattedNumber":"38859"}}
2021-10-09 01:47:06 :: ----------send data payment:39084------------
2021-10-09 01:47:06 :: {"date":"2021-10-09","invoices":[{"amount":"40000","id":"39084"}],"bankAccount":2}
2021-10-09 01:47:07 :: ----------result data payment:39084------------
2021-10-09 01:47:07 :: {"id":"40612","date":"2021-10-09","number":"38860","amount":"40000.0000000000","observations":null,"anotation":null,"type":"in","paymentMethod":"","status":"open","bankAccount":{"id":"2","name":"PAYU","type":"bank"},"client":{"id":"30294","name":"Aglaia Berrocal","phone":"3123637494"},"invoices":[{"id":"39084","number":"41345","date":"2021-10-09","amount":40000,"total":40000,"balance":0}],"costCenter":null,"numberTemplate":{"id":"3","prefix":"","number":"38860","fullNumber":"38860","formattedNumber":"38860"}}
2021-10-09 02:08:08 :: ----------send data payment:39085------------
2021-10-09 02:08:08 :: {"date":"2021-10-09","invoices":[{"amount":"116000","id":"39085"}],"bankAccount":2}
2021-10-09 02:08:10 :: ----------result data payment:39085------------
2021-10-09 02:08:10 :: {"id":"40613","date":"2021-10-09","number":"38861","amount":"116000.0000000000","observations":null,"anotation":null,"type":"in","paymentMethod":"","status":"open","bankAccount":{"id":"2","name":"PAYU","type":"bank"},"client":{"id":"30295","name":"Ana Gonzalez","phone":"3178948092"},"invoices":[{"id":"39085","number":"41346","date":"2021-10-09","amount":116000,"total":116000,"balance":0}],"costCenter":null,"numberTemplate":{"id":"3","prefix":"","number":"38861","fullNumber":"38861","formattedNumber":"38861"}}
2021-10-09 02:25:11 :: ----------send data payment:39086------------
2021-10-09 02:25:11 :: {"date":"2021-10-09","invoices":[{"amount":"60000","id":"39086"}],"bankAccount":2}
2021-10-09 02:25:13 :: ----------result data payment:39086------------
2021-10-09 02:25:13 :: {"id":"40614","date":"2021-10-09","number":"38862","amount":"60000.0000000000","observations":null,"anotation":null,"type":"in","paymentMethod":"","status":"open","bankAccount":{"id":"2","name":"PAYU","type":"bank"},"client":{"id":"30296","name":"Loren Bautista","phone":"3135393991"},"invoices":[{"id":"39086","number":"41347","date":"2021-10-09","amount":60000,"total":60000,"balance":0}],"costCenter":null,"numberTemplate":{"id":"3","prefix":"","number":"38862","fullNumber":"38862","formattedNumber":"38862"}}
2021-10-09 02:35:06 :: ----------send data payment:39087------------
2021-10-09 02:35:06 :: {"date":"2021-10-09","invoices":[{"amount":"70000","id":"39087"}],"bankAccount":2}
2021-10-09 02:35:07 :: ----------result data payment:39087------------
2021-10-09 02:35:07 :: {"id":"40615","date":"2021-10-09","number":"38863","amount":"70000.0000000000","observations":null,"anotation":null,"type":"in","paymentMethod":"","status":"open","bankAccount":{"id":"2","name":"PAYU","type":"bank"},"client":{"id":"30297","name":"Alba Molina","phone":"3103978859"},"invoices":[{"id":"39087","number":"41348","date":"2021-10-09","amount":70000,"total":70000,"balance":0}],"costCenter":null,"numberTemplate":{"id":"3","prefix":"","number":"38863","fullNumber":"38863","formattedNumber":"38863"}}
2021-10-09 02:53:06 :: ----------send data payment:39088------------
2021-10-09 02:53:06 :: {"date":"2021-10-09","invoices":[{"amount":"90000","id":"39088"}],"bankAccount":2}
2021-10-09 02:53:07 :: ----------result data payment:39088------------
2021-10-09 02:53:07 :: {"id":"40616","date":"2021-10-09","number":"38864","amount":"90000.0000000000","observations":null,"anotation":null,"type":"in","paymentMethod":"","status":"open","bankAccount":{"id":"2","name":"PAYU","type":"bank"},"client":{"id":"30298","name":"Daniela Romero \u00c1lvarez","phone":"3045213735"},"invoices":[{"id":"39088","number":"41349","date":"2021-10-09","amount":90000,"total":90000,"balance":0}],"costCenter":null,"numberTemplate":{"id":"3","prefix":"","number":"38864","fullNumber":"38864","formattedNumber":"38864"}}
2021-10-09 02:59:05 :: ----------send data payment:39089------------
2021-10-09 02:59:05 :: {"date":"2021-10-09","invoices":[{"amount":"66000","id":"39089"}],"bankAccount":2}
2021-10-09 02:59:06 :: ----------result data payment:39089------------
2021-10-09 02:59:06 :: {"id":"40617","date":"2021-10-09","number":"38865","amount":"66000.0000000000","observations":null,"anotation":null,"type":"in","paymentMethod":"","status":"open","bankAccount":{"id":"2","name":"PAYU","type":"bank"},"client":{"id":"30299","name":"Katerine Diaz","phone":"3182555506"},"invoices":[{"id":"39089","number":"41350","date":"2021-10-09","amount":66000,"total":66000,"balance":0}],"costCenter":null,"numberTemplate":{"id":"3","prefix":"","number":"38865","fullNumber":"38865","formattedNumber":"38865"}}
2021-10-09 04:03:05 :: ----------send data payment:39090------------
2021-10-09 04:03:05 :: {"date":"2021-10-09","invoices":[{"amount":"45000","id":"39090"}],"bankAccount":2}
2021-10-09 04:03:07 :: ----------result data payment:39090------------
2021-10-09 04:03:07 :: {"id":"40618","date":"2021-10-09","number":"38866","amount":"45000.0000000000","observations":null,"anotation":null,"type":"in","paymentMethod":"","status":"open","bankAccount":{"id":"2","name":"PAYU","type":"bank"},"client":{"id":"30300","name":"Katherine Hernandez","phone":"3232888735"},"invoices":[{"id":"39090","number":"41351","date":"2021-10-09","amount":45000,"total":45000,"balance":0}],"costCenter":null,"numberTemplate":{"id":"3","prefix":"","number":"38866","fullNumber":"38866","formattedNumber":"38866"}}
2021-10-09 04:14:07 :: ----------send data payment:39091------------
2021-10-09 04:14:07 :: {"date":"2021-10-09","invoices":[{"amount":"70000","id":"39091"}],"bankAccount":2}
2021-10-09 04:14:08 :: ----------result data payment:39091------------
2021-10-09 04:14:08 :: {"id":"40619","date":"2021-10-09","number":"38867","amount":"70000.0000000000","observations":null,"anotation":null,"type":"in","paymentMethod":"","status":"open","bankAccount":{"id":"2","name":"PAYU","type":"bank"},"client":{"id":"30301","name":"marcelamartt","phone":"3168665489"},"invoices":[{"id":"39091","number":"41352","date":"2021-10-09","amount":70000,"total":70000,"balance":0}],"costCenter":null,"numberTemplate":{"id":"3","prefix":"","number":"38867","fullNumber":"38867","formattedNumber":"38867"}}
2021-10-09 04:21:13 :: ----------send data payment:39092------------
2021-10-09 04:21:13 :: {"date":"2021-10-09","invoices":[{"amount":"75000","id":"39092"}],"bankAccount":2}
2021-10-09 04:21:14 :: ----------result data payment:39092------------
2021-10-09 04:21:14 :: {"id":"40620","date":"2021-10-09","number":"38868","amount":"75000.0000000000","observations":null,"anotation":null,"type":"in","paymentMethod":"","status":"open","bankAccount":{"id":"2","name":"PAYU","type":"bank"},"client":{"id":"30302","name":"Lorena Jaramillo Alzate","phone":"3013299340"},"invoices":[{"id":"39092","number":"41353","date":"2021-10-09","amount":75000,"total":75000,"balance":0}],"costCenter":null,"numberTemplate":{"id":"3","prefix":"","number":"38868","fullNumber":"38868","formattedNumber":"38868"}}
2021-10-09 04:29:06 :: ----------send data payment:39093------------
2021-10-09 04:29:06 :: {"date":"2021-10-09","invoices":[{"amount":"27500","id":"39093"}],"bankAccount":2}
2021-10-09 04:29:07 :: ----------result data payment:39093------------
2021-10-09 04:29:07 :: {"id":"40621","date":"2021-10-09","number":"38869","amount":"27500.0000000000","observations":null,"anotation":null,"type":"in","paymentMethod":"","status":"open","bankAccount":{"id":"2","name":"PAYU","type":"bank"},"client":{"id":"26185","name":"Allyson Stephannie Contreras Munar","phone":"3158568884"},"invoices":[{"id":"39093","number":"41354","date":"2021-10-09","amount":27500,"total":27500,"balance":0}],"costCenter":null,"numberTemplate":{"id":"3","prefix":"","number":"38869","fullNumber":"38869","formattedNumber":"38869"}}
2021-10-09 04:37:06 :: ----------send data payment:39094------------
2021-10-09 04:37:06 :: {"date":"2021-10-09","invoices":[{"amount":"90000","id":"39094"}],"bankAccount":2}
2021-10-09 04:37:07 :: ----------result data payment:39094------------
2021-10-09 04:37:07 :: {"id":"40622","date":"2021-10-09","number":"38870","amount":"90000.0000000000","observations":null,"anotation":null,"type":"in","paymentMethod":"","status":"open","bankAccount":{"id":"2","name":"PAYU","type":"bank"},"client":{"id":"30303","name":"Juliana Parra","phone":"3176417972"},"invoices":[{"id":"39094","number":"41355","date":"2021-10-09","amount":90000,"total":90000,"balance":0}],"costCenter":null,"numberTemplate":{"id":"3","prefix":"","number":"38870","fullNumber":"38870","formattedNumber":"38870"}}
2021-10-09 05:48:05 :: ----------send data payment:39095------------
2021-10-09 05:48:05 :: {"date":"2021-10-09","invoices":[{"amount":"86000","id":"39095"}],"bankAccount":2}
2021-10-09 05:48:06 :: ----------result data payment:39095------------
2021-10-09 05:48:06 :: {"id":"40623","date":"2021-10-09","number":"38871","amount":"86000.0000000000","observations":null,"anotation":null,"type":"in","paymentMethod":"","status":"open","bankAccount":{"id":"2","name":"PAYU","type":"bank"},"client":{"id":"9482","name":"Natalia robledo","phone":"3174246120"},"invoices":[{"id":"39095","number":"41356","date":"2021-10-09","amount":86000,"total":86000,"balance":0}],"costCenter":null,"numberTemplate":{"id":"3","prefix":"","number":"38871","fullNumber":"38871","formattedNumber":"38871"}}
2021-10-09 06:05:05 :: ----------send data payment:39096------------
2021-10-09 06:05:05 :: {"date":"2021-10-09","invoices":[{"amount":"66000","id":"39096"}],"bankAccount":2}
2021-10-09 06:05:07 :: ----------result data payment:39096------------
2021-10-09 06:05:07 :: {"id":"40624","date":"2021-10-09","number":"38872","amount":"66000.0000000000","observations":null,"anotation":null,"type":"in","paymentMethod":"","status":"open","bankAccount":{"id":"2","name":"PAYU","type":"bank"},"client":{"id":"30304","name":"Juliana Buitrago","phone":"3224698581"},"invoices":[{"id":"39096","number":"41357","date":"2021-10-09","amount":66000,"total":66000,"balance":0}],"costCenter":null,"numberTemplate":{"id":"3","prefix":"","number":"38872","fullNumber":"38872","formattedNumber":"38872"}}
2021-10-09 06:26:10 :: ----------send data payment:39097------------
2021-10-09 06:26:10 :: {"date":"2021-10-09","invoices":[{"amount":"69000","id":"39097"}],"bankAccount":2}
2021-10-09 06:26:11 :: ----------result data payment:39097------------
2021-10-09 06:26:11 :: {"id":"40625","date":"2021-10-09","number":"38873","amount":"69000.0000000000","observations":null,"anotation":null,"type":"in","paymentMethod":"","status":"open","bankAccount":{"id":"2","name":"PAYU","type":"bank"},"client":{"id":"30305","name":"Leidy betancourt","phone":"3145034296"},"invoices":[{"id":"39097","number":"41358","date":"2021-10-09","amount":69000,"total":69000,"balance":0}],"costCenter":null,"numberTemplate":{"id":"3","prefix":"","number":"38873","fullNumber":"38873","formattedNumber":"38873"}}
2021-10-09 06:55:07 :: ----------send data payment:39098------------
2021-10-09 06:55:07 :: {"date":"2021-10-09","invoices":[{"amount":"26000","id":"39098"}],"bankAccount":2}
2021-10-09 06:55:08 :: ----------result data payment:39098------------
2021-10-09 06:55:08 :: {"id":"40626","date":"2021-10-09","number":"38874","amount":"26000.0000000000","observations":null,"anotation":null,"type":"in","paymentMethod":"","status":"open","bankAccount":{"id":"2","name":"PAYU","type":"bank"},"client":{"id":"30306","name":"Mary luz tosse orozco","phone":"3167480121"},"invoices":[{"id":"39098","number":"41359","date":"2021-10-09","amount":26000,"total":26000,"balance":0}],"costCenter":null,"numberTemplate":{"id":"3","prefix":"","number":"38874","fullNumber":"38874","formattedNumber":"38874"}}
2021-10-09 07:00:14 :: ----------send data payment:39099------------
2021-10-09 07:00:14 :: {"date":"2021-10-09","invoices":[{"amount":"112000","id":"39099"}],"bankAccount":2}
2021-10-09 07:00:15 :: ----------result data payment:39099------------
2021-10-09 07:00:15 :: {"id":"40627","date":"2021-10-09","number":"38875","amount":"112000.0000000000","observations":null,"anotation":null,"type":"in","paymentMethod":"","status":"open","bankAccount":{"id":"2","name":"PAYU","type":"bank"},"client":{"id":"18400","name":"Johanna Jaramillo","phone":"3157978485"},"invoices":[{"id":"39099","number":"41360","date":"2021-10-09","amount":112000,"total":112000,"balance":0}],"costCenter":null,"numberTemplate":{"id":"3","prefix":"","number":"38875","fullNumber":"38875","formattedNumber":"38875"}}
2021-10-09 08:24:05 :: ----------send data payment:39100------------
2021-10-09 08:24:05 :: {"date":"2021-10-09","invoices":[{"amount":"40000","id":"39100"}],"bankAccount":2}
2021-10-09 08:24:06 :: ----------result data payment:39100------------
2021-10-09 08:24:06 :: {"id":"40628","date":"2021-10-09","number":"38876","amount":"40000.0000000000","observations":null,"anotation":null,"type":"in","paymentMethod":"","status":"open","bankAccount":{"id":"2","name":"PAYU","type":"bank"},"client":{"id":"30307","name":"Daniela Echeverri","phone":"3008893665"},"invoices":[{"id":"39100","number":"41361","date":"2021-10-09","amount":40000,"total":40000,"balance":0}],"costCenter":null,"numberTemplate":{"id":"3","prefix":"","number":"38876","fullNumber":"38876","formattedNumber":"38876"}}
2021-10-09 08:47:07 :: ----------send data payment:39101------------
2021-10-09 08:47:07 :: {"date":"2021-10-09","invoices":[{"amount":"55000","id":"39101"}],"bankAccount":2}
2021-10-09 08:47:08 :: ----------result data payment:39101------------
2021-10-09 08:47:08 :: {"id":"40629","date":"2021-10-09","number":"38877","amount":"55000.0000000000","observations":null,"anotation":null,"type":"in","paymentMethod":"","status":"open","bankAccount":{"id":"2","name":"PAYU","type":"bank"},"client":{"id":"30308","name":"Ivana Luc\u00eda Arzuaga L\u00f3pez","phone":"3152829099"},"invoices":[{"id":"39101","number":"41362","date":"2021-10-09","amount":55000,"total":55000,"balance":0}],"costCenter":null,"numberTemplate":{"id":"3","prefix":"","number":"38877","fullNumber":"38877","formattedNumber":"38877"}}
2021-10-09 11:18:06 :: ----------send data payment:39102------------
2021-10-09 11:18:06 :: {"date":"2021-10-09","invoices":[{"amount":"100000","id":"39102"}],"bankAccount":2}
2021-10-09 11:18:07 :: ----------result data payment:39102------------
2021-10-09 11:18:07 :: {"id":"40630","date":"2021-10-09","number":"38878","amount":"100000.0000000000","observations":null,"anotation":null,"type":"in","paymentMethod":"","status":"open","bankAccount":{"id":"2","name":"PAYU","type":"bank"},"client":{"id":"30309","name":"Andrea Calle","phone":"3014773528"},"invoices":[{"id":"39102","number":"41363","date":"2021-10-09","amount":100000,"total":100000,"balance":0}],"costCenter":null,"numberTemplate":{"id":"3","prefix":"","number":"38878","fullNumber":"38878","formattedNumber":"38878"}}
2021-10-09 11:37:10 :: ----------send data payment:39103------------
2021-10-09 11:37:10 :: {"date":"2021-10-09","invoices":[{"amount":"136002","id":"39103"}],"bankAccount":2}
2021-10-09 11:37:12 :: ----------result data payment:39103------------
2021-10-09 11:37:12 :: {"id":"40631","date":"2021-10-09","number":"38879","amount":"136002.0000000000","observations":null,"anotation":null,"type":"in","paymentMethod":"","status":"open","bankAccount":{"id":"2","name":"PAYU","type":"bank"},"client":{"id":"30310","name":"Laura Garc\u00eda Henao","phone":"3057367602"},"invoices":[{"id":"39103","number":"41364","date":"2021-10-09","amount":136002,"total":136002,"balance":0}],"costCenter":null,"numberTemplate":{"id":"3","prefix":"","number":"38879","fullNumber":"38879","formattedNumber":"38879"}}