
2021-02-20 12:45:07 :: ----------send data payment:28049------------
2021-02-20 12:45:07 :: {"date":"2021-02-20","invoices":[{"amount":"64999","id":"28049"}],"bankAccount":2}
2021-02-20 12:45:07 :: ----------result data payment:28049------------
2021-02-20 12:45:07 :: {"id":"29094","date":"2021-02-20","number":"27894","amount":"64999.0000000000","observations":null,"anotation":null,"type":"in","paymentMethod":"","status":"open","bankAccount":{"id":"2","name":"PAYU","type":"bank"},"client":{"id":"22439","name":"Camila Martinez","phone":"3012289814"},"invoices":[{"id":"28049","number":"30310","date":"2021-02-20","amount":64999,"total":64999,"balance":0}],"costCenter":null,"numberTemplate":{"id":"3","prefix":"","number":"27894","fullNumber":"27894","formattedNumber":"27894"}}
2021-02-20 03:35:06 :: ----------send data payment:28050------------
2021-02-20 03:35:06 :: {"date":"2021-02-20","invoices":[{"amount":"45000","id":"28050"}],"bankAccount":2}
2021-02-20 03:35:07 :: ----------result data payment:28050------------
2021-02-20 03:35:07 :: {"id":"29095","date":"2021-02-20","number":"27895","amount":"45000.0000000000","observations":null,"anotation":null,"type":"in","paymentMethod":"","status":"open","bankAccount":{"id":"2","name":"PAYU","type":"bank"},"client":{"id":"288","name":"Julia Hinestroza Mosquera","phone":"3016450567"},"invoices":[{"id":"28050","number":"30311","date":"2021-02-20","amount":45000,"total":45000,"balance":0}],"costCenter":null,"numberTemplate":{"id":"3","prefix":"","number":"27895","fullNumber":"27895","formattedNumber":"27895"}}
2021-02-20 07:15:09 :: ----------send data payment:28051------------
2021-02-20 07:15:09 :: {"date":"2021-02-20","invoices":[{"amount":"53500","id":"28051"}],"bankAccount":2}
2021-02-20 07:15:10 :: ----------result data payment:28051------------
2021-02-20 07:15:10 :: {"id":"29096","date":"2021-02-20","number":"27896","amount":"53500.0000000000","observations":null,"anotation":null,"type":"in","paymentMethod":"","status":"open","bankAccount":{"id":"2","name":"PAYU","type":"bank"},"client":{"id":"22440","name":"Camilo Quintero","phone":"3046082198"},"invoices":[{"id":"28051","number":"30312","date":"2021-02-20","amount":53500,"total":53500,"balance":0}],"costCenter":null,"numberTemplate":{"id":"3","prefix":"","number":"27896","fullNumber":"27896","formattedNumber":"27896"}}
2021-02-20 07:50:14 :: ----------send data payment:28052------------
2021-02-20 07:50:14 :: {"date":"2021-02-20","invoices":[{"amount":"30000","id":"28052"}],"bankAccount":2}
2021-02-20 07:50:15 :: ----------result data payment:28052------------
2021-02-20 07:50:15 :: {"id":"29097","date":"2021-02-20","number":"27897","amount":"30000.0000000000","observations":null,"anotation":null,"type":"in","paymentMethod":"","status":"open","bankAccount":{"id":"2","name":"PAYU","type":"bank"},"client":{"id":"22441","name":"Kelly Atencia","phone":"3137998419"},"invoices":[{"id":"28052","number":"30313","date":"2021-02-20","amount":30000,"total":30000,"balance":0}],"costCenter":null,"numberTemplate":{"id":"3","prefix":"","number":"27897","fullNumber":"27897","formattedNumber":"27897"}}
2021-02-20 10:25:13 :: ----------send data payment:28054------------
2021-02-20 10:25:13 :: {"date":"2021-02-20","invoices":[{"amount":"90000","id":"28054"}],"bankAccount":2}
2021-02-20 10:25:14 :: ----------result data payment:28054------------
2021-02-20 10:25:14 :: {"id":"29100","date":"2021-02-20","number":"27899","amount":"90000.0000000000","observations":null,"anotation":null,"type":"in","paymentMethod":"","status":"open","bankAccount":{"id":"2","name":"PAYU","type":"bank"},"client":{"id":"16249","name":"July urbano","phone":"3142474725"},"invoices":[{"id":"28054","number":"30315","date":"2021-02-20","amount":90000,"total":90000,"balance":0}],"costCenter":null,"numberTemplate":{"id":"3","prefix":"","number":"27899","fullNumber":"27899","formattedNumber":"27899"}}
2021-02-20 10:40:12 :: ----------send data payment:28056------------
2021-02-20 10:40:12 :: {"date":"2021-02-20","invoices":[{"amount":"150000","id":"28056"}],"bankAccount":2}
2021-02-20 10:40:14 :: ----------result data payment:28056------------
2021-02-20 10:40:14 :: {"id":"29102","date":"2021-02-20","number":"27901","amount":"150000.0000000000","observations":null,"anotation":null,"type":"in","paymentMethod":"","status":"open","bankAccount":{"id":"2","name":"PAYU","type":"bank"},"client":{"id":"22442","name":"Ana Mar\u00eda Giraldo","phone":"3234650666"},"invoices":[{"id":"28056","number":"30317","date":"2021-02-20","amount":150000,"total":150000,"balance":0}],"costCenter":null,"numberTemplate":{"id":"3","prefix":"","number":"27901","fullNumber":"27901","formattedNumber":"27901"}}
2021-02-20 12:00:19 :: ----------send data payment:28058------------
2021-02-20 12:00:19 :: {"date":"2021-02-20","invoices":[{"amount":"190000","id":"28058"}],"bankAccount":2}
2021-02-20 12:00:21 :: ----------result data payment:28058------------
2021-02-20 12:00:21 :: {"id":"29103","date":"2021-02-20","number":"27902","amount":"190000.0000000000","observations":null,"anotation":null,"type":"in","paymentMethod":"","status":"open","bankAccount":{"id":"2","name":"PAYU","type":"bank"},"client":{"id":"22443","name":"CAMILA CARRE\u00d1O","phone":"3002281257"},"invoices":[{"id":"28058","number":"30319","date":"2021-02-20","amount":190000,"total":190000,"balance":0}],"costCenter":null,"numberTemplate":{"id":"3","prefix":"","number":"27902","fullNumber":"27902","formattedNumber":"27902"}}
2021-02-20 01:15:07 :: ----------send data payment:28059------------
2021-02-20 01:15:07 :: {"date":"2021-02-20","invoices":[{"amount":"49999","id":"28059"}],"bankAccount":2}
2021-02-20 01:15:08 :: ----------result data payment:28059------------
2021-02-20 01:15:08 :: {"id":"29104","date":"2021-02-20","number":"27903","amount":"49999.0000000000","observations":null,"anotation":null,"type":"in","paymentMethod":"","status":"open","bankAccount":{"id":"2","name":"PAYU","type":"bank"},"client":{"id":"21438","name":"CARLOTTA RUIZ HERRERA","phone":"3014634604"},"invoices":[{"id":"28059","number":"30320","date":"2021-02-20","amount":49999,"total":49999,"balance":0}],"costCenter":null,"numberTemplate":{"id":"3","prefix":"","number":"27903","fullNumber":"27903","formattedNumber":"27903"}}
2021-02-20 02:05:10 :: ----------send data payment:28060------------
2021-02-20 02:05:10 :: {"date":"2021-02-20","invoices":[{"amount":"134002","id":"28060"}],"bankAccount":2}
2021-02-20 02:05:12 :: ----------result data payment:28060------------
2021-02-20 02:05:12 :: {"id":"29105","date":"2021-02-20","number":"27904","amount":"134002.0000000000","observations":null,"anotation":null,"type":"in","paymentMethod":"","status":"open","bankAccount":{"id":"2","name":"PAYU","type":"bank"},"client":{"id":"22444","name":"Carrera 11 a #8-41 sur","phone":"3202378511"},"invoices":[{"id":"28060","number":"30321","date":"2021-02-20","amount":134002,"total":134002,"balance":0}],"costCenter":null,"numberTemplate":{"id":"3","prefix":"","number":"27904","fullNumber":"27904","formattedNumber":"27904"}}
2021-02-20 02:20:11 :: ----------send data payment:28061------------
2021-02-20 02:20:11 :: {"date":"2021-02-20","invoices":[{"amount":"190001","id":"28061"}],"bankAccount":2}
2021-02-20 02:20:12 :: ----------result data payment:28061------------
2021-02-20 02:20:12 :: {"id":"29106","date":"2021-02-20","number":"27905","amount":"190001.0000000000","observations":null,"anotation":null,"type":"in","paymentMethod":"","status":"open","bankAccount":{"id":"2","name":"PAYU","type":"bank"},"client":{"id":"22445","name":"Johanna Rojas","phone":"3142950143"},"invoices":[{"id":"28061","number":"30322","date":"2021-02-20","amount":190001,"total":190001,"balance":0}],"costCenter":null,"numberTemplate":{"id":"3","prefix":"","number":"27905","fullNumber":"27905","formattedNumber":"27905"}}
2021-02-20 03:05:16 :: ----------send data payment:28062------------
2021-02-20 03:05:16 :: {"date":"2021-02-20","invoices":[{"amount":"80001","id":"28062"}],"bankAccount":2}
2021-02-20 03:05:17 :: ----------result data payment:28062------------
2021-02-20 03:05:17 :: {"id":"29107","date":"2021-02-20","number":"27906","amount":"80001.0000000000","observations":null,"anotation":null,"type":"in","paymentMethod":"","status":"open","bankAccount":{"id":"2","name":"PAYU","type":"bank"},"client":{"id":"10546","name":"Yuliana Urbina","phone":"3124572955"},"invoices":[{"id":"28062","number":"30323","date":"2021-02-20","amount":80001,"total":80001,"balance":0}],"costCenter":null,"numberTemplate":{"id":"3","prefix":"","number":"27906","fullNumber":"27906","formattedNumber":"27906"}}
2021-02-20 03:05:22 :: ----------send data payment:28063------------
2021-02-20 03:05:22 :: {"date":"2021-02-20","invoices":[{"amount":"25000","id":"28063"}],"bankAccount":2}
2021-02-20 03:05:23 :: ----------result data payment:28063------------
2021-02-20 03:05:23 :: {"id":"29108","date":"2021-02-20","number":"27907","amount":"25000.0000000000","observations":null,"anotation":null,"type":"in","paymentMethod":"","status":"open","bankAccount":{"id":"2","name":"PAYU","type":"bank"},"client":{"id":"22446","name":"Isabela Pedraza","phone":"3143649849"},"invoices":[{"id":"28063","number":"30324","date":"2021-02-20","amount":25000,"total":25000,"balance":0}],"costCenter":null,"numberTemplate":{"id":"3","prefix":"","number":"27907","fullNumber":"27907","formattedNumber":"27907"}}
2021-02-20 03:25:10 :: ----------send data payment:28064------------
2021-02-20 03:25:10 :: {"date":"2021-02-20","invoices":[{"amount":"55000","id":"28064"}],"bankAccount":2}
2021-02-20 03:25:12 :: ----------result data payment:28064------------
2021-02-20 03:25:12 :: {"id":"29109","date":"2021-02-20","number":"27908","amount":"55000.0000000000","observations":null,"anotation":null,"type":"in","paymentMethod":"","status":"open","bankAccount":{"id":"2","name":"PAYU","type":"bank"},"client":{"id":"22447","name":"Carolina Atehortua","phone":"3226089575"},"invoices":[{"id":"28064","number":"30325","date":"2021-02-20","amount":55000,"total":55000,"balance":0}],"costCenter":null,"numberTemplate":{"id":"3","prefix":"","number":"27908","fullNumber":"27908","formattedNumber":"27908"}}
2021-02-20 04:05:10 :: ----------send data payment:28065------------
2021-02-20 04:05:10 :: {"date":"2021-02-20","invoices":[{"amount":"45000","id":"28065"}],"bankAccount":2}
2021-02-20 04:05:11 :: ----------result data payment:28065------------
2021-02-20 04:05:11 :: {"id":"29110","date":"2021-02-20","number":"27909","amount":"45000.0000000000","observations":null,"anotation":null,"type":"in","paymentMethod":"","status":"open","bankAccount":{"id":"2","name":"PAYU","type":"bank"},"client":{"id":"22448","name":"Lida Zamora","phone":"3202357334"},"invoices":[{"id":"28065","number":"30326","date":"2021-02-20","amount":45000,"total":45000,"balance":0}],"costCenter":null,"numberTemplate":{"id":"3","prefix":"","number":"27909","fullNumber":"27909","formattedNumber":"27909"}}
2021-02-20 04:40:08 :: ----------send data payment:28066------------
2021-02-20 04:40:08 :: {"date":"2021-02-20","invoices":[{"amount":"90000","id":"28066"}],"bankAccount":2}
2021-02-20 04:40:09 :: ----------result data payment:28066------------
2021-02-20 04:40:09 :: {"id":"29111","date":"2021-02-20","number":"27910","amount":"90000.0000000000","observations":null,"anotation":null,"type":"in","paymentMethod":"","status":"open","bankAccount":{"id":"2","name":"PAYU","type":"bank"},"client":{"id":"20269","name":"Carolina Monroy","phone":"3207245901"},"invoices":[{"id":"28066","number":"30327","date":"2021-02-20","amount":90000,"total":90000,"balance":0}],"costCenter":null,"numberTemplate":{"id":"3","prefix":"","number":"27910","fullNumber":"27910","formattedNumber":"27910"}}
2021-02-20 04:50:19 :: ----------send data payment:28067------------
2021-02-20 04:50:19 :: {"date":"2021-02-20","invoices":[{"amount":"67999","id":"28067"}],"bankAccount":2}
2021-02-20 04:50:20 :: ----------result data payment:28067------------
2021-02-20 04:50:20 :: {"id":"29112","date":"2021-02-20","number":"27911","amount":"67999.0000000000","observations":null,"anotation":null,"type":"in","paymentMethod":"","status":"open","bankAccount":{"id":"2","name":"PAYU","type":"bank"},"client":{"id":"14538","name":"Daniela Mart\u00ednez","phone":"3118803591"},"invoices":[{"id":"28067","number":"30328","date":"2021-02-20","amount":67999,"total":67999,"balance":0}],"costCenter":null,"numberTemplate":{"id":"3","prefix":"","number":"27911","fullNumber":"27911","formattedNumber":"27911"}}
2021-02-20 04:50:22 :: ----------send data payment:28068------------
2021-02-20 04:50:22 :: {"date":"2021-02-20","invoices":[{"amount":"87999","id":"28068"}],"bankAccount":2}
2021-02-20 04:50:23 :: ----------result data payment:28068------------
2021-02-20 04:50:23 :: {"id":"29113","date":"2021-02-20","number":"27912","amount":"87999.0000000000","observations":null,"anotation":null,"type":"in","paymentMethod":"","status":"open","bankAccount":{"id":"2","name":"PAYU","type":"bank"},"client":{"id":"22449","name":"Nicole Monta\u00f1o","phone":"3022820919"},"invoices":[{"id":"28068","number":"30329","date":"2021-02-20","amount":87999,"total":87999,"balance":0}],"costCenter":null,"numberTemplate":{"id":"3","prefix":"","number":"27912","fullNumber":"27912","formattedNumber":"27912"}}
2021-02-20 05:25:09 :: ----------send data payment:28069------------
2021-02-20 05:25:09 :: {"date":"2021-02-20","invoices":[{"amount":"95001","id":"28069"}],"bankAccount":2}
2021-02-20 05:25:11 :: ----------result data payment:28069------------
2021-02-20 05:25:11 :: {"id":"29114","date":"2021-02-20","number":"27913","amount":"95001.0000000000","observations":null,"anotation":null,"type":"in","paymentMethod":"","status":"open","bankAccount":{"id":"2","name":"PAYU","type":"bank"},"client":{"id":"22450","name":"Flor Garzon","phone":"3132538012"},"invoices":[{"id":"28069","number":"30330","date":"2021-02-20","amount":95001,"total":95001,"balance":0}],"costCenter":null,"numberTemplate":{"id":"3","prefix":"","number":"27913","fullNumber":"27913","formattedNumber":"27913"}}
2021-02-20 05:30:23 :: ----------send data payment:28070------------
2021-02-20 05:30:23 :: {"date":"2021-02-20","invoices":[{"amount":"70999","id":"28070"}],"bankAccount":2}
2021-02-20 05:30:25 :: ----------result data payment:28070------------
2021-02-20 05:30:25 :: {"id":"29115","date":"2021-02-20","number":"27914","amount":"70999.0000000000","observations":null,"anotation":null,"type":"in","paymentMethod":"","status":"open","bankAccount":{"id":"2","name":"PAYU","type":"bank"},"client":{"id":"22451","name":"Maria Jose Salazar","phone":"3153848173"},"invoices":[{"id":"28070","number":"30331","date":"2021-02-20","amount":70999,"total":70999,"balance":0}],"costCenter":null,"numberTemplate":{"id":"3","prefix":"","number":"27914","fullNumber":"27914","formattedNumber":"27914"}}
2021-02-20 06:20:09 :: ----------send data payment:28071------------
2021-02-20 06:20:09 :: {"date":"2021-02-20","invoices":[{"amount":"43000","id":"28071"}],"bankAccount":2}
2021-02-20 06:20:11 :: ----------result data payment:28071------------
2021-02-20 06:20:11 :: {"id":"29116","date":"2021-02-20","number":"27915","amount":"43000.0000000000","observations":null,"anotation":null,"type":"in","paymentMethod":"","status":"open","bankAccount":{"id":"2","name":"PAYU","type":"bank"},"client":{"id":"22452","name":"Luz Eusse","phone":"3505905270"},"invoices":[{"id":"28071","number":"30332","date":"2021-02-20","amount":43000,"total":43000,"balance":0}],"costCenter":null,"numberTemplate":{"id":"3","prefix":"","number":"27915","fullNumber":"27915","formattedNumber":"27915"}}
2021-02-20 08:10:14 :: ----------send data payment:28072------------
2021-02-20 08:10:14 :: {"date":"2021-02-20","invoices":[{"amount":"139501","id":"28072"}],"bankAccount":2}
2021-02-20 08:10:15 :: ----------result data payment:28072------------
2021-02-20 08:10:15 :: {"id":"29117","date":"2021-02-20","number":"27916","amount":"139501.0000000000","observations":null,"anotation":null,"type":"in","paymentMethod":"","status":"open","bankAccount":{"id":"2","name":"PAYU","type":"bank"},"client":{"id":"22453","name":"Alma Viviana Amaya","phone":"3126272259"},"invoices":[{"id":"28072","number":"30333","date":"2021-02-20","amount":139501,"total":139501,"balance":0}],"costCenter":null,"numberTemplate":{"id":"3","prefix":"","number":"27916","fullNumber":"27916","formattedNumber":"27916"}}
2021-02-20 10:10:10 :: ----------send data payment:28073------------
2021-02-20 10:10:10 :: {"date":"2021-02-20","invoices":[{"amount":"78000","id":"28073"}],"bankAccount":2}
2021-02-20 10:10:11 :: ----------result data payment:28073------------
2021-02-20 10:10:11 :: {"id":"29118","date":"2021-02-20","number":"27917","amount":"78000.0000000000","observations":null,"anotation":null,"type":"in","paymentMethod":"","status":"open","bankAccount":{"id":"2","name":"PAYU","type":"bank"},"client":{"id":"21208","name":"Catalina gil echeverri","phone":"5851979"},"invoices":[{"id":"28073","number":"30334","date":"2021-02-20","amount":78000,"total":78000,"balance":0}],"costCenter":null,"numberTemplate":{"id":"3","prefix":"","number":"27917","fullNumber":"27917","formattedNumber":"27917"}}
2021-02-20 11:30:08 :: ----------send data payment:28074------------
2021-02-20 11:30:08 :: {"date":"2021-02-20","invoices":[{"amount":"82999","id":"28074"}],"bankAccount":2}
2021-02-20 11:30:09 :: ----------result data payment:28074------------
2021-02-20 11:30:09 :: {"id":"29119","date":"2021-02-20","number":"27918","amount":"82999.0000000000","observations":null,"anotation":null,"type":"in","paymentMethod":"","status":"open","bankAccount":{"id":"2","name":"PAYU","type":"bank"},"client":{"id":"178","name":"Ximena cardona","phone":"3146256399"},"invoices":[{"id":"28074","number":"30335","date":"2021-02-20","amount":82999,"total":82999,"balance":0}],"costCenter":null,"numberTemplate":{"id":"3","prefix":"","number":"27918","fullNumber":"27918","formattedNumber":"27918"}}