
2021-07-27 12:10:03 :: ----------send data payment:34673------------
2021-07-27 12:10:03 :: {"date":"2021-07-27","invoices":[{"amount":"25000","id":"34673"}],"bankAccount":2}
2021-07-27 12:10:05 :: ----------result data payment:34673------------
2021-07-27 12:10:05 :: {"id":"36067","date":"2021-07-27","number":"34490","amount":"25000.0000000000","observations":null,"anotation":null,"type":"in","paymentMethod":"","status":"open","bankAccount":{"id":"2","name":"PAYU","type":"bank"},"client":{"id":"26990","name":"Alejandra Indriago","phone":"3132926352"},"invoices":[{"id":"34673","number":"36934","date":"2021-07-27","amount":25000,"total":25000,"balance":0}],"costCenter":null,"numberTemplate":{"id":"3","prefix":"","number":"34490","fullNumber":"34490","formattedNumber":"34490"}}
2021-07-27 12:20:04 :: ----------send data payment:34674------------
2021-07-27 12:20:04 :: {"date":"2021-07-27","invoices":[{"amount":"25000","id":"34674"}],"bankAccount":2}
2021-07-27 12:20:05 :: ----------result data payment:34674------------
2021-07-27 12:20:05 :: {"id":"36068","date":"2021-07-27","number":"34491","amount":"25000.0000000000","observations":null,"anotation":null,"type":"in","paymentMethod":"","status":"open","bankAccount":{"id":"2","name":"PAYU","type":"bank"},"client":{"id":"26991","name":"Ana Mar\u00eda Tob\u00f3n Garc\u00eda","phone":"3104183146"},"invoices":[{"id":"34674","number":"36935","date":"2021-07-27","amount":25000,"total":25000,"balance":0}],"costCenter":null,"numberTemplate":{"id":"3","prefix":"","number":"34491","fullNumber":"34491","formattedNumber":"34491"}}
2021-07-27 12:35:03 :: ----------send data payment:34675------------
2021-07-27 12:35:03 :: {"date":"2021-07-27","invoices":[{"amount":"45000","id":"34675"}],"bankAccount":2}
2021-07-27 12:35:05 :: ----------result data payment:34675------------
2021-07-27 12:35:05 :: {"id":"36069","date":"2021-07-27","number":"34492","amount":"45000.0000000000","observations":null,"anotation":null,"type":"in","paymentMethod":"","status":"open","bankAccount":{"id":"2","name":"PAYU","type":"bank"},"client":{"id":"26992","name":"Laura Rodriguez","phone":"3023749918"},"invoices":[{"id":"34675","number":"36936","date":"2021-07-27","amount":45000,"total":45000,"balance":0}],"costCenter":null,"numberTemplate":{"id":"3","prefix":"","number":"34492","fullNumber":"34492","formattedNumber":"34492"}}
2021-07-27 03:10:03 :: ----------send data payment:34676------------
2021-07-27 03:10:03 :: {"date":"2021-07-27","invoices":[{"amount":"60000","id":"34676"}],"bankAccount":2}
2021-07-27 03:10:04 :: ----------result data payment:34676------------
2021-07-27 03:10:04 :: {"id":"36070","date":"2021-07-27","number":"34493","amount":"60000.0000000000","observations":null,"anotation":null,"type":"in","paymentMethod":"","status":"open","bankAccount":{"id":"2","name":"PAYU","type":"bank"},"client":{"id":"26993","name":"Suanny Lerma Gonz\u00e1lez","phone":"3158622889"},"invoices":[{"id":"34676","number":"36937","date":"2021-07-27","amount":60000,"total":60000,"balance":0}],"costCenter":null,"numberTemplate":{"id":"3","prefix":"","number":"34493","fullNumber":"34493","formattedNumber":"34493"}}
2021-07-27 03:15:04 :: ----------send data payment:34677------------
2021-07-27 03:15:04 :: {"date":"2021-07-27","invoices":[{"amount":"95000","id":"34677"}],"bankAccount":2}
2021-07-27 03:15:06 :: ----------result data payment:34677------------
2021-07-27 03:15:06 :: {"id":"36071","date":"2021-07-27","number":"34494","amount":"95000.0000000000","observations":null,"anotation":null,"type":"in","paymentMethod":"","status":"open","bankAccount":{"id":"2","name":"PAYU","type":"bank"},"client":{"id":"26994","name":"Sandra Zamudio","phone":"3124837967"},"invoices":[{"id":"34677","number":"36938","date":"2021-07-27","amount":95000,"total":95000,"balance":0}],"costCenter":null,"numberTemplate":{"id":"3","prefix":"","number":"34494","fullNumber":"34494","formattedNumber":"34494"}}
2021-07-27 08:10:06 :: ----------send data payment:34678------------
2021-07-27 08:10:06 :: {"date":"2021-07-27","invoices":[{"amount":"30000","id":"34678"}],"bankAccount":2}
2021-07-27 08:10:08 :: ----------result data payment:34678------------
2021-07-27 08:10:08 :: {"id":"36072","date":"2021-07-27","number":"34495","amount":"30000.0000000000","observations":null,"anotation":null,"type":"in","paymentMethod":"","status":"open","bankAccount":{"id":"2","name":"PAYU","type":"bank"},"client":{"id":"26995","name":"Carolina Aguirre","phone":"3193986615"},"invoices":[{"id":"34678","number":"36939","date":"2021-07-27","amount":30000,"total":30000,"balance":0}],"costCenter":null,"numberTemplate":{"id":"3","prefix":"","number":"34495","fullNumber":"34495","formattedNumber":"34495"}}
2021-07-27 09:50:03 :: ----------send data payment:34679------------
2021-07-27 09:50:03 :: {"date":"2021-07-27","invoices":[{"amount":"96000","id":"34679"}],"bankAccount":2}
2021-07-27 09:50:05 :: ----------result data payment:34679------------
2021-07-27 09:50:05 :: {"id":"36074","date":"2021-07-27","number":"34496","amount":"96000.0000000000","observations":null,"anotation":null,"type":"in","paymentMethod":"","status":"open","bankAccount":{"id":"2","name":"PAYU","type":"bank"},"client":{"id":"19428","name":"Sonia T\u00e9llez","phone":"3196676307"},"invoices":[{"id":"34679","number":"36940","date":"2021-07-27","amount":96000,"total":96000,"balance":0}],"costCenter":null,"numberTemplate":{"id":"3","prefix":"","number":"34496","fullNumber":"34496","formattedNumber":"34496"}}
2021-07-27 09:55:05 :: ----------send data payment:34680------------
2021-07-27 09:55:05 :: {"date":"2021-07-27","invoices":[{"amount":"48001","id":"34680"}],"bankAccount":2}
2021-07-27 09:55:07 :: ----------result data payment:34680------------
2021-07-27 09:55:07 :: {"id":"36075","date":"2021-07-27","number":"34497","amount":"48001.0000000000","observations":null,"anotation":null,"type":"in","paymentMethod":"","status":"open","bankAccount":{"id":"2","name":"PAYU","type":"bank"},"client":{"id":"26996","name":"Dayana Rodr\u00edguez Salcedo","phone":"3162228939"},"invoices":[{"id":"34680","number":"36941","date":"2021-07-27","amount":48001,"total":48001,"balance":0}],"costCenter":null,"numberTemplate":{"id":"3","prefix":"","number":"34497","fullNumber":"34497","formattedNumber":"34497"}}
2021-07-27 10:00:06 :: ----------send data payment:34681------------
2021-07-27 10:00:06 :: {"date":"2021-07-27","invoices":[{"amount":"70000","id":"34681"}],"bankAccount":2}
2021-07-27 10:00:12 :: ----------result data payment:34681------------
2021-07-27 10:00:12 :: {"id":"36076","date":"2021-07-27","number":"34498","amount":"70000.0000000000","observations":null,"anotation":null,"type":"in","paymentMethod":"","status":"open","bankAccount":{"id":"2","name":"PAYU","type":"bank"},"client":{"id":"26997","name":"Isabela Pineda","phone":"3128857098"},"invoices":[{"id":"34681","number":"36942","date":"2021-07-27","amount":70000,"total":70000,"balance":0}],"costCenter":null,"numberTemplate":{"id":"3","prefix":"","number":"34498","fullNumber":"34498","formattedNumber":"34498"}}
2021-07-27 10:10:14 :: ----------send data payment:34682------------
2021-07-27 10:10:14 :: {"date":"2021-07-27","invoices":[{"amount":"127001","id":"34682"}],"bankAccount":2}
2021-07-27 10:10:22 :: ----------result data payment:34682------------
2021-07-27 10:10:22 :: {"id":"36077","date":"2021-07-27","number":"34499","amount":"127001.0000000000","observations":null,"anotation":null,"type":"in","paymentMethod":"","status":"open","bankAccount":{"id":"2","name":"PAYU","type":"bank"},"client":{"id":"26998","name":"Andrea reyes","phone":"3143705278"},"invoices":[{"id":"34682","number":"36943","date":"2021-07-27","amount":127001,"total":127001,"balance":0}],"costCenter":null,"numberTemplate":{"id":"3","prefix":"","number":"34499","fullNumber":"34499","formattedNumber":"34499"}}
2021-07-27 10:45:10 :: ----------send data payment:34683------------
2021-07-27 10:45:10 :: {"date":"2021-07-27","invoices":[{"amount":"60000","id":"34683"}],"bankAccount":2}
2021-07-27 10:45:12 :: ----------result data payment:34683------------
2021-07-27 10:45:12 :: {"id":"36078","date":"2021-07-27","number":"34500","amount":"60000.0000000000","observations":null,"anotation":null,"type":"in","paymentMethod":"","status":"open","bankAccount":{"id":"2","name":"PAYU","type":"bank"},"client":{"id":"26999","name":"Mar\u00eda Henao","phone":"3212461831"},"invoices":[{"id":"34683","number":"36944","date":"2021-07-27","amount":60000,"total":60000,"balance":0}],"costCenter":null,"numberTemplate":{"id":"3","prefix":"","number":"34500","fullNumber":"34500","formattedNumber":"34500"}}
2021-07-27 10:50:08 :: ----------send data payment:34684------------
2021-07-27 10:50:08 :: {"date":"2021-07-27","invoices":[{"amount":"25000","id":"34684"}],"bankAccount":2}
2021-07-27 10:50:09 :: ----------result data payment:34684------------
2021-07-27 10:50:09 :: {"id":"36079","date":"2021-07-27","number":"34501","amount":"25000.0000000000","observations":null,"anotation":null,"type":"in","paymentMethod":"","status":"open","bankAccount":{"id":"2","name":"PAYU","type":"bank"},"client":{"id":"27000","name":"Diana sanchez","phone":"3118425121"},"invoices":[{"id":"34684","number":"36945","date":"2021-07-27","amount":25000,"total":25000,"balance":0}],"costCenter":null,"numberTemplate":{"id":"3","prefix":"","number":"34501","fullNumber":"34501","formattedNumber":"34501"}}
2021-07-27 10:50:11 :: ----------send data payment:34685------------
2021-07-27 10:50:11 :: {"date":"2021-07-27","invoices":[{"amount":"140001","id":"34685"}],"bankAccount":2}
2021-07-27 10:50:13 :: ----------result data payment:34685------------
2021-07-27 10:50:13 :: {"id":"36080","date":"2021-07-27","number":"34502","amount":"140001.0000000000","observations":null,"anotation":null,"type":"in","paymentMethod":"","status":"open","bankAccount":{"id":"2","name":"PAYU","type":"bank"},"client":{"id":"8591","name":"Yudy elizabeth sierra","phone":"3148729778"},"invoices":[{"id":"34685","number":"36946","date":"2021-07-27","amount":140001,"total":140001,"balance":0}],"costCenter":null,"numberTemplate":{"id":"3","prefix":"","number":"34502","fullNumber":"34502","formattedNumber":"34502"}}
2021-07-27 11:20:06 :: ----------send data payment:34687------------
2021-07-27 11:20:06 :: {"date":"2021-07-27","invoices":[{"amount":"75000","id":"34687"}],"bankAccount":2}
2021-07-27 11:20:08 :: ----------result data payment:34687------------
2021-07-27 11:20:08 :: {"id":"36081","date":"2021-07-27","number":"34503","amount":"75000.0000000000","observations":null,"anotation":null,"type":"in","paymentMethod":"","status":"open","bankAccount":{"id":"2","name":"PAYU","type":"bank"},"client":{"id":"27001","name":"Angie paola Uribe Garc\u00eda","phone":"3148470630"},"invoices":[{"id":"34687","number":"36948","date":"2021-07-27","amount":75000,"total":75000,"balance":0}],"costCenter":null,"numberTemplate":{"id":"3","prefix":"","number":"34503","fullNumber":"34503","formattedNumber":"34503"}}
2021-07-27 11:35:06 :: ----------send data payment:34688------------
2021-07-27 11:35:06 :: {"date":"2021-07-27","invoices":[{"amount":"73000","id":"34688"}],"bankAccount":2}
2021-07-27 11:35:08 :: ----------result data payment:34688------------
2021-07-27 11:35:08 :: {"id":"36082","date":"2021-07-27","number":"34504","amount":"73000.0000000000","observations":null,"anotation":null,"type":"in","paymentMethod":"","status":"open","bankAccount":{"id":"2","name":"PAYU","type":"bank"},"client":{"id":"27002","name":"Mariana Ortiz Ramirez","phone":"3148208686"},"invoices":[{"id":"34688","number":"36949","date":"2021-07-27","amount":73000,"total":73000,"balance":0}],"costCenter":null,"numberTemplate":{"id":"3","prefix":"","number":"34504","fullNumber":"34504","formattedNumber":"34504"}}
2021-07-27 12:55:05 :: ----------send data payment:34689------------
2021-07-27 12:55:05 :: {"date":"2021-07-27","invoices":[{"amount":"53000","id":"34689"}],"bankAccount":2}
2021-07-27 12:55:07 :: ----------result data payment:34689------------
2021-07-27 12:55:07 :: {"id":"36083","date":"2021-07-27","number":"34505","amount":"53000.0000000000","observations":null,"anotation":null,"type":"in","paymentMethod":"","status":"open","bankAccount":{"id":"2","name":"PAYU","type":"bank"},"client":{"id":"27003","name":"Dafne Geraldine Quintero Vega","phone":"3022651491"},"invoices":[{"id":"34689","number":"36950","date":"2021-07-27","amount":53000,"total":53000,"balance":0}],"costCenter":null,"numberTemplate":{"id":"3","prefix":"","number":"34505","fullNumber":"34505","formattedNumber":"34505"}}
2021-07-27 12:55:10 :: ----------send data payment:34690------------
2021-07-27 12:55:10 :: {"date":"2021-07-27","invoices":[{"amount":"141000","id":"34690"}],"bankAccount":2}
2021-07-27 12:55:11 :: ----------result data payment:34690------------
2021-07-27 12:55:11 :: {"id":"36084","date":"2021-07-27","number":"34506","amount":"141000.0000000000","observations":null,"anotation":null,"type":"in","paymentMethod":"","status":"open","bankAccount":{"id":"2","name":"PAYU","type":"bank"},"client":{"id":"27004","name":"Tatiana Vargas","phone":"3219452221"},"invoices":[{"id":"34690","number":"36951","date":"2021-07-27","amount":141000,"total":141000,"balance":0}],"costCenter":null,"numberTemplate":{"id":"3","prefix":"","number":"34506","fullNumber":"34506","formattedNumber":"34506"}}
2021-07-27 01:15:05 :: ----------send data payment:34691------------
2021-07-27 01:15:05 :: {"date":"2021-07-27","invoices":[{"amount":"42600","id":"34691"}],"bankAccount":2}
2021-07-27 01:15:06 :: ----------result data payment:34691------------
2021-07-27 01:15:06 :: {"id":"36085","date":"2021-07-27","number":"34507","amount":"42600.0000000000","observations":null,"anotation":null,"type":"in","paymentMethod":"","status":"open","bankAccount":{"id":"2","name":"PAYU","type":"bank"},"client":{"id":"27005","name":"Melissa Manjarrez","phone":"3168234148"},"invoices":[{"id":"34691","number":"36952","date":"2021-07-27","amount":42600,"total":42600,"balance":0}],"costCenter":null,"numberTemplate":{"id":"3","prefix":"","number":"34507","fullNumber":"34507","formattedNumber":"34507"}}
2021-07-27 01:15:08 :: ----------send data payment:34692------------
2021-07-27 01:15:08 :: {"date":"2021-07-27","invoices":[{"amount":"53996","id":"34692"}],"bankAccount":2}
2021-07-27 01:15:10 :: ----------result data payment:34692------------
2021-07-27 01:15:10 :: {"id":"36086","date":"2021-07-27","number":"34508","amount":"53996.0000000000","observations":null,"anotation":null,"type":"in","paymentMethod":"","status":"open","bankAccount":{"id":"2","name":"PAYU","type":"bank"},"client":{"id":"26667","name":"Pilar Nohely Castro Jimenez","phone":"3214549975"},"invoices":[{"id":"34692","number":"36953","date":"2021-07-27","amount":53996,"total":53996,"balance":0}],"costCenter":null,"numberTemplate":{"id":"3","prefix":"","number":"34508","fullNumber":"34508","formattedNumber":"34508"}}
2021-07-27 01:20:06 :: ----------send data payment:34693------------
2021-07-27 01:20:06 :: {"date":"2021-07-27","invoices":[{"amount":"474000","id":"34693"}],"bankAccount":2}
2021-07-27 01:20:09 :: ----------result data payment:34693------------
2021-07-27 01:20:09 :: {"id":"36087","date":"2021-07-27","number":"34509","amount":"474000.0000000000","observations":null,"anotation":null,"type":"in","paymentMethod":"","status":"open","bankAccount":{"id":"2","name":"PAYU","type":"bank"},"client":{"id":"27006","name":"Julieth Gomez","phone":"3004478140"},"invoices":[{"id":"34693","number":"36954","date":"2021-07-27","amount":474000,"total":474000,"balance":0}],"costCenter":null,"numberTemplate":{"id":"3","prefix":"","number":"34509","fullNumber":"34509","formattedNumber":"34509"}}
2021-07-27 02:00:04 :: ----------send data payment:34694------------
2021-07-27 02:00:04 :: {"date":"2021-07-27","invoices":[{"amount":"30000","id":"34694"}],"bankAccount":2}
2021-07-27 02:00:06 :: ----------result data payment:34694------------
2021-07-27 02:00:06 :: {"id":"36088","date":"2021-07-27","number":"34510","amount":"30000.0000000000","observations":null,"anotation":null,"type":"in","paymentMethod":"","status":"open","bankAccount":{"id":"2","name":"PAYU","type":"bank"},"client":{"id":"6558","name":"Natalia Ar\u00e9valo","phone":"+573114621664"},"invoices":[{"id":"34694","number":"36955","date":"2021-07-27","amount":30000,"total":30000,"balance":0}],"costCenter":null,"numberTemplate":{"id":"3","prefix":"","number":"34510","fullNumber":"34510","formattedNumber":"34510"}}
2021-07-27 02:00:07 :: ----------send data payment:34695------------
2021-07-27 02:00:07 :: {"date":"2021-07-27","invoices":[{"amount":"30000","id":"34695"}],"bankAccount":2}
2021-07-27 02:00:09 :: ----------result data payment:34695------------
2021-07-27 02:00:09 :: {"id":"36089","date":"2021-07-27","number":"34511","amount":"30000.0000000000","observations":null,"anotation":null,"type":"in","paymentMethod":"","status":"open","bankAccount":{"id":"2","name":"PAYU","type":"bank"},"client":{"id":"6558","name":"Natalia Ar\u00e9valo","phone":"+573114621664"},"invoices":[{"id":"34695","number":"36956","date":"2021-07-27","amount":30000,"total":30000,"balance":0}],"costCenter":null,"numberTemplate":{"id":"3","prefix":"","number":"34511","fullNumber":"34511","formattedNumber":"34511"}}
2021-07-27 02:30:05 :: ----------send data payment:34696------------
2021-07-27 02:30:05 :: {"date":"2021-07-27","invoices":[{"amount":"105000","id":"34696"}],"bankAccount":2}
2021-07-27 02:30:06 :: ----------result data payment:34696------------
2021-07-27 02:30:06 :: {"id":"36090","date":"2021-07-27","number":"34512","amount":"105000.0000000000","observations":null,"anotation":null,"type":"in","paymentMethod":"","status":"open","bankAccount":{"id":"2","name":"PAYU","type":"bank"},"client":{"id":"27007","name":"Daniela Betancur Perez","phone":"3154132393"},"invoices":[{"id":"34696","number":"36957","date":"2021-07-27","amount":105000,"total":105000,"balance":0}],"costCenter":null,"numberTemplate":{"id":"3","prefix":"","number":"34512","fullNumber":"34512","formattedNumber":"34512"}}
2021-07-27 02:35:14 :: ----------send data payment:34697------------
2021-07-27 02:35:14 :: {"date":"2021-07-27","invoices":[{"amount":"70000","id":"34697"}],"bankAccount":2}
2021-07-27 02:35:16 :: ----------result data payment:34697------------
2021-07-27 02:35:16 :: {"id":"36091","date":"2021-07-27","number":"34513","amount":"70000.0000000000","observations":null,"anotation":null,"type":"in","paymentMethod":"","status":"open","bankAccount":{"id":"2","name":"PAYU","type":"bank"},"client":{"id":"27008","name":"Manuela Acevedo Castrillon","phone":"3002199782"},"invoices":[{"id":"34697","number":"36958","date":"2021-07-27","amount":70000,"total":70000,"balance":0}],"costCenter":null,"numberTemplate":{"id":"3","prefix":"","number":"34513","fullNumber":"34513","formattedNumber":"34513"}}
2021-07-27 03:00:05 :: ----------send data payment:34698------------
2021-07-27 03:00:05 :: {"date":"2021-07-27","invoices":[{"amount":"56000","id":"34698"}],"bankAccount":2}
2021-07-27 03:00:06 :: ----------result data payment:34698------------
2021-07-27 03:00:06 :: {"id":"36092","date":"2021-07-27","number":"34514","amount":"56000.0000000000","observations":null,"anotation":null,"type":"in","paymentMethod":"","status":"open","bankAccount":{"id":"2","name":"PAYU","type":"bank"},"client":{"id":"27009","name":"Diana Marcela Renza Sepulveda","phone":"3165401519"},"invoices":[{"id":"34698","number":"36959","date":"2021-07-27","amount":56000,"total":56000,"balance":0}],"costCenter":null,"numberTemplate":{"id":"3","prefix":"","number":"34514","fullNumber":"34514","formattedNumber":"34514"}}
2021-07-27 03:25:06 :: ----------send data payment:34699------------
2021-07-27 03:25:06 :: {"date":"2021-07-27","invoices":[{"amount":"30000","id":"34699"}],"bankAccount":2}
2021-07-27 03:25:08 :: ----------result data payment:34699------------
2021-07-27 03:25:08 :: {"id":"36093","date":"2021-07-27","number":"34515","amount":"30000.0000000000","observations":null,"anotation":null,"type":"in","paymentMethod":"","status":"open","bankAccount":{"id":"2","name":"PAYU","type":"bank"},"client":{"id":"14221","name":"Carolina Vargas","phone":"3043827126"},"invoices":[{"id":"34699","number":"36960","date":"2021-07-27","amount":30000,"total":30000,"balance":0}],"costCenter":null,"numberTemplate":{"id":"3","prefix":"","number":"34515","fullNumber":"34515","formattedNumber":"34515"}}
2021-07-27 03:55:04 :: ----------send data payment:34701------------
2021-07-27 03:55:04 :: {"date":"2021-07-27","invoices":[{"amount":"30002","id":"34701"}],"bankAccount":2}
2021-07-27 03:55:06 :: ----------result data payment:34701------------
2021-07-27 03:55:06 :: {"id":"36094","date":"2021-07-27","number":"34516","amount":"30002.0000000000","observations":null,"anotation":null,"type":"in","paymentMethod":"","status":"open","bankAccount":{"id":"2","name":"PAYU","type":"bank"},"client":{"id":"27010","name":"Eliana Villegas","phone":"3127306917"},"invoices":[{"id":"34701","number":"36962","date":"2021-07-27","amount":30002,"total":30002,"balance":0}],"costCenter":null,"numberTemplate":{"id":"3","prefix":"","number":"34516","fullNumber":"34516","formattedNumber":"34516"}}
2021-07-27 04:45:04 :: ----------send data payment:34704------------
2021-07-27 04:45:04 :: {"date":"2021-07-27","invoices":[{"amount":"80001","id":"34704"}],"bankAccount":2}
2021-07-27 04:45:08 :: ----------result data payment:34704------------
2021-07-27 04:45:08 :: {"id":"36098","date":"2021-07-27","number":"34518","amount":"80001.0000000000","observations":null,"anotation":null,"type":"in","paymentMethod":"","status":"open","bankAccount":{"id":"2","name":"PAYU","type":"bank"},"client":{"id":"27011","name":"Andrea Tafur","phone":"3204641912"},"invoices":[{"id":"34704","number":"36965","date":"2021-07-27","amount":80001,"total":80001,"balance":0}],"costCenter":null,"numberTemplate":{"id":"3","prefix":"","number":"34518","fullNumber":"34518","formattedNumber":"34518"}}
2021-07-27 04:50:04 :: ----------send data payment:34705------------
2021-07-27 04:50:04 :: {"date":"2021-07-27","invoices":[{"amount":"27000","id":"34705"}],"bankAccount":2}
2021-07-27 04:50:06 :: ----------result data payment:34705------------
2021-07-27 04:50:06 :: {"id":"36099","date":"2021-07-27","number":"34519","amount":"27000.0000000000","observations":null,"anotation":null,"type":"in","paymentMethod":"","status":"open","bankAccount":{"id":"2","name":"PAYU","type":"bank"},"client":{"id":"27012","name":"Maria Carolina Mendez Chavez","phone":"3126760867"},"invoices":[{"id":"34705","number":"36966","date":"2021-07-27","amount":27000,"total":27000,"balance":0}],"costCenter":null,"numberTemplate":{"id":"3","prefix":"","number":"34519","fullNumber":"34519","formattedNumber":"34519"}}
2021-07-27 05:55:04 :: ----------send data payment:34706------------
2021-07-27 05:55:04 :: {"date":"2021-07-27","invoices":[{"amount":"30000","id":"34706"}],"bankAccount":2}
2021-07-27 05:55:07 :: ----------result data payment:34706------------
2021-07-27 05:55:07 :: {"id":"36100","date":"2021-07-27","number":"34520","amount":"30000.0000000000","observations":null,"anotation":null,"type":"in","paymentMethod":"","status":"open","bankAccount":{"id":"2","name":"PAYU","type":"bank"},"client":{"id":"27013","name":"Ana Mar\u00eda Higuera Salamanca","phone":"3212384143"},"invoices":[{"id":"34706","number":"36967","date":"2021-07-27","amount":30000,"total":30000,"balance":0}],"costCenter":null,"numberTemplate":{"id":"3","prefix":"","number":"34520","fullNumber":"34520","formattedNumber":"34520"}}
2021-07-27 06:10:04 :: ----------send data payment:34707------------
2021-07-27 06:10:04 :: {"date":"2021-07-27","invoices":[{"amount":"70000","id":"34707"}],"bankAccount":2}
2021-07-27 06:10:05 :: ----------result data payment:34707------------
2021-07-27 06:10:05 :: {"id":"36101","date":"2021-07-27","number":"34521","amount":"70000.0000000000","observations":null,"anotation":null,"type":"in","paymentMethod":"","status":"open","bankAccount":{"id":"2","name":"PAYU","type":"bank"},"client":{"id":"27014","name":"Alejandra","phone":"3126951166"},"invoices":[{"id":"34707","number":"36968","date":"2021-07-27","amount":70000,"total":70000,"balance":0}],"costCenter":null,"numberTemplate":{"id":"3","prefix":"","number":"34521","fullNumber":"34521","formattedNumber":"34521"}}
2021-07-27 06:15:05 :: ----------send data payment:34708------------
2021-07-27 06:15:05 :: {"date":"2021-07-27","invoices":[{"amount":"47000","id":"34708"}],"bankAccount":2}
2021-07-27 06:15:06 :: ----------result data payment:34708------------
2021-07-27 06:15:06 :: {"id":"36102","date":"2021-07-27","number":"34522","amount":"47000.0000000000","observations":null,"anotation":null,"type":"in","paymentMethod":"","status":"open","bankAccount":{"id":"2","name":"PAYU","type":"bank"},"client":{"id":"27015","name":"Laura Mart\u00ednez","phone":"25404378"},"invoices":[{"id":"34708","number":"36969","date":"2021-07-27","amount":47000,"total":47000,"balance":0}],"costCenter":null,"numberTemplate":{"id":"3","prefix":"","number":"34522","fullNumber":"34522","formattedNumber":"34522"}}
2021-07-27 08:50:03 :: ----------send data payment:34709------------
2021-07-27 08:50:03 :: {"date":"2021-07-27","invoices":[{"amount":"63003","id":"34709"}],"bankAccount":2}
2021-07-27 08:50:05 :: ----------result data payment:34709------------
2021-07-27 08:50:05 :: {"id":"36103","date":"2021-07-27","number":"34523","amount":"63003.0000000000","observations":null,"anotation":null,"type":"in","paymentMethod":"","status":"open","bankAccount":{"id":"2","name":"PAYU","type":"bank"},"client":{"id":"26598","name":"Lina Agudelo Cifuentes","phone":"3206635366"},"invoices":[{"id":"34709","number":"36970","date":"2021-07-27","amount":63003,"total":63003,"balance":0}],"costCenter":null,"numberTemplate":{"id":"3","prefix":"","number":"34523","fullNumber":"34523","formattedNumber":"34523"}}
2021-07-27 09:10:06 :: ----------send data payment:34710------------
2021-07-27 09:10:06 :: {"date":"2021-07-27","invoices":[{"amount":"135001","id":"34710"}],"bankAccount":2}
2021-07-27 09:10:07 :: ----------result data payment:34710------------
2021-07-27 09:10:07 :: {"id":"36104","date":"2021-07-27","number":"34524","amount":"135001.0000000000","observations":null,"anotation":null,"type":"in","paymentMethod":"","status":"open","bankAccount":{"id":"2","name":"PAYU","type":"bank"},"client":{"id":"27016","name":"Mileni P\u00e9rez Salazar","phone":"3187411865"},"invoices":[{"id":"34710","number":"36971","date":"2021-07-27","amount":135001,"total":135001,"balance":0}],"costCenter":null,"numberTemplate":{"id":"3","prefix":"","number":"34524","fullNumber":"34524","formattedNumber":"34524"}}
2021-07-27 09:30:03 :: ----------send data payment:34711------------
2021-07-27 09:30:03 :: {"date":"2021-07-27","invoices":[{"amount":"145000","id":"34711"}],"bankAccount":2}
2021-07-27 09:30:05 :: ----------result data payment:34711------------
2021-07-27 09:30:05 :: {"id":"36105","date":"2021-07-27","number":"34525","amount":"145000.0000000000","observations":null,"anotation":null,"type":"in","paymentMethod":"","status":"open","bankAccount":{"id":"2","name":"PAYU","type":"bank"},"client":{"id":"19950","name":"Paola","phone":"3133135219"},"invoices":[{"id":"34711","number":"36972","date":"2021-07-27","amount":145000,"total":145000,"balance":0}],"costCenter":null,"numberTemplate":{"id":"3","prefix":"","number":"34525","fullNumber":"34525","formattedNumber":"34525"}}
2021-07-27 09:40:05 :: ----------send data payment:34712------------
2021-07-27 09:40:05 :: {"date":"2021-07-27","invoices":[{"amount":"35000","id":"34712"}],"bankAccount":2}
2021-07-27 09:40:06 :: ----------result data payment:34712------------
2021-07-27 09:40:06 :: {"id":"36106","date":"2021-07-27","number":"34526","amount":"35000.0000000000","observations":null,"anotation":null,"type":"in","paymentMethod":"","status":"open","bankAccount":{"id":"2","name":"PAYU","type":"bank"},"client":{"id":"27017","name":"Angelita Cano","phone":"3115086375"},"invoices":[{"id":"34712","number":"36973","date":"2021-07-27","amount":35000,"total":35000,"balance":0}],"costCenter":null,"numberTemplate":{"id":"3","prefix":"","number":"34526","fullNumber":"34526","formattedNumber":"34526"}}
2021-07-27 10:30:04 :: ----------send data payment:34713------------
2021-07-27 10:30:04 :: {"date":"2021-07-27","invoices":[{"amount":"135000","id":"34713"}],"bankAccount":2}
2021-07-27 10:30:06 :: ----------result data payment:34713------------
2021-07-27 10:30:06 :: {"id":"36107","date":"2021-07-27","number":"34527","amount":"135000.0000000000","observations":null,"anotation":null,"type":"in","paymentMethod":"","status":"open","bankAccount":{"id":"2","name":"PAYU","type":"bank"},"client":{"id":"17521","name":"Sareliz quintero escobar","phone":"3004317685"},"invoices":[{"id":"34713","number":"36974","date":"2021-07-27","amount":135000,"total":135000,"balance":0}],"costCenter":null,"numberTemplate":{"id":"3","prefix":"","number":"34527","fullNumber":"34527","formattedNumber":"34527"}}