
2021-06-16 06:50:07 :: ----------send data payment:32829------------
2021-06-16 06:50:07 :: {"date":"2021-06-16","invoices":[{"amount":"70000","id":"32829"}],"bankAccount":2}
2021-06-16 06:50:08 :: ----------result data payment:32829------------
2021-06-16 06:50:08 :: {"id":"34082","date":"2021-06-16","number":"32658","amount":"70000.0000000000","observations":null,"anotation":null,"type":"in","paymentMethod":"","status":"open","bankAccount":{"id":"2","name":"PAYU","type":"bank"},"client":{"id":"25692","name":"Mar\u00eda Jos\u00e9 P\u00e9rez","phone":"3165634262"},"invoices":[{"id":"32829","number":"35090","date":"2021-06-16","amount":70000,"total":70000,"balance":0}],"costCenter":null,"numberTemplate":{"id":"3","prefix":"","number":"32658","fullNumber":"32658","formattedNumber":"32658"}}
2021-06-16 07:05:14 :: ----------send data payment:32830------------
2021-06-16 07:05:14 :: {"date":"2021-06-16","invoices":[{"amount":"80001","id":"32830"}],"bankAccount":2}
2021-06-16 07:05:15 :: ----------result data payment:32830------------
2021-06-16 07:05:15 :: {"id":"34083","date":"2021-06-16","number":"32659","amount":"80001.0000000000","observations":null,"anotation":null,"type":"in","paymentMethod":"","status":"open","bankAccount":{"id":"2","name":"PAYU","type":"bank"},"client":{"id":"25693","name":"Mar\u00eda Cardenas","phone":"3043423659"},"invoices":[{"id":"32830","number":"35091","date":"2021-06-16","amount":80001,"total":80001,"balance":0}],"costCenter":null,"numberTemplate":{"id":"3","prefix":"","number":"32659","fullNumber":"32659","formattedNumber":"32659"}}
2021-06-16 07:25:15 :: ----------send data payment:32831------------
2021-06-16 07:25:15 :: {"date":"2021-06-16","invoices":[{"amount":"70000","id":"32831"}],"bankAccount":2}
2021-06-16 07:25:16 :: ----------result data payment:32831------------
2021-06-16 07:25:16 :: {"id":"34084","date":"2021-06-16","number":"32660","amount":"70000.0000000000","observations":null,"anotation":null,"type":"in","paymentMethod":"","status":"open","bankAccount":{"id":"2","name":"PAYU","type":"bank"},"client":{"id":"25694","name":"PAOLA","phone":"3103177770"},"invoices":[{"id":"32831","number":"35092","date":"2021-06-16","amount":70000,"total":70000,"balance":0}],"costCenter":null,"numberTemplate":{"id":"3","prefix":"","number":"32660","fullNumber":"32660","formattedNumber":"32660"}}
2021-06-16 07:40:08 :: ----------send data payment:32832------------
2021-06-16 07:40:08 :: {"date":"2021-06-16","invoices":[{"amount":"79300","id":"32832"}],"bankAccount":2}
2021-06-16 07:40:11 :: ----------result data payment:32832------------
2021-06-16 07:40:11 :: {"id":"34085","date":"2021-06-16","number":"32661","amount":"79300.0000000000","observations":null,"anotation":null,"type":"in","paymentMethod":"","status":"open","bankAccount":{"id":"2","name":"PAYU","type":"bank"},"client":{"id":"21767","name":"Maria Alejandra Campos Acosts","phone":"3502443391"},"invoices":[{"id":"32832","number":"35093","date":"2021-06-16","amount":79300,"total":79300,"balance":0}],"costCenter":null,"numberTemplate":{"id":"3","prefix":"","number":"32661","fullNumber":"32661","formattedNumber":"32661"}}
2021-06-16 08:20:08 :: ----------send data payment:32833------------
2021-06-16 08:20:08 :: {"date":"2021-06-16","invoices":[{"amount":"75000","id":"32833"}],"bankAccount":2}
2021-06-16 08:20:10 :: ----------result data payment:32833------------
2021-06-16 08:20:10 :: {"id":"34086","date":"2021-06-16","number":"32662","amount":"75000.0000000000","observations":null,"anotation":null,"type":"in","paymentMethod":"","status":"open","bankAccount":{"id":"2","name":"PAYU","type":"bank"},"client":{"id":"25695","name":"Estefani A. Guzm\u00e1n","phone":"3127128829"},"invoices":[{"id":"32833","number":"35094","date":"2021-06-16","amount":75000,"total":75000,"balance":0}],"costCenter":null,"numberTemplate":{"id":"3","prefix":"","number":"32662","fullNumber":"32662","formattedNumber":"32662"}}
2021-06-16 08:30:08 :: ----------send data payment:32834------------
2021-06-16 08:30:08 :: {"date":"2021-06-16","invoices":[{"amount":"69500","id":"32834"}],"bankAccount":2}
2021-06-16 08:30:10 :: ----------result data payment:32834------------
2021-06-16 08:30:10 :: {"id":"34087","date":"2021-06-16","number":"32663","amount":"69500.0000000000","observations":null,"anotation":null,"type":"in","paymentMethod":"","status":"open","bankAccount":{"id":"2","name":"PAYU","type":"bank"},"client":{"id":"25696","name":"Maryi Ar\u00e9valo","phone":"3016406093"},"invoices":[{"id":"32834","number":"35095","date":"2021-06-16","amount":69500,"total":69500,"balance":0}],"costCenter":null,"numberTemplate":{"id":"3","prefix":"","number":"32663","fullNumber":"32663","formattedNumber":"32663"}}
2021-06-16 09:15:12 :: ----------send data payment:32835------------
2021-06-16 09:15:12 :: {"date":"2021-06-16","invoices":[{"amount":"70000","id":"32835"}],"bankAccount":2}
2021-06-16 09:15:14 :: ----------result data payment:32835------------
2021-06-16 09:15:14 :: {"id":"34088","date":"2021-06-16","number":"32664","amount":"70000.0000000000","observations":null,"anotation":null,"type":"in","paymentMethod":"","status":"open","bankAccount":{"id":"2","name":"PAYU","type":"bank"},"client":{"id":"25697","name":"Daniela Ordosgoitia","phone":"3008045364"},"invoices":[{"id":"32835","number":"35096","date":"2021-06-16","amount":70000,"total":70000,"balance":0}],"costCenter":null,"numberTemplate":{"id":"3","prefix":"","number":"32664","fullNumber":"32664","formattedNumber":"32664"}}
2021-06-16 09:15:17 :: ----------send data payment:32836------------
2021-06-16 09:15:17 :: {"date":"2021-06-16","invoices":[{"amount":"71500","id":"32836"}],"bankAccount":2}
2021-06-16 09:15:18 :: ----------result data payment:32836------------
2021-06-16 09:15:18 :: {"id":"34089","date":"2021-06-16","number":"32665","amount":"71500.0000000000","observations":null,"anotation":null,"type":"in","paymentMethod":"","status":"open","bankAccount":{"id":"2","name":"PAYU","type":"bank"},"client":{"id":"25698","name":"Daniela Velasquez Cardona","phone":"3222690750"},"invoices":[{"id":"32836","number":"35097","date":"2021-06-16","amount":71500,"total":71500,"balance":0}],"costCenter":null,"numberTemplate":{"id":"3","prefix":"","number":"32665","fullNumber":"32665","formattedNumber":"32665"}}
2021-06-16 09:20:07 :: ----------send data payment:32837------------
2021-06-16 09:20:07 :: {"date":"2021-06-16","invoices":[{"amount":"48500","id":"32837"}],"bankAccount":2}
2021-06-16 09:20:08 :: ----------result data payment:32837------------
2021-06-16 09:20:08 :: {"id":"34090","date":"2021-06-16","number":"32666","amount":"48500.0000000000","observations":null,"anotation":null,"type":"in","paymentMethod":"","status":"open","bankAccount":{"id":"2","name":"PAYU","type":"bank"},"client":{"id":"25699","name":"Natalia Bueno","phone":"3235065188"},"invoices":[{"id":"32837","number":"35098","date":"2021-06-16","amount":48500,"total":48500,"balance":0}],"costCenter":null,"numberTemplate":{"id":"3","prefix":"","number":"32666","fullNumber":"32666","formattedNumber":"32666"}}
2021-06-16 09:25:09 :: ----------send data payment:32838------------
2021-06-16 09:25:09 :: {"date":"2021-06-16","invoices":[{"amount":"50000","id":"32838"}],"bankAccount":2}
2021-06-16 09:25:10 :: ----------result data payment:32838------------
2021-06-16 09:25:10 :: {"id":"34091","date":"2021-06-16","number":"32667","amount":"50000.0000000000","observations":null,"anotation":null,"type":"in","paymentMethod":"","status":"open","bankAccount":{"id":"2","name":"PAYU","type":"bank"},"client":{"id":"23029","name":"Pilar Murcia","phone":"3143342797"},"invoices":[{"id":"32838","number":"35099","date":"2021-06-16","amount":50000,"total":50000,"balance":0}],"costCenter":null,"numberTemplate":{"id":"3","prefix":"","number":"32667","fullNumber":"32667","formattedNumber":"32667"}}
2021-06-16 09:35:09 :: ----------send data payment:32839------------
2021-06-16 09:35:09 :: {"date":"2021-06-16","invoices":[{"amount":"130001","id":"32839"}],"bankAccount":2}
2021-06-16 09:35:10 :: ----------result data payment:32839------------
2021-06-16 09:35:10 :: {"id":"34092","date":"2021-06-16","number":"32668","amount":"130001.0000000000","observations":null,"anotation":null,"type":"in","paymentMethod":"","status":"open","bankAccount":{"id":"2","name":"PAYU","type":"bank"},"client":{"id":"10306","name":"Luisa Santoyo","phone":"3002968548"},"invoices":[{"id":"32839","number":"35100","date":"2021-06-16","amount":130001,"total":130001,"balance":0}],"costCenter":null,"numberTemplate":{"id":"3","prefix":"","number":"32668","fullNumber":"32668","formattedNumber":"32668"}}
2021-06-16 09:45:13 :: ----------send data payment:32840------------
2021-06-16 09:45:13 :: {"date":"2021-06-16","invoices":[{"amount":"22600","id":"32840"}],"bankAccount":2}
2021-06-16 09:45:15 :: ----------result data payment:32840------------
2021-06-16 09:45:15 :: {"id":"34093","date":"2021-06-16","number":"32669","amount":"22600.0000000000","observations":null,"anotation":null,"type":"in","paymentMethod":"","status":"open","bankAccount":{"id":"2","name":"PAYU","type":"bank"},"client":{"id":"25700","name":"Sara Delgado Delgado","phone":"3106333316"},"invoices":[{"id":"32840","number":"35101","date":"2021-06-16","amount":22600,"total":22600,"balance":0}],"costCenter":null,"numberTemplate":{"id":"3","prefix":"","number":"32669","fullNumber":"32669","formattedNumber":"32669"}}
2021-06-16 10:00:08 :: ----------send data payment:32841------------
2021-06-16 10:00:08 :: {"date":"2021-06-16","invoices":[{"amount":"118600","id":"32841"}],"bankAccount":2}
2021-06-16 10:00:10 :: ----------result data payment:32841------------
2021-06-16 10:00:10 :: {"id":"34094","date":"2021-06-16","number":"32670","amount":"118600.0000000000","observations":null,"anotation":null,"type":"in","paymentMethod":"","status":"open","bankAccount":{"id":"2","name":"PAYU","type":"bank"},"client":{"id":"25701","name":"Sara Castrillon Munera","phone":"3227622912"},"invoices":[{"id":"32841","number":"35102","date":"2021-06-16","amount":118600,"total":118600,"balance":0}],"costCenter":null,"numberTemplate":{"id":"3","prefix":"","number":"32670","fullNumber":"32670","formattedNumber":"32670"}}
2021-06-16 10:10:09 :: ----------send data payment:32842------------
2021-06-16 10:10:09 :: {"date":"2021-06-16","invoices":[{"amount":"132999","id":"32842"}],"bankAccount":2}
2021-06-16 10:10:11 :: ----------result data payment:32842------------
2021-06-16 10:10:11 :: {"id":"34095","date":"2021-06-16","number":"32671","amount":"132999.0000000000","observations":null,"anotation":null,"type":"in","paymentMethod":"","status":"open","bankAccount":{"id":"2","name":"PAYU","type":"bank"},"client":{"id":"25702","name":"Daniela Rodr\u00edguez","phone":"3016292280"},"invoices":[{"id":"32842","number":"35103","date":"2021-06-16","amount":132999,"total":132999,"balance":0}],"costCenter":null,"numberTemplate":{"id":"3","prefix":"","number":"32671","fullNumber":"32671","formattedNumber":"32671"}}
2021-06-16 10:35:11 :: ----------send data payment:32843------------
2021-06-16 10:35:11 :: {"date":"2021-06-16","invoices":[{"amount":"74600","id":"32843"}],"bankAccount":2}
2021-06-16 10:35:13 :: ----------result data payment:32843------------
2021-06-16 10:35:13 :: {"id":"34096","date":"2021-06-16","number":"32672","amount":"74600.0000000000","observations":null,"anotation":null,"type":"in","paymentMethod":"","status":"open","bankAccount":{"id":"2","name":"PAYU","type":"bank"},"client":{"id":"25703","name":"Melany Gisseth Asprilla Cuero","phone":"3122476599"},"invoices":[{"id":"32843","number":"35104","date":"2021-06-16","amount":74600,"total":74600,"balance":0}],"costCenter":null,"numberTemplate":{"id":"3","prefix":"","number":"32672","fullNumber":"32672","formattedNumber":"32672"}}
2021-06-16 10:45:29 :: ----------send data payment:32844------------
2021-06-16 10:45:29 :: {"date":"2021-06-16","invoices":[{"amount":"22600","id":"32844"}],"bankAccount":2}
2021-06-16 10:45:31 :: ----------result data payment:32844------------
2021-06-16 10:45:31 :: {"id":"34097","date":"2021-06-16","number":"32673","amount":"22600.0000000000","observations":null,"anotation":null,"type":"in","paymentMethod":"","status":"open","bankAccount":{"id":"2","name":"PAYU","type":"bank"},"client":{"id":"25704","name":"Jeimmy Juez","phone":"3022532874"},"invoices":[{"id":"32844","number":"35105","date":"2021-06-16","amount":22600,"total":22600,"balance":0}],"costCenter":null,"numberTemplate":{"id":"3","prefix":"","number":"32673","fullNumber":"32673","formattedNumber":"32673"}}
2021-06-16 10:50:16 :: ----------send data payment:32845------------
2021-06-16 10:50:16 :: {"date":"2021-06-16","invoices":[{"amount":"69500","id":"32845"}],"bankAccount":2}
2021-06-16 10:50:18 :: ----------result data payment:32845------------
2021-06-16 10:50:18 :: {"id":"34099","date":"2021-06-16","number":"32674","amount":"69500.0000000000","observations":null,"anotation":null,"type":"in","paymentMethod":"","status":"open","bankAccount":{"id":"2","name":"PAYU","type":"bank"},"client":{"id":"25705","name":"Charlys Payare d\u00edaz","phone":"3016040818"},"invoices":[{"id":"32845","number":"35106","date":"2021-06-16","amount":69500,"total":69500,"balance":0}],"costCenter":null,"numberTemplate":{"id":"3","prefix":"","number":"32674","fullNumber":"32674","formattedNumber":"32674"}}
2021-06-16 10:50:21 :: ----------send data payment:32846------------
2021-06-16 10:50:21 :: {"date":"2021-06-16","invoices":[{"amount":"27500","id":"32846"}],"bankAccount":2}
2021-06-16 10:50:31 :: ----------result data payment:32846------------
2021-06-16 10:50:31 :: {"id":"34100","date":"2021-06-16","number":"32675","amount":"27500.0000000000","observations":null,"anotation":null,"type":"in","paymentMethod":"","status":"open","bankAccount":{"id":"2","name":"PAYU","type":"bank"},"client":{"id":"25706","name":"Nathalia Quintero","phone":"3118267650"},"invoices":[{"id":"32846","number":"35107","date":"2021-06-16","amount":27500,"total":27500,"balance":0}],"costCenter":null,"numberTemplate":{"id":"3","prefix":"","number":"32675","fullNumber":"32675","formattedNumber":"32675"}}
2021-06-16 10:55:16 :: ----------send data payment:32847------------
2021-06-16 10:55:16 :: {"date":"2021-06-16","invoices":[{"amount":"154000","id":"32847"}],"bankAccount":2}
2021-06-16 10:55:24 :: ----------result data payment:32847------------
2021-06-16 10:55:24 :: {"id":"34101","date":"2021-06-16","number":"32676","amount":"154000.0000000000","observations":null,"anotation":null,"type":"in","paymentMethod":"","status":"open","bankAccount":{"id":"2","name":"PAYU","type":"bank"},"client":{"id":"25707","name":"Laura Tob\u00f3n","phone":"3015305401"},"invoices":[{"id":"32847","number":"35108","date":"2021-06-16","amount":154000,"total":154000,"balance":0}],"costCenter":null,"numberTemplate":{"id":"3","prefix":"","number":"32676","fullNumber":"32676","formattedNumber":"32676"}}
2021-06-16 11:00:08 :: ----------send data payment:32848------------
2021-06-16 11:00:08 :: {"date":"2021-06-16","invoices":[{"amount":"96000","id":"32848"}],"bankAccount":2}
2021-06-16 11:00:10 :: ----------result data payment:32848------------
2021-06-16 11:00:10 :: {"id":"34102","date":"2021-06-16","number":"32677","amount":"96000.0000000000","observations":null,"anotation":null,"type":"in","paymentMethod":"","status":"open","bankAccount":{"id":"2","name":"PAYU","type":"bank"},"client":{"id":"25708","name":"Sarah Espinoza","phone":"3017930068"},"invoices":[{"id":"32848","number":"35109","date":"2021-06-16","amount":96000,"total":96000,"balance":0}],"costCenter":null,"numberTemplate":{"id":"3","prefix":"","number":"32677","fullNumber":"32677","formattedNumber":"32677"}}
2021-06-16 11:00:14 :: ----------send data payment:32849------------
2021-06-16 11:00:14 :: {"date":"2021-06-16","invoices":[{"amount":"95000","id":"32849"}],"bankAccount":2}
2021-06-16 11:00:16 :: ----------result data payment:32849------------
2021-06-16 11:00:16 :: {"id":"34103","date":"2021-06-16","number":"32678","amount":"95000.0000000000","observations":null,"anotation":null,"type":"in","paymentMethod":"","status":"open","bankAccount":{"id":"2","name":"PAYU","type":"bank"},"client":{"id":"25709","name":"Alejandra Su\u00e1rez","phone":"3193198397"},"invoices":[{"id":"32849","number":"35110","date":"2021-06-16","amount":95000,"total":95000,"balance":0}],"costCenter":null,"numberTemplate":{"id":"3","prefix":"","number":"32678","fullNumber":"32678","formattedNumber":"32678"}}
2021-06-16 11:20:09 :: ----------send data payment:32850------------
2021-06-16 11:20:09 :: {"date":"2021-06-16","invoices":[{"amount":"82100","id":"32850"}],"bankAccount":2}
2021-06-16 11:20:10 :: ----------result data payment:32850------------
2021-06-16 11:20:10 :: {"id":"34104","date":"2021-06-16","number":"32679","amount":"82100.0000000000","observations":null,"anotation":null,"type":"in","paymentMethod":"","status":"open","bankAccount":{"id":"2","name":"PAYU","type":"bank"},"client":{"id":"25710","name":"Dayana andrea villada mejia","phone":"3232895300"},"invoices":[{"id":"32850","number":"35111","date":"2021-06-16","amount":82100,"total":82100,"balance":0}],"costCenter":null,"numberTemplate":{"id":"3","prefix":"","number":"32679","fullNumber":"32679","formattedNumber":"32679"}}
2021-06-16 11:30:08 :: ----------send data payment:32851------------
2021-06-16 11:30:08 :: {"date":"2021-06-16","invoices":[{"amount":"135600","id":"32851"}],"bankAccount":2}
2021-06-16 11:30:10 :: ----------result data payment:32851------------
2021-06-16 11:30:10 :: {"id":"34105","date":"2021-06-16","number":"32680","amount":"135600.0000000000","observations":null,"anotation":null,"type":"in","paymentMethod":"","status":"open","bankAccount":{"id":"2","name":"PAYU","type":"bank"},"client":{"id":"25711","name":"Johana Gonz\u00e1lez Monroy","phone":"3125258484"},"invoices":[{"id":"32851","number":"35112","date":"2021-06-16","amount":135600,"total":135600,"balance":0}],"costCenter":null,"numberTemplate":{"id":"3","prefix":"","number":"32680","fullNumber":"32680","formattedNumber":"32680"}}
2021-06-16 11:40:08 :: ----------send data payment:32852------------
2021-06-16 11:40:08 :: {"date":"2021-06-16","invoices":[{"amount":"70000","id":"32852"}],"bankAccount":2}
2021-06-16 11:40:10 :: ----------result data payment:32852------------
2021-06-16 11:40:10 :: {"id":"34106","date":"2021-06-16","number":"32681","amount":"70000.0000000000","observations":null,"anotation":null,"type":"in","paymentMethod":"","status":"open","bankAccount":{"id":"2","name":"PAYU","type":"bank"},"client":{"id":"25712","name":"Juliana Pi\u00f1eros","phone":"3153019896"},"invoices":[{"id":"32852","number":"35113","date":"2021-06-16","amount":70000,"total":70000,"balance":0}],"costCenter":null,"numberTemplate":{"id":"3","prefix":"","number":"32681","fullNumber":"32681","formattedNumber":"32681"}}
2021-06-16 11:55:15 :: ----------send data payment:32853------------
2021-06-16 11:55:15 :: {"date":"2021-06-16","invoices":[{"amount":"68500","id":"32853"}],"bankAccount":2}
2021-06-16 11:55:16 :: ----------result data payment:32853------------
2021-06-16 11:55:16 :: {"id":"34107","date":"2021-06-16","number":"32682","amount":"68500.0000000000","observations":null,"anotation":null,"type":"in","paymentMethod":"","status":"open","bankAccount":{"id":"2","name":"PAYU","type":"bank"},"client":{"id":"23608","name":"Andrea Tarazona","phone":"3148624782"},"invoices":[{"id":"32853","number":"35114","date":"2021-06-16","amount":68500,"total":68500,"balance":0}],"costCenter":null,"numberTemplate":{"id":"3","prefix":"","number":"32682","fullNumber":"32682","formattedNumber":"32682"}}
2021-06-16 12:00:07 :: ----------send data payment:32854------------
2021-06-16 12:00:07 :: {"date":"2021-06-16","invoices":[{"amount":"72001","id":"32854"}],"bankAccount":2}
2021-06-16 12:00:09 :: ----------result data payment:32854------------
2021-06-16 12:00:09 :: {"id":"34108","date":"2021-06-16","number":"32683","amount":"72001.0000000000","observations":null,"anotation":null,"type":"in","paymentMethod":"","status":"open","bankAccount":{"id":"2","name":"PAYU","type":"bank"},"client":{"id":"22475","name":"Claudia faisuri Vergara arboleda","phone":"3006453644"},"invoices":[{"id":"32854","number":"35115","date":"2021-06-16","amount":72001,"total":72001,"balance":0}],"costCenter":null,"numberTemplate":{"id":"3","prefix":"","number":"32683","fullNumber":"32683","formattedNumber":"32683"}}
2021-06-16 12:50:07 :: ----------send data payment:32856------------
2021-06-16 12:50:07 :: {"date":"2021-06-16","invoices":[{"amount":"171501","id":"32856"}],"bankAccount":2}
2021-06-16 12:50:09 :: ----------result data payment:32856------------
2021-06-16 12:50:09 :: {"id":"34109","date":"2021-06-16","number":"32684","amount":"171501.0000000000","observations":null,"anotation":null,"type":"in","paymentMethod":"","status":"open","bankAccount":{"id":"2","name":"PAYU","type":"bank"},"client":{"id":"2555","name":"Liliana Henao","phone":"3014655314"},"invoices":[{"id":"32856","number":"35117","date":"2021-06-16","amount":171501,"total":171501,"balance":0}],"costCenter":null,"numberTemplate":{"id":"3","prefix":"","number":"32684","fullNumber":"32684","formattedNumber":"32684"}}
2021-06-16 12:55:08 :: ----------send data payment:32857------------
2021-06-16 12:55:08 :: {"date":"2021-06-16","invoices":[{"amount":"42001","id":"32857"}],"bankAccount":2}
2021-06-16 12:55:10 :: ----------result data payment:32857------------
2021-06-16 12:55:10 :: {"id":"34110","date":"2021-06-16","number":"32685","amount":"42001.0000000000","observations":null,"anotation":null,"type":"in","paymentMethod":"","status":"open","bankAccount":{"id":"2","name":"PAYU","type":"bank"},"client":{"id":"10840","name":"Katheryn Cort\u00e9s","phone":"3136252504"},"invoices":[{"id":"32857","number":"35118","date":"2021-06-16","amount":42001,"total":42001,"balance":0}],"costCenter":null,"numberTemplate":{"id":"3","prefix":"","number":"32685","fullNumber":"32685","formattedNumber":"32685"}}
2021-06-16 01:10:09 :: ----------send data payment:32858------------
2021-06-16 01:10:09 :: {"date":"2021-06-16","invoices":[{"amount":"70000","id":"32858"}],"bankAccount":2}
2021-06-16 01:10:10 :: ----------result data payment:32858------------
2021-06-16 01:10:10 :: {"id":"34111","date":"2021-06-16","number":"32686","amount":"70000.0000000000","observations":null,"anotation":null,"type":"in","paymentMethod":"","status":"open","bankAccount":{"id":"2","name":"PAYU","type":"bank"},"client":{"id":"25713","name":"Luyza Serrano","phone":"3014714677"},"invoices":[{"id":"32858","number":"35119","date":"2021-06-16","amount":70000,"total":70000,"balance":0}],"costCenter":null,"numberTemplate":{"id":"3","prefix":"","number":"32686","fullNumber":"32686","formattedNumber":"32686"}}
2021-06-16 01:15:17 :: ----------send data payment:32859------------
2021-06-16 01:15:17 :: {"date":"2021-06-16","invoices":[{"amount":"150000","id":"32859"}],"bankAccount":2}
2021-06-16 01:15:18 :: ----------result data payment:32859------------
2021-06-16 01:15:18 :: {"id":"34112","date":"2021-06-16","number":"32687","amount":"150000.0000000000","observations":null,"anotation":null,"type":"in","paymentMethod":"","status":"open","bankAccount":{"id":"2","name":"PAYU","type":"bank"},"client":{"id":"25714","name":"Lorena Rosas","phone":"3214535946"},"invoices":[{"id":"32859","number":"35120","date":"2021-06-16","amount":150000,"total":150000,"balance":0}],"costCenter":null,"numberTemplate":{"id":"3","prefix":"","number":"32687","fullNumber":"32687","formattedNumber":"32687"}}
2021-06-16 01:25:12 :: ----------send data payment:32861------------
2021-06-16 01:25:12 :: {"date":"2021-06-16","invoices":[{"amount":"95500","id":"32861"}],"bankAccount":2}
2021-06-16 01:25:13 :: ----------result data payment:32861------------
2021-06-16 01:25:13 :: {"id":"34114","date":"2021-06-16","number":"32689","amount":"95500.0000000000","observations":null,"anotation":null,"type":"in","paymentMethod":"","status":"open","bankAccount":{"id":"2","name":"PAYU","type":"bank"},"client":{"id":"25715","name":"Angie","phone":"3147089520"},"invoices":[{"id":"32861","number":"35122","date":"2021-06-16","amount":95500,"total":95500,"balance":0}],"costCenter":null,"numberTemplate":{"id":"3","prefix":"","number":"32689","fullNumber":"32689","formattedNumber":"32689"}}
2021-06-16 01:25:15 :: ----------send data payment:32862------------
2021-06-16 01:25:15 :: {"date":"2021-06-16","invoices":[{"amount":"48500","id":"32862"}],"bankAccount":2}
2021-06-16 01:25:17 :: ----------result data payment:32862------------
2021-06-16 01:25:17 :: {"id":"34115","date":"2021-06-16","number":"32690","amount":"48500.0000000000","observations":null,"anotation":null,"type":"in","paymentMethod":"","status":"open","bankAccount":{"id":"2","name":"PAYU","type":"bank"},"client":{"id":"25716","name":"Alejandra carrascal","phone":"3217782168"},"invoices":[{"id":"32862","number":"35123","date":"2021-06-16","amount":48500,"total":48500,"balance":0}],"costCenter":null,"numberTemplate":{"id":"3","prefix":"","number":"32690","fullNumber":"32690","formattedNumber":"32690"}}
2021-06-16 01:40:08 :: ----------send data payment:32863------------
2021-06-16 01:40:08 :: {"date":"2021-06-16","invoices":[{"amount":"37000","id":"32863"}],"bankAccount":2}
2021-06-16 01:40:10 :: ----------result data payment:32863------------
2021-06-16 01:40:10 :: {"id":"34116","date":"2021-06-16","number":"32691","amount":"37000.0000000000","observations":null,"anotation":null,"type":"in","paymentMethod":"","status":"open","bankAccount":{"id":"2","name":"PAYU","type":"bank"},"client":{"id":"25717","name":"Mary Luz Bernal Pinilla","phone":"3193312344"},"invoices":[{"id":"32863","number":"35124","date":"2021-06-16","amount":37000,"total":37000,"balance":0}],"costCenter":null,"numberTemplate":{"id":"3","prefix":"","number":"32691","fullNumber":"32691","formattedNumber":"32691"}}
2021-06-16 01:45:09 :: ----------send data payment:32864------------
2021-06-16 01:45:09 :: {"date":"2021-06-16","invoices":[{"amount":"80001","id":"32864"}],"bankAccount":2}
2021-06-16 01:45:12 :: ----------result data payment:32864------------
2021-06-16 01:45:12 :: {"id":"34117","date":"2021-06-16","number":"32692","amount":"80001.0000000000","observations":null,"anotation":null,"type":"in","paymentMethod":"","status":"open","bankAccount":{"id":"2","name":"PAYU","type":"bank"},"client":{"id":"25718","name":"Lina Perez","phone":"3234526574"},"invoices":[{"id":"32864","number":"35125","date":"2021-06-16","amount":80001,"total":80001,"balance":0}],"costCenter":null,"numberTemplate":{"id":"3","prefix":"","number":"32692","fullNumber":"32692","formattedNumber":"32692"}}
2021-06-16 01:55:11 :: ----------send data payment:32865------------
2021-06-16 01:55:11 :: {"date":"2021-06-16","invoices":[{"amount":"202999","id":"32865"}],"bankAccount":2}
2021-06-16 01:55:14 :: ----------result data payment:32865------------
2021-06-16 01:55:14 :: {"id":"34118","date":"2021-06-16","number":"32693","amount":"202999.0000000000","observations":null,"anotation":null,"type":"in","paymentMethod":"","status":"open","bankAccount":{"id":"2","name":"PAYU","type":"bank"},"client":{"id":"25719","name":"Nataly Ball\u00e9n Mar\u00edn","phone":"3168171988"},"invoices":[{"id":"32865","number":"35126","date":"2021-06-16","amount":202999,"total":202999,"balance":0}],"costCenter":null,"numberTemplate":{"id":"3","prefix":"","number":"32693","fullNumber":"32693","formattedNumber":"32693"}}
2021-06-16 01:55:16 :: ----------send data payment:32866------------
2021-06-16 01:55:16 :: {"date":"2021-06-16","invoices":[{"amount":"154500","id":"32866"}],"bankAccount":2}
2021-06-16 01:55:18 :: ----------result data payment:32866------------
2021-06-16 01:55:18 :: {"id":"34119","date":"2021-06-16","number":"32694","amount":"154500.0000000000","observations":null,"anotation":null,"type":"in","paymentMethod":"","status":"open","bankAccount":{"id":"2","name":"PAYU","type":"bank"},"client":{"id":"25720","name":"Rossy Narvaez","phone":"3137428358"},"invoices":[{"id":"32866","number":"35127","date":"2021-06-16","amount":154500,"total":154500,"balance":0}],"costCenter":null,"numberTemplate":{"id":"3","prefix":"","number":"32694","fullNumber":"32694","formattedNumber":"32694"}}
2021-06-16 01:55:20 :: ----------send data payment:32867------------
2021-06-16 01:55:20 :: {"date":"2021-06-16","invoices":[{"amount":"38000","id":"32867"}],"bankAccount":2}
2021-06-16 01:55:22 :: ----------result data payment:32867------------
2021-06-16 01:55:22 :: {"id":"34120","date":"2021-06-16","number":"32695","amount":"38000.0000000000","observations":null,"anotation":null,"type":"in","paymentMethod":"","status":"open","bankAccount":{"id":"2","name":"PAYU","type":"bank"},"client":{"id":"25721","name":"Paula Piedrahita","phone":"3154951272"},"invoices":[{"id":"32867","number":"35128","date":"2021-06-16","amount":38000,"total":38000,"balance":0}],"costCenter":null,"numberTemplate":{"id":"3","prefix":"","number":"32695","fullNumber":"32695","formattedNumber":"32695"}}
2021-06-16 02:25:13 :: ----------send data payment:32868------------
2021-06-16 02:25:13 :: {"date":"2021-06-16","invoices":[{"amount":"49601","id":"32868"}],"bankAccount":2}
2021-06-16 02:25:15 :: ----------result data payment:32868------------
2021-06-16 02:25:15 :: {"id":"34121","date":"2021-06-16","number":"32696","amount":"49601.0000000000","observations":null,"anotation":null,"type":"in","paymentMethod":"","status":"open","bankAccount":{"id":"2","name":"PAYU","type":"bank"},"client":{"id":"25722","name":"Nathalia CO","phone":"3204369457"},"invoices":[{"id":"32868","number":"35129","date":"2021-06-16","amount":49601,"total":49601,"balance":0}],"costCenter":null,"numberTemplate":{"id":"3","prefix":"","number":"32696","fullNumber":"32696","formattedNumber":"32696"}}
2021-06-16 02:55:17 :: ----------send data payment:32869------------
2021-06-16 02:55:17 :: {"date":"2021-06-16","invoices":[{"amount":"70000","id":"32869"}],"bankAccount":2}
2021-06-16 02:55:18 :: ----------result data payment:32869------------
2021-06-16 02:55:18 :: {"id":"34122","date":"2021-06-16","number":"32697","amount":"70000.0000000000","observations":null,"anotation":null,"type":"in","paymentMethod":"","status":"open","bankAccount":{"id":"2","name":"PAYU","type":"bank"},"client":{"id":"25723","name":"Saby Diaz Martinez","phone":"3007600840"},"invoices":[{"id":"32869","number":"35130","date":"2021-06-16","amount":70000,"total":70000,"balance":0}],"costCenter":null,"numberTemplate":{"id":"3","prefix":"","number":"32697","fullNumber":"32697","formattedNumber":"32697"}}
2021-06-16 03:00:07 :: ----------send data payment:32870------------
2021-06-16 03:00:07 :: {"date":"2021-06-16","invoices":[{"amount":"36600","id":"32870"}],"bankAccount":2}
2021-06-16 03:00:08 :: ----------result data payment:32870------------
2021-06-16 03:00:08 :: {"id":"34123","date":"2021-06-16","number":"32698","amount":"36600.0000000000","observations":null,"anotation":null,"type":"in","paymentMethod":"","status":"open","bankAccount":{"id":"2","name":"PAYU","type":"bank"},"client":{"id":"18559","name":"leidy Ramirez Luna","phone":"3146931683"},"invoices":[{"id":"32870","number":"35131","date":"2021-06-16","amount":36600,"total":36600,"balance":0}],"costCenter":null,"numberTemplate":{"id":"3","prefix":"","number":"32698","fullNumber":"32698","formattedNumber":"32698"}}
2021-06-16 03:05:10 :: ----------send data payment:32871------------
2021-06-16 03:05:10 :: {"date":"2021-06-16","invoices":[{"amount":"40800","id":"32871"}],"bankAccount":2}
2021-06-16 03:05:12 :: ----------result data payment:32871------------
2021-06-16 03:05:12 :: {"id":"34124","date":"2021-06-16","number":"32699","amount":"40800.0000000000","observations":null,"anotation":null,"type":"in","paymentMethod":"","status":"open","bankAccount":{"id":"2","name":"PAYU","type":"bank"},"client":{"id":"25724","name":"Laura Camila","phone":"3133674123"},"invoices":[{"id":"32871","number":"35132","date":"2021-06-16","amount":40800,"total":40800,"balance":0}],"costCenter":null,"numberTemplate":{"id":"3","prefix":"","number":"32699","fullNumber":"32699","formattedNumber":"32699"}}
2021-06-16 03:10:08 :: ----------send data payment:32872------------
2021-06-16 03:10:08 :: {"date":"2021-06-16","invoices":[{"amount":"96999","id":"32872"}],"bankAccount":2}
2021-06-16 03:10:09 :: ----------result data payment:32872------------
2021-06-16 03:10:09 :: {"id":"34125","date":"2021-06-16","number":"32700","amount":"96999.0000000000","observations":null,"anotation":null,"type":"in","paymentMethod":"","status":"open","bankAccount":{"id":"2","name":"PAYU","type":"bank"},"client":{"id":"25725","name":"Laura Arias","phone":"3145628124"},"invoices":[{"id":"32872","number":"35133","date":"2021-06-16","amount":96999,"total":96999,"balance":0}],"costCenter":null,"numberTemplate":{"id":"3","prefix":"","number":"32700","fullNumber":"32700","formattedNumber":"32700"}}
2021-06-16 03:15:09 :: ----------send data payment:32873------------
2021-06-16 03:15:09 :: {"date":"2021-06-16","invoices":[{"amount":"70000","id":"32873"}],"bankAccount":2}
2021-06-16 03:15:11 :: ----------result data payment:32873------------
2021-06-16 03:15:11 :: {"id":"34126","date":"2021-06-16","number":"32701","amount":"70000.0000000000","observations":null,"anotation":null,"type":"in","paymentMethod":"","status":"open","bankAccount":{"id":"2","name":"PAYU","type":"bank"},"client":{"id":"1168","name":"Vanessa Barriga","phone":"3194107599"},"invoices":[{"id":"32873","number":"35134","date":"2021-06-16","amount":70000,"total":70000,"balance":0}],"costCenter":null,"numberTemplate":{"id":"3","prefix":"","number":"32701","fullNumber":"32701","formattedNumber":"32701"}}
2021-06-16 03:20:08 :: ----------send data payment:32874------------
2021-06-16 03:20:08 :: {"date":"2021-06-16","invoices":[{"amount":"48500","id":"32874"}],"bankAccount":2}
2021-06-16 03:20:10 :: ----------result data payment:32874------------
2021-06-16 03:20:10 :: {"id":"34127","date":"2021-06-16","number":"32702","amount":"48500.0000000000","observations":null,"anotation":null,"type":"in","paymentMethod":"","status":"open","bankAccount":{"id":"2","name":"PAYU","type":"bank"},"client":{"id":"25726","name":"Mayerli Totena","phone":"3186365652"},"invoices":[{"id":"32874","number":"35135","date":"2021-06-16","amount":48500,"total":48500,"balance":0}],"costCenter":null,"numberTemplate":{"id":"3","prefix":"","number":"32702","fullNumber":"32702","formattedNumber":"32702"}}
2021-06-16 03:25:16 :: ----------send data payment:32875------------
2021-06-16 03:25:16 :: {"date":"2021-06-16","invoices":[{"amount":"37000","id":"32875"}],"bankAccount":2}
2021-06-16 03:25:17 :: ----------result data payment:32875------------
2021-06-16 03:25:17 :: {"id":"34128","date":"2021-06-16","number":"32703","amount":"37000.0000000000","observations":null,"anotation":null,"type":"in","paymentMethod":"","status":"open","bankAccount":{"id":"2","name":"PAYU","type":"bank"},"client":{"id":"25727","name":"Maria valerya de la Torre","phone":"3052566823"},"invoices":[{"id":"32875","number":"35136","date":"2021-06-16","amount":37000,"total":37000,"balance":0}],"costCenter":null,"numberTemplate":{"id":"3","prefix":"","number":"32703","fullNumber":"32703","formattedNumber":"32703"}}
2021-06-16 03:30:09 :: ----------send data payment:32876------------
2021-06-16 03:30:09 :: {"date":"2021-06-16","invoices":[{"amount":"70000","id":"32876"}],"bankAccount":2}
2021-06-16 03:30:11 :: ----------result data payment:32876------------
2021-06-16 03:30:11 :: {"id":"34129","date":"2021-06-16","number":"32704","amount":"70000.0000000000","observations":null,"anotation":null,"type":"in","paymentMethod":"","status":"open","bankAccount":{"id":"2","name":"PAYU","type":"bank"},"client":{"id":"25728","name":"Madelaen D\u00edaz Osorio","phone":"3108748943"},"invoices":[{"id":"32876","number":"35137","date":"2021-06-16","amount":70000,"total":70000,"balance":0}],"costCenter":null,"numberTemplate":{"id":"3","prefix":"","number":"32704","fullNumber":"32704","formattedNumber":"32704"}}
2021-06-16 03:40:07 :: ----------send data payment:32877------------
2021-06-16 03:40:07 :: {"date":"2021-06-16","invoices":[{"amount":"70000","id":"32877"}],"bankAccount":2}
2021-06-16 03:40:09 :: ----------result data payment:32877------------
2021-06-16 03:40:09 :: {"id":"34130","date":"2021-06-16","number":"32705","amount":"70000.0000000000","observations":null,"anotation":null,"type":"in","paymentMethod":"","status":"open","bankAccount":{"id":"2","name":"PAYU","type":"bank"},"client":{"id":"25729","name":"Angie Beltran Walteros","phone":"3023742690"},"invoices":[{"id":"32877","number":"35138","date":"2021-06-16","amount":70000,"total":70000,"balance":0}],"costCenter":null,"numberTemplate":{"id":"3","prefix":"","number":"32705","fullNumber":"32705","formattedNumber":"32705"}}
2021-06-16 03:40:11 :: ----------send data payment:32878------------
2021-06-16 03:40:11 :: {"date":"2021-06-16","invoices":[{"amount":"153000","id":"32878"}],"bankAccount":2}
2021-06-16 03:40:13 :: ----------result data payment:32878------------
2021-06-16 03:40:13 :: {"id":"34131","date":"2021-06-16","number":"32706","amount":"153000.0000000000","observations":null,"anotation":null,"type":"in","paymentMethod":"","status":"open","bankAccount":{"id":"2","name":"PAYU","type":"bank"},"client":{"id":"25730","name":"Maria Anaya herrera","phone":"3112161231"},"invoices":[{"id":"32878","number":"35139","date":"2021-06-16","amount":153000,"total":153000,"balance":0}],"costCenter":null,"numberTemplate":{"id":"3","prefix":"","number":"32706","fullNumber":"32706","formattedNumber":"32706"}}
2021-06-16 03:45:11 :: ----------send data payment:32879------------
2021-06-16 03:45:11 :: {"date":"2021-06-16","invoices":[{"amount":"112501","id":"32879"}],"bankAccount":2}
2021-06-16 03:45:13 :: ----------result data payment:32879------------
2021-06-16 03:45:13 :: {"id":"34132","date":"2021-06-16","number":"32707","amount":"112501.0000000000","observations":null,"anotation":null,"type":"in","paymentMethod":"","status":"open","bankAccount":{"id":"2","name":"PAYU","type":"bank"},"client":{"id":"25731","name":"Marilyn sanchez","phone":"3014103063"},"invoices":[{"id":"32879","number":"35140","date":"2021-06-16","amount":112501,"total":112501,"balance":0}],"costCenter":null,"numberTemplate":{"id":"3","prefix":"","number":"32707","fullNumber":"32707","formattedNumber":"32707"}}
2021-06-16 04:15:10 :: ----------send data payment:32880------------
2021-06-16 04:15:10 :: {"date":"2021-06-16","invoices":[{"amount":"70000","id":"32880"}],"bankAccount":2}
2021-06-16 04:15:12 :: ----------result data payment:32880------------
2021-06-16 04:15:12 :: {"id":"34133","date":"2021-06-16","number":"32708","amount":"70000.0000000000","observations":null,"anotation":null,"type":"in","paymentMethod":"","status":"open","bankAccount":{"id":"2","name":"PAYU","type":"bank"},"client":{"id":"25732","name":"Nathalia Su\u00e1rez","phone":"3102254145"},"invoices":[{"id":"32880","number":"35141","date":"2021-06-16","amount":70000,"total":70000,"balance":0}],"costCenter":null,"numberTemplate":{"id":"3","prefix":"","number":"32708","fullNumber":"32708","formattedNumber":"32708"}}
2021-06-16 04:30:09 :: ----------send data payment:32881------------
2021-06-16 04:30:09 :: {"date":"2021-06-16","invoices":[{"amount":"76100","id":"32881"}],"bankAccount":2}
2021-06-16 04:30:10 :: ----------result data payment:32881------------
2021-06-16 04:30:10 :: {"id":"34134","date":"2021-06-16","number":"32709","amount":"76100.0000000000","observations":null,"anotation":null,"type":"in","paymentMethod":"","status":"open","bankAccount":{"id":"2","name":"PAYU","type":"bank"},"client":{"id":"25733","name":"Natalia arias","phone":"3012343213"},"invoices":[{"id":"32881","number":"35142","date":"2021-06-16","amount":76100,"total":76100,"balance":0}],"costCenter":null,"numberTemplate":{"id":"3","prefix":"","number":"32709","fullNumber":"32709","formattedNumber":"32709"}}
2021-06-16 04:35:13 :: ----------send data payment:32882------------
2021-06-16 04:35:13 :: {"date":"2021-06-16","invoices":[{"amount":"80000","id":"32882"}],"bankAccount":2}
2021-06-16 04:35:15 :: ----------result data payment:32882------------
2021-06-16 04:35:15 :: {"id":"34135","date":"2021-06-16","number":"32710","amount":"80000.0000000000","observations":null,"anotation":null,"type":"in","paymentMethod":"","status":"open","bankAccount":{"id":"2","name":"PAYU","type":"bank"},"client":{"id":"20455","name":"daniela posada","phone":"3167116473"},"invoices":[{"id":"32882","number":"35143","date":"2021-06-16","amount":80000,"total":80000,"balance":0}],"costCenter":null,"numberTemplate":{"id":"3","prefix":"","number":"32710","fullNumber":"32710","formattedNumber":"32710"}}
2021-06-16 04:40:08 :: ----------send data payment:32883------------
2021-06-16 04:40:08 :: {"date":"2021-06-16","invoices":[{"amount":"69500","id":"32883"}],"bankAccount":2}
2021-06-16 04:40:10 :: ----------result data payment:32883------------
2021-06-16 04:40:10 :: {"id":"34136","date":"2021-06-16","number":"32711","amount":"69500.0000000000","observations":null,"anotation":null,"type":"in","paymentMethod":"","status":"open","bankAccount":{"id":"2","name":"PAYU","type":"bank"},"client":{"id":"25734","name":"Nicole Rodr\u00edguez","phone":"3208220024"},"invoices":[{"id":"32883","number":"35144","date":"2021-06-16","amount":69500,"total":69500,"balance":0}],"costCenter":null,"numberTemplate":{"id":"3","prefix":"","number":"32711","fullNumber":"32711","formattedNumber":"32711"}}
2021-06-16 04:50:07 :: ----------send data payment:32884------------
2021-06-16 04:50:07 :: {"date":"2021-06-16","invoices":[{"amount":"55500","id":"32884"}],"bankAccount":2}
2021-06-16 04:50:09 :: ----------result data payment:32884------------
2021-06-16 04:50:09 :: {"id":"34137","date":"2021-06-16","number":"32712","amount":"55500.0000000000","observations":null,"anotation":null,"type":"in","paymentMethod":"","status":"open","bankAccount":{"id":"2","name":"PAYU","type":"bank"},"client":{"id":"25735","name":"Laura Osorno","phone":"3006053536"},"invoices":[{"id":"32884","number":"35145","date":"2021-06-16","amount":55500,"total":55500,"balance":0}],"costCenter":null,"numberTemplate":{"id":"3","prefix":"","number":"32712","fullNumber":"32712","formattedNumber":"32712"}}
2021-06-16 05:00:08 :: ----------send data payment:32885------------
2021-06-16 05:00:08 :: {"date":"2021-06-16","invoices":[{"amount":"159600","id":"32885"}],"bankAccount":2}
2021-06-16 05:00:10 :: ----------result data payment:32885------------
2021-06-16 05:00:10 :: {"id":"34138","date":"2021-06-16","number":"32713","amount":"159600.0000000000","observations":null,"anotation":null,"type":"in","paymentMethod":"","status":"open","bankAccount":{"id":"2","name":"PAYU","type":"bank"},"client":{"id":"25736","name":"Lina parra","phone":"3143341051"},"invoices":[{"id":"32885","number":"35146","date":"2021-06-16","amount":159600,"total":159600,"balance":0}],"costCenter":null,"numberTemplate":{"id":"3","prefix":"","number":"32713","fullNumber":"32713","formattedNumber":"32713"}}
2021-06-16 05:10:09 :: ----------send data payment:32886------------
2021-06-16 05:10:09 :: {"date":"2021-06-16","invoices":[{"amount":"42000","id":"32886"}],"bankAccount":2}
2021-06-16 05:10:11 :: ----------result data payment:32886------------
2021-06-16 05:10:11 :: {"id":"34139","date":"2021-06-16","number":"32714","amount":"42000.0000000000","observations":null,"anotation":null,"type":"in","paymentMethod":"","status":"open","bankAccount":{"id":"2","name":"PAYU","type":"bank"},"client":{"id":"25737","name":"Camila Rojas","phone":"3046322525"},"invoices":[{"id":"32886","number":"35147","date":"2021-06-16","amount":42000,"total":42000,"balance":0}],"costCenter":null,"numberTemplate":{"id":"3","prefix":"","number":"32714","fullNumber":"32714","formattedNumber":"32714"}}
2021-06-16 05:15:25 :: ----------send data payment:32887------------
2021-06-16 05:15:25 :: {"date":"2021-06-16","invoices":[{"amount":"55500","id":"32887"}],"bankAccount":2}
2021-06-16 05:15:26 :: ----------result data payment:32887------------
2021-06-16 05:15:26 :: {"id":"34140","date":"2021-06-16","number":"32715","amount":"55500.0000000000","observations":null,"anotation":null,"type":"in","paymentMethod":"","status":"open","bankAccount":{"id":"2","name":"PAYU","type":"bank"},"client":{"id":"25738","name":"Valentina Amorocho","phone":"3017859034"},"invoices":[{"id":"32887","number":"35148","date":"2021-06-16","amount":55500,"total":55500,"balance":0}],"costCenter":null,"numberTemplate":{"id":"3","prefix":"","number":"32715","fullNumber":"32715","formattedNumber":"32715"}}
2021-06-16 05:35:10 :: ----------send data payment:32888------------
2021-06-16 05:35:10 :: {"date":"2021-06-16","invoices":[{"amount":"129502","id":"32888"}],"bankAccount":2}
2021-06-16 05:35:14 :: ----------result data payment:32888------------
2021-06-16 05:35:14 :: {"id":"34141","date":"2021-06-16","number":"32716","amount":"129502.0000000000","observations":null,"anotation":null,"type":"in","paymentMethod":"","status":"open","bankAccount":{"id":"2","name":"PAYU","type":"bank"},"client":{"id":"25739","name":"Daniela Taborda Mayo","phone":"3022702406"},"invoices":[{"id":"32888","number":"35149","date":"2021-06-16","amount":129502,"total":129502,"balance":0}],"costCenter":null,"numberTemplate":{"id":"3","prefix":"","number":"32716","fullNumber":"32716","formattedNumber":"32716"}}
2021-06-16 05:35:17 :: ----------send data payment:32889------------
2021-06-16 05:35:17 :: {"date":"2021-06-16","invoices":[{"amount":"110500","id":"32889"}],"bankAccount":2}
2021-06-16 05:35:18 :: ----------result data payment:32889------------
2021-06-16 05:35:18 :: {"id":"34142","date":"2021-06-16","number":"32717","amount":"110500.0000000000","observations":null,"anotation":null,"type":"in","paymentMethod":"","status":"open","bankAccount":{"id":"2","name":"PAYU","type":"bank"},"client":{"id":"25740","name":"G\u00e9nesis Rinc\u00f3n","phone":"3158660653"},"invoices":[{"id":"32889","number":"35150","date":"2021-06-16","amount":110500,"total":110500,"balance":0}],"costCenter":null,"numberTemplate":{"id":"3","prefix":"","number":"32717","fullNumber":"32717","formattedNumber":"32717"}}
2021-06-16 06:35:28 :: ----------send data payment:32892------------
2021-06-16 06:35:28 :: {"date":"2021-06-16","invoices":[{"amount":"81500","id":"32892"}],"bankAccount":2}
2021-06-16 06:35:29 :: ----------result data payment:32892------------
2021-06-16 06:35:29 :: {"id":"34144","date":"2021-06-16","number":"32719","amount":"81500.0000000000","observations":null,"anotation":null,"type":"in","paymentMethod":"","status":"open","bankAccount":{"id":"2","name":"PAYU","type":"bank"},"client":{"id":"25741","name":"Andrea Rivera","phone":"3212544651"},"invoices":[{"id":"32892","number":"35153","date":"2021-06-16","amount":81500,"total":81500,"balance":0}],"costCenter":null,"numberTemplate":{"id":"3","prefix":"","number":"32719","fullNumber":"32719","formattedNumber":"32719"}}
2021-06-16 07:00:08 :: ----------send data payment:32893------------
2021-06-16 07:00:08 :: {"date":"2021-06-16","invoices":[{"amount":"205001","id":"32893"}],"bankAccount":2}
2021-06-16 07:00:09 :: ----------result data payment:32893------------
2021-06-16 07:00:09 :: {"id":"34145","date":"2021-06-16","number":"32720","amount":"205001.0000000000","observations":null,"anotation":null,"type":"in","paymentMethod":"","status":"open","bankAccount":{"id":"2","name":"PAYU","type":"bank"},"client":{"id":"22314","name":"Mayra arboleda","phone":"3176543150"},"invoices":[{"id":"32893","number":"35154","date":"2021-06-16","amount":205001,"total":205001,"balance":0}],"costCenter":null,"numberTemplate":{"id":"3","prefix":"","number":"32720","fullNumber":"32720","formattedNumber":"32720"}}
2021-06-16 08:10:06 :: ----------send data payment:32894------------
2021-06-16 08:10:06 :: {"date":"2021-06-16","invoices":[{"amount":"59200","id":"32894"}],"bankAccount":2}
2021-06-16 08:10:08 :: ----------result data payment:32894------------
2021-06-16 08:10:08 :: {"id":"34146","date":"2021-06-16","number":"32721","amount":"59200.0000000000","observations":null,"anotation":null,"type":"in","paymentMethod":"","status":"open","bankAccount":{"id":"2","name":"PAYU","type":"bank"},"client":{"id":"23802","name":"Antonio Lobo","phone":"3209305920"},"invoices":[{"id":"32894","number":"35155","date":"2021-06-16","amount":59200,"total":59200,"balance":0}],"costCenter":null,"numberTemplate":{"id":"3","prefix":"","number":"32721","fullNumber":"32721","formattedNumber":"32721"}}
2021-06-16 08:35:10 :: ----------send data payment:32895------------
2021-06-16 08:35:10 :: {"date":"2021-06-16","invoices":[{"amount":"48500","id":"32895"}],"bankAccount":2}
2021-06-16 08:35:11 :: ----------result data payment:32895------------
2021-06-16 08:35:11 :: {"id":"34147","date":"2021-06-16","number":"32722","amount":"48500.0000000000","observations":null,"anotation":null,"type":"in","paymentMethod":"","status":"open","bankAccount":{"id":"2","name":"PAYU","type":"bank"},"client":{"id":"25742","name":"Miriam Pantoja","phone":"3008177692"},"invoices":[{"id":"32895","number":"35156","date":"2021-06-16","amount":48500,"total":48500,"balance":0}],"costCenter":null,"numberTemplate":{"id":"3","prefix":"","number":"32722","fullNumber":"32722","formattedNumber":"32722"}}
2021-06-16 09:00:07 :: ----------send data payment:32896------------
2021-06-16 09:00:07 :: {"date":"2021-06-16","invoices":[{"amount":"92100","id":"32896"}],"bankAccount":2}
2021-06-16 09:00:09 :: ----------result data payment:32896------------
2021-06-16 09:00:09 :: {"id":"34148","date":"2021-06-16","number":"32723","amount":"92100.0000000000","observations":null,"anotation":null,"type":"in","paymentMethod":"","status":"open","bankAccount":{"id":"2","name":"PAYU","type":"bank"},"client":{"id":"25743","name":"Nicolle Isidro","phone":"3212000217"},"invoices":[{"id":"32896","number":"35157","date":"2021-06-16","amount":92100,"total":92100,"balance":0}],"costCenter":null,"numberTemplate":{"id":"3","prefix":"","number":"32723","fullNumber":"32723","formattedNumber":"32723"}}
2021-06-16 09:25:10 :: ----------send data payment:32897------------
2021-06-16 09:25:10 :: {"date":"2021-06-16","invoices":[{"amount":"72599","id":"32897"}],"bankAccount":2}
2021-06-16 09:25:11 :: ----------result data payment:32897------------
2021-06-16 09:25:11 :: {"id":"34149","date":"2021-06-16","number":"32724","amount":"72599.0000000000","observations":null,"anotation":null,"type":"in","paymentMethod":"","status":"open","bankAccount":{"id":"2","name":"PAYU","type":"bank"},"client":{"id":"7623","name":"LEIDY JOHANA SOLANO GARCIA","phone":"3106136513"},"invoices":[{"id":"32897","number":"35158","date":"2021-06-16","amount":72599,"total":72599,"balance":0}],"costCenter":null,"numberTemplate":{"id":"3","prefix":"","number":"32724","fullNumber":"32724","formattedNumber":"32724"}}
2021-06-16 09:40:08 :: ----------send data payment:32898------------
2021-06-16 09:40:08 :: {"date":"2021-06-16","invoices":[{"amount":"65000","id":"32898"}],"bankAccount":2}
2021-06-16 09:40:09 :: ----------result data payment:32898------------
2021-06-16 09:40:09 :: {"id":"34150","date":"2021-06-16","number":"32725","amount":"65000.0000000000","observations":null,"anotation":null,"type":"in","paymentMethod":"","status":"open","bankAccount":{"id":"2","name":"PAYU","type":"bank"},"client":{"id":"25102","name":"Laura M\u00fanera","phone":"3168722369"},"invoices":[{"id":"32898","number":"35159","date":"2021-06-16","amount":65000,"total":65000,"balance":0}],"costCenter":null,"numberTemplate":{"id":"3","prefix":"","number":"32725","fullNumber":"32725","formattedNumber":"32725"}}
2021-06-16 10:00:07 :: ----------send data payment:32899------------
2021-06-16 10:00:07 :: {"date":"2021-06-16","invoices":[{"amount":"100000","id":"32899"}],"bankAccount":2}
2021-06-16 10:00:08 :: ----------result data payment:32899------------
2021-06-16 10:00:08 :: {"id":"34151","date":"2021-06-16","number":"32726","amount":"100000.0000000000","observations":null,"anotation":null,"type":"in","paymentMethod":"","status":"open","bankAccount":{"id":"2","name":"PAYU","type":"bank"},"client":{"id":"16508","name":"Yuri Otero","phone":"3134757178"},"invoices":[{"id":"32899","number":"35160","date":"2021-06-16","amount":100000,"total":100000,"balance":0}],"costCenter":null,"numberTemplate":{"id":"3","prefix":"","number":"32726","fullNumber":"32726","formattedNumber":"32726"}}
2021-06-16 10:10:08 :: ----------send data payment:32900------------
2021-06-16 10:10:08 :: {"date":"2021-06-16","invoices":[{"amount":"30000","id":"32900"}],"bankAccount":2}
2021-06-16 10:10:09 :: ----------result data payment:32900------------
2021-06-16 10:10:09 :: {"id":"34152","date":"2021-06-16","number":"32727","amount":"30000.0000000000","observations":null,"anotation":null,"type":"in","paymentMethod":"","status":"open","bankAccount":{"id":"2","name":"PAYU","type":"bank"},"client":{"id":"25744","name":"Tatiana Silvestre","phone":"3182107585"},"invoices":[{"id":"32900","number":"35161","date":"2021-06-16","amount":30000,"total":30000,"balance":0}],"costCenter":null,"numberTemplate":{"id":"3","prefix":"","number":"32727","fullNumber":"32727","formattedNumber":"32727"}}
2021-06-16 10:30:08 :: ----------send data payment:32901------------
2021-06-16 10:30:08 :: {"date":"2021-06-16","invoices":[{"amount":"169500","id":"32901"}],"bankAccount":2}
2021-06-16 10:30:09 :: ----------result data payment:32901------------
2021-06-16 10:30:09 :: {"id":"34153","date":"2021-06-16","number":"32728","amount":"169500.0000000000","observations":null,"anotation":null,"type":"in","paymentMethod":"","status":"open","bankAccount":{"id":"2","name":"PAYU","type":"bank"},"client":{"id":"25745","name":"Eliana De aguas","phone":"3013676836"},"invoices":[{"id":"32901","number":"35162","date":"2021-06-16","amount":169500,"total":169500,"balance":0}],"costCenter":null,"numberTemplate":{"id":"3","prefix":"","number":"32728","fullNumber":"32728","formattedNumber":"32728"}}
2021-06-16 10:40:06 :: ----------send data payment:32902------------
2021-06-16 10:40:06 :: {"date":"2021-06-16","invoices":[{"amount":"50000","id":"32902"}],"bankAccount":2}
2021-06-16 10:40:07 :: ----------result data payment:32902------------
2021-06-16 10:40:07 :: {"id":"34154","date":"2021-06-16","number":"32729","amount":"50000.0000000000","observations":null,"anotation":null,"type":"in","paymentMethod":"","status":"open","bankAccount":{"id":"2","name":"PAYU","type":"bank"},"client":{"id":"3280","name":"gmontenegrorobayo","phone":"3204425647"},"invoices":[{"id":"32902","number":"35163","date":"2021-06-16","amount":50000,"total":50000,"balance":0}],"costCenter":null,"numberTemplate":{"id":"3","prefix":"","number":"32729","fullNumber":"32729","formattedNumber":"32729"}}
2021-06-16 10:40:08 :: ----------send data payment:32903------------
2021-06-16 10:40:08 :: {"date":"2021-06-16","invoices":[{"amount":"103001","id":"32903"}],"bankAccount":2}
2021-06-16 10:40:10 :: ----------result data payment:32903------------
2021-06-16 10:40:10 :: {"id":"34155","date":"2021-06-16","number":"32730","amount":"103001.0000000000","observations":null,"anotation":null,"type":"in","paymentMethod":"","status":"open","bankAccount":{"id":"2","name":"PAYU","type":"bank"},"client":{"id":"12545","name":"Luz Estefany Espitia","phone":"3013583231"},"invoices":[{"id":"32903","number":"35164","date":"2021-06-16","amount":103001,"total":103001,"balance":0}],"costCenter":null,"numberTemplate":{"id":"3","prefix":"","number":"32730","fullNumber":"32730","formattedNumber":"32730"}}
2021-06-16 11:30:07 :: ----------send data payment:32904------------
2021-06-16 11:30:07 :: {"date":"2021-06-16","invoices":[{"amount":"55500","id":"32904"}],"bankAccount":2}
2021-06-16 11:30:09 :: ----------result data payment:32904------------
2021-06-16 11:30:09 :: {"id":"34156","date":"2021-06-16","number":"32731","amount":"55500.0000000000","observations":null,"anotation":null,"type":"in","paymentMethod":"","status":"open","bankAccount":{"id":"2","name":"PAYU","type":"bank"},"client":{"id":"25746","name":"Juanita Toro Monsalve","phone":"3218797231"},"invoices":[{"id":"32904","number":"35165","date":"2021-06-16","amount":55500,"total":55500,"balance":0}],"costCenter":null,"numberTemplate":{"id":"3","prefix":"","number":"32731","fullNumber":"32731","formattedNumber":"32731"}}
2021-06-16 11:45:08 :: ----------send data payment:32905------------
2021-06-16 11:45:08 :: {"date":"2021-06-16","invoices":[{"amount":"27500","id":"32905"}],"bankAccount":2}
2021-06-16 11:45:09 :: ----------result data payment:32905------------
2021-06-16 11:45:09 :: {"id":"34157","date":"2021-06-16","number":"32732","amount":"27500.0000000000","observations":null,"anotation":null,"type":"in","paymentMethod":"","status":"open","bankAccount":{"id":"2","name":"PAYU","type":"bank"},"client":{"id":"21813","name":"Amy Patino","phone":"3133560565"},"invoices":[{"id":"32905","number":"35166","date":"2021-06-16","amount":27500,"total":27500,"balance":0}],"costCenter":null,"numberTemplate":{"id":"3","prefix":"","number":"32732","fullNumber":"32732","formattedNumber":"32732"}}