
2021-10-01 04:14:08 :: ----------send data payment:38336------------
2021-10-01 04:14:08 :: {"date":"2021-10-01","invoices":[{"amount":"130000","id":"38336"}],"bankAccount":2}
2021-10-01 04:14:09 :: ----------result data payment:38336------------
2021-10-01 04:14:09 :: {"id":"39875","date":"2021-10-01","number":"38130","amount":"130000.0000000000","observations":null,"anotation":null,"type":"in","paymentMethod":"","status":"open","bankAccount":{"id":"2","name":"PAYU","type":"bank"},"client":{"id":"29767","name":"karina jaraba","phone":"3008005454"},"invoices":[{"id":"38336","number":"40597","date":"2021-10-01","amount":130000,"total":130000,"balance":0}],"costCenter":null,"numberTemplate":{"id":"3","prefix":"","number":"38130","fullNumber":"38130","formattedNumber":"38130"}}
2021-10-01 08:12:06 :: ----------send data payment:38337------------
2021-10-01 08:12:06 :: {"date":"2021-10-01","invoices":[{"amount":"89000","id":"38337"}],"bankAccount":2}
2021-10-01 08:12:08 :: ----------result data payment:38337------------
2021-10-01 08:12:08 :: {"id":"39876","date":"2021-10-01","number":"38131","amount":"89000.0000000000","observations":null,"anotation":null,"type":"in","paymentMethod":"","status":"open","bankAccount":{"id":"2","name":"PAYU","type":"bank"},"client":{"id":"24663","name":"Natalia Olivos","phone":"3228307321"},"invoices":[{"id":"38337","number":"40598","date":"2021-10-01","amount":89000,"total":89000,"balance":0}],"costCenter":null,"numberTemplate":{"id":"3","prefix":"","number":"38131","fullNumber":"38131","formattedNumber":"38131"}}
2021-10-01 08:15:08 :: ----------send data payment:38338------------
2021-10-01 08:15:08 :: {"date":"2021-10-01","invoices":[{"amount":"70000","id":"38338"}],"bankAccount":2}
2021-10-01 08:15:11 :: ----------result data payment:38338------------
2021-10-01 08:15:11 :: {"id":"39877","date":"2021-10-01","number":"38132","amount":"70000.0000000000","observations":null,"anotation":null,"type":"in","paymentMethod":"","status":"open","bankAccount":{"id":"2","name":"PAYU","type":"bank"},"client":{"id":"29768","name":"Maria Fernanda Mendoza Hurtado","phone":"3116401552"},"invoices":[{"id":"38338","number":"40599","date":"2021-10-01","amount":70000,"total":70000,"balance":0}],"costCenter":null,"numberTemplate":{"id":"3","prefix":"","number":"38132","fullNumber":"38132","formattedNumber":"38132"}}
2021-10-01 08:33:03 :: ----------send data payment:38339------------
2021-10-01 08:33:03 :: {"date":"2021-10-01","invoices":[{"amount":"61000","id":"38339"}],"bankAccount":2}
2021-10-01 08:33:05 :: ----------result data payment:38339------------
2021-10-01 08:33:05 :: {"id":"39878","date":"2021-10-01","number":"38133","amount":"61000.0000000000","observations":null,"anotation":null,"type":"in","paymentMethod":"","status":"open","bankAccount":{"id":"2","name":"PAYU","type":"bank"},"client":{"id":"4877","name":"Sandra Armel","phone":"3117646850"},"invoices":[{"id":"38339","number":"40600","date":"2021-10-01","amount":61000,"total":61000,"balance":0}],"costCenter":null,"numberTemplate":{"id":"3","prefix":"","number":"38133","fullNumber":"38133","formattedNumber":"38133"}}
2021-10-01 08:58:07 :: ----------send data payment:38340------------
2021-10-01 08:58:07 :: {"date":"2021-10-01","invoices":[{"amount":"79999","id":"38340"}],"bankAccount":2}
2021-10-01 08:58:09 :: ----------result data payment:38340------------
2021-10-01 08:58:09 :: {"id":"39879","date":"2021-10-01","number":"38134","amount":"79999.0000000000","observations":null,"anotation":null,"type":"in","paymentMethod":"","status":"open","bankAccount":{"id":"2","name":"PAYU","type":"bank"},"client":{"id":"29769","name":"Sonia Ramirez","phone":"3212166051"},"invoices":[{"id":"38340","number":"40601","date":"2021-10-01","amount":79999,"total":79999,"balance":0}],"costCenter":null,"numberTemplate":{"id":"3","prefix":"","number":"38134","fullNumber":"38134","formattedNumber":"38134"}}
2021-10-01 09:19:08 :: ----------send data payment:38341------------
2021-10-01 09:19:08 :: {"date":"2021-10-01","invoices":[{"amount":"70000","id":"38341"}],"bankAccount":2}
2021-10-01 09:19:10 :: ----------result data payment:38341------------
2021-10-01 09:19:10 :: {"id":"39880","date":"2021-10-01","number":"38135","amount":"70000.0000000000","observations":null,"anotation":null,"type":"in","paymentMethod":"","status":"open","bankAccount":{"id":"2","name":"PAYU","type":"bank"},"client":{"id":"29770","name":"paula arias","phone":"3041240521"},"invoices":[{"id":"38341","number":"40602","date":"2021-10-01","amount":70000,"total":70000,"balance":0}],"costCenter":null,"numberTemplate":{"id":"3","prefix":"","number":"38135","fullNumber":"38135","formattedNumber":"38135"}}
2021-10-01 09:38:17 :: ----------send data payment:38343------------
2021-10-01 09:38:17 :: {"date":"2021-10-01","invoices":[{"amount":"70000","id":"38343"}],"bankAccount":2}
2021-10-01 09:38:18 :: ----------result data payment:38343------------
2021-10-01 09:38:18 :: {"id":"39882","date":"2021-10-01","number":"38137","amount":"70000.0000000000","observations":null,"anotation":null,"type":"in","paymentMethod":"","status":"open","bankAccount":{"id":"2","name":"PAYU","type":"bank"},"client":{"id":"29771","name":"Ana Mar\u00eda Carrera","phone":"3138459457"},"invoices":[{"id":"38343","number":"40604","date":"2021-10-01","amount":70000,"total":70000,"balance":0}],"costCenter":null,"numberTemplate":{"id":"3","prefix":"","number":"38137","fullNumber":"38137","formattedNumber":"38137"}}
2021-10-01 09:51:13 :: ----------send data payment:38344------------
2021-10-01 09:51:13 :: {"date":"2021-10-01","invoices":[{"amount":"100001","id":"38344"}],"bankAccount":2}
2021-10-01 09:51:15 :: ----------result data payment:38344------------
2021-10-01 09:51:15 :: {"id":"39883","date":"2021-10-01","number":"38138","amount":"100001.0000000000","observations":null,"anotation":null,"type":"in","paymentMethod":"","status":"open","bankAccount":{"id":"2","name":"PAYU","type":"bank"},"client":{"id":"29772","name":"Luisa Soto","phone":"3113659855"},"invoices":[{"id":"38344","number":"40605","date":"2021-10-01","amount":100001,"total":100001,"balance":0}],"costCenter":null,"numberTemplate":{"id":"3","prefix":"","number":"38138","fullNumber":"38138","formattedNumber":"38138"}}
2021-10-01 09:54:05 :: ----------send data payment:38345------------
2021-10-01 09:54:05 :: {"date":"2021-10-01","invoices":[{"amount":"70000","id":"38345"}],"bankAccount":2}
2021-10-01 09:54:07 :: ----------result data payment:38345------------
2021-10-01 09:54:07 :: {"id":"39884","date":"2021-10-01","number":"38139","amount":"70000.0000000000","observations":null,"anotation":null,"type":"in","paymentMethod":"","status":"open","bankAccount":{"id":"2","name":"PAYU","type":"bank"},"client":{"id":"29773","name":"Valentina Cardona","phone":"3007459609"},"invoices":[{"id":"38345","number":"40606","date":"2021-10-01","amount":70000,"total":70000,"balance":0}],"costCenter":null,"numberTemplate":{"id":"3","prefix":"","number":"38139","fullNumber":"38139","formattedNumber":"38139"}}
2021-10-01 09:56:14 :: ----------send data payment:38346------------
2021-10-01 09:56:14 :: {"date":"2021-10-01","invoices":[{"amount":"70000","id":"38346"}],"bankAccount":2}
2021-10-01 09:56:16 :: ----------result data payment:38346------------
2021-10-01 09:56:16 :: {"id":"39885","date":"2021-10-01","number":"38140","amount":"70000.0000000000","observations":null,"anotation":null,"type":"in","paymentMethod":"","status":"open","bankAccount":{"id":"2","name":"PAYU","type":"bank"},"client":{"id":"29774","name":"Alexandra Bermeo","phone":"3163991413"},"invoices":[{"id":"38346","number":"40607","date":"2021-10-01","amount":70000,"total":70000,"balance":0}],"costCenter":null,"numberTemplate":{"id":"3","prefix":"","number":"38140","fullNumber":"38140","formattedNumber":"38140"}}
2021-10-01 10:05:05 :: ----------send data payment:38347------------
2021-10-01 10:05:05 :: {"date":"2021-10-01","invoices":[{"amount":"35000","id":"38347"}],"bankAccount":2}
2021-10-01 10:05:07 :: ----------result data payment:38347------------
2021-10-01 10:05:07 :: {"id":"39886","date":"2021-10-01","number":"38141","amount":"35000.0000000000","observations":null,"anotation":null,"type":"in","paymentMethod":"","status":"open","bankAccount":{"id":"2","name":"PAYU","type":"bank"},"client":{"id":"11012","name":"Luzelena Guerrero","phone":"3017557630"},"invoices":[{"id":"38347","number":"40608","date":"2021-10-01","amount":35000,"total":35000,"balance":0}],"costCenter":null,"numberTemplate":{"id":"3","prefix":"","number":"38141","fullNumber":"38141","formattedNumber":"38141"}}
2021-10-01 10:32:07 :: ----------send data payment:38348------------
2021-10-01 10:32:07 :: {"date":"2021-10-01","invoices":[{"amount":"69000","id":"38348"}],"bankAccount":2}
2021-10-01 10:32:08 :: ----------result data payment:38348------------
2021-10-01 10:32:08 :: {"id":"39887","date":"2021-10-01","number":"38142","amount":"69000.0000000000","observations":null,"anotation":null,"type":"in","paymentMethod":"","status":"open","bankAccount":{"id":"2","name":"PAYU","type":"bank"},"client":{"id":"29775","name":"Nathalia Gallego","phone":"3174731600"},"invoices":[{"id":"38348","number":"40609","date":"2021-10-01","amount":69000,"total":69000,"balance":0}],"costCenter":null,"numberTemplate":{"id":"3","prefix":"","number":"38142","fullNumber":"38142","formattedNumber":"38142"}}
2021-10-01 11:12:08 :: ----------send data payment:38350------------
2021-10-01 11:12:08 :: {"date":"2021-10-01","invoices":[{"amount":"88000","id":"38350"}],"bankAccount":2}
2021-10-01 11:12:14 :: ----------result data payment:38350------------
2021-10-01 11:12:14 :: {"id":"39889","date":"2021-10-01","number":"38144","amount":"88000.0000000000","observations":null,"anotation":null,"type":"in","paymentMethod":"","status":"open","bankAccount":{"id":"2","name":"PAYU","type":"bank"},"client":{"id":"15717","name":"Cristina casta\u00f1o","phone":"3104437764"},"invoices":[{"id":"38350","number":"40611","date":"2021-10-01","amount":88000,"total":88000,"balance":0}],"costCenter":null,"numberTemplate":{"id":"3","prefix":"","number":"38144","fullNumber":"38144","formattedNumber":"38144"}}
2021-10-01 11:16:21 :: ----------send data payment:38351------------
2021-10-01 11:16:21 :: {"date":"2021-10-01","invoices":[{"amount":"70000","id":"38351"}],"bankAccount":2}
2021-10-01 11:16:39 :: ----------result data payment:38351------------
2021-10-01 11:16:39 :: {"id":"39890","date":"2021-10-01","number":"38145","amount":"70000.0000000000","observations":null,"anotation":null,"type":"in","paymentMethod":"","status":"open","bankAccount":{"id":"2","name":"PAYU","type":"bank"},"client":{"id":"29776","name":"paula chavarro","phone":"3123121650"},"invoices":[{"id":"38351","number":"40612","date":"2021-10-01","amount":70000,"total":70000,"balance":0}],"costCenter":null,"numberTemplate":{"id":"3","prefix":"","number":"38145","fullNumber":"38145","formattedNumber":"38145"}}
2021-10-01 11:24:11 :: ----------send data payment:38352------------
2021-10-01 11:24:11 :: {"date":"2021-10-01","invoices":[{"amount":"70000","id":"38352"}],"bankAccount":2}
2021-10-01 11:24:17 :: ----------result data payment:38352------------
2021-10-01 11:24:17 :: {"id":"39891","date":"2021-10-01","number":"38146","amount":"70000.0000000000","observations":null,"anotation":null,"type":"in","paymentMethod":"","status":"open","bankAccount":{"id":"2","name":"PAYU","type":"bank"},"client":{"id":"29777","name":"Maggie D' Franco","phone":"3225757604"},"invoices":[{"id":"38352","number":"40613","date":"2021-10-01","amount":70000,"total":70000,"balance":0}],"costCenter":null,"numberTemplate":{"id":"3","prefix":"","number":"38146","fullNumber":"38146","formattedNumber":"38146"}}
2021-10-01 11:30:16 :: ----------send data payment:38353------------
2021-10-01 11:30:16 :: {"date":"2021-10-01","invoices":[{"amount":"60200","id":"38353"}],"bankAccount":2}
2021-10-01 11:30:22 :: ----------result data payment:38353------------
2021-10-01 11:30:22 :: {"id":"39892","date":"2021-10-01","number":"38147","amount":"60200.0000000000","observations":null,"anotation":null,"type":"in","paymentMethod":"","status":"open","bankAccount":{"id":"2","name":"PAYU","type":"bank"},"client":{"id":"29778","name":"Alexandra patricia carrillo mejia","phone":"3058503339"},"invoices":[{"id":"38353","number":"40614","date":"2021-10-01","amount":60200,"total":60200,"balance":0}],"costCenter":null,"numberTemplate":{"id":"3","prefix":"","number":"38147","fullNumber":"38147","formattedNumber":"38147"}}
2021-10-01 11:31:19 :: ----------send data payment:38354------------
2021-10-01 11:31:19 :: {"date":"2021-10-01","invoices":[{"amount":"101000","id":"38354"}],"bankAccount":2}
2021-10-01 11:31:25 :: ----------result data payment:38354------------
2021-10-01 11:31:25 :: {"id":"39893","date":"2021-10-01","number":"38148","amount":"101000.0000000000","observations":null,"anotation":null,"type":"in","paymentMethod":"","status":"open","bankAccount":{"id":"2","name":"PAYU","type":"bank"},"client":{"id":"29779","name":"Leomary Cazorla","phone":"3143461055"},"invoices":[{"id":"38354","number":"40615","date":"2021-10-01","amount":101000,"total":101000,"balance":0}],"costCenter":null,"numberTemplate":{"id":"3","prefix":"","number":"38148","fullNumber":"38148","formattedNumber":"38148"}}
2021-10-01 11:39:10 :: ----------send data payment:38355------------
2021-10-01 11:39:10 :: {"date":"2021-10-01","invoices":[{"amount":"70000","id":"38355"}],"bankAccount":2}
2021-10-01 11:39:13 :: ----------result data payment:38355------------
2021-10-01 11:39:13 :: {"id":"39894","date":"2021-10-01","number":"38149","amount":"70000.0000000000","observations":null,"anotation":null,"type":"in","paymentMethod":"","status":"open","bankAccount":{"id":"2","name":"PAYU","type":"bank"},"client":{"id":"29780","name":"Alejandra Herrera Giraldo","phone":"3225366084"},"invoices":[{"id":"38355","number":"40616","date":"2021-10-01","amount":70000,"total":70000,"balance":0}],"costCenter":null,"numberTemplate":{"id":"3","prefix":"","number":"38149","fullNumber":"38149","formattedNumber":"38149"}}
2021-10-01 11:52:07 :: ----------send data payment:38356------------
2021-10-01 11:52:07 :: {"date":"2021-10-01","invoices":[{"amount":"45000","id":"38356"}],"bankAccount":2}
2021-10-01 11:52:08 :: ----------result data payment:38356------------
2021-10-01 11:52:08 :: {"id":"39895","date":"2021-10-01","number":"38150","amount":"45000.0000000000","observations":null,"anotation":null,"type":"in","paymentMethod":"","status":"open","bankAccount":{"id":"2","name":"PAYU","type":"bank"},"client":{"id":"29781","name":"Vannesa Ladino","phone":"3208135404"},"invoices":[{"id":"38356","number":"40617","date":"2021-10-01","amount":45000,"total":45000,"balance":0}],"costCenter":null,"numberTemplate":{"id":"3","prefix":"","number":"38150","fullNumber":"38150","formattedNumber":"38150"}}
2021-10-01 11:54:06 :: ----------send data payment:38357------------
2021-10-01 11:54:06 :: {"date":"2021-10-01","invoices":[{"amount":"22600","id":"38357"}],"bankAccount":2}
2021-10-01 11:54:08 :: ----------result data payment:38357------------
2021-10-01 11:54:08 :: {"id":"39896","date":"2021-10-01","number":"38151","amount":"22600.0000000000","observations":null,"anotation":null,"type":"in","paymentMethod":"","status":"open","bankAccount":{"id":"2","name":"PAYU","type":"bank"},"client":{"id":"29782","name":"Linda capera","phone":"3192642454"},"invoices":[{"id":"38357","number":"40618","date":"2021-10-01","amount":22600,"total":22600,"balance":0}],"costCenter":null,"numberTemplate":{"id":"3","prefix":"","number":"38151","fullNumber":"38151","formattedNumber":"38151"}}
2021-10-01 11:55:05 :: ----------send data payment:38358------------
2021-10-01 11:55:05 :: {"date":"2021-10-01","invoices":[{"amount":"140000","id":"38358"}],"bankAccount":2}
2021-10-01 11:55:07 :: ----------result data payment:38358------------
2021-10-01 11:55:07 :: {"id":"39897","date":"2021-10-01","number":"38152","amount":"140000.0000000000","observations":null,"anotation":null,"type":"in","paymentMethod":"","status":"open","bankAccount":{"id":"2","name":"PAYU","type":"bank"},"client":{"id":"29750","name":"jaryalejandragonzalez","phone":"3134167384"},"invoices":[{"id":"38358","number":"40619","date":"2021-10-01","amount":140000,"total":140000,"balance":0}],"costCenter":null,"numberTemplate":{"id":"3","prefix":"","number":"38152","fullNumber":"38152","formattedNumber":"38152"}}
2021-10-01 12:03:12 :: ----------send data payment:38359------------
2021-10-01 12:03:12 :: {"date":"2021-10-01","invoices":[{"amount":"63000","id":"38359"}],"bankAccount":2}
2021-10-01 12:03:17 :: ----------result data payment:38359------------
2021-10-01 12:03:17 :: {"id":"39898","date":"2021-10-01","number":"38153","amount":"63000.0000000000","observations":null,"anotation":null,"type":"in","paymentMethod":"","status":"open","bankAccount":{"id":"2","name":"PAYU","type":"bank"},"client":{"id":"10062","name":"Jessica Lozada Mancera","phone":"3204706548"},"invoices":[{"id":"38359","number":"40620","date":"2021-10-01","amount":63000,"total":63000,"balance":0}],"costCenter":null,"numberTemplate":{"id":"3","prefix":"","number":"38153","fullNumber":"38153","formattedNumber":"38153"}}
2021-10-01 12:15:05 :: ----------send data payment:38360------------
2021-10-01 12:15:05 :: {"date":"2021-10-01","invoices":[{"amount":"30000","id":"38360"}],"bankAccount":2}
2021-10-01 12:15:07 :: ----------result data payment:38360------------
2021-10-01 12:15:07 :: {"id":"39899","date":"2021-10-01","number":"38154","amount":"30000.0000000000","observations":null,"anotation":null,"type":"in","paymentMethod":"","status":"open","bankAccount":{"id":"2","name":"PAYU","type":"bank"},"client":{"id":"29783","name":"Leidy Fl\u00f3rez","phone":"3172317040"},"invoices":[{"id":"38360","number":"40621","date":"2021-10-01","amount":30000,"total":30000,"balance":0}],"costCenter":null,"numberTemplate":{"id":"3","prefix":"","number":"38154","fullNumber":"38154","formattedNumber":"38154"}}
2021-10-01 12:59:07 :: ----------send data payment:38361------------
2021-10-01 12:59:07 :: {"date":"2021-10-01","invoices":[{"amount":"70000","id":"38361"}],"bankAccount":2}
2021-10-01 12:59:09 :: ----------result data payment:38361------------
2021-10-01 12:59:09 :: {"id":"39900","date":"2021-10-01","number":"38155","amount":"70000.0000000000","observations":null,"anotation":null,"type":"in","paymentMethod":"","status":"open","bankAccount":{"id":"2","name":"PAYU","type":"bank"},"client":{"id":"29784","name":"Maria Paula Llanos","phone":"3158766925"},"invoices":[{"id":"38361","number":"40622","date":"2021-10-01","amount":70000,"total":70000,"balance":0}],"costCenter":null,"numberTemplate":{"id":"3","prefix":"","number":"38155","fullNumber":"38155","formattedNumber":"38155"}}
2021-10-01 01:02:05 :: ----------send data payment:38362------------
2021-10-01 01:02:05 :: {"date":"2021-10-01","invoices":[{"amount":"70000","id":"38362"}],"bankAccount":2}
2021-10-01 01:02:07 :: ----------result data payment:38362------------
2021-10-01 01:02:07 :: {"id":"39901","date":"2021-10-01","number":"38156","amount":"70000.0000000000","observations":null,"anotation":null,"type":"in","paymentMethod":"","status":"open","bankAccount":{"id":"2","name":"PAYU","type":"bank"},"client":{"id":"29785","name":"Monica Quintero","phone":"3045642918"},"invoices":[{"id":"38362","number":"40623","date":"2021-10-01","amount":70000,"total":70000,"balance":0}],"costCenter":null,"numberTemplate":{"id":"3","prefix":"","number":"38156","fullNumber":"38156","formattedNumber":"38156"}}
2021-10-01 01:36:13 :: ----------send data payment:38364------------
2021-10-01 01:36:13 :: {"date":"2021-10-01","invoices":[{"amount":"256001","id":"38364"}],"bankAccount":2}
2021-10-01 01:36:15 :: ----------result data payment:38364------------
2021-10-01 01:36:15 :: {"id":"39902","date":"2021-10-01","number":"38157","amount":"256001.0000000000","observations":null,"anotation":null,"type":"in","paymentMethod":"","status":"open","bankAccount":{"id":"2","name":"PAYU","type":"bank"},"client":{"id":"29786","name":"Natali henao calle","phone":"3147333798"},"invoices":[{"id":"38364","number":"40625","date":"2021-10-01","amount":256001,"total":256001,"balance":0}],"costCenter":null,"numberTemplate":{"id":"3","prefix":"","number":"38157","fullNumber":"38157","formattedNumber":"38157"}}
2021-10-01 01:46:11 :: ----------send data payment:38365------------
2021-10-01 01:46:11 :: {"date":"2021-10-01","invoices":[{"amount":"40000","id":"38365"}],"bankAccount":2}
2021-10-01 01:46:13 :: ----------result data payment:38365------------
2021-10-01 01:46:13 :: {"id":"39903","date":"2021-10-01","number":"38158","amount":"40000.0000000000","observations":null,"anotation":null,"type":"in","paymentMethod":"","status":"open","bankAccount":{"id":"2","name":"PAYU","type":"bank"},"client":{"id":"29787","name":"erlinda_diaz15","phone":"3135611585"},"invoices":[{"id":"38365","number":"40626","date":"2021-10-01","amount":40000,"total":40000,"balance":0}],"costCenter":null,"numberTemplate":{"id":"3","prefix":"","number":"38158","fullNumber":"38158","formattedNumber":"38158"}}
2021-10-01 01:48:07 :: ----------send data payment:38366------------
2021-10-01 01:48:07 :: {"date":"2021-10-01","invoices":[{"amount":"126900","id":"38366"}],"bankAccount":2}
2021-10-01 01:48:10 :: ----------result data payment:38366------------
2021-10-01 01:48:10 :: {"id":"39904","date":"2021-10-01","number":"38159","amount":"126900.0000000000","observations":null,"anotation":null,"type":"in","paymentMethod":"","status":"open","bankAccount":{"id":"2","name":"PAYU","type":"bank"},"client":{"id":"29788","name":"Jessica Castellanos","phone":"3123192474"},"invoices":[{"id":"38366","number":"40627","date":"2021-10-01","amount":126900,"total":126900,"balance":0}],"costCenter":null,"numberTemplate":{"id":"3","prefix":"","number":"38159","fullNumber":"38159","formattedNumber":"38159"}}
2021-10-01 01:52:36 :: ----------send data payment:38367------------
2021-10-01 01:52:36 :: {"date":"2021-10-01","invoices":[{"amount":"46000","id":"38367"}],"bankAccount":2}
2021-10-01 01:52:37 :: ----------result data payment:38367------------
2021-10-01 01:52:37 :: {"id":"39905","date":"2021-10-01","number":"38160","amount":"46000.0000000000","observations":null,"anotation":null,"type":"in","paymentMethod":"","status":"open","bankAccount":{"id":"2","name":"PAYU","type":"bank"},"client":{"id":"29789","name":"Vanessa","phone":"3117644502"},"invoices":[{"id":"38367","number":"40628","date":"2021-10-01","amount":46000,"total":46000,"balance":0}],"costCenter":null,"numberTemplate":{"id":"3","prefix":"","number":"38160","fullNumber":"38160","formattedNumber":"38160"}}
2021-10-01 01:59:04 :: ----------send data payment:38368------------
2021-10-01 01:59:04 :: {"date":"2021-10-01","invoices":[{"amount":"146000","id":"38368"}],"bankAccount":2}
2021-10-01 01:59:06 :: ----------result data payment:38368------------
2021-10-01 01:59:06 :: {"id":"39906","date":"2021-10-01","number":"38161","amount":"146000.0000000000","observations":null,"anotation":null,"type":"in","paymentMethod":"","status":"open","bankAccount":{"id":"2","name":"PAYU","type":"bank"},"client":{"id":"24362","name":"Ang\u00e9lica Mu\u00f1oz Herrera","phone":"3124465415"},"invoices":[{"id":"38368","number":"40629","date":"2021-10-01","amount":146000,"total":146000,"balance":0}],"costCenter":null,"numberTemplate":{"id":"3","prefix":"","number":"38161","fullNumber":"38161","formattedNumber":"38161"}}
2021-10-01 02:03:07 :: ----------send data payment:38369------------
2021-10-01 02:03:07 :: {"date":"2021-10-01","invoices":[{"amount":"40000","id":"38369"}],"bankAccount":2}
2021-10-01 02:03:09 :: ----------result data payment:38369------------
2021-10-01 02:03:09 :: {"id":"39907","date":"2021-10-01","number":"38162","amount":"40000.0000000000","observations":null,"anotation":null,"type":"in","paymentMethod":"","status":"open","bankAccount":{"id":"2","name":"PAYU","type":"bank"},"client":{"id":"29790","name":"Mariana Williamson","phone":"3108108693"},"invoices":[{"id":"38369","number":"40630","date":"2021-10-01","amount":40000,"total":40000,"balance":0}],"costCenter":null,"numberTemplate":{"id":"3","prefix":"","number":"38162","fullNumber":"38162","formattedNumber":"38162"}}
2021-10-01 02:08:06 :: ----------send data payment:38370------------
2021-10-01 02:08:06 :: {"date":"2021-10-01","invoices":[{"amount":"80000","id":"38370"}],"bankAccount":2}
2021-10-01 02:08:08 :: ----------result data payment:38370------------
2021-10-01 02:08:08 :: {"id":"39908","date":"2021-10-01","number":"38163","amount":"80000.0000000000","observations":null,"anotation":null,"type":"in","paymentMethod":"","status":"open","bankAccount":{"id":"2","name":"PAYU","type":"bank"},"client":{"id":"29791","name":"Leidy Viviana Villamizar Angarita","phone":"3134637998"},"invoices":[{"id":"38370","number":"40631","date":"2021-10-01","amount":80000,"total":80000,"balance":0}],"costCenter":null,"numberTemplate":{"id":"3","prefix":"","number":"38163","fullNumber":"38163","formattedNumber":"38163"}}
2021-10-01 02:19:07 :: ----------send data payment:38371------------
2021-10-01 02:19:07 :: {"date":"2021-10-01","invoices":[{"amount":"70000","id":"38371"}],"bankAccount":2}
2021-10-01 02:19:09 :: ----------result data payment:38371------------
2021-10-01 02:19:09 :: {"id":"39909","date":"2021-10-01","number":"38164","amount":"70000.0000000000","observations":null,"anotation":null,"type":"in","paymentMethod":"","status":"open","bankAccount":{"id":"2","name":"PAYU","type":"bank"},"client":{"id":"29792","name":"Angelita Ortiz Martinez","phone":"3105921744"},"invoices":[{"id":"38371","number":"40632","date":"2021-10-01","amount":70000,"total":70000,"balance":0}],"costCenter":null,"numberTemplate":{"id":"3","prefix":"","number":"38164","fullNumber":"38164","formattedNumber":"38164"}}
2021-10-01 02:26:12 :: ----------send data payment:38372------------
2021-10-01 02:26:12 :: {"date":"2021-10-01","invoices":[{"amount":"140000","id":"38372"}],"bankAccount":2}
2021-10-01 02:26:14 :: ----------result data payment:38372------------
2021-10-01 02:26:14 :: {"id":"39910","date":"2021-10-01","number":"38165","amount":"140000.0000000000","observations":null,"anotation":null,"type":"in","paymentMethod":"","status":"open","bankAccount":{"id":"2","name":"PAYU","type":"bank"},"client":{"id":"29793","name":"Isabella Galeano","phone":"3226258004"},"invoices":[{"id":"38372","number":"40633","date":"2021-10-01","amount":140000,"total":140000,"balance":0}],"costCenter":null,"numberTemplate":{"id":"3","prefix":"","number":"38165","fullNumber":"38165","formattedNumber":"38165"}}
2021-10-01 03:29:11 :: ----------send data payment:38373------------
2021-10-01 03:29:11 :: {"date":"2021-10-01","invoices":[{"amount":"143999","id":"38373"}],"bankAccount":2}
2021-10-01 03:29:13 :: ----------result data payment:38373------------
2021-10-01 03:29:13 :: {"id":"39911","date":"2021-10-01","number":"38166","amount":"143999.0000000000","observations":null,"anotation":null,"type":"in","paymentMethod":"","status":"open","bankAccount":{"id":"2","name":"PAYU","type":"bank"},"client":{"id":"29794","name":"Ang\u01d0e V\u00ebl\u00e4zc\u00f6","phone":"3054778936"},"invoices":[{"id":"38373","number":"40634","date":"2021-10-01","amount":143999,"total":143999,"balance":0}],"costCenter":null,"numberTemplate":{"id":"3","prefix":"","number":"38166","fullNumber":"38166","formattedNumber":"38166"}}
2021-10-01 03:48:07 :: ----------send data payment:38374------------
2021-10-01 03:48:07 :: {"date":"2021-10-01","invoices":[{"amount":"71000","id":"38374"}],"bankAccount":2}
2021-10-01 03:48:09 :: ----------result data payment:38374------------
2021-10-01 03:48:09 :: {"id":"39912","date":"2021-10-01","number":"38167","amount":"71000.0000000000","observations":null,"anotation":null,"type":"in","paymentMethod":"","status":"open","bankAccount":{"id":"2","name":"PAYU","type":"bank"},"client":{"id":"29795","name":"Katherin Barreto","phone":"3178372475"},"invoices":[{"id":"38374","number":"40635","date":"2021-10-01","amount":71000,"total":71000,"balance":0}],"costCenter":null,"numberTemplate":{"id":"3","prefix":"","number":"38167","fullNumber":"38167","formattedNumber":"38167"}}
2021-10-01 04:01:12 :: ----------send data payment:38375------------
2021-10-01 04:01:12 :: {"date":"2021-10-01","invoices":[{"amount":"61999","id":"38375"}],"bankAccount":2}
2021-10-01 04:01:13 :: ----------result data payment:38375------------
2021-10-01 04:01:13 :: {"id":"39913","date":"2021-10-01","number":"38168","amount":"61999.0000000000","observations":null,"anotation":null,"type":"in","paymentMethod":"","status":"open","bankAccount":{"id":"2","name":"PAYU","type":"bank"},"client":{"id":"29797","name":"Maria fernanda concha","phone":"3156883072"},"invoices":[{"id":"38375","number":"40636","date":"2021-10-01","amount":61999,"total":61999,"balance":0}],"costCenter":null,"numberTemplate":{"id":"3","prefix":"","number":"38168","fullNumber":"38168","formattedNumber":"38168"}}
2021-10-01 04:20:06 :: ----------send data payment:38376------------
2021-10-01 04:20:06 :: {"date":"2021-10-01","invoices":[{"amount":"28000","id":"38376"}],"bankAccount":2}
2021-10-01 04:20:08 :: ----------result data payment:38376------------
2021-10-01 04:20:08 :: {"id":"39914","date":"2021-10-01","number":"38169","amount":"28000.0000000000","observations":null,"anotation":null,"type":"in","paymentMethod":"","status":"open","bankAccount":{"id":"2","name":"PAYU","type":"bank"},"client":{"id":"29798","name":"Lyset Vasco","phone":"3005059417"},"invoices":[{"id":"38376","number":"40637","date":"2021-10-01","amount":28000,"total":28000,"balance":0}],"costCenter":null,"numberTemplate":{"id":"3","prefix":"","number":"38169","fullNumber":"38169","formattedNumber":"38169"}}
2021-10-01 04:34:07 :: ----------send data payment:38377------------
2021-10-01 04:34:07 :: {"date":"2021-10-01","invoices":[{"amount":"120000","id":"38377"}],"bankAccount":2}
2021-10-01 04:34:09 :: ----------result data payment:38377------------
2021-10-01 04:34:09 :: {"id":"39915","date":"2021-10-01","number":"38170","amount":"120000.0000000000","observations":null,"anotation":null,"type":"in","paymentMethod":"","status":"open","bankAccount":{"id":"2","name":"PAYU","type":"bank"},"client":{"id":"6613","name":"Adriana Zamora","phone":"3105310916"},"invoices":[{"id":"38377","number":"40638","date":"2021-10-01","amount":120000,"total":120000,"balance":0}],"costCenter":null,"numberTemplate":{"id":"3","prefix":"","number":"38170","fullNumber":"38170","formattedNumber":"38170"}}
2021-10-01 04:34:12 :: ----------send data payment:38378------------
2021-10-01 04:34:12 :: {"date":"2021-10-01","invoices":[{"amount":"70000","id":"38378"}],"bankAccount":2}
2021-10-01 04:34:14 :: ----------result data payment:38378------------
2021-10-01 04:34:14 :: {"id":"39916","date":"2021-10-01","number":"38171","amount":"70000.0000000000","observations":null,"anotation":null,"type":"in","paymentMethod":"","status":"open","bankAccount":{"id":"2","name":"PAYU","type":"bank"},"client":{"id":"29799","name":"Daniela Ariza","phone":"3022052260"},"invoices":[{"id":"38378","number":"40639","date":"2021-10-01","amount":70000,"total":70000,"balance":0}],"costCenter":null,"numberTemplate":{"id":"3","prefix":"","number":"38171","fullNumber":"38171","formattedNumber":"38171"}}
2021-10-01 04:38:06 :: ----------send data payment:38379------------
2021-10-01 04:38:06 :: {"date":"2021-10-01","invoices":[{"amount":"63500","id":"38379"}],"bankAccount":2}
2021-10-01 04:38:08 :: ----------result data payment:38379------------
2021-10-01 04:38:08 :: {"id":"39917","date":"2021-10-01","number":"38172","amount":"63500.0000000000","observations":null,"anotation":null,"type":"in","paymentMethod":"","status":"open","bankAccount":{"id":"2","name":"PAYU","type":"bank"},"client":{"id":"29800","name":"Valentina Ram\u00edrez","phone":"3216802402"},"invoices":[{"id":"38379","number":"40640","date":"2021-10-01","amount":63500,"total":63500,"balance":0}],"costCenter":null,"numberTemplate":{"id":"3","prefix":"","number":"38172","fullNumber":"38172","formattedNumber":"38172"}}
2021-10-01 04:42:05 :: ----------send data payment:38380------------
2021-10-01 04:42:05 :: {"date":"2021-10-01","invoices":[{"amount":"117000","id":"38380"}],"bankAccount":2}
2021-10-01 04:42:07 :: ----------result data payment:38380------------
2021-10-01 04:42:07 :: {"id":"39918","date":"2021-10-01","number":"38173","amount":"117000.0000000000","observations":null,"anotation":null,"type":"in","paymentMethod":"","status":"open","bankAccount":{"id":"2","name":"PAYU","type":"bank"},"client":{"id":"29801","name":"Martha viviana monsalve mejia","phone":"3147517664"},"invoices":[{"id":"38380","number":"40641","date":"2021-10-01","amount":117000,"total":117000,"balance":0}],"costCenter":null,"numberTemplate":{"id":"3","prefix":"","number":"38173","fullNumber":"38173","formattedNumber":"38173"}}
2021-10-01 04:49:05 :: ----------send data payment:38381------------
2021-10-01 04:49:05 :: {"date":"2021-10-01","invoices":[{"amount":"118702","id":"38381"}],"bankAccount":2}
2021-10-01 04:49:07 :: ----------result data payment:38381------------
2021-10-01 04:49:07 :: {"id":"39919","date":"2021-10-01","number":"38174","amount":"118702.0000000000","observations":null,"anotation":null,"type":"in","paymentMethod":"","status":"open","bankAccount":{"id":"2","name":"PAYU","type":"bank"},"client":{"id":"29802","name":"Manuela Herrera","phone":"4073127"},"invoices":[{"id":"38381","number":"40642","date":"2021-10-01","amount":118702,"total":118702,"balance":0}],"costCenter":null,"numberTemplate":{"id":"3","prefix":"","number":"38174","fullNumber":"38174","formattedNumber":"38174"}}
2021-10-01 05:03:14 :: ----------send data payment:38383------------
2021-10-01 05:03:14 :: {"date":"2021-10-01","invoices":[{"amount":"43900","id":"38383"}],"bankAccount":2}
2021-10-01 05:03:16 :: ----------result data payment:38383------------
2021-10-01 05:03:16 :: {"id":"39921","date":"2021-10-01","number":"38176","amount":"43900.0000000000","observations":null,"anotation":null,"type":"in","paymentMethod":"","status":"open","bankAccount":{"id":"2","name":"PAYU","type":"bank"},"client":{"id":"29804","name":"Yuli ortiz","phone":"35088165"},"invoices":[{"id":"38383","number":"40644","date":"2021-10-01","amount":43900,"total":43900,"balance":0}],"costCenter":null,"numberTemplate":{"id":"3","prefix":"","number":"38176","fullNumber":"38176","formattedNumber":"38176"}}
2021-10-01 05:14:08 :: ----------send data payment:38384------------
2021-10-01 05:14:08 :: {"date":"2021-10-01","invoices":[{"amount":"135001","id":"38384"}],"bankAccount":2}
2021-10-01 05:14:10 :: ----------result data payment:38384------------
2021-10-01 05:14:10 :: {"id":"39922","date":"2021-10-01","number":"38177","amount":"135001.0000000000","observations":null,"anotation":null,"type":"in","paymentMethod":"","status":"open","bankAccount":{"id":"2","name":"PAYU","type":"bank"},"client":{"id":"29805","name":"Danna Fernanda Mart\u00ednez Arismendy","phone":"3215075784"},"invoices":[{"id":"38384","number":"40645","date":"2021-10-01","amount":135001,"total":135001,"balance":0}],"costCenter":null,"numberTemplate":{"id":"3","prefix":"","number":"38177","fullNumber":"38177","formattedNumber":"38177"}}
2021-10-01 05:15:03 :: ----------send data payment:38385------------
2021-10-01 05:15:03 :: {"date":"2021-10-01","invoices":[{"amount":"85000","id":"38385"}],"bankAccount":2}
2021-10-01 05:15:06 :: ----------result data payment:38385------------
2021-10-01 05:15:06 :: {"id":"39923","date":"2021-10-01","number":"38178","amount":"85000.0000000000","observations":null,"anotation":null,"type":"in","paymentMethod":"","status":"open","bankAccount":{"id":"2","name":"PAYU","type":"bank"},"client":{"id":"4707","name":"Valentina Cabrera","phone":"3217793302"},"invoices":[{"id":"38385","number":"40646","date":"2021-10-01","amount":85000,"total":85000,"balance":0}],"costCenter":null,"numberTemplate":{"id":"3","prefix":"","number":"38178","fullNumber":"38178","formattedNumber":"38178"}}
2021-10-01 05:16:13 :: ----------send data payment:38386------------
2021-10-01 05:16:13 :: {"date":"2021-10-01","invoices":[{"amount":"85402","id":"38386"}],"bankAccount":2}
2021-10-01 05:16:14 :: ----------result data payment:38386------------
2021-10-01 05:16:14 :: {"id":"39924","date":"2021-10-01","number":"38179","amount":"85402.0000000000","observations":null,"anotation":null,"type":"in","paymentMethod":"","status":"open","bankAccount":{"id":"2","name":"PAYU","type":"bank"},"client":{"id":"29806","name":"Lina Angulo","phone":"3158895344"},"invoices":[{"id":"38386","number":"40647","date":"2021-10-01","amount":85402,"total":85402,"balance":0}],"costCenter":null,"numberTemplate":{"id":"3","prefix":"","number":"38179","fullNumber":"38179","formattedNumber":"38179"}}
2021-10-01 05:16:18 :: ----------send data payment:38387------------
2021-10-01 05:16:18 :: {"date":"2021-10-01","invoices":[{"amount":"120000","id":"38387"}],"bankAccount":2}
2021-10-01 05:16:20 :: ----------result data payment:38387------------
2021-10-01 05:16:20 :: {"id":"39925","date":"2021-10-01","number":"38180","amount":"120000.0000000000","observations":null,"anotation":null,"type":"in","paymentMethod":"","status":"open","bankAccount":{"id":"2","name":"PAYU","type":"bank"},"client":{"id":"29807","name":"Isabel Boisson","phone":"3175167980"},"invoices":[{"id":"38387","number":"40648","date":"2021-10-01","amount":120000,"total":120000,"balance":0}],"costCenter":null,"numberTemplate":{"id":"3","prefix":"","number":"38180","fullNumber":"38180","formattedNumber":"38180"}}
2021-10-01 05:26:15 :: ----------send data payment:38388------------
2021-10-01 05:26:15 :: {"date":"2021-10-01","invoices":[{"amount":"89054","id":"38388"}],"bankAccount":2}
2021-10-01 05:26:17 :: ----------result data payment:38388------------
2021-10-01 05:26:17 :: {"id":"39926","date":"2021-10-01","number":"38181","amount":"89054.0000000000","observations":null,"anotation":null,"type":"in","paymentMethod":"","status":"open","bankAccount":{"id":"2","name":"PAYU","type":"bank"},"client":{"id":"1108","name":"Valentina","phone":"3503605980"},"invoices":[{"id":"38388","number":"40649","date":"2021-10-01","amount":89054,"total":89054,"balance":0}],"costCenter":null,"numberTemplate":{"id":"3","prefix":"","number":"38181","fullNumber":"38181","formattedNumber":"38181"}}
2021-10-01 05:27:07 :: ----------send data payment:38389------------
2021-10-01 05:27:07 :: {"date":"2021-10-01","invoices":[{"amount":"170000","id":"38389"}],"bankAccount":2}
2021-10-01 05:27:09 :: ----------result data payment:38389------------
2021-10-01 05:27:09 :: {"id":"39927","date":"2021-10-01","number":"38182","amount":"170000.0000000000","observations":null,"anotation":null,"type":"in","paymentMethod":"","status":"open","bankAccount":{"id":"2","name":"PAYU","type":"bank"},"client":{"id":"29808","name":"paola bejarano cuenta laboral","phone":"3005551169"},"invoices":[{"id":"38389","number":"40650","date":"2021-10-01","amount":170000,"total":170000,"balance":0}],"costCenter":null,"numberTemplate":{"id":"3","prefix":"","number":"38182","fullNumber":"38182","formattedNumber":"38182"}}
2021-10-01 05:31:10 :: ----------send data payment:38390------------
2021-10-01 05:31:10 :: {"date":"2021-10-01","invoices":[{"amount":"155451","id":"38390"}],"bankAccount":2}
2021-10-01 05:31:11 :: ----------result data payment:38390------------
2021-10-01 05:31:11 :: {"id":"39928","date":"2021-10-01","number":"38183","amount":"155451.0000000000","observations":null,"anotation":null,"type":"in","paymentMethod":"","status":"open","bankAccount":{"id":"2","name":"PAYU","type":"bank"},"client":{"id":"18331","name":"kelly.lopez2001","phone":"3143125525"},"invoices":[{"id":"38390","number":"40651","date":"2021-10-01","amount":155451,"total":155451,"balance":0}],"costCenter":null,"numberTemplate":{"id":"3","prefix":"","number":"38183","fullNumber":"38183","formattedNumber":"38183"}}
2021-10-01 05:31:16 :: ----------send data payment:38391------------
2021-10-01 05:31:16 :: {"date":"2021-10-01","invoices":[{"amount":"63101","id":"38391"}],"bankAccount":2}
2021-10-01 05:31:18 :: ----------result data payment:38391------------
2021-10-01 05:31:18 :: {"id":"39929","date":"2021-10-01","number":"38184","amount":"63101.0000000000","observations":null,"anotation":null,"type":"in","paymentMethod":"","status":"open","bankAccount":{"id":"2","name":"PAYU","type":"bank"},"client":{"id":"29809","name":"loreanne marcano","phone":"3166590764"},"invoices":[{"id":"38391","number":"40652","date":"2021-10-01","amount":63101,"total":63101,"balance":0}],"costCenter":null,"numberTemplate":{"id":"3","prefix":"","number":"38184","fullNumber":"38184","formattedNumber":"38184"}}
2021-10-01 05:39:06 :: ----------send data payment:38392------------
2021-10-01 05:39:06 :: {"date":"2021-10-01","invoices":[{"amount":"112301","id":"38392"}],"bankAccount":2}
2021-10-01 05:39:09 :: ----------result data payment:38392------------
2021-10-01 05:39:09 :: {"id":"39930","date":"2021-10-01","number":"38185","amount":"112301.0000000000","observations":null,"anotation":null,"type":"in","paymentMethod":"","status":"open","bankAccount":{"id":"2","name":"PAYU","type":"bank"},"client":{"id":"13565","name":"Linda","phone":"305 7468070"},"invoices":[{"id":"38392","number":"40653","date":"2021-10-01","amount":112301,"total":112301,"balance":0}],"costCenter":null,"numberTemplate":{"id":"3","prefix":"","number":"38185","fullNumber":"38185","formattedNumber":"38185"}}
2021-10-01 05:40:06 :: ----------send data payment:38393------------
2021-10-01 05:40:06 :: {"date":"2021-10-01","invoices":[{"amount":"118301","id":"38393"}],"bankAccount":2}
2021-10-01 05:40:08 :: ----------result data payment:38393------------
2021-10-01 05:40:08 :: {"id":"39931","date":"2021-10-01","number":"38186","amount":"118301.0000000000","observations":null,"anotation":null,"type":"in","paymentMethod":"","status":"open","bankAccount":{"id":"2","name":"PAYU","type":"bank"},"client":{"id":"5603","name":"SANDRA ORTIZ","phone":"3015602383"},"invoices":[{"id":"38393","number":"40654","date":"2021-10-01","amount":118301,"total":118301,"balance":0}],"costCenter":null,"numberTemplate":{"id":"3","prefix":"","number":"38186","fullNumber":"38186","formattedNumber":"38186"}}
2021-10-01 05:50:05 :: ----------send data payment:38394------------
2021-10-01 05:50:05 :: {"date":"2021-10-01","invoices":[{"amount":"31301","id":"38394"}],"bankAccount":2}
2021-10-01 05:50:06 :: ----------result data payment:38394------------
2021-10-01 05:50:06 :: {"id":"39932","date":"2021-10-01","number":"38187","amount":"31301.0000000000","observations":null,"anotation":null,"type":"in","paymentMethod":"","status":"open","bankAccount":{"id":"2","name":"PAYU","type":"bank"},"client":{"id":"29810","name":"Stefannia Clavijo","phone":"3209623717"},"invoices":[{"id":"38394","number":"40655","date":"2021-10-01","amount":31301,"total":31301,"balance":0}],"costCenter":null,"numberTemplate":{"id":"3","prefix":"","number":"38187","fullNumber":"38187","formattedNumber":"38187"}}
2021-10-01 05:55:18 :: ----------send data payment:38395------------
2021-10-01 05:55:18 :: {"date":"2021-10-01","invoices":[{"amount":"87503","id":"38395"}],"bankAccount":2}
2021-10-01 05:55:20 :: ----------result data payment:38395------------
2021-10-01 05:55:20 :: {"id":"39933","date":"2021-10-01","number":"38188","amount":"87503.0000000000","observations":null,"anotation":null,"type":"in","paymentMethod":"","status":"open","bankAccount":{"id":"2","name":"PAYU","type":"bank"},"client":{"id":"27466","name":"GINA MILENA HERRERA FARFAN","phone":"3005728481"},"invoices":[{"id":"38395","number":"40656","date":"2021-10-01","amount":87503,"total":87503,"balance":0}],"costCenter":null,"numberTemplate":{"id":"3","prefix":"","number":"38188","fullNumber":"38188","formattedNumber":"38188"}}
2021-10-01 06:02:08 :: ----------send data payment:38396------------
2021-10-01 06:02:08 :: {"date":"2021-10-01","invoices":[{"amount":"105051","id":"38396"}],"bankAccount":2}
2021-10-01 06:02:12 :: ----------result data payment:38396------------
2021-10-01 06:02:12 :: {"id":"39934","date":"2021-10-01","number":"38189","amount":"105051.0000000000","observations":null,"anotation":null,"type":"in","paymentMethod":"","status":"open","bankAccount":{"id":"2","name":"PAYU","type":"bank"},"client":{"id":"29811","name":"Jessica Tavera","phone":"3172194522"},"invoices":[{"id":"38396","number":"40657","date":"2021-10-01","amount":105051,"total":105051,"balance":0}],"costCenter":null,"numberTemplate":{"id":"3","prefix":"","number":"38189","fullNumber":"38189","formattedNumber":"38189"}}
2021-10-01 06:02:16 :: ----------send data payment:38397------------
2021-10-01 06:02:16 :: {"date":"2021-10-01","invoices":[{"amount":"64001","id":"38397"}],"bankAccount":2}
2021-10-01 06:02:17 :: ----------result data payment:38397------------
2021-10-01 06:02:17 :: {"id":"39935","date":"2021-10-01","number":"38190","amount":"64001.0000000000","observations":null,"anotation":null,"type":"in","paymentMethod":"","status":"open","bankAccount":{"id":"2","name":"PAYU","type":"bank"},"client":{"id":"29812","name":"Deissy Herrera","phone":"3219320976"},"invoices":[{"id":"38397","number":"40658","date":"2021-10-01","amount":64001,"total":64001,"balance":0}],"costCenter":null,"numberTemplate":{"id":"3","prefix":"","number":"38190","fullNumber":"38190","formattedNumber":"38190"}}
2021-10-01 06:29:07 :: ----------send data payment:38398------------
2021-10-01 06:29:07 :: {"date":"2021-10-01","invoices":[{"amount":"63001","id":"38398"}],"bankAccount":2}
2021-10-01 06:29:08 :: ----------result data payment:38398------------
2021-10-01 06:29:08 :: {"id":"39936","date":"2021-10-01","number":"38191","amount":"63001.0000000000","observations":null,"anotation":null,"type":"in","paymentMethod":"","status":"open","bankAccount":{"id":"2","name":"PAYU","type":"bank"},"client":{"id":"29813","name":"Stephanie Mora","phone":"3235877125"},"invoices":[{"id":"38398","number":"40659","date":"2021-10-01","amount":63001,"total":63001,"balance":0}],"costCenter":null,"numberTemplate":{"id":"3","prefix":"","number":"38191","fullNumber":"38191","formattedNumber":"38191"}}
2021-10-01 06:37:07 :: ----------send data payment:38399------------
2021-10-01 06:37:07 :: {"date":"2021-10-01","invoices":[{"amount":"63202","id":"38399"}],"bankAccount":2}
2021-10-01 06:37:09 :: ----------result data payment:38399------------
2021-10-01 06:37:09 :: {"id":"39937","date":"2021-10-01","number":"38192","amount":"63202.0000000000","observations":null,"anotation":null,"type":"in","paymentMethod":"","status":"open","bankAccount":{"id":"2","name":"PAYU","type":"bank"},"client":{"id":"20557","name":"Ana Maria Rodriguez","phone":"3103425706"},"invoices":[{"id":"38399","number":"40660","date":"2021-10-01","amount":63202,"total":63202,"balance":0}],"costCenter":null,"numberTemplate":{"id":"3","prefix":"","number":"38192","fullNumber":"38192","formattedNumber":"38192"}}
2021-10-01 06:38:06 :: ----------send data payment:38400------------
2021-10-01 06:38:06 :: {"date":"2021-10-01","invoices":[{"amount":"73000","id":"38400"}],"bankAccount":2}
2021-10-01 06:38:08 :: ----------result data payment:38400------------
2021-10-01 06:38:08 :: {"id":"39938","date":"2021-10-01","number":"38193","amount":"73000.0000000000","observations":null,"anotation":null,"type":"in","paymentMethod":"","status":"open","bankAccount":{"id":"2","name":"PAYU","type":"bank"},"client":{"id":"29814","name":"William Ortiz","phone":"3114548164"},"invoices":[{"id":"38400","number":"40661","date":"2021-10-01","amount":73000,"total":73000,"balance":0}],"costCenter":null,"numberTemplate":{"id":"3","prefix":"","number":"38193","fullNumber":"38193","formattedNumber":"38193"}}
2021-10-01 06:47:06 :: ----------send data payment:38401------------
2021-10-01 06:47:06 :: {"date":"2021-10-01","invoices":[{"amount":"136700","id":"38401"}],"bankAccount":2}
2021-10-01 06:47:08 :: ----------result data payment:38401------------
2021-10-01 06:47:08 :: {"id":"39939","date":"2021-10-01","number":"38194","amount":"136700.0000000000","observations":null,"anotation":null,"type":"in","paymentMethod":"","status":"open","bankAccount":{"id":"2","name":"PAYU","type":"bank"},"client":{"id":"29815","name":"DEISY CIFUENTES","phone":"3132719774"},"invoices":[{"id":"38401","number":"40662","date":"2021-10-01","amount":136700,"total":136700,"balance":0}],"costCenter":null,"numberTemplate":{"id":"3","prefix":"","number":"38194","fullNumber":"38194","formattedNumber":"38194"}}
2021-10-01 06:58:06 :: ----------send data payment:38402------------
2021-10-01 06:58:06 :: {"date":"2021-10-01","invoices":[{"amount":"67650","id":"38402"}],"bankAccount":2}
2021-10-01 06:58:08 :: ----------result data payment:38402------------
2021-10-01 06:58:08 :: {"id":"39940","date":"2021-10-01","number":"38195","amount":"67650.0000000000","observations":null,"anotation":null,"type":"in","paymentMethod":"","status":"open","bankAccount":{"id":"2","name":"PAYU","type":"bank"},"client":{"id":"29816","name":"Yuly leon","phone":"3115837084"},"invoices":[{"id":"38402","number":"40663","date":"2021-10-01","amount":67650,"total":67650,"balance":0}],"costCenter":null,"numberTemplate":{"id":"3","prefix":"","number":"38195","fullNumber":"38195","formattedNumber":"38195"}}
2021-10-01 07:00:05 :: ----------send data payment:38403------------
2021-10-01 07:00:05 :: {"date":"2021-10-01","invoices":[{"amount":"90000","id":"38403"}],"bankAccount":2}
2021-10-01 07:00:07 :: ----------result data payment:38403------------
2021-10-01 07:00:07 :: {"id":"39941","date":"2021-10-01","number":"38196","amount":"90000.0000000000","observations":null,"anotation":null,"type":"in","paymentMethod":"","status":"open","bankAccount":{"id":"2","name":"PAYU","type":"bank"},"client":{"id":"29817","name":"maria fernanda meza sanchez","phone":"3102004759"},"invoices":[{"id":"38403","number":"40664","date":"2021-10-01","amount":90000,"total":90000,"balance":0}],"costCenter":null,"numberTemplate":{"id":"3","prefix":"","number":"38196","fullNumber":"38196","formattedNumber":"38196"}}
2021-10-01 07:03:05 :: ----------send data payment:38404------------
2021-10-01 07:03:05 :: {"date":"2021-10-01","invoices":[{"amount":"103400","id":"38404"}],"bankAccount":2}
2021-10-01 07:03:06 :: ----------result data payment:38404------------
2021-10-01 07:03:06 :: {"id":"39942","date":"2021-10-01","number":"38197","amount":"103400.0000000000","observations":null,"anotation":null,"type":"in","paymentMethod":"","status":"open","bankAccount":{"id":"2","name":"PAYU","type":"bank"},"client":{"id":"14017","name":"Laura perdomo","phone":"3204916461"},"invoices":[{"id":"38404","number":"40665","date":"2021-10-01","amount":103400,"total":103400,"balance":0}],"costCenter":null,"numberTemplate":{"id":"3","prefix":"","number":"38197","fullNumber":"38197","formattedNumber":"38197"}}
2021-10-01 07:17:05 :: ----------send data payment:38405------------
2021-10-01 07:17:05 :: {"date":"2021-10-01","invoices":[{"amount":"83599","id":"38405"}],"bankAccount":2}
2021-10-01 07:17:06 :: ----------result data payment:38405------------
2021-10-01 07:17:06 :: {"id":"39943","date":"2021-10-01","number":"38198","amount":"83599.0000000000","observations":null,"anotation":null,"type":"in","paymentMethod":"","status":"open","bankAccount":{"id":"2","name":"PAYU","type":"bank"},"client":{"id":"29818","name":"guzmanariasa","phone":"3045597309"},"invoices":[{"id":"38405","number":"40666","date":"2021-10-01","amount":83599,"total":83599,"balance":0}],"costCenter":null,"numberTemplate":{"id":"3","prefix":"","number":"38198","fullNumber":"38198","formattedNumber":"38198"}}
2021-10-01 07:19:03 :: ----------send data payment:38406------------
2021-10-01 07:19:03 :: {"date":"2021-10-01","invoices":[{"amount":"100251","id":"38406"}],"bankAccount":2}
2021-10-01 07:19:05 :: ----------result data payment:38406------------
2021-10-01 07:19:05 :: {"id":"39944","date":"2021-10-01","number":"38199","amount":"100251.0000000000","observations":null,"anotation":null,"type":"in","paymentMethod":"","status":"open","bankAccount":{"id":"2","name":"PAYU","type":"bank"},"client":{"id":"28690","name":"Johana Rios","phone":"3115517721"},"invoices":[{"id":"38406","number":"40667","date":"2021-10-01","amount":100251,"total":100251,"balance":0}],"costCenter":null,"numberTemplate":{"id":"3","prefix":"","number":"38199","fullNumber":"38199","formattedNumber":"38199"}}
2021-10-01 07:25:10 :: ----------send data payment:38407------------
2021-10-01 07:25:10 :: {"date":"2021-10-01","invoices":[{"amount":"84849","id":"38407"}],"bankAccount":2}
2021-10-01 07:25:12 :: ----------result data payment:38407------------
2021-10-01 07:25:12 :: {"id":"39945","date":"2021-10-01","number":"38200","amount":"84849.0000000000","observations":null,"anotation":null,"type":"in","paymentMethod":"","status":"open","bankAccount":{"id":"2","name":"PAYU","type":"bank"},"client":{"id":"29819","name":"Laura Vargas","phone":"3204611519"},"invoices":[{"id":"38407","number":"40668","date":"2021-10-01","amount":84849,"total":84849,"balance":0}],"costCenter":null,"numberTemplate":{"id":"3","prefix":"","number":"38200","fullNumber":"38200","formattedNumber":"38200"}}
2021-10-01 07:31:12 :: ----------send data payment:38408------------
2021-10-01 07:31:12 :: {"date":"2021-10-01","invoices":[{"amount":"110300","id":"38408"}],"bankAccount":2}
2021-10-01 07:31:14 :: ----------result data payment:38408------------
2021-10-01 07:31:14 :: {"id":"39946","date":"2021-10-01","number":"38201","amount":"110300.0000000000","observations":null,"anotation":null,"type":"in","paymentMethod":"","status":"open","bankAccount":{"id":"2","name":"PAYU","type":"bank"},"client":{"id":"19040","name":"LEIDY VARGAS","phone":"3103308045"},"invoices":[{"id":"38408","number":"40669","date":"2021-10-01","amount":110300,"total":110300,"balance":0}],"costCenter":null,"numberTemplate":{"id":"3","prefix":"","number":"38201","fullNumber":"38201","formattedNumber":"38201"}}
2021-10-01 07:33:03 :: ----------send data payment:38409------------
2021-10-01 07:33:03 :: {"date":"2021-10-01","invoices":[{"amount":"83000","id":"38409"}],"bankAccount":2}
2021-10-01 07:33:04 :: ----------result data payment:38409------------
2021-10-01 07:33:04 :: {"id":"39947","date":"2021-10-01","number":"38202","amount":"83000.0000000000","observations":null,"anotation":null,"type":"in","paymentMethod":"","status":"open","bankAccount":{"id":"2","name":"PAYU","type":"bank"},"client":{"id":"22021","name":"Juliana Chacon Viteri","phone":"3165385830"},"invoices":[{"id":"38409","number":"40670","date":"2021-10-01","amount":83000,"total":83000,"balance":0}],"costCenter":null,"numberTemplate":{"id":"3","prefix":"","number":"38202","fullNumber":"38202","formattedNumber":"38202"}}
2021-10-01 07:38:05 :: ----------send data payment:38410------------
2021-10-01 07:38:05 :: {"date":"2021-10-01","invoices":[{"amount":"70000","id":"38410"}],"bankAccount":2}
2021-10-01 07:38:06 :: ----------result data payment:38410------------
2021-10-01 07:38:06 :: {"id":"39948","date":"2021-10-01","number":"38203","amount":"70000.0000000000","observations":null,"anotation":null,"type":"in","paymentMethod":"","status":"open","bankAccount":{"id":"2","name":"PAYU","type":"bank"},"client":{"id":"29820","name":"Gabriela Contreras Mu\u00f1oz","phone":"3127459810"},"invoices":[{"id":"38410","number":"40671","date":"2021-10-01","amount":70000,"total":70000,"balance":0}],"costCenter":null,"numberTemplate":{"id":"3","prefix":"","number":"38203","fullNumber":"38203","formattedNumber":"38203"}}
2021-10-01 07:43:07 :: ----------send data payment:38411------------
2021-10-01 07:43:07 :: {"date":"2021-10-01","invoices":[{"amount":"222102","id":"38411"}],"bankAccount":2}
2021-10-01 07:43:09 :: ----------result data payment:38411------------
2021-10-01 07:43:09 :: {"id":"39949","date":"2021-10-01","number":"38204","amount":"222102.0000000000","observations":null,"anotation":null,"type":"in","paymentMethod":"","status":"open","bankAccount":{"id":"2","name":"PAYU","type":"bank"},"client":{"id":"29821","name":"Francine Pineda","phone":"3226143006"},"invoices":[{"id":"38411","number":"40672","date":"2021-10-01","amount":222102,"total":222102,"balance":0}],"costCenter":null,"numberTemplate":{"id":"3","prefix":"","number":"38204","fullNumber":"38204","formattedNumber":"38204"}}
2021-10-01 07:43:17 :: ----------send data payment:38412------------
2021-10-01 07:43:17 :: {"date":"2021-10-01","invoices":[{"amount":"222102","id":"38412"}],"bankAccount":2}
2021-10-01 07:43:19 :: ----------result data payment:38412------------
2021-10-01 07:43:19 :: {"id":"39950","date":"2021-10-01","number":"38205","amount":"222102.0000000000","observations":null,"anotation":null,"type":"in","paymentMethod":"","status":"open","bankAccount":{"id":"2","name":"PAYU","type":"bank"},"client":{"id":"29821","name":"Francine Pineda","phone":"3226143006"},"invoices":[{"id":"38412","number":"40673","date":"2021-10-01","amount":222102,"total":222102,"balance":0}],"costCenter":null,"numberTemplate":{"id":"3","prefix":"","number":"38205","fullNumber":"38205","formattedNumber":"38205"}}
2021-10-01 07:45:05 :: ----------send data payment:38413------------
2021-10-01 07:45:05 :: {"date":"2021-10-01","invoices":[{"amount":"100000","id":"38413"}],"bankAccount":2}
2021-10-01 07:45:06 :: ----------result data payment:38413------------
2021-10-01 07:45:06 :: {"id":"39951","date":"2021-10-01","number":"38206","amount":"100000.0000000000","observations":null,"anotation":null,"type":"in","paymentMethod":"","status":"open","bankAccount":{"id":"2","name":"PAYU","type":"bank"},"client":{"id":"29822","name":"Meli Moreno","phone":"3023763477"},"invoices":[{"id":"38413","number":"40674","date":"2021-10-01","amount":100000,"total":100000,"balance":0}],"costCenter":null,"numberTemplate":{"id":"3","prefix":"","number":"38206","fullNumber":"38206","formattedNumber":"38206"}}
2021-10-01 08:14:05 :: ----------send data payment:38414------------
2021-10-01 08:14:05 :: {"date":"2021-10-01","invoices":[{"amount":"68802","id":"38414"}],"bankAccount":2}
2021-10-01 08:14:06 :: ----------result data payment:38414------------
2021-10-01 08:14:06 :: {"id":"39952","date":"2021-10-01","number":"38207","amount":"68802.0000000000","observations":null,"anotation":null,"type":"in","paymentMethod":"","status":"open","bankAccount":{"id":"2","name":"PAYU","type":"bank"},"client":{"id":"29823","name":"Maria Fernanda Garcia Matallana","phone":"3175751772"},"invoices":[{"id":"38414","number":"40675","date":"2021-10-01","amount":68802,"total":68802,"balance":0}],"costCenter":null,"numberTemplate":{"id":"3","prefix":"","number":"38207","fullNumber":"38207","formattedNumber":"38207"}}
2021-10-01 08:17:05 :: ----------send data payment:38415------------
2021-10-01 08:17:05 :: {"date":"2021-10-01","invoices":[{"amount":"35000","id":"38415"}],"bankAccount":2}
2021-10-01 08:17:07 :: ----------result data payment:38415------------
2021-10-01 08:17:07 :: {"id":"39953","date":"2021-10-01","number":"38208","amount":"35000.0000000000","observations":null,"anotation":null,"type":"in","paymentMethod":"","status":"open","bankAccount":{"id":"2","name":"PAYU","type":"bank"},"client":{"id":"29824","name":"Johanna Mosos","phone":"3144547146"},"invoices":[{"id":"38415","number":"40676","date":"2021-10-01","amount":35000,"total":35000,"balance":0}],"costCenter":null,"numberTemplate":{"id":"3","prefix":"","number":"38208","fullNumber":"38208","formattedNumber":"38208"}}
2021-10-01 08:30:07 :: ----------send data payment:38416------------
2021-10-01 08:30:07 :: {"date":"2021-10-01","invoices":[{"amount":"49999","id":"38416"}],"bankAccount":2}
2021-10-01 08:30:09 :: ----------result data payment:38416------------
2021-10-01 08:30:09 :: {"id":"39954","date":"2021-10-01","number":"38209","amount":"49999.0000000000","observations":null,"anotation":null,"type":"in","paymentMethod":"","status":"open","bankAccount":{"id":"2","name":"PAYU","type":"bank"},"client":{"id":"29825","name":"Luz Adriana Ramirez Marin","phone":"3205859259"},"invoices":[{"id":"38416","number":"40677","date":"2021-10-01","amount":49999,"total":49999,"balance":0}],"costCenter":null,"numberTemplate":{"id":"3","prefix":"","number":"38209","fullNumber":"38209","formattedNumber":"38209"}}
2021-10-01 08:33:10 :: ----------send data payment:38417------------
2021-10-01 08:33:10 :: {"date":"2021-10-01","invoices":[{"amount":"28000","id":"38417"}],"bankAccount":2}
2021-10-01 08:33:11 :: ----------result data payment:38417------------
2021-10-01 08:33:11 :: {"id":"39955","date":"2021-10-01","number":"38210","amount":"28000.0000000000","observations":null,"anotation":null,"type":"in","paymentMethod":"","status":"open","bankAccount":{"id":"2","name":"PAYU","type":"bank"},"client":{"id":"29826","name":"Estefania Rodriguez","phone":"3106004717"},"invoices":[{"id":"38417","number":"40678","date":"2021-10-01","amount":28000,"total":28000,"balance":0}],"costCenter":null,"numberTemplate":{"id":"3","prefix":"","number":"38210","fullNumber":"38210","formattedNumber":"38210"}}
2021-10-01 08:46:15 :: ----------send data payment:38418------------
2021-10-01 08:46:15 :: {"date":"2021-10-01","invoices":[{"amount":"99999","id":"38418"}],"bankAccount":2}
2021-10-01 08:46:17 :: ----------result data payment:38418------------
2021-10-01 08:46:17 :: {"id":"39956","date":"2021-10-01","number":"38211","amount":"99999.0000000000","observations":null,"anotation":null,"type":"in","paymentMethod":"","status":"open","bankAccount":{"id":"2","name":"PAYU","type":"bank"},"client":{"id":"29827","name":"Maria Victoria Franco Gutierrez","phone":"3147958401"},"invoices":[{"id":"38418","number":"40679","date":"2021-10-01","amount":99999,"total":99999,"balance":0}],"costCenter":null,"numberTemplate":{"id":"3","prefix":"","number":"38211","fullNumber":"38211","formattedNumber":"38211"}}
2021-10-01 08:55:12 :: ----------send data payment:38419------------
2021-10-01 08:55:12 :: {"date":"2021-10-01","invoices":[{"amount":"70000","id":"38419"}],"bankAccount":2}
2021-10-01 08:55:14 :: ----------result data payment:38419------------
2021-10-01 08:55:14 :: {"id":"39957","date":"2021-10-01","number":"38212","amount":"70000.0000000000","observations":null,"anotation":null,"type":"in","paymentMethod":"","status":"open","bankAccount":{"id":"2","name":"PAYU","type":"bank"},"client":{"id":"29828","name":"JENNY KATERINNE PUENTES","phone":"3212893824"},"invoices":[{"id":"38419","number":"40680","date":"2021-10-01","amount":70000,"total":70000,"balance":0}],"costCenter":null,"numberTemplate":{"id":"3","prefix":"","number":"38212","fullNumber":"38212","formattedNumber":"38212"}}
2021-10-01 09:03:05 :: ----------send data payment:38420------------
2021-10-01 09:03:05 :: {"date":"2021-10-01","invoices":[{"amount":"73501","id":"38420"}],"bankAccount":2}
2021-10-01 09:03:07 :: ----------result data payment:38420------------
2021-10-01 09:03:07 :: {"id":"39958","date":"2021-10-01","number":"38213","amount":"73501.0000000000","observations":null,"anotation":null,"type":"in","paymentMethod":"","status":"open","bankAccount":{"id":"2","name":"PAYU","type":"bank"},"client":{"id":"29829","name":"andreaguerrerogomez69","phone":"3152036868"},"invoices":[{"id":"38420","number":"40681","date":"2021-10-01","amount":73501,"total":73501,"balance":0}],"costCenter":null,"numberTemplate":{"id":"3","prefix":"","number":"38213","fullNumber":"38213","formattedNumber":"38213"}}
2021-10-01 09:29:09 :: ----------send data payment:38421------------
2021-10-01 09:29:09 :: {"date":"2021-10-01","invoices":[{"amount":"55351","id":"38421"}],"bankAccount":2}
2021-10-01 09:29:10 :: ----------result data payment:38421------------
2021-10-01 09:29:10 :: {"id":"39959","date":"2021-10-01","number":"38214","amount":"55351.0000000000","observations":null,"anotation":null,"type":"in","paymentMethod":"","status":"open","bankAccount":{"id":"2","name":"PAYU","type":"bank"},"client":{"id":"29830","name":"Valentina Agudelo","phone":"3122256007"},"invoices":[{"id":"38421","number":"40682","date":"2021-10-01","amount":55351,"total":55351,"balance":0}],"costCenter":null,"numberTemplate":{"id":"3","prefix":"","number":"38214","fullNumber":"38214","formattedNumber":"38214"}}
2021-10-01 09:29:12 :: ----------send data payment:38422------------
2021-10-01 09:29:12 :: {"date":"2021-10-01","invoices":[{"amount":"56498","id":"38422"}],"bankAccount":2}
2021-10-01 09:29:13 :: ----------result data payment:38422------------
2021-10-01 09:29:13 :: {"id":"39960","date":"2021-10-01","number":"38215","amount":"56498.0000000000","observations":null,"anotation":null,"type":"in","paymentMethod":"","status":"open","bankAccount":{"id":"2","name":"PAYU","type":"bank"},"client":{"id":"16310","name":"Erika Guerrero","phone":"3115035927"},"invoices":[{"id":"38422","number":"40683","date":"2021-10-01","amount":56498,"total":56498,"balance":0}],"costCenter":null,"numberTemplate":{"id":"3","prefix":"","number":"38215","fullNumber":"38215","formattedNumber":"38215"}}
2021-10-01 09:36:09 :: ----------send data payment:38423------------
2021-10-01 09:36:09 :: {"date":"2021-10-01","invoices":[{"amount":"140551","id":"38423"}],"bankAccount":2}
2021-10-01 09:36:10 :: ----------result data payment:38423------------
2021-10-01 09:36:10 :: {"id":"39961","date":"2021-10-01","number":"38216","amount":"140551.0000000000","observations":null,"anotation":null,"type":"in","paymentMethod":"","status":"open","bankAccount":{"id":"2","name":"PAYU","type":"bank"},"client":{"id":"16483","name":"Tatiana Maya","phone":"3157039002"},"invoices":[{"id":"38423","number":"40684","date":"2021-10-01","amount":140551,"total":140551,"balance":0}],"costCenter":null,"numberTemplate":{"id":"3","prefix":"","number":"38216","fullNumber":"38216","formattedNumber":"38216"}}
2021-10-01 09:38:04 :: ----------send data payment:38424------------
2021-10-01 09:38:04 :: {"date":"2021-10-01","invoices":[{"amount":"141303","id":"38424"}],"bankAccount":2}
2021-10-01 09:38:06 :: ----------result data payment:38424------------
2021-10-01 09:38:06 :: {"id":"39962","date":"2021-10-01","number":"38217","amount":"141303.0000000000","observations":null,"anotation":null,"type":"in","paymentMethod":"","status":"open","bankAccount":{"id":"2","name":"PAYU","type":"bank"},"client":{"id":"23532","name":"ARIANA ROJAS","phone":"3154989272"},"invoices":[{"id":"38424","number":"40685","date":"2021-10-01","amount":141303,"total":141303,"balance":0}],"costCenter":null,"numberTemplate":{"id":"3","prefix":"","number":"38217","fullNumber":"38217","formattedNumber":"38217"}}
2021-10-01 09:44:05 :: ----------send data payment:38425------------
2021-10-01 09:44:05 :: {"date":"2021-10-01","invoices":[{"amount":"101152","id":"38425"}],"bankAccount":2}
2021-10-01 09:44:06 :: ----------result data payment:38425------------
2021-10-01 09:44:06 :: {"id":"39963","date":"2021-10-01","number":"38218","amount":"101152.0000000000","observations":null,"anotation":null,"type":"in","paymentMethod":"","status":"open","bankAccount":{"id":"2","name":"PAYU","type":"bank"},"client":{"id":"29831","name":"anita_81896","phone":"3174311580"},"invoices":[{"id":"38425","number":"40686","date":"2021-10-01","amount":101152,"total":101152,"balance":0}],"costCenter":null,"numberTemplate":{"id":"3","prefix":"","number":"38218","fullNumber":"38218","formattedNumber":"38218"}}
2021-10-01 09:57:03 :: ----------send data payment:38426------------
2021-10-01 09:57:03 :: {"date":"2021-10-01","invoices":[{"amount":"79502","id":"38426"}],"bankAccount":2}
2021-10-01 09:57:04 :: ----------result data payment:38426------------
2021-10-01 09:57:04 :: {"id":"39964","date":"2021-10-01","number":"38219","amount":"79502.0000000000","observations":null,"anotation":null,"type":"in","paymentMethod":"","status":"open","bankAccount":{"id":"2","name":"PAYU","type":"bank"},"client":{"id":"8160","name":"Laura Viveros","phone":"3204421195"},"invoices":[{"id":"38426","number":"40687","date":"2021-10-01","amount":79502,"total":79502,"balance":0}],"costCenter":null,"numberTemplate":{"id":"3","prefix":"","number":"38219","fullNumber":"38219","formattedNumber":"38219"}}
2021-10-01 10:07:06 :: ----------send data payment:38427------------
2021-10-01 10:07:06 :: {"date":"2021-10-01","invoices":[{"amount":"108701","id":"38427"}],"bankAccount":2}
2021-10-01 10:07:07 :: ----------result data payment:38427------------
2021-10-01 10:07:07 :: {"id":"39965","date":"2021-10-01","number":"38220","amount":"108701.0000000000","observations":null,"anotation":null,"type":"in","paymentMethod":"","status":"open","bankAccount":{"id":"2","name":"PAYU","type":"bank"},"client":{"id":"29832","name":"Eliza Enriquez","phone":"3204489954"},"invoices":[{"id":"38427","number":"40688","date":"2021-10-01","amount":108701,"total":108701,"balance":0}],"costCenter":null,"numberTemplate":{"id":"3","prefix":"","number":"38220","fullNumber":"38220","formattedNumber":"38220"}}
2021-10-01 10:31:11 :: ----------send data payment:38428------------
2021-10-01 10:31:11 :: {"date":"2021-10-01","invoices":[{"amount":"81053","id":"38428"}],"bankAccount":2}
2021-10-01 10:31:13 :: ----------result data payment:38428------------
2021-10-01 10:31:13 :: {"id":"39966","date":"2021-10-01","number":"38221","amount":"81053.0000000000","observations":null,"anotation":null,"type":"in","paymentMethod":"","status":"open","bankAccount":{"id":"2","name":"PAYU","type":"bank"},"client":{"id":"29833","name":"chatn2792","phone":"3118669953"},"invoices":[{"id":"38428","number":"40689","date":"2021-10-01","amount":81053,"total":81053,"balance":0}],"costCenter":null,"numberTemplate":{"id":"3","prefix":"","number":"38221","fullNumber":"38221","formattedNumber":"38221"}}
2021-10-01 10:33:05 :: ----------send data payment:38429------------
2021-10-01 10:33:05 :: {"date":"2021-10-01","invoices":[{"amount":"101302","id":"38429"}],"bankAccount":2}
2021-10-01 10:33:06 :: ----------result data payment:38429------------
2021-10-01 10:33:06 :: {"id":"39967","date":"2021-10-01","number":"38222","amount":"101302.0000000000","observations":null,"anotation":null,"type":"in","paymentMethod":"","status":"open","bankAccount":{"id":"2","name":"PAYU","type":"bank"},"client":{"id":"29834","name":"Laura Matiz","phone":"3107571987"},"invoices":[{"id":"38429","number":"40690","date":"2021-10-01","amount":101302,"total":101302,"balance":0}],"costCenter":null,"numberTemplate":{"id":"3","prefix":"","number":"38222","fullNumber":"38222","formattedNumber":"38222"}}
2021-10-01 10:34:07 :: ----------send data payment:38430------------
2021-10-01 10:34:07 :: {"date":"2021-10-01","invoices":[{"amount":"106253","id":"38430"}],"bankAccount":2}
2021-10-01 10:34:09 :: ----------result data payment:38430------------
2021-10-01 10:34:09 :: {"id":"39968","date":"2021-10-01","number":"38223","amount":"106253.0000000000","observations":null,"anotation":null,"type":"in","paymentMethod":"","status":"open","bankAccount":{"id":"2","name":"PAYU","type":"bank"},"client":{"id":"29835","name":"aldo soto chavana","phone":"3002214062"},"invoices":[{"id":"38430","number":"40691","date":"2021-10-01","amount":106253,"total":106253,"balance":0}],"costCenter":null,"numberTemplate":{"id":"3","prefix":"","number":"38223","fullNumber":"38223","formattedNumber":"38223"}}
2021-10-01 10:42:04 :: ----------send data payment:38431------------
2021-10-01 10:42:04 :: {"date":"2021-10-01","invoices":[{"amount":"54000","id":"38431"}],"bankAccount":2}
2021-10-01 10:42:06 :: ----------result data payment:38431------------
2021-10-01 10:42:06 :: {"id":"39969","date":"2021-10-01","number":"38224","amount":"54000.0000000000","observations":null,"anotation":null,"type":"in","paymentMethod":"","status":"open","bankAccount":{"id":"2","name":"PAYU","type":"bank"},"client":{"id":"24292","name":"Stefany Oviiedo","phone":"3187846972"},"invoices":[{"id":"38431","number":"40692","date":"2021-10-01","amount":54000,"total":54000,"balance":0}],"costCenter":null,"numberTemplate":{"id":"3","prefix":"","number":"38224","fullNumber":"38224","formattedNumber":"38224"}}
2021-10-01 10:44:06 :: ----------send data payment:38432------------
2021-10-01 10:44:06 :: {"date":"2021-10-01","invoices":[{"amount":"100999","id":"38432"}],"bankAccount":2}
2021-10-01 10:44:07 :: ----------result data payment:38432------------
2021-10-01 10:44:07 :: {"id":"39970","date":"2021-10-01","number":"38225","amount":"100999.0000000000","observations":null,"anotation":null,"type":"in","paymentMethod":"","status":"open","bankAccount":{"id":"2","name":"PAYU","type":"bank"},"client":{"id":"29102","name":"edna rocio estrada lopez","phone":"3017083803"},"invoices":[{"id":"38432","number":"40693","date":"2021-10-01","amount":100999,"total":100999,"balance":0}],"costCenter":null,"numberTemplate":{"id":"3","prefix":"","number":"38225","fullNumber":"38225","formattedNumber":"38225"}}
2021-10-01 10:48:13 :: ----------send data payment:38433------------
2021-10-01 10:48:13 :: {"date":"2021-10-01","invoices":[{"amount":"107900","id":"38433"}],"bankAccount":2}
2021-10-01 10:48:14 :: ----------result data payment:38433------------
2021-10-01 10:48:14 :: {"id":"39971","date":"2021-10-01","number":"38226","amount":"107900.0000000000","observations":null,"anotation":null,"type":"in","paymentMethod":"","status":"open","bankAccount":{"id":"2","name":"PAYU","type":"bank"},"client":{"id":"20476","name":"Diana Granados","phone":"3192139306"},"invoices":[{"id":"38433","number":"40694","date":"2021-10-01","amount":107900,"total":107900,"balance":0}],"costCenter":null,"numberTemplate":{"id":"3","prefix":"","number":"38226","fullNumber":"38226","formattedNumber":"38226"}}
2021-10-01 10:54:08 :: ----------send data payment:38434------------
2021-10-01 10:54:08 :: {"date":"2021-10-01","invoices":[{"amount":"80202","id":"38434"}],"bankAccount":2}
2021-10-01 10:54:09 :: ----------result data payment:38434------------
2021-10-01 10:54:09 :: {"id":"39972","date":"2021-10-01","number":"38227","amount":"80202.0000000000","observations":null,"anotation":null,"type":"in","paymentMethod":"","status":"open","bankAccount":{"id":"2","name":"PAYU","type":"bank"},"client":{"id":"1966","name":"Alejandra molina","phone":"3228375287"},"invoices":[{"id":"38434","number":"40695","date":"2021-10-01","amount":80202,"total":80202,"balance":0}],"costCenter":null,"numberTemplate":{"id":"3","prefix":"","number":"38227","fullNumber":"38227","formattedNumber":"38227"}}
2021-10-01 10:56:08 :: ----------send data payment:38435------------
2021-10-01 10:56:08 :: {"date":"2021-10-01","invoices":[{"amount":"90000","id":"38435"}],"bankAccount":2}
2021-10-01 10:56:10 :: ----------result data payment:38435------------
2021-10-01 10:56:10 :: {"id":"39973","date":"2021-10-01","number":"38228","amount":"90000.0000000000","observations":null,"anotation":null,"type":"in","paymentMethod":"","status":"open","bankAccount":{"id":"2","name":"PAYU","type":"bank"},"client":{"id":"10018","name":"Paula salazar","phone":"3118281932"},"invoices":[{"id":"38435","number":"40696","date":"2021-10-01","amount":90000,"total":90000,"balance":0}],"costCenter":null,"numberTemplate":{"id":"3","prefix":"","number":"38228","fullNumber":"38228","formattedNumber":"38228"}}
2021-10-01 10:59:05 :: ----------send data payment:38436------------
2021-10-01 10:59:05 :: {"date":"2021-10-01","invoices":[{"amount":"25000","id":"38436"}],"bankAccount":2}
2021-10-01 10:59:07 :: ----------result data payment:38436------------
2021-10-01 10:59:07 :: {"id":"39974","date":"2021-10-01","number":"38229","amount":"25000.0000000000","observations":null,"anotation":null,"type":"in","paymentMethod":"","status":"open","bankAccount":{"id":"2","name":"PAYU","type":"bank"},"client":{"id":"29836","name":"Dargy Diaz","phone":"3213044619"},"invoices":[{"id":"38436","number":"40697","date":"2021-10-01","amount":25000,"total":25000,"balance":0}],"costCenter":null,"numberTemplate":{"id":"3","prefix":"","number":"38229","fullNumber":"38229","formattedNumber":"38229"}}
2021-10-01 11:17:08 :: ----------send data payment:38437------------
2021-10-01 11:17:08 :: {"date":"2021-10-01","invoices":[{"amount":"167100","id":"38437"}],"bankAccount":2}
2021-10-01 11:17:09 :: ----------result data payment:38437------------
2021-10-01 11:17:09 :: {"id":"39975","date":"2021-10-01","number":"38230","amount":"167100.0000000000","observations":null,"anotation":null,"type":"in","paymentMethod":"","status":"open","bankAccount":{"id":"2","name":"PAYU","type":"bank"},"client":{"id":"29837","name":"rj.sofia7","phone":"3508676616"},"invoices":[{"id":"38437","number":"40698","date":"2021-10-01","amount":167100,"total":167100,"balance":0}],"costCenter":null,"numberTemplate":{"id":"3","prefix":"","number":"38230","fullNumber":"38230","formattedNumber":"38230"}}
2021-10-01 11:18:07 :: ----------send data payment:38438------------
2021-10-01 11:18:07 :: {"date":"2021-10-01","invoices":[{"amount":"88803","id":"38438"}],"bankAccount":2}
2021-10-01 11:18:08 :: ----------result data payment:38438------------
2021-10-01 11:18:08 :: {"id":"39976","date":"2021-10-01","number":"38231","amount":"88803.0000000000","observations":null,"anotation":null,"type":"in","paymentMethod":"","status":"open","bankAccount":{"id":"2","name":"PAYU","type":"bank"},"client":{"id":"1732","name":"Luisa Ria\u00f1o","phone":"3017224616"},"invoices":[{"id":"38438","number":"40699","date":"2021-10-01","amount":88803,"total":88803,"balance":0}],"costCenter":null,"numberTemplate":{"id":"3","prefix":"","number":"38231","fullNumber":"38231","formattedNumber":"38231"}}
2021-10-01 11:23:05 :: ----------send data payment:38439------------
2021-10-01 11:23:05 :: {"date":"2021-10-01","invoices":[{"amount":"110102","id":"38439"}],"bankAccount":2}
2021-10-01 11:23:07 :: ----------result data payment:38439------------
2021-10-01 11:23:07 :: {"id":"39977","date":"2021-10-01","number":"38232","amount":"110102.0000000000","observations":null,"anotation":null,"type":"in","paymentMethod":"","status":"open","bankAccount":{"id":"2","name":"PAYU","type":"bank"},"client":{"id":"29838","name":"Lina andrea Beltr\u00e1n","phone":"3202728890"},"invoices":[{"id":"38439","number":"40700","date":"2021-10-01","amount":110102,"total":110102,"balance":0}],"costCenter":null,"numberTemplate":{"id":"3","prefix":"","number":"38232","fullNumber":"38232","formattedNumber":"38232"}}