
2021-04-17 12:30:16 :: ----------send data payment:30642------------
2021-04-17 12:30:16 :: {"date":"2021-04-17","invoices":[{"amount":"257001","id":"30642"}],"bankAccount":2}
2021-04-17 12:30:18 :: ----------result data payment:30642------------
2021-04-17 12:30:18 :: {"id":"31724","date":"2021-04-17","number":"30438","amount":"257001.0000000000","observations":null,"anotation":null,"type":"in","paymentMethod":"","status":"open","bankAccount":{"id":"2","name":"PAYU","type":"bank"},"client":{"id":"24197","name":"Elizabeth Pati\u00f1o","phone":"3202561536"},"invoices":[{"id":"30642","number":"32903","date":"2021-04-17","amount":257001,"total":257001,"balance":0}],"costCenter":null,"numberTemplate":{"id":"3","prefix":"","number":"30438","fullNumber":"30438","formattedNumber":"30438"}}
2021-04-17 07:40:20 :: ----------send data payment:30643------------
2021-04-17 07:40:20 :: {"date":"2021-04-17","invoices":[{"amount":"90000","id":"30643"}],"bankAccount":2}
2021-04-17 07:40:21 :: ----------result data payment:30643------------
2021-04-17 07:40:21 :: {"id":"31725","date":"2021-04-17","number":"30439","amount":"90000.0000000000","observations":null,"anotation":null,"type":"in","paymentMethod":"","status":"open","bankAccount":{"id":"2","name":"PAYU","type":"bank"},"client":{"id":"24198","name":"sthefany urruchurtu","phone":"3146975050"},"invoices":[{"id":"30643","number":"32904","date":"2021-04-17","amount":90000,"total":90000,"balance":0}],"costCenter":null,"numberTemplate":{"id":"3","prefix":"","number":"30439","fullNumber":"30439","formattedNumber":"30439"}}
2021-04-17 09:10:16 :: ----------send data payment:30644------------
2021-04-17 09:10:16 :: {"date":"2021-04-17","invoices":[{"amount":"80001","id":"30644"}],"bankAccount":2}
2021-04-17 09:10:17 :: ----------result data payment:30644------------
2021-04-17 09:10:17 :: {"id":"31726","date":"2021-04-17","number":"30440","amount":"80001.0000000000","observations":null,"anotation":null,"type":"in","paymentMethod":"","status":"open","bankAccount":{"id":"2","name":"PAYU","type":"bank"},"client":{"id":"24199","name":"Jennifer Vergara Alzate","phone":"2737912"},"invoices":[{"id":"30644","number":"32905","date":"2021-04-17","amount":80001,"total":80001,"balance":0}],"costCenter":null,"numberTemplate":{"id":"3","prefix":"","number":"30440","fullNumber":"30440","formattedNumber":"30440"}}
2021-04-17 09:25:26 :: ----------send data payment:30645------------
2021-04-17 09:25:26 :: {"date":"2021-04-17","invoices":[{"amount":"79001","id":"30645"}],"bankAccount":2}
2021-04-17 09:25:28 :: ----------result data payment:30645------------
2021-04-17 09:25:28 :: {"id":"31727","date":"2021-04-17","number":"30441","amount":"79001.0000000000","observations":null,"anotation":null,"type":"in","paymentMethod":"","status":"open","bankAccount":{"id":"2","name":"PAYU","type":"bank"},"client":{"id":"683","name":"Laura Catalina Sandoval","phone":"3166362365"},"invoices":[{"id":"30645","number":"32906","date":"2021-04-17","amount":79001,"total":79001,"balance":0}],"costCenter":null,"numberTemplate":{"id":"3","prefix":"","number":"30441","fullNumber":"30441","formattedNumber":"30441"}}
2021-04-17 09:35:11 :: ----------send data payment:30646------------
2021-04-17 09:35:11 :: {"date":"2021-04-17","invoices":[{"amount":"49999","id":"30646"}],"bankAccount":2}
2021-04-17 09:35:40 :: ----------result data payment:30646------------
2021-04-17 09:35:40 :: {"message": "Endpoint request timed out"}
2021-04-17 10:20:20 :: ----------send data payment:30647------------
2021-04-17 10:20:20 :: {"date":"2021-04-17","invoices":[{"amount":"80001","id":"30647"}],"bankAccount":2}
2021-04-17 10:20:21 :: ----------result data payment:30647------------
2021-04-17 10:20:21 :: {"id":"31734","date":"2021-04-17","number":"30445","amount":"80001.0000000000","observations":null,"anotation":null,"type":"in","paymentMethod":"","status":"open","bankAccount":{"id":"2","name":"PAYU","type":"bank"},"client":{"id":"24201","name":"Yurany Espinosa Mej\u00eda","phone":"3017209076"},"invoices":[{"id":"30647","number":"32908","date":"2021-04-17","amount":80001,"total":80001,"balance":0}],"costCenter":null,"numberTemplate":{"id":"3","prefix":"","number":"30445","fullNumber":"30445","formattedNumber":"30445"}}
2021-04-17 11:00:24 :: ----------send data payment:30650------------
2021-04-17 11:00:24 :: {"date":"2021-04-17","invoices":[{"amount":"130001","id":"30650"}],"bankAccount":2}
2021-04-17 11:00:29 :: ----------result data payment:30650------------
2021-04-17 11:00:29 :: {"id":"31735","date":"2021-04-17","number":"30446","amount":"130001.0000000000","observations":null,"anotation":null,"type":"in","paymentMethod":"","status":"open","bankAccount":{"id":"2","name":"PAYU","type":"bank"},"client":{"id":"24202","name":"Dayana Cano","phone":"3217362336"},"invoices":[{"id":"30650","number":"32911","date":"2021-04-17","amount":130001,"total":130001,"balance":0}],"costCenter":null,"numberTemplate":{"id":"3","prefix":"","number":"30446","fullNumber":"30446","formattedNumber":"30446"}}
2021-04-17 11:16:37 :: ----------send data payment:30651------------
2021-04-17 11:16:37 :: {"date":"2021-04-17","invoices":[{"amount":"169501","id":"30651"}],"bankAccount":2}
2021-04-17 11:16:38 :: ----------result data payment:30651------------
2021-04-17 11:16:38 :: {"id":"31736","date":"2021-04-17","number":"30447","amount":"169501.0000000000","observations":null,"anotation":null,"type":"in","paymentMethod":"","status":"open","bankAccount":{"id":"2","name":"PAYU","type":"bank"},"client":{"id":"24203","name":"Maria Ximena Santamaria","phone":"3202135433"},"invoices":[{"id":"30651","number":"32912","date":"2021-04-17","amount":169501,"total":169501,"balance":0}],"costCenter":null,"numberTemplate":{"id":"3","prefix":"","number":"30447","fullNumber":"30447","formattedNumber":"30447"}}
2021-04-17 11:21:42 :: ----------send data payment:30652------------
2021-04-17 11:21:42 :: {"date":"2021-04-17","invoices":[{"amount":"60000","id":"30652"}],"bankAccount":2}
2021-04-17 11:21:47 :: ----------result data payment:30652------------
2021-04-17 11:21:47 :: {"id":"31737","date":"2021-04-17","number":"30448","amount":"60000.0000000000","observations":null,"anotation":null,"type":"in","paymentMethod":"","status":"open","bankAccount":{"id":"2","name":"PAYU","type":"bank"},"client":{"id":"24204","name":"Liseth Carolina Maldonado Quintero","phone":"3187442337"},"invoices":[{"id":"30652","number":"32913","date":"2021-04-17","amount":60000,"total":60000,"balance":0}],"costCenter":null,"numberTemplate":{"id":"3","prefix":"","number":"30448","fullNumber":"30448","formattedNumber":"30448"}}
2021-04-17 11:25:29 :: ----------send data payment:30653------------
2021-04-17 11:25:29 :: {"date":"2021-04-17","invoices":[{"amount":"38899","id":"30653"}],"bankAccount":2}
2021-04-17 11:25:32 :: ----------result data payment:30653------------
2021-04-17 11:25:32 :: {"id":"31738","date":"2021-04-17","number":"30449","amount":"38899.0000000000","observations":null,"anotation":null,"type":"in","paymentMethod":"","status":"open","bankAccount":{"id":"2","name":"PAYU","type":"bank"},"client":{"id":"4213","name":"Fernanda pati\u00f1o","phone":"3003341057"},"invoices":[{"id":"30653","number":"32914","date":"2021-04-17","amount":38899,"total":38899,"balance":0}],"costCenter":null,"numberTemplate":{"id":"3","prefix":"","number":"30449","fullNumber":"30449","formattedNumber":"30449"}}
2021-04-17 11:25:37 :: ----------send data payment:30654------------
2021-04-17 11:25:37 :: {"date":"2021-04-17","invoices":[{"amount":"154999","id":"30654"}],"bankAccount":2}
2021-04-17 11:25:39 :: ----------result data payment:30654------------
2021-04-17 11:25:39 :: {"id":"31739","date":"2021-04-17","number":"30450","amount":"154999.0000000000","observations":null,"anotation":null,"type":"in","paymentMethod":"","status":"open","bankAccount":{"id":"2","name":"PAYU","type":"bank"},"client":{"id":"13264","name":"Nicolas Estefan","phone":"3007111335"},"invoices":[{"id":"30654","number":"32915","date":"2021-04-17","amount":154999,"total":154999,"balance":0}],"costCenter":null,"numberTemplate":{"id":"3","prefix":"","number":"30450","fullNumber":"30450","formattedNumber":"30450"}}
2021-04-17 01:15:17 :: ----------send data payment:30655------------
2021-04-17 01:15:17 :: {"date":"2021-04-17","invoices":[{"amount":"83000","id":"30655"}],"bankAccount":2}
2021-04-17 01:15:18 :: ----------result data payment:30655------------
2021-04-17 01:15:18 :: {"id":"31740","date":"2021-04-17","number":"30451","amount":"83000.0000000000","observations":null,"anotation":null,"type":"in","paymentMethod":"","status":"open","bankAccount":{"id":"2","name":"PAYU","type":"bank"},"client":{"id":"19766","name":"Diana vanegas","phone":"3185415221"},"invoices":[{"id":"30655","number":"32916","date":"2021-04-17","amount":83000,"total":83000,"balance":0}],"costCenter":null,"numberTemplate":{"id":"3","prefix":"","number":"30451","fullNumber":"30451","formattedNumber":"30451"}}
2021-04-17 01:15:20 :: ----------send data payment:30656------------
2021-04-17 01:15:20 :: {"date":"2021-04-17","invoices":[{"amount":"154999","id":"30656"}],"bankAccount":2}
2021-04-17 01:15:21 :: ----------result data payment:30656------------
2021-04-17 01:15:21 :: {"id":"31741","date":"2021-04-17","number":"30452","amount":"154999.0000000000","observations":null,"anotation":null,"type":"in","paymentMethod":"","status":"open","bankAccount":{"id":"2","name":"PAYU","type":"bank"},"client":{"id":"13264","name":"Nicolas Estefan","phone":"3007111335"},"invoices":[{"id":"30656","number":"32917","date":"2021-04-17","amount":154999,"total":154999,"balance":0}],"costCenter":null,"numberTemplate":{"id":"3","prefix":"","number":"30452","fullNumber":"30452","formattedNumber":"30452"}}
2021-04-17 01:25:10 :: ----------send data payment:30657------------
2021-04-17 01:25:10 :: {"date":"2021-04-17","invoices":[{"amount":"38899","id":"30657"}],"bankAccount":2}
2021-04-17 01:25:11 :: ----------result data payment:30657------------
2021-04-17 01:25:11 :: {"id":"31742","date":"2021-04-17","number":"30453","amount":"38899.0000000000","observations":null,"anotation":null,"type":"in","paymentMethod":"","status":"open","bankAccount":{"id":"2","name":"PAYU","type":"bank"},"client":{"id":"4213","name":"Fernanda pati\u00f1o","phone":"3003341057"},"invoices":[{"id":"30657","number":"32918","date":"2021-04-17","amount":38899,"total":38899,"balance":0}],"costCenter":null,"numberTemplate":{"id":"3","prefix":"","number":"30453","fullNumber":"30453","formattedNumber":"30453"}}
2021-04-17 01:25:12 :: ----------send data payment:30658------------
2021-04-17 01:25:12 :: {"date":"2021-04-17","invoices":[{"amount":"96501","id":"30658"}],"bankAccount":2}
2021-04-17 01:25:14 :: ----------result data payment:30658------------
2021-04-17 01:25:14 :: {"id":"31743","date":"2021-04-17","number":"30454","amount":"96501.0000000000","observations":null,"anotation":null,"type":"in","paymentMethod":"","status":"open","bankAccount":{"id":"2","name":"PAYU","type":"bank"},"client":{"id":"9092","name":"Ana Mar\u00eda Arango Vargas","phone":"3154196473"},"invoices":[{"id":"30658","number":"32919","date":"2021-04-17","amount":96501,"total":96501,"balance":0}],"costCenter":null,"numberTemplate":{"id":"3","prefix":"","number":"30454","fullNumber":"30454","formattedNumber":"30454"}}
2021-04-17 01:40:10 :: ----------send data payment:30659------------
2021-04-17 01:40:10 :: {"date":"2021-04-17","invoices":[{"amount":"137000","id":"30659"}],"bankAccount":2}
2021-04-17 01:40:12 :: ----------result data payment:30659------------
2021-04-17 01:40:12 :: {"id":"31744","date":"2021-04-17","number":"30455","amount":"137000.0000000000","observations":null,"anotation":null,"type":"in","paymentMethod":"","status":"open","bankAccount":{"id":"2","name":"PAYU","type":"bank"},"client":{"id":"24205","name":"vivi nar","phone":"3007426471"},"invoices":[{"id":"30659","number":"32920","date":"2021-04-17","amount":137000,"total":137000,"balance":0}],"costCenter":null,"numberTemplate":{"id":"3","prefix":"","number":"30455","fullNumber":"30455","formattedNumber":"30455"}}
2021-04-17 01:50:23 :: ----------send data payment:30660------------
2021-04-17 01:50:23 :: {"date":"2021-04-17","invoices":[{"amount":"111200","id":"30660"}],"bankAccount":2}
2021-04-17 01:50:26 :: ----------result data payment:30660------------
2021-04-17 01:50:26 :: {"id":"31745","date":"2021-04-17","number":"30456","amount":"111200.0000000000","observations":null,"anotation":null,"type":"in","paymentMethod":"","status":"open","bankAccount":{"id":"2","name":"PAYU","type":"bank"},"client":{"id":"17486","name":"LUISA FERNANDA MEJIA MONCADA","phone":"3112174295"},"invoices":[{"id":"30660","number":"32921","date":"2021-04-17","amount":111200,"total":111200,"balance":0}],"costCenter":null,"numberTemplate":{"id":"3","prefix":"","number":"30456","fullNumber":"30456","formattedNumber":"30456"}}
2021-04-17 02:05:24 :: ----------send data payment:30661------------
2021-04-17 02:05:24 :: {"date":"2021-04-17","invoices":[{"amount":"48000","id":"30661"}],"bankAccount":2}
2021-04-17 02:05:25 :: ----------result data payment:30661------------
2021-04-17 02:05:25 :: {"id":"31746","date":"2021-04-17","number":"30457","amount":"48000.0000000000","observations":null,"anotation":null,"type":"in","paymentMethod":"","status":"open","bankAccount":{"id":"2","name":"PAYU","type":"bank"},"client":{"id":"24206","name":"Vanessa","phone":"3148354632"},"invoices":[{"id":"30661","number":"32922","date":"2021-04-17","amount":48000,"total":48000,"balance":0}],"costCenter":null,"numberTemplate":{"id":"3","prefix":"","number":"30457","fullNumber":"30457","formattedNumber":"30457"}}
2021-04-17 02:50:30 :: ----------send data payment:30662------------
2021-04-17 02:50:30 :: {"date":"2021-04-17","invoices":[{"amount":"69201","id":"30662"}],"bankAccount":2}
2021-04-17 02:50:32 :: ----------result data payment:30662------------
2021-04-17 02:50:32 :: {"id":"31747","date":"2021-04-17","number":"30458","amount":"69201.0000000000","observations":null,"anotation":null,"type":"in","paymentMethod":"","status":"open","bankAccount":{"id":"2","name":"PAYU","type":"bank"},"client":{"id":"24207","name":"Mary Palacios","phone":"3102942047"},"invoices":[{"id":"30662","number":"32923","date":"2021-04-17","amount":69201,"total":69201,"balance":0}],"costCenter":null,"numberTemplate":{"id":"3","prefix":"","number":"30458","fullNumber":"30458","formattedNumber":"30458"}}
2021-04-17 03:20:28 :: ----------send data payment:30663------------
2021-04-17 03:20:28 :: {"date":"2021-04-17","invoices":[{"amount":"135000","id":"30663"}],"bankAccount":2}
2021-04-17 03:20:29 :: ----------result data payment:30663------------
2021-04-17 03:20:29 :: {"id":"31749","date":"2021-04-17","number":"30460","amount":"135000.0000000000","observations":null,"anotation":null,"type":"in","paymentMethod":"","status":"open","bankAccount":{"id":"2","name":"PAYU","type":"bank"},"client":{"id":"18530","name":"Jessica Nieto","phone":"3057058708"},"invoices":[{"id":"30663","number":"32924","date":"2021-04-17","amount":135000,"total":135000,"balance":0}],"costCenter":null,"numberTemplate":{"id":"3","prefix":"","number":"30460","fullNumber":"30460","formattedNumber":"30460"}}
2021-04-17 03:45:19 :: ----------send data payment:30664------------
2021-04-17 03:45:19 :: {"date":"2021-04-17","invoices":[{"amount":"70000","id":"30664"}],"bankAccount":2}
2021-04-17 03:45:20 :: ----------result data payment:30664------------
2021-04-17 03:45:20 :: {"id":"31750","date":"2021-04-17","number":"30461","amount":"70000.0000000000","observations":null,"anotation":null,"type":"in","paymentMethod":"","status":"open","bankAccount":{"id":"2","name":"PAYU","type":"bank"},"client":{"id":"24208","name":"Claudia Novoa","phone":"3108972301"},"invoices":[{"id":"30664","number":"32925","date":"2021-04-17","amount":70000,"total":70000,"balance":0}],"costCenter":null,"numberTemplate":{"id":"3","prefix":"","number":"30461","fullNumber":"30461","formattedNumber":"30461"}}
2021-04-17 04:15:14 :: ----------send data payment:30665------------
2021-04-17 04:15:14 :: {"date":"2021-04-17","invoices":[{"amount":"110000","id":"30665"}],"bankAccount":2}
2021-04-17 04:15:15 :: ----------result data payment:30665------------
2021-04-17 04:15:15 :: {"id":"31751","date":"2021-04-17","number":"30462","amount":"110000.0000000000","observations":null,"anotation":null,"type":"in","paymentMethod":"","status":"open","bankAccount":{"id":"2","name":"PAYU","type":"bank"},"client":{"id":"7412","name":"Edelcarmen Su\u00e1rez \u00c1lvarez","phone":"3058737370"},"invoices":[{"id":"30665","number":"32926","date":"2021-04-17","amount":110000,"total":110000,"balance":0}],"costCenter":null,"numberTemplate":{"id":"3","prefix":"","number":"30462","fullNumber":"30462","formattedNumber":"30462"}}
2021-04-17 04:15:28 :: ----------send data payment:30666------------
2021-04-17 04:15:28 :: {"date":"2021-04-17","invoices":[{"amount":"50502","id":"30666"}],"bankAccount":2}
2021-04-17 04:15:29 :: ----------result data payment:30666------------
2021-04-17 04:15:29 :: {"id":"31752","date":"2021-04-17","number":"30463","amount":"50502.0000000000","observations":null,"anotation":null,"type":"in","paymentMethod":"","status":"open","bankAccount":{"id":"2","name":"PAYU","type":"bank"},"client":{"id":"24209","name":"Nataly","phone":"3017827585"},"invoices":[{"id":"30666","number":"32927","date":"2021-04-17","amount":50502,"total":50502,"balance":0}],"costCenter":null,"numberTemplate":{"id":"3","prefix":"","number":"30463","fullNumber":"30463","formattedNumber":"30463"}}
2021-04-17 04:55:32 :: ----------send data payment:30667------------
2021-04-17 04:55:32 :: {"date":"2021-04-17","invoices":[{"amount":"145000","id":"30667"}],"bankAccount":2}
2021-04-17 04:55:33 :: ----------result data payment:30667------------
2021-04-17 04:55:33 :: {"id":"31753","date":"2021-04-17","number":"30464","amount":"145000.0000000000","observations":null,"anotation":null,"type":"in","paymentMethod":"","status":"open","bankAccount":{"id":"2","name":"PAYU","type":"bank"},"client":{"id":"5527","name":"Katherine","phone":"3138237250"},"invoices":[{"id":"30667","number":"32928","date":"2021-04-17","amount":145000,"total":145000,"balance":0}],"costCenter":null,"numberTemplate":{"id":"3","prefix":"","number":"30464","fullNumber":"30464","formattedNumber":"30464"}}
2021-04-17 05:00:27 :: ----------send data payment:30668------------
2021-04-17 05:00:27 :: {"date":"2021-04-17","invoices":[{"amount":"52000","id":"30668"}],"bankAccount":2}
2021-04-17 05:00:29 :: ----------result data payment:30668------------
2021-04-17 05:00:29 :: {"id":"31754","date":"2021-04-17","number":"30465","amount":"52000.0000000000","observations":null,"anotation":null,"type":"in","paymentMethod":"","status":"open","bankAccount":{"id":"2","name":"PAYU","type":"bank"},"client":{"id":"24210","name":"Laura Riveros","phone":"3125566329"},"invoices":[{"id":"30668","number":"32929","date":"2021-04-17","amount":52000,"total":52000,"balance":0}],"costCenter":null,"numberTemplate":{"id":"3","prefix":"","number":"30465","fullNumber":"30465","formattedNumber":"30465"}}
2021-04-17 05:00:30 :: ----------send data payment:30669------------
2021-04-17 05:00:30 :: {"date":"2021-04-17","invoices":[{"amount":"122000","id":"30669"}],"bankAccount":2}
2021-04-17 05:00:31 :: ----------result data payment:30669------------
2021-04-17 05:00:31 :: {"id":"31755","date":"2021-04-17","number":"30466","amount":"122000.0000000000","observations":null,"anotation":null,"type":"in","paymentMethod":"","status":"open","bankAccount":{"id":"2","name":"PAYU","type":"bank"},"client":{"id":"22717","name":"Tatiana Benavides Gonz\u00e1lez","phone":"3138725862"},"invoices":[{"id":"30669","number":"32930","date":"2021-04-17","amount":122000,"total":122000,"balance":0}],"costCenter":null,"numberTemplate":{"id":"3","prefix":"","number":"30466","fullNumber":"30466","formattedNumber":"30466"}}
2021-04-17 05:15:28 :: ----------send data payment:30670------------
2021-04-17 05:15:28 :: {"date":"2021-04-17","invoices":[{"amount":"32000","id":"30670"}],"bankAccount":2}
2021-04-17 05:15:29 :: ----------result data payment:30670------------
2021-04-17 05:15:29 :: {"id":"31756","date":"2021-04-17","number":"30467","amount":"32000.0000000000","observations":null,"anotation":null,"type":"in","paymentMethod":"","status":"open","bankAccount":{"id":"2","name":"PAYU","type":"bank"},"client":{"id":"24211","name":"Daniela Guti\u00e9rrez","phone":"3217606070"},"invoices":[{"id":"30670","number":"32931","date":"2021-04-17","amount":32000,"total":32000,"balance":0}],"costCenter":null,"numberTemplate":{"id":"3","prefix":"","number":"30467","fullNumber":"30467","formattedNumber":"30467"}}
2021-04-17 05:35:20 :: ----------send data payment:30671------------
2021-04-17 05:35:20 :: {"date":"2021-04-17","invoices":[{"amount":"71201","id":"30671"}],"bankAccount":2}
2021-04-17 05:35:21 :: ----------result data payment:30671------------
2021-04-17 05:35:21 :: {"id":"31757","date":"2021-04-17","number":"30468","amount":"71201.0000000000","observations":null,"anotation":null,"type":"in","paymentMethod":"","status":"open","bankAccount":{"id":"2","name":"PAYU","type":"bank"},"client":{"id":"19294","name":"Laura U","phone":"3112574783"},"invoices":[{"id":"30671","number":"32932","date":"2021-04-17","amount":71201,"total":71201,"balance":0}],"costCenter":null,"numberTemplate":{"id":"3","prefix":"","number":"30468","fullNumber":"30468","formattedNumber":"30468"}}
2021-04-17 06:00:40 :: ----------send data payment:30672------------
2021-04-17 06:00:40 :: {"date":"2021-04-17","invoices":[{"amount":"94201","id":"30672"}],"bankAccount":2}
2021-04-17 06:00:41 :: ----------result data payment:30672------------
2021-04-17 06:00:41 :: {"id":"31758","date":"2021-04-17","number":"30469","amount":"94201.0000000000","observations":null,"anotation":null,"type":"in","paymentMethod":"","status":"open","bankAccount":{"id":"2","name":"PAYU","type":"bank"},"client":{"id":"24212","name":"Laura Mart\u00ednez","phone":"3216378740"},"invoices":[{"id":"30672","number":"32933","date":"2021-04-17","amount":94201,"total":94201,"balance":0}],"costCenter":null,"numberTemplate":{"id":"3","prefix":"","number":"30469","fullNumber":"30469","formattedNumber":"30469"}}
2021-04-17 07:40:22 :: ----------send data payment:30673------------
2021-04-17 07:40:22 :: {"date":"2021-04-17","invoices":[{"amount":"59701","id":"30673"}],"bankAccount":2}
2021-04-17 07:40:24 :: ----------result data payment:30673------------
2021-04-17 07:40:24 :: {"id":"31759","date":"2021-04-17","number":"30470","amount":"59701.0000000000","observations":null,"anotation":null,"type":"in","paymentMethod":"","status":"open","bankAccount":{"id":"2","name":"PAYU","type":"bank"},"client":{"id":"24213","name":"Daniela cely perez","phone":"3116964985"},"invoices":[{"id":"30673","number":"32934","date":"2021-04-17","amount":59701,"total":59701,"balance":0}],"costCenter":null,"numberTemplate":{"id":"3","prefix":"","number":"30470","fullNumber":"30470","formattedNumber":"30470"}}
2021-04-17 07:40:38 :: ----------send data payment:30674------------
2021-04-17 07:40:38 :: {"date":"2021-04-17","invoices":[{"amount":"48000","id":"30674"}],"bankAccount":2}
2021-04-17 07:40:38 :: ----------result data payment:30674------------
2021-04-17 07:40:38 :: {"id":"31760","date":"2021-04-17","number":"30471","amount":"48000.0000000000","observations":null,"anotation":null,"type":"in","paymentMethod":"","status":"open","bankAccount":{"id":"2","name":"PAYU","type":"bank"},"client":{"id":"24214","name":"El esquimal","phone":"3057862847"},"invoices":[{"id":"30674","number":"32935","date":"2021-04-17","amount":48000,"total":48000,"balance":0}],"costCenter":null,"numberTemplate":{"id":"3","prefix":"","number":"30471","fullNumber":"30471","formattedNumber":"30471"}}
2021-04-17 09:00:35 :: ----------send data payment:30675------------
2021-04-17 09:00:35 :: {"date":"2021-04-17","invoices":[{"amount":"54201","id":"30675"}],"bankAccount":2}
2021-04-17 09:00:36 :: ----------result data payment:30675------------
2021-04-17 09:00:36 :: {"id":"31761","date":"2021-04-17","number":"30472","amount":"54201.0000000000","observations":null,"anotation":null,"type":"in","paymentMethod":"","status":"open","bankAccount":{"id":"2","name":"PAYU","type":"bank"},"client":{"id":"24215","name":"Carolina Rugeles","phone":"3147520889"},"invoices":[{"id":"30675","number":"32936","date":"2021-04-17","amount":54201,"total":54201,"balance":0}],"costCenter":null,"numberTemplate":{"id":"3","prefix":"","number":"30472","fullNumber":"30472","formattedNumber":"30472"}}
2021-04-17 09:30:29 :: ----------send data payment:30676------------
2021-04-17 09:30:29 :: {"date":"2021-04-17","invoices":[{"amount":"303001","id":"30676"}],"bankAccount":2}
2021-04-17 09:30:30 :: ----------result data payment:30676------------
2021-04-17 09:30:30 :: {"id":"31762","date":"2021-04-17","number":"30473","amount":"303001.0000000000","observations":null,"anotation":null,"type":"in","paymentMethod":"","status":"open","bankAccount":{"id":"2","name":"PAYU","type":"bank"},"client":{"id":"12802","name":"Jennifer Leon","phone":"3142979050"},"invoices":[{"id":"30676","number":"32937","date":"2021-04-17","amount":303001,"total":303001,"balance":0}],"costCenter":null,"numberTemplate":{"id":"3","prefix":"","number":"30473","fullNumber":"30473","formattedNumber":"30473"}}
2021-04-17 10:05:17 :: ----------send data payment:30677------------
2021-04-17 10:05:17 :: {"date":"2021-04-17","invoices":[{"amount":"39201","id":"30677"}],"bankAccount":2}
2021-04-17 10:05:18 :: ----------result data payment:30677------------
2021-04-17 10:05:18 :: {"id":"31763","date":"2021-04-17","number":"30474","amount":"39201.0000000000","observations":null,"anotation":null,"type":"in","paymentMethod":"","status":"open","bankAccount":{"id":"2","name":"PAYU","type":"bank"},"client":{"id":"5306","name":"Isabela Arenas","phone":"3233334505"},"invoices":[{"id":"30677","number":"32938","date":"2021-04-17","amount":39201,"total":39201,"balance":0}],"costCenter":null,"numberTemplate":{"id":"3","prefix":"","number":"30474","fullNumber":"30474","formattedNumber":"30474"}}
2021-04-17 10:20:26 :: ----------send data payment:30678------------
2021-04-17 10:20:26 :: {"date":"2021-04-17","invoices":[{"amount":"23501","id":"30678"}],"bankAccount":2}
2021-04-17 10:20:29 :: ----------result data payment:30678------------
2021-04-17 10:20:29 :: {"id":"31764","date":"2021-04-17","number":"30475","amount":"23501.0000000000","observations":null,"anotation":null,"type":"in","paymentMethod":"","status":"open","bankAccount":{"id":"2","name":"PAYU","type":"bank"},"client":{"id":"24216","name":"Derly Espinosa","phone":"3014905591"},"invoices":[{"id":"30678","number":"32939","date":"2021-04-17","amount":23501,"total":23501,"balance":0}],"costCenter":null,"numberTemplate":{"id":"3","prefix":"","number":"30475","fullNumber":"30475","formattedNumber":"30475"}}
2021-04-17 10:20:31 :: ----------send data payment:30679------------
2021-04-17 10:20:31 :: {"date":"2021-04-17","invoices":[{"amount":"28000","id":"30679"}],"bankAccount":2}
2021-04-17 10:20:32 :: ----------result data payment:30679------------
2021-04-17 10:20:32 :: {"id":"31765","date":"2021-04-17","number":"30476","amount":"28000.0000000000","observations":null,"anotation":null,"type":"in","paymentMethod":"","status":"open","bankAccount":{"id":"2","name":"PAYU","type":"bank"},"client":{"id":"24217","name":"Angie Hern\u00e1ndez Posada","phone":"3206352556"},"invoices":[{"id":"30679","number":"32940","date":"2021-04-17","amount":28000,"total":28000,"balance":0}],"costCenter":null,"numberTemplate":{"id":"3","prefix":"","number":"30476","fullNumber":"30476","formattedNumber":"30476"}}
2021-04-17 11:05:25 :: ----------send data payment:30680------------
2021-04-17 11:05:25 :: {"date":"2021-04-17","invoices":[{"amount":"135000","id":"30680"}],"bankAccount":2}
2021-04-17 11:05:26 :: ----------result data payment:30680------------
2021-04-17 11:05:26 :: {"id":"31766","date":"2021-04-17","number":"30477","amount":"135000.0000000000","observations":null,"anotation":null,"type":"in","paymentMethod":"","status":"open","bankAccount":{"id":"2","name":"PAYU","type":"bank"},"client":{"id":"19476","name":"Alison Amaya","phone":"3507842488"},"invoices":[{"id":"30680","number":"32941","date":"2021-04-17","amount":135000,"total":135000,"balance":0}],"costCenter":null,"numberTemplate":{"id":"3","prefix":"","number":"30477","fullNumber":"30477","formattedNumber":"30477"}}
2021-04-17 11:05:28 :: ----------send data payment:30681------------
2021-04-17 11:05:28 :: {"date":"2021-04-17","invoices":[{"amount":"50600","id":"30681"}],"bankAccount":2}
2021-04-17 11:05:29 :: ----------result data payment:30681------------
2021-04-17 11:05:29 :: {"id":"31767","date":"2021-04-17","number":"30478","amount":"50600.0000000000","observations":null,"anotation":null,"type":"in","paymentMethod":"","status":"open","bankAccount":{"id":"2","name":"PAYU","type":"bank"},"client":{"id":"24218","name":"Maria Fernanda Zapata","phone":"3114274718"},"invoices":[{"id":"30681","number":"32942","date":"2021-04-17","amount":50600,"total":50600,"balance":0}],"costCenter":null,"numberTemplate":{"id":"3","prefix":"","number":"30478","fullNumber":"30478","formattedNumber":"30478"}}
2021-04-17 11:10:24 :: ----------send data payment:30682------------
2021-04-17 11:10:24 :: {"date":"2021-04-17","invoices":[{"amount":"111298","id":"30682"}],"bankAccount":2}
2021-04-17 11:10:24 :: ----------result data payment:30682------------
2021-04-17 11:10:24 :: {"id":"31768","date":"2021-04-17","number":"30479","amount":"111298.0000000000","observations":null,"anotation":null,"type":"in","paymentMethod":"","status":"open","bankAccount":{"id":"2","name":"PAYU","type":"bank"},"client":{"id":"24219","name":"Daniela Carrillo","phone":"3217150308"},"invoices":[{"id":"30682","number":"32943","date":"2021-04-17","amount":111298,"total":111298,"balance":0}],"costCenter":null,"numberTemplate":{"id":"3","prefix":"","number":"30479","fullNumber":"30479","formattedNumber":"30479"}}
2021-04-17 11:20:21 :: ----------send data payment:30683------------
2021-04-17 11:20:21 :: {"date":"2021-04-17","invoices":[{"amount":"87800","id":"30683"}],"bankAccount":2}
2021-04-17 11:20:23 :: ----------result data payment:30683------------
2021-04-17 11:20:23 :: {"id":"31769","date":"2021-04-17","number":"30480","amount":"87800.0000000000","observations":null,"anotation":null,"type":"in","paymentMethod":"","status":"open","bankAccount":{"id":"2","name":"PAYU","type":"bank"},"client":{"id":"24108","name":"Maria fermanda","phone":"3045470606"},"invoices":[{"id":"30683","number":"32944","date":"2021-04-17","amount":87800,"total":87800,"balance":0}],"costCenter":null,"numberTemplate":{"id":"3","prefix":"","number":"30480","fullNumber":"30480","formattedNumber":"30480"}}