
2021-09-04 07:11:08 :: ----------send data payment:37063------------
2021-09-04 07:11:08 :: {"date":"2021-09-04","invoices":[{"amount":"30000","id":"37063"}],"bankAccount":2}
2021-09-04 07:11:09 :: ----------result data payment:37063------------
2021-09-04 07:11:09 :: {"id":"38548","date":"2021-09-04","number":"36864","amount":"30000.0000000000","observations":null,"anotation":null,"type":"in","paymentMethod":"","status":"open","bankAccount":{"id":"2","name":"PAYU","type":"bank"},"client":{"id":"28832","name":"Lauta Valentina Castro Albornoz","phone":"3194651044"},"invoices":[{"id":"37063","number":"39324","date":"2021-09-04","amount":30000,"total":30000,"balance":0}],"costCenter":null,"numberTemplate":{"id":"3","prefix":"","number":"36864","fullNumber":"36864","formattedNumber":"36864"}}
2021-09-04 09:42:05 :: ----------send data payment:37064------------
2021-09-04 09:42:05 :: {"date":"2021-09-04","invoices":[{"amount":"100000","id":"37064"}],"bankAccount":2}
2021-09-04 09:42:06 :: ----------result data payment:37064------------
2021-09-04 09:42:06 :: {"id":"38549","date":"2021-09-04","number":"36865","amount":"100000.0000000000","observations":null,"anotation":null,"type":"in","paymentMethod":"","status":"open","bankAccount":{"id":"2","name":"PAYU","type":"bank"},"client":{"id":"28833","name":"Jhoana Gallego","phone":"3155493980"},"invoices":[{"id":"37064","number":"39325","date":"2021-09-04","amount":100000,"total":100000,"balance":0}],"costCenter":null,"numberTemplate":{"id":"3","prefix":"","number":"36865","fullNumber":"36865","formattedNumber":"36865"}}
2021-09-04 10:07:08 :: ----------send data payment:37065------------
2021-09-04 10:07:08 :: {"date":"2021-09-04","invoices":[{"amount":"30000","id":"37065"}],"bankAccount":2}
2021-09-04 10:07:10 :: ----------result data payment:37065------------
2021-09-04 10:07:10 :: {"id":"38550","date":"2021-09-04","number":"36866","amount":"30000.0000000000","observations":null,"anotation":null,"type":"in","paymentMethod":"","status":"open","bankAccount":{"id":"2","name":"PAYU","type":"bank"},"client":{"id":"28834","name":"Natalia Londo\u00f1o","phone":"3106728580"},"invoices":[{"id":"37065","number":"39326","date":"2021-09-04","amount":30000,"total":30000,"balance":0}],"costCenter":null,"numberTemplate":{"id":"3","prefix":"","number":"36866","fullNumber":"36866","formattedNumber":"36866"}}
2021-09-04 10:08:06 :: ----------send data payment:37066------------
2021-09-04 10:08:06 :: {"date":"2021-09-04","invoices":[{"amount":"127000","id":"37066"}],"bankAccount":2}
2021-09-04 10:08:09 :: ----------result data payment:37066------------
2021-09-04 10:08:09 :: {"id":"38551","date":"2021-09-04","number":"36867","amount":"127000.0000000000","observations":null,"anotation":null,"type":"in","paymentMethod":"","status":"open","bankAccount":{"id":"2","name":"PAYU","type":"bank"},"client":{"id":"9624","name":"Ana Osorio","phone":"3176696526"},"invoices":[{"id":"37066","number":"39327","date":"2021-09-04","amount":127000,"total":127000,"balance":0}],"costCenter":null,"numberTemplate":{"id":"3","prefix":"","number":"36867","fullNumber":"36867","formattedNumber":"36867"}}
2021-09-04 10:12:08 :: ----------send data payment:37067------------
2021-09-04 10:12:08 :: {"date":"2021-09-04","invoices":[{"amount":"240000","id":"37067"}],"bankAccount":2}
2021-09-04 10:12:10 :: ----------result data payment:37067------------
2021-09-04 10:12:10 :: {"id":"38552","date":"2021-09-04","number":"36868","amount":"240000.0000000000","observations":null,"anotation":null,"type":"in","paymentMethod":"","status":"open","bankAccount":{"id":"2","name":"PAYU","type":"bank"},"client":{"id":"28835","name":"MARIA PAULINA TEJERA","phone":"3017969040"},"invoices":[{"id":"37067","number":"39328","date":"2021-09-04","amount":240000,"total":240000,"balance":0}],"costCenter":null,"numberTemplate":{"id":"3","prefix":"","number":"36868","fullNumber":"36868","formattedNumber":"36868"}}
2021-09-04 10:18:05 :: ----------send data payment:37068------------
2021-09-04 10:18:05 :: {"date":"2021-09-04","invoices":[{"amount":"70000","id":"37068"}],"bankAccount":2}
2021-09-04 10:18:06 :: ----------result data payment:37068------------
2021-09-04 10:18:06 :: {"id":"38553","date":"2021-09-04","number":"36869","amount":"70000.0000000000","observations":null,"anotation":null,"type":"in","paymentMethod":"","status":"open","bankAccount":{"id":"2","name":"PAYU","type":"bank"},"client":{"id":"28836","name":"Laura Ortiz","phone":"3146180566"},"invoices":[{"id":"37068","number":"39329","date":"2021-09-04","amount":70000,"total":70000,"balance":0}],"costCenter":null,"numberTemplate":{"id":"3","prefix":"","number":"36869","fullNumber":"36869","formattedNumber":"36869"}}
2021-09-04 10:18:10 :: ----------send data payment:37069------------
2021-09-04 10:18:10 :: {"date":"2021-09-04","invoices":[{"amount":"70000","id":"37069"}],"bankAccount":2}
2021-09-04 10:18:11 :: ----------result data payment:37069------------
2021-09-04 10:18:11 :: {"id":"38554","date":"2021-09-04","number":"36870","amount":"70000.0000000000","observations":null,"anotation":null,"type":"in","paymentMethod":"","status":"open","bankAccount":{"id":"2","name":"PAYU","type":"bank"},"client":{"id":"28837","name":"Claribeth V\u00e1squez","phone":"3004805970"},"invoices":[{"id":"37069","number":"39330","date":"2021-09-04","amount":70000,"total":70000,"balance":0}],"costCenter":null,"numberTemplate":{"id":"3","prefix":"","number":"36870","fullNumber":"36870","formattedNumber":"36870"}}
2021-09-04 10:18:13 :: ----------send data payment:37070------------
2021-09-04 10:18:13 :: {"date":"2021-09-04","invoices":[{"amount":"73000","id":"37070"}],"bankAccount":2}
2021-09-04 10:18:15 :: ----------result data payment:37070------------
2021-09-04 10:18:15 :: {"id":"38555","date":"2021-09-04","number":"36871","amount":"73000.0000000000","observations":null,"anotation":null,"type":"in","paymentMethod":"","status":"open","bankAccount":{"id":"2","name":"PAYU","type":"bank"},"client":{"id":"28838","name":"Emma Forero","phone":"3146112680"},"invoices":[{"id":"37070","number":"39331","date":"2021-09-04","amount":73000,"total":73000,"balance":0}],"costCenter":null,"numberTemplate":{"id":"3","prefix":"","number":"36871","fullNumber":"36871","formattedNumber":"36871"}}
2021-09-04 11:08:08 :: ----------send data payment:37071------------
2021-09-04 11:08:08 :: {"date":"2021-09-04","invoices":[{"amount":"153000","id":"37071"}],"bankAccount":2}
2021-09-04 11:08:10 :: ----------result data payment:37071------------
2021-09-04 11:08:10 :: {"id":"38556","date":"2021-09-04","number":"36872","amount":"153000.0000000000","observations":null,"anotation":null,"type":"in","paymentMethod":"","status":"open","bankAccount":{"id":"2","name":"PAYU","type":"bank"},"client":{"id":"28839","name":"Vivian Mayerly Cardenas Pinilla","phone":"3168726443"},"invoices":[{"id":"37071","number":"39332","date":"2021-09-04","amount":153000,"total":153000,"balance":0}],"costCenter":null,"numberTemplate":{"id":"3","prefix":"","number":"36872","fullNumber":"36872","formattedNumber":"36872"}}
2021-09-04 11:24:06 :: ----------send data payment:37072------------
2021-09-04 11:24:06 :: {"date":"2021-09-04","invoices":[{"amount":"70000","id":"37072"}],"bankAccount":2}
2021-09-04 11:24:07 :: ----------result data payment:37072------------
2021-09-04 11:24:07 :: {"id":"38557","date":"2021-09-04","number":"36873","amount":"70000.0000000000","observations":null,"anotation":null,"type":"in","paymentMethod":"","status":"open","bankAccount":{"id":"2","name":"PAYU","type":"bank"},"client":{"id":"28840","name":"VIVIANA ALBINO","phone":"3218671145"},"invoices":[{"id":"37072","number":"39333","date":"2021-09-04","amount":70000,"total":70000,"balance":0}],"costCenter":null,"numberTemplate":{"id":"3","prefix":"","number":"36873","fullNumber":"36873","formattedNumber":"36873"}}
2021-09-04 11:33:05 :: ----------send data payment:37073------------
2021-09-04 11:33:05 :: {"date":"2021-09-04","invoices":[{"amount":"114000","id":"37073"}],"bankAccount":2}
2021-09-04 11:33:07 :: ----------result data payment:37073------------
2021-09-04 11:33:07 :: {"id":"38558","date":"2021-09-04","number":"36874","amount":"114000.0000000000","observations":null,"anotation":null,"type":"in","paymentMethod":"","status":"open","bankAccount":{"id":"2","name":"PAYU","type":"bank"},"client":{"id":"28841","name":"Carolina Chinchilla","phone":"3505899106"},"invoices":[{"id":"37073","number":"39334","date":"2021-09-04","amount":114000,"total":114000,"balance":0}],"costCenter":null,"numberTemplate":{"id":"3","prefix":"","number":"36874","fullNumber":"36874","formattedNumber":"36874"}}
2021-09-04 11:53:05 :: ----------send data payment:37074------------
2021-09-04 11:53:05 :: {"date":"2021-09-04","invoices":[{"amount":"55000","id":"37074"}],"bankAccount":2}
2021-09-04 11:53:06 :: ----------result data payment:37074------------
2021-09-04 11:53:06 :: {"id":"38559","date":"2021-09-04","number":"36875","amount":"55000.0000000000","observations":null,"anotation":null,"type":"in","paymentMethod":"","status":"open","bankAccount":{"id":"2","name":"PAYU","type":"bank"},"client":{"id":"28842","name":"Angelica Pineda","phone":"3015581068"},"invoices":[{"id":"37074","number":"39335","date":"2021-09-04","amount":55000,"total":55000,"balance":0}],"costCenter":null,"numberTemplate":{"id":"3","prefix":"","number":"36875","fullNumber":"36875","formattedNumber":"36875"}}
2021-09-04 11:58:05 :: ----------send data payment:37075------------
2021-09-04 11:58:05 :: {"date":"2021-09-04","invoices":[{"amount":"80000","id":"37075"}],"bankAccount":2}
2021-09-04 11:58:07 :: ----------result data payment:37075------------
2021-09-04 11:58:07 :: {"id":"38560","date":"2021-09-04","number":"36876","amount":"80000.0000000000","observations":null,"anotation":null,"type":"in","paymentMethod":"","status":"open","bankAccount":{"id":"2","name":"PAYU","type":"bank"},"client":{"id":"28843","name":"Mar\u00eda Ballestetos ar\u00e9valo","phone":"3138450686"},"invoices":[{"id":"37075","number":"39336","date":"2021-09-04","amount":80000,"total":80000,"balance":0}],"costCenter":null,"numberTemplate":{"id":"3","prefix":"","number":"36876","fullNumber":"36876","formattedNumber":"36876"}}
2021-09-04 12:09:05 :: ----------send data payment:37076------------
2021-09-04 12:09:05 :: {"date":"2021-09-04","invoices":[{"amount":"105000","id":"37076"}],"bankAccount":2}
2021-09-04 12:09:07 :: ----------result data payment:37076------------
2021-09-04 12:09:07 :: {"id":"38561","date":"2021-09-04","number":"36877","amount":"105000.0000000000","observations":null,"anotation":null,"type":"in","paymentMethod":"","status":"open","bankAccount":{"id":"2","name":"PAYU","type":"bank"},"client":{"id":"28844","name":"Sharon Obando Delgado","phone":"3012837486"},"invoices":[{"id":"37076","number":"39337","date":"2021-09-04","amount":105000,"total":105000,"balance":0}],"costCenter":null,"numberTemplate":{"id":"3","prefix":"","number":"36877","fullNumber":"36877","formattedNumber":"36877"}}
2021-09-04 12:43:06 :: ----------send data payment:37077------------
2021-09-04 12:43:06 :: {"date":"2021-09-04","invoices":[{"amount":"117000","id":"37077"}],"bankAccount":2}
2021-09-04 12:43:08 :: ----------result data payment:37077------------
2021-09-04 12:43:08 :: {"id":"38562","date":"2021-09-04","number":"36878","amount":"117000.0000000000","observations":null,"anotation":null,"type":"in","paymentMethod":"","status":"open","bankAccount":{"id":"2","name":"PAYU","type":"bank"},"client":{"id":"28845","name":"Erika S\u00e1nchez","phone":"3006348854"},"invoices":[{"id":"37077","number":"39338","date":"2021-09-04","amount":117000,"total":117000,"balance":0}],"costCenter":null,"numberTemplate":{"id":"3","prefix":"","number":"36878","fullNumber":"36878","formattedNumber":"36878"}}
2021-09-04 02:06:08 :: ----------send data payment:37079------------
2021-09-04 02:06:08 :: {"date":"2021-09-04","invoices":[{"amount":"170000","id":"37079"}],"bankAccount":2}
2021-09-04 02:06:09 :: ----------result data payment:37079------------
2021-09-04 02:06:09 :: {"id":"38565","date":"2021-09-04","number":"36881","amount":"170000.0000000000","observations":null,"anotation":null,"type":"in","paymentMethod":"","status":"open","bankAccount":{"id":"2","name":"PAYU","type":"bank"},"client":{"id":"4707","name":"Valentina Cabrera","phone":"3217793302"},"invoices":[{"id":"37079","number":"39340","date":"2021-09-04","amount":170000,"total":170000,"balance":0}],"costCenter":null,"numberTemplate":{"id":"3","prefix":"","number":"36881","fullNumber":"36881","formattedNumber":"36881"}}
2021-09-04 02:11:04 :: ----------send data payment:37080------------
2021-09-04 02:11:04 :: {"date":"2021-09-04","invoices":[{"amount":"37000","id":"37080"}],"bankAccount":2}
2021-09-04 02:11:06 :: ----------result data payment:37080------------
2021-09-04 02:11:06 :: {"id":"38566","date":"2021-09-04","number":"36882","amount":"37000.0000000000","observations":null,"anotation":null,"type":"in","paymentMethod":"","status":"open","bankAccount":{"id":"2","name":"PAYU","type":"bank"},"client":{"id":"28846","name":"Mariana Rinc\u00f3n","phone":"3023846139"},"invoices":[{"id":"37080","number":"39341","date":"2021-09-04","amount":37000,"total":37000,"balance":0}],"costCenter":null,"numberTemplate":{"id":"3","prefix":"","number":"36882","fullNumber":"36882","formattedNumber":"36882"}}
2021-09-04 02:23:05 :: ----------send data payment:37081------------
2021-09-04 02:23:05 :: {"date":"2021-09-04","invoices":[{"amount":"80001","id":"37081"}],"bankAccount":2}
2021-09-04 02:23:07 :: ----------result data payment:37081------------
2021-09-04 02:23:07 :: {"id":"38567","date":"2021-09-04","number":"36883","amount":"80001.0000000000","observations":null,"anotation":null,"type":"in","paymentMethod":"","status":"open","bankAccount":{"id":"2","name":"PAYU","type":"bank"},"client":{"id":"28847","name":"Victor Efr\u00e9n Villanueva","phone":"3003749337"},"invoices":[{"id":"37081","number":"39342","date":"2021-09-04","amount":80001,"total":80001,"balance":0}],"costCenter":null,"numberTemplate":{"id":"3","prefix":"","number":"36883","fullNumber":"36883","formattedNumber":"36883"}}
2021-09-04 02:42:09 :: ----------send data payment:37082------------
2021-09-04 02:42:09 :: {"date":"2021-09-04","invoices":[{"amount":"111001","id":"37082"}],"bankAccount":2}
2021-09-04 02:42:11 :: ----------result data payment:37082------------
2021-09-04 02:42:11 :: {"id":"38568","date":"2021-09-04","number":"36884","amount":"111001.0000000000","observations":null,"anotation":null,"type":"in","paymentMethod":"","status":"open","bankAccount":{"id":"2","name":"PAYU","type":"bank"},"client":{"id":"28848","name":"Natalia Otalora","phone":"3206968921"},"invoices":[{"id":"37082","number":"39343","date":"2021-09-04","amount":111001,"total":111001,"balance":0}],"costCenter":null,"numberTemplate":{"id":"3","prefix":"","number":"36884","fullNumber":"36884","formattedNumber":"36884"}}
2021-09-04 03:02:11 :: ----------send data payment:37083------------
2021-09-04 03:02:11 :: {"date":"2021-09-04","invoices":[{"amount":"351997","id":"37083"}],"bankAccount":2}
2021-09-04 03:02:13 :: ----------result data payment:37083------------
2021-09-04 03:02:13 :: {"id":"38569","date":"2021-09-04","number":"36885","amount":"351997.0000000000","observations":null,"anotation":null,"type":"in","paymentMethod":"","status":"open","bankAccount":{"id":"2","name":"PAYU","type":"bank"},"client":{"id":"22757","name":"Edgir Anaya","phone":"3203568478"},"invoices":[{"id":"37083","number":"39344","date":"2021-09-04","amount":351997,"total":351997,"balance":0}],"costCenter":null,"numberTemplate":{"id":"3","prefix":"","number":"36885","fullNumber":"36885","formattedNumber":"36885"}}
2021-09-04 03:11:11 :: ----------send data payment:37084------------
2021-09-04 03:11:11 :: {"date":"2021-09-04","invoices":[{"amount":"70000","id":"37084"}],"bankAccount":2}
2021-09-04 03:11:13 :: ----------result data payment:37084------------
2021-09-04 03:11:13 :: {"id":"38570","date":"2021-09-04","number":"36886","amount":"70000.0000000000","observations":null,"anotation":null,"type":"in","paymentMethod":"","status":"open","bankAccount":{"id":"2","name":"PAYU","type":"bank"},"client":{"id":"28849","name":"Angie Fortich","phone":"3148847022"},"invoices":[{"id":"37084","number":"39345","date":"2021-09-04","amount":70000,"total":70000,"balance":0}],"costCenter":null,"numberTemplate":{"id":"3","prefix":"","number":"36886","fullNumber":"36886","formattedNumber":"36886"}}
2021-09-04 03:16:11 :: ----------send data payment:37085------------
2021-09-04 03:16:11 :: {"date":"2021-09-04","invoices":[{"amount":"100002","id":"37085"}],"bankAccount":2}
2021-09-04 03:16:14 :: ----------result data payment:37085------------
2021-09-04 03:16:14 :: {"id":"38571","date":"2021-09-04","number":"36887","amount":"100002.0000000000","observations":null,"anotation":null,"type":"in","paymentMethod":"","status":"open","bankAccount":{"id":"2","name":"PAYU","type":"bank"},"client":{"id":"28850","name":"Mary Cruz Hern\u00e1ndez","phone":"3217175177"},"invoices":[{"id":"37085","number":"39346","date":"2021-09-04","amount":100002,"total":100002,"balance":0}],"costCenter":null,"numberTemplate":{"id":"3","prefix":"","number":"36887","fullNumber":"36887","formattedNumber":"36887"}}
2021-09-04 04:14:04 :: ----------send data payment:37086------------
2021-09-04 04:14:04 :: {"date":"2021-09-04","invoices":[{"amount":"158001","id":"37086"}],"bankAccount":2}
2021-09-04 04:14:06 :: ----------result data payment:37086------------
2021-09-04 04:14:06 :: {"id":"38572","date":"2021-09-04","number":"36888","amount":"158001.0000000000","observations":null,"anotation":null,"type":"in","paymentMethod":"","status":"open","bankAccount":{"id":"2","name":"PAYU","type":"bank"},"client":{"id":"6237","name":"Darcy Garcia","phone":"3104216548"},"invoices":[{"id":"37086","number":"39347","date":"2021-09-04","amount":158001,"total":158001,"balance":0}],"costCenter":null,"numberTemplate":{"id":"3","prefix":"","number":"36888","fullNumber":"36888","formattedNumber":"36888"}}
2021-09-04 05:15:04 :: ----------send data payment:37087------------
2021-09-04 05:15:04 :: {"date":"2021-09-04","invoices":[{"amount":"75000","id":"37087"}],"bankAccount":2}
2021-09-04 05:15:06 :: ----------result data payment:37087------------
2021-09-04 05:15:06 :: {"id":"38573","date":"2021-09-04","number":"36889","amount":"75000.0000000000","observations":null,"anotation":null,"type":"in","paymentMethod":"","status":"open","bankAccount":{"id":"2","name":"PAYU","type":"bank"},"client":{"id":"12249","name":"Mar\u00eda Isabel Vides Ospino","phone":"3126374073"},"invoices":[{"id":"37087","number":"39348","date":"2021-09-04","amount":75000,"total":75000,"balance":0}],"costCenter":null,"numberTemplate":{"id":"3","prefix":"","number":"36889","fullNumber":"36889","formattedNumber":"36889"}}
2021-09-04 05:52:05 :: ----------send data payment:37088------------
2021-09-04 05:52:05 :: {"date":"2021-09-04","invoices":[{"amount":"16000","id":"37088"}],"bankAccount":2}
2021-09-04 05:52:06 :: ----------result data payment:37088------------
2021-09-04 05:52:06 :: {"id":"38574","date":"2021-09-04","number":"36890","amount":"16000.0000000000","observations":null,"anotation":null,"type":"in","paymentMethod":"","status":"open","bankAccount":{"id":"2","name":"PAYU","type":"bank"},"client":{"id":"28851","name":"Paula Andrea Colmenares","phone":"3003974119"},"invoices":[{"id":"37088","number":"39349","date":"2021-09-04","amount":16000,"total":16000,"balance":0}],"costCenter":null,"numberTemplate":{"id":"3","prefix":"","number":"36890","fullNumber":"36890","formattedNumber":"36890"}}
2021-09-04 08:07:05 :: ----------send data payment:37089------------
2021-09-04 08:07:05 :: {"date":"2021-09-04","invoices":[{"amount":"46000","id":"37089"}],"bankAccount":2}
2021-09-04 08:07:07 :: ----------result data payment:37089------------
2021-09-04 08:07:07 :: {"id":"38575","date":"2021-09-04","number":"36891","amount":"46000.0000000000","observations":null,"anotation":null,"type":"in","paymentMethod":"","status":"open","bankAccount":{"id":"2","name":"PAYU","type":"bank"},"client":{"id":"28852","name":"Andrea Catalina","phone":"3134558344"},"invoices":[{"id":"37089","number":"39350","date":"2021-09-04","amount":46000,"total":46000,"balance":0}],"costCenter":null,"numberTemplate":{"id":"3","prefix":"","number":"36891","fullNumber":"36891","formattedNumber":"36891"}}
2021-09-04 08:36:08 :: ----------send data payment:37090------------
2021-09-04 08:36:08 :: {"date":"2021-09-04","invoices":[{"amount":"70000","id":"37090"}],"bankAccount":2}
2021-09-04 08:36:09 :: ----------result data payment:37090------------
2021-09-04 08:36:09 :: {"id":"38576","date":"2021-09-04","number":"36892","amount":"70000.0000000000","observations":null,"anotation":null,"type":"in","paymentMethod":"","status":"open","bankAccount":{"id":"2","name":"PAYU","type":"bank"},"client":{"id":"28853","name":"Maria Fernanda Perez Sandoval","phone":"3006760640"},"invoices":[{"id":"37090","number":"39351","date":"2021-09-04","amount":70000,"total":70000,"balance":0}],"costCenter":null,"numberTemplate":{"id":"3","prefix":"","number":"36892","fullNumber":"36892","formattedNumber":"36892"}}
2021-09-04 10:07:06 :: ----------send data payment:37091------------
2021-09-04 10:07:06 :: {"date":"2021-09-04","invoices":[{"amount":"60000","id":"37091"}],"bankAccount":2}
2021-09-04 10:07:07 :: ----------result data payment:37091------------
2021-09-04 10:07:07 :: {"id":"38577","date":"2021-09-04","number":"36893","amount":"60000.0000000000","observations":null,"anotation":null,"type":"in","paymentMethod":"","status":"open","bankAccount":{"id":"2","name":"PAYU","type":"bank"},"client":{"id":"28854","name":"Gynna Reyes","phone":"3004171746"},"invoices":[{"id":"37091","number":"39352","date":"2021-09-04","amount":60000,"total":60000,"balance":0}],"costCenter":null,"numberTemplate":{"id":"3","prefix":"","number":"36893","fullNumber":"36893","formattedNumber":"36893"}}
2021-09-04 11:28:04 :: ----------send data payment:37092------------
2021-09-04 11:28:04 :: {"date":"2021-09-04","invoices":[{"amount":"107000","id":"37092"}],"bankAccount":2}
2021-09-04 11:28:06 :: ----------result data payment:37092------------
2021-09-04 11:28:06 :: {"id":"38578","date":"2021-09-04","number":"36894","amount":"107000.0000000000","observations":null,"anotation":null,"type":"in","paymentMethod":"","status":"open","bankAccount":{"id":"2","name":"PAYU","type":"bank"},"client":{"id":"19449","name":"Valentina Gomez","phone":"3136490513"},"invoices":[{"id":"37092","number":"39353","date":"2021-09-04","amount":107000,"total":107000,"balance":0}],"costCenter":null,"numberTemplate":{"id":"3","prefix":"","number":"36894","fullNumber":"36894","formattedNumber":"36894"}}
2021-09-04 11:38:04 :: ----------send data payment:37093------------
2021-09-04 11:38:04 :: {"date":"2021-09-04","invoices":[{"amount":"26000","id":"37093"}],"bankAccount":2}
2021-09-04 11:38:06 :: ----------result data payment:37093------------
2021-09-04 11:38:06 :: {"id":"38579","date":"2021-09-04","number":"36895","amount":"26000.0000000000","observations":null,"anotation":null,"type":"in","paymentMethod":"","status":"open","bankAccount":{"id":"2","name":"PAYU","type":"bank"},"client":{"id":"28855","name":"Luis Sarria","phone":"3182346427"},"invoices":[{"id":"37093","number":"39354","date":"2021-09-04","amount":26000,"total":26000,"balance":0}],"costCenter":null,"numberTemplate":{"id":"3","prefix":"","number":"36895","fullNumber":"36895","formattedNumber":"36895"}}