
2021-04-12 05:55:20 :: ----------send data payment:30406------------
2021-04-12 05:55:20 :: {"date":"2021-04-12","invoices":[{"amount":"32680","id":"30406"}],"bankAccount":2}
2021-04-12 05:55:21 :: ----------result data payment:30406------------
2021-04-12 05:55:21 :: {"id":"31475","date":"2021-04-12","number":"30200","amount":"32680.0000000000","observations":null,"anotation":null,"type":"in","paymentMethod":"","status":"open","bankAccount":{"id":"2","name":"PAYU","type":"bank"},"client":{"id":"24037","name":"Natalia Ramirez","phone":"5989335"},"invoices":[{"id":"30406","number":"32667","date":"2021-04-12","amount":32680,"total":32680,"balance":0}],"costCenter":null,"numberTemplate":{"id":"3","prefix":"","number":"30200","fullNumber":"30200","formattedNumber":"30200"}}
2021-04-12 07:20:39 :: ----------send data payment:30407------------
2021-04-12 07:20:39 :: {"date":"2021-04-12","invoices":[{"amount":"94645","id":"30407"}],"bankAccount":2}
2021-04-12 07:20:41 :: ----------result data payment:30407------------
2021-04-12 07:20:41 :: {"id":"31476","date":"2021-04-12","number":"30201","amount":"94645.0000000000","observations":null,"anotation":null,"type":"in","paymentMethod":"","status":"open","bankAccount":{"id":"2","name":"PAYU","type":"bank"},"client":{"id":"24038","name":"Catalina Velasquez","phone":"3188831581"},"invoices":[{"id":"30407","number":"32668","date":"2021-04-12","amount":94645,"total":94645,"balance":0}],"costCenter":null,"numberTemplate":{"id":"3","prefix":"","number":"30201","fullNumber":"30201","formattedNumber":"30201"}}
2021-04-12 07:35:15 :: ----------send data payment:30408------------
2021-04-12 07:35:15 :: {"date":"2021-04-12","invoices":[{"amount":"104768","id":"30408"}],"bankAccount":2}
2021-04-12 07:35:16 :: ----------result data payment:30408------------
2021-04-12 07:35:16 :: {"id":"31477","date":"2021-04-12","number":"30202","amount":"104768.0000000000","observations":null,"anotation":null,"type":"in","paymentMethod":"","status":"open","bankAccount":{"id":"2","name":"PAYU","type":"bank"},"client":{"id":"24039","name":"angelajimenez11","phone":"3167401455"},"invoices":[{"id":"30408","number":"32669","date":"2021-04-12","amount":104768,"total":104768,"balance":0}],"costCenter":null,"numberTemplate":{"id":"3","prefix":"","number":"30202","fullNumber":"30202","formattedNumber":"30202"}}
2021-04-12 08:35:12 :: ----------send data payment:30409------------
2021-04-12 08:35:12 :: {"date":"2021-04-12","invoices":[{"amount":"159554","id":"30409"}],"bankAccount":2}
2021-04-12 08:35:14 :: ----------result data payment:30409------------
2021-04-12 08:35:14 :: {"id":"31478","date":"2021-04-12","number":"30203","amount":"159554.0000000000","observations":null,"anotation":null,"type":"in","paymentMethod":"","status":"open","bankAccount":{"id":"2","name":"PAYU","type":"bank"},"client":{"id":"3277","name":"Elizabeth Ospina Ardila","phone":"3008499114"},"invoices":[{"id":"30409","number":"32670","date":"2021-04-12","amount":159554,"total":159554,"balance":0}],"costCenter":null,"numberTemplate":{"id":"3","prefix":"","number":"30203","fullNumber":"30203","formattedNumber":"30203"}}
2021-04-12 09:05:13 :: ----------send data payment:30410------------
2021-04-12 09:05:13 :: {"date":"2021-04-12","invoices":[{"amount":"60000","id":"30410"}],"bankAccount":2}
2021-04-12 09:05:14 :: ----------result data payment:30410------------
2021-04-12 09:05:14 :: {"id":"31479","date":"2021-04-12","number":"30204","amount":"60000.0000000000","observations":null,"anotation":null,"type":"in","paymentMethod":"","status":"open","bankAccount":{"id":"2","name":"PAYU","type":"bank"},"client":{"id":"24040","name":"Mar\u00eda Losada Villarreal","phone":"3104800678"},"invoices":[{"id":"30410","number":"32671","date":"2021-04-12","amount":60000,"total":60000,"balance":0}],"costCenter":null,"numberTemplate":{"id":"3","prefix":"","number":"30204","fullNumber":"30204","formattedNumber":"30204"}}
2021-04-12 09:35:15 :: ----------send data payment:30411------------
2021-04-12 09:35:15 :: {"date":"2021-04-12","invoices":[{"amount":"48000","id":"30411"}],"bankAccount":2}
2021-04-12 09:35:17 :: ----------result data payment:30411------------
2021-04-12 09:35:17 :: {"id":"31480","date":"2021-04-12","number":"30205","amount":"48000.0000000000","observations":null,"anotation":null,"type":"in","paymentMethod":"","status":"open","bankAccount":{"id":"2","name":"PAYU","type":"bank"},"client":{"id":"24041","name":"Isabella Vanoy","phone":"3103666498"},"invoices":[{"id":"30411","number":"32672","date":"2021-04-12","amount":48000,"total":48000,"balance":0}],"costCenter":null,"numberTemplate":{"id":"3","prefix":"","number":"30205","fullNumber":"30205","formattedNumber":"30205"}}
2021-04-12 10:35:28 :: ----------send data payment:30413------------
2021-04-12 10:35:28 :: {"date":"2021-04-12","invoices":[{"amount":"76999","id":"30413"}],"bankAccount":2}
2021-04-12 10:35:31 :: ----------result data payment:30413------------
2021-04-12 10:35:31 :: {"id":"31482","date":"2021-04-12","number":"30207","amount":"76999.0000000000","observations":null,"anotation":null,"type":"in","paymentMethod":"","status":"open","bankAccount":{"id":"2","name":"PAYU","type":"bank"},"client":{"id":"2687","name":"laura mora","phone":"3013169439"},"invoices":[{"id":"30413","number":"32674","date":"2021-04-12","amount":76999,"total":76999,"balance":0}],"costCenter":null,"numberTemplate":{"id":"3","prefix":"","number":"30207","fullNumber":"30207","formattedNumber":"30207"}}
2021-04-12 10:40:23 :: ----------send data payment:30414------------
2021-04-12 10:40:23 :: {"date":"2021-04-12","invoices":[{"amount":"74001","id":"30414"}],"bankAccount":2}
2021-04-12 10:40:25 :: ----------result data payment:30414------------
2021-04-12 10:40:25 :: {"id":"31483","date":"2021-04-12","number":"30208","amount":"74001.0000000000","observations":null,"anotation":null,"type":"in","paymentMethod":"","status":"open","bankAccount":{"id":"2","name":"PAYU","type":"bank"},"client":{"id":"24042","name":"Daniela Ducuara","phone":"3195129178"},"invoices":[{"id":"30414","number":"32675","date":"2021-04-12","amount":74001,"total":74001,"balance":0}],"costCenter":null,"numberTemplate":{"id":"3","prefix":"","number":"30208","fullNumber":"30208","formattedNumber":"30208"}}
2021-04-12 10:50:11 :: ----------send data payment:30415------------
2021-04-12 10:50:11 :: {"date":"2021-04-12","invoices":[{"amount":"22000","id":"30415"}],"bankAccount":2}
2021-04-12 10:50:13 :: ----------result data payment:30415------------
2021-04-12 10:50:13 :: {"id":"31484","date":"2021-04-12","number":"30209","amount":"22000.0000000000","observations":null,"anotation":null,"type":"in","paymentMethod":"","status":"open","bankAccount":{"id":"2","name":"PAYU","type":"bank"},"client":{"id":"24043","name":"Valentina Laverde Vasquez","phone":"3157253663"},"invoices":[{"id":"30415","number":"32676","date":"2021-04-12","amount":22000,"total":22000,"balance":0}],"costCenter":null,"numberTemplate":{"id":"3","prefix":"","number":"30209","fullNumber":"30209","formattedNumber":"30209"}}
2021-04-12 11:15:35 :: ----------send data payment:30416------------
2021-04-12 11:15:35 :: {"date":"2021-04-12","invoices":[{"amount":"130998","id":"30416"}],"bankAccount":2}
2021-04-12 11:15:37 :: ----------result data payment:30416------------
2021-04-12 11:15:37 :: {"id":"31485","date":"2021-04-12","number":"30210","amount":"130998.0000000000","observations":null,"anotation":null,"type":"in","paymentMethod":"","status":"open","bankAccount":{"id":"2","name":"PAYU","type":"bank"},"client":{"id":"10316","name":"Diana Quintana","phone":"(313) 323-9575"},"invoices":[{"id":"30416","number":"32677","date":"2021-04-12","amount":130998,"total":130998,"balance":0}],"costCenter":null,"numberTemplate":{"id":"3","prefix":"","number":"30210","fullNumber":"30210","formattedNumber":"30210"}}
2021-04-12 11:25:34 :: ----------send data payment:30417------------
2021-04-12 11:25:34 :: {"date":"2021-04-12","invoices":[{"amount":"70000","id":"30417"}],"bankAccount":2}
2021-04-12 11:25:36 :: ----------result data payment:30417------------
2021-04-12 11:25:36 :: {"id":"31486","date":"2021-04-12","number":"30211","amount":"70000.0000000000","observations":null,"anotation":null,"type":"in","paymentMethod":"","status":"open","bankAccount":{"id":"2","name":"PAYU","type":"bank"},"client":{"id":"14011","name":"Danila","phone":"3185217135"},"invoices":[{"id":"30417","number":"32678","date":"2021-04-12","amount":70000,"total":70000,"balance":0}],"costCenter":null,"numberTemplate":{"id":"3","prefix":"","number":"30211","fullNumber":"30211","formattedNumber":"30211"}}
2021-04-12 11:45:37 :: ----------send data payment:30419------------
2021-04-12 11:45:37 :: {"date":"2021-04-12","invoices":[{"amount":"40000","id":"30419"}],"bankAccount":2}
2021-04-12 11:45:40 :: ----------result data payment:30419------------
2021-04-12 11:45:40 :: {"id":"31488","date":"2021-04-12","number":"30213","amount":"40000.0000000000","observations":null,"anotation":null,"type":"in","paymentMethod":"","status":"open","bankAccount":{"id":"2","name":"PAYU","type":"bank"},"client":{"id":"24045","name":"Laura Garcia","phone":"3014168450"},"invoices":[{"id":"30419","number":"32680","date":"2021-04-12","amount":40000,"total":40000,"balance":0}],"costCenter":null,"numberTemplate":{"id":"3","prefix":"","number":"30213","fullNumber":"30213","formattedNumber":"30213"}}
2021-04-12 11:50:41 :: ----------send data payment:30420------------
2021-04-12 11:50:41 :: {"date":"2021-04-12","invoices":[{"amount":"103001","id":"30420"}],"bankAccount":2}
2021-04-12 11:50:46 :: ----------result data payment:30420------------
2021-04-12 11:50:46 :: {"id":"31489","date":"2021-04-12","number":"30214","amount":"103001.0000000000","observations":null,"anotation":null,"type":"in","paymentMethod":"","status":"open","bankAccount":{"id":"2","name":"PAYU","type":"bank"},"client":{"id":"24046","name":"Carolina Casta\u00f1eda","phone":"3176820875"},"invoices":[{"id":"30420","number":"32681","date":"2021-04-12","amount":103001,"total":103001,"balance":0}],"costCenter":null,"numberTemplate":{"id":"3","prefix":"","number":"30214","fullNumber":"30214","formattedNumber":"30214"}}
2021-04-12 11:55:44 :: ----------send data payment:30421------------
2021-04-12 11:55:44 :: {"date":"2021-04-12","invoices":[{"amount":"85000","id":"30421"}],"bankAccount":2}
2021-04-12 11:55:45 :: ----------result data payment:30421------------
2021-04-12 11:55:45 :: {"id":"31490","date":"2021-04-12","number":"30215","amount":"85000.0000000000","observations":null,"anotation":null,"type":"in","paymentMethod":"","status":"open","bankAccount":{"id":"2","name":"PAYU","type":"bank"},"client":{"id":"24047","name":"Camila Parra","phone":"3017486079"},"invoices":[{"id":"30421","number":"32682","date":"2021-04-12","amount":85000,"total":85000,"balance":0}],"costCenter":null,"numberTemplate":{"id":"3","prefix":"","number":"30215","fullNumber":"30215","formattedNumber":"30215"}}
2021-04-12 12:15:34 :: ----------send data payment:30422------------
2021-04-12 12:15:34 :: {"date":"2021-04-12","invoices":[{"amount":"40000","id":"30422"}],"bankAccount":2}
2021-04-12 12:15:37 :: ----------result data payment:30422------------
2021-04-12 12:15:37 :: {"id":"31491","date":"2021-04-12","number":"30216","amount":"40000.0000000000","observations":null,"anotation":null,"type":"in","paymentMethod":"","status":"open","bankAccount":{"id":"2","name":"PAYU","type":"bank"},"client":{"id":"24048","name":"yesenia Nova","phone":"3213865194"},"invoices":[{"id":"30422","number":"32683","date":"2021-04-12","amount":40000,"total":40000,"balance":0}],"costCenter":null,"numberTemplate":{"id":"3","prefix":"","number":"30216","fullNumber":"30216","formattedNumber":"30216"}}
2021-04-12 12:25:45 :: ----------send data payment:30423------------
2021-04-12 12:25:45 :: {"date":"2021-04-12","invoices":[{"amount":"49999","id":"30423"}],"bankAccount":2}
2021-04-12 12:25:49 :: ----------result data payment:30423------------
2021-04-12 12:25:49 :: {"id":"31492","date":"2021-04-12","number":"30217","amount":"49999.0000000000","observations":null,"anotation":null,"type":"in","paymentMethod":"","status":"open","bankAccount":{"id":"2","name":"PAYU","type":"bank"},"client":{"id":"24049","name":"Clara","phone":"30021854"},"invoices":[{"id":"30423","number":"32684","date":"2021-04-12","amount":49999,"total":49999,"balance":0}],"costCenter":null,"numberTemplate":{"id":"3","prefix":"","number":"30217","fullNumber":"30217","formattedNumber":"30217"}}
2021-04-12 01:10:21 :: ----------send data payment:30424------------
2021-04-12 01:10:21 :: {"date":"2021-04-12","invoices":[{"amount":"108000","id":"30424"}],"bankAccount":2}
2021-04-12 01:10:25 :: ----------result data payment:30424------------
2021-04-12 01:10:25 :: {"id":"31493","date":"2021-04-12","number":"30218","amount":"108000.0000000000","observations":null,"anotation":null,"type":"in","paymentMethod":"","status":"open","bankAccount":{"id":"2","name":"PAYU","type":"bank"},"client":{"id":"24050","name":"Erika Villamizar Carvajal","phone":"3195436614"},"invoices":[{"id":"30424","number":"32685","date":"2021-04-12","amount":108000,"total":108000,"balance":0}],"costCenter":null,"numberTemplate":{"id":"3","prefix":"","number":"30218","fullNumber":"30218","formattedNumber":"30218"}}
2021-04-12 01:20:15 :: ----------send data payment:30425------------
2021-04-12 01:20:15 :: {"date":"2021-04-12","invoices":[{"amount":"59000","id":"30425"}],"bankAccount":2}
2021-04-12 01:20:16 :: ----------result data payment:30425------------
2021-04-12 01:20:16 :: {"id":"31494","date":"2021-04-12","number":"30219","amount":"59000.0000000000","observations":null,"anotation":null,"type":"in","paymentMethod":"","status":"open","bankAccount":{"id":"2","name":"PAYU","type":"bank"},"client":{"id":"24051","name":"Paola P\u00e1ez","phone":"3124098416"},"invoices":[{"id":"30425","number":"32686","date":"2021-04-12","amount":59000,"total":59000,"balance":0}],"costCenter":null,"numberTemplate":{"id":"3","prefix":"","number":"30219","fullNumber":"30219","formattedNumber":"30219"}}
2021-04-12 01:45:12 :: ----------send data payment:30426------------
2021-04-12 01:45:12 :: {"date":"2021-04-12","invoices":[{"amount":"127000","id":"30426"}],"bankAccount":2}
2021-04-12 01:45:14 :: ----------result data payment:30426------------
2021-04-12 01:45:14 :: {"id":"31495","date":"2021-04-12","number":"30220","amount":"127000.0000000000","observations":null,"anotation":null,"type":"in","paymentMethod":"","status":"open","bankAccount":{"id":"2","name":"PAYU","type":"bank"},"client":{"id":"24052","name":"Mariana Montoya","phone":"3215083020"},"invoices":[{"id":"30426","number":"32687","date":"2021-04-12","amount":127000,"total":127000,"balance":0}],"costCenter":null,"numberTemplate":{"id":"3","prefix":"","number":"30220","fullNumber":"30220","formattedNumber":"30220"}}
2021-04-12 01:45:16 :: ----------send data payment:30427------------
2021-04-12 01:45:16 :: {"date":"2021-04-12","invoices":[{"amount":"70000","id":"30427"}],"bankAccount":2}
2021-04-12 01:45:17 :: ----------result data payment:30427------------
2021-04-12 01:45:17 :: {"id":"31496","date":"2021-04-12","number":"30221","amount":"70000.0000000000","observations":null,"anotation":null,"type":"in","paymentMethod":"","status":"open","bankAccount":{"id":"2","name":"PAYU","type":"bank"},"client":{"id":"24053","name":"karol ramirez","phone":"3184631819"},"invoices":[{"id":"30427","number":"32688","date":"2021-04-12","amount":70000,"total":70000,"balance":0}],"costCenter":null,"numberTemplate":{"id":"3","prefix":"","number":"30221","fullNumber":"30221","formattedNumber":"30221"}}
2021-04-12 01:55:12 :: ----------send data payment:30428------------
2021-04-12 01:55:12 :: {"date":"2021-04-12","invoices":[{"amount":"190000","id":"30428"}],"bankAccount":2}
2021-04-12 01:55:14 :: ----------result data payment:30428------------
2021-04-12 01:55:14 :: {"id":"31497","date":"2021-04-12","number":"30222","amount":"190000.0000000000","observations":null,"anotation":null,"type":"in","paymentMethod":"","status":"open","bankAccount":{"id":"2","name":"PAYU","type":"bank"},"client":{"id":"24054","name":"Julia cotes","phone":"3106410431"},"invoices":[{"id":"30428","number":"32689","date":"2021-04-12","amount":190000,"total":190000,"balance":0}],"costCenter":null,"numberTemplate":{"id":"3","prefix":"","number":"30222","fullNumber":"30222","formattedNumber":"30222"}}
2021-04-12 01:55:16 :: ----------send data payment:30429------------
2021-04-12 01:55:16 :: {"date":"2021-04-12","invoices":[{"amount":"59000","id":"30429"}],"bankAccount":2}
2021-04-12 01:55:19 :: ----------result data payment:30429------------
2021-04-12 01:55:19 :: {"id":"31498","date":"2021-04-12","number":"30223","amount":"59000.0000000000","observations":null,"anotation":null,"type":"in","paymentMethod":"","status":"open","bankAccount":{"id":"2","name":"PAYU","type":"bank"},"client":{"id":"24055","name":"Melissa Vasquez","phone":"3023526392"},"invoices":[{"id":"30429","number":"32690","date":"2021-04-12","amount":59000,"total":59000,"balance":0}],"costCenter":null,"numberTemplate":{"id":"3","prefix":"","number":"30223","fullNumber":"30223","formattedNumber":"30223"}}
2021-04-12 02:00:11 :: ----------send data payment:30430------------
2021-04-12 02:00:11 :: {"date":"2021-04-12","invoices":[{"amount":"65890","id":"30430"}],"bankAccount":2}
2021-04-12 02:00:13 :: ----------result data payment:30430------------
2021-04-12 02:00:13 :: {"id":"31499","date":"2021-04-12","number":"30224","amount":"65890.0000000000","observations":null,"anotation":null,"type":"in","paymentMethod":"","status":"open","bankAccount":{"id":"2","name":"PAYU","type":"bank"},"client":{"id":"24056","name":"Juliana Casta\u00f1o Botero","phone":"3128623702"},"invoices":[{"id":"30430","number":"32691","date":"2021-04-12","amount":65890,"total":65890,"balance":0}],"costCenter":null,"numberTemplate":{"id":"3","prefix":"","number":"30224","fullNumber":"30224","formattedNumber":"30224"}}
2021-04-12 02:15:35 :: ----------send data payment:30431------------
2021-04-12 02:15:35 :: {"date":"2021-04-12","invoices":[{"amount":"70000","id":"30431"}],"bankAccount":2}
2021-04-12 02:15:37 :: ----------result data payment:30431------------
2021-04-12 02:15:37 :: {"id":"31500","date":"2021-04-12","number":"30225","amount":"70000.0000000000","observations":null,"anotation":null,"type":"in","paymentMethod":"","status":"open","bankAccount":{"id":"2","name":"PAYU","type":"bank"},"client":{"id":"3123","name":"Liliana Marcela Moreno","phone":"3106464142"},"invoices":[{"id":"30431","number":"32692","date":"2021-04-12","amount":70000,"total":70000,"balance":0}],"costCenter":null,"numberTemplate":{"id":"3","prefix":"","number":"30225","fullNumber":"30225","formattedNumber":"30225"}}
2021-04-12 02:15:50 :: ----------send data payment:30432------------
2021-04-12 02:15:50 :: {"date":"2021-04-12","invoices":[{"amount":"107201","id":"30432"}],"bankAccount":2}
2021-04-12 02:15:51 :: ----------result data payment:30432------------
2021-04-12 02:15:51 :: {"id":"31501","date":"2021-04-12","number":"30226","amount":"107201.0000000000","observations":null,"anotation":null,"type":"in","paymentMethod":"","status":"open","bankAccount":{"id":"2","name":"PAYU","type":"bank"},"client":{"id":"24057","name":"Paola S\u00e1nchez","phone":"3008878036"},"invoices":[{"id":"30432","number":"32693","date":"2021-04-12","amount":107201,"total":107201,"balance":0}],"costCenter":null,"numberTemplate":{"id":"3","prefix":"","number":"30226","fullNumber":"30226","formattedNumber":"30226"}}
2021-04-12 02:40:27 :: ----------send data payment:30433------------
2021-04-12 02:40:27 :: {"date":"2021-04-12","invoices":[{"amount":"59000","id":"30433"}],"bankAccount":2}
2021-04-12 02:40:32 :: ----------result data payment:30433------------
2021-04-12 02:40:32 :: {"id":"31502","date":"2021-04-12","number":"30227","amount":"59000.0000000000","observations":null,"anotation":null,"type":"in","paymentMethod":"","status":"open","bankAccount":{"id":"2","name":"PAYU","type":"bank"},"client":{"id":"1676","name":"Rosalia Salgado","phone":"3042021084"},"invoices":[{"id":"30433","number":"32694","date":"2021-04-12","amount":59000,"total":59000,"balance":0}],"costCenter":null,"numberTemplate":{"id":"3","prefix":"","number":"30227","fullNumber":"30227","formattedNumber":"30227"}}
2021-04-12 02:40:47 :: ----------send data payment:30434------------
2021-04-12 02:40:47 :: {"date":"2021-04-12","invoices":[{"amount":"57201","id":"30434"}],"bankAccount":2}
2021-04-12 02:40:49 :: ----------result data payment:30434------------
2021-04-12 02:40:49 :: {"id":"31503","date":"2021-04-12","number":"30228","amount":"57201.0000000000","observations":null,"anotation":null,"type":"in","paymentMethod":"","status":"open","bankAccount":{"id":"2","name":"PAYU","type":"bank"},"client":{"id":"24058","name":"Stefany Daniela Malaver Trivi\u00f1o","phone":"3203876468"},"invoices":[{"id":"30434","number":"32695","date":"2021-04-12","amount":57201,"total":57201,"balance":0}],"costCenter":null,"numberTemplate":{"id":"3","prefix":"","number":"30228","fullNumber":"30228","formattedNumber":"30228"}}
2021-04-12 02:45:16 :: ----------send data payment:30435------------
2021-04-12 02:45:16 :: {"date":"2021-04-12","invoices":[{"amount":"120000","id":"30435"}],"bankAccount":2}
2021-04-12 02:45:17 :: ----------result data payment:30435------------
2021-04-12 02:45:17 :: {"id":"31504","date":"2021-04-12","number":"30229","amount":"120000.0000000000","observations":null,"anotation":null,"type":"in","paymentMethod":"","status":"open","bankAccount":{"id":"2","name":"PAYU","type":"bank"},"client":{"id":"12836","name":"Ana Mar\u00eda Alvira","phone":"+573163058865"},"invoices":[{"id":"30435","number":"32696","date":"2021-04-12","amount":120000,"total":120000,"balance":0}],"costCenter":null,"numberTemplate":{"id":"3","prefix":"","number":"30229","fullNumber":"30229","formattedNumber":"30229"}}
2021-04-12 02:45:20 :: ----------send data payment:30436------------
2021-04-12 02:45:20 :: {"date":"2021-04-12","invoices":[{"amount":"56000","id":"30436"}],"bankAccount":2}
2021-04-12 02:45:21 :: ----------result data payment:30436------------
2021-04-12 02:45:21 :: {"id":"31505","date":"2021-04-12","number":"30230","amount":"56000.0000000000","observations":null,"anotation":null,"type":"in","paymentMethod":"","status":"open","bankAccount":{"id":"2","name":"PAYU","type":"bank"},"client":{"id":"24059","name":"Zara Gonzalez","phone":"3136820746"},"invoices":[{"id":"30436","number":"32697","date":"2021-04-12","amount":56000,"total":56000,"balance":0}],"costCenter":null,"numberTemplate":{"id":"3","prefix":"","number":"30230","fullNumber":"30230","formattedNumber":"30230"}}
2021-04-12 02:50:28 :: ----------send data payment:30437------------
2021-04-12 02:50:28 :: {"date":"2021-04-12","invoices":[{"amount":"91001","id":"30437"}],"bankAccount":2}
2021-04-12 02:50:29 :: ----------result data payment:30437------------
2021-04-12 02:50:29 :: {"id":"31506","date":"2021-04-12","number":"30231","amount":"91001.0000000000","observations":null,"anotation":null,"type":"in","paymentMethod":"","status":"open","bankAccount":{"id":"2","name":"PAYU","type":"bank"},"client":{"id":"24060","name":"Marco Prado","phone":"3128816777"},"invoices":[{"id":"30437","number":"32698","date":"2021-04-12","amount":91001,"total":91001,"balance":0}],"costCenter":null,"numberTemplate":{"id":"3","prefix":"","number":"30231","fullNumber":"30231","formattedNumber":"30231"}}
2021-04-12 02:50:31 :: ----------send data payment:30438------------
2021-04-12 02:50:31 :: {"date":"2021-04-12","invoices":[{"amount":"64000","id":"30438"}],"bankAccount":2}
2021-04-12 02:50:33 :: ----------result data payment:30438------------
2021-04-12 02:50:33 :: {"id":"31507","date":"2021-04-12","number":"30232","amount":"64000.0000000000","observations":null,"anotation":null,"type":"in","paymentMethod":"","status":"open","bankAccount":{"id":"2","name":"PAYU","type":"bank"},"client":{"id":"18152","name":"Belcy Cordero Vargas","phone":"3114300139"},"invoices":[{"id":"30438","number":"32699","date":"2021-04-12","amount":64000,"total":64000,"balance":0}],"costCenter":null,"numberTemplate":{"id":"3","prefix":"","number":"30232","fullNumber":"30232","formattedNumber":"30232"}}
2021-04-12 03:00:22 :: ----------send data payment:30440------------
2021-04-12 03:00:22 :: {"date":"2021-04-12","invoices":[{"amount":"131996","id":"30440"}],"bankAccount":2}
2021-04-12 03:00:24 :: ----------result data payment:30440------------
2021-04-12 03:00:24 :: {"id":"31508","date":"2021-04-12","number":"30233","amount":"131996.0000000000","observations":null,"anotation":null,"type":"in","paymentMethod":"","status":"open","bankAccount":{"id":"2","name":"PAYU","type":"bank"},"client":{"id":"8929","name":"Yuliana Mateus","phone":"3045239181"},"invoices":[{"id":"30440","number":"32701","date":"2021-04-12","amount":131996,"total":131996,"balance":0}],"costCenter":null,"numberTemplate":{"id":"3","prefix":"","number":"30233","fullNumber":"30233","formattedNumber":"30233"}}
2021-04-12 03:10:27 :: ----------send data payment:30441------------
2021-04-12 03:10:27 :: {"date":"2021-04-12","invoices":[{"amount":"62000","id":"30441"}],"bankAccount":2}
2021-04-12 03:10:28 :: ----------result data payment:30441------------
2021-04-12 03:10:28 :: {"id":"31510","date":"2021-04-12","number":"30235","amount":"62000.0000000000","observations":null,"anotation":null,"type":"in","paymentMethod":"","status":"open","bankAccount":{"id":"2","name":"PAYU","type":"bank"},"client":{"id":"6210","name":"Lorena Ch\u00e1varro","phone":"3142337172"},"invoices":[{"id":"30441","number":"32702","date":"2021-04-12","amount":62000,"total":62000,"balance":0}],"costCenter":null,"numberTemplate":{"id":"3","prefix":"","number":"30235","fullNumber":"30235","formattedNumber":"30235"}}
2021-04-12 03:35:26 :: ----------send data payment:30442------------
2021-04-12 03:35:26 :: {"date":"2021-04-12","invoices":[{"amount":"74800","id":"30442"}],"bankAccount":2}
2021-04-12 03:35:29 :: ----------result data payment:30442------------
2021-04-12 03:35:29 :: {"id":"31511","date":"2021-04-12","number":"30236","amount":"74800.0000000000","observations":null,"anotation":null,"type":"in","paymentMethod":"","status":"open","bankAccount":{"id":"2","name":"PAYU","type":"bank"},"client":{"id":"21731","name":"Valen Salazar","phone":"3147509004"},"invoices":[{"id":"30442","number":"32703","date":"2021-04-12","amount":74800,"total":74800,"balance":0}],"costCenter":null,"numberTemplate":{"id":"3","prefix":"","number":"30236","fullNumber":"30236","formattedNumber":"30236"}}
2021-04-12 03:45:43 :: ----------send data payment:30443------------
2021-04-12 03:45:43 :: {"date":"2021-04-12","invoices":[{"amount":"82601","id":"30443"}],"bankAccount":2}
2021-04-12 03:45:44 :: ----------result data payment:30443------------
2021-04-12 03:45:44 :: {"id":"31512","date":"2021-04-12","number":"30237","amount":"82601.0000000000","observations":null,"anotation":null,"type":"in","paymentMethod":"","status":"open","bankAccount":{"id":"2","name":"PAYU","type":"bank"},"client":{"id":"24062","name":"Manuela Patricia Cardona Miranda","phone":"3015494597"},"invoices":[{"id":"30443","number":"32704","date":"2021-04-12","amount":82601,"total":82601,"balance":0}],"costCenter":null,"numberTemplate":{"id":"3","prefix":"","number":"30237","fullNumber":"30237","formattedNumber":"30237"}}
2021-04-12 04:00:24 :: ----------send data payment:30444------------
2021-04-12 04:00:24 :: {"date":"2021-04-12","invoices":[{"amount":"87000","id":"30444"}],"bankAccount":2}
2021-04-12 04:00:25 :: ----------result data payment:30444------------
2021-04-12 04:00:25 :: {"id":"31513","date":"2021-04-12","number":"30238","amount":"87000.0000000000","observations":null,"anotation":null,"type":"in","paymentMethod":"","status":"open","bankAccount":{"id":"2","name":"PAYU","type":"bank"},"client":{"id":"24063","name":"Yennifer Quijano Vecino","phone":"3164246520"},"invoices":[{"id":"30444","number":"32705","date":"2021-04-12","amount":87000,"total":87000,"balance":0}],"costCenter":null,"numberTemplate":{"id":"3","prefix":"","number":"30238","fullNumber":"30238","formattedNumber":"30238"}}
2021-04-12 04:05:16 :: ----------send data payment:30445------------
2021-04-12 04:05:16 :: {"date":"2021-04-12","invoices":[{"amount":"90000","id":"30445"}],"bankAccount":2}
2021-04-12 04:05:18 :: ----------result data payment:30445------------
2021-04-12 04:05:18 :: {"id":"31514","date":"2021-04-12","number":"30239","amount":"90000.0000000000","observations":null,"anotation":null,"type":"in","paymentMethod":"","status":"open","bankAccount":{"id":"2","name":"PAYU","type":"bank"},"client":{"id":"22733","name":"Maria de los Angeles Vega","phone":"3208329189"},"invoices":[{"id":"30445","number":"32706","date":"2021-04-12","amount":90000,"total":90000,"balance":0}],"costCenter":null,"numberTemplate":{"id":"3","prefix":"","number":"30239","fullNumber":"30239","formattedNumber":"30239"}}
2021-04-12 04:10:28 :: ----------send data payment:30446------------
2021-04-12 04:10:28 :: {"date":"2021-04-12","invoices":[{"amount":"105000","id":"30446"}],"bankAccount":2}
2021-04-12 04:10:30 :: ----------result data payment:30446------------
2021-04-12 04:10:30 :: {"id":"31515","date":"2021-04-12","number":"30240","amount":"105000.0000000000","observations":null,"anotation":null,"type":"in","paymentMethod":"","status":"open","bankAccount":{"id":"2","name":"PAYU","type":"bank"},"client":{"id":"24064","name":"Vanessa Becerra","phone":"3045429815"},"invoices":[{"id":"30446","number":"32707","date":"2021-04-12","amount":105000,"total":105000,"balance":0}],"costCenter":null,"numberTemplate":{"id":"3","prefix":"","number":"30240","fullNumber":"30240","formattedNumber":"30240"}}
2021-04-12 04:55:17 :: ----------send data payment:30447------------
2021-04-12 04:55:17 :: {"date":"2021-04-12","invoices":[{"amount":"56964","id":"30447"}],"bankAccount":2}
2021-04-12 04:55:19 :: ----------result data payment:30447------------
2021-04-12 04:55:19 :: {"id":"31516","date":"2021-04-12","number":"30241","amount":"56964.0000000000","observations":null,"anotation":null,"type":"in","paymentMethod":"","status":"open","bankAccount":{"id":"2","name":"PAYU","type":"bank"},"client":{"id":"23436","name":"Mar\u00eda Isabel Lugo","phone":"3003040019"},"invoices":[{"id":"30447","number":"32708","date":"2021-04-12","amount":56964,"total":56964,"balance":0}],"costCenter":null,"numberTemplate":{"id":"3","prefix":"","number":"30241","fullNumber":"30241","formattedNumber":"30241"}}
2021-04-12 05:10:35 :: ----------send data payment:30448------------
2021-04-12 05:10:35 :: {"date":"2021-04-12","invoices":[{"amount":"85000","id":"30448"}],"bankAccount":2}
2021-04-12 05:10:39 :: ----------result data payment:30448------------
2021-04-12 05:10:39 :: {"id":"31517","date":"2021-04-12","number":"30242","amount":"85000.0000000000","observations":null,"anotation":null,"type":"in","paymentMethod":"","status":"open","bankAccount":{"id":"2","name":"PAYU","type":"bank"},"client":{"id":"24065","name":"Laura Peraffan","phone":"3017365663"},"invoices":[{"id":"30448","number":"32709","date":"2021-04-12","amount":85000,"total":85000,"balance":0}],"costCenter":null,"numberTemplate":{"id":"3","prefix":"","number":"30242","fullNumber":"30242","formattedNumber":"30242"}}
2021-04-12 05:25:10 :: ----------send data payment:30449------------
2021-04-12 05:25:10 :: {"date":"2021-04-12","invoices":[{"amount":"160000","id":"30449"}],"bankAccount":2}
2021-04-12 05:25:12 :: ----------result data payment:30449------------
2021-04-12 05:25:12 :: {"id":"31518","date":"2021-04-12","number":"30243","amount":"160000.0000000000","observations":null,"anotation":null,"type":"in","paymentMethod":"","status":"open","bankAccount":{"id":"2","name":"PAYU","type":"bank"},"client":{"id":"24066","name":"Claudia Alvarez","phone":"3005470278"},"invoices":[{"id":"30449","number":"32710","date":"2021-04-12","amount":160000,"total":160000,"balance":0}],"costCenter":null,"numberTemplate":{"id":"3","prefix":"","number":"30243","fullNumber":"30243","formattedNumber":"30243"}}
2021-04-12 05:30:28 :: ----------send data payment:30450------------
2021-04-12 05:30:28 :: {"date":"2021-04-12","invoices":[{"amount":"49999","id":"30450"}],"bankAccount":2}
2021-04-12 05:30:29 :: ----------result data payment:30450------------
2021-04-12 05:30:29 :: {"id":"31519","date":"2021-04-12","number":"30244","amount":"49999.0000000000","observations":null,"anotation":null,"type":"in","paymentMethod":"","status":"open","bankAccount":{"id":"2","name":"PAYU","type":"bank"},"client":{"id":"24067","name":"Claudia Rojas","phone":"3105628598"},"invoices":[{"id":"30450","number":"32711","date":"2021-04-12","amount":49999,"total":49999,"balance":0}],"costCenter":null,"numberTemplate":{"id":"3","prefix":"","number":"30244","fullNumber":"30244","formattedNumber":"30244"}}
2021-04-12 05:55:23 :: ----------send data payment:30451------------
2021-04-12 05:55:23 :: {"date":"2021-04-12","invoices":[{"amount":"81000","id":"30451"}],"bankAccount":2}
2021-04-12 05:55:24 :: ----------result data payment:30451------------
2021-04-12 05:55:24 :: {"id":"31520","date":"2021-04-12","number":"30245","amount":"81000.0000000000","observations":null,"anotation":null,"type":"in","paymentMethod":"","status":"open","bankAccount":{"id":"2","name":"PAYU","type":"bank"},"client":{"id":"24068","name":"Angela Izquierdo","phone":"3212814412"},"invoices":[{"id":"30451","number":"32712","date":"2021-04-12","amount":81000,"total":81000,"balance":0}],"costCenter":null,"numberTemplate":{"id":"3","prefix":"","number":"30245","fullNumber":"30245","formattedNumber":"30245"}}
2021-04-12 06:25:11 :: ----------send data payment:30452------------
2021-04-12 06:25:11 :: {"date":"2021-04-12","invoices":[{"amount":"66998","id":"30452"}],"bankAccount":2}
2021-04-12 06:25:13 :: ----------result data payment:30452------------
2021-04-12 06:25:13 :: {"id":"31521","date":"2021-04-12","number":"30246","amount":"66998.0000000000","observations":null,"anotation":null,"type":"in","paymentMethod":"","status":"open","bankAccount":{"id":"2","name":"PAYU","type":"bank"},"client":{"id":"24069","name":"Julian Deaquiz","phone":"3103216602"},"invoices":[{"id":"30452","number":"32713","date":"2021-04-12","amount":66998,"total":66998,"balance":0}],"costCenter":null,"numberTemplate":{"id":"3","prefix":"","number":"30246","fullNumber":"30246","formattedNumber":"30246"}}
2021-04-12 06:30:18 :: ----------send data payment:30453------------
2021-04-12 06:30:18 :: {"date":"2021-04-12","invoices":[{"amount":"39000","id":"30453"}],"bankAccount":2}
2021-04-12 06:30:19 :: ----------result data payment:30453------------
2021-04-12 06:30:19 :: {"id":"31522","date":"2021-04-12","number":"30247","amount":"39000.0000000000","observations":null,"anotation":null,"type":"in","paymentMethod":"","status":"open","bankAccount":{"id":"2","name":"PAYU","type":"bank"},"client":{"id":"16954","name":"Yenny Carolina","phone":"3014247483"},"invoices":[{"id":"30453","number":"32714","date":"2021-04-12","amount":39000,"total":39000,"balance":0}],"costCenter":null,"numberTemplate":{"id":"3","prefix":"","number":"30247","fullNumber":"30247","formattedNumber":"30247"}}
2021-04-12 06:45:10 :: ----------send data payment:30454------------
2021-04-12 06:45:10 :: {"date":"2021-04-12","invoices":[{"amount":"42401","id":"30454"}],"bankAccount":2}
2021-04-12 06:45:11 :: ----------result data payment:30454------------
2021-04-12 06:45:11 :: {"id":"31523","date":"2021-04-12","number":"30248","amount":"42401.0000000000","observations":null,"anotation":null,"type":"in","paymentMethod":"","status":"open","bankAccount":{"id":"2","name":"PAYU","type":"bank"},"client":{"id":"24070","name":"Manuela L\u00f3pez","phone":"3162405758"},"invoices":[{"id":"30454","number":"32715","date":"2021-04-12","amount":42401,"total":42401,"balance":0}],"costCenter":null,"numberTemplate":{"id":"3","prefix":"","number":"30248","fullNumber":"30248","formattedNumber":"30248"}}
2021-04-12 06:50:18 :: ----------send data payment:30455------------
2021-04-12 06:50:18 :: {"date":"2021-04-12","invoices":[{"amount":"40000","id":"30455"}],"bankAccount":2}
2021-04-12 06:50:19 :: ----------result data payment:30455------------
2021-04-12 06:50:19 :: {"id":"31524","date":"2021-04-12","number":"30249","amount":"40000.0000000000","observations":null,"anotation":null,"type":"in","paymentMethod":"","status":"open","bankAccount":{"id":"2","name":"PAYU","type":"bank"},"client":{"id":"23958","name":"Yuldri G\u00f3mez","phone":"3217919185"},"invoices":[{"id":"30455","number":"32716","date":"2021-04-12","amount":40000,"total":40000,"balance":0}],"costCenter":null,"numberTemplate":{"id":"3","prefix":"","number":"30249","fullNumber":"30249","formattedNumber":"30249"}}
2021-04-12 06:50:25 :: ----------send data payment:30456------------
2021-04-12 06:50:25 :: {"date":"2021-04-12","invoices":[{"amount":"70000","id":"30456"}],"bankAccount":2}
2021-04-12 06:50:27 :: ----------result data payment:30456------------
2021-04-12 06:50:27 :: {"id":"31525","date":"2021-04-12","number":"30250","amount":"70000.0000000000","observations":null,"anotation":null,"type":"in","paymentMethod":"","status":"open","bankAccount":{"id":"2","name":"PAYU","type":"bank"},"client":{"id":"24071","name":"Diana Baena","phone":"3136779770"},"invoices":[{"id":"30456","number":"32717","date":"2021-04-12","amount":70000,"total":70000,"balance":0}],"costCenter":null,"numberTemplate":{"id":"3","prefix":"","number":"30250","fullNumber":"30250","formattedNumber":"30250"}}
2021-04-12 07:05:15 :: ----------send data payment:30457------------
2021-04-12 07:05:15 :: {"date":"2021-04-12","invoices":[{"amount":"82000","id":"30457"}],"bankAccount":2}
2021-04-12 07:05:17 :: ----------result data payment:30457------------
2021-04-12 07:05:17 :: {"id":"31526","date":"2021-04-12","number":"30251","amount":"82000.0000000000","observations":null,"anotation":null,"type":"in","paymentMethod":"","status":"open","bankAccount":{"id":"2","name":"PAYU","type":"bank"},"client":{"id":"24072","name":"Johana Gomez","phone":"3223644076"},"invoices":[{"id":"30457","number":"32718","date":"2021-04-12","amount":82000,"total":82000,"balance":0}],"costCenter":null,"numberTemplate":{"id":"3","prefix":"","number":"30251","fullNumber":"30251","formattedNumber":"30251"}}
2021-04-12 07:05:19 :: ----------send data payment:30458------------
2021-04-12 07:05:19 :: {"date":"2021-04-12","invoices":[{"amount":"50000","id":"30458"}],"bankAccount":2}
2021-04-12 07:05:20 :: ----------result data payment:30458------------
2021-04-12 07:05:20 :: {"id":"31527","date":"2021-04-12","number":"30252","amount":"50000.0000000000","observations":null,"anotation":null,"type":"in","paymentMethod":"","status":"open","bankAccount":{"id":"2","name":"PAYU","type":"bank"},"client":{"id":"24073","name":"laura vargas","phone":"3023287978"},"invoices":[{"id":"30458","number":"32719","date":"2021-04-12","amount":50000,"total":50000,"balance":0}],"costCenter":null,"numberTemplate":{"id":"3","prefix":"","number":"30252","fullNumber":"30252","formattedNumber":"30252"}}
2021-04-12 07:05:22 :: ----------send data payment:30459------------
2021-04-12 07:05:22 :: {"date":"2021-04-12","invoices":[{"amount":"34000","id":"30459"}],"bankAccount":2}
2021-04-12 07:05:23 :: ----------result data payment:30459------------
2021-04-12 07:05:23 :: {"id":"31528","date":"2021-04-12","number":"30253","amount":"34000.0000000000","observations":null,"anotation":null,"type":"in","paymentMethod":"","status":"open","bankAccount":{"id":"2","name":"PAYU","type":"bank"},"client":{"id":"24074","name":"Paola Vanegas","phone":"3016926999"},"invoices":[{"id":"30459","number":"32720","date":"2021-04-12","amount":34000,"total":34000,"balance":0}],"costCenter":null,"numberTemplate":{"id":"3","prefix":"","number":"30253","fullNumber":"30253","formattedNumber":"30253"}}
2021-04-12 07:40:27 :: ----------send data payment:30460------------
2021-04-12 07:40:27 :: {"date":"2021-04-12","invoices":[{"amount":"61843","id":"30460"}],"bankAccount":2}
2021-04-12 07:40:28 :: ----------result data payment:30460------------
2021-04-12 07:40:28 :: {"id":"31529","date":"2021-04-12","number":"30254","amount":"61843.0000000000","observations":null,"anotation":null,"type":"in","paymentMethod":"","status":"open","bankAccount":{"id":"2","name":"PAYU","type":"bank"},"client":{"id":"24075","name":"Sara Arango","phone":"3185812800"},"invoices":[{"id":"30460","number":"32721","date":"2021-04-12","amount":61843,"total":61843,"balance":0}],"costCenter":null,"numberTemplate":{"id":"3","prefix":"","number":"30254","fullNumber":"30254","formattedNumber":"30254"}}
2021-04-12 10:35:42 :: ----------send data payment:30461------------
2021-04-12 10:35:42 :: {"date":"2021-04-12","invoices":[{"amount":"70000","id":"30461"}],"bankAccount":2}
2021-04-12 10:35:44 :: ----------result data payment:30461------------
2021-04-12 10:35:44 :: {"id":"31530","date":"2021-04-12","number":"30255","amount":"70000.0000000000","observations":null,"anotation":null,"type":"in","paymentMethod":"","status":"open","bankAccount":{"id":"2","name":"PAYU","type":"bank"},"client":{"id":"24076","name":"Daniela Gutierrez","phone":"3045235756"},"invoices":[{"id":"30461","number":"32722","date":"2021-04-12","amount":70000,"total":70000,"balance":0}],"costCenter":null,"numberTemplate":{"id":"3","prefix":"","number":"30255","fullNumber":"30255","formattedNumber":"30255"}}