
2021-03-18 12:05:11 :: ----------send data payment:29310------------
2021-03-18 12:05:11 :: {"date":"2021-03-18","invoices":[{"amount":"35000","id":"29310"}],"bankAccount":2}
2021-03-18 12:05:12 :: ----------result data payment:29310------------
2021-03-18 12:05:12 :: {"id":"30344","date":"2021-03-18","number":"29094","amount":"35000.0000000000","observations":null,"anotation":null,"type":"in","paymentMethod":"","status":"open","bankAccount":{"id":"2","name":"PAYU","type":"bank"},"client":{"id":"23313","name":"Camila Caicedo H","phone":"3154766927"},"invoices":[{"id":"29310","number":"31571","date":"2021-03-18","amount":35000,"total":35000,"balance":0}],"costCenter":null,"numberTemplate":{"id":"3","prefix":"","number":"29094","fullNumber":"29094","formattedNumber":"29094"}}
2021-03-18 12:30:19 :: ----------send data payment:29311------------
2021-03-18 12:30:19 :: {"date":"2021-03-18","invoices":[{"amount":"60000","id":"29311"}],"bankAccount":2}
2021-03-18 12:30:20 :: ----------result data payment:29311------------
2021-03-18 12:30:20 :: {"id":"30345","date":"2021-03-18","number":"29095","amount":"60000.0000000000","observations":null,"anotation":null,"type":"in","paymentMethod":"","status":"open","bankAccount":{"id":"2","name":"PAYU","type":"bank"},"client":{"id":"23314","name":"Tatiana Bernal","phone":"3008234294"},"invoices":[{"id":"29311","number":"31572","date":"2021-03-18","amount":60000,"total":60000,"balance":0}],"costCenter":null,"numberTemplate":{"id":"3","prefix":"","number":"29095","fullNumber":"29095","formattedNumber":"29095"}}
2021-03-18 12:35:28 :: ----------send data payment:29312------------
2021-03-18 12:35:28 :: {"date":"2021-03-18","invoices":[{"amount":"48000","id":"29312"}],"bankAccount":2}
2021-03-18 12:35:29 :: ----------result data payment:29312------------
2021-03-18 12:35:29 :: {"id":"30346","date":"2021-03-18","number":"29096","amount":"48000.0000000000","observations":null,"anotation":null,"type":"in","paymentMethod":"","status":"open","bankAccount":{"id":"2","name":"PAYU","type":"bank"},"client":{"id":"23315","name":"Marcela Urrego Estrada","phone":"3023568299"},"invoices":[{"id":"29312","number":"31573","date":"2021-03-18","amount":48000,"total":48000,"balance":0}],"costCenter":null,"numberTemplate":{"id":"3","prefix":"","number":"29096","fullNumber":"29096","formattedNumber":"29096"}}
2021-03-18 03:55:17 :: ----------send data payment:29313------------
2021-03-18 03:55:17 :: {"date":"2021-03-18","invoices":[{"amount":"122000","id":"29313"}],"bankAccount":2}
2021-03-18 03:55:18 :: ----------result data payment:29313------------
2021-03-18 03:55:18 :: {"id":"30347","date":"2021-03-18","number":"29097","amount":"122000.0000000000","observations":null,"anotation":null,"type":"in","paymentMethod":"","status":"open","bankAccount":{"id":"2","name":"PAYU","type":"bank"},"client":{"id":"23316","name":"Ximena ortega Hern\u00e1ndez","phone":"3012291258"},"invoices":[{"id":"29313","number":"31574","date":"2021-03-18","amount":122000,"total":122000,"balance":0}],"costCenter":null,"numberTemplate":{"id":"3","prefix":"","number":"29097","fullNumber":"29097","formattedNumber":"29097"}}
2021-03-18 07:35:07 :: ----------send data payment:29314------------
2021-03-18 07:35:07 :: {"date":"2021-03-18","invoices":[{"amount":"80001","id":"29314"}],"bankAccount":2}
2021-03-18 07:35:08 :: ----------result data payment:29314------------
2021-03-18 07:35:08 :: {"id":"30348","date":"2021-03-18","number":"29098","amount":"80001.0000000000","observations":null,"anotation":null,"type":"in","paymentMethod":"","status":"open","bankAccount":{"id":"2","name":"PAYU","type":"bank"},"client":{"id":"23317","name":"Viviana","phone":"3102973514"},"invoices":[{"id":"29314","number":"31575","date":"2021-03-18","amount":80001,"total":80001,"balance":0}],"costCenter":null,"numberTemplate":{"id":"3","prefix":"","number":"29098","fullNumber":"29098","formattedNumber":"29098"}}
2021-03-18 07:50:12 :: ----------send data payment:29315------------
2021-03-18 07:50:12 :: {"date":"2021-03-18","invoices":[{"amount":"48000","id":"29315"}],"bankAccount":2}
2021-03-18 07:50:14 :: ----------result data payment:29315------------
2021-03-18 07:50:14 :: {"id":"30349","date":"2021-03-18","number":"29099","amount":"48000.0000000000","observations":null,"anotation":null,"type":"in","paymentMethod":"","status":"open","bankAccount":{"id":"2","name":"PAYU","type":"bank"},"client":{"id":"23318","name":"Julieta P\u00e9rez","phone":"3102638057"},"invoices":[{"id":"29315","number":"31576","date":"2021-03-18","amount":48000,"total":48000,"balance":0}],"costCenter":null,"numberTemplate":{"id":"3","prefix":"","number":"29099","fullNumber":"29099","formattedNumber":"29099"}}
2021-03-18 08:55:11 :: ----------send data payment:29316------------
2021-03-18 08:55:11 :: {"date":"2021-03-18","invoices":[{"amount":"99001","id":"29316"}],"bankAccount":2}
2021-03-18 08:55:13 :: ----------result data payment:29316------------
2021-03-18 08:55:13 :: {"id":"30350","date":"2021-03-18","number":"29100","amount":"99001.0000000000","observations":null,"anotation":null,"type":"in","paymentMethod":"","status":"open","bankAccount":{"id":"2","name":"PAYU","type":"bank"},"client":{"id":"23319","name":"Diana marcela Moreno","phone":"3003903108"},"invoices":[{"id":"29316","number":"31577","date":"2021-03-18","amount":99001,"total":99001,"balance":0}],"costCenter":null,"numberTemplate":{"id":"3","prefix":"","number":"29100","fullNumber":"29100","formattedNumber":"29100"}}
2021-03-18 09:05:28 :: ----------send data payment:29317------------
2021-03-18 09:05:28 :: {"date":"2021-03-18","invoices":[{"amount":"60000","id":"29317"}],"bankAccount":2}
2021-03-18 09:05:31 :: ----------result data payment:29317------------
2021-03-18 09:05:31 :: {"id":"30351","date":"2021-03-18","number":"29101","amount":"60000.0000000000","observations":null,"anotation":null,"type":"in","paymentMethod":"","status":"open","bankAccount":{"id":"2","name":"PAYU","type":"bank"},"client":{"id":"23320","name":"Juan Fernando Olivares","phone":"3017177120"},"invoices":[{"id":"29317","number":"31578","date":"2021-03-18","amount":60000,"total":60000,"balance":0}],"costCenter":null,"numberTemplate":{"id":"3","prefix":"","number":"29101","fullNumber":"29101","formattedNumber":"29101"}}
2021-03-18 09:10:20 :: ----------send data payment:29318------------
2021-03-18 09:10:20 :: {"date":"2021-03-18","invoices":[{"amount":"164000","id":"29318"}],"bankAccount":2}
2021-03-18 09:10:21 :: ----------result data payment:29318------------
2021-03-18 09:10:21 :: {"id":"30352","date":"2021-03-18","number":"29102","amount":"164000.0000000000","observations":null,"anotation":null,"type":"in","paymentMethod":"","status":"open","bankAccount":{"id":"2","name":"PAYU","type":"bank"},"client":{"id":"23321","name":"Michelle Sanchez","phone":"3053353886"},"invoices":[{"id":"29318","number":"31579","date":"2021-03-18","amount":164000,"total":164000,"balance":0}],"costCenter":null,"numberTemplate":{"id":"3","prefix":"","number":"29102","fullNumber":"29102","formattedNumber":"29102"}}
2021-03-18 10:00:16 :: ----------send data payment:29319------------
2021-03-18 10:00:16 :: {"date":"2021-03-18","invoices":[{"amount":"53000","id":"29319"}],"bankAccount":2}
2021-03-18 10:00:18 :: ----------result data payment:29319------------
2021-03-18 10:00:18 :: {"id":"30353","date":"2021-03-18","number":"29103","amount":"53000.0000000000","observations":null,"anotation":null,"type":"in","paymentMethod":"","status":"open","bankAccount":{"id":"2","name":"PAYU","type":"bank"},"client":{"id":"23322","name":"Viviana Ocampo","phone":"3223928291"},"invoices":[{"id":"29319","number":"31580","date":"2021-03-18","amount":53000,"total":53000,"balance":0}],"costCenter":null,"numberTemplate":{"id":"3","prefix":"","number":"29103","fullNumber":"29103","formattedNumber":"29103"}}
2021-03-18 10:15:22 :: ----------send data payment:29320------------
2021-03-18 10:15:22 :: {"date":"2021-03-18","invoices":[{"amount":"46000","id":"29320"}],"bankAccount":2}
2021-03-18 10:15:23 :: ----------result data payment:29320------------
2021-03-18 10:15:23 :: {"id":"30354","date":"2021-03-18","number":"29104","amount":"46000.0000000000","observations":null,"anotation":null,"type":"in","paymentMethod":"","status":"open","bankAccount":{"id":"2","name":"PAYU","type":"bank"},"client":{"id":"9025","name":"Tania Herazo","phone":"3134737485"},"invoices":[{"id":"29320","number":"31581","date":"2021-03-18","amount":46000,"total":46000,"balance":0}],"costCenter":null,"numberTemplate":{"id":"3","prefix":"","number":"29104","fullNumber":"29104","formattedNumber":"29104"}}
2021-03-18 10:35:15 :: ----------send data payment:29321------------
2021-03-18 10:35:15 :: {"date":"2021-03-18","invoices":[{"amount":"69999","id":"29321"}],"bankAccount":2}
2021-03-18 10:35:17 :: ----------result data payment:29321------------
2021-03-18 10:35:17 :: {"id":"30355","date":"2021-03-18","number":"29105","amount":"69999.0000000000","observations":null,"anotation":null,"type":"in","paymentMethod":"","status":"open","bankAccount":{"id":"2","name":"PAYU","type":"bank"},"client":{"id":"23323","name":"Windy oliveros diaz","phone":"3207404128"},"invoices":[{"id":"29321","number":"31582","date":"2021-03-18","amount":69999,"total":69999,"balance":0}],"costCenter":null,"numberTemplate":{"id":"3","prefix":"","number":"29105","fullNumber":"29105","formattedNumber":"29105"}}
2021-03-18 11:05:13 :: ----------send data payment:29322------------
2021-03-18 11:05:13 :: {"date":"2021-03-18","invoices":[{"amount":"131000","id":"29322"}],"bankAccount":2}
2021-03-18 11:05:15 :: ----------result data payment:29322------------
2021-03-18 11:05:15 :: {"id":"30356","date":"2021-03-18","number":"29106","amount":"131000.0000000000","observations":null,"anotation":null,"type":"in","paymentMethod":"","status":"open","bankAccount":{"id":"2","name":"PAYU","type":"bank"},"client":{"id":"23324","name":"Angelica Espejo","phone":"3002162222"},"invoices":[{"id":"29322","number":"31583","date":"2021-03-18","amount":131000,"total":131000,"balance":0}],"costCenter":null,"numberTemplate":{"id":"3","prefix":"","number":"29106","fullNumber":"29106","formattedNumber":"29106"}}
2021-03-18 11:20:44 :: ----------send data payment:29324------------
2021-03-18 11:20:44 :: {"date":"2021-03-18","invoices":[{"amount":"68002","id":"29324"}],"bankAccount":2}
2021-03-18 11:20:46 :: ----------result data payment:29324------------
2021-03-18 11:20:46 :: {"id":"30358","date":"2021-03-18","number":"29108","amount":"68002.0000000000","observations":null,"anotation":null,"type":"in","paymentMethod":"","status":"open","bankAccount":{"id":"2","name":"PAYU","type":"bank"},"client":{"id":"7542","name":"Ana Isabel R\u00faa Mar\u00edn","phone":"3216048860"},"invoices":[{"id":"29324","number":"31585","date":"2021-03-18","amount":68002,"total":68002,"balance":0}],"costCenter":null,"numberTemplate":{"id":"3","prefix":"","number":"29108","fullNumber":"29108","formattedNumber":"29108"}}
2021-03-18 11:35:06 :: ----------send data payment:29325------------
2021-03-18 11:35:06 :: {"date":"2021-03-18","invoices":[{"amount":"25000","id":"29325"}],"bankAccount":2}
2021-03-18 11:35:07 :: ----------result data payment:29325------------
2021-03-18 11:35:07 :: {"id":"30359","date":"2021-03-18","number":"29109","amount":"25000.0000000000","observations":null,"anotation":null,"type":"in","paymentMethod":"","status":"open","bankAccount":{"id":"2","name":"PAYU","type":"bank"},"client":{"id":"23325","name":"Derly johanna rincon","phone":"3134009791"},"invoices":[{"id":"29325","number":"31586","date":"2021-03-18","amount":25000,"total":25000,"balance":0}],"costCenter":null,"numberTemplate":{"id":"3","prefix":"","number":"29109","fullNumber":"29109","formattedNumber":"29109"}}
2021-03-18 11:35:10 :: ----------send data payment:29326------------
2021-03-18 11:35:10 :: {"date":"2021-03-18","invoices":[{"amount":"59000","id":"29326"}],"bankAccount":2}
2021-03-18 11:35:11 :: ----------result data payment:29326------------
2021-03-18 11:35:11 :: {"id":"30360","date":"2021-03-18","number":"29110","amount":"59000.0000000000","observations":null,"anotation":null,"type":"in","paymentMethod":"","status":"open","bankAccount":{"id":"2","name":"PAYU","type":"bank"},"client":{"id":"23326","name":"Karen","phone":"3188660011"},"invoices":[{"id":"29326","number":"31587","date":"2021-03-18","amount":59000,"total":59000,"balance":0}],"costCenter":null,"numberTemplate":{"id":"3","prefix":"","number":"29110","fullNumber":"29110","formattedNumber":"29110"}}
2021-03-18 12:30:18 :: ----------send data payment:29327------------
2021-03-18 12:30:18 :: {"date":"2021-03-18","invoices":[{"amount":"85000","id":"29327"}],"bankAccount":2}
2021-03-18 12:30:20 :: ----------result data payment:29327------------
2021-03-18 12:30:20 :: {"id":"30361","date":"2021-03-18","number":"29111","amount":"85000.0000000000","observations":null,"anotation":null,"type":"in","paymentMethod":"","status":"open","bankAccount":{"id":"2","name":"PAYU","type":"bank"},"client":{"id":"8224","name":"Ingri Carina macias Garcia","phone":"3175768664"},"invoices":[{"id":"29327","number":"31588","date":"2021-03-18","amount":85000,"total":85000,"balance":0}],"costCenter":null,"numberTemplate":{"id":"3","prefix":"","number":"29111","fullNumber":"29111","formattedNumber":"29111"}}
2021-03-18 01:00:26 :: ----------send data payment:29328------------
2021-03-18 01:00:26 :: {"date":"2021-03-18","invoices":[{"amount":"85500","id":"29328"}],"bankAccount":2}
2021-03-18 01:00:27 :: ----------result data payment:29328------------
2021-03-18 01:00:27 :: {"id":"30362","date":"2021-03-18","number":"29112","amount":"85500.0000000000","observations":null,"anotation":null,"type":"in","paymentMethod":"","status":"open","bankAccount":{"id":"2","name":"PAYU","type":"bank"},"client":{"id":"11626","name":"maria camila","phone":"3106991756"},"invoices":[{"id":"29328","number":"31589","date":"2021-03-18","amount":85500,"total":85500,"balance":0}],"costCenter":null,"numberTemplate":{"id":"3","prefix":"","number":"29112","fullNumber":"29112","formattedNumber":"29112"}}
2021-03-18 01:05:26 :: ----------send data payment:29329------------
2021-03-18 01:05:26 :: {"date":"2021-03-18","invoices":[{"amount":"120000","id":"29329"}],"bankAccount":2}
2021-03-18 01:05:27 :: ----------result data payment:29329------------
2021-03-18 01:05:27 :: {"id":"30363","date":"2021-03-18","number":"29113","amount":"120000.0000000000","observations":null,"anotation":null,"type":"in","paymentMethod":"","status":"open","bankAccount":{"id":"2","name":"PAYU","type":"bank"},"client":{"id":"23327","name":"Laura Sicua","phone":"3153956590"},"invoices":[{"id":"29329","number":"31590","date":"2021-03-18","amount":120000,"total":120000,"balance":0}],"costCenter":null,"numberTemplate":{"id":"3","prefix":"","number":"29113","fullNumber":"29113","formattedNumber":"29113"}}
2021-03-18 01:05:28 :: ----------send data payment:29330------------
2021-03-18 01:05:28 :: {"date":"2021-03-18","invoices":[{"amount":"91000","id":"29330"}],"bankAccount":2}
2021-03-18 01:05:30 :: ----------result data payment:29330------------
2021-03-18 01:05:30 :: {"id":"30364","date":"2021-03-18","number":"29114","amount":"91000.0000000000","observations":null,"anotation":null,"type":"in","paymentMethod":"","status":"open","bankAccount":{"id":"2","name":"PAYU","type":"bank"},"client":{"id":"23033","name":"Laura Ormaza Moreno","phone":"3148219613"},"invoices":[{"id":"29330","number":"31591","date":"2021-03-18","amount":91000,"total":91000,"balance":0}],"costCenter":null,"numberTemplate":{"id":"3","prefix":"","number":"29114","fullNumber":"29114","formattedNumber":"29114"}}
2021-03-18 02:00:26 :: ----------send data payment:29332------------
2021-03-18 02:00:26 :: {"date":"2021-03-18","invoices":[{"amount":"296000","id":"29332"}],"bankAccount":2}
2021-03-18 02:00:28 :: ----------result data payment:29332------------
2021-03-18 02:00:28 :: {"id":"30366","date":"2021-03-18","number":"29116","amount":"296000.0000000000","observations":null,"anotation":null,"type":"in","paymentMethod":"","status":"open","bankAccount":{"id":"2","name":"PAYU","type":"bank"},"client":{"id":"23328","name":"Leidy Vesga","phone":"3022928182"},"invoices":[{"id":"29332","number":"31593","date":"2021-03-18","amount":296000,"total":296000,"balance":0}],"costCenter":null,"numberTemplate":{"id":"3","prefix":"","number":"29116","fullNumber":"29116","formattedNumber":"29116"}}
2021-03-18 02:20:25 :: ----------send data payment:29333------------
2021-03-18 02:20:25 :: {"date":"2021-03-18","invoices":[{"amount":"90000","id":"29333"}],"bankAccount":2}
2021-03-18 02:20:29 :: ----------result data payment:29333------------
2021-03-18 02:20:29 :: {"id":"30367","date":"2021-03-18","number":"29117","amount":"90000.0000000000","observations":null,"anotation":null,"type":"in","paymentMethod":"","status":"open","bankAccount":{"id":"2","name":"PAYU","type":"bank"},"client":{"id":"23329","name":"diana pe\u00f1on","phone":"3007015186"},"invoices":[{"id":"29333","number":"31594","date":"2021-03-18","amount":90000,"total":90000,"balance":0}],"costCenter":null,"numberTemplate":{"id":"3","prefix":"","number":"29117","fullNumber":"29117","formattedNumber":"29117"}}
2021-03-18 02:25:47 :: ----------send data payment:29334------------
2021-03-18 02:25:47 :: {"date":"2021-03-18","invoices":[{"amount":"80001","id":"29334"}],"bankAccount":2}
2021-03-18 02:25:48 :: ----------result data payment:29334------------
2021-03-18 02:25:48 :: {"id":"30368","date":"2021-03-18","number":"29118","amount":"80001.0000000000","observations":null,"anotation":null,"type":"in","paymentMethod":"","status":"open","bankAccount":{"id":"2","name":"PAYU","type":"bank"},"client":{"id":"23330","name":"Maria Luisa","phone":"3203461345"},"invoices":[{"id":"29334","number":"31595","date":"2021-03-18","amount":80001,"total":80001,"balance":0}],"costCenter":null,"numberTemplate":{"id":"3","prefix":"","number":"29118","fullNumber":"29118","formattedNumber":"29118"}}
2021-03-18 02:30:23 :: ----------send data payment:29335------------
2021-03-18 02:30:23 :: {"date":"2021-03-18","invoices":[{"amount":"80001","id":"29335"}],"bankAccount":2}
2021-03-18 02:30:24 :: ----------result data payment:29335------------
2021-03-18 02:30:24 :: {"id":"30369","date":"2021-03-18","number":"29119","amount":"80001.0000000000","observations":null,"anotation":null,"type":"in","paymentMethod":"","status":"open","bankAccount":{"id":"2","name":"PAYU","type":"bank"},"client":{"id":"23331","name":"Juliana Saldarriaga","phone":"3197234834"},"invoices":[{"id":"29335","number":"31596","date":"2021-03-18","amount":80001,"total":80001,"balance":0}],"costCenter":null,"numberTemplate":{"id":"3","prefix":"","number":"29119","fullNumber":"29119","formattedNumber":"29119"}}
2021-03-18 02:45:16 :: ----------send data payment:29336------------
2021-03-18 02:45:16 :: {"date":"2021-03-18","invoices":[{"amount":"25000","id":"29336"}],"bankAccount":2}
2021-03-18 02:45:17 :: ----------result data payment:29336------------
2021-03-18 02:45:17 :: {"id":"30370","date":"2021-03-18","number":"29120","amount":"25000.0000000000","observations":null,"anotation":null,"type":"in","paymentMethod":"","status":"open","bankAccount":{"id":"2","name":"PAYU","type":"bank"},"client":{"id":"23332","name":"Catalina Moncayo","phone":"3024433495"},"invoices":[{"id":"29336","number":"31597","date":"2021-03-18","amount":25000,"total":25000,"balance":0}],"costCenter":null,"numberTemplate":{"id":"3","prefix":"","number":"29120","fullNumber":"29120","formattedNumber":"29120"}}
2021-03-18 03:20:30 :: ----------send data payment:29337------------
2021-03-18 03:20:30 :: {"date":"2021-03-18","invoices":[{"amount":"55002","id":"29337"}],"bankAccount":2}
2021-03-18 03:20:32 :: ----------result data payment:29337------------
2021-03-18 03:20:32 :: {"id":"30371","date":"2021-03-18","number":"29121","amount":"55002.0000000000","observations":null,"anotation":null,"type":"in","paymentMethod":"","status":"open","bankAccount":{"id":"2","name":"PAYU","type":"bank"},"client":{"id":"21114","name":"Lorena S\u00e1nchez","phone":"3133852209"},"invoices":[{"id":"29337","number":"31598","date":"2021-03-18","amount":55002,"total":55002,"balance":0}],"costCenter":null,"numberTemplate":{"id":"3","prefix":"","number":"29121","fullNumber":"29121","formattedNumber":"29121"}}
2021-03-18 03:55:17 :: ----------send data payment:29338------------
2021-03-18 03:55:17 :: {"date":"2021-03-18","invoices":[{"amount":"75000","id":"29338"}],"bankAccount":2}
2021-03-18 03:55:19 :: ----------result data payment:29338------------
2021-03-18 03:55:19 :: {"id":"30372","date":"2021-03-18","number":"29122","amount":"75000.0000000000","observations":null,"anotation":null,"type":"in","paymentMethod":"","status":"open","bankAccount":{"id":"2","name":"PAYU","type":"bank"},"client":{"id":"23333","name":"Andrea rozo","phone":"3142969207"},"invoices":[{"id":"29338","number":"31599","date":"2021-03-18","amount":75000,"total":75000,"balance":0}],"costCenter":null,"numberTemplate":{"id":"3","prefix":"","number":"29122","fullNumber":"29122","formattedNumber":"29122"}}
2021-03-18 04:20:17 :: ----------send data payment:29339------------
2021-03-18 04:20:17 :: {"date":"2021-03-18","invoices":[{"amount":"35000","id":"29339"}],"bankAccount":2}
2021-03-18 04:20:19 :: ----------result data payment:29339------------
2021-03-18 04:20:19 :: {"id":"30373","date":"2021-03-18","number":"29123","amount":"35000.0000000000","observations":null,"anotation":null,"type":"in","paymentMethod":"","status":"open","bankAccount":{"id":"2","name":"PAYU","type":"bank"},"client":{"id":"23334","name":"Mariana Ocampo","phone":"3017433236"},"invoices":[{"id":"29339","number":"31600","date":"2021-03-18","amount":35000,"total":35000,"balance":0}],"costCenter":null,"numberTemplate":{"id":"3","prefix":"","number":"29123","fullNumber":"29123","formattedNumber":"29123"}}
2021-03-18 04:25:07 :: ----------send data payment:29340------------
2021-03-18 04:25:07 :: {"date":"2021-03-18","invoices":[{"amount":"45000","id":"29340"}],"bankAccount":2}
2021-03-18 04:25:09 :: ----------result data payment:29340------------
2021-03-18 04:25:09 :: {"id":"30374","date":"2021-03-18","number":"29124","amount":"45000.0000000000","observations":null,"anotation":null,"type":"in","paymentMethod":"","status":"open","bankAccount":{"id":"2","name":"PAYU","type":"bank"},"client":{"id":"20438","name":"Leidy Yohenni Verga\u00f1o","phone":"3214469172"},"invoices":[{"id":"29340","number":"31601","date":"2021-03-18","amount":45000,"total":45000,"balance":0}],"costCenter":null,"numberTemplate":{"id":"3","prefix":"","number":"29124","fullNumber":"29124","formattedNumber":"29124"}}
2021-03-18 05:20:32 :: ----------send data payment:29341------------
2021-03-18 05:20:32 :: {"date":"2021-03-18","invoices":[{"amount":"105000","id":"29341"}],"bankAccount":2}
2021-03-18 05:20:33 :: ----------result data payment:29341------------
2021-03-18 05:20:33 :: {"id":"30375","date":"2021-03-18","number":"29125","amount":"105000.0000000000","observations":null,"anotation":null,"type":"in","paymentMethod":"","status":"open","bankAccount":{"id":"2","name":"PAYU","type":"bank"},"client":{"id":"23335","name":"Samanta Vera","phone":"3015234505"},"invoices":[{"id":"29341","number":"31602","date":"2021-03-18","amount":105000,"total":105000,"balance":0}],"costCenter":null,"numberTemplate":{"id":"3","prefix":"","number":"29125","fullNumber":"29125","formattedNumber":"29125"}}
2021-03-18 05:45:13 :: ----------send data payment:29342------------
2021-03-18 05:45:13 :: {"date":"2021-03-18","invoices":[{"amount":"75000","id":"29342"}],"bankAccount":2}
2021-03-18 05:45:14 :: ----------result data payment:29342------------
2021-03-18 05:45:14 :: {"id":"30376","date":"2021-03-18","number":"29126","amount":"75000.0000000000","observations":null,"anotation":null,"type":"in","paymentMethod":"","status":"open","bankAccount":{"id":"2","name":"PAYU","type":"bank"},"client":{"id":"20979","name":"laura correa","phone":"3102573405"},"invoices":[{"id":"29342","number":"31603","date":"2021-03-18","amount":75000,"total":75000,"balance":0}],"costCenter":null,"numberTemplate":{"id":"3","prefix":"","number":"29126","fullNumber":"29126","formattedNumber":"29126"}}
2021-03-18 06:50:10 :: ----------send data payment:29343------------
2021-03-18 06:50:10 :: {"date":"2021-03-18","invoices":[{"amount":"58000","id":"29343"}],"bankAccount":2}
2021-03-18 06:50:12 :: ----------result data payment:29343------------
2021-03-18 06:50:12 :: {"id":"30377","date":"2021-03-18","number":"29127","amount":"58000.0000000000","observations":null,"anotation":null,"type":"in","paymentMethod":"","status":"open","bankAccount":{"id":"2","name":"PAYU","type":"bank"},"client":{"id":"23336","name":"Francy Garzon","phone":"3138080456"},"invoices":[{"id":"29343","number":"31604","date":"2021-03-18","amount":58000,"total":58000,"balance":0}],"costCenter":null,"numberTemplate":{"id":"3","prefix":"","number":"29127","fullNumber":"29127","formattedNumber":"29127"}}
2021-03-18 06:55:22 :: ----------send data payment:29344------------
2021-03-18 06:55:22 :: {"date":"2021-03-18","invoices":[{"amount":"59000","id":"29344"}],"bankAccount":2}
2021-03-18 06:55:23 :: ----------result data payment:29344------------
2021-03-18 06:55:23 :: {"id":"30378","date":"2021-03-18","number":"29128","amount":"59000.0000000000","observations":null,"anotation":null,"type":"in","paymentMethod":"","status":"open","bankAccount":{"id":"2","name":"PAYU","type":"bank"},"client":{"id":"23337","name":"anamariaguerrerof","phone":"3137128716"},"invoices":[{"id":"29344","number":"31605","date":"2021-03-18","amount":59000,"total":59000,"balance":0}],"costCenter":null,"numberTemplate":{"id":"3","prefix":"","number":"29128","fullNumber":"29128","formattedNumber":"29128"}}
2021-03-18 07:00:12 :: ----------send data payment:29345------------
2021-03-18 07:00:12 :: {"date":"2021-03-18","invoices":[{"amount":"103001","id":"29345"}],"bankAccount":2}
2021-03-18 07:00:13 :: ----------result data payment:29345------------
2021-03-18 07:00:13 :: {"id":"30379","date":"2021-03-18","number":"29129","amount":"103001.0000000000","observations":null,"anotation":null,"type":"in","paymentMethod":"","status":"open","bankAccount":{"id":"2","name":"PAYU","type":"bank"},"client":{"id":"23338","name":"Sandra","phone":"3132528237"},"invoices":[{"id":"29345","number":"31606","date":"2021-03-18","amount":103001,"total":103001,"balance":0}],"costCenter":null,"numberTemplate":{"id":"3","prefix":"","number":"29129","fullNumber":"29129","formattedNumber":"29129"}}
2021-03-18 07:10:09 :: ----------send data payment:29346------------
2021-03-18 07:10:09 :: {"date":"2021-03-18","invoices":[{"amount":"45000","id":"29346"}],"bankAccount":2}
2021-03-18 07:10:11 :: ----------result data payment:29346------------
2021-03-18 07:10:11 :: {"id":"30380","date":"2021-03-18","number":"29130","amount":"45000.0000000000","observations":null,"anotation":null,"type":"in","paymentMethod":"","status":"open","bankAccount":{"id":"2","name":"PAYU","type":"bank"},"client":{"id":"22108","name":"LINA ESTEFANIA","phone":"3163500772"},"invoices":[{"id":"29346","number":"31607","date":"2021-03-18","amount":45000,"total":45000,"balance":0}],"costCenter":null,"numberTemplate":{"id":"3","prefix":"","number":"29130","fullNumber":"29130","formattedNumber":"29130"}}
2021-03-18 07:55:08 :: ----------send data payment:29347------------
2021-03-18 07:55:08 :: {"date":"2021-03-18","invoices":[{"amount":"50000","id":"29347"}],"bankAccount":2}
2021-03-18 07:55:10 :: ----------result data payment:29347------------
2021-03-18 07:55:10 :: {"id":"30381","date":"2021-03-18","number":"29131","amount":"50000.0000000000","observations":null,"anotation":null,"type":"in","paymentMethod":"","status":"open","bankAccount":{"id":"2","name":"PAYU","type":"bank"},"client":{"id":"7366","name":"Tatiana Le\u00f3n","phone":"3193499665"},"invoices":[{"id":"29347","number":"31608","date":"2021-03-18","amount":50000,"total":50000,"balance":0}],"costCenter":null,"numberTemplate":{"id":"3","prefix":"","number":"29131","fullNumber":"29131","formattedNumber":"29131"}}
2021-03-18 08:10:23 :: ----------send data payment:29348------------
2021-03-18 08:10:23 :: {"date":"2021-03-18","invoices":[{"amount":"65002","id":"29348"}],"bankAccount":2}
2021-03-18 08:10:24 :: ----------result data payment:29348------------
2021-03-18 08:10:24 :: {"id":"30382","date":"2021-03-18","number":"29132","amount":"65002.0000000000","observations":null,"anotation":null,"type":"in","paymentMethod":"","status":"open","bankAccount":{"id":"2","name":"PAYU","type":"bank"},"client":{"id":"17503","name":"Beatriz Rivera","phone":"3057362158"},"invoices":[{"id":"29348","number":"31609","date":"2021-03-18","amount":65002,"total":65002,"balance":0}],"costCenter":null,"numberTemplate":{"id":"3","prefix":"","number":"29132","fullNumber":"29132","formattedNumber":"29132"}}
2021-03-18 08:15:13 :: ----------send data payment:29349------------
2021-03-18 08:15:13 :: {"date":"2021-03-18","invoices":[{"amount":"80001","id":"29349"}],"bankAccount":2}
2021-03-18 08:15:14 :: ----------result data payment:29349------------
2021-03-18 08:15:14 :: {"id":"30383","date":"2021-03-18","number":"29133","amount":"80001.0000000000","observations":null,"anotation":null,"type":"in","paymentMethod":"","status":"open","bankAccount":{"id":"2","name":"PAYU","type":"bank"},"client":{"id":"23339","name":"Marianella Peynado","phone":"3166253256"},"invoices":[{"id":"29349","number":"31610","date":"2021-03-18","amount":80001,"total":80001,"balance":0}],"costCenter":null,"numberTemplate":{"id":"3","prefix":"","number":"29133","fullNumber":"29133","formattedNumber":"29133"}}
2021-03-18 08:50:34 :: ----------send data payment:29350------------
2021-03-18 08:50:34 :: {"date":"2021-03-18","invoices":[{"amount":"59999","id":"29350"}],"bankAccount":2}
2021-03-18 08:50:35 :: ----------result data payment:29350------------
2021-03-18 08:50:35 :: {"id":"30384","date":"2021-03-18","number":"29134","amount":"59999.0000000000","observations":null,"anotation":null,"type":"in","paymentMethod":"","status":"open","bankAccount":{"id":"2","name":"PAYU","type":"bank"},"client":{"id":"23340","name":"Heidy P\u00e9rez","phone":"3144170913"},"invoices":[{"id":"29350","number":"31611","date":"2021-03-18","amount":59999,"total":59999,"balance":0}],"costCenter":null,"numberTemplate":{"id":"3","prefix":"","number":"29134","fullNumber":"29134","formattedNumber":"29134"}}
2021-03-18 08:55:30 :: ----------send data payment:29351------------
2021-03-18 08:55:30 :: {"date":"2021-03-18","invoices":[{"amount":"40000","id":"29351"}],"bankAccount":2}
2021-03-18 08:55:31 :: ----------result data payment:29351------------
2021-03-18 08:55:31 :: {"id":"30385","date":"2021-03-18","number":"29135","amount":"40000.0000000000","observations":null,"anotation":null,"type":"in","paymentMethod":"","status":"open","bankAccount":{"id":"2","name":"PAYU","type":"bank"},"client":{"id":"23341","name":"Susana L\u00f3pez","phone":"3166063658"},"invoices":[{"id":"29351","number":"31612","date":"2021-03-18","amount":40000,"total":40000,"balance":0}],"costCenter":null,"numberTemplate":{"id":"3","prefix":"","number":"29135","fullNumber":"29135","formattedNumber":"29135"}}
2021-03-18 09:30:14 :: ----------send data payment:29352------------
2021-03-18 09:30:14 :: {"date":"2021-03-18","invoices":[{"amount":"126001","id":"29352"}],"bankAccount":2}
2021-03-18 09:30:15 :: ----------result data payment:29352------------
2021-03-18 09:30:15 :: {"id":"30386","date":"2021-03-18","number":"29136","amount":"126001.0000000000","observations":null,"anotation":null,"type":"in","paymentMethod":"","status":"open","bankAccount":{"id":"2","name":"PAYU","type":"bank"},"client":{"id":"23342","name":"Karen Andrea Bode Ruiz","phone":"3148133041"},"invoices":[{"id":"29352","number":"31613","date":"2021-03-18","amount":126001,"total":126001,"balance":0}],"costCenter":null,"numberTemplate":{"id":"3","prefix":"","number":"29136","fullNumber":"29136","formattedNumber":"29136"}}
2021-03-18 09:40:31 :: ----------send data payment:29353------------
2021-03-18 09:40:31 :: {"date":"2021-03-18","invoices":[{"amount":"49999","id":"29353"}],"bankAccount":2}
2021-03-18 09:40:32 :: ----------result data payment:29353------------
2021-03-18 09:40:32 :: {"id":"30387","date":"2021-03-18","number":"29137","amount":"49999.0000000000","observations":null,"anotation":null,"type":"in","paymentMethod":"","status":"open","bankAccount":{"id":"2","name":"PAYU","type":"bank"},"client":{"id":"23343","name":"Laura Hederich","phone":"3184936100"},"invoices":[{"id":"29353","number":"31614","date":"2021-03-18","amount":49999,"total":49999,"balance":0}],"costCenter":null,"numberTemplate":{"id":"3","prefix":"","number":"29137","fullNumber":"29137","formattedNumber":"29137"}}
2021-03-18 10:00:22 :: ----------send data payment:29354------------
2021-03-18 10:00:22 :: {"date":"2021-03-18","invoices":[{"amount":"75000","id":"29354"}],"bankAccount":2}
2021-03-18 10:00:23 :: ----------result data payment:29354------------
2021-03-18 10:00:23 :: {"id":"30388","date":"2021-03-18","number":"29138","amount":"75000.0000000000","observations":null,"anotation":null,"type":"in","paymentMethod":"","status":"open","bankAccount":{"id":"2","name":"PAYU","type":"bank"},"client":{"id":"23344","name":"AnaM Sier","phone":"3133355754"},"invoices":[{"id":"29354","number":"31615","date":"2021-03-18","amount":75000,"total":75000,"balance":0}],"costCenter":null,"numberTemplate":{"id":"3","prefix":"","number":"29138","fullNumber":"29138","formattedNumber":"29138"}}
2021-03-18 10:15:25 :: ----------send data payment:29355------------
2021-03-18 10:15:25 :: {"date":"2021-03-18","invoices":[{"amount":"135000","id":"29355"}],"bankAccount":2}
2021-03-18 10:15:50 :: ----------result data payment:29355------------
2021-03-18 10:15:50 :: {"id":"30389","date":"2021-03-18","number":"29139","amount":"135000.0000000000","observations":null,"anotation":null,"type":"in","paymentMethod":"","status":"open","bankAccount":{"id":"2","name":"PAYU","type":"bank"},"client":{"id":"23153","name":"Ana Michel mejia cervante","phone":"3103975890"},"invoices":[{"id":"29355","number":"31616","date":"2021-03-18","amount":135000,"total":135000,"balance":0}],"costCenter":null,"numberTemplate":{"id":"3","prefix":"","number":"29139","fullNumber":"29139","formattedNumber":"29139"}}
2021-03-18 10:20:20 :: ----------send data payment:29356------------
2021-03-18 10:20:20 :: {"date":"2021-03-18","invoices":[{"amount":"25000","id":"29356"}],"bankAccount":2}
2021-03-18 10:20:20 :: ----------result data payment:29356------------
2021-03-18 10:20:20 :: {"id":"30390","date":"2021-03-18","number":"29140","amount":"25000.0000000000","observations":null,"anotation":null,"type":"in","paymentMethod":"","status":"open","bankAccount":{"id":"2","name":"PAYU","type":"bank"},"client":{"id":"23345","name":"Daniela Serna Quintero","phone":"3013616122"},"invoices":[{"id":"29356","number":"31617","date":"2021-03-18","amount":25000,"total":25000,"balance":0}],"costCenter":null,"numberTemplate":{"id":"3","prefix":"","number":"29140","fullNumber":"29140","formattedNumber":"29140"}}
2021-03-18 10:35:08 :: ----------send data payment:29357------------
2021-03-18 10:35:08 :: {"date":"2021-03-18","invoices":[{"amount":"112001","id":"29357"}],"bankAccount":2}
2021-03-18 10:35:10 :: ----------result data payment:29357------------
2021-03-18 10:35:10 :: {"id":"30391","date":"2021-03-18","number":"29141","amount":"112001.0000000000","observations":null,"anotation":null,"type":"in","paymentMethod":"","status":"open","bankAccount":{"id":"2","name":"PAYU","type":"bank"},"client":{"id":"8397","name":"Natalia L\u00f3pez H","phone":"3193567952"},"invoices":[{"id":"29357","number":"31618","date":"2021-03-18","amount":112001,"total":112001,"balance":0}],"costCenter":null,"numberTemplate":{"id":"3","prefix":"","number":"29141","fullNumber":"29141","formattedNumber":"29141"}}
2021-03-18 11:05:25 :: ----------send data payment:29358------------
2021-03-18 11:05:25 :: {"date":"2021-03-18","invoices":[{"amount":"30000","id":"29358"}],"bankAccount":2}
2021-03-18 11:05:26 :: ----------result data payment:29358------------
2021-03-18 11:05:26 :: {"id":"30392","date":"2021-03-18","number":"29142","amount":"30000.0000000000","observations":null,"anotation":null,"type":"in","paymentMethod":"","status":"open","bankAccount":{"id":"2","name":"PAYU","type":"bank"},"client":{"id":"23346","name":"Laura Camila Contreras","phone":"3195689771"},"invoices":[{"id":"29358","number":"31619","date":"2021-03-18","amount":30000,"total":30000,"balance":0}],"costCenter":null,"numberTemplate":{"id":"3","prefix":"","number":"29142","fullNumber":"29142","formattedNumber":"29142"}}
2021-03-18 11:20:26 :: ----------send data payment:29359------------
2021-03-18 11:20:26 :: {"date":"2021-03-18","invoices":[{"amount":"60000","id":"29359"}],"bankAccount":2}
2021-03-18 11:20:27 :: ----------result data payment:29359------------
2021-03-18 11:20:27 :: {"id":"30393","date":"2021-03-18","number":"29143","amount":"60000.0000000000","observations":null,"anotation":null,"type":"in","paymentMethod":"","status":"open","bankAccount":{"id":"2","name":"PAYU","type":"bank"},"client":{"id":"23347","name":"Liliana montalvo","phone":"3116754694"},"invoices":[{"id":"29359","number":"31620","date":"2021-03-18","amount":60000,"total":60000,"balance":0}],"costCenter":null,"numberTemplate":{"id":"3","prefix":"","number":"29143","fullNumber":"29143","formattedNumber":"29143"}}
2021-03-18 11:25:31 :: ----------send data payment:29360------------
2021-03-18 11:25:31 :: {"date":"2021-03-18","invoices":[{"amount":"137000","id":"29360"}],"bankAccount":2}
2021-03-18 11:25:32 :: ----------result data payment:29360------------
2021-03-18 11:25:32 :: {"id":"30394","date":"2021-03-18","number":"29144","amount":"137000.0000000000","observations":null,"anotation":null,"type":"in","paymentMethod":"","status":"open","bankAccount":{"id":"2","name":"PAYU","type":"bank"},"client":{"id":"23348","name":"Claudia","phone":"3106228488"},"invoices":[{"id":"29360","number":"31621","date":"2021-03-18","amount":137000,"total":137000,"balance":0}],"costCenter":null,"numberTemplate":{"id":"3","prefix":"","number":"29144","fullNumber":"29144","formattedNumber":"29144"}}