
2021-05-24 12:15:11 :: ----------send data payment:31987------------
2021-05-24 12:15:11 :: {"date":"2021-05-24","invoices":[{"amount":"46000","id":"31987"}],"bankAccount":2}
2021-05-24 12:15:12 :: ----------result data payment:31987------------
2021-05-24 12:15:12 :: {"id":"33122","date":"2021-05-24","number":"31775","amount":"46000.0000000000","observations":null,"anotation":null,"type":"in","paymentMethod":"","status":"open","bankAccount":{"id":"2","name":"PAYU","type":"bank"},"client":{"id":"25100","name":"Mar\u00eda Paula Suarez","phone":"3146863455"},"invoices":[{"id":"31987","number":"34248","date":"2021-05-24","amount":46000,"total":46000,"balance":0}],"costCenter":null,"numberTemplate":{"id":"3","prefix":"","number":"31775","fullNumber":"31775","formattedNumber":"31775"}}
2021-05-24 05:15:12 :: ----------send data payment:31988------------
2021-05-24 05:15:12 :: {"date":"2021-05-24","invoices":[{"amount":"49999","id":"31988"}],"bankAccount":2}
2021-05-24 05:15:13 :: ----------result data payment:31988------------
2021-05-24 05:15:13 :: {"id":"33123","date":"2021-05-24","number":"31776","amount":"49999.0000000000","observations":null,"anotation":null,"type":"in","paymentMethod":"","status":"open","bankAccount":{"id":"2","name":"PAYU","type":"bank"},"client":{"id":"25101","name":"Lina Le\u00f3n","phone":"3138511335"},"invoices":[{"id":"31988","number":"34249","date":"2021-05-24","amount":49999,"total":49999,"balance":0}],"costCenter":null,"numberTemplate":{"id":"3","prefix":"","number":"31776","fullNumber":"31776","formattedNumber":"31776"}}
2021-05-24 09:20:11 :: ----------send data payment:31989------------
2021-05-24 09:20:11 :: {"date":"2021-05-24","invoices":[{"amount":"80001","id":"31989"}],"bankAccount":2}
2021-05-24 09:20:13 :: ----------result data payment:31989------------
2021-05-24 09:20:13 :: {"id":"33124","date":"2021-05-24","number":"31777","amount":"80001.0000000000","observations":null,"anotation":null,"type":"in","paymentMethod":"","status":"open","bankAccount":{"id":"2","name":"PAYU","type":"bank"},"client":{"id":"25102","name":"Laura M\u00fanera","phone":"3168722369"},"invoices":[{"id":"31989","number":"34250","date":"2021-05-24","amount":80001,"total":80001,"balance":0}],"costCenter":null,"numberTemplate":{"id":"3","prefix":"","number":"31777","fullNumber":"31777","formattedNumber":"31777"}}
2021-05-24 09:30:09 :: ----------send data payment:31990------------
2021-05-24 09:30:09 :: {"date":"2021-05-24","invoices":[{"amount":"82962","id":"31990"}],"bankAccount":2}
2021-05-24 09:30:11 :: ----------result data payment:31990------------
2021-05-24 09:30:11 :: {"id":"33125","date":"2021-05-24","number":"31778","amount":"82962.0000000000","observations":null,"anotation":null,"type":"in","paymentMethod":"","status":"open","bankAccount":{"id":"2","name":"PAYU","type":"bank"},"client":{"id":"25103","name":"Karith Nahanna","phone":"3202928732"},"invoices":[{"id":"31990","number":"34251","date":"2021-05-24","amount":82962,"total":82962,"balance":0}],"costCenter":null,"numberTemplate":{"id":"3","prefix":"","number":"31778","fullNumber":"31778","formattedNumber":"31778"}}
2021-05-24 10:05:13 :: ----------send data payment:31991------------
2021-05-24 10:05:13 :: {"date":"2021-05-24","invoices":[{"amount":"57000","id":"31991"}],"bankAccount":2}
2021-05-24 10:05:14 :: ----------result data payment:31991------------
2021-05-24 10:05:14 :: {"id":"33126","date":"2021-05-24","number":"31779","amount":"57000.0000000000","observations":null,"anotation":null,"type":"in","paymentMethod":"","status":"open","bankAccount":{"id":"2","name":"PAYU","type":"bank"},"client":{"id":"25104","name":"Angie Alvarado","phone":"3202089773"},"invoices":[{"id":"31991","number":"34252","date":"2021-05-24","amount":57000,"total":57000,"balance":0}],"costCenter":null,"numberTemplate":{"id":"3","prefix":"","number":"31779","fullNumber":"31779","formattedNumber":"31779"}}
2021-05-24 10:50:08 :: ----------send data payment:31992------------
2021-05-24 10:50:08 :: {"date":"2021-05-24","invoices":[{"amount":"77199","id":"31992"}],"bankAccount":2}
2021-05-24 10:50:10 :: ----------result data payment:31992------------
2021-05-24 10:50:10 :: {"id":"33127","date":"2021-05-24","number":"31780","amount":"77199.0000000000","observations":null,"anotation":null,"type":"in","paymentMethod":"","status":"open","bankAccount":{"id":"2","name":"PAYU","type":"bank"},"client":{"id":"19757","name":"Lizeth Casas","phone":"3202322824"},"invoices":[{"id":"31992","number":"34253","date":"2021-05-24","amount":77199,"total":77199,"balance":0}],"costCenter":null,"numberTemplate":{"id":"3","prefix":"","number":"31780","fullNumber":"31780","formattedNumber":"31780"}}
2021-05-24 11:25:17 :: ----------send data payment:31993------------
2021-05-24 11:25:17 :: {"date":"2021-05-24","invoices":[{"amount":"39999","id":"31993"}],"bankAccount":2}
2021-05-24 11:25:19 :: ----------result data payment:31993------------
2021-05-24 11:25:19 :: {"id":"33128","date":"2021-05-24","number":"31781","amount":"39999.0000000000","observations":null,"anotation":null,"type":"in","paymentMethod":"","status":"open","bankAccount":{"id":"2","name":"PAYU","type":"bank"},"client":{"id":"25105","name":"Viviana Gutierrez","phone":"3102020077"},"invoices":[{"id":"31993","number":"34254","date":"2021-05-24","amount":39999,"total":39999,"balance":0}],"costCenter":null,"numberTemplate":{"id":"3","prefix":"","number":"31781","fullNumber":"31781","formattedNumber":"31781"}}
2021-05-24 11:30:09 :: ----------send data payment:31994------------
2021-05-24 11:30:09 :: {"date":"2021-05-24","invoices":[{"amount":"35000","id":"31994"}],"bankAccount":2}
2021-05-24 11:30:11 :: ----------result data payment:31994------------
2021-05-24 11:30:11 :: {"id":"33129","date":"2021-05-24","number":"31782","amount":"35000.0000000000","observations":null,"anotation":null,"type":"in","paymentMethod":"","status":"open","bankAccount":{"id":"2","name":"PAYU","type":"bank"},"client":{"id":"25106","name":"Angela Pinilla","phone":"3135140520"},"invoices":[{"id":"31994","number":"34255","date":"2021-05-24","amount":35000,"total":35000,"balance":0}],"costCenter":null,"numberTemplate":{"id":"3","prefix":"","number":"31782","fullNumber":"31782","formattedNumber":"31782"}}
2021-05-24 12:05:17 :: ----------send data payment:31995------------
2021-05-24 12:05:17 :: {"date":"2021-05-24","invoices":[{"amount":"77842","id":"31995"}],"bankAccount":2}
2021-05-24 12:05:19 :: ----------result data payment:31995------------
2021-05-24 12:05:19 :: {"id":"33131","date":"2021-05-24","number":"31783","amount":"77842.0000000000","observations":null,"anotation":null,"type":"in","paymentMethod":"","status":"open","bankAccount":{"id":"2","name":"PAYU","type":"bank"},"client":{"id":"25107","name":"ana maria bermudez","phone":"3164814035"},"invoices":[{"id":"31995","number":"34256","date":"2021-05-24","amount":77842,"total":77842,"balance":0}],"costCenter":null,"numberTemplate":{"id":"3","prefix":"","number":"31783","fullNumber":"31783","formattedNumber":"31783"}}
2021-05-24 12:35:15 :: ----------send data payment:31997------------
2021-05-24 12:35:15 :: {"date":"2021-05-24","invoices":[{"amount":"91000","id":"31997"}],"bankAccount":2}
2021-05-24 12:35:16 :: ----------result data payment:31997------------
2021-05-24 12:35:16 :: {"id":"33133","date":"2021-05-24","number":"31785","amount":"91000.0000000000","observations":null,"anotation":null,"type":"in","paymentMethod":"","status":"open","bankAccount":{"id":"2","name":"PAYU","type":"bank"},"client":{"id":"25108","name":"Isabel Cristina Cuellar Cuenca","phone":"3177107492"},"invoices":[{"id":"31997","number":"34258","date":"2021-05-24","amount":91000,"total":91000,"balance":0}],"costCenter":null,"numberTemplate":{"id":"3","prefix":"","number":"31785","fullNumber":"31785","formattedNumber":"31785"}}
2021-05-24 12:45:16 :: ----------send data payment:31998------------
2021-05-24 12:45:16 :: {"date":"2021-05-24","invoices":[{"amount":"91281","id":"31998"}],"bankAccount":2}
2021-05-24 12:45:18 :: ----------result data payment:31998------------
2021-05-24 12:45:18 :: {"id":"33134","date":"2021-05-24","number":"31786","amount":"91281.0000000000","observations":null,"anotation":null,"type":"in","paymentMethod":"","status":"open","bankAccount":{"id":"2","name":"PAYU","type":"bank"},"client":{"id":"25109","name":"Rosana vasquez","phone":"3017089569"},"invoices":[{"id":"31998","number":"34259","date":"2021-05-24","amount":91281,"total":91281,"balance":0}],"costCenter":null,"numberTemplate":{"id":"3","prefix":"","number":"31786","fullNumber":"31786","formattedNumber":"31786"}}
2021-05-24 03:10:15 :: ----------send data payment:31999------------
2021-05-24 03:10:15 :: {"date":"2021-05-24","invoices":[{"amount":"75000","id":"31999"}],"bankAccount":2}
2021-05-24 03:10:17 :: ----------result data payment:31999------------
2021-05-24 03:10:17 :: {"id":"33135","date":"2021-05-24","number":"31787","amount":"75000.0000000000","observations":null,"anotation":null,"type":"in","paymentMethod":"","status":"open","bankAccount":{"id":"2","name":"PAYU","type":"bank"},"client":{"id":"19785","name":"Danna Paola Ospina Ochoa","phone":"3015223463"},"invoices":[{"id":"31999","number":"34260","date":"2021-05-24","amount":75000,"total":75000,"balance":0}],"costCenter":null,"numberTemplate":{"id":"3","prefix":"","number":"31787","fullNumber":"31787","formattedNumber":"31787"}}
2021-05-24 04:05:09 :: ----------send data payment:32000------------
2021-05-24 04:05:09 :: {"date":"2021-05-24","invoices":[{"amount":"102800","id":"32000"}],"bankAccount":2}
2021-05-24 04:05:11 :: ----------result data payment:32000------------
2021-05-24 04:05:11 :: {"id":"33136","date":"2021-05-24","number":"31788","amount":"102800.0000000000","observations":null,"anotation":null,"type":"in","paymentMethod":"","status":"open","bankAccount":{"id":"2","name":"PAYU","type":"bank"},"client":{"id":"25110","name":"Kamila Bustos","phone":"3142548313"},"invoices":[{"id":"32000","number":"34261","date":"2021-05-24","amount":102800,"total":102800,"balance":0}],"costCenter":null,"numberTemplate":{"id":"3","prefix":"","number":"31788","fullNumber":"31788","formattedNumber":"31788"}}
2021-05-24 04:35:13 :: ----------send data payment:32001------------
2021-05-24 04:35:13 :: {"date":"2021-05-24","invoices":[{"amount":"113679","id":"32001"}],"bankAccount":2}
2021-05-24 04:35:15 :: ----------result data payment:32001------------
2021-05-24 04:35:15 :: {"id":"33137","date":"2021-05-24","number":"31789","amount":"113679.0000000000","observations":null,"anotation":null,"type":"in","paymentMethod":"","status":"open","bankAccount":{"id":"2","name":"PAYU","type":"bank"},"client":{"id":"22138","name":"Jenny Jaimes","phone":"3013583238"},"invoices":[{"id":"32001","number":"34262","date":"2021-05-24","amount":113679,"total":113679,"balance":0}],"costCenter":null,"numberTemplate":{"id":"3","prefix":"","number":"31789","fullNumber":"31789","formattedNumber":"31789"}}
2021-05-24 04:40:08 :: ----------send data payment:32002------------
2021-05-24 04:40:08 :: {"date":"2021-05-24","invoices":[{"amount":"37999","id":"32002"}],"bankAccount":2}
2021-05-24 04:40:10 :: ----------result data payment:32002------------
2021-05-24 04:40:10 :: {"id":"33138","date":"2021-05-24","number":"31790","amount":"37999.0000000000","observations":null,"anotation":null,"type":"in","paymentMethod":"","status":"open","bankAccount":{"id":"2","name":"PAYU","type":"bank"},"client":{"id":"25111","name":"Ana Sofia Pab\u00f3n Andrade","phone":"3223378006"},"invoices":[{"id":"32002","number":"34263","date":"2021-05-24","amount":37999,"total":37999,"balance":0}],"costCenter":null,"numberTemplate":{"id":"3","prefix":"","number":"31790","fullNumber":"31790","formattedNumber":"31790"}}
2021-05-24 05:05:22 :: ----------send data payment:32003------------
2021-05-24 05:05:22 :: {"date":"2021-05-24","invoices":[{"amount":"90000","id":"32003"}],"bankAccount":2}
2021-05-24 05:05:23 :: ----------result data payment:32003------------
2021-05-24 05:05:23 :: {"id":"33139","date":"2021-05-24","number":"31791","amount":"90000.0000000000","observations":null,"anotation":null,"type":"in","paymentMethod":"","status":"open","bankAccount":{"id":"2","name":"PAYU","type":"bank"},"client":{"id":"25112","name":"Alvimar mejias","phone":"3012584725"},"invoices":[{"id":"32003","number":"34264","date":"2021-05-24","amount":90000,"total":90000,"balance":0}],"costCenter":null,"numberTemplate":{"id":"3","prefix":"","number":"31791","fullNumber":"31791","formattedNumber":"31791"}}
2021-05-24 05:30:09 :: ----------send data payment:32004------------
2021-05-24 05:30:09 :: {"date":"2021-05-24","invoices":[{"amount":"94481","id":"32004"}],"bankAccount":2}
2021-05-24 05:30:11 :: ----------result data payment:32004------------
2021-05-24 05:30:11 :: {"id":"33140","date":"2021-05-24","number":"31792","amount":"94481.0000000000","observations":null,"anotation":null,"type":"in","paymentMethod":"","status":"open","bankAccount":{"id":"2","name":"PAYU","type":"bank"},"client":{"id":"25113","name":"GENNYS PAOLA CURREA GIL","phone":"3234660554"},"invoices":[{"id":"32004","number":"34265","date":"2021-05-24","amount":94481,"total":94481,"balance":0}],"costCenter":null,"numberTemplate":{"id":"3","prefix":"","number":"31792","fullNumber":"31792","formattedNumber":"31792"}}
2021-05-24 05:35:15 :: ----------send data payment:32005------------
2021-05-24 05:35:15 :: {"date":"2021-05-24","invoices":[{"amount":"40000","id":"32005"}],"bankAccount":2}
2021-05-24 05:35:16 :: ----------result data payment:32005------------
2021-05-24 05:35:16 :: {"id":"33141","date":"2021-05-24","number":"31793","amount":"40000.0000000000","observations":null,"anotation":null,"type":"in","paymentMethod":"","status":"open","bankAccount":{"id":"2","name":"PAYU","type":"bank"},"client":{"id":"25114","name":"yenny corzo","phone":"3014156073"},"invoices":[{"id":"32005","number":"34266","date":"2021-05-24","amount":40000,"total":40000,"balance":0}],"costCenter":null,"numberTemplate":{"id":"3","prefix":"","number":"31793","fullNumber":"31793","formattedNumber":"31793"}}
2021-05-24 05:40:13 :: ----------send data payment:32006------------
2021-05-24 05:40:13 :: {"date":"2021-05-24","invoices":[{"amount":"75921","id":"32006"}],"bankAccount":2}
2021-05-24 05:40:14 :: ----------result data payment:32006------------
2021-05-24 05:40:14 :: {"id":"33142","date":"2021-05-24","number":"31794","amount":"75921.0000000000","observations":null,"anotation":null,"type":"in","paymentMethod":"","status":"open","bankAccount":{"id":"2","name":"PAYU","type":"bank"},"client":{"id":"25115","name":"Paula Valbuena","phone":"3158061363"},"invoices":[{"id":"32006","number":"34267","date":"2021-05-24","amount":75921,"total":75921,"balance":0}],"costCenter":null,"numberTemplate":{"id":"3","prefix":"","number":"31794","fullNumber":"31794","formattedNumber":"31794"}}
2021-05-24 06:15:10 :: ----------send data payment:32007------------
2021-05-24 06:15:10 :: {"date":"2021-05-24","invoices":[{"amount":"83601","id":"32007"}],"bankAccount":2}
2021-05-24 06:15:11 :: ----------result data payment:32007------------
2021-05-24 06:15:11 :: {"id":"33143","date":"2021-05-24","number":"31795","amount":"83601.0000000000","observations":null,"anotation":null,"type":"in","paymentMethod":"","status":"open","bankAccount":{"id":"2","name":"PAYU","type":"bank"},"client":{"id":"25116","name":"Yessica Silva Hoyos","phone":"3206274840"},"invoices":[{"id":"32007","number":"34268","date":"2021-05-24","amount":83601,"total":83601,"balance":0}],"costCenter":null,"numberTemplate":{"id":"3","prefix":"","number":"31795","fullNumber":"31795","formattedNumber":"31795"}}
2021-05-24 07:15:12 :: ----------send data payment:32008------------
2021-05-24 07:15:12 :: {"date":"2021-05-24","invoices":[{"amount":"100000","id":"32008"}],"bankAccount":2}
2021-05-24 07:15:13 :: ----------result data payment:32008------------
2021-05-24 07:15:13 :: {"id":"33144","date":"2021-05-24","number":"31796","amount":"100000.0000000000","observations":null,"anotation":null,"type":"in","paymentMethod":"","status":"open","bankAccount":{"id":"2","name":"PAYU","type":"bank"},"client":{"id":"25117","name":"Jeffry Cardenas","phone":"3103173387"},"invoices":[{"id":"32008","number":"34269","date":"2021-05-24","amount":100000,"total":100000,"balance":0}],"costCenter":null,"numberTemplate":{"id":"3","prefix":"","number":"31796","fullNumber":"31796","formattedNumber":"31796"}}
2021-05-24 08:05:12 :: ----------send data payment:32009------------
2021-05-24 08:05:12 :: {"date":"2021-05-24","invoices":[{"amount":"94478","id":"32009"}],"bankAccount":2}
2021-05-24 08:05:13 :: ----------result data payment:32009------------
2021-05-24 08:05:13 :: {"id":"33145","date":"2021-05-24","number":"31797","amount":"94478.0000000000","observations":null,"anotation":null,"type":"in","paymentMethod":"","status":"open","bankAccount":{"id":"2","name":"PAYU","type":"bank"},"client":{"id":"21292","name":"Zuly Bayona","phone":"3186070075"},"invoices":[{"id":"32009","number":"34270","date":"2021-05-24","amount":94478,"total":94478,"balance":0}],"costCenter":null,"numberTemplate":{"id":"3","prefix":"","number":"31797","fullNumber":"31797","formattedNumber":"31797"}}
2021-05-24 08:55:13 :: ----------send data payment:32010------------
2021-05-24 08:55:13 :: {"date":"2021-05-24","invoices":[{"amount":"81001","id":"32010"}],"bankAccount":2}
2021-05-24 08:55:15 :: ----------result data payment:32010------------
2021-05-24 08:55:15 :: {"id":"33146","date":"2021-05-24","number":"31798","amount":"81001.0000000000","observations":null,"anotation":null,"type":"in","paymentMethod":"","status":"open","bankAccount":{"id":"2","name":"PAYU","type":"bank"},"client":{"id":"17123","name":"Melissa Ortiz L\u00f3pez","phone":"3163453786"},"invoices":[{"id":"32010","number":"34271","date":"2021-05-24","amount":81001,"total":81001,"balance":0}],"costCenter":null,"numberTemplate":{"id":"3","prefix":"","number":"31798","fullNumber":"31798","formattedNumber":"31798"}}
2021-05-24 09:00:07 :: ----------send data payment:32011------------
2021-05-24 09:00:07 :: {"date":"2021-05-24","invoices":[{"amount":"35000","id":"32011"}],"bankAccount":2}
2021-05-24 09:00:09 :: ----------result data payment:32011------------
2021-05-24 09:00:09 :: {"id":"33147","date":"2021-05-24","number":"31799","amount":"35000.0000000000","observations":null,"anotation":null,"type":"in","paymentMethod":"","status":"open","bankAccount":{"id":"2","name":"PAYU","type":"bank"},"client":{"id":"19607","name":"Diana Milena","phone":"3142319300"},"invoices":[{"id":"32011","number":"34272","date":"2021-05-24","amount":35000,"total":35000,"balance":0}],"costCenter":null,"numberTemplate":{"id":"3","prefix":"","number":"31799","fullNumber":"31799","formattedNumber":"31799"}}
2021-05-24 10:25:11 :: ----------send data payment:32012------------
2021-05-24 10:25:11 :: {"date":"2021-05-24","invoices":[{"amount":"145283","id":"32012"}],"bankAccount":2}
2021-05-24 10:25:12 :: ----------result data payment:32012------------
2021-05-24 10:25:12 :: {"id":"33148","date":"2021-05-24","number":"31800","amount":"145283.0000000000","observations":null,"anotation":null,"type":"in","paymentMethod":"","status":"open","bankAccount":{"id":"2","name":"PAYU","type":"bank"},"client":{"id":"25118","name":"Sara mosquera","phone":"3185832993"},"invoices":[{"id":"32012","number":"34273","date":"2021-05-24","amount":145283,"total":145283,"balance":0}],"costCenter":null,"numberTemplate":{"id":"3","prefix":"","number":"31800","fullNumber":"31800","formattedNumber":"31800"}}
2021-05-24 10:55:13 :: ----------send data payment:32013------------
2021-05-24 10:55:13 :: {"date":"2021-05-24","invoices":[{"amount":"54000","id":"32013"}],"bankAccount":2}
2021-05-24 10:55:14 :: ----------result data payment:32013------------
2021-05-24 10:55:14 :: {"id":"33149","date":"2021-05-24","number":"31801","amount":"54000.0000000000","observations":null,"anotation":null,"type":"in","paymentMethod":"","status":"open","bankAccount":{"id":"2","name":"PAYU","type":"bank"},"client":{"id":"19795","name":"Irene Escobar","phone":"3183834006"},"invoices":[{"id":"32013","number":"34274","date":"2021-05-24","amount":54000,"total":54000,"balance":0}],"costCenter":null,"numberTemplate":{"id":"3","prefix":"","number":"31801","fullNumber":"31801","formattedNumber":"31801"}}