
2021-01-31 07:15:14 :: ----------send data payment:26959------------
2021-01-31 07:15:14 :: {"date":"2021-01-31","invoices":[{"amount":"262006","id":"26959"}],"bankAccount":2}
2021-01-31 07:15:15 :: ----------result data payment:26959------------
2021-01-31 07:15:15 :: {"id":"27961","date":"2021-01-31","number":"26810","amount":"262006.0000000000","observations":null,"anotation":null,"type":"in","paymentMethod":"","status":"open","bankAccount":{"id":"2","name":"PAYU","type":"bank"},"client":{"id":"21744","name":"Veronica Suarez","phone":"3123055433"},"invoices":[{"id":"26959","number":"29220","date":"2021-01-31","amount":262006,"total":262006,"balance":0}],"costCenter":null,"numberTemplate":{"id":"3","prefix":"","number":"26810"}}
2021-01-31 07:30:12 :: ----------send data payment:26960------------
2021-01-31 07:30:12 :: {"date":"2021-01-31","invoices":[{"amount":"220001","id":"26960"}],"bankAccount":2}
2021-01-31 07:30:13 :: ----------result data payment:26960------------
2021-01-31 07:30:13 :: {"id":"27962","date":"2021-01-31","number":"26811","amount":"220001.0000000000","observations":null,"anotation":null,"type":"in","paymentMethod":"","status":"open","bankAccount":{"id":"2","name":"PAYU","type":"bank"},"client":{"id":"20363","name":"Esteban Ruiz","phone":"3143422767"},"invoices":[{"id":"26960","number":"29221","date":"2021-01-31","amount":220001,"total":220001,"balance":0}],"costCenter":null,"numberTemplate":{"id":"3","prefix":"","number":"26811"}}
2021-01-31 08:20:12 :: ----------send data payment:26961------------
2021-01-31 08:20:12 :: {"date":"2021-01-31","invoices":[{"amount":"35000","id":"26961"}],"bankAccount":2}
2021-01-31 08:20:14 :: ----------result data payment:26961------------
2021-01-31 08:20:14 :: {"id":"27963","date":"2021-01-31","number":"26812","amount":"35000.0000000000","observations":null,"anotation":null,"type":"in","paymentMethod":"","status":"open","bankAccount":{"id":"2","name":"PAYU","type":"bank"},"client":{"id":"21745","name":"Nathalia Gonzalez Cubides","phone":"3163741685"},"invoices":[{"id":"26961","number":"29222","date":"2021-01-31","amount":35000,"total":35000,"balance":0}],"costCenter":null,"numberTemplate":{"id":"3","prefix":"","number":"26812"}}
2021-01-31 08:50:16 :: ----------send data payment:26962------------
2021-01-31 08:50:16 :: {"date":"2021-01-31","invoices":[{"amount":"55500","id":"26962"}],"bankAccount":2}
2021-01-31 08:50:17 :: ----------result data payment:26962------------
2021-01-31 08:50:17 :: {"id":"27964","date":"2021-01-31","number":"26813","amount":"55500.0000000000","observations":null,"anotation":null,"type":"in","paymentMethod":"","status":"open","bankAccount":{"id":"2","name":"PAYU","type":"bank"},"client":{"id":"21746","name":"Adriana Patricia Romero Beltran","phone":"3157281707"},"invoices":[{"id":"26962","number":"29223","date":"2021-01-31","amount":55500,"total":55500,"balance":0}],"costCenter":null,"numberTemplate":{"id":"3","prefix":"","number":"26813"}}
2021-01-31 08:55:11 :: ----------send data payment:26963------------
2021-01-31 08:55:11 :: {"date":"2021-01-31","invoices":[{"amount":"95000","id":"26963"}],"bankAccount":2}
2021-01-31 08:55:13 :: ----------result data payment:26963------------
2021-01-31 08:55:13 :: {"id":"27965","date":"2021-01-31","number":"26814","amount":"95000.0000000000","observations":null,"anotation":null,"type":"in","paymentMethod":"","status":"open","bankAccount":{"id":"2","name":"PAYU","type":"bank"},"client":{"id":"17505","name":"Dilia Bernal","phone":"3115179529"},"invoices":[{"id":"26963","number":"29224","date":"2021-01-31","amount":95000,"total":95000,"balance":0}],"costCenter":null,"numberTemplate":{"id":"3","prefix":"","number":"26814"}}
2021-01-31 09:20:15 :: ----------send data payment:26964------------
2021-01-31 09:20:15 :: {"date":"2021-01-31","invoices":[{"amount":"80000","id":"26964"}],"bankAccount":2}
2021-01-31 09:20:17 :: ----------result data payment:26964------------
2021-01-31 09:20:17 :: {"id":"27966","date":"2021-01-31","number":"26815","amount":"80000.0000000000","observations":null,"anotation":null,"type":"in","paymentMethod":"","status":"open","bankAccount":{"id":"2","name":"PAYU","type":"bank"},"client":{"id":"21747","name":"Laura saavedra","phone":"3208344048"},"invoices":[{"id":"26964","number":"29225","date":"2021-01-31","amount":80000,"total":80000,"balance":0}],"costCenter":null,"numberTemplate":{"id":"3","prefix":"","number":"26815"}}
2021-01-31 09:35:08 :: ----------send data payment:26965------------
2021-01-31 09:35:08 :: {"date":"2021-01-31","invoices":[{"amount":"65001","id":"26965"}],"bankAccount":2}
2021-01-31 09:35:09 :: ----------result data payment:26965------------
2021-01-31 09:35:09 :: {"id":"27967","date":"2021-01-31","number":"26816","amount":"65001.0000000000","observations":null,"anotation":null,"type":"in","paymentMethod":"","status":"open","bankAccount":{"id":"2","name":"PAYU","type":"bank"},"client":{"id":"21748","name":"Paola Rubiano","phone":"3132736865"},"invoices":[{"id":"26965","number":"29226","date":"2021-01-31","amount":65001,"total":65001,"balance":0}],"costCenter":null,"numberTemplate":{"id":"3","prefix":"","number":"26816"}}
2021-01-31 10:00:15 :: ----------send data payment:26966------------
2021-01-31 10:00:15 :: {"date":"2021-01-31","invoices":[{"amount":"130000","id":"26966"}],"bankAccount":2}
2021-01-31 10:00:16 :: ----------result data payment:26966------------
2021-01-31 10:00:16 :: {"id":"27968","date":"2021-01-31","number":"26817","amount":"130000.0000000000","observations":null,"anotation":null,"type":"in","paymentMethod":"","status":"open","bankAccount":{"id":"2","name":"PAYU","type":"bank"},"client":{"id":"14467","name":"Andrea Franco","phone":"350876559"},"invoices":[{"id":"26966","number":"29227","date":"2021-01-31","amount":130000,"total":130000,"balance":0}],"costCenter":null,"numberTemplate":{"id":"3","prefix":"","number":"26817"}}
2021-01-31 10:10:15 :: ----------send data payment:26967------------
2021-01-31 10:10:15 :: {"date":"2021-01-31","invoices":[{"amount":"127000","id":"26967"}],"bankAccount":2}
2021-01-31 10:10:17 :: ----------result data payment:26967------------
2021-01-31 10:10:17 :: {"id":"27969","date":"2021-01-31","number":"26818","amount":"127000.0000000000","observations":null,"anotation":null,"type":"in","paymentMethod":"","status":"open","bankAccount":{"id":"2","name":"PAYU","type":"bank"},"client":{"id":"12545","name":"Luz Estefany Espitia","phone":"3013583231"},"invoices":[{"id":"26967","number":"29228","date":"2021-01-31","amount":127000,"total":127000,"balance":0}],"costCenter":null,"numberTemplate":{"id":"3","prefix":"","number":"26818"}}
2021-01-31 11:05:11 :: ----------send data payment:26968------------
2021-01-31 11:05:11 :: {"date":"2021-01-31","invoices":[{"amount":"211002","id":"26968"}],"bankAccount":2}
2021-01-31 11:05:12 :: ----------result data payment:26968------------
2021-01-31 11:05:12 :: {"id":"27970","date":"2021-01-31","number":"26819","amount":"211002.0000000000","observations":null,"anotation":null,"type":"in","paymentMethod":"","status":"open","bankAccount":{"id":"2","name":"PAYU","type":"bank"},"client":{"id":"19984","name":"Maria fernanda duque garcia","phone":"3024201012"},"invoices":[{"id":"26968","number":"29229","date":"2021-01-31","amount":211002,"total":211002,"balance":0}],"costCenter":null,"numberTemplate":{"id":"3","prefix":"","number":"26819"}}
2021-01-31 11:05:13 :: ----------send data payment:26969------------
2021-01-31 11:05:13 :: {"date":"2021-01-31","invoices":[{"amount":"77999","id":"26969"}],"bankAccount":2}
2021-01-31 11:05:14 :: ----------result data payment:26969------------
2021-01-31 11:05:14 :: {"id":"27971","date":"2021-01-31","number":"26820","amount":"77999.0000000000","observations":null,"anotation":null,"type":"in","paymentMethod":"","status":"open","bankAccount":{"id":"2","name":"PAYU","type":"bank"},"client":{"id":"15998","name":"Diana Marcela Gallego Buitrago","phone":"3127333670"},"invoices":[{"id":"26969","number":"29230","date":"2021-01-31","amount":77999,"total":77999,"balance":0}],"costCenter":null,"numberTemplate":{"id":"3","prefix":"","number":"26820"}}
2021-01-31 11:40:14 :: ----------send data payment:26970------------
2021-01-31 11:40:14 :: {"date":"2021-01-31","invoices":[{"amount":"116001","id":"26970"}],"bankAccount":2}
2021-01-31 11:40:15 :: ----------result data payment:26970------------
2021-01-31 11:40:15 :: {"id":"27972","date":"2021-01-31","number":"26821","amount":"116001.0000000000","observations":null,"anotation":null,"type":"in","paymentMethod":"","status":"open","bankAccount":{"id":"2","name":"PAYU","type":"bank"},"client":{"id":"21749","name":"Yuliana blandon","phone":"3108269145"},"invoices":[{"id":"26970","number":"29231","date":"2021-01-31","amount":116001,"total":116001,"balance":0}],"costCenter":null,"numberTemplate":{"id":"3","prefix":"","number":"26821"}}
2021-01-31 12:25:07 :: ----------send data payment:26971------------
2021-01-31 12:25:07 :: {"date":"2021-01-31","invoices":[{"amount":"95617","id":"26971"}],"bankAccount":2}
2021-01-31 12:25:08 :: ----------result data payment:26971------------
2021-01-31 12:25:08 :: {"id":"27973","date":"2021-01-31","number":"26822","amount":"95617.0000000000","observations":null,"anotation":null,"type":"in","paymentMethod":"","status":"open","bankAccount":{"id":"2","name":"PAYU","type":"bank"},"client":{"id":"16930","name":"Niyireth Gutierrez","phone":"3187154826"},"invoices":[{"id":"26971","number":"29232","date":"2021-01-31","amount":95617,"total":95617,"balance":0}],"costCenter":null,"numberTemplate":{"id":"3","prefix":"","number":"26822"}}
2021-01-31 12:55:44 :: ----------send data payment:26972------------
2021-01-31 12:55:44 :: {"date":"2021-01-31","invoices":[{"amount":"101999","id":"26972"}],"bankAccount":2}
2021-01-31 12:55:45 :: ----------result data payment:26972------------
2021-01-31 12:55:45 :: {"id":"27974","date":"2021-01-31","number":"26823","amount":"101999.0000000000","observations":null,"anotation":null,"type":"in","paymentMethod":"","status":"open","bankAccount":{"id":"2","name":"PAYU","type":"bank"},"client":{"id":"21509","name":"Michelle gil","phone":"3508615974"},"invoices":[{"id":"26972","number":"29233","date":"2021-01-31","amount":101999,"total":101999,"balance":0}],"costCenter":null,"numberTemplate":{"id":"3","prefix":"","number":"26823"}}
2021-01-31 01:00:06 :: ----------send data payment:26973------------
2021-01-31 01:00:06 :: {"date":"2021-01-31","invoices":[{"amount":"20451","id":"26973"}],"bankAccount":2}
2021-01-31 01:00:07 :: ----------result data payment:26973------------
2021-01-31 01:00:07 :: {"id":"27975","date":"2021-01-31","number":"26824","amount":"20451.0000000000","observations":null,"anotation":null,"type":"in","paymentMethod":"","status":"open","bankAccount":{"id":"2","name":"PAYU","type":"bank"},"client":{"id":"21750","name":"Ana Sofia Salgado Molano","phone":"3115190375"},"invoices":[{"id":"26973","number":"29234","date":"2021-01-31","amount":20451,"total":20451,"balance":0}],"costCenter":null,"numberTemplate":{"id":"3","prefix":"","number":"26824"}}
2021-01-31 01:00:08 :: ----------send data payment:26974------------
2021-01-31 01:00:08 :: {"date":"2021-01-31","invoices":[{"amount":"51000","id":"26974"}],"bankAccount":2}
2021-01-31 01:00:12 :: ----------result data payment:26974------------
2021-01-31 01:00:12 :: {"id":"27976","date":"2021-01-31","number":"26825","amount":"51000.0000000000","observations":null,"anotation":null,"type":"in","paymentMethod":"","status":"open","bankAccount":{"id":"2","name":"PAYU","type":"bank"},"client":{"id":"12977","name":"Nathalya Espinosa","phone":"3219788191"},"invoices":[{"id":"26974","number":"29235","date":"2021-01-31","amount":51000,"total":51000,"balance":0}],"costCenter":null,"numberTemplate":{"id":"3","prefix":"","number":"26825"}}
2021-01-31 01:15:08 :: ----------send data payment:26975------------
2021-01-31 01:15:08 :: {"date":"2021-01-31","invoices":[{"amount":"123000","id":"26975"}],"bankAccount":2}
2021-01-31 01:15:09 :: ----------result data payment:26975------------
2021-01-31 01:15:09 :: {"id":"27977","date":"2021-01-31","number":"26826","amount":"123000.0000000000","observations":null,"anotation":null,"type":"in","paymentMethod":"","status":"open","bankAccount":{"id":"2","name":"PAYU","type":"bank"},"client":{"id":"21751","name":"Diana Piza","phone":"3003084624"},"invoices":[{"id":"26975","number":"29236","date":"2021-01-31","amount":123000,"total":123000,"balance":0}],"costCenter":null,"numberTemplate":{"id":"3","prefix":"","number":"26826"}}
2021-01-31 01:15:11 :: ----------send data payment:26976------------
2021-01-31 01:15:11 :: {"date":"2021-01-31","invoices":[{"amount":"114398","id":"26976"}],"bankAccount":2}
2021-01-31 01:15:12 :: ----------result data payment:26976------------
2021-01-31 01:15:12 :: {"id":"27978","date":"2021-01-31","number":"26827","amount":"114398.0000000000","observations":null,"anotation":null,"type":"in","paymentMethod":"","status":"open","bankAccount":{"id":"2","name":"PAYU","type":"bank"},"client":{"id":"20064","name":"Nicol Penagos","phone":"3133457986"},"invoices":[{"id":"26976","number":"29237","date":"2021-01-31","amount":114398,"total":114398,"balance":0}],"costCenter":null,"numberTemplate":{"id":"3","prefix":"","number":"26827"}}
2021-01-31 01:30:16 :: ----------send data payment:26977------------
2021-01-31 01:30:16 :: {"date":"2021-01-31","invoices":[{"amount":"68000","id":"26977"}],"bankAccount":2}
2021-01-31 01:30:17 :: ----------result data payment:26977------------
2021-01-31 01:30:17 :: {"id":"27979","date":"2021-01-31","number":"26828","amount":"68000.0000000000","observations":null,"anotation":null,"type":"in","paymentMethod":"","status":"open","bankAccount":{"id":"2","name":"PAYU","type":"bank"},"client":{"id":"21752","name":"Alejandro Palma","phone":"3155426763"},"invoices":[{"id":"26977","number":"29238","date":"2021-01-31","amount":68000,"total":68000,"balance":0}],"costCenter":null,"numberTemplate":{"id":"3","prefix":"","number":"26828"}}
2021-01-31 01:35:06 :: ----------send data payment:26978------------
2021-01-31 01:35:06 :: {"date":"2021-01-31","invoices":[{"amount":"70690","id":"26978"}],"bankAccount":2}
2021-01-31 01:35:08 :: ----------result data payment:26978------------
2021-01-31 01:35:08 :: {"id":"27980","date":"2021-01-31","number":"26829","amount":"70690.0000000000","observations":null,"anotation":null,"type":"in","paymentMethod":"","status":"open","bankAccount":{"id":"2","name":"PAYU","type":"bank"},"client":{"id":"10096","name":"Katherine clavijo","phone":"3014222025"},"invoices":[{"id":"26978","number":"29239","date":"2021-01-31","amount":70690,"total":70690,"balance":0}],"costCenter":null,"numberTemplate":{"id":"3","prefix":"","number":"26829"}}
2021-01-31 02:30:18 :: ----------send data payment:26979------------
2021-01-31 02:30:18 :: {"date":"2021-01-31","invoices":[{"amount":"157113","id":"26979"}],"bankAccount":2}
2021-01-31 02:30:19 :: ----------result data payment:26979------------
2021-01-31 02:30:19 :: {"id":"27981","date":"2021-01-31","number":"26830","amount":"157113.0000000000","observations":null,"anotation":null,"type":"in","paymentMethod":"","status":"open","bankAccount":{"id":"2","name":"PAYU","type":"bank"},"client":{"id":"20694","name":"11-1 Gomez Becerra Raquel","phone":"3226081137"},"invoices":[{"id":"26979","number":"29240","date":"2021-01-31","amount":157113,"total":157113,"balance":0}],"costCenter":null,"numberTemplate":{"id":"3","prefix":"","number":"26830"}}
2021-01-31 02:35:11 :: ----------send data payment:26980------------
2021-01-31 02:35:11 :: {"date":"2021-01-31","invoices":[{"amount":"45000","id":"26980"}],"bankAccount":2}
2021-01-31 02:35:13 :: ----------result data payment:26980------------
2021-01-31 02:35:13 :: {"id":"27982","date":"2021-01-31","number":"26831","amount":"45000.0000000000","observations":null,"anotation":null,"type":"in","paymentMethod":"","status":"open","bankAccount":{"id":"2","name":"PAYU","type":"bank"},"client":{"id":"21753","name":"Ingrid posada prada","phone":"3006868704"},"invoices":[{"id":"26980","number":"29241","date":"2021-01-31","amount":45000,"total":45000,"balance":0}],"costCenter":null,"numberTemplate":{"id":"3","prefix":"","number":"26831"}}
2021-01-31 02:45:07 :: ----------send data payment:26981------------
2021-01-31 02:45:07 :: {"date":"2021-01-31","invoices":[{"amount":"57000","id":"26981"}],"bankAccount":2}
2021-01-31 02:45:07 :: ----------result data payment:26981------------
2021-01-31 02:45:07 :: {"id":"27983","date":"2021-01-31","number":"26832","amount":"57000.0000000000","observations":null,"anotation":null,"type":"in","paymentMethod":"","status":"open","bankAccount":{"id":"2","name":"PAYU","type":"bank"},"client":{"id":"14245","name":"Tatiana Martinez","phone":"3223078258"},"invoices":[{"id":"26981","number":"29242","date":"2021-01-31","amount":57000,"total":57000,"balance":0}],"costCenter":null,"numberTemplate":{"id":"3","prefix":"","number":"26832"}}
2021-01-31 02:50:18 :: ----------send data payment:26982------------
2021-01-31 02:50:18 :: {"date":"2021-01-31","invoices":[{"amount":"76003","id":"26982"}],"bankAccount":2}
2021-01-31 02:50:20 :: ----------result data payment:26982------------
2021-01-31 02:50:20 :: {"id":"27984","date":"2021-01-31","number":"26833","amount":"76003.0000000000","observations":null,"anotation":null,"type":"in","paymentMethod":"","status":"open","bankAccount":{"id":"2","name":"PAYU","type":"bank"},"client":{"id":"867","name":"Maribel Bonilla","phone":"3132794309"},"invoices":[{"id":"26982","number":"29243","date":"2021-01-31","amount":76003,"total":76003,"balance":0}],"costCenter":null,"numberTemplate":{"id":"3","prefix":"","number":"26833"}}
2021-01-31 03:15:08 :: ----------send data payment:26983------------
2021-01-31 03:15:08 :: {"date":"2021-01-31","invoices":[{"amount":"84000","id":"26983"}],"bankAccount":2}
2021-01-31 03:15:09 :: ----------result data payment:26983------------
2021-01-31 03:15:09 :: {"id":"27985","date":"2021-01-31","number":"26834","amount":"84000.0000000000","observations":null,"anotation":null,"type":"in","paymentMethod":"","status":"open","bankAccount":{"id":"2","name":"PAYU","type":"bank"},"client":{"id":"21754","name":"Valeria Corrales","phone":"3116183786"},"invoices":[{"id":"26983","number":"29244","date":"2021-01-31","amount":84000,"total":84000,"balance":0}],"costCenter":null,"numberTemplate":{"id":"3","prefix":"","number":"26834"}}
2021-01-31 03:25:07 :: ----------send data payment:26984------------
2021-01-31 03:25:07 :: {"date":"2021-01-31","invoices":[{"amount":"99000","id":"26984"}],"bankAccount":2}
2021-01-31 03:25:08 :: ----------result data payment:26984------------
2021-01-31 03:25:08 :: {"id":"27986","date":"2021-01-31","number":"26835","amount":"99000.0000000000","observations":null,"anotation":null,"type":"in","paymentMethod":"","status":"open","bankAccount":{"id":"2","name":"PAYU","type":"bank"},"client":{"id":"14190","name":"Mar\u00eda P\u00e9rez Caez","phone":"3008437252"},"invoices":[{"id":"26984","number":"29245","date":"2021-01-31","amount":99000,"total":99000,"balance":0}],"costCenter":null,"numberTemplate":{"id":"3","prefix":"","number":"26835"}}
2021-01-31 03:50:19 :: ----------send data payment:26985------------
2021-01-31 03:50:19 :: {"date":"2021-01-31","invoices":[{"amount":"44001","id":"26985"}],"bankAccount":2}
2021-01-31 03:50:20 :: ----------result data payment:26985------------
2021-01-31 03:50:20 :: {"id":"27987","date":"2021-01-31","number":"26836","amount":"44001.0000000000","observations":null,"anotation":null,"type":"in","paymentMethod":"","status":"open","bankAccount":{"id":"2","name":"PAYU","type":"bank"},"client":{"id":"21755","name":"Valentina Garcia Grisales","phone":"3162229518"},"invoices":[{"id":"26985","number":"29246","date":"2021-01-31","amount":44001,"total":44001,"balance":0}],"costCenter":null,"numberTemplate":{"id":"3","prefix":"","number":"26836"}}
2021-01-31 03:55:12 :: ----------send data payment:26986------------
2021-01-31 03:55:12 :: {"date":"2021-01-31","invoices":[{"amount":"70001","id":"26986"}],"bankAccount":2}
2021-01-31 03:55:13 :: ----------result data payment:26986------------
2021-01-31 03:55:13 :: {"id":"27988","date":"2021-01-31","number":"26837","amount":"70001.0000000000","observations":null,"anotation":null,"type":"in","paymentMethod":"","status":"open","bankAccount":{"id":"2","name":"PAYU","type":"bank"},"client":{"id":"17636","name":"Roxana puello","phone":"3004337256"},"invoices":[{"id":"26986","number":"29247","date":"2021-01-31","amount":70001,"total":70001,"balance":0}],"costCenter":null,"numberTemplate":{"id":"3","prefix":"","number":"26837"}}
2021-01-31 04:20:19 :: ----------send data payment:26987------------
2021-01-31 04:20:19 :: {"date":"2021-01-31","invoices":[{"amount":"115929","id":"26987"}],"bankAccount":2}
2021-01-31 04:20:21 :: ----------result data payment:26987------------
2021-01-31 04:20:21 :: {"id":"27989","date":"2021-01-31","number":"26838","amount":"115929.0000000000","observations":null,"anotation":null,"type":"in","paymentMethod":"","status":"open","bankAccount":{"id":"2","name":"PAYU","type":"bank"},"client":{"id":"21756","name":"Yamilet Delgado","phone":"3165345244"},"invoices":[{"id":"26987","number":"29248","date":"2021-01-31","amount":115929,"total":115929,"balance":0}],"costCenter":null,"numberTemplate":{"id":"3","prefix":"","number":"26838"}}
2021-01-31 05:10:14 :: ----------send data payment:26988------------
2021-01-31 05:10:14 :: {"date":"2021-01-31","invoices":[{"amount":"35900","id":"26988"}],"bankAccount":2}
2021-01-31 05:10:15 :: ----------result data payment:26988------------
2021-01-31 05:10:15 :: {"id":"27990","date":"2021-01-31","number":"26839","amount":"35900.0000000000","observations":null,"anotation":null,"type":"in","paymentMethod":"","status":"open","bankAccount":{"id":"2","name":"PAYU","type":"bank"},"client":{"id":"8254","name":"Paula Lemos","phone":"3153097747"},"invoices":[{"id":"26988","number":"29249","date":"2021-01-31","amount":35900,"total":35900,"balance":0}],"costCenter":null,"numberTemplate":{"id":"3","prefix":"","number":"26839"}}
2021-01-31 05:15:09 :: ----------send data payment:26989------------
2021-01-31 05:15:09 :: {"date":"2021-01-31","invoices":[{"amount":"72000","id":"26989"}],"bankAccount":2}
2021-01-31 05:15:10 :: ----------result data payment:26989------------
2021-01-31 05:15:10 :: {"id":"27991","date":"2021-01-31","number":"26840","amount":"72000.0000000000","observations":null,"anotation":null,"type":"in","paymentMethod":"","status":"open","bankAccount":{"id":"2","name":"PAYU","type":"bank"},"client":{"id":"21757","name":"Natalia D\u00edaz Pareja","phone":"3059424637"},"invoices":[{"id":"26989","number":"29250","date":"2021-01-31","amount":72000,"total":72000,"balance":0}],"costCenter":null,"numberTemplate":{"id":"3","prefix":"","number":"26840"}}
2021-01-31 05:20:15 :: ----------send data payment:26990------------
2021-01-31 05:20:15 :: {"date":"2021-01-31","invoices":[{"amount":"71000","id":"26990"}],"bankAccount":2}
2021-01-31 05:20:16 :: ----------result data payment:26990------------
2021-01-31 05:20:16 :: {"id":"27992","date":"2021-01-31","number":"26841","amount":"71000.0000000000","observations":null,"anotation":null,"type":"in","paymentMethod":"","status":"open","bankAccount":{"id":"2","name":"PAYU","type":"bank"},"client":{"id":"21758","name":"Daniela Perea","phone":"3113833186"},"invoices":[{"id":"26990","number":"29251","date":"2021-01-31","amount":71000,"total":71000,"balance":0}],"costCenter":null,"numberTemplate":{"id":"3","prefix":"","number":"26841"}}
2021-01-31 05:35:08 :: ----------send data payment:26991------------
2021-01-31 05:35:08 :: {"date":"2021-01-31","invoices":[{"amount":"89000","id":"26991"}],"bankAccount":2}
2021-01-31 05:35:10 :: ----------result data payment:26991------------
2021-01-31 05:35:10 :: {"id":"27993","date":"2021-01-31","number":"26842","amount":"89000.0000000000","observations":null,"anotation":null,"type":"in","paymentMethod":"","status":"open","bankAccount":{"id":"2","name":"PAYU","type":"bank"},"client":{"id":"10832","name":"Xiomara Mu\u00f1oz","phone":"3205524397"},"invoices":[{"id":"26991","number":"29252","date":"2021-01-31","amount":89000,"total":89000,"balance":0}],"costCenter":null,"numberTemplate":{"id":"3","prefix":"","number":"26842"}}
2021-01-31 05:35:11 :: ----------send data payment:26992------------
2021-01-31 05:35:11 :: {"date":"2021-01-31","invoices":[{"amount":"61000","id":"26992"}],"bankAccount":2}
2021-01-31 05:35:14 :: ----------result data payment:26992------------
2021-01-31 05:35:14 :: {"id":"27994","date":"2021-01-31","number":"26843","amount":"61000.0000000000","observations":null,"anotation":null,"type":"in","paymentMethod":"","status":"open","bankAccount":{"id":"2","name":"PAYU","type":"bank"},"client":{"id":"11126","name":"Ayda Yisela rojas","phone":"3123805645"},"invoices":[{"id":"26992","number":"29253","date":"2021-01-31","amount":61000,"total":61000,"balance":0}],"costCenter":null,"numberTemplate":{"id":"3","prefix":"","number":"26843"}}
2021-01-31 05:45:09 :: ----------send data payment:26993------------
2021-01-31 05:45:09 :: {"date":"2021-01-31","invoices":[{"amount":"115997","id":"26993"}],"bankAccount":2}
2021-01-31 05:45:10 :: ----------result data payment:26993------------
2021-01-31 05:45:10 :: {"id":"27995","date":"2021-01-31","number":"26844","amount":"115997.0000000000","observations":null,"anotation":null,"type":"in","paymentMethod":"","status":"open","bankAccount":{"id":"2","name":"PAYU","type":"bank"},"client":{"id":"21759","name":"LEIDY TATIANA SIERRA PINEDA","phone":"3222118208"},"invoices":[{"id":"26993","number":"29254","date":"2021-01-31","amount":115997,"total":115997,"balance":0}],"costCenter":null,"numberTemplate":{"id":"3","prefix":"","number":"26844"}}
2021-01-31 05:50:10 :: ----------send data payment:26994------------
2021-01-31 05:50:10 :: {"date":"2021-01-31","invoices":[{"amount":"132823","id":"26994"}],"bankAccount":2}
2021-01-31 05:50:11 :: ----------result data payment:26994------------
2021-01-31 05:50:11 :: {"id":"27996","date":"2021-01-31","number":"26845","amount":"132823.0000000000","observations":null,"anotation":null,"type":"in","paymentMethod":"","status":"open","bankAccount":{"id":"2","name":"PAYU","type":"bank"},"client":{"id":"19281","name":"Karen Pe\u00f1aloza","phone":"3017299878"},"invoices":[{"id":"26994","number":"29255","date":"2021-01-31","amount":132823,"total":132823,"balance":0}],"costCenter":null,"numberTemplate":{"id":"3","prefix":"","number":"26845"}}
2021-01-31 06:00:17 :: ----------send data payment:26995------------
2021-01-31 06:00:17 :: {"date":"2021-01-31","invoices":[{"amount":"115001","id":"26995"}],"bankAccount":2}
2021-01-31 06:00:18 :: ----------result data payment:26995------------
2021-01-31 06:00:18 :: {"id":"27997","date":"2021-01-31","number":"26846","amount":"115001.0000000000","observations":null,"anotation":null,"type":"in","paymentMethod":"","status":"open","bankAccount":{"id":"2","name":"PAYU","type":"bank"},"client":{"id":"21760","name":"Laura Cruz","phone":"3124479015"},"invoices":[{"id":"26995","number":"29256","date":"2021-01-31","amount":115001,"total":115001,"balance":0}],"costCenter":null,"numberTemplate":{"id":"3","prefix":"","number":"26846"}}
2021-01-31 06:05:08 :: ----------send data payment:26996------------
2021-01-31 06:05:08 :: {"date":"2021-01-31","invoices":[{"amount":"54794","id":"26996"}],"bankAccount":2}
2021-01-31 06:05:09 :: ----------result data payment:26996------------
2021-01-31 06:05:09 :: {"id":"27998","date":"2021-01-31","number":"26847","amount":"54794.0000000000","observations":null,"anotation":null,"type":"in","paymentMethod":"","status":"open","bankAccount":{"id":"2","name":"PAYU","type":"bank"},"client":{"id":"7478","name":"Maria Fernanda Bueno Almeida","phone":"3203623511"},"invoices":[{"id":"26996","number":"29257","date":"2021-01-31","amount":54794,"total":54794,"balance":0}],"costCenter":null,"numberTemplate":{"id":"3","prefix":"","number":"26847"}}
2021-01-31 06:05:10 :: ----------send data payment:26997------------
2021-01-31 06:05:10 :: {"date":"2021-01-31","invoices":[{"amount":"126001","id":"26997"}],"bankAccount":2}
2021-01-31 06:05:11 :: ----------result data payment:26997------------
2021-01-31 06:05:11 :: {"id":"27999","date":"2021-01-31","number":"26848","amount":"126001.0000000000","observations":null,"anotation":null,"type":"in","paymentMethod":"","status":"open","bankAccount":{"id":"2","name":"PAYU","type":"bank"},"client":{"id":"6016","name":"Vanessa P\u00e9rez Ferreiro","phone":"3206858757"},"invoices":[{"id":"26997","number":"29258","date":"2021-01-31","amount":126001,"total":126001,"balance":0}],"costCenter":null,"numberTemplate":{"id":"3","prefix":"","number":"26848"}}
2021-01-31 06:15:14 :: ----------send data payment:26998------------
2021-01-31 06:15:14 :: {"date":"2021-01-31","invoices":[{"amount":"56000","id":"26998"}],"bankAccount":2}
2021-01-31 06:15:15 :: ----------result data payment:26998------------
2021-01-31 06:15:15 :: {"id":"28000","date":"2021-01-31","number":"26849","amount":"56000.0000000000","observations":null,"anotation":null,"type":"in","paymentMethod":"","status":"open","bankAccount":{"id":"2","name":"PAYU","type":"bank"},"client":{"id":"21761","name":"Yicel Martinez","phone":"3133678072"},"invoices":[{"id":"26998","number":"29259","date":"2021-01-31","amount":56000,"total":56000,"balance":0}],"costCenter":null,"numberTemplate":{"id":"3","prefix":"","number":"26849"}}
2021-01-31 06:30:08 :: ----------send data payment:26999------------
2021-01-31 06:30:08 :: {"date":"2021-01-31","invoices":[{"amount":"47569","id":"26999"}],"bankAccount":2}
2021-01-31 06:30:09 :: ----------result data payment:26999------------
2021-01-31 06:30:09 :: {"id":"28001","date":"2021-01-31","number":"26850","amount":"47569.0000000000","observations":null,"anotation":null,"type":"in","paymentMethod":"","status":"open","bankAccount":{"id":"2","name":"PAYU","type":"bank"},"client":{"id":"20011","name":"Ximena agudelo quinchia","phone":"3167766142"},"invoices":[{"id":"26999","number":"29260","date":"2021-01-31","amount":47569,"total":47569,"balance":0}],"costCenter":null,"numberTemplate":{"id":"3","prefix":"","number":"26850"}}
2021-01-31 06:40:08 :: ----------send data payment:27000------------
2021-01-31 06:40:08 :: {"date":"2021-01-31","invoices":[{"amount":"35000","id":"27000"}],"bankAccount":2}
2021-01-31 06:40:09 :: ----------result data payment:27000------------
2021-01-31 06:40:09 :: {"id":"28002","date":"2021-01-31","number":"26851","amount":"35000.0000000000","observations":null,"anotation":null,"type":"in","paymentMethod":"","status":"open","bankAccount":{"id":"2","name":"PAYU","type":"bank"},"client":{"id":"21762","name":"DIEGO CAMILO ROMERO","phone":"3504016024"},"invoices":[{"id":"27000","number":"29261","date":"2021-01-31","amount":35000,"total":35000,"balance":0}],"costCenter":null,"numberTemplate":{"id":"3","prefix":"","number":"26851"}}
2021-01-31 07:00:16 :: ----------send data payment:27001------------
2021-01-31 07:00:16 :: {"date":"2021-01-31","invoices":[{"amount":"85000","id":"27001"}],"bankAccount":2}
2021-01-31 07:00:17 :: ----------result data payment:27001------------
2021-01-31 07:00:17 :: {"id":"28003","date":"2021-01-31","number":"26852","amount":"85000.0000000000","observations":null,"anotation":null,"type":"in","paymentMethod":"","status":"open","bankAccount":{"id":"2","name":"PAYU","type":"bank"},"client":{"id":"21763","name":"Katherine Baquero","phone":"3176829363"},"invoices":[{"id":"27001","number":"29262","date":"2021-01-31","amount":85000,"total":85000,"balance":0}],"costCenter":null,"numberTemplate":{"id":"3","prefix":"","number":"26852"}}
2021-01-31 07:05:09 :: ----------send data payment:27002------------
2021-01-31 07:05:09 :: {"date":"2021-01-31","invoices":[{"amount":"80001","id":"27002"}],"bankAccount":2}
2021-01-31 07:05:10 :: ----------result data payment:27002------------
2021-01-31 07:05:10 :: {"id":"28004","date":"2021-01-31","number":"26853","amount":"80001.0000000000","observations":null,"anotation":null,"type":"in","paymentMethod":"","status":"open","bankAccount":{"id":"2","name":"PAYU","type":"bank"},"client":{"id":"14568","name":"Natalia Moreno","phone":"3162899477"},"invoices":[{"id":"27002","number":"29263","date":"2021-01-31","amount":80001,"total":80001,"balance":0}],"costCenter":null,"numberTemplate":{"id":"3","prefix":"","number":"26853"}}
2021-01-31 07:30:14 :: ----------send data payment:27003------------
2021-01-31 07:30:14 :: {"date":"2021-01-31","invoices":[{"amount":"56001","id":"27003"}],"bankAccount":2}
2021-01-31 07:30:15 :: ----------result data payment:27003------------
2021-01-31 07:30:15 :: {"id":"28005","date":"2021-01-31","number":"26854","amount":"56001.0000000000","observations":null,"anotation":null,"type":"in","paymentMethod":"","status":"open","bankAccount":{"id":"2","name":"PAYU","type":"bank"},"client":{"id":"21764","name":"natalia pinilla","phone":"3058148391"},"invoices":[{"id":"27003","number":"29264","date":"2021-01-31","amount":56001,"total":56001,"balance":0}],"costCenter":null,"numberTemplate":{"id":"3","prefix":"","number":"26854"}}
2021-01-31 07:40:24 :: ----------send data payment:27004------------
2021-01-31 07:40:24 :: {"date":"2021-01-31","invoices":[{"amount":"49999","id":"27004"}],"bankAccount":2}
2021-01-31 07:40:25 :: ----------result data payment:27004------------
2021-01-31 07:40:25 :: {"id":"28006","date":"2021-01-31","number":"26855","amount":"49999.0000000000","observations":null,"anotation":null,"type":"in","paymentMethod":"","status":"open","bankAccount":{"id":"2","name":"PAYU","type":"bank"},"client":{"id":"21765","name":"Diana Charry","phone":"3133603142"},"invoices":[{"id":"27004","number":"29265","date":"2021-01-31","amount":49999,"total":49999,"balance":0}],"costCenter":null,"numberTemplate":{"id":"3","prefix":"","number":"26855"}}
2021-01-31 08:15:11 :: ----------send data payment:27005------------
2021-01-31 08:15:11 :: {"date":"2021-01-31","invoices":[{"amount":"102000","id":"27005"}],"bankAccount":2}
2021-01-31 08:15:12 :: ----------result data payment:27005------------
2021-01-31 08:15:12 :: {"id":"28007","date":"2021-01-31","number":"26856","amount":"102000.0000000000","observations":null,"anotation":null,"type":"in","paymentMethod":"","status":"open","bankAccount":{"id":"2","name":"PAYU","type":"bank"},"client":{"id":"21766","name":"Mar\u00eda Paula Pati\u00f1o","phone":"3202499192"},"invoices":[{"id":"27005","number":"29266","date":"2021-01-31","amount":102000,"total":102000,"balance":0}],"costCenter":null,"numberTemplate":{"id":"3","prefix":"","number":"26856"}}
2021-01-31 08:50:19 :: ----------send data payment:27006------------
2021-01-31 08:50:19 :: {"date":"2021-01-31","invoices":[{"amount":"55000","id":"27006"}],"bankAccount":2}
2021-01-31 08:50:20 :: ----------result data payment:27006------------
2021-01-31 08:50:20 :: {"id":"28008","date":"2021-01-31","number":"26857","amount":"55000.0000000000","observations":null,"anotation":null,"type":"in","paymentMethod":"","status":"open","bankAccount":{"id":"2","name":"PAYU","type":"bank"},"client":{"id":"21767","name":"Maria Alejandra Campos Acosts","phone":"3502443391"},"invoices":[{"id":"27006","number":"29267","date":"2021-01-31","amount":55000,"total":55000,"balance":0}],"costCenter":null,"numberTemplate":{"id":"3","prefix":"","number":"26857"}}
2021-01-31 09:10:22 :: ----------send data payment:27007------------
2021-01-31 09:10:22 :: {"date":"2021-01-31","invoices":[{"amount":"36000","id":"27007"}],"bankAccount":2}
2021-01-31 09:10:23 :: ----------result data payment:27007------------
2021-01-31 09:10:23 :: {"id":"28009","date":"2021-01-31","number":"26858","amount":"36000.0000000000","observations":null,"anotation":null,"type":"in","paymentMethod":"","status":"open","bankAccount":{"id":"2","name":"PAYU","type":"bank"},"client":{"id":"21768","name":"Alejandra bello","phone":"3168362765"},"invoices":[{"id":"27007","number":"29268","date":"2021-01-31","amount":36000,"total":36000,"balance":0}],"costCenter":null,"numberTemplate":{"id":"3","prefix":"","number":"26858"}}
2021-01-31 09:35:06 :: ----------send data payment:27008------------
2021-01-31 09:35:06 :: {"date":"2021-01-31","invoices":[{"amount":"80001","id":"27008"}],"bankAccount":2}
2021-01-31 09:35:07 :: ----------result data payment:27008------------
2021-01-31 09:35:07 :: {"id":"28010","date":"2021-01-31","number":"26859","amount":"80001.0000000000","observations":null,"anotation":null,"type":"in","paymentMethod":"","status":"open","bankAccount":{"id":"2","name":"PAYU","type":"bank"},"client":{"id":"15648","name":"Melisa Posso","phone":"3194975780"},"invoices":[{"id":"27008","number":"29269","date":"2021-01-31","amount":80001,"total":80001,"balance":0}],"costCenter":null,"numberTemplate":{"id":"3","prefix":"","number":"26859"}}
2021-01-31 09:40:20 :: ----------send data payment:27009------------
2021-01-31 09:40:20 :: {"date":"2021-01-31","invoices":[{"amount":"259256","id":"27009"}],"bankAccount":2}
2021-01-31 09:40:22 :: ----------result data payment:27009------------
2021-01-31 09:40:22 :: {"id":"28011","date":"2021-01-31","number":"26860","amount":"259256.0000000000","observations":null,"anotation":null,"type":"in","paymentMethod":"","status":"open","bankAccount":{"id":"2","name":"PAYU","type":"bank"},"client":{"id":"17223","name":"Patricia Alcega Gonzalez","phone":"3154405591"},"invoices":[{"id":"27009","number":"29270","date":"2021-01-31","amount":259256,"total":259256,"balance":0}],"costCenter":null,"numberTemplate":{"id":"3","prefix":"","number":"26860"}}
2021-01-31 09:45:09 :: ----------send data payment:27010------------
2021-01-31 09:45:09 :: {"date":"2021-01-31","invoices":[{"amount":"29844","id":"27010"}],"bankAccount":2}
2021-01-31 09:45:10 :: ----------result data payment:27010------------
2021-01-31 09:45:10 :: {"id":"28012","date":"2021-01-31","number":"26861","amount":"29844.0000000000","observations":null,"anotation":null,"type":"in","paymentMethod":"","status":"open","bankAccount":{"id":"2","name":"PAYU","type":"bank"},"client":{"id":"20842","name":"Astrid G\u00f3mez","phone":"3105667630"},"invoices":[{"id":"27010","number":"29271","date":"2021-01-31","amount":29844,"total":29844,"balance":0}],"costCenter":null,"numberTemplate":{"id":"3","prefix":"","number":"26861"}}
2021-01-31 09:45:12 :: ----------send data payment:27011------------
2021-01-31 09:45:12 :: {"date":"2021-01-31","invoices":[{"amount":"98866","id":"27011"}],"bankAccount":2}
2021-01-31 09:45:13 :: ----------result data payment:27011------------
2021-01-31 09:45:13 :: {"id":"28013","date":"2021-01-31","number":"26862","amount":"98866.0000000000","observations":null,"anotation":null,"type":"in","paymentMethod":"","status":"open","bankAccount":{"id":"2","name":"PAYU","type":"bank"},"client":{"id":"5414","name":"Mayra Alejandra Lemus Hernandez","phone":"3123871358"},"invoices":[{"id":"27011","number":"29272","date":"2021-01-31","amount":98866,"total":98866,"balance":0}],"costCenter":null,"numberTemplate":{"id":"3","prefix":"","number":"26862"}}
2021-01-31 09:55:06 :: ----------send data payment:27012------------
2021-01-31 09:55:06 :: {"date":"2021-01-31","invoices":[{"amount":"59856","id":"27012"}],"bankAccount":2}
2021-01-31 09:55:07 :: ----------result data payment:27012------------
2021-01-31 09:55:07 :: {"id":"28014","date":"2021-01-31","number":"26863","amount":"59856.0000000000","observations":null,"anotation":null,"type":"in","paymentMethod":"","status":"open","bankAccount":{"id":"2","name":"PAYU","type":"bank"},"client":{"id":"19444","name":"Katherine Vargas","phone":"3208413165"},"invoices":[{"id":"27012","number":"29273","date":"2021-01-31","amount":59856,"total":59856,"balance":0}],"costCenter":null,"numberTemplate":{"id":"3","prefix":"","number":"26863"}}
2021-01-31 10:00:15 :: ----------send data payment:27013------------
2021-01-31 10:00:15 :: {"date":"2021-01-31","invoices":[{"amount":"84000","id":"27013"}],"bankAccount":2}
2021-01-31 10:00:16 :: ----------result data payment:27013------------
2021-01-31 10:00:16 :: {"id":"28015","date":"2021-01-31","number":"26864","amount":"84000.0000000000","observations":null,"anotation":null,"type":"in","paymentMethod":"","status":"open","bankAccount":{"id":"2","name":"PAYU","type":"bank"},"client":{"id":"21769","name":"Valentina Ram\u00edrez Giraldo","phone":"3127375115"},"invoices":[{"id":"27013","number":"29274","date":"2021-01-31","amount":84000,"total":84000,"balance":0}],"costCenter":null,"numberTemplate":{"id":"3","prefix":"","number":"26864"}}
2021-01-31 10:00:17 :: ----------send data payment:27014------------
2021-01-31 10:00:17 :: {"date":"2021-01-31","invoices":[{"amount":"184121","id":"27014"}],"bankAccount":2}
2021-01-31 10:00:18 :: ----------result data payment:27014------------
2021-01-31 10:00:18 :: {"id":"28016","date":"2021-01-31","number":"26865","amount":"184121.0000000000","observations":null,"anotation":null,"type":"in","paymentMethod":"","status":"open","bankAccount":{"id":"2","name":"PAYU","type":"bank"},"client":{"id":"14455","name":"Stefanny","phone":"3118502109"},"invoices":[{"id":"27014","number":"29275","date":"2021-01-31","amount":184121,"total":184121,"balance":0}],"costCenter":null,"numberTemplate":{"id":"3","prefix":"","number":"26865"}}
2021-01-31 10:10:11 :: ----------send data payment:27015------------
2021-01-31 10:10:11 :: {"date":"2021-01-31","invoices":[{"amount":"79357","id":"27015"}],"bankAccount":2}
2021-01-31 10:10:12 :: ----------result data payment:27015------------
2021-01-31 10:10:12 :: {"id":"28017","date":"2021-01-31","number":"26866","amount":"79357.0000000000","observations":null,"anotation":null,"type":"in","paymentMethod":"","status":"open","bankAccount":{"id":"2","name":"PAYU","type":"bank"},"client":{"id":"17621","name":"tatiana beac","phone":"3114842444"},"invoices":[{"id":"27015","number":"29276","date":"2021-01-31","amount":79357,"total":79357,"balance":0}],"costCenter":null,"numberTemplate":{"id":"3","prefix":"","number":"26866"}}
2021-01-31 10:25:06 :: ----------send data payment:27016------------
2021-01-31 10:25:06 :: {"date":"2021-01-31","invoices":[{"amount":"90195","id":"27016"}],"bankAccount":2}
2021-01-31 10:25:07 :: ----------result data payment:27016------------
2021-01-31 10:25:07 :: {"id":"28018","date":"2021-01-31","number":"26867","amount":"90195.0000000000","observations":null,"anotation":null,"type":"in","paymentMethod":"","status":"open","bankAccount":{"id":"2","name":"PAYU","type":"bank"},"client":{"id":"16484","name":"ANDREA CHOIS","phone":"3041091788"},"invoices":[{"id":"27016","number":"29277","date":"2021-01-31","amount":90195,"total":90195,"balance":0}],"costCenter":null,"numberTemplate":{"id":"3","prefix":"","number":"26867"}}
2021-01-31 10:40:10 :: ----------send data payment:27017------------
2021-01-31 10:40:10 :: {"date":"2021-01-31","invoices":[{"amount":"57684","id":"27017"}],"bankAccount":2}
2021-01-31 10:40:11 :: ----------result data payment:27017------------
2021-01-31 10:40:11 :: {"id":"28019","date":"2021-01-31","number":"26868","amount":"57684.0000000000","observations":null,"anotation":null,"type":"in","paymentMethod":"","status":"open","bankAccount":{"id":"2","name":"PAYU","type":"bank"},"client":{"id":"9981","name":"Daniela Gonz\u00e1lez","phone":"3112118209"},"invoices":[{"id":"27017","number":"29278","date":"2021-01-31","amount":57684,"total":57684,"balance":0}],"costCenter":null,"numberTemplate":{"id":"3","prefix":"","number":"26868"}}
2021-01-31 10:45:07 :: ----------send data payment:27018------------
2021-01-31 10:45:07 :: {"date":"2021-01-31","invoices":[{"amount":"46124","id":"27018"}],"bankAccount":2}
2021-01-31 10:45:08 :: ----------result data payment:27018------------
2021-01-31 10:45:08 :: {"id":"28020","date":"2021-01-31","number":"26869","amount":"46124.0000000000","observations":null,"anotation":null,"type":"in","paymentMethod":"","status":"open","bankAccount":{"id":"2","name":"PAYU","type":"bank"},"client":{"id":"20244","name":"Elena Barrera","phone":"3176690105"},"invoices":[{"id":"27018","number":"29279","date":"2021-01-31","amount":46124,"total":46124,"balance":0}],"costCenter":null,"numberTemplate":{"id":"3","prefix":"","number":"26869"}}
2021-01-31 11:10:10 :: ----------send data payment:27019------------
2021-01-31 11:10:10 :: {"date":"2021-01-31","invoices":[{"amount":"209501","id":"27019"}],"bankAccount":2}
2021-01-31 11:10:11 :: ----------result data payment:27019------------
2021-01-31 11:10:11 :: {"id":"28021","date":"2021-01-31","number":"26870","amount":"209501.0000000000","observations":null,"anotation":null,"type":"in","paymentMethod":"","status":"open","bankAccount":{"id":"2","name":"PAYU","type":"bank"},"client":{"id":"21644","name":"Mary Duran","phone":"3136644559"},"invoices":[{"id":"27019","number":"29280","date":"2021-01-31","amount":209501,"total":209501,"balance":0}],"costCenter":null,"numberTemplate":{"id":"3","prefix":"","number":"26870"}}
2021-01-31 11:30:20 :: ----------send data payment:27020------------
2021-01-31 11:30:20 :: {"date":"2021-01-31","invoices":[{"amount":"35000","id":"27020"}],"bankAccount":2}
2021-01-31 11:30:21 :: ----------result data payment:27020------------
2021-01-31 11:30:21 :: {"id":"28022","date":"2021-01-31","number":"26871","amount":"35000.0000000000","observations":null,"anotation":null,"type":"in","paymentMethod":"","status":"open","bankAccount":{"id":"2","name":"PAYU","type":"bank"},"client":{"id":"5453","name":"Sara Gonzalez","phone":"3013575702"},"invoices":[{"id":"27020","number":"29281","date":"2021-01-31","amount":35000,"total":35000,"balance":0}],"costCenter":null,"numberTemplate":{"id":"3","prefix":"","number":"26871"}}
2021-01-31 11:35:08 :: ----------send data payment:27021------------
2021-01-31 11:35:08 :: {"date":"2021-01-31","invoices":[{"amount":"28062","id":"27021"}],"bankAccount":2}
2021-01-31 11:35:09 :: ----------result data payment:27021------------
2021-01-31 11:35:09 :: {"id":"28023","date":"2021-01-31","number":"26872","amount":"28062.0000000000","observations":null,"anotation":null,"type":"in","paymentMethod":"","status":"open","bankAccount":{"id":"2","name":"PAYU","type":"bank"},"client":{"id":"19415","name":"Alejandra florez","phone":"3102827858"},"invoices":[{"id":"27021","number":"29282","date":"2021-01-31","amount":28062,"total":28062,"balance":0}],"costCenter":null,"numberTemplate":{"id":"3","prefix":"","number":"26872"}}
2021-01-31 11:55:11 :: ----------send data payment:27022------------
2021-01-31 11:55:11 :: {"date":"2021-01-31","invoices":[{"amount":"63000","id":"27022"}],"bankAccount":2}
2021-01-31 11:55:12 :: ----------result data payment:27022------------
2021-01-31 11:55:12 :: {"id":"28024","date":"2021-01-31","number":"26873","amount":"63000.0000000000","observations":null,"anotation":null,"type":"in","paymentMethod":"","status":"open","bankAccount":{"id":"2","name":"PAYU","type":"bank"},"client":{"id":"21770","name":"Claudia Rozo","phone":"3112265397"},"invoices":[{"id":"27022","number":"29283","date":"2021-01-31","amount":63000,"total":63000,"balance":0}],"costCenter":null,"numberTemplate":{"id":"3","prefix":"","number":"26873"}}