
2021-06-08 12:35:08 :: ----------send data payment:32457------------
2021-06-08 12:35:08 :: {"date":"2021-06-08","invoices":[{"amount":"234000","id":"32457"}],"bankAccount":2}
2021-06-08 12:35:09 :: ----------result data payment:32457------------
2021-06-08 12:35:09 :: {"id":"33695","date":"2021-06-08","number":"32287","amount":"234000.0000000000","observations":null,"anotation":null,"type":"in","paymentMethod":"","status":"open","bankAccount":{"id":"2","name":"PAYU","type":"bank"},"client":{"id":"25422","name":"Diana Marcela","phone":"3148112262"},"invoices":[{"id":"32457","number":"34718","date":"2021-06-08","amount":234000,"total":234000,"balance":0}],"costCenter":null,"numberTemplate":{"id":"3","prefix":"","number":"32287","fullNumber":"32287","formattedNumber":"32287"}}
2021-06-08 07:15:13 :: ----------send data payment:32458------------
2021-06-08 07:15:13 :: {"date":"2021-06-08","invoices":[{"amount":"84999","id":"32458"}],"bankAccount":2}
2021-06-08 07:15:15 :: ----------result data payment:32458------------
2021-06-08 07:15:15 :: {"id":"33696","date":"2021-06-08","number":"32288","amount":"84999.0000000000","observations":null,"anotation":null,"type":"in","paymentMethod":"","status":"open","bankAccount":{"id":"2","name":"PAYU","type":"bank"},"client":{"id":"25423","name":"MAR\u00cdA ALEJANDRA TERAN GARZON","phone":"3508259413"},"invoices":[{"id":"32458","number":"34719","date":"2021-06-08","amount":84999,"total":84999,"balance":0}],"costCenter":null,"numberTemplate":{"id":"3","prefix":"","number":"32288","fullNumber":"32288","formattedNumber":"32288"}}
2021-06-08 07:45:15 :: ----------send data payment:32459------------
2021-06-08 07:45:15 :: {"date":"2021-06-08","invoices":[{"amount":"55500","id":"32459"}],"bankAccount":2}
2021-06-08 07:45:17 :: ----------result data payment:32459------------
2021-06-08 07:45:17 :: {"id":"33697","date":"2021-06-08","number":"32289","amount":"55500.0000000000","observations":null,"anotation":null,"type":"in","paymentMethod":"","status":"open","bankAccount":{"id":"2","name":"PAYU","type":"bank"},"client":{"id":"25424","name":"Geraldine saurith Burgos","phone":"3008859799"},"invoices":[{"id":"32459","number":"34720","date":"2021-06-08","amount":55500,"total":55500,"balance":0}],"costCenter":null,"numberTemplate":{"id":"3","prefix":"","number":"32289","fullNumber":"32289","formattedNumber":"32289"}}
2021-06-08 08:15:16 :: ----------send data payment:32460------------
2021-06-08 08:15:16 :: {"date":"2021-06-08","invoices":[{"amount":"90000","id":"32460"}],"bankAccount":2}
2021-06-08 08:15:17 :: ----------result data payment:32460------------
2021-06-08 08:15:17 :: {"id":"33698","date":"2021-06-08","number":"32290","amount":"90000.0000000000","observations":null,"anotation":null,"type":"in","paymentMethod":"","status":"open","bankAccount":{"id":"2","name":"PAYU","type":"bank"},"client":{"id":"25425","name":"Sonia luengas","phone":"3203408743"},"invoices":[{"id":"32460","number":"34721","date":"2021-06-08","amount":90000,"total":90000,"balance":0}],"costCenter":null,"numberTemplate":{"id":"3","prefix":"","number":"32290","fullNumber":"32290","formattedNumber":"32290"}}
2021-06-08 08:30:08 :: ----------send data payment:32461------------
2021-06-08 08:30:08 :: {"date":"2021-06-08","invoices":[{"amount":"145000","id":"32461"}],"bankAccount":2}
2021-06-08 08:30:10 :: ----------result data payment:32461------------
2021-06-08 08:30:10 :: {"id":"33699","date":"2021-06-08","number":"32291","amount":"145000.0000000000","observations":null,"anotation":null,"type":"in","paymentMethod":"","status":"open","bankAccount":{"id":"2","name":"PAYU","type":"bank"},"client":{"id":"25426","name":"Maria Paula Beltran","phone":"3176568849"},"invoices":[{"id":"32461","number":"34722","date":"2021-06-08","amount":145000,"total":145000,"balance":0}],"costCenter":null,"numberTemplate":{"id":"3","prefix":"","number":"32291","fullNumber":"32291","formattedNumber":"32291"}}
2021-06-08 09:50:09 :: ----------send data payment:32462------------
2021-06-08 09:50:09 :: {"date":"2021-06-08","invoices":[{"amount":"55500","id":"32462"}],"bankAccount":2}
2021-06-08 09:50:10 :: ----------result data payment:32462------------
2021-06-08 09:50:10 :: {"id":"33700","date":"2021-06-08","number":"32292","amount":"55500.0000000000","observations":null,"anotation":null,"type":"in","paymentMethod":"","status":"open","bankAccount":{"id":"2","name":"PAYU","type":"bank"},"client":{"id":"25427","name":"Lina Perez","phone":"3004858784"},"invoices":[{"id":"32462","number":"34723","date":"2021-06-08","amount":55500,"total":55500,"balance":0}],"costCenter":null,"numberTemplate":{"id":"3","prefix":"","number":"32292","fullNumber":"32292","formattedNumber":"32292"}}
2021-06-08 10:00:07 :: ----------send data payment:32463------------
2021-06-08 10:00:07 :: {"date":"2021-06-08","invoices":[{"amount":"69500","id":"32463"}],"bankAccount":2}
2021-06-08 10:00:09 :: ----------result data payment:32463------------
2021-06-08 10:00:09 :: {"id":"33701","date":"2021-06-08","number":"32293","amount":"69500.0000000000","observations":null,"anotation":null,"type":"in","paymentMethod":"","status":"open","bankAccount":{"id":"2","name":"PAYU","type":"bank"},"client":{"id":"25428","name":"Diana Milena G\u00f3mez Zapata","phone":"3152531654"},"invoices":[{"id":"32463","number":"34724","date":"2021-06-08","amount":69500,"total":69500,"balance":0}],"costCenter":null,"numberTemplate":{"id":"3","prefix":"","number":"32293","fullNumber":"32293","formattedNumber":"32293"}}
2021-06-08 10:15:38 :: ----------send data payment:32464------------
2021-06-08 10:15:38 :: {"date":"2021-06-08","invoices":[{"amount":"69500","id":"32464"}],"bankAccount":2}
2021-06-08 10:15:42 :: ----------result data payment:32464------------
2021-06-08 10:15:42 :: {"id":"33702","date":"2021-06-08","number":"32294","amount":"69500.0000000000","observations":null,"anotation":null,"type":"in","paymentMethod":"","status":"open","bankAccount":{"id":"2","name":"PAYU","type":"bank"},"client":{"id":"25429","name":"Martha Cecilia Fajardo Hern\u00e1ndez","phone":"3014059357"},"invoices":[{"id":"32464","number":"34725","date":"2021-06-08","amount":69500,"total":69500,"balance":0}],"costCenter":null,"numberTemplate":{"id":"3","prefix":"","number":"32294","fullNumber":"32294","formattedNumber":"32294"}}
2021-06-08 10:25:15 :: ----------send data payment:32465------------
2021-06-08 10:25:15 :: {"date":"2021-06-08","invoices":[{"amount":"88000","id":"32465"}],"bankAccount":2}
2021-06-08 10:25:17 :: ----------result data payment:32465------------
2021-06-08 10:25:17 :: {"id":"33703","date":"2021-06-08","number":"32295","amount":"88000.0000000000","observations":null,"anotation":null,"type":"in","paymentMethod":"","status":"open","bankAccount":{"id":"2","name":"PAYU","type":"bank"},"client":{"id":"25350","name":"Johana Lorena quinchia","phone":"3177633420"},"invoices":[{"id":"32465","number":"34726","date":"2021-06-08","amount":88000,"total":88000,"balance":0}],"costCenter":null,"numberTemplate":{"id":"3","prefix":"","number":"32295","fullNumber":"32295","formattedNumber":"32295"}}
2021-06-08 10:55:14 :: ----------send data payment:32466------------
2021-06-08 10:55:14 :: {"date":"2021-06-08","invoices":[{"amount":"69500","id":"32466"}],"bankAccount":2}
2021-06-08 10:55:16 :: ----------result data payment:32466------------
2021-06-08 10:55:16 :: {"id":"33704","date":"2021-06-08","number":"32296","amount":"69500.0000000000","observations":null,"anotation":null,"type":"in","paymentMethod":"","status":"open","bankAccount":{"id":"2","name":"PAYU","type":"bank"},"client":{"id":"25430","name":"emily gonzalez","phone":"3004812702"},"invoices":[{"id":"32466","number":"34727","date":"2021-06-08","amount":69500,"total":69500,"balance":0}],"costCenter":null,"numberTemplate":{"id":"3","prefix":"","number":"32296","fullNumber":"32296","formattedNumber":"32296"}}
2021-06-08 11:40:11 :: ----------send data payment:32467------------
2021-06-08 11:40:11 :: {"date":"2021-06-08","invoices":[{"amount":"58500","id":"32467"}],"bankAccount":2}
2021-06-08 11:40:13 :: ----------result data payment:32467------------
2021-06-08 11:40:13 :: {"id":"33705","date":"2021-06-08","number":"32297","amount":"58500.0000000000","observations":null,"anotation":null,"type":"in","paymentMethod":"","status":"open","bankAccount":{"id":"2","name":"PAYU","type":"bank"},"client":{"id":"25431","name":"Lidia Justine Holgu\u00edn Maksimova","phone":"4049787"},"invoices":[{"id":"32467","number":"34728","date":"2021-06-08","amount":58500,"total":58500,"balance":0}],"costCenter":null,"numberTemplate":{"id":"3","prefix":"","number":"32297","fullNumber":"32297","formattedNumber":"32297"}}
2021-06-08 11:45:13 :: ----------send data payment:32468------------
2021-06-08 11:45:13 :: {"date":"2021-06-08","invoices":[{"amount":"55500","id":"32468"}],"bankAccount":2}
2021-06-08 11:45:15 :: ----------result data payment:32468------------
2021-06-08 11:45:15 :: {"id":"33706","date":"2021-06-08","number":"32298","amount":"55500.0000000000","observations":null,"anotation":null,"type":"in","paymentMethod":"","status":"open","bankAccount":{"id":"2","name":"PAYU","type":"bank"},"client":{"id":"25432","name":"Ibis Hern\u00e1ndez","phone":"3218481503"},"invoices":[{"id":"32468","number":"34729","date":"2021-06-08","amount":55500,"total":55500,"balance":0}],"costCenter":null,"numberTemplate":{"id":"3","prefix":"","number":"32298","fullNumber":"32298","formattedNumber":"32298"}}
2021-06-08 12:25:14 :: ----------send data payment:32469------------
2021-06-08 12:25:14 :: {"date":"2021-06-08","invoices":[{"amount":"84500","id":"32469"}],"bankAccount":2}
2021-06-08 12:25:16 :: ----------result data payment:32469------------
2021-06-08 12:25:16 :: {"id":"33708","date":"2021-06-08","number":"32299","amount":"84500.0000000000","observations":null,"anotation":null,"type":"in","paymentMethod":"","status":"open","bankAccount":{"id":"2","name":"PAYU","type":"bank"},"client":{"id":"21418","name":"Aidaly Botero Zuluaga","phone":"3147678999"},"invoices":[{"id":"32469","number":"34730","date":"2021-06-08","amount":84500,"total":84500,"balance":0}],"costCenter":null,"numberTemplate":{"id":"3","prefix":"","number":"32299","fullNumber":"32299","formattedNumber":"32299"}}
2021-06-08 01:00:08 :: ----------send data payment:32470------------
2021-06-08 01:00:08 :: {"date":"2021-06-08","invoices":[{"amount":"36600","id":"32470"}],"bankAccount":2}
2021-06-08 01:00:10 :: ----------result data payment:32470------------
2021-06-08 01:00:10 :: {"id":"33709","date":"2021-06-08","number":"32300","amount":"36600.0000000000","observations":null,"anotation":null,"type":"in","paymentMethod":"","status":"open","bankAccount":{"id":"2","name":"PAYU","type":"bank"},"client":{"id":"25433","name":"Lina Mar\u00eda cancino","phone":"3125112777"},"invoices":[{"id":"32470","number":"34731","date":"2021-06-08","amount":36600,"total":36600,"balance":0}],"costCenter":null,"numberTemplate":{"id":"3","prefix":"","number":"32300","fullNumber":"32300","formattedNumber":"32300"}}
2021-06-08 01:05:15 :: ----------send data payment:32471------------
2021-06-08 01:05:15 :: {"date":"2021-06-08","invoices":[{"amount":"52000","id":"32471"}],"bankAccount":2}
2021-06-08 01:05:17 :: ----------result data payment:32471------------
2021-06-08 01:05:17 :: {"id":"33710","date":"2021-06-08","number":"32301","amount":"52000.0000000000","observations":null,"anotation":null,"type":"in","paymentMethod":"","status":"open","bankAccount":{"id":"2","name":"PAYU","type":"bank"},"client":{"id":"25434","name":"Isabel C\u00e1rdenas","phone":"5587588"},"invoices":[{"id":"32471","number":"34732","date":"2021-06-08","amount":52000,"total":52000,"balance":0}],"costCenter":null,"numberTemplate":{"id":"3","prefix":"","number":"32301","fullNumber":"32301","formattedNumber":"32301"}}
2021-06-08 01:20:09 :: ----------send data payment:32472------------
2021-06-08 01:20:09 :: {"date":"2021-06-08","invoices":[{"amount":"55500","id":"32472"}],"bankAccount":2}
2021-06-08 01:20:10 :: ----------result data payment:32472------------
2021-06-08 01:20:10 :: {"id":"33711","date":"2021-06-08","number":"32302","amount":"55500.0000000000","observations":null,"anotation":null,"type":"in","paymentMethod":"","status":"open","bankAccount":{"id":"2","name":"PAYU","type":"bank"},"client":{"id":"25435","name":"Melisa Florez","phone":"3128758975"},"invoices":[{"id":"32472","number":"34733","date":"2021-06-08","amount":55500,"total":55500,"balance":0}],"costCenter":null,"numberTemplate":{"id":"3","prefix":"","number":"32302","fullNumber":"32302","formattedNumber":"32302"}}
2021-06-08 01:20:13 :: ----------send data payment:32473------------
2021-06-08 01:20:13 :: {"date":"2021-06-08","invoices":[{"amount":"32600","id":"32473"}],"bankAccount":2}
2021-06-08 01:20:15 :: ----------result data payment:32473------------
2021-06-08 01:20:15 :: {"id":"33712","date":"2021-06-08","number":"32303","amount":"32600.0000000000","observations":null,"anotation":null,"type":"in","paymentMethod":"","status":"open","bankAccount":{"id":"2","name":"PAYU","type":"bank"},"client":{"id":"25436","name":"Sandra Milena Garzon Garzon","phone":"3188042103"},"invoices":[{"id":"32473","number":"34734","date":"2021-06-08","amount":32600,"total":32600,"balance":0}],"costCenter":null,"numberTemplate":{"id":"3","prefix":"","number":"32303","fullNumber":"32303","formattedNumber":"32303"}}
2021-06-08 01:30:09 :: ----------send data payment:32474------------
2021-06-08 01:30:09 :: {"date":"2021-06-08","invoices":[{"amount":"69500","id":"32474"}],"bankAccount":2}
2021-06-08 01:30:12 :: ----------result data payment:32474------------
2021-06-08 01:30:12 :: {"id":"33713","date":"2021-06-08","number":"32304","amount":"69500.0000000000","observations":null,"anotation":null,"type":"in","paymentMethod":"","status":"open","bankAccount":{"id":"2","name":"PAYU","type":"bank"},"client":{"id":"19719","name":"Wendy Guzman","phone":"3023356142"},"invoices":[{"id":"32474","number":"34735","date":"2021-06-08","amount":69500,"total":69500,"balance":0}],"costCenter":null,"numberTemplate":{"id":"3","prefix":"","number":"32304","fullNumber":"32304","formattedNumber":"32304"}}
2021-06-08 01:35:18 :: ----------send data payment:32475------------
2021-06-08 01:35:18 :: {"date":"2021-06-08","invoices":[{"amount":"154600","id":"32475"}],"bankAccount":2}
2021-06-08 01:35:20 :: ----------result data payment:32475------------
2021-06-08 01:35:20 :: {"id":"33714","date":"2021-06-08","number":"32305","amount":"154600.0000000000","observations":null,"anotation":null,"type":"in","paymentMethod":"","status":"open","bankAccount":{"id":"2","name":"PAYU","type":"bank"},"client":{"id":"25437","name":"Leidy Burgos","phone":"3203355383"},"invoices":[{"id":"32475","number":"34736","date":"2021-06-08","amount":154600,"total":154600,"balance":0}],"costCenter":null,"numberTemplate":{"id":"3","prefix":"","number":"32305","fullNumber":"32305","formattedNumber":"32305"}}
2021-06-08 01:50:09 :: ----------send data payment:32476------------
2021-06-08 01:50:09 :: {"date":"2021-06-08","invoices":[{"amount":"229502","id":"32476"}],"bankAccount":2}
2021-06-08 01:50:10 :: ----------result data payment:32476------------
2021-06-08 01:50:10 :: {"id":"33716","date":"2021-06-08","number":"32306","amount":"229502.0000000000","observations":null,"anotation":null,"type":"in","paymentMethod":"","status":"open","bankAccount":{"id":"2","name":"PAYU","type":"bank"},"client":{"id":"25439","name":"Paola Vargas","phone":"3125070509"},"invoices":[{"id":"32476","number":"34737","date":"2021-06-08","amount":229502,"total":229502,"balance":0}],"costCenter":null,"numberTemplate":{"id":"3","prefix":"","number":"32306","fullNumber":"32306","formattedNumber":"32306"}}
2021-06-08 02:10:08 :: ----------send data payment:32477------------
2021-06-08 02:10:08 :: {"date":"2021-06-08","invoices":[{"amount":"69500","id":"32477"}],"bankAccount":2}
2021-06-08 02:10:11 :: ----------result data payment:32477------------
2021-06-08 02:10:11 :: {"id":"33717","date":"2021-06-08","number":"32307","amount":"69500.0000000000","observations":null,"anotation":null,"type":"in","paymentMethod":"","status":"open","bankAccount":{"id":"2","name":"PAYU","type":"bank"},"client":{"id":"25440","name":"Sof\u00ed Vergara","phone":"3196825560"},"invoices":[{"id":"32477","number":"34738","date":"2021-06-08","amount":69500,"total":69500,"balance":0}],"costCenter":null,"numberTemplate":{"id":"3","prefix":"","number":"32307","fullNumber":"32307","formattedNumber":"32307"}}
2021-06-08 03:05:14 :: ----------send data payment:32479------------
2021-06-08 03:05:14 :: {"date":"2021-06-08","invoices":[{"amount":"69500","id":"32479"}],"bankAccount":2}
2021-06-08 03:05:16 :: ----------result data payment:32479------------
2021-06-08 03:05:16 :: {"id":"33722","date":"2021-06-08","number":"32309","amount":"69500.0000000000","observations":null,"anotation":null,"type":"in","paymentMethod":"","status":"open","bankAccount":{"id":"2","name":"PAYU","type":"bank"},"client":{"id":"25442","name":"Laura Gomez Garcia","phone":"3154166973"},"invoices":[{"id":"32479","number":"34740","date":"2021-06-08","amount":69500,"total":69500,"balance":0}],"costCenter":null,"numberTemplate":{"id":"3","prefix":"","number":"32309","fullNumber":"32309","formattedNumber":"32309"}}
2021-06-08 03:10:09 :: ----------send data payment:32480------------
2021-06-08 03:10:09 :: {"date":"2021-06-08","invoices":[{"amount":"30002","id":"32480"}],"bankAccount":2}
2021-06-08 03:10:10 :: ----------result data payment:32480------------
2021-06-08 03:10:10 :: {"id":"33724","date":"2021-06-08","number":"32310","amount":"30002.0000000000","observations":null,"anotation":null,"type":"in","paymentMethod":"","status":"open","bankAccount":{"id":"2","name":"PAYU","type":"bank"},"client":{"id":"25443","name":"Adriana Almarales","phone":"3156314403"},"invoices":[{"id":"32480","number":"34741","date":"2021-06-08","amount":30002,"total":30002,"balance":0}],"costCenter":null,"numberTemplate":{"id":"3","prefix":"","number":"32310","fullNumber":"32310","formattedNumber":"32310"}}
2021-06-08 03:15:16 :: ----------send data payment:32482------------
2021-06-08 03:15:16 :: {"date":"2021-06-08","invoices":[{"amount":"38000","id":"32482"}],"bankAccount":2}
2021-06-08 03:15:18 :: ----------result data payment:32482------------
2021-06-08 03:15:18 :: {"id":"33725","date":"2021-06-08","number":"32311","amount":"38000.0000000000","observations":null,"anotation":null,"type":"in","paymentMethod":"","status":"open","bankAccount":{"id":"2","name":"PAYU","type":"bank"},"client":{"id":"25444","name":"Maria Alejandra Cancino","phone":"3016294273"},"invoices":[{"id":"32482","number":"34743","date":"2021-06-08","amount":38000,"total":38000,"balance":0}],"costCenter":null,"numberTemplate":{"id":"3","prefix":"","number":"32311","fullNumber":"32311","formattedNumber":"32311"}}
2021-06-08 03:30:08 :: ----------send data payment:32484------------
2021-06-08 03:30:08 :: {"date":"2021-06-08","invoices":[{"amount":"97999","id":"32484"}],"bankAccount":2}
2021-06-08 03:30:10 :: ----------result data payment:32484------------
2021-06-08 03:30:10 :: {"id":"33726","date":"2021-06-08","number":"32312","amount":"97999.0000000000","observations":null,"anotation":null,"type":"in","paymentMethod":"","status":"open","bankAccount":{"id":"2","name":"PAYU","type":"bank"},"client":{"id":"25187","name":"Angie Monsalve","phone":"3177417602"},"invoices":[{"id":"32484","number":"34745","date":"2021-06-08","amount":97999,"total":97999,"balance":0}],"costCenter":null,"numberTemplate":{"id":"3","prefix":"","number":"32312","fullNumber":"32312","formattedNumber":"32312"}}
2021-06-08 03:40:08 :: ----------send data payment:32485------------
2021-06-08 03:40:08 :: {"date":"2021-06-08","invoices":[{"amount":"35000","id":"32485"}],"bankAccount":2}
2021-06-08 03:40:11 :: ----------result data payment:32485------------
2021-06-08 03:40:11 :: {"id":"33727","date":"2021-06-08","number":"32313","amount":"35000.0000000000","observations":null,"anotation":null,"type":"in","paymentMethod":"","status":"open","bankAccount":{"id":"2","name":"PAYU","type":"bank"},"client":{"id":"25445","name":"Laura Vargas","phone":"3137803705"},"invoices":[{"id":"32485","number":"34746","date":"2021-06-08","amount":35000,"total":35000,"balance":0}],"costCenter":null,"numberTemplate":{"id":"3","prefix":"","number":"32313","fullNumber":"32313","formattedNumber":"32313"}}
2021-06-08 03:45:22 :: ----------send data payment:32486------------
2021-06-08 03:45:22 :: {"date":"2021-06-08","invoices":[{"amount":"48500","id":"32486"}],"bankAccount":2}
2021-06-08 03:45:25 :: ----------result data payment:32486------------
2021-06-08 03:45:25 :: {"id":"33728","date":"2021-06-08","number":"32314","amount":"48500.0000000000","observations":null,"anotation":null,"type":"in","paymentMethod":"","status":"open","bankAccount":{"id":"2","name":"PAYU","type":"bank"},"client":{"id":"25446","name":"Johana milena monroy","phone":"3022760680"},"invoices":[{"id":"32486","number":"34747","date":"2021-06-08","amount":48500,"total":48500,"balance":0}],"costCenter":null,"numberTemplate":{"id":"3","prefix":"","number":"32314","fullNumber":"32314","formattedNumber":"32314"}}
2021-06-08 05:00:09 :: ----------send data payment:32487------------
2021-06-08 05:00:09 :: {"date":"2021-06-08","invoices":[{"amount":"120500","id":"32487"}],"bankAccount":2}
2021-06-08 05:00:11 :: ----------result data payment:32487------------
2021-06-08 05:00:11 :: {"id":"33731","date":"2021-06-08","number":"32315","amount":"120500.0000000000","observations":null,"anotation":null,"type":"in","paymentMethod":"","status":"open","bankAccount":{"id":"2","name":"PAYU","type":"bank"},"client":{"id":"25447","name":"Carolina Ricaurte","phone":"3133439780"},"invoices":[{"id":"32487","number":"34748","date":"2021-06-08","amount":120500,"total":120500,"balance":0}],"costCenter":null,"numberTemplate":{"id":"3","prefix":"","number":"32315","fullNumber":"32315","formattedNumber":"32315"}}
2021-06-08 05:40:07 :: ----------send data payment:32488------------
2021-06-08 05:40:07 :: {"date":"2021-06-08","invoices":[{"amount":"34000","id":"32488"}],"bankAccount":2}
2021-06-08 05:40:09 :: ----------result data payment:32488------------
2021-06-08 05:40:09 :: {"id":"33732","date":"2021-06-08","number":"32316","amount":"34000.0000000000","observations":null,"anotation":null,"type":"in","paymentMethod":"","status":"open","bankAccount":{"id":"2","name":"PAYU","type":"bank"},"client":{"id":"25448","name":"Ana Hern\u00e1ndez","phone":"3156562319"},"invoices":[{"id":"32488","number":"34749","date":"2021-06-08","amount":34000,"total":34000,"balance":0}],"costCenter":null,"numberTemplate":{"id":"3","prefix":"","number":"32316","fullNumber":"32316","formattedNumber":"32316"}}
2021-06-08 06:05:12 :: ----------send data payment:32489------------
2021-06-08 06:05:12 :: {"date":"2021-06-08","invoices":[{"amount":"75000","id":"32489"}],"bankAccount":2}
2021-06-08 06:05:13 :: ----------result data payment:32489------------
2021-06-08 06:05:13 :: {"id":"33733","date":"2021-06-08","number":"32317","amount":"75000.0000000000","observations":null,"anotation":null,"type":"in","paymentMethod":"","status":"open","bankAccount":{"id":"2","name":"PAYU","type":"bank"},"client":{"id":"25322","name":"Luisa Pe\u00f1a","phone":"3195226071"},"invoices":[{"id":"32489","number":"34750","date":"2021-06-08","amount":75000,"total":75000,"balance":0}],"costCenter":null,"numberTemplate":{"id":"3","prefix":"","number":"32317","fullNumber":"32317","formattedNumber":"32317"}}
2021-06-08 06:10:08 :: ----------send data payment:32490------------
2021-06-08 06:10:08 :: {"date":"2021-06-08","invoices":[{"amount":"53600","id":"32490"}],"bankAccount":2}
2021-06-08 06:10:09 :: ----------result data payment:32490------------
2021-06-08 06:10:09 :: {"id":"33734","date":"2021-06-08","number":"32318","amount":"53600.0000000000","observations":null,"anotation":null,"type":"in","paymentMethod":"","status":"open","bankAccount":{"id":"2","name":"PAYU","type":"bank"},"client":{"id":"25449","name":"Deissy Dayanna Vanegas","phone":"3106888839"},"invoices":[{"id":"32490","number":"34751","date":"2021-06-08","amount":53600,"total":53600,"balance":0}],"costCenter":null,"numberTemplate":{"id":"3","prefix":"","number":"32318","fullNumber":"32318","formattedNumber":"32318"}}
2021-06-08 06:15:11 :: ----------send data payment:32491------------
2021-06-08 06:15:11 :: {"date":"2021-06-08","invoices":[{"amount":"83599","id":"32491"}],"bankAccount":2}
2021-06-08 06:15:13 :: ----------result data payment:32491------------
2021-06-08 06:15:13 :: {"id":"33735","date":"2021-06-08","number":"32319","amount":"83599.0000000000","observations":null,"anotation":null,"type":"in","paymentMethod":"","status":"open","bankAccount":{"id":"2","name":"PAYU","type":"bank"},"client":{"id":"14905","name":"Geraldine Tatiana Baracaldo Huertas","phone":"3053486538"},"invoices":[{"id":"32491","number":"34752","date":"2021-06-08","amount":83599,"total":83599,"balance":0}],"costCenter":null,"numberTemplate":{"id":"3","prefix":"","number":"32319","fullNumber":"32319","formattedNumber":"32319"}}
2021-06-08 06:15:14 :: ----------send data payment:32492------------
2021-06-08 06:15:14 :: {"date":"2021-06-08","invoices":[{"amount":"103000","id":"32492"}],"bankAccount":2}
2021-06-08 06:15:16 :: ----------result data payment:32492------------
2021-06-08 06:15:16 :: {"id":"33736","date":"2021-06-08","number":"32320","amount":"103000.0000000000","observations":null,"anotation":null,"type":"in","paymentMethod":"","status":"open","bankAccount":{"id":"2","name":"PAYU","type":"bank"},"client":{"id":"6127","name":"Fiorella Cortez","phone":"3133998656"},"invoices":[{"id":"32492","number":"34753","date":"2021-06-08","amount":103000,"total":103000,"balance":0}],"costCenter":null,"numberTemplate":{"id":"3","prefix":"","number":"32320","fullNumber":"32320","formattedNumber":"32320"}}
2021-06-08 07:15:04 :: ----------send data payment:32493------------
2021-06-08 07:15:04 :: {"date":"2021-06-08","invoices":[{"amount":"49500","id":"32493"}],"bankAccount":2}
2021-06-08 07:15:06 :: ----------result data payment:32493------------
2021-06-08 07:15:06 :: {"id":"33737","date":"2021-06-08","number":"32321","amount":"49500.0000000000","observations":null,"anotation":null,"type":"in","paymentMethod":"","status":"open","bankAccount":{"id":"2","name":"PAYU","type":"bank"},"client":{"id":"25450","name":"Mariana Dur\u00e1n Franco","phone":"3103376046"},"invoices":[{"id":"32493","number":"34754","date":"2021-06-08","amount":49500,"total":49500,"balance":0}],"costCenter":null,"numberTemplate":{"id":"3","prefix":"","number":"32321","fullNumber":"32321","formattedNumber":"32321"}}
2021-06-08 07:25:14 :: ----------send data payment:32494------------
2021-06-08 07:25:14 :: {"date":"2021-06-08","invoices":[{"amount":"91000","id":"32494"}],"bankAccount":2}
2021-06-08 07:25:16 :: ----------result data payment:32494------------
2021-06-08 07:25:16 :: {"id":"33738","date":"2021-06-08","number":"32322","amount":"91000.0000000000","observations":null,"anotation":null,"type":"in","paymentMethod":"","status":"open","bankAccount":{"id":"2","name":"PAYU","type":"bank"},"client":{"id":"25451","name":"Diana Marcela Moreno","phone":"3104223237"},"invoices":[{"id":"32494","number":"34755","date":"2021-06-08","amount":91000,"total":91000,"balance":0}],"costCenter":null,"numberTemplate":{"id":"3","prefix":"","number":"32322","fullNumber":"32322","formattedNumber":"32322"}}
2021-06-08 07:45:09 :: ----------send data payment:32495------------
2021-06-08 07:45:09 :: {"date":"2021-06-08","invoices":[{"amount":"44500","id":"32495"}],"bankAccount":2}
2021-06-08 07:45:11 :: ----------result data payment:32495------------
2021-06-08 07:45:11 :: {"id":"33739","date":"2021-06-08","number":"32323","amount":"44500.0000000000","observations":null,"anotation":null,"type":"in","paymentMethod":"","status":"open","bankAccount":{"id":"2","name":"PAYU","type":"bank"},"client":{"id":"25452","name":"Daniela valencia mosquera","phone":"3155343298"},"invoices":[{"id":"32495","number":"34756","date":"2021-06-08","amount":44500,"total":44500,"balance":0}],"costCenter":null,"numberTemplate":{"id":"3","prefix":"","number":"32323","fullNumber":"32323","formattedNumber":"32323"}}
2021-06-08 08:00:07 :: ----------send data payment:32496------------
2021-06-08 08:00:07 :: {"date":"2021-06-08","invoices":[{"amount":"36600","id":"32496"}],"bankAccount":2}
2021-06-08 08:00:09 :: ----------result data payment:32496------------
2021-06-08 08:00:09 :: {"id":"33740","date":"2021-06-08","number":"32324","amount":"36600.0000000000","observations":null,"anotation":null,"type":"in","paymentMethod":"","status":"open","bankAccount":{"id":"2","name":"PAYU","type":"bank"},"client":{"id":"25453","name":"Miguel Campo","phone":"3002104719"},"invoices":[{"id":"32496","number":"34757","date":"2021-06-08","amount":36600,"total":36600,"balance":0}],"costCenter":null,"numberTemplate":{"id":"3","prefix":"","number":"32324","fullNumber":"32324","formattedNumber":"32324"}}
2021-06-08 10:00:08 :: ----------send data payment:32497------------
2021-06-08 10:00:08 :: {"date":"2021-06-08","invoices":[{"amount":"48500","id":"32497"}],"bankAccount":2}
2021-06-08 10:00:09 :: ----------result data payment:32497------------
2021-06-08 10:00:09 :: {"id":"33741","date":"2021-06-08","number":"32325","amount":"48500.0000000000","observations":null,"anotation":null,"type":"in","paymentMethod":"","status":"open","bankAccount":{"id":"2","name":"PAYU","type":"bank"},"client":{"id":"25454","name":"Angie Carolina Barajas Gutierrez","phone":"3207778769"},"invoices":[{"id":"32497","number":"34758","date":"2021-06-08","amount":48500,"total":48500,"balance":0}],"costCenter":null,"numberTemplate":{"id":"3","prefix":"","number":"32325","fullNumber":"32325","formattedNumber":"32325"}}
2021-06-08 10:40:08 :: ----------send data payment:32498------------
2021-06-08 10:40:08 :: {"date":"2021-06-08","invoices":[{"amount":"99502","id":"32498"}],"bankAccount":2}
2021-06-08 10:40:09 :: ----------result data payment:32498------------
2021-06-08 10:40:09 :: {"id":"33742","date":"2021-06-08","number":"32326","amount":"99502.0000000000","observations":null,"anotation":null,"type":"in","paymentMethod":"","status":"open","bankAccount":{"id":"2","name":"PAYU","type":"bank"},"client":{"id":"25455","name":"Tania Yiseth Vargas Rodriguez","phone":"3202041900"},"invoices":[{"id":"32498","number":"34759","date":"2021-06-08","amount":99502,"total":99502,"balance":0}],"costCenter":null,"numberTemplate":{"id":"3","prefix":"","number":"32326","fullNumber":"32326","formattedNumber":"32326"}}
2021-06-08 10:55:08 :: ----------send data payment:32499------------
2021-06-08 10:55:08 :: {"date":"2021-06-08","invoices":[{"amount":"70000","id":"32499"}],"bankAccount":2}
2021-06-08 10:55:10 :: ----------result data payment:32499------------
2021-06-08 10:55:10 :: {"id":"33743","date":"2021-06-08","number":"32327","amount":"70000.0000000000","observations":null,"anotation":null,"type":"in","paymentMethod":"","status":"open","bankAccount":{"id":"2","name":"PAYU","type":"bank"},"client":{"id":"15650","name":"Johana Vega Ariza","phone":"3125750602"},"invoices":[{"id":"32499","number":"34760","date":"2021-06-08","amount":70000,"total":70000,"balance":0}],"costCenter":null,"numberTemplate":{"id":"3","prefix":"","number":"32327","fullNumber":"32327","formattedNumber":"32327"}}
2021-06-08 11:35:15 :: ----------send data payment:32500------------
2021-06-08 11:35:15 :: {"date":"2021-06-08","invoices":[{"amount":"48500","id":"32500"}],"bankAccount":2}
2021-06-08 11:35:16 :: ----------result data payment:32500------------
2021-06-08 11:35:16 :: {"id":"33744","date":"2021-06-08","number":"32328","amount":"48500.0000000000","observations":null,"anotation":null,"type":"in","paymentMethod":"","status":"open","bankAccount":{"id":"2","name":"PAYU","type":"bank"},"client":{"id":"25456","name":"Maria S\u00e1nchez","phone":"3505676753"},"invoices":[{"id":"32500","number":"34761","date":"2021-06-08","amount":48500,"total":48500,"balance":0}],"costCenter":null,"numberTemplate":{"id":"3","prefix":"","number":"32328","fullNumber":"32328","formattedNumber":"32328"}}