
2021-07-08 12:20:07 :: ----------send data payment:33824------------
2021-07-08 12:20:07 :: {"date":"2021-07-08","invoices":[{"amount":"80001","id":"33824"}],"bankAccount":2}
2021-07-08 12:20:08 :: ----------result data payment:33824------------
2021-07-08 12:20:08 :: {"id":"35126","date":"2021-07-08","number":"33648","amount":"80001.0000000000","observations":null,"anotation":null,"type":"in","paymentMethod":"","status":"open","bankAccount":{"id":"2","name":"PAYU","type":"bank"},"client":{"id":"1495","name":"Laura Bermejo","phone":"573168322560"},"invoices":[{"id":"33824","number":"36085","date":"2021-07-08","amount":80001,"total":80001,"balance":0}],"costCenter":null,"numberTemplate":{"id":"3","prefix":"","number":"33648","fullNumber":"33648","formattedNumber":"33648"}}
2021-07-08 12:55:10 :: ----------send data payment:33825------------
2021-07-08 12:55:10 :: {"date":"2021-07-08","invoices":[{"amount":"254000","id":"33825"}],"bankAccount":2}
2021-07-08 12:55:11 :: ----------result data payment:33825------------
2021-07-08 12:55:11 :: {"id":"35127","date":"2021-07-08","number":"33649","amount":"254000.0000000000","observations":null,"anotation":null,"type":"in","paymentMethod":"","status":"open","bankAccount":{"id":"2","name":"PAYU","type":"bank"},"client":{"id":"26192","name":"Nathaly Nino vanegas","phone":"3138729296"},"invoices":[{"id":"33825","number":"36086","date":"2021-07-08","amount":254000,"total":254000,"balance":0}],"costCenter":null,"numberTemplate":{"id":"3","prefix":"","number":"33649","fullNumber":"33649","formattedNumber":"33649"}}
2021-07-08 06:00:08 :: ----------send data payment:33826------------
2021-07-08 06:00:08 :: {"date":"2021-07-08","invoices":[{"amount":"140000","id":"33826"}],"bankAccount":2}
2021-07-08 06:00:10 :: ----------result data payment:33826------------
2021-07-08 06:00:10 :: {"id":"35128","date":"2021-07-08","number":"33650","amount":"140000.0000000000","observations":null,"anotation":null,"type":"in","paymentMethod":"","status":"open","bankAccount":{"id":"2","name":"PAYU","type":"bank"},"client":{"id":"26358","name":"Mar\u00eda CAMILA mendoza","phone":"3112620824"},"invoices":[{"id":"33826","number":"36087","date":"2021-07-08","amount":140000,"total":140000,"balance":0}],"costCenter":null,"numberTemplate":{"id":"3","prefix":"","number":"33650","fullNumber":"33650","formattedNumber":"33650"}}
2021-07-08 07:40:09 :: ----------send data payment:33827------------
2021-07-08 07:40:09 :: {"date":"2021-07-08","invoices":[{"amount":"53000","id":"33827"}],"bankAccount":2}
2021-07-08 07:40:12 :: ----------result data payment:33827------------
2021-07-08 07:40:12 :: {"id":"35129","date":"2021-07-08","number":"33651","amount":"53000.0000000000","observations":null,"anotation":null,"type":"in","paymentMethod":"","status":"open","bankAccount":{"id":"2","name":"PAYU","type":"bank"},"client":{"id":"26359","name":"Diana Romero","phone":"3195670565"},"invoices":[{"id":"33827","number":"36088","date":"2021-07-08","amount":53000,"total":53000,"balance":0}],"costCenter":null,"numberTemplate":{"id":"3","prefix":"","number":"33651","fullNumber":"33651","formattedNumber":"33651"}}
2021-07-08 08:35:10 :: ----------send data payment:33828------------
2021-07-08 08:35:10 :: {"date":"2021-07-08","invoices":[{"amount":"80001","id":"33828"}],"bankAccount":2}
2021-07-08 08:35:13 :: ----------result data payment:33828------------
2021-07-08 08:35:13 :: {"id":"35130","date":"2021-07-08","number":"33652","amount":"80001.0000000000","observations":null,"anotation":null,"type":"in","paymentMethod":"","status":"open","bankAccount":{"id":"2","name":"PAYU","type":"bank"},"client":{"id":"26360","name":"M\u00f3nica Cardozo Santos","phone":"3167099587"},"invoices":[{"id":"33828","number":"36089","date":"2021-07-08","amount":80001,"total":80001,"balance":0}],"costCenter":null,"numberTemplate":{"id":"3","prefix":"","number":"33652","fullNumber":"33652","formattedNumber":"33652"}}
2021-07-08 09:15:10 :: ----------send data payment:33829------------
2021-07-08 09:15:10 :: {"date":"2021-07-08","invoices":[{"amount":"37000","id":"33829"}],"bankAccount":2}
2021-07-08 09:15:12 :: ----------result data payment:33829------------
2021-07-08 09:15:12 :: {"id":"35131","date":"2021-07-08","number":"33653","amount":"37000.0000000000","observations":null,"anotation":null,"type":"in","paymentMethod":"","status":"open","bankAccount":{"id":"2","name":"PAYU","type":"bank"},"client":{"id":"26361","name":"Jesica Paola Benavides Hernandez","phone":"3002627260"},"invoices":[{"id":"33829","number":"36090","date":"2021-07-08","amount":37000,"total":37000,"balance":0}],"costCenter":null,"numberTemplate":{"id":"3","prefix":"","number":"33653","fullNumber":"33653","formattedNumber":"33653"}}
2021-07-08 09:20:07 :: ----------send data payment:33830------------
2021-07-08 09:20:07 :: {"date":"2021-07-08","invoices":[{"amount":"75000","id":"33830"}],"bankAccount":2}
2021-07-08 09:20:08 :: ----------result data payment:33830------------
2021-07-08 09:20:08 :: {"id":"35132","date":"2021-07-08","number":"33654","amount":"75000.0000000000","observations":null,"anotation":null,"type":"in","paymentMethod":"","status":"open","bankAccount":{"id":"2","name":"PAYU","type":"bank"},"client":{"id":"26362","name":"Jenny Paola romero","phone":"3222682357"},"invoices":[{"id":"33830","number":"36091","date":"2021-07-08","amount":75000,"total":75000,"balance":0}],"costCenter":null,"numberTemplate":{"id":"3","prefix":"","number":"33654","fullNumber":"33654","formattedNumber":"33654"}}
2021-07-08 09:30:07 :: ----------send data payment:33831------------
2021-07-08 09:30:07 :: {"date":"2021-07-08","invoices":[{"amount":"45000","id":"33831"}],"bankAccount":2}
2021-07-08 09:30:09 :: ----------result data payment:33831------------
2021-07-08 09:30:09 :: {"id":"35133","date":"2021-07-08","number":"33655","amount":"45000.0000000000","observations":null,"anotation":null,"type":"in","paymentMethod":"","status":"open","bankAccount":{"id":"2","name":"PAYU","type":"bank"},"client":{"id":"26363","name":"Maria Henriquez","phone":"3166282004"},"invoices":[{"id":"33831","number":"36092","date":"2021-07-08","amount":45000,"total":45000,"balance":0}],"costCenter":null,"numberTemplate":{"id":"3","prefix":"","number":"33655","fullNumber":"33655","formattedNumber":"33655"}}
2021-07-08 09:55:11 :: ----------send data payment:33832------------
2021-07-08 09:55:11 :: {"date":"2021-07-08","invoices":[{"amount":"62000","id":"33832"}],"bankAccount":2}
2021-07-08 09:55:15 :: ----------result data payment:33832------------
2021-07-08 09:55:15 :: {"id":"35134","date":"2021-07-08","number":"33656","amount":"62000.0000000000","observations":null,"anotation":null,"type":"in","paymentMethod":"","status":"open","bankAccount":{"id":"2","name":"PAYU","type":"bank"},"client":{"id":"26364","name":"mariana madrid","phone":"3216641440"},"invoices":[{"id":"33832","number":"36093","date":"2021-07-08","amount":62000,"total":62000,"balance":0}],"costCenter":null,"numberTemplate":{"id":"3","prefix":"","number":"33656","fullNumber":"33656","formattedNumber":"33656"}}
2021-07-08 10:30:08 :: ----------send data payment:33834------------
2021-07-08 10:30:08 :: {"date":"2021-07-08","invoices":[{"amount":"21000","id":"33834"}],"bankAccount":2}
2021-07-08 10:30:10 :: ----------result data payment:33834------------
2021-07-08 10:30:10 :: {"id":"35135","date":"2021-07-08","number":"33657","amount":"21000.0000000000","observations":null,"anotation":null,"type":"in","paymentMethod":"","status":"open","bankAccount":{"id":"2","name":"PAYU","type":"bank"},"client":{"id":"26365","name":"Mar\u00eda L\u00f3pez","phone":"3017935694"},"invoices":[{"id":"33834","number":"36095","date":"2021-07-08","amount":21000,"total":21000,"balance":0}],"costCenter":null,"numberTemplate":{"id":"3","prefix":"","number":"33657","fullNumber":"33657","formattedNumber":"33657"}}
2021-07-08 10:35:16 :: ----------send data payment:33835------------
2021-07-08 10:35:16 :: {"date":"2021-07-08","invoices":[{"amount":"80001","id":"33835"}],"bankAccount":2}
2021-07-08 10:35:17 :: ----------result data payment:33835------------
2021-07-08 10:35:17 :: {"id":"35136","date":"2021-07-08","number":"33658","amount":"80001.0000000000","observations":null,"anotation":null,"type":"in","paymentMethod":"","status":"open","bankAccount":{"id":"2","name":"PAYU","type":"bank"},"client":{"id":"26366","name":"Alejandra Brausin","phone":"3115226120"},"invoices":[{"id":"33835","number":"36096","date":"2021-07-08","amount":80001,"total":80001,"balance":0}],"costCenter":null,"numberTemplate":{"id":"3","prefix":"","number":"33658","fullNumber":"33658","formattedNumber":"33658"}}
2021-07-08 11:05:16 :: ----------send data payment:33836------------
2021-07-08 11:05:16 :: {"date":"2021-07-08","invoices":[{"amount":"81000","id":"33836"}],"bankAccount":2}
2021-07-08 11:05:18 :: ----------result data payment:33836------------
2021-07-08 11:05:18 :: {"id":"35137","date":"2021-07-08","number":"33659","amount":"81000.0000000000","observations":null,"anotation":null,"type":"in","paymentMethod":"","status":"open","bankAccount":{"id":"2","name":"PAYU","type":"bank"},"client":{"id":"26367","name":"Maria Alejandra Rodriguez","phone":"3138654724"},"invoices":[{"id":"33836","number":"36097","date":"2021-07-08","amount":81000,"total":81000,"balance":0}],"costCenter":null,"numberTemplate":{"id":"3","prefix":"","number":"33659","fullNumber":"33659","formattedNumber":"33659"}}
2021-07-08 11:50:09 :: ----------send data payment:33837------------
2021-07-08 11:50:09 :: {"date":"2021-07-08","invoices":[{"amount":"60000","id":"33837"}],"bankAccount":2}
2021-07-08 11:50:10 :: ----------result data payment:33837------------
2021-07-08 11:50:10 :: {"id":"35138","date":"2021-07-08","number":"33660","amount":"60000.0000000000","observations":null,"anotation":null,"type":"in","paymentMethod":"","status":"open","bankAccount":{"id":"2","name":"PAYU","type":"bank"},"client":{"id":"26368","name":"Angie Ariza","phone":"3153100484"},"invoices":[{"id":"33837","number":"36098","date":"2021-07-08","amount":60000,"total":60000,"balance":0}],"costCenter":null,"numberTemplate":{"id":"3","prefix":"","number":"33660","fullNumber":"33660","formattedNumber":"33660"}}
2021-07-08 12:05:09 :: ----------send data payment:33838------------
2021-07-08 12:05:09 :: {"date":"2021-07-08","invoices":[{"amount":"117001","id":"33838"}],"bankAccount":2}
2021-07-08 12:05:10 :: ----------result data payment:33838------------
2021-07-08 12:05:10 :: {"id":"35139","date":"2021-07-08","number":"33661","amount":"117001.0000000000","observations":null,"anotation":null,"type":"in","paymentMethod":"","status":"open","bankAccount":{"id":"2","name":"PAYU","type":"bank"},"client":{"id":"6873","name":"Isabel Torres","phone":"3006381456"},"invoices":[{"id":"33838","number":"36099","date":"2021-07-08","amount":117001,"total":117001,"balance":0}],"costCenter":null,"numberTemplate":{"id":"3","prefix":"","number":"33661","fullNumber":"33661","formattedNumber":"33661"}}
2021-07-08 01:10:08 :: ----------send data payment:33839------------
2021-07-08 01:10:08 :: {"date":"2021-07-08","invoices":[{"amount":"60000","id":"33839"}],"bankAccount":2}
2021-07-08 01:10:09 :: ----------result data payment:33839------------
2021-07-08 01:10:09 :: {"id":"35141","date":"2021-07-08","number":"33662","amount":"60000.0000000000","observations":null,"anotation":null,"type":"in","paymentMethod":"","status":"open","bankAccount":{"id":"2","name":"PAYU","type":"bank"},"client":{"id":"26369","name":"Krito Hincapie Restrepo","phone":"3003564466"},"invoices":[{"id":"33839","number":"36100","date":"2021-07-08","amount":60000,"total":60000,"balance":0}],"costCenter":null,"numberTemplate":{"id":"3","prefix":"","number":"33662","fullNumber":"33662","formattedNumber":"33662"}}
2021-07-08 01:15:13 :: ----------send data payment:33840------------
2021-07-08 01:15:13 :: {"date":"2021-07-08","invoices":[{"amount":"27000","id":"33840"}],"bankAccount":2}
2021-07-08 01:15:14 :: ----------result data payment:33840------------
2021-07-08 01:15:14 :: {"id":"35142","date":"2021-07-08","number":"33663","amount":"27000.0000000000","observations":null,"anotation":null,"type":"in","paymentMethod":"","status":"open","bankAccount":{"id":"2","name":"PAYU","type":"bank"},"client":{"id":"10633","name":"Angie Paola mendez Monroy","phone":"3046510890"},"invoices":[{"id":"33840","number":"36101","date":"2021-07-08","amount":27000,"total":27000,"balance":0}],"costCenter":null,"numberTemplate":{"id":"3","prefix":"","number":"33663","fullNumber":"33663","formattedNumber":"33663"}}
2021-07-08 01:35:14 :: ----------send data payment:33841------------
2021-07-08 01:35:14 :: {"date":"2021-07-08","invoices":[{"amount":"44000","id":"33841"}],"bankAccount":2}
2021-07-08 01:35:16 :: ----------result data payment:33841------------
2021-07-08 01:35:16 :: {"id":"35143","date":"2021-07-08","number":"33664","amount":"44000.0000000000","observations":null,"anotation":null,"type":"in","paymentMethod":"","status":"open","bankAccount":{"id":"2","name":"PAYU","type":"bank"},"client":{"id":"26370","name":"Stephania Londo\u00f1o Leal","phone":"3005279478"},"invoices":[{"id":"33841","number":"36102","date":"2021-07-08","amount":44000,"total":44000,"balance":0}],"costCenter":null,"numberTemplate":{"id":"3","prefix":"","number":"33664","fullNumber":"33664","formattedNumber":"33664"}}
2021-07-08 01:35:20 :: ----------send data payment:33842------------
2021-07-08 01:35:20 :: {"date":"2021-07-08","invoices":[{"amount":"66000","id":"33842"}],"bankAccount":2}
2021-07-08 01:35:21 :: ----------result data payment:33842------------
2021-07-08 01:35:21 :: {"id":"35144","date":"2021-07-08","number":"33665","amount":"66000.0000000000","observations":null,"anotation":null,"type":"in","paymentMethod":"","status":"open","bankAccount":{"id":"2","name":"PAYU","type":"bank"},"client":{"id":"26371","name":"Zharick mu\u00f1oz","phone":"3023677697"},"invoices":[{"id":"33842","number":"36103","date":"2021-07-08","amount":66000,"total":66000,"balance":0}],"costCenter":null,"numberTemplate":{"id":"3","prefix":"","number":"33665","fullNumber":"33665","formattedNumber":"33665"}}
2021-07-08 02:10:16 :: ----------send data payment:33843------------
2021-07-08 02:10:16 :: {"date":"2021-07-08","invoices":[{"amount":"60000","id":"33843"}],"bankAccount":2}
2021-07-08 02:10:17 :: ----------result data payment:33843------------
2021-07-08 02:10:17 :: {"id":"35145","date":"2021-07-08","number":"33666","amount":"60000.0000000000","observations":null,"anotation":null,"type":"in","paymentMethod":"","status":"open","bankAccount":{"id":"2","name":"PAYU","type":"bank"},"client":{"id":"26372","name":"kelly perez","phone":"3146813754"},"invoices":[{"id":"33843","number":"36104","date":"2021-07-08","amount":60000,"total":60000,"balance":0}],"costCenter":null,"numberTemplate":{"id":"3","prefix":"","number":"33666","fullNumber":"33666","formattedNumber":"33666"}}
2021-07-08 02:15:21 :: ----------send data payment:33844------------
2021-07-08 02:15:21 :: {"date":"2021-07-08","invoices":[{"amount":"118998","id":"33844"}],"bankAccount":2}
2021-07-08 02:15:22 :: ----------result data payment:33844------------
2021-07-08 02:15:22 :: {"id":"35146","date":"2021-07-08","number":"33667","amount":"118998.0000000000","observations":null,"anotation":null,"type":"in","paymentMethod":"","status":"open","bankAccount":{"id":"2","name":"PAYU","type":"bank"},"client":{"id":"26373","name":"Mar\u00eda M\u00f3nica Guzm\u00e1n Naranjo","phone":"3008059519"},"invoices":[{"id":"33844","number":"36105","date":"2021-07-08","amount":118998,"total":118998,"balance":0}],"costCenter":null,"numberTemplate":{"id":"3","prefix":"","number":"33667","fullNumber":"33667","formattedNumber":"33667"}}
2021-07-08 02:20:16 :: ----------send data payment:33845------------
2021-07-08 02:20:16 :: {"date":"2021-07-08","invoices":[{"amount":"80001","id":"33845"}],"bankAccount":2}
2021-07-08 02:20:19 :: ----------result data payment:33845------------
2021-07-08 02:20:19 :: {"id":"35147","date":"2021-07-08","number":"33668","amount":"80001.0000000000","observations":null,"anotation":null,"type":"in","paymentMethod":"","status":"open","bankAccount":{"id":"2","name":"PAYU","type":"bank"},"client":{"id":"26374","name":"Juan Pablo Andrade","phone":"3166271730"},"invoices":[{"id":"33845","number":"36106","date":"2021-07-08","amount":80001,"total":80001,"balance":0}],"costCenter":null,"numberTemplate":{"id":"3","prefix":"","number":"33668","fullNumber":"33668","formattedNumber":"33668"}}
2021-07-08 03:40:13 :: ----------send data payment:33846------------
2021-07-08 03:40:13 :: {"date":"2021-07-08","invoices":[{"amount":"40000","id":"33846"}],"bankAccount":2}
2021-07-08 03:40:15 :: ----------result data payment:33846------------
2021-07-08 03:40:15 :: {"id":"35148","date":"2021-07-08","number":"33669","amount":"40000.0000000000","observations":null,"anotation":null,"type":"in","paymentMethod":"","status":"open","bankAccount":{"id":"2","name":"PAYU","type":"bank"},"client":{"id":"156","name":"Jasbleidy Alejandra Cifuentes Garc\u00eda","phone":"3205990697"},"invoices":[{"id":"33846","number":"36107","date":"2021-07-08","amount":40000,"total":40000,"balance":0}],"costCenter":null,"numberTemplate":{"id":"3","prefix":"","number":"33669","fullNumber":"33669","formattedNumber":"33669"}}
2021-07-08 05:05:15 :: ----------send data payment:33847------------
2021-07-08 05:05:15 :: {"date":"2021-07-08","invoices":[{"amount":"30000","id":"33847"}],"bankAccount":2}
2021-07-08 05:05:16 :: ----------result data payment:33847------------
2021-07-08 05:05:16 :: {"id":"35156","date":"2021-07-08","number":"33671","amount":"30000.0000000000","observations":null,"anotation":null,"type":"in","paymentMethod":"","status":"open","bankAccount":{"id":"2","name":"PAYU","type":"bank"},"client":{"id":"26375","name":"Tatiana Del Castillo","phone":"3008621215"},"invoices":[{"id":"33847","number":"36108","date":"2021-07-08","amount":30000,"total":30000,"balance":0}],"costCenter":null,"numberTemplate":{"id":"3","prefix":"","number":"33671","fullNumber":"33671","formattedNumber":"33671"}}
2021-07-08 05:10:12 :: ----------send data payment:33848------------
2021-07-08 05:10:12 :: {"date":"2021-07-08","invoices":[{"amount":"40000","id":"33848"}],"bankAccount":2}
2021-07-08 05:10:14 :: ----------result data payment:33848------------
2021-07-08 05:10:14 :: {"id":"35157","date":"2021-07-08","number":"33672","amount":"40000.0000000000","observations":null,"anotation":null,"type":"in","paymentMethod":"","status":"open","bankAccount":{"id":"2","name":"PAYU","type":"bank"},"client":{"id":"26376","name":"Daniela Betancur","phone":"3007678635"},"invoices":[{"id":"33848","number":"36109","date":"2021-07-08","amount":40000,"total":40000,"balance":0}],"costCenter":null,"numberTemplate":{"id":"3","prefix":"","number":"33672","fullNumber":"33672","formattedNumber":"33672"}}
2021-07-08 05:25:19 :: ----------send data payment:33849------------
2021-07-08 05:25:19 :: {"date":"2021-07-08","invoices":[{"amount":"510002","id":"33849"}],"bankAccount":2}
2021-07-08 05:25:23 :: ----------result data payment:33849------------
2021-07-08 05:25:23 :: {"id":"35158","date":"2021-07-08","number":"33673","amount":"510002.0000000000","observations":null,"anotation":null,"type":"in","paymentMethod":"","status":"open","bankAccount":{"id":"2","name":"PAYU","type":"bank"},"client":{"id":"26377","name":"Gabriela Rojas Chavaco","phone":"3217647104"},"invoices":[{"id":"33849","number":"36110","date":"2021-07-08","amount":510002,"total":510002,"balance":0}],"costCenter":null,"numberTemplate":{"id":"3","prefix":"","number":"33673","fullNumber":"33673","formattedNumber":"33673"}}
2021-07-08 05:30:12 :: ----------send data payment:33850------------
2021-07-08 05:30:12 :: {"date":"2021-07-08","invoices":[{"amount":"40000","id":"33850"}],"bankAccount":2}
2021-07-08 05:30:13 :: ----------result data payment:33850------------
2021-07-08 05:30:13 :: {"id":"35159","date":"2021-07-08","number":"33674","amount":"40000.0000000000","observations":null,"anotation":null,"type":"in","paymentMethod":"","status":"open","bankAccount":{"id":"2","name":"PAYU","type":"bank"},"client":{"id":"26378","name":"Carol Sanchez","phone":"3219296605"},"invoices":[{"id":"33850","number":"36111","date":"2021-07-08","amount":40000,"total":40000,"balance":0}],"costCenter":null,"numberTemplate":{"id":"3","prefix":"","number":"33674","fullNumber":"33674","formattedNumber":"33674"}}
2021-07-08 05:30:16 :: ----------send data payment:33851------------
2021-07-08 05:30:16 :: {"date":"2021-07-08","invoices":[{"amount":"110000","id":"33851"}],"bankAccount":2}
2021-07-08 05:30:17 :: ----------result data payment:33851------------
2021-07-08 05:30:17 :: {"id":"35160","date":"2021-07-08","number":"33675","amount":"110000.0000000000","observations":null,"anotation":null,"type":"in","paymentMethod":"","status":"open","bankAccount":{"id":"2","name":"PAYU","type":"bank"},"client":{"id":"26379","name":"EVELYN VANESSA GUTI\u00c9RREZ G\u00dcIZA","phone":"3185789545"},"invoices":[{"id":"33851","number":"36112","date":"2021-07-08","amount":110000,"total":110000,"balance":0}],"costCenter":null,"numberTemplate":{"id":"3","prefix":"","number":"33675","fullNumber":"33675","formattedNumber":"33675"}}
2021-07-08 05:40:13 :: ----------send data payment:33852------------
2021-07-08 05:40:13 :: {"date":"2021-07-08","invoices":[{"amount":"70001","id":"33852"}],"bankAccount":2}
2021-07-08 05:40:16 :: ----------result data payment:33852------------
2021-07-08 05:40:16 :: {"id":"35161","date":"2021-07-08","number":"33676","amount":"70001.0000000000","observations":null,"anotation":null,"type":"in","paymentMethod":"","status":"open","bankAccount":{"id":"2","name":"PAYU","type":"bank"},"client":{"id":"26380","name":"Angelica Melo","phone":"3124516626"},"invoices":[{"id":"33852","number":"36113","date":"2021-07-08","amount":70001,"total":70001,"balance":0}],"costCenter":null,"numberTemplate":{"id":"3","prefix":"","number":"33676","fullNumber":"33676","formattedNumber":"33676"}}
2021-07-08 05:55:14 :: ----------send data payment:33853------------
2021-07-08 05:55:14 :: {"date":"2021-07-08","invoices":[{"amount":"359700","id":"33853"}],"bankAccount":2}
2021-07-08 05:55:15 :: ----------result data payment:33853------------
2021-07-08 05:55:15 :: {"id":"35162","date":"2021-07-08","number":"33677","amount":"359700.0000000000","observations":null,"anotation":null,"type":"in","paymentMethod":"","status":"open","bankAccount":{"id":"2","name":"PAYU","type":"bank"},"client":{"id":"13581","name":"lvlh23","phone":"3008565338"},"invoices":[{"id":"33853","number":"36114","date":"2021-07-08","amount":359700,"total":359700,"balance":0}],"costCenter":null,"numberTemplate":{"id":"3","prefix":"","number":"33677","fullNumber":"33677","formattedNumber":"33677"}}
2021-07-08 06:10:10 :: ----------send data payment:33854------------
2021-07-08 06:10:10 :: {"date":"2021-07-08","invoices":[{"amount":"60000","id":"33854"}],"bankAccount":2}
2021-07-08 06:10:11 :: ----------result data payment:33854------------
2021-07-08 06:10:11 :: {"id":"35163","date":"2021-07-08","number":"33678","amount":"60000.0000000000","observations":null,"anotation":null,"type":"in","paymentMethod":"","status":"open","bankAccount":{"id":"2","name":"PAYU","type":"bank"},"client":{"id":"26381","name":"Luisa Fernanda","phone":"3195611080"},"invoices":[{"id":"33854","number":"36115","date":"2021-07-08","amount":60000,"total":60000,"balance":0}],"costCenter":null,"numberTemplate":{"id":"3","prefix":"","number":"33678","fullNumber":"33678","formattedNumber":"33678"}}
2021-07-08 07:50:07 :: ----------send data payment:33855------------
2021-07-08 07:50:07 :: {"date":"2021-07-08","invoices":[{"amount":"97000","id":"33855"}],"bankAccount":2}
2021-07-08 07:50:09 :: ----------result data payment:33855------------
2021-07-08 07:50:09 :: {"id":"35166","date":"2021-07-08","number":"33679","amount":"97000.0000000000","observations":null,"anotation":null,"type":"in","paymentMethod":"","status":"open","bankAccount":{"id":"2","name":"PAYU","type":"bank"},"client":{"id":"20845","name":"Andrea Vallejo Escobar","phone":"3052913735"},"invoices":[{"id":"33855","number":"36116","date":"2021-07-08","amount":97000,"total":97000,"balance":0}],"costCenter":null,"numberTemplate":{"id":"3","prefix":"","number":"33679","fullNumber":"33679","formattedNumber":"33679"}}
2021-07-08 08:05:09 :: ----------send data payment:33856------------
2021-07-08 08:05:09 :: {"date":"2021-07-08","invoices":[{"amount":"67000","id":"33856"}],"bankAccount":2}
2021-07-08 08:05:10 :: ----------result data payment:33856------------
2021-07-08 08:05:10 :: {"id":"35169","date":"2021-07-08","number":"33680","amount":"67000.0000000000","observations":null,"anotation":null,"type":"in","paymentMethod":"","status":"open","bankAccount":{"id":"2","name":"PAYU","type":"bank"},"client":{"id":"26384","name":"Alexa L","phone":"3143896155"},"invoices":[{"id":"33856","number":"36117","date":"2021-07-08","amount":67000,"total":67000,"balance":0}],"costCenter":null,"numberTemplate":{"id":"3","prefix":"","number":"33680","fullNumber":"33680","formattedNumber":"33680"}}
2021-07-08 09:20:08 :: ----------send data payment:33857------------
2021-07-08 09:20:08 :: {"date":"2021-07-08","invoices":[{"amount":"39000","id":"33857"}],"bankAccount":2}
2021-07-08 09:20:10 :: ----------result data payment:33857------------
2021-07-08 09:20:10 :: {"id":"35170","date":"2021-07-08","number":"33681","amount":"39000.0000000000","observations":null,"anotation":null,"type":"in","paymentMethod":"","status":"open","bankAccount":{"id":"2","name":"PAYU","type":"bank"},"client":{"id":"26385","name":"IVONNE GALVIS GALINDO","phone":"3125220293"},"invoices":[{"id":"33857","number":"36118","date":"2021-07-08","amount":39000,"total":39000,"balance":0}],"costCenter":null,"numberTemplate":{"id":"3","prefix":"","number":"33681","fullNumber":"33681","formattedNumber":"33681"}}
2021-07-08 09:25:13 :: ----------send data payment:33858------------
2021-07-08 09:25:13 :: {"date":"2021-07-08","invoices":[{"amount":"110000","id":"33858"}],"bankAccount":2}
2021-07-08 09:25:14 :: ----------result data payment:33858------------
2021-07-08 09:25:14 :: {"id":"35171","date":"2021-07-08","number":"33682","amount":"110000.0000000000","observations":null,"anotation":null,"type":"in","paymentMethod":"","status":"open","bankAccount":{"id":"2","name":"PAYU","type":"bank"},"client":{"id":"26386","name":"Sara \u00c1lvarez","phone":"3135039395"},"invoices":[{"id":"33858","number":"36119","date":"2021-07-08","amount":110000,"total":110000,"balance":0}],"costCenter":null,"numberTemplate":{"id":"3","prefix":"","number":"33682","fullNumber":"33682","formattedNumber":"33682"}}
2021-07-08 09:50:10 :: ----------send data payment:33859------------
2021-07-08 09:50:10 :: {"date":"2021-07-08","invoices":[{"amount":"54000","id":"33859"}],"bankAccount":2}
2021-07-08 09:50:12 :: ----------result data payment:33859------------
2021-07-08 09:50:12 :: {"id":"35172","date":"2021-07-08","number":"33683","amount":"54000.0000000000","observations":null,"anotation":null,"type":"in","paymentMethod":"","status":"open","bankAccount":{"id":"2","name":"PAYU","type":"bank"},"client":{"id":"26387","name":"Hern\u00e1n Guillermo Escobar Suaza","phone":"3117732715"},"invoices":[{"id":"33859","number":"36120","date":"2021-07-08","amount":54000,"total":54000,"balance":0}],"costCenter":null,"numberTemplate":{"id":"3","prefix":"","number":"33683","fullNumber":"33683","formattedNumber":"33683"}}
2021-07-08 10:20:09 :: ----------send data payment:33860------------
2021-07-08 10:20:09 :: {"date":"2021-07-08","invoices":[{"amount":"60000","id":"33860"}],"bankAccount":2}
2021-07-08 10:20:13 :: ----------result data payment:33860------------
2021-07-08 10:20:13 :: {"id":"35173","date":"2021-07-08","number":"33684","amount":"60000.0000000000","observations":null,"anotation":null,"type":"in","paymentMethod":"","status":"open","bankAccount":{"id":"2","name":"PAYU","type":"bank"},"client":{"id":"26388","name":"Monica Angulo","phone":"3013269371"},"invoices":[{"id":"33860","number":"36121","date":"2021-07-08","amount":60000,"total":60000,"balance":0}],"costCenter":null,"numberTemplate":{"id":"3","prefix":"","number":"33684","fullNumber":"33684","formattedNumber":"33684"}}
2021-07-08 10:25:14 :: ----------send data payment:33861------------
2021-07-08 10:25:14 :: {"date":"2021-07-08","invoices":[{"amount":"204999","id":"33861"}],"bankAccount":2}
2021-07-08 10:25:15 :: ----------result data payment:33861------------
2021-07-08 10:25:15 :: {"id":"35174","date":"2021-07-08","number":"33685","amount":"204999.0000000000","observations":null,"anotation":null,"type":"in","paymentMethod":"","status":"open","bankAccount":{"id":"2","name":"PAYU","type":"bank"},"client":{"id":"26389","name":"Natalia Herrera","phone":"3186447813"},"invoices":[{"id":"33861","number":"36122","date":"2021-07-08","amount":204999,"total":204999,"balance":0}],"costCenter":null,"numberTemplate":{"id":"3","prefix":"","number":"33685","fullNumber":"33685","formattedNumber":"33685"}}