
2021-02-27 12:05:07 :: ----------send data payment:28317------------
2021-02-27 12:05:07 :: {"date":"2021-02-27","invoices":[{"amount":"82173","id":"28317"}],"bankAccount":2}
2021-02-27 12:05:08 :: ----------result data payment:28317------------
2021-02-27 12:05:08 :: {"id":"29351","date":"2021-02-27","number":"28135","amount":"82173.0000000000","observations":null,"anotation":null,"type":"in","paymentMethod":"","status":"open","bankAccount":{"id":"2","name":"PAYU","type":"bank"},"client":{"id":"264","name":"Miireille Ruiz Ca\u00f1\u00f3n","phone":"3044161814"},"invoices":[{"id":"28317","number":"30578","date":"2021-02-27","amount":82173,"total":82176,"balance":3}],"costCenter":null,"numberTemplate":{"id":"3","prefix":"","number":"28135","fullNumber":"28135","formattedNumber":"28135"}}
2021-02-27 12:25:10 :: ----------send data payment:28318------------
2021-02-27 12:25:10 :: {"date":"2021-02-27","invoices":[{"amount":"98629","id":"28318"}],"bankAccount":2}
2021-02-27 12:25:10 :: ----------result data payment:28318------------
2021-02-27 12:25:10 :: {"id":"29352","date":"2021-02-27","number":"28136","amount":"98629.0000000000","observations":null,"anotation":null,"type":"in","paymentMethod":"","status":"open","bankAccount":{"id":"2","name":"PAYU","type":"bank"},"client":{"id":"22611","name":"Orianna lizeth Su\u00e1rez Z\u00fa\u00f1iga","phone":"3182973496"},"invoices":[{"id":"28318","number":"30579","date":"2021-02-27","amount":98629,"total":98632,"balance":3}],"costCenter":null,"numberTemplate":{"id":"3","prefix":"","number":"28136","fullNumber":"28136","formattedNumber":"28136"}}
2021-02-27 12:45:13 :: ----------send data payment:28319------------
2021-02-27 12:45:13 :: {"date":"2021-02-27","invoices":[{"amount":"30000","id":"28319"}],"bankAccount":2}
2021-02-27 12:45:14 :: ----------result data payment:28319------------
2021-02-27 12:45:14 :: {"id":"29353","date":"2021-02-27","number":"28137","amount":"30000.0000000000","observations":null,"anotation":null,"type":"in","paymentMethod":"","status":"open","bankAccount":{"id":"2","name":"PAYU","type":"bank"},"client":{"id":"22612","name":"Angie lizeth Sepulveda sanchez","phone":"3107644133"},"invoices":[{"id":"28319","number":"30580","date":"2021-02-27","amount":30000,"total":30000,"balance":0}],"costCenter":null,"numberTemplate":{"id":"3","prefix":"","number":"28137","fullNumber":"28137","formattedNumber":"28137"}}
2021-02-27 08:20:12 :: ----------send data payment:28320------------
2021-02-27 08:20:12 :: {"date":"2021-02-27","invoices":[{"amount":"46000","id":"28320"}],"bankAccount":2}
2021-02-27 08:20:13 :: ----------result data payment:28320------------
2021-02-27 08:20:13 :: {"id":"29354","date":"2021-02-27","number":"28138","amount":"46000.0000000000","observations":null,"anotation":null,"type":"in","paymentMethod":"","status":"open","bankAccount":{"id":"2","name":"PAYU","type":"bank"},"client":{"id":"22613","name":"Suley Bola\u00f1o","phone":"3015745023"},"invoices":[{"id":"28320","number":"30581","date":"2021-02-27","amount":46000,"total":46000,"balance":0}],"costCenter":null,"numberTemplate":{"id":"3","prefix":"","number":"28138","fullNumber":"28138","formattedNumber":"28138"}}
2021-02-27 09:25:08 :: ----------send data payment:28321------------
2021-02-27 09:25:08 :: {"date":"2021-02-27","invoices":[{"amount":"60000","id":"28321"}],"bankAccount":2}
2021-02-27 09:25:09 :: ----------result data payment:28321------------
2021-02-27 09:25:09 :: {"id":"29355","date":"2021-02-27","number":"28139","amount":"60000.0000000000","observations":null,"anotation":null,"type":"in","paymentMethod":"","status":"open","bankAccount":{"id":"2","name":"PAYU","type":"bank"},"client":{"id":"9818","name":"Kiara miranda","phone":"3184386227"},"invoices":[{"id":"28321","number":"30582","date":"2021-02-27","amount":60000,"total":60000,"balance":0}],"costCenter":null,"numberTemplate":{"id":"3","prefix":"","number":"28139","fullNumber":"28139","formattedNumber":"28139"}}
2021-02-27 09:30:17 :: ----------send data payment:28322------------
2021-02-27 09:30:17 :: {"date":"2021-02-27","invoices":[{"amount":"90001","id":"28322"}],"bankAccount":2}
2021-02-27 09:30:18 :: ----------result data payment:28322------------
2021-02-27 09:30:18 :: {"id":"29356","date":"2021-02-27","number":"28140","amount":"90001.0000000000","observations":null,"anotation":null,"type":"in","paymentMethod":"","status":"open","bankAccount":{"id":"2","name":"PAYU","type":"bank"},"client":{"id":"22614","name":"Natalia","phone":"3217100004"},"invoices":[{"id":"28322","number":"30583","date":"2021-02-27","amount":90001,"total":90001,"balance":0}],"costCenter":null,"numberTemplate":{"id":"3","prefix":"","number":"28140","fullNumber":"28140","formattedNumber":"28140"}}
2021-02-27 09:45:07 :: ----------send data payment:28323------------
2021-02-27 09:45:07 :: {"date":"2021-02-27","invoices":[{"amount":"92134","id":"28323"}],"bankAccount":2}
2021-02-27 09:45:10 :: ----------result data payment:28323------------
2021-02-27 09:45:10 :: {"id":"29357","date":"2021-02-27","number":"28141","amount":"92134.0000000000","observations":null,"anotation":null,"type":"in","paymentMethod":"","status":"open","bankAccount":{"id":"2","name":"PAYU","type":"bank"},"client":{"id":"10435","name":"Maria Alejandra Noriega Ramirez","phone":"3213436205"},"invoices":[{"id":"28323","number":"30584","date":"2021-02-27","amount":92134,"total":92134,"balance":0}],"costCenter":null,"numberTemplate":{"id":"3","prefix":"","number":"28141","fullNumber":"28141","formattedNumber":"28141"}}
2021-02-27 10:00:21 :: ----------send data payment:28324------------
2021-02-27 10:00:21 :: {"date":"2021-02-27","invoices":[{"amount":"107368","id":"28324"}],"bankAccount":2}
2021-02-27 10:00:23 :: ----------result data payment:28324------------
2021-02-27 10:00:23 :: {"id":"29358","date":"2021-02-27","number":"28142","amount":"107368.0000000000","observations":null,"anotation":null,"type":"in","paymentMethod":"","status":"open","bankAccount":{"id":"2","name":"PAYU","type":"bank"},"client":{"id":"22615","name":"Daniela giraldo","phone":"3107769593"},"invoices":[{"id":"28324","number":"30585","date":"2021-02-27","amount":107368,"total":107371,"balance":3}],"costCenter":null,"numberTemplate":{"id":"3","prefix":"","number":"28142","fullNumber":"28142","formattedNumber":"28142"}}
2021-02-27 10:10:11 :: ----------send data payment:28325------------
2021-02-27 10:10:11 :: {"date":"2021-02-27","invoices":[{"amount":"109653","id":"28325"}],"bankAccount":2}
2021-02-27 10:10:12 :: ----------result data payment:28325------------
2021-02-27 10:10:12 :: {"message":"El monto es mayor que lo que falta por pagar en la factura con n\u00famero 30586","code":4031}
2021-02-27 11:15:09 :: ----------send data payment:28326------------
2021-02-27 11:15:09 :: {"date":"2021-02-27","invoices":[{"amount":"168444","id":"28326"}],"bankAccount":2}
2021-02-27 11:15:10 :: ----------result data payment:28326------------
2021-02-27 11:15:10 :: {"message":"El monto es mayor que lo que falta por pagar en la factura con n\u00famero 30587","code":4031}
2021-02-27 11:45:27 :: ----------send data payment:28327------------
2021-02-27 11:45:27 :: {"date":"2021-02-27","invoices":[{"amount":"80880","id":"28327"}],"bankAccount":2}
2021-02-27 11:45:28 :: ----------result data payment:28327------------
2021-02-27 11:45:28 :: {"message":"El monto es mayor que lo que falta por pagar en la factura con n\u00famero 30588","code":4031}
2021-02-27 11:50:21 :: ----------send data payment:28328------------
2021-02-27 11:50:21 :: {"date":"2021-02-27","invoices":[{"amount":"103751","id":"28328"}],"bankAccount":2}
2021-02-27 11:50:23 :: ----------result data payment:28328------------
2021-02-27 11:50:23 :: {"id":"29359","date":"2021-02-27","number":"28143","amount":"103751.0000000000","observations":null,"anotation":null,"type":"in","paymentMethod":"","status":"open","bankAccount":{"id":"2","name":"PAYU","type":"bank"},"client":{"id":"22617","name":"Mariana R A","phone":"3226247944"},"invoices":[{"id":"28328","number":"30589","date":"2021-02-27","amount":103751,"total":103751,"balance":0}],"costCenter":null,"numberTemplate":{"id":"3","prefix":"","number":"28143","fullNumber":"28143","formattedNumber":"28143"}}
2021-02-27 12:20:15 :: ----------send data payment:28329------------
2021-02-27 12:20:15 :: {"date":"2021-02-27","invoices":[{"amount":"90000","id":"28329"}],"bankAccount":2}
2021-02-27 12:20:17 :: ----------result data payment:28329------------
2021-02-27 12:20:17 :: {"id":"29360","date":"2021-02-27","number":"28144","amount":"90000.0000000000","observations":null,"anotation":null,"type":"in","paymentMethod":"","status":"open","bankAccount":{"id":"2","name":"PAYU","type":"bank"},"client":{"id":"22618","name":"Andrea Rojas Serrano","phone":"3507833078"},"invoices":[{"id":"28329","number":"30590","date":"2021-02-27","amount":90000,"total":90000,"balance":0}],"costCenter":null,"numberTemplate":{"id":"3","prefix":"","number":"28144","fullNumber":"28144","formattedNumber":"28144"}}
2021-02-27 12:20:20 :: ----------send data payment:28330------------
2021-02-27 12:20:20 :: {"date":"2021-02-27","invoices":[{"amount":"93919","id":"28330"}],"bankAccount":2}
2021-02-27 12:20:22 :: ----------result data payment:28330------------
2021-02-27 12:20:22 :: {"id":"29361","date":"2021-02-27","number":"28145","amount":"93919.0000000000","observations":null,"anotation":null,"type":"in","paymentMethod":"","status":"open","bankAccount":{"id":"2","name":"PAYU","type":"bank"},"client":{"id":"22619","name":"Sofia Rey","phone":"3205574390"},"invoices":[{"id":"28330","number":"30591","date":"2021-02-27","amount":93919,"total":93919,"balance":0}],"costCenter":null,"numberTemplate":{"id":"3","prefix":"","number":"28145","fullNumber":"28145","formattedNumber":"28145"}}
2021-02-27 01:50:17 :: ----------send data payment:28331------------
2021-02-27 01:50:17 :: {"date":"2021-02-27","invoices":[{"amount":"128959","id":"28331"}],"bankAccount":2}
2021-02-27 01:50:18 :: ----------result data payment:28331------------
2021-02-27 01:50:18 :: {"message":"El monto es mayor que lo que falta por pagar en la factura con n\u00famero 30592","code":4031}
2021-02-27 02:25:09 :: ----------send data payment:28332------------
2021-02-27 02:25:09 :: {"date":"2021-02-27","invoices":[{"amount":"76325","id":"28332"}],"bankAccount":2}
2021-02-27 02:25:11 :: ----------result data payment:28332------------
2021-02-27 02:25:11 :: {"id":"29362","date":"2021-02-27","number":"28146","amount":"76325.0000000000","observations":null,"anotation":null,"type":"in","paymentMethod":"","status":"open","bankAccount":{"id":"2","name":"PAYU","type":"bank"},"client":{"id":"20973","name":"Alejandra Giraldo","phone":"3215260425"},"invoices":[{"id":"28332","number":"30593","date":"2021-02-27","amount":76325,"total":76325,"balance":0}],"costCenter":null,"numberTemplate":{"id":"3","prefix":"","number":"28146","fullNumber":"28146","formattedNumber":"28146"}}
2021-02-27 02:25:13 :: ----------send data payment:28333------------
2021-02-27 02:25:13 :: {"date":"2021-02-27","invoices":[{"amount":"102236","id":"28333"}],"bankAccount":2}
2021-02-27 02:25:14 :: ----------result data payment:28333------------
2021-02-27 02:25:14 :: {"message":"El monto es mayor que lo que falta por pagar en la factura con n\u00famero 30594","code":4031}
2021-02-27 02:35:11 :: ----------send data payment:28334------------
2021-02-27 02:35:11 :: {"date":"2021-02-27","invoices":[{"amount":"70000","id":"28334"}],"bankAccount":2}
2021-02-27 02:35:13 :: ----------result data payment:28334------------
2021-02-27 02:35:13 :: {"id":"29363","date":"2021-02-27","number":"28147","amount":"70000.0000000000","observations":null,"anotation":null,"type":"in","paymentMethod":"","status":"open","bankAccount":{"id":"2","name":"PAYU","type":"bank"},"client":{"id":"19197","name":"Juliana herrera zapata","phone":"5807269"},"invoices":[{"id":"28334","number":"30595","date":"2021-02-27","amount":70000,"total":70000,"balance":0}],"costCenter":null,"numberTemplate":{"id":"3","prefix":"","number":"28147","fullNumber":"28147","formattedNumber":"28147"}}
2021-02-27 02:35:14 :: ----------send data payment:28335------------
2021-02-27 02:35:14 :: {"date":"2021-02-27","invoices":[{"amount":"86188","id":"28335"}],"bankAccount":2}
2021-02-27 02:35:15 :: ----------result data payment:28335------------
2021-02-27 02:35:15 :: {"id":"29364","date":"2021-02-27","number":"28148","amount":"86188.0000000000","observations":null,"anotation":null,"type":"in","paymentMethod":"","status":"open","bankAccount":{"id":"2","name":"PAYU","type":"bank"},"client":{"id":"8341","name":"Diana Hurtado","phone":"3202067652"},"invoices":[{"id":"28335","number":"30596","date":"2021-02-27","amount":86188,"total":86188,"balance":0}],"costCenter":null,"numberTemplate":{"id":"3","prefix":"","number":"28148","fullNumber":"28148","formattedNumber":"28148"}}
2021-02-27 03:00:31 :: ----------send data payment:28336------------
2021-02-27 03:00:31 :: {"date":"2021-02-27","invoices":[{"amount":"45000","id":"28336"}],"bankAccount":2}
2021-02-27 03:00:32 :: ----------result data payment:28336------------
2021-02-27 03:00:32 :: {"id":"29365","date":"2021-02-27","number":"28149","amount":"45000.0000000000","observations":null,"anotation":null,"type":"in","paymentMethod":"","status":"open","bankAccount":{"id":"2","name":"PAYU","type":"bank"},"client":{"id":"4325","name":"Laura gutierrez","phone":"3208584510"},"invoices":[{"id":"28336","number":"30597","date":"2021-02-27","amount":45000,"total":45000,"balance":0}],"costCenter":null,"numberTemplate":{"id":"3","prefix":"","number":"28149","fullNumber":"28149","formattedNumber":"28149"}}
2021-02-27 03:10:23 :: ----------send data payment:28337------------
2021-02-27 03:10:23 :: {"date":"2021-02-27","invoices":[{"amount":"65000","id":"28337"}],"bankAccount":2}
2021-02-27 03:10:25 :: ----------result data payment:28337------------
2021-02-27 03:10:25 :: {"id":"29366","date":"2021-02-27","number":"28150","amount":"65000.0000000000","observations":null,"anotation":null,"type":"in","paymentMethod":"","status":"open","bankAccount":{"id":"2","name":"PAYU","type":"bank"},"client":{"id":"22621","name":"Leidy Rojas","phone":"3204548254"},"invoices":[{"id":"28337","number":"30598","date":"2021-02-27","amount":65000,"total":65000,"balance":0}],"costCenter":null,"numberTemplate":{"id":"3","prefix":"","number":"28150","fullNumber":"28150","formattedNumber":"28150"}}
2021-02-27 03:20:19 :: ----------send data payment:28338------------
2021-02-27 03:20:19 :: {"date":"2021-02-27","invoices":[{"amount":"60000","id":"28338"}],"bankAccount":2}
2021-02-27 03:20:21 :: ----------result data payment:28338------------
2021-02-27 03:20:21 :: {"id":"29367","date":"2021-02-27","number":"28151","amount":"60000.0000000000","observations":null,"anotation":null,"type":"in","paymentMethod":"","status":"open","bankAccount":{"id":"2","name":"PAYU","type":"bank"},"client":{"id":"22622","name":"camila arroyave ruiz","phone":"3146537492"},"invoices":[{"id":"28338","number":"30599","date":"2021-02-27","amount":60000,"total":60000,"balance":0}],"costCenter":null,"numberTemplate":{"id":"3","prefix":"","number":"28151","fullNumber":"28151","formattedNumber":"28151"}}
2021-02-27 03:30:30 :: ----------send data payment:28339------------
2021-02-27 03:30:30 :: {"date":"2021-02-27","invoices":[{"amount":"90000","id":"28339"}],"bankAccount":2}
2021-02-27 03:30:31 :: ----------result data payment:28339------------
2021-02-27 03:30:31 :: {"id":"29368","date":"2021-02-27","number":"28152","amount":"90000.0000000000","observations":null,"anotation":null,"type":"in","paymentMethod":"","status":"open","bankAccount":{"id":"2","name":"PAYU","type":"bank"},"client":{"id":"22623","name":"Jennifer Cifuentes","phone":"3212624264"},"invoices":[{"id":"28339","number":"30600","date":"2021-02-27","amount":90000,"total":90000,"balance":0}],"costCenter":null,"numberTemplate":{"id":"3","prefix":"","number":"28152","fullNumber":"28152","formattedNumber":"28152"}}
2021-02-27 03:40:22 :: ----------send data payment:28340------------
2021-02-27 03:40:22 :: {"date":"2021-02-27","invoices":[{"amount":"76250","id":"28340"}],"bankAccount":2}
2021-02-27 03:40:23 :: ----------result data payment:28340------------
2021-02-27 03:40:23 :: {"id":"29369","date":"2021-02-27","number":"28153","amount":"76250.0000000000","observations":null,"anotation":null,"type":"in","paymentMethod":"","status":"open","bankAccount":{"id":"2","name":"PAYU","type":"bank"},"client":{"id":"14941","name":"Estefan\u00eda \u00c1lvarez Rold\u00e1n","phone":"3104601234"},"invoices":[{"id":"28340","number":"30601","date":"2021-02-27","amount":76250,"total":76250,"balance":0}],"costCenter":null,"numberTemplate":{"id":"3","prefix":"","number":"28153","fullNumber":"28153","formattedNumber":"28153"}}
2021-02-27 03:50:19 :: ----------send data payment:28341------------
2021-02-27 03:50:19 :: {"date":"2021-02-27","invoices":[{"amount":"118015","id":"28341"}],"bankAccount":2}
2021-02-27 03:50:20 :: ----------result data payment:28341------------
2021-02-27 03:50:20 :: {"id":"29370","date":"2021-02-27","number":"28154","amount":"118015.0000000000","observations":null,"anotation":null,"type":"in","paymentMethod":"","status":"open","bankAccount":{"id":"2","name":"PAYU","type":"bank"},"client":{"id":"22624","name":"Jenny C\u00e1rdenas","phone":"3043805692"},"invoices":[{"id":"28341","number":"30602","date":"2021-02-27","amount":118015,"total":118016,"balance":1}],"costCenter":null,"numberTemplate":{"id":"3","prefix":"","number":"28154","fullNumber":"28154","formattedNumber":"28154"}}
2021-02-27 04:10:12 :: ----------send data payment:28342------------
2021-02-27 04:10:12 :: {"date":"2021-02-27","invoices":[{"amount":"105967","id":"28342"}],"bankAccount":2}
2021-02-27 04:10:13 :: ----------result data payment:28342------------
2021-02-27 04:10:13 :: {"id":"29371","date":"2021-02-27","number":"28155","amount":"105967.0000000000","observations":null,"anotation":null,"type":"in","paymentMethod":"","status":"open","bankAccount":{"id":"2","name":"PAYU","type":"bank"},"client":{"id":"22625","name":"Carolina Villa Moreno","phone":"3145176683"},"invoices":[{"id":"28342","number":"30603","date":"2021-02-27","amount":105967,"total":105970,"balance":3}],"costCenter":null,"numberTemplate":{"id":"3","prefix":"","number":"28155","fullNumber":"28155","formattedNumber":"28155"}}
2021-02-27 04:25:07 :: ----------send data payment:28343------------
2021-02-27 04:25:07 :: {"date":"2021-02-27","invoices":[{"amount":"81499","id":"28343"}],"bankAccount":2}
2021-02-27 04:25:07 :: ----------result data payment:28343------------
2021-02-27 04:25:07 :: {"message":"El monto es mayor que lo que falta por pagar en la factura con n\u00famero 30604","code":4031}
2021-02-27 04:30:24 :: ----------send data payment:28344------------
2021-02-27 04:30:24 :: {"date":"2021-02-27","invoices":[{"amount":"105000","id":"28344"}],"bankAccount":2}
2021-02-27 04:30:25 :: ----------result data payment:28344------------
2021-02-27 04:30:25 :: {"id":"29374","date":"2021-02-27","number":"28156","amount":"105000.0000000000","observations":null,"anotation":null,"type":"in","paymentMethod":"","status":"open","bankAccount":{"id":"2","name":"PAYU","type":"bank"},"client":{"id":"22627","name":"Mariam Kassem","phone":"3205067027"},"invoices":[{"id":"28344","number":"30605","date":"2021-02-27","amount":105000,"total":105000,"balance":0}],"costCenter":null,"numberTemplate":{"id":"3","prefix":"","number":"28156","fullNumber":"28156","formattedNumber":"28156"}}
2021-02-27 05:00:24 :: ----------send data payment:28345------------
2021-02-27 05:00:24 :: {"date":"2021-02-27","invoices":[{"amount":"80250","id":"28345"}],"bankAccount":2}
2021-02-27 05:00:25 :: ----------result data payment:28345------------
2021-02-27 05:00:25 :: {"id":"29375","date":"2021-02-27","number":"28157","amount":"80250.0000000000","observations":null,"anotation":null,"type":"in","paymentMethod":"","status":"open","bankAccount":{"id":"2","name":"PAYU","type":"bank"},"client":{"id":"15998","name":"Diana Marcela Gallego Buitrago","phone":"3127333670"},"invoices":[{"id":"28345","number":"30606","date":"2021-02-27","amount":80250,"total":80250,"balance":0}],"costCenter":null,"numberTemplate":{"id":"3","prefix":"","number":"28157","fullNumber":"28157","formattedNumber":"28157"}}
2021-02-27 05:10:19 :: ----------send data payment:28346------------
2021-02-27 05:10:19 :: {"date":"2021-02-27","invoices":[{"amount":"78839","id":"28346"}],"bankAccount":2}
2021-02-27 05:10:21 :: ----------result data payment:28346------------
2021-02-27 05:10:21 :: {"id":"29376","date":"2021-02-27","number":"28158","amount":"78839.0000000000","observations":null,"anotation":null,"type":"in","paymentMethod":"","status":"open","bankAccount":{"id":"2","name":"PAYU","type":"bank"},"client":{"id":"22628","name":"Mar\u00eda Diaz","phone":"3163970087"},"invoices":[{"id":"28346","number":"30607","date":"2021-02-27","amount":78839,"total":78839,"balance":0}],"costCenter":null,"numberTemplate":{"id":"3","prefix":"","number":"28158","fullNumber":"28158","formattedNumber":"28158"}}
2021-02-27 05:20:22 :: ----------send data payment:28347------------
2021-02-27 05:20:22 :: {"date":"2021-02-27","invoices":[{"amount":"52500","id":"28347"}],"bankAccount":2}
2021-02-27 05:20:23 :: ----------result data payment:28347------------
2021-02-27 05:20:23 :: {"id":"29377","date":"2021-02-27","number":"28159","amount":"52500.0000000000","observations":null,"anotation":null,"type":"in","paymentMethod":"","status":"open","bankAccount":{"id":"2","name":"PAYU","type":"bank"},"client":{"id":"22629","name":"Andrea Parra","phone":"3158624538"},"invoices":[{"id":"28347","number":"30608","date":"2021-02-27","amount":52500,"total":52500,"balance":0}],"costCenter":null,"numberTemplate":{"id":"3","prefix":"","number":"28159","fullNumber":"28159","formattedNumber":"28159"}}
2021-02-27 06:15:09 :: ----------send data payment:28348------------
2021-02-27 06:15:09 :: {"date":"2021-02-27","invoices":[{"amount":"150000","id":"28348"}],"bankAccount":2}
2021-02-27 06:15:10 :: ----------result data payment:28348------------
2021-02-27 06:15:10 :: {"id":"29378","date":"2021-02-27","number":"28160","amount":"150000.0000000000","observations":null,"anotation":null,"type":"in","paymentMethod":"","status":"open","bankAccount":{"id":"2","name":"PAYU","type":"bank"},"client":{"id":"22630","name":"Margarita Ni\u00f1o","phone":"3816953151"},"invoices":[{"id":"28348","number":"30609","date":"2021-02-27","amount":150000,"total":150000,"balance":0}],"costCenter":null,"numberTemplate":{"id":"3","prefix":"","number":"28160","fullNumber":"28160","formattedNumber":"28160"}}
2021-02-27 07:00:16 :: ----------send data payment:28349------------
2021-02-27 07:00:16 :: {"date":"2021-02-27","invoices":[{"amount":"95836","id":"28349"}],"bankAccount":2}
2021-02-27 07:00:17 :: ----------result data payment:28349------------
2021-02-27 07:00:17 :: {"id":"29379","date":"2021-02-27","number":"28161","amount":"95836.0000000000","observations":null,"anotation":null,"type":"in","paymentMethod":"","status":"open","bankAccount":{"id":"2","name":"PAYU","type":"bank"},"client":{"id":"22631","name":"Valeria Martinez Molano","phone":"3185304672"},"invoices":[{"id":"28349","number":"30610","date":"2021-02-27","amount":95836,"total":95838,"balance":2}],"costCenter":null,"numberTemplate":{"id":"3","prefix":"","number":"28161","fullNumber":"28161","formattedNumber":"28161"}}
2021-02-27 07:20:14 :: ----------send data payment:28350------------
2021-02-27 07:20:14 :: {"date":"2021-02-27","invoices":[{"amount":"60000","id":"28350"}],"bankAccount":2}
2021-02-27 07:20:15 :: ----------result data payment:28350------------
2021-02-27 07:20:15 :: {"id":"29380","date":"2021-02-27","number":"28162","amount":"60000.0000000000","observations":null,"anotation":null,"type":"in","paymentMethod":"","status":"open","bankAccount":{"id":"2","name":"PAYU","type":"bank"},"client":{"id":"22632","name":"YESSICA PAOLA RUIZ VALERO","phone":"3232339808"},"invoices":[{"id":"28350","number":"30611","date":"2021-02-27","amount":60000,"total":60000,"balance":0}],"costCenter":null,"numberTemplate":{"id":"3","prefix":"","number":"28162","fullNumber":"28162","formattedNumber":"28162"}}
2021-02-27 08:00:11 :: ----------send data payment:28351------------
2021-02-27 08:00:11 :: {"date":"2021-02-27","invoices":[{"amount":"98009","id":"28351"}],"bankAccount":2}
2021-02-27 08:00:12 :: ----------result data payment:28351------------
2021-02-27 08:00:12 :: {"id":"29381","date":"2021-02-27","number":"28163","amount":"98009.0000000000","observations":null,"anotation":null,"type":"in","paymentMethod":"","status":"open","bankAccount":{"id":"2","name":"PAYU","type":"bank"},"client":{"id":"15020","name":"Mar\u00eda Alejandra Tapia Arrieta","phone":"3215461960"},"invoices":[{"id":"28351","number":"30612","date":"2021-02-27","amount":98009,"total":98009,"balance":0}],"costCenter":null,"numberTemplate":{"id":"3","prefix":"","number":"28163","fullNumber":"28163","formattedNumber":"28163"}}
2021-02-27 08:05:09 :: ----------send data payment:28352------------
2021-02-27 08:05:09 :: {"date":"2021-02-27","invoices":[{"amount":"75638","id":"28352"}],"bankAccount":2}
2021-02-27 08:05:10 :: ----------result data payment:28352------------
2021-02-27 08:05:10 :: {"message":"El monto es mayor que lo que falta por pagar en la factura con n\u00famero 30613","code":4031}
2021-02-27 08:15:07 :: ----------send data payment:28353------------
2021-02-27 08:15:07 :: {"date":"2021-02-27","invoices":[{"amount":"83514","id":"28353"}],"bankAccount":2}
2021-02-27 08:15:08 :: ----------result data payment:28353------------
2021-02-27 08:15:08 :: {"message":"El monto es mayor que lo que falta por pagar en la factura con n\u00famero 30614","code":4031}
2021-02-27 08:50:35 :: ----------send data payment:28354------------
2021-02-27 08:50:35 :: {"date":"2021-02-27","invoices":[{"amount":"90000","id":"28354"}],"bankAccount":2}
2021-02-27 08:50:36 :: ----------result data payment:28354------------
2021-02-27 08:50:36 :: {"id":"29382","date":"2021-02-27","number":"28164","amount":"90000.0000000000","observations":null,"anotation":null,"type":"in","paymentMethod":"","status":"open","bankAccount":{"id":"2","name":"PAYU","type":"bank"},"client":{"id":"22634","name":"Luz Piedad Calderon","phone":"3153241046"},"invoices":[{"id":"28354","number":"30615","date":"2021-02-27","amount":90000,"total":90000,"balance":0}],"costCenter":null,"numberTemplate":{"id":"3","prefix":"","number":"28164","fullNumber":"28164","formattedNumber":"28164"}}
2021-02-27 08:50:37 :: ----------send data payment:28355------------
2021-02-27 08:50:37 :: {"date":"2021-02-27","invoices":[{"amount":"85000","id":"28355"}],"bankAccount":2}
2021-02-27 08:50:38 :: ----------result data payment:28355------------
2021-02-27 08:50:38 :: {"id":"29383","date":"2021-02-27","number":"28165","amount":"85000.0000000000","observations":null,"anotation":null,"type":"in","paymentMethod":"","status":"open","bankAccount":{"id":"2","name":"PAYU","type":"bank"},"client":{"id":"16517","name":"Andrea Quiroga","phone":"3142512926"},"invoices":[{"id":"28355","number":"30616","date":"2021-02-27","amount":85000,"total":85000,"balance":0}],"costCenter":null,"numberTemplate":{"id":"3","prefix":"","number":"28165","fullNumber":"28165","formattedNumber":"28165"}}
2021-02-27 09:05:11 :: ----------send data payment:28356------------
2021-02-27 09:05:11 :: {"date":"2021-02-27","invoices":[{"amount":"73998","id":"28356"}],"bankAccount":2}
2021-02-27 09:05:12 :: ----------result data payment:28356------------
2021-02-27 09:05:12 :: {"id":"29384","date":"2021-02-27","number":"28166","amount":"73998.0000000000","observations":null,"anotation":null,"type":"in","paymentMethod":"","status":"open","bankAccount":{"id":"2","name":"PAYU","type":"bank"},"client":{"id":"22635","name":"Mar\u00eda Andrea Hern\u00e1ndez","phone":"3004997797"},"invoices":[{"id":"28356","number":"30617","date":"2021-02-27","amount":73998,"total":73998,"balance":0}],"costCenter":null,"numberTemplate":{"id":"3","prefix":"","number":"28166","fullNumber":"28166","formattedNumber":"28166"}}
2021-02-27 09:10:23 :: ----------send data payment:28357------------
2021-02-27 09:10:23 :: {"date":"2021-02-27","invoices":[{"amount":"60000","id":"28357"}],"bankAccount":2}
2021-02-27 09:10:24 :: ----------result data payment:28357------------
2021-02-27 09:10:24 :: {"id":"29385","date":"2021-02-27","number":"28167","amount":"60000.0000000000","observations":null,"anotation":null,"type":"in","paymentMethod":"","status":"open","bankAccount":{"id":"2","name":"PAYU","type":"bank"},"client":{"id":"11203","name":"Ale.ramosp@hotmail.com","phone":"3172195860"},"invoices":[{"id":"28357","number":"30618","date":"2021-02-27","amount":60000,"total":60000,"balance":0}],"costCenter":null,"numberTemplate":{"id":"3","prefix":"","number":"28167","fullNumber":"28167","formattedNumber":"28167"}}
2021-02-27 09:20:19 :: ----------send data payment:28358------------
2021-02-27 09:20:19 :: {"date":"2021-02-27","invoices":[{"amount":"90554","id":"28358"}],"bankAccount":2}
2021-02-27 09:20:20 :: ----------result data payment:28358------------
2021-02-27 09:20:20 :: {"id":"29386","date":"2021-02-27","number":"28168","amount":"90554.0000000000","observations":null,"anotation":null,"type":"in","paymentMethod":"","status":"open","bankAccount":{"id":"2","name":"PAYU","type":"bank"},"client":{"id":"21477","name":"Stefany Paz","phone":"3184596217"},"invoices":[{"id":"28358","number":"30619","date":"2021-02-27","amount":90554,"total":90557,"balance":3}],"costCenter":null,"numberTemplate":{"id":"3","prefix":"","number":"28168","fullNumber":"28168","formattedNumber":"28168"}}
2021-02-27 11:05:09 :: ----------send data payment:28359------------
2021-02-27 11:05:09 :: {"date":"2021-02-27","invoices":[{"amount":"51000","id":"28359"}],"bankAccount":2}
2021-02-27 11:05:10 :: ----------result data payment:28359------------
2021-02-27 11:05:10 :: {"id":"29387","date":"2021-02-27","number":"28169","amount":"51000.0000000000","observations":null,"anotation":null,"type":"in","paymentMethod":"","status":"open","bankAccount":{"id":"2","name":"PAYU","type":"bank"},"client":{"id":"22636","name":"Elisabet Sanchez","phone":"3123174538"},"invoices":[{"id":"28359","number":"30620","date":"2021-02-27","amount":51000,"total":51000,"balance":0}],"costCenter":null,"numberTemplate":{"id":"3","prefix":"","number":"28169","fullNumber":"28169","formattedNumber":"28169"}}
2021-02-27 11:10:09 :: ----------send data payment:28360------------
2021-02-27 11:10:09 :: {"date":"2021-02-27","invoices":[{"amount":"90565","id":"28360"}],"bankAccount":2}
2021-02-27 11:10:10 :: ----------result data payment:28360------------
2021-02-27 11:10:10 :: {"id":"29388","date":"2021-02-27","number":"28170","amount":"90565.0000000000","observations":null,"anotation":null,"type":"in","paymentMethod":"","status":"open","bankAccount":{"id":"2","name":"PAYU","type":"bank"},"client":{"id":"21881","name":"Daniela Buitrago","phone":"3014701826"},"invoices":[{"id":"28360","number":"30621","date":"2021-02-27","amount":90565,"total":90565,"balance":0}],"costCenter":null,"numberTemplate":{"id":"3","prefix":"","number":"28170","fullNumber":"28170","formattedNumber":"28170"}}