
2021-10-05 07:24:15 :: ----------send data payment:38733------------
2021-10-05 07:24:15 :: {"date":"2021-10-05","invoices":[{"amount":"260001","id":"38733"}],"bankAccount":2}
2021-10-05 07:24:22 :: ----------result data payment:38733------------
2021-10-05 07:24:22 :: {"id":"40270","date":"2021-10-05","number":"38523","amount":"260001.0000000000","observations":null,"anotation":null,"type":"in","paymentMethod":"","status":"open","bankAccount":{"id":"2","name":"PAYU","type":"bank"},"client":{"id":"30041","name":"Paula Andrea","phone":"3202700868"},"invoices":[{"id":"38733","number":"40994","date":"2021-10-05","amount":260001,"total":260001,"balance":0}],"costCenter":null,"numberTemplate":{"id":"3","prefix":"","number":"38523","fullNumber":"38523","formattedNumber":"38523"}}
2021-10-05 08:48:07 :: ----------send data payment:38734------------
2021-10-05 08:48:07 :: {"date":"2021-10-05","invoices":[{"amount":"49000","id":"38734"}],"bankAccount":2}
2021-10-05 08:48:08 :: ----------result data payment:38734------------
2021-10-05 08:48:08 :: {"id":"40271","date":"2021-10-05","number":"38524","amount":"49000.0000000000","observations":null,"anotation":null,"type":"in","paymentMethod":"","status":"open","bankAccount":{"id":"2","name":"PAYU","type":"bank"},"client":{"id":"30042","name":"wendy leon","phone":"3188834391"},"invoices":[{"id":"38734","number":"40995","date":"2021-10-05","amount":49000,"total":49000,"balance":0}],"costCenter":null,"numberTemplate":{"id":"3","prefix":"","number":"38524","fullNumber":"38524","formattedNumber":"38524"}}
2021-10-05 08:59:07 :: ----------send data payment:38735------------
2021-10-05 08:59:07 :: {"date":"2021-10-05","invoices":[{"amount":"43002","id":"38735"}],"bankAccount":2}
2021-10-05 08:59:09 :: ----------result data payment:38735------------
2021-10-05 08:59:09 :: {"id":"40272","date":"2021-10-05","number":"38525","amount":"43002.0000000000","observations":null,"anotation":null,"type":"in","paymentMethod":"","status":"open","bankAccount":{"id":"2","name":"PAYU","type":"bank"},"client":{"id":"30043","name":"Sara","phone":"3004237331"},"invoices":[{"id":"38735","number":"40996","date":"2021-10-05","amount":43002,"total":43002,"balance":0}],"costCenter":null,"numberTemplate":{"id":"3","prefix":"","number":"38525","fullNumber":"38525","formattedNumber":"38525"}}
2021-10-05 09:35:06 :: ----------send data payment:38737------------
2021-10-05 09:35:06 :: {"date":"2021-10-05","invoices":[{"amount":"60000","id":"38737"}],"bankAccount":2}
2021-10-05 09:35:08 :: ----------result data payment:38737------------
2021-10-05 09:35:08 :: {"id":"40273","date":"2021-10-05","number":"38526","amount":"60000.0000000000","observations":null,"anotation":null,"type":"in","paymentMethod":"","status":"open","bankAccount":{"id":"2","name":"PAYU","type":"bank"},"client":{"id":"30044","name":"Camila Romero","phone":"3102466676"},"invoices":[{"id":"38737","number":"40998","date":"2021-10-05","amount":60000,"total":60000,"balance":0}],"costCenter":null,"numberTemplate":{"id":"3","prefix":"","number":"38526","fullNumber":"38526","formattedNumber":"38526"}}
2021-10-05 09:53:04 :: ----------send data payment:38738------------
2021-10-05 09:53:04 :: {"date":"2021-10-05","invoices":[{"amount":"144350","id":"38738"}],"bankAccount":2}
2021-10-05 09:53:06 :: ----------result data payment:38738------------
2021-10-05 09:53:06 :: {"id":"40274","date":"2021-10-05","number":"38527","amount":"144350.0000000000","observations":null,"anotation":null,"type":"in","paymentMethod":"","status":"open","bankAccount":{"id":"2","name":"PAYU","type":"bank"},"client":{"id":"10943","name":"Tatiana S\u00e1nchez","phone":"3105747000"},"invoices":[{"id":"38738","number":"40999","date":"2021-10-05","amount":144350,"total":144350,"balance":0}],"costCenter":null,"numberTemplate":{"id":"3","prefix":"","number":"38527","fullNumber":"38527","formattedNumber":"38527"}}
2021-10-05 10:04:06 :: ----------send data payment:38739------------
2021-10-05 10:04:06 :: {"date":"2021-10-05","invoices":[{"amount":"26501","id":"38739"}],"bankAccount":2}
2021-10-05 10:04:09 :: ----------result data payment:38739------------
2021-10-05 10:04:09 :: {"id":"40275","date":"2021-10-05","number":"38528","amount":"26501.0000000000","observations":null,"anotation":null,"type":"in","paymentMethod":"","status":"open","bankAccount":{"id":"2","name":"PAYU","type":"bank"},"client":{"id":"30045","name":"wendy luna","phone":"3172336784"},"invoices":[{"id":"38739","number":"41000","date":"2021-10-05","amount":26501,"total":26501,"balance":0}],"costCenter":null,"numberTemplate":{"id":"3","prefix":"","number":"38528","fullNumber":"38528","formattedNumber":"38528"}}
2021-10-05 10:09:05 :: ----------send data payment:38740------------
2021-10-05 10:09:05 :: {"date":"2021-10-05","invoices":[{"amount":"34000","id":"38740"}],"bankAccount":2}
2021-10-05 10:09:08 :: ----------result data payment:38740------------
2021-10-05 10:09:08 :: {"id":"40276","date":"2021-10-05","number":"38529","amount":"34000.0000000000","observations":null,"anotation":null,"type":"in","paymentMethod":"","status":"open","bankAccount":{"id":"2","name":"PAYU","type":"bank"},"client":{"id":"30046","name":"Ang\u00e9lica Castillo","phone":"3203123168"},"invoices":[{"id":"38740","number":"41001","date":"2021-10-05","amount":34000,"total":34000,"balance":0}],"costCenter":null,"numberTemplate":{"id":"3","prefix":"","number":"38529","fullNumber":"38529","formattedNumber":"38529"}}
2021-10-05 10:14:03 :: ----------send data payment:38741------------
2021-10-05 10:14:03 :: {"date":"2021-10-05","invoices":[{"amount":"66000","id":"38741"}],"bankAccount":2}
2021-10-05 10:14:04 :: ----------result data payment:38741------------
2021-10-05 10:14:04 :: {"id":"40277","date":"2021-10-05","number":"38530","amount":"66000.0000000000","observations":null,"anotation":null,"type":"in","paymentMethod":"","status":"open","bankAccount":{"id":"2","name":"PAYU","type":"bank"},"client":{"id":"18718","name":"Enmelly Escobar","phone":"3217769618"},"invoices":[{"id":"38741","number":"41002","date":"2021-10-05","amount":66000,"total":66000,"balance":0}],"costCenter":null,"numberTemplate":{"id":"3","prefix":"","number":"38530","fullNumber":"38530","formattedNumber":"38530"}}
2021-10-05 10:33:41 :: ----------send data payment:38742------------
2021-10-05 10:33:41 :: {"date":"2021-10-05","invoices":[{"amount":"32000","id":"38742"}],"bankAccount":2}
2021-10-05 10:33:43 :: ----------result data payment:38742------------
2021-10-05 10:33:43 :: {"id":"40278","date":"2021-10-05","number":"38531","amount":"32000.0000000000","observations":null,"anotation":null,"type":"in","paymentMethod":"","status":"open","bankAccount":{"id":"2","name":"PAYU","type":"bank"},"client":{"id":"30047","name":"Samantha Yepes","phone":"6001905"},"invoices":[{"id":"38742","number":"41003","date":"2021-10-05","amount":32000,"total":32000,"balance":0}],"costCenter":null,"numberTemplate":{"id":"3","prefix":"","number":"38531","fullNumber":"38531","formattedNumber":"38531"}}
2021-10-05 10:34:08 :: ----------send data payment:38743------------
2021-10-05 10:34:08 :: {"date":"2021-10-05","invoices":[{"amount":"60000","id":"38743"}],"bankAccount":2}
2021-10-05 10:34:10 :: ----------result data payment:38743------------
2021-10-05 10:34:10 :: {"id":"40279","date":"2021-10-05","number":"38532","amount":"60000.0000000000","observations":null,"anotation":null,"type":"in","paymentMethod":"","status":"open","bankAccount":{"id":"2","name":"PAYU","type":"bank"},"client":{"id":"30048","name":"Martha C\u00e1rdenas","phone":"3007268207"},"invoices":[{"id":"38743","number":"41004","date":"2021-10-05","amount":60000,"total":60000,"balance":0}],"costCenter":null,"numberTemplate":{"id":"3","prefix":"","number":"38532","fullNumber":"38532","formattedNumber":"38532"}}
2021-10-05 10:35:08 :: ----------send data payment:38744------------
2021-10-05 10:35:08 :: {"date":"2021-10-05","invoices":[{"amount":"77999","id":"38744"}],"bankAccount":2}
2021-10-05 10:35:10 :: ----------result data payment:38744------------
2021-10-05 10:35:10 :: {"id":"40280","date":"2021-10-05","number":"38533","amount":"77999.0000000000","observations":null,"anotation":null,"type":"in","paymentMethod":"","status":"open","bankAccount":{"id":"2","name":"PAYU","type":"bank"},"client":{"id":"30049","name":"Valentina Henao","phone":"3104525233"},"invoices":[{"id":"38744","number":"41005","date":"2021-10-05","amount":77999,"total":77999,"balance":0}],"costCenter":null,"numberTemplate":{"id":"3","prefix":"","number":"38533","fullNumber":"38533","formattedNumber":"38533"}}
2021-10-05 10:49:08 :: ----------send data payment:38745------------
2021-10-05 10:49:08 :: {"date":"2021-10-05","invoices":[{"amount":"106000","id":"38745"}],"bankAccount":2}
2021-10-05 10:49:09 :: ----------result data payment:38745------------
2021-10-05 10:49:09 :: {"id":"40281","date":"2021-10-05","number":"38534","amount":"106000.0000000000","observations":null,"anotation":null,"type":"in","paymentMethod":"","status":"open","bankAccount":{"id":"2","name":"PAYU","type":"bank"},"client":{"id":"30050","name":"Diana Sof\u00eda Solano Aponte","phone":"3013101306"},"invoices":[{"id":"38745","number":"41006","date":"2021-10-05","amount":106000,"total":106000,"balance":0}],"costCenter":null,"numberTemplate":{"id":"3","prefix":"","number":"38534","fullNumber":"38534","formattedNumber":"38534"}}
2021-10-05 10:54:03 :: ----------send data payment:38746------------
2021-10-05 10:54:03 :: {"date":"2021-10-05","invoices":[{"amount":"70000","id":"38746"}],"bankAccount":2}
2021-10-05 10:54:05 :: ----------result data payment:38746------------
2021-10-05 10:54:05 :: {"id":"40282","date":"2021-10-05","number":"38535","amount":"70000.0000000000","observations":null,"anotation":null,"type":"in","paymentMethod":"","status":"open","bankAccount":{"id":"2","name":"PAYU","type":"bank"},"client":{"id":"15372","name":"Jessica Tiga","phone":"3142844572"},"invoices":[{"id":"38746","number":"41007","date":"2021-10-05","amount":70000,"total":70000,"balance":0}],"costCenter":null,"numberTemplate":{"id":"3","prefix":"","number":"38535","fullNumber":"38535","formattedNumber":"38535"}}
2021-10-05 11:01:10 :: ----------send data payment:38747------------
2021-10-05 11:01:10 :: {"date":"2021-10-05","invoices":[{"amount":"40000","id":"38747"}],"bankAccount":2}
2021-10-05 11:01:11 :: ----------result data payment:38747------------
2021-10-05 11:01:11 :: {"id":"40283","date":"2021-10-05","number":"38536","amount":"40000.0000000000","observations":null,"anotation":null,"type":"in","paymentMethod":"","status":"open","bankAccount":{"id":"2","name":"PAYU","type":"bank"},"client":{"id":"30051","name":"Teresa Asprilla Soto","phone":"3145584901"},"invoices":[{"id":"38747","number":"41008","date":"2021-10-05","amount":40000,"total":40000,"balance":0}],"costCenter":null,"numberTemplate":{"id":"3","prefix":"","number":"38536","fullNumber":"38536","formattedNumber":"38536"}}
2021-10-05 11:15:07 :: ----------send data payment:38749------------
2021-10-05 11:15:07 :: {"date":"2021-10-05","invoices":[{"amount":"45000","id":"38749"}],"bankAccount":2}
2021-10-05 11:15:36 :: ----------result data payment:38749------------
2021-10-05 11:15:36 :: {"message": "Endpoint request timed out"}
2021-10-05 11:17:05 :: ----------send data payment:38750------------
2021-10-05 11:17:05 :: {"date":"2021-10-05","invoices":[{"amount":"70000","id":"38750"}],"bankAccount":2}
2021-10-05 11:17:09 :: ----------result data payment:38750------------
2021-10-05 11:17:09 :: {"id":"40285","date":"2021-10-05","number":"38538","amount":"70000.0000000000","observations":null,"anotation":null,"type":"in","paymentMethod":"","status":"open","bankAccount":{"id":"2","name":"PAYU","type":"bank"},"client":{"id":"30053","name":"Laura Teran","phone":"3244356528"},"invoices":[{"id":"38750","number":"41011","date":"2021-10-05","amount":70000,"total":70000,"balance":0}],"costCenter":null,"numberTemplate":{"id":"3","prefix":"","number":"38538","fullNumber":"38538","formattedNumber":"38538"}}
2021-10-05 11:24:08 :: ----------send data payment:38751------------
2021-10-05 11:24:08 :: {"date":"2021-10-05","invoices":[{"amount":"70000","id":"38751"}],"bankAccount":2}
2021-10-05 11:24:11 :: ----------result data payment:38751------------
2021-10-05 11:24:11 :: {"id":"40286","date":"2021-10-05","number":"38539","amount":"70000.0000000000","observations":null,"anotation":null,"type":"in","paymentMethod":"","status":"open","bankAccount":{"id":"2","name":"PAYU","type":"bank"},"client":{"id":"30054","name":"Valentina CM","phone":"3183467363"},"invoices":[{"id":"38751","number":"41012","date":"2021-10-05","amount":70000,"total":70000,"balance":0}],"costCenter":null,"numberTemplate":{"id":"3","prefix":"","number":"38539","fullNumber":"38539","formattedNumber":"38539"}}
2021-10-05 11:24:12 :: ----------send data payment:38752------------
2021-10-05 11:24:12 :: {"date":"2021-10-05","invoices":[{"amount":"63000","id":"38752"}],"bankAccount":2}
2021-10-05 11:24:14 :: ----------result data payment:38752------------
2021-10-05 11:24:14 :: {"id":"40287","date":"2021-10-05","number":"38540","amount":"63000.0000000000","observations":null,"anotation":null,"type":"in","paymentMethod":"","status":"open","bankAccount":{"id":"2","name":"PAYU","type":"bank"},"client":{"id":"10274","name":"Camila Madrigal","phone":"3104680013"},"invoices":[{"id":"38752","number":"41013","date":"2021-10-05","amount":63000,"total":63000,"balance":0}],"costCenter":null,"numberTemplate":{"id":"3","prefix":"","number":"38540","fullNumber":"38540","formattedNumber":"38540"}}
2021-10-05 11:30:15 :: ----------send data payment:38753------------
2021-10-05 11:30:15 :: {"date":"2021-10-05","invoices":[{"amount":"70000","id":"38753"}],"bankAccount":2}
2021-10-05 11:30:17 :: ----------result data payment:38753------------
2021-10-05 11:30:17 :: {"id":"40288","date":"2021-10-05","number":"38541","amount":"70000.0000000000","observations":null,"anotation":null,"type":"in","paymentMethod":"","status":"open","bankAccount":{"id":"2","name":"PAYU","type":"bank"},"client":{"id":"30055","name":"Carolina Rodriguez","phone":"3223676428"},"invoices":[{"id":"38753","number":"41014","date":"2021-10-05","amount":70000,"total":70000,"balance":0}],"costCenter":null,"numberTemplate":{"id":"3","prefix":"","number":"38541","fullNumber":"38541","formattedNumber":"38541"}}
2021-10-05 11:34:05 :: ----------send data payment:38754------------
2021-10-05 11:34:05 :: {"date":"2021-10-05","invoices":[{"amount":"66000","id":"38754"}],"bankAccount":2}
2021-10-05 11:34:07 :: ----------result data payment:38754------------
2021-10-05 11:34:07 :: {"id":"40289","date":"2021-10-05","number":"38542","amount":"66000.0000000000","observations":null,"anotation":null,"type":"in","paymentMethod":"","status":"open","bankAccount":{"id":"2","name":"PAYU","type":"bank"},"client":{"id":"30056","name":"carolina ni\u00f1o","phone":"3204565879"},"invoices":[{"id":"38754","number":"41015","date":"2021-10-05","amount":66000,"total":66000,"balance":0}],"costCenter":null,"numberTemplate":{"id":"3","prefix":"","number":"38542","fullNumber":"38542","formattedNumber":"38542"}}
2021-10-05 11:38:10 :: ----------send data payment:38755------------
2021-10-05 11:38:10 :: {"date":"2021-10-05","invoices":[{"amount":"84600","id":"38755"}],"bankAccount":2}
2021-10-05 11:38:12 :: ----------result data payment:38755------------
2021-10-05 11:38:12 :: {"id":"40290","date":"2021-10-05","number":"38543","amount":"84600.0000000000","observations":null,"anotation":null,"type":"in","paymentMethod":"","status":"open","bankAccount":{"id":"2","name":"PAYU","type":"bank"},"client":{"id":"30057","name":"Sara Narv\u00e1ez","phone":"3218448988"},"invoices":[{"id":"38755","number":"41016","date":"2021-10-05","amount":84600,"total":84600,"balance":0}],"costCenter":null,"numberTemplate":{"id":"3","prefix":"","number":"38543","fullNumber":"38543","formattedNumber":"38543"}}
2021-10-05 11:39:11 :: ----------send data payment:38756------------
2021-10-05 11:39:11 :: {"date":"2021-10-05","invoices":[{"amount":"131000","id":"38756"}],"bankAccount":2}
2021-10-05 11:39:14 :: ----------result data payment:38756------------
2021-10-05 11:39:14 :: {"id":"40291","date":"2021-10-05","number":"38544","amount":"131000.0000000000","observations":null,"anotation":null,"type":"in","paymentMethod":"","status":"open","bankAccount":{"id":"2","name":"PAYU","type":"bank"},"client":{"id":"30058","name":"Tatiana Cruz","phone":"3183940392"},"invoices":[{"id":"38756","number":"41017","date":"2021-10-05","amount":131000,"total":131000,"balance":0}],"costCenter":null,"numberTemplate":{"id":"3","prefix":"","number":"38544","fullNumber":"38544","formattedNumber":"38544"}}
2021-10-05 11:39:18 :: ----------send data payment:38757------------
2021-10-05 11:39:18 :: {"date":"2021-10-05","invoices":[{"amount":"110000","id":"38757"}],"bankAccount":2}
2021-10-05 11:39:20 :: ----------result data payment:38757------------
2021-10-05 11:39:20 :: {"id":"40292","date":"2021-10-05","number":"38545","amount":"110000.0000000000","observations":null,"anotation":null,"type":"in","paymentMethod":"","status":"open","bankAccount":{"id":"2","name":"PAYU","type":"bank"},"client":{"id":"30059","name":"Angie Vanessa Cu\u00e9llar Giraldo","phone":"3223371037"},"invoices":[{"id":"38757","number":"41018","date":"2021-10-05","amount":110000,"total":110000,"balance":0}],"costCenter":null,"numberTemplate":{"id":"3","prefix":"","number":"38545","fullNumber":"38545","formattedNumber":"38545"}}
2021-10-05 11:50:06 :: ----------send data payment:38758------------
2021-10-05 11:50:06 :: {"date":"2021-10-05","invoices":[{"amount":"117350","id":"38758"}],"bankAccount":2}
2021-10-05 11:50:08 :: ----------result data payment:38758------------
2021-10-05 11:50:08 :: {"id":"40293","date":"2021-10-05","number":"38546","amount":"117350.0000000000","observations":null,"anotation":null,"type":"in","paymentMethod":"","status":"open","bankAccount":{"id":"2","name":"PAYU","type":"bank"},"client":{"id":"28689","name":"Daniela Torres","phone":"3168924119"},"invoices":[{"id":"38758","number":"41019","date":"2021-10-05","amount":117350,"total":117350,"balance":0}],"costCenter":null,"numberTemplate":{"id":"3","prefix":"","number":"38546","fullNumber":"38546","formattedNumber":"38546"}}
2021-10-05 11:55:07 :: ----------send data payment:38759------------
2021-10-05 11:55:07 :: {"date":"2021-10-05","invoices":[{"amount":"40000","id":"38759"}],"bankAccount":2}
2021-10-05 11:55:10 :: ----------result data payment:38759------------
2021-10-05 11:55:10 :: {"id":"40294","date":"2021-10-05","number":"38547","amount":"40000.0000000000","observations":null,"anotation":null,"type":"in","paymentMethod":"","status":"open","bankAccount":{"id":"2","name":"PAYU","type":"bank"},"client":{"id":"30060","name":"Maria Juliana Paredes Acu\u00f1a","phone":"3193939183"},"invoices":[{"id":"38759","number":"41020","date":"2021-10-05","amount":40000,"total":40000,"balance":0}],"costCenter":null,"numberTemplate":{"id":"3","prefix":"","number":"38547","fullNumber":"38547","formattedNumber":"38547"}}
2021-10-05 12:00:07 :: ----------send data payment:38760------------
2021-10-05 12:00:07 :: {"date":"2021-10-05","invoices":[{"amount":"145000","id":"38760"}],"bankAccount":2}
2021-10-05 12:00:10 :: ----------result data payment:38760------------
2021-10-05 12:00:10 :: {"id":"40295","date":"2021-10-05","number":"38548","amount":"145000.0000000000","observations":null,"anotation":null,"type":"in","paymentMethod":"","status":"open","bankAccount":{"id":"2","name":"PAYU","type":"bank"},"client":{"id":"30061","name":"Andrea Campos","phone":"3212815688"},"invoices":[{"id":"38760","number":"41021","date":"2021-10-05","amount":145000,"total":145000,"balance":0}],"costCenter":null,"numberTemplate":{"id":"3","prefix":"","number":"38548","fullNumber":"38548","formattedNumber":"38548"}}
2021-10-05 12:27:06 :: ----------send data payment:38761------------
2021-10-05 12:27:06 :: {"date":"2021-10-05","invoices":[{"amount":"56000","id":"38761"}],"bankAccount":2}
2021-10-05 12:27:09 :: ----------result data payment:38761------------
2021-10-05 12:27:09 :: {"id":"40296","date":"2021-10-05","number":"38549","amount":"56000.0000000000","observations":null,"anotation":null,"type":"in","paymentMethod":"","status":"open","bankAccount":{"id":"2","name":"PAYU","type":"bank"},"client":{"id":"30062","name":"David V\u00e1squez","phone":"3152917259"},"invoices":[{"id":"38761","number":"41022","date":"2021-10-05","amount":56000,"total":56000,"balance":0}],"costCenter":null,"numberTemplate":{"id":"3","prefix":"","number":"38549","fullNumber":"38549","formattedNumber":"38549"}}
2021-10-05 12:34:06 :: ----------send data payment:38762------------
2021-10-05 12:34:06 :: {"date":"2021-10-05","invoices":[{"amount":"80350","id":"38762"}],"bankAccount":2}
2021-10-05 12:34:09 :: ----------result data payment:38762------------
2021-10-05 12:34:09 :: {"id":"40297","date":"2021-10-05","number":"38550","amount":"80350.0000000000","observations":null,"anotation":null,"type":"in","paymentMethod":"","status":"open","bankAccount":{"id":"2","name":"PAYU","type":"bank"},"client":{"id":"11318","name":"Camila Moreno","phone":"3124080804"},"invoices":[{"id":"38762","number":"41023","date":"2021-10-05","amount":80350,"total":80350,"balance":0}],"costCenter":null,"numberTemplate":{"id":"3","prefix":"","number":"38550","fullNumber":"38550","formattedNumber":"38550"}}
2021-10-05 12:38:06 :: ----------send data payment:38763------------
2021-10-05 12:38:06 :: {"date":"2021-10-05","invoices":[{"amount":"71501","id":"38763"}],"bankAccount":2}
2021-10-05 12:38:07 :: ----------result data payment:38763------------
2021-10-05 12:38:07 :: {"id":"40298","date":"2021-10-05","number":"38551","amount":"71501.0000000000","observations":null,"anotation":null,"type":"in","paymentMethod":"","status":"open","bankAccount":{"id":"2","name":"PAYU","type":"bank"},"client":{"id":"16163","name":"Lina Paola Ferro","phone":"3104588296"},"invoices":[{"id":"38763","number":"41024","date":"2021-10-05","amount":71501,"total":71501,"balance":0}],"costCenter":null,"numberTemplate":{"id":"3","prefix":"","number":"38551","fullNumber":"38551","formattedNumber":"38551"}}
2021-10-05 12:43:07 :: ----------send data payment:38764------------
2021-10-05 12:43:07 :: {"date":"2021-10-05","invoices":[{"amount":"73000","id":"38764"}],"bankAccount":2}
2021-10-05 12:43:10 :: ----------result data payment:38764------------
2021-10-05 12:43:10 :: {"id":"40299","date":"2021-10-05","number":"38552","amount":"73000.0000000000","observations":null,"anotation":null,"type":"in","paymentMethod":"","status":"open","bankAccount":{"id":"2","name":"PAYU","type":"bank"},"client":{"id":"30063","name":"camilabahamon.16","phone":"3133875319"},"invoices":[{"id":"38764","number":"41025","date":"2021-10-05","amount":73000,"total":73000,"balance":0}],"costCenter":null,"numberTemplate":{"id":"3","prefix":"","number":"38552","fullNumber":"38552","formattedNumber":"38552"}}
2021-10-05 01:02:06 :: ----------send data payment:38765------------
2021-10-05 01:02:06 :: {"date":"2021-10-05","invoices":[{"amount":"49000","id":"38765"}],"bankAccount":2}
2021-10-05 01:02:08 :: ----------result data payment:38765------------
2021-10-05 01:02:08 :: {"id":"40300","date":"2021-10-05","number":"38553","amount":"49000.0000000000","observations":null,"anotation":null,"type":"in","paymentMethod":"","status":"open","bankAccount":{"id":"2","name":"PAYU","type":"bank"},"client":{"id":"30064","name":"Josel Andre\u00edna Marquez","phone":"3116197646"},"invoices":[{"id":"38765","number":"41026","date":"2021-10-05","amount":49000,"total":49000,"balance":0}],"costCenter":null,"numberTemplate":{"id":"3","prefix":"","number":"38553","fullNumber":"38553","formattedNumber":"38553"}}
2021-10-05 01:19:06 :: ----------send data payment:38766------------
2021-10-05 01:19:06 :: {"date":"2021-10-05","invoices":[{"amount":"149700","id":"38766"}],"bankAccount":2}
2021-10-05 01:19:09 :: ----------result data payment:38766------------
2021-10-05 01:19:09 :: {"id":"40301","date":"2021-10-05","number":"38554","amount":"149700.0000000000","observations":null,"anotation":null,"type":"in","paymentMethod":"","status":"open","bankAccount":{"id":"2","name":"PAYU","type":"bank"},"client":{"id":"8077","name":"Maria Jose Leguizamon Robinson","phone":"+573153041758"},"invoices":[{"id":"38766","number":"41027","date":"2021-10-05","amount":149700,"total":149700,"balance":0}],"costCenter":null,"numberTemplate":{"id":"3","prefix":"","number":"38554","fullNumber":"38554","formattedNumber":"38554"}}
2021-10-05 01:20:05 :: ----------send data payment:38767------------
2021-10-05 01:20:05 :: {"date":"2021-10-05","invoices":[{"amount":"170000","id":"38767"}],"bankAccount":2}
2021-10-05 01:20:07 :: ----------result data payment:38767------------
2021-10-05 01:20:07 :: {"id":"40302","date":"2021-10-05","number":"38555","amount":"170000.0000000000","observations":null,"anotation":null,"type":"in","paymentMethod":"","status":"open","bankAccount":{"id":"2","name":"PAYU","type":"bank"},"client":{"id":"30065","name":"Paula Caranton","phone":"3014591360"},"invoices":[{"id":"38767","number":"41028","date":"2021-10-05","amount":170000,"total":170000,"balance":0}],"costCenter":null,"numberTemplate":{"id":"3","prefix":"","number":"38555","fullNumber":"38555","formattedNumber":"38555"}}
2021-10-05 01:30:08 :: ----------send data payment:38768------------
2021-10-05 01:30:08 :: {"date":"2021-10-05","invoices":[{"amount":"45000","id":"38768"}],"bankAccount":2}
2021-10-05 01:30:10 :: ----------result data payment:38768------------
2021-10-05 01:30:10 :: {"id":"40303","date":"2021-10-05","number":"38556","amount":"45000.0000000000","observations":null,"anotation":null,"type":"in","paymentMethod":"","status":"open","bankAccount":{"id":"2","name":"PAYU","type":"bank"},"client":{"id":"30066","name":"Sara Ram\u00edrez","phone":"3007822484"},"invoices":[{"id":"38768","number":"41029","date":"2021-10-05","amount":45000,"total":45000,"balance":0}],"costCenter":null,"numberTemplate":{"id":"3","prefix":"","number":"38556","fullNumber":"38556","formattedNumber":"38556"}}
2021-10-05 01:31:14 :: ----------send data payment:38769------------
2021-10-05 01:31:14 :: {"date":"2021-10-05","invoices":[{"amount":"168000","id":"38769"}],"bankAccount":2}
2021-10-05 01:31:15 :: ----------result data payment:38769------------
2021-10-05 01:31:15 :: {"id":"40304","date":"2021-10-05","number":"38557","amount":"168000.0000000000","observations":null,"anotation":null,"type":"in","paymentMethod":"","status":"open","bankAccount":{"id":"2","name":"PAYU","type":"bank"},"client":{"id":"30067","name":"Steven Agredo Sanchez","phone":"3215873298"},"invoices":[{"id":"38769","number":"41030","date":"2021-10-05","amount":168000,"total":168000,"balance":0}],"costCenter":null,"numberTemplate":{"id":"3","prefix":"","number":"38557","fullNumber":"38557","formattedNumber":"38557"}}
2021-10-05 01:36:11 :: ----------send data payment:38770------------
2021-10-05 01:36:11 :: {"date":"2021-10-05","invoices":[{"amount":"60000","id":"38770"}],"bankAccount":2}
2021-10-05 01:36:13 :: ----------result data payment:38770------------
2021-10-05 01:36:13 :: {"id":"40305","date":"2021-10-05","number":"38558","amount":"60000.0000000000","observations":null,"anotation":null,"type":"in","paymentMethod":"","status":"open","bankAccount":{"id":"2","name":"PAYU","type":"bank"},"client":{"id":"30068","name":"Lorena ramirez","phone":"3115343959"},"invoices":[{"id":"38770","number":"41031","date":"2021-10-05","amount":60000,"total":60000,"balance":0}],"costCenter":null,"numberTemplate":{"id":"3","prefix":"","number":"38558","fullNumber":"38558","formattedNumber":"38558"}}
2021-10-05 01:38:05 :: ----------send data payment:38771------------
2021-10-05 01:38:05 :: {"date":"2021-10-05","invoices":[{"amount":"70000","id":"38771"}],"bankAccount":2}
2021-10-05 01:38:06 :: ----------result data payment:38771------------
2021-10-05 01:38:06 :: {"id":"40306","date":"2021-10-05","number":"38559","amount":"70000.0000000000","observations":null,"anotation":null,"type":"in","paymentMethod":"","status":"open","bankAccount":{"id":"2","name":"PAYU","type":"bank"},"client":{"id":"30069","name":"Sofi Angel","phone":"3008836316"},"invoices":[{"id":"38771","number":"41032","date":"2021-10-05","amount":70000,"total":70000,"balance":0}],"costCenter":null,"numberTemplate":{"id":"3","prefix":"","number":"38559","fullNumber":"38559","formattedNumber":"38559"}}
2021-10-05 01:51:13 :: ----------send data payment:38772------------
2021-10-05 01:51:13 :: {"date":"2021-10-05","invoices":[{"amount":"70000","id":"38772"}],"bankAccount":2}
2021-10-05 01:51:14 :: ----------result data payment:38772------------
2021-10-05 01:51:14 :: {"id":"40307","date":"2021-10-05","number":"38560","amount":"70000.0000000000","observations":null,"anotation":null,"type":"in","paymentMethod":"","status":"open","bankAccount":{"id":"2","name":"PAYU","type":"bank"},"client":{"id":"30070","name":"Laura Torres","phone":"3103299897"},"invoices":[{"id":"38772","number":"41033","date":"2021-10-05","amount":70000,"total":70000,"balance":0}],"costCenter":null,"numberTemplate":{"id":"3","prefix":"","number":"38560","fullNumber":"38560","formattedNumber":"38560"}}
2021-10-05 01:57:05 :: ----------send data payment:38773------------
2021-10-05 01:57:05 :: {"date":"2021-10-05","invoices":[{"amount":"62500","id":"38773"}],"bankAccount":2}
2021-10-05 01:57:07 :: ----------result data payment:38773------------
2021-10-05 01:57:07 :: {"id":"40308","date":"2021-10-05","number":"38561","amount":"62500.0000000000","observations":null,"anotation":null,"type":"in","paymentMethod":"","status":"open","bankAccount":{"id":"2","name":"PAYU","type":"bank"},"client":{"id":"30071","name":"dayhana ramos","phone":"3166218285"},"invoices":[{"id":"38773","number":"41034","date":"2021-10-05","amount":62500,"total":62500,"balance":0}],"costCenter":null,"numberTemplate":{"id":"3","prefix":"","number":"38561","fullNumber":"38561","formattedNumber":"38561"}}
2021-10-05 02:08:06 :: ----------send data payment:38774------------
2021-10-05 02:08:06 :: {"date":"2021-10-05","invoices":[{"amount":"70000","id":"38774"}],"bankAccount":2}
2021-10-05 02:08:08 :: ----------result data payment:38774------------
2021-10-05 02:08:08 :: {"id":"40309","date":"2021-10-05","number":"38562","amount":"70000.0000000000","observations":null,"anotation":null,"type":"in","paymentMethod":"","status":"open","bankAccount":{"id":"2","name":"PAYU","type":"bank"},"client":{"id":"30072","name":"Llanis Tatiana Trujillo Hernandez","phone":"3227985919"},"invoices":[{"id":"38774","number":"41035","date":"2021-10-05","amount":70000,"total":70000,"balance":0}],"costCenter":null,"numberTemplate":{"id":"3","prefix":"","number":"38562","fullNumber":"38562","formattedNumber":"38562"}}
2021-10-05 02:10:06 :: ----------send data payment:38775------------
2021-10-05 02:10:06 :: {"date":"2021-10-05","invoices":[{"amount":"40000","id":"38775"}],"bankAccount":2}
2021-10-05 02:10:08 :: ----------result data payment:38775------------
2021-10-05 02:10:08 :: {"id":"40310","date":"2021-10-05","number":"38563","amount":"40000.0000000000","observations":null,"anotation":null,"type":"in","paymentMethod":"","status":"open","bankAccount":{"id":"2","name":"PAYU","type":"bank"},"client":{"id":"30073","name":"Sara Triana","phone":"3158095321"},"invoices":[{"id":"38775","number":"41036","date":"2021-10-05","amount":40000,"total":40000,"balance":0}],"costCenter":null,"numberTemplate":{"id":"3","prefix":"","number":"38563","fullNumber":"38563","formattedNumber":"38563"}}
2021-10-05 02:26:14 :: ----------send data payment:38776------------
2021-10-05 02:26:14 :: {"date":"2021-10-05","invoices":[{"amount":"40000","id":"38776"}],"bankAccount":2}
2021-10-05 02:26:16 :: ----------result data payment:38776------------
2021-10-05 02:26:16 :: {"id":"40311","date":"2021-10-05","number":"38564","amount":"40000.0000000000","observations":null,"anotation":null,"type":"in","paymentMethod":"","status":"open","bankAccount":{"id":"2","name":"PAYU","type":"bank"},"client":{"id":"30074","name":"ANGIE CAMILA FLOREZ","phone":"3134439100"},"invoices":[{"id":"38776","number":"41037","date":"2021-10-05","amount":40000,"total":40000,"balance":0}],"costCenter":null,"numberTemplate":{"id":"3","prefix":"","number":"38564","fullNumber":"38564","formattedNumber":"38564"}}
2021-10-05 02:42:11 :: ----------send data payment:38777------------
2021-10-05 02:42:11 :: {"date":"2021-10-05","invoices":[{"amount":"55000","id":"38777"}],"bankAccount":2}
2021-10-05 02:42:13 :: ----------result data payment:38777------------
2021-10-05 02:42:13 :: {"id":"40312","date":"2021-10-05","number":"38565","amount":"55000.0000000000","observations":null,"anotation":null,"type":"in","paymentMethod":"","status":"open","bankAccount":{"id":"2","name":"PAYU","type":"bank"},"client":{"id":"30075","name":"Karen villanueva","phone":"3228159832"},"invoices":[{"id":"38777","number":"41038","date":"2021-10-05","amount":55000,"total":55000,"balance":0}],"costCenter":null,"numberTemplate":{"id":"3","prefix":"","number":"38565","fullNumber":"38565","formattedNumber":"38565"}}
2021-10-05 03:16:12 :: ----------send data payment:38778------------
2021-10-05 03:16:12 :: {"date":"2021-10-05","invoices":[{"amount":"70000","id":"38778"}],"bankAccount":2}
2021-10-05 03:16:16 :: ----------result data payment:38778------------
2021-10-05 03:16:16 :: {"id":"40313","date":"2021-10-05","number":"38566","amount":"70000.0000000000","observations":null,"anotation":null,"type":"in","paymentMethod":"","status":"open","bankAccount":{"id":"2","name":"PAYU","type":"bank"},"client":{"id":"30076","name":"Alejandra Botero","phone":"3102222483"},"invoices":[{"id":"38778","number":"41039","date":"2021-10-05","amount":70000,"total":70000,"balance":0}],"costCenter":null,"numberTemplate":{"id":"3","prefix":"","number":"38566","fullNumber":"38566","formattedNumber":"38566"}}
2021-10-05 03:30:10 :: ----------send data payment:38779------------
2021-10-05 03:30:10 :: {"date":"2021-10-05","invoices":[{"amount":"40000","id":"38779"}],"bankAccount":2}
2021-10-05 03:30:18 :: ----------result data payment:38779------------
2021-10-05 03:30:18 :: {"id":"40314","date":"2021-10-05","number":"38567","amount":"40000.0000000000","observations":null,"anotation":null,"type":"in","paymentMethod":"","status":"open","bankAccount":{"id":"2","name":"PAYU","type":"bank"},"client":{"id":"23603","name":"Sherina Arregoc\u00e9s","phone":"3006353534"},"invoices":[{"id":"38779","number":"41040","date":"2021-10-05","amount":40000,"total":40000,"balance":0}],"costCenter":null,"numberTemplate":{"id":"3","prefix":"","number":"38567","fullNumber":"38567","formattedNumber":"38567"}}
2021-10-05 03:37:20 :: ----------send data payment:38780------------
2021-10-05 03:37:20 :: {"date":"2021-10-05","invoices":[{"amount":"201001","id":"38780"}],"bankAccount":2}
2021-10-05 03:37:35 :: ----------result data payment:38780------------
2021-10-05 03:37:35 :: {"id":"40315","date":"2021-10-05","number":"38568","amount":"201001.0000000000","observations":null,"anotation":null,"type":"in","paymentMethod":"","status":"open","bankAccount":{"id":"2","name":"PAYU","type":"bank"},"client":{"id":"29974","name":"Maye Morales","phone":"3213062379"},"invoices":[{"id":"38780","number":"41041","date":"2021-10-05","amount":201001,"total":201001,"balance":0}],"costCenter":null,"numberTemplate":{"id":"3","prefix":"","number":"38568","fullNumber":"38568","formattedNumber":"38568"}}
2021-10-05 03:41:25 :: ----------send data payment:38781------------
2021-10-05 03:41:25 :: {"date":"2021-10-05","invoices":[{"amount":"70000","id":"38781"}],"bankAccount":2}
2021-10-05 03:41:30 :: ----------result data payment:38781------------
2021-10-05 03:41:30 :: {"id":"40316","date":"2021-10-05","number":"38569","amount":"70000.0000000000","observations":null,"anotation":null,"type":"in","paymentMethod":"","status":"open","bankAccount":{"id":"2","name":"PAYU","type":"bank"},"client":{"id":"30077","name":"Karen Gonzalez","phone":"3106544411"},"invoices":[{"id":"38781","number":"41042","date":"2021-10-05","amount":70000,"total":70000,"balance":0}],"costCenter":null,"numberTemplate":{"id":"3","prefix":"","number":"38569","fullNumber":"38569","formattedNumber":"38569"}}
2021-10-05 03:50:11 :: ----------send data payment:38782------------
2021-10-05 03:50:11 :: {"date":"2021-10-05","invoices":[{"amount":"40000","id":"38782"}],"bankAccount":2}
2021-10-05 03:50:19 :: ----------result data payment:38782------------
2021-10-05 03:50:19 :: {"id":"40317","date":"2021-10-05","number":"38570","amount":"40000.0000000000","observations":null,"anotation":null,"type":"in","paymentMethod":"","status":"open","bankAccount":{"id":"2","name":"PAYU","type":"bank"},"client":{"id":"30078","name":"Paola Torres","phone":"3208996980"},"invoices":[{"id":"38782","number":"41043","date":"2021-10-05","amount":40000,"total":40000,"balance":0}],"costCenter":null,"numberTemplate":{"id":"3","prefix":"","number":"38570","fullNumber":"38570","formattedNumber":"38570"}}
2021-10-05 04:15:38 :: ----------send data payment:38784------------
2021-10-05 04:15:38 :: {"date":"2021-10-05","invoices":[{"amount":"66000","id":"38784"}],"bankAccount":2}
2021-10-05 04:15:40 :: ----------result data payment:38784------------
2021-10-05 04:15:40 :: 
2021-10-05 04:24:28 :: ----------send data payment:38785------------
2021-10-05 04:24:28 :: {"date":"2021-10-05","invoices":[{"amount":"129000","id":"38785"}],"bankAccount":2}
2021-10-05 04:24:29 :: ----------result data payment:38785------------
2021-10-05 04:24:29 :: 
2021-10-05 04:29:21 :: ----------send data payment:38786------------
2021-10-05 04:29:21 :: {"date":"2021-10-05","invoices":[{"amount":"90000","id":"38786"}],"bankAccount":2}
2021-10-05 04:29:31 :: ----------result data payment:38786------------
2021-10-05 04:29:31 :: {"id":"40318","date":"2021-10-05","number":"38571","amount":"90000.0000000000","observations":null,"anotation":null,"type":"in","paymentMethod":"","status":"open","bankAccount":{"id":"2","name":"PAYU","type":"bank"},"client":{"id":"30083","name":"Alejandra Osorio","phone":"3215676558"},"invoices":[{"id":"38786","number":"41047","date":"2021-10-05","amount":90000,"total":90000,"balance":0}],"costCenter":null,"numberTemplate":{"id":"3","prefix":"","number":"38571","fullNumber":"38571","formattedNumber":"38571"}}
2021-10-05 04:39:17 :: ----------send data payment:38787------------
2021-10-05 04:39:17 :: {"date":"2021-10-05","invoices":[{"amount":"140000","id":"38787"}],"bankAccount":2}
2021-10-05 04:39:25 :: ----------result data payment:38787------------
2021-10-05 04:39:25 :: {"id":"40319","date":"2021-10-05","number":"38572","amount":"140000.0000000000","observations":null,"anotation":null,"type":"in","paymentMethod":"","status":"open","bankAccount":{"id":"2","name":"PAYU","type":"bank"},"client":{"id":"26093","name":"Julieth tunjano","phone":"3158334040"},"invoices":[{"id":"38787","number":"41048","date":"2021-10-05","amount":140000,"total":140000,"balance":0}],"costCenter":null,"numberTemplate":{"id":"3","prefix":"","number":"38572","fullNumber":"38572","formattedNumber":"38572"}}
2021-10-05 05:15:33 :: ----------send data payment:38790------------
2021-10-05 05:15:33 :: {"date":"2021-10-05","invoices":[{"amount":"70000","id":"38790"}],"bankAccount":2}
2021-10-05 05:15:39 :: ----------result data payment:38790------------
2021-10-05 05:15:39 :: {"id":"40320","date":"2021-10-05","number":"38573","amount":"70000.0000000000","observations":null,"anotation":null,"type":"in","paymentMethod":"","status":"open","bankAccount":{"id":"2","name":"PAYU","type":"bank"},"client":{"id":"30088","name":"Hellen Abril","phone":"3209604859"},"invoices":[{"id":"38790","number":"41051","date":"2021-10-05","amount":70000,"total":70000,"balance":0}],"costCenter":null,"numberTemplate":{"id":"3","prefix":"","number":"38573","fullNumber":"38573","formattedNumber":"38573"}}
2021-10-05 05:28:44 :: ----------send data payment:38791------------
2021-10-05 05:28:44 :: {"date":"2021-10-05","invoices":[{"amount":"40000","id":"38791"}],"bankAccount":2}
2021-10-05 05:29:00 :: ----------result data payment:38791------------
2021-10-05 05:29:00 :: {"id":"40321","date":"2021-10-05","number":"38574","amount":"40000.0000000000","observations":null,"anotation":null,"type":"in","paymentMethod":"","status":"open","bankAccount":{"id":"2","name":"PAYU","type":"bank"},"client":{"id":"30090","name":"Laura Pati\u00f1o Cadavid","phone":"3178540003"},"invoices":[{"id":"38791","number":"41052","date":"2021-10-05","amount":40000,"total":40000,"balance":0}],"costCenter":null,"numberTemplate":{"id":"3","prefix":"","number":"38574","fullNumber":"38574","formattedNumber":"38574"}}
2021-10-05 05:32:34 :: ----------send data payment:38792------------
2021-10-05 05:32:34 :: {"date":"2021-10-05","invoices":[{"amount":"65000","id":"38792"}],"bankAccount":2}
2021-10-05 05:32:58 :: ----------result data payment:38792------------
2021-10-05 05:32:58 :: {"id":"40322","date":"2021-10-05","number":"38575","amount":"65000.0000000000","observations":null,"anotation":null,"type":"in","paymentMethod":"","status":"open","bankAccount":{"id":"2","name":"PAYU","type":"bank"},"client":{"id":"30091","name":"Diana Tellez","phone":"3235781164"},"invoices":[{"id":"38792","number":"41053","date":"2021-10-05","amount":65000,"total":65000,"balance":0}],"costCenter":null,"numberTemplate":{"id":"3","prefix":"","number":"38575","fullNumber":"38575","formattedNumber":"38575"}}
2021-10-05 05:48:18 :: ----------send data payment:38793------------
2021-10-05 05:48:18 :: {"date":"2021-10-05","invoices":[{"amount":"70000","id":"38793"}],"bankAccount":2}
2021-10-05 05:48:48 :: ----------result data payment:38793------------
2021-10-05 05:48:48 :: {"message": "Endpoint request timed out"}
2021-10-05 05:49:23 :: ----------send data payment:38794------------
2021-10-05 05:49:23 :: {"date":"2021-10-05","invoices":[{"amount":"70000","id":"38794"}],"bankAccount":2}
2021-10-05 05:49:47 :: ----------result data payment:38794------------
2021-10-05 05:49:47 :: {"id":"40325","date":"2021-10-05","number":"38578","amount":"70000.0000000000","observations":null,"anotation":null,"type":"in","paymentMethod":"","status":"open","bankAccount":{"id":"2","name":"PAYU","type":"bank"},"client":{"id":"30087","name":"Daniela Lorenzo","phone":"3106199771"},"invoices":[{"id":"38794","number":"41055","date":"2021-10-05","amount":70000,"total":70000,"balance":0}],"costCenter":null,"numberTemplate":{"id":"3","prefix":"","number":"38578","fullNumber":"38578","formattedNumber":"38578"}}
2021-10-05 05:50:22 :: ----------send data payment:38795------------
2021-10-05 05:50:22 :: {"date":"2021-10-05","invoices":[{"amount":"126000","id":"38795"}],"bankAccount":2}
2021-10-05 05:50:49 :: ----------result data payment:38795------------
2021-10-05 05:50:49 :: {"id":"40326","date":"2021-10-05","number":"38579","amount":"126000.0000000000","observations":null,"anotation":null,"type":"in","paymentMethod":"","status":"open","bankAccount":{"id":"2","name":"PAYU","type":"bank"},"client":{"id":"22847","name":"Sandra Jenny Rojas Cabrera","phone":"3182037688"},"invoices":[{"id":"38795","number":"41056","date":"2021-10-05","amount":126000,"total":126000,"balance":0}],"costCenter":null,"numberTemplate":{"id":"3","prefix":"","number":"38579","fullNumber":"38579","formattedNumber":"38579"}}
2021-10-05 05:51:27 :: ----------send data payment:38796------------
2021-10-05 05:51:27 :: {"date":"2021-10-05","invoices":[{"amount":"30000","id":"38796"}],"bankAccount":2}
2021-10-05 05:51:56 :: ----------result data payment:38796------------
2021-10-05 05:51:56 :: {"message": "Endpoint request timed out"}
2021-10-05 05:54:21 :: ----------send data payment:38798------------
2021-10-05 05:54:21 :: {"date":"2021-10-05","invoices":[{"amount":"72000","id":"38798"}],"bankAccount":2}
2021-10-05 05:54:37 :: ----------result data payment:38798------------
2021-10-05 05:54:37 :: {"id":"40328","date":"2021-10-05","number":"38581","amount":"72000.0000000000","observations":null,"anotation":null,"type":"in","paymentMethod":"","status":"open","bankAccount":{"id":"2","name":"PAYU","type":"bank"},"client":{"id":"30084","name":"Sthepfania tocora","phone":"3188023462"},"invoices":[{"id":"38798","number":"41059","date":"2021-10-05","amount":72000,"total":72000,"balance":0}],"costCenter":null,"numberTemplate":{"id":"3","prefix":"","number":"38581","fullNumber":"38581","formattedNumber":"38581"}}
2021-10-05 05:57:20 :: ----------send data payment:38800------------
2021-10-05 05:57:20 :: {"date":"2021-10-05","invoices":[{"amount":"103052","id":"38800"}],"bankAccount":2}
2021-10-05 05:57:21 :: ----------result data payment:38800------------
2021-10-05 05:57:21 :: 
2021-10-05 05:57:37 :: ----------send data payment:38801------------
2021-10-05 05:57:37 :: {"date":"2021-10-05","invoices":[{"amount":"170000","id":"38801"}],"bankAccount":2}
2021-10-05 05:57:56 :: ----------result data payment:38801------------
2021-10-05 05:57:56 :: {"id":"40329","date":"2021-10-05","number":"38582","amount":"170000.0000000000","observations":null,"anotation":null,"type":"in","paymentMethod":"","status":"open","bankAccount":{"id":"2","name":"PAYU","type":"bank"},"client":{"id":"30086","name":"Juliana zapata","phone":"3015378297"},"invoices":[{"id":"38801","number":"41062","date":"2021-10-05","amount":170000,"total":170000,"balance":0}],"costCenter":null,"numberTemplate":{"id":"3","prefix":"","number":"38582","fullNumber":"38582","formattedNumber":"38582"}}
2021-10-05 06:04:18 :: ----------send data payment:38802------------
2021-10-05 06:04:18 :: {"date":"2021-10-05","invoices":[{"amount":"56000","id":"38802"}],"bankAccount":2}
2021-10-05 06:04:27 :: ----------result data payment:38802------------
2021-10-05 06:04:27 :: {"id":"40330","date":"2021-10-05","number":"38583","amount":"56000.0000000000","observations":null,"anotation":null,"type":"in","paymentMethod":"","status":"open","bankAccount":{"id":"2","name":"PAYU","type":"bank"},"client":{"id":"30093","name":"Hellen Solano","phone":"3148905976"},"invoices":[{"id":"38802","number":"41063","date":"2021-10-05","amount":56000,"total":56000,"balance":0}],"costCenter":null,"numberTemplate":{"id":"3","prefix":"","number":"38583","fullNumber":"38583","formattedNumber":"38583"}}
2021-10-05 06:29:06 :: ----------send data payment:38803------------
2021-10-05 06:29:06 :: {"date":"2021-10-05","invoices":[{"amount":"69999","id":"38803"}],"bankAccount":2}
2021-10-05 06:29:11 :: ----------result data payment:38803------------
2021-10-05 06:29:11 :: {"id":"40331","date":"2021-10-05","number":"38584","amount":"69999.0000000000","observations":null,"anotation":null,"type":"in","paymentMethod":"","status":"open","bankAccount":{"id":"2","name":"PAYU","type":"bank"},"client":{"id":"30094","name":"Geraldine G\u00f3mez Lobo","phone":"3007153146"},"invoices":[{"id":"38803","number":"41064","date":"2021-10-05","amount":69999,"total":69999,"balance":0}],"costCenter":null,"numberTemplate":{"id":"3","prefix":"","number":"38584","fullNumber":"38584","formattedNumber":"38584"}}
2021-10-05 06:55:13 :: ----------send data payment:38804------------
2021-10-05 06:55:13 :: {"date":"2021-10-05","invoices":[{"amount":"74350","id":"38804"}],"bankAccount":2}
2021-10-05 06:55:14 :: ----------result data payment:38804------------
2021-10-05 06:55:14 :: {"id":"40332","date":"2021-10-05","number":"38585","amount":"74350.0000000000","observations":null,"anotation":null,"type":"in","paymentMethod":"","status":"open","bankAccount":{"id":"2","name":"PAYU","type":"bank"},"client":{"id":"30095","name":"Karina bonilla","phone":"3123568906"},"invoices":[{"id":"38804","number":"41065","date":"2021-10-05","amount":74350,"total":74350,"balance":0}],"costCenter":null,"numberTemplate":{"id":"3","prefix":"","number":"38585","fullNumber":"38585","formattedNumber":"38585"}}
2021-10-05 07:05:09 :: ----------send data payment:38805------------
2021-10-05 07:05:09 :: {"date":"2021-10-05","invoices":[{"amount":"49999","id":"38805"}],"bankAccount":2}
2021-10-05 07:05:11 :: ----------result data payment:38805------------
2021-10-05 07:05:11 :: {"id":"40333","date":"2021-10-05","number":"38586","amount":"49999.0000000000","observations":null,"anotation":null,"type":"in","paymentMethod":"","status":"open","bankAccount":{"id":"2","name":"PAYU","type":"bank"},"client":{"id":"30096","name":"Jennifer","phone":"3235452272"},"invoices":[{"id":"38805","number":"41066","date":"2021-10-05","amount":49999,"total":49999,"balance":0}],"costCenter":null,"numberTemplate":{"id":"3","prefix":"","number":"38586","fullNumber":"38586","formattedNumber":"38586"}}
2021-10-05 07:05:14 :: ----------send data payment:38806------------
2021-10-05 07:05:14 :: {"date":"2021-10-05","invoices":[{"amount":"40501","id":"38806"}],"bankAccount":2}
2021-10-05 07:05:16 :: ----------result data payment:38806------------
2021-10-05 07:05:16 :: {"id":"40334","date":"2021-10-05","number":"38587","amount":"40501.0000000000","observations":null,"anotation":null,"type":"in","paymentMethod":"","status":"open","bankAccount":{"id":"2","name":"PAYU","type":"bank"},"client":{"id":"30097","name":"Carolina becerra","phone":"3234690601"},"invoices":[{"id":"38806","number":"41067","date":"2021-10-05","amount":40501,"total":40501,"balance":0}],"costCenter":null,"numberTemplate":{"id":"3","prefix":"","number":"38587","fullNumber":"38587","formattedNumber":"38587"}}
2021-10-05 07:09:08 :: ----------send data payment:38807------------
2021-10-05 07:09:08 :: {"date":"2021-10-05","invoices":[{"amount":"35000","id":"38807"}],"bankAccount":2}
2021-10-05 07:09:09 :: ----------result data payment:38807------------
2021-10-05 07:09:09 :: {"id":"40335","date":"2021-10-05","number":"38588","amount":"35000.0000000000","observations":null,"anotation":null,"type":"in","paymentMethod":"","status":"open","bankAccount":{"id":"2","name":"PAYU","type":"bank"},"client":{"id":"30098","name":"Luisa Fernanda Yassin Ospina","phone":"3116020112"},"invoices":[{"id":"38807","number":"41068","date":"2021-10-05","amount":35000,"total":35000,"balance":0}],"costCenter":null,"numberTemplate":{"id":"3","prefix":"","number":"38588","fullNumber":"38588","formattedNumber":"38588"}}
2021-10-05 07:14:07 :: ----------send data payment:38808------------
2021-10-05 07:14:07 :: {"date":"2021-10-05","invoices":[{"amount":"40000","id":"38808"}],"bankAccount":2}
2021-10-05 07:14:08 :: ----------result data payment:38808------------
2021-10-05 07:14:08 :: {"id":"40336","date":"2021-10-05","number":"38589","amount":"40000.0000000000","observations":null,"anotation":null,"type":"in","paymentMethod":"","status":"open","bankAccount":{"id":"2","name":"PAYU","type":"bank"},"client":{"id":"30099","name":"laura.cor-","phone":"3112593442"},"invoices":[{"id":"38808","number":"41069","date":"2021-10-05","amount":40000,"total":40000,"balance":0}],"costCenter":null,"numberTemplate":{"id":"3","prefix":"","number":"38589","fullNumber":"38589","formattedNumber":"38589"}}
2021-10-05 07:15:05 :: ----------send data payment:38809------------
2021-10-05 07:15:05 :: {"date":"2021-10-05","invoices":[{"amount":"100000","id":"38809"}],"bankAccount":2}
2021-10-05 07:15:07 :: ----------result data payment:38809------------
2021-10-05 07:15:07 :: {"id":"40337","date":"2021-10-05","number":"38590","amount":"100000.0000000000","observations":null,"anotation":null,"type":"in","paymentMethod":"","status":"open","bankAccount":{"id":"2","name":"PAYU","type":"bank"},"client":{"id":"19430","name":"Nayely Altuzarra","phone":"3134921910"},"invoices":[{"id":"38809","number":"41070","date":"2021-10-05","amount":100000,"total":100000,"balance":0}],"costCenter":null,"numberTemplate":{"id":"3","prefix":"","number":"38590","fullNumber":"38590","formattedNumber":"38590"}}
2021-10-05 07:40:07 :: ----------send data payment:38810------------
2021-10-05 07:40:07 :: {"date":"2021-10-05","invoices":[{"amount":"45000","id":"38810"}],"bankAccount":2}
2021-10-05 07:40:08 :: ----------result data payment:38810------------
2021-10-05 07:40:08 :: {"id":"40338","date":"2021-10-05","number":"38591","amount":"45000.0000000000","observations":null,"anotation":null,"type":"in","paymentMethod":"","status":"open","bankAccount":{"id":"2","name":"PAYU","type":"bank"},"client":{"id":"30100","name":"Roxana dairey Materano Reinoza","phone":"3106851153"},"invoices":[{"id":"38810","number":"41071","date":"2021-10-05","amount":45000,"total":45000,"balance":0}],"costCenter":null,"numberTemplate":{"id":"3","prefix":"","number":"38591","fullNumber":"38591","formattedNumber":"38591"}}
2021-10-05 07:43:05 :: ----------send data payment:38811------------
2021-10-05 07:43:05 :: {"date":"2021-10-05","invoices":[{"amount":"60000","id":"38811"}],"bankAccount":2}
2021-10-05 07:43:06 :: ----------result data payment:38811------------
2021-10-05 07:43:06 :: {"id":"40339","date":"2021-10-05","number":"38592","amount":"60000.0000000000","observations":null,"anotation":null,"type":"in","paymentMethod":"","status":"open","bankAccount":{"id":"2","name":"PAYU","type":"bank"},"client":{"id":"30101","name":"Jennifer Maylin Vergara Esquivel","phone":"3002470532"},"invoices":[{"id":"38811","number":"41072","date":"2021-10-05","amount":60000,"total":60000,"balance":0}],"costCenter":null,"numberTemplate":{"id":"3","prefix":"","number":"38592","fullNumber":"38592","formattedNumber":"38592"}}
2021-10-05 07:57:07 :: ----------send data payment:38812------------
2021-10-05 07:57:07 :: {"date":"2021-10-05","invoices":[{"amount":"37000","id":"38812"}],"bankAccount":2}
2021-10-05 07:57:13 :: ----------result data payment:38812------------
2021-10-05 07:57:13 :: {"id":"40340","date":"2021-10-05","number":"38593","amount":"37000.0000000000","observations":null,"anotation":null,"type":"in","paymentMethod":"","status":"open","bankAccount":{"id":"2","name":"PAYU","type":"bank"},"client":{"id":"30102","name":"Yennifer Mej\u00eda","phone":"3136640546"},"invoices":[{"id":"38812","number":"41073","date":"2021-10-05","amount":37000,"total":37000,"balance":0}],"costCenter":null,"numberTemplate":{"id":"3","prefix":"","number":"38593","fullNumber":"38593","formattedNumber":"38593"}}
2021-10-05 08:45:07 :: ----------send data payment:38813------------
2021-10-05 08:45:07 :: {"date":"2021-10-05","invoices":[{"amount":"49600","id":"38813"}],"bankAccount":2}
2021-10-05 08:45:08 :: ----------result data payment:38813------------
2021-10-05 08:45:08 :: {"id":"40341","date":"2021-10-05","number":"38594","amount":"49600.0000000000","observations":null,"anotation":null,"type":"in","paymentMethod":"","status":"open","bankAccount":{"id":"2","name":"PAYU","type":"bank"},"client":{"id":"30103","name":"Estefania Ruiz","phone":"3005731632"},"invoices":[{"id":"38813","number":"41074","date":"2021-10-05","amount":49600,"total":49600,"balance":0}],"costCenter":null,"numberTemplate":{"id":"3","prefix":"","number":"38594","fullNumber":"38594","formattedNumber":"38594"}}
2021-10-05 09:07:04 :: ----------send data payment:38814------------
2021-10-05 09:07:04 :: {"date":"2021-10-05","invoices":[{"amount":"58600","id":"38814"}],"bankAccount":2}
2021-10-05 09:07:06 :: ----------result data payment:38814------------
2021-10-05 09:07:06 :: {"id":"40342","date":"2021-10-05","number":"38595","amount":"58600.0000000000","observations":null,"anotation":null,"type":"in","paymentMethod":"","status":"open","bankAccount":{"id":"2","name":"PAYU","type":"bank"},"client":{"id":"16986","name":"Viviana Moreno","phone":"3196952635"},"invoices":[{"id":"38814","number":"41075","date":"2021-10-05","amount":58600,"total":58600,"balance":0}],"costCenter":null,"numberTemplate":{"id":"3","prefix":"","number":"38595","fullNumber":"38595","formattedNumber":"38595"}}
2021-10-05 09:31:14 :: ----------send data payment:38815------------
2021-10-05 09:31:14 :: {"date":"2021-10-05","invoices":[{"amount":"99999","id":"38815"}],"bankAccount":2}
2021-10-05 09:31:16 :: ----------result data payment:38815------------
2021-10-05 09:31:16 :: {"id":"40343","date":"2021-10-05","number":"38596","amount":"99999.0000000000","observations":null,"anotation":null,"type":"in","paymentMethod":"","status":"open","bankAccount":{"id":"2","name":"PAYU","type":"bank"},"client":{"id":"30104","name":"karinagallego25","phone":"3165314029"},"invoices":[{"id":"38815","number":"41076","date":"2021-10-05","amount":99999,"total":99999,"balance":0}],"costCenter":null,"numberTemplate":{"id":"3","prefix":"","number":"38596","fullNumber":"38596","formattedNumber":"38596"}}
2021-10-05 09:34:06 :: ----------send data payment:38816------------
2021-10-05 09:34:06 :: {"date":"2021-10-05","invoices":[{"amount":"25000","id":"38816"}],"bankAccount":2}
2021-10-05 09:34:07 :: ----------result data payment:38816------------
2021-10-05 09:34:07 :: {"id":"40344","date":"2021-10-05","number":"38597","amount":"25000.0000000000","observations":null,"anotation":null,"type":"in","paymentMethod":"","status":"open","bankAccount":{"id":"2","name":"PAYU","type":"bank"},"client":{"id":"30105","name":"Alejandra Velasco","phone":"3203115624"},"invoices":[{"id":"38816","number":"41077","date":"2021-10-05","amount":25000,"total":25000,"balance":0}],"costCenter":null,"numberTemplate":{"id":"3","prefix":"","number":"38597","fullNumber":"38597","formattedNumber":"38597"}}
2021-10-05 09:41:12 :: ----------send data payment:38817------------
2021-10-05 09:41:12 :: {"date":"2021-10-05","invoices":[{"amount":"55000","id":"38817"}],"bankAccount":2}
2021-10-05 09:41:13 :: ----------result data payment:38817------------
2021-10-05 09:41:13 :: {"id":"40345","date":"2021-10-05","number":"38598","amount":"55000.0000000000","observations":null,"anotation":null,"type":"in","paymentMethod":"","status":"open","bankAccount":{"id":"2","name":"PAYU","type":"bank"},"client":{"id":"30106","name":"Paula Fernanda corzo","phone":"3208083435"},"invoices":[{"id":"38817","number":"41078","date":"2021-10-05","amount":55000,"total":55000,"balance":0}],"costCenter":null,"numberTemplate":{"id":"3","prefix":"","number":"38598","fullNumber":"38598","formattedNumber":"38598"}}
2021-10-05 09:43:05 :: ----------send data payment:38818------------
2021-10-05 09:43:05 :: {"date":"2021-10-05","invoices":[{"amount":"21000","id":"38818"}],"bankAccount":2}
2021-10-05 09:43:06 :: ----------result data payment:38818------------
2021-10-05 09:43:06 :: {"id":"40346","date":"2021-10-05","number":"38599","amount":"21000.0000000000","observations":null,"anotation":null,"type":"in","paymentMethod":"","status":"open","bankAccount":{"id":"2","name":"PAYU","type":"bank"},"client":{"id":"30107","name":"Julieth Fern\u00e1ndez","phone":"3209879975"},"invoices":[{"id":"38818","number":"41079","date":"2021-10-05","amount":21000,"total":21000,"balance":0}],"costCenter":null,"numberTemplate":{"id":"3","prefix":"","number":"38599","fullNumber":"38599","formattedNumber":"38599"}}
2021-10-05 09:51:10 :: ----------send data payment:38819------------
2021-10-05 09:51:10 :: {"date":"2021-10-05","invoices":[{"amount":"70000","id":"38819"}],"bankAccount":2}
2021-10-05 09:51:11 :: ----------result data payment:38819------------
2021-10-05 09:51:11 :: {"id":"40347","date":"2021-10-05","number":"38600","amount":"70000.0000000000","observations":null,"anotation":null,"type":"in","paymentMethod":"","status":"open","bankAccount":{"id":"2","name":"PAYU","type":"bank"},"client":{"id":"30108","name":"Karol S\u00e1nchez","phone":"3152421191"},"invoices":[{"id":"38819","number":"41080","date":"2021-10-05","amount":70000,"total":70000,"balance":0}],"costCenter":null,"numberTemplate":{"id":"3","prefix":"","number":"38600","fullNumber":"38600","formattedNumber":"38600"}}
2021-10-05 09:54:07 :: ----------send data payment:38820------------
2021-10-05 09:54:07 :: {"date":"2021-10-05","invoices":[{"amount":"70000","id":"38820"}],"bankAccount":2}
2021-10-05 09:54:08 :: ----------result data payment:38820------------
2021-10-05 09:54:08 :: {"id":"40348","date":"2021-10-05","number":"38601","amount":"70000.0000000000","observations":null,"anotation":null,"type":"in","paymentMethod":"","status":"open","bankAccount":{"id":"2","name":"PAYU","type":"bank"},"client":{"id":"30109","name":"Natalia Ortiz Avenda\u00f1o","phone":"3127971245"},"invoices":[{"id":"38820","number":"41081","date":"2021-10-05","amount":70000,"total":70000,"balance":0}],"costCenter":null,"numberTemplate":{"id":"3","prefix":"","number":"38601","fullNumber":"38601","formattedNumber":"38601"}}
2021-10-05 10:20:06 :: ----------send data payment:38821------------
2021-10-05 10:20:06 :: {"date":"2021-10-05","invoices":[{"amount":"119999","id":"38821"}],"bankAccount":2}
2021-10-05 10:20:07 :: ----------result data payment:38821------------
2021-10-05 10:20:07 :: {"id":"40349","date":"2021-10-05","number":"38602","amount":"119999.0000000000","observations":null,"anotation":null,"type":"in","paymentMethod":"","status":"open","bankAccount":{"id":"2","name":"PAYU","type":"bank"},"client":{"id":"30110","name":"Estefania Santiago","phone":"3165326433"},"invoices":[{"id":"38821","number":"41082","date":"2021-10-05","amount":119999,"total":119999,"balance":0}],"costCenter":null,"numberTemplate":{"id":"3","prefix":"","number":"38602","fullNumber":"38602","formattedNumber":"38602"}}
2021-10-05 11:22:09 :: ----------send data payment:38822------------
2021-10-05 11:22:09 :: {"date":"2021-10-05","invoices":[{"amount":"50000","id":"38822"}],"bankAccount":2}
2021-10-05 11:22:10 :: ----------result data payment:38822------------
2021-10-05 11:22:10 :: {"id":"40350","date":"2021-10-05","number":"38603","amount":"50000.0000000000","observations":null,"anotation":null,"type":"in","paymentMethod":"","status":"open","bankAccount":{"id":"2","name":"PAYU","type":"bank"},"client":{"id":"30111","name":"Graciela landinez","phone":"3123510778"},"invoices":[{"id":"38822","number":"41083","date":"2021-10-05","amount":50000,"total":50000,"balance":0}],"costCenter":null,"numberTemplate":{"id":"3","prefix":"","number":"38603","fullNumber":"38603","formattedNumber":"38603"}}