
2021-01-26 01:20:08 :: ----------send data payment:26755------------
2021-01-26 01:20:08 :: {"date":"2021-01-26","invoices":[{"amount":"71999","id":"26755"}],"bankAccount":2}
2021-01-26 01:20:09 :: ----------result data payment:26755------------
2021-01-26 01:20:09 :: {"id":"27751","date":"2021-01-26","number":"26606","amount":"71999.0000000000","observations":null,"anotation":null,"type":"in","paymentMethod":"","status":"open","bankAccount":{"id":"2","name":"PAYU","type":"bank"},"client":{"id":"21630","name":"Hanny Jimenez cepeda","phone":"3013148894"},"invoices":[{"id":"26755","number":"29016","date":"2021-01-26","amount":71999,"total":71999,"balance":0}],"costCenter":null,"numberTemplate":{"id":"3","prefix":"","number":"26606"}}
2021-01-26 01:55:07 :: ----------send data payment:26756------------
2021-01-26 01:55:07 :: {"date":"2021-01-26","invoices":[{"amount":"69000","id":"26756"}],"bankAccount":2}
2021-01-26 01:55:08 :: ----------result data payment:26756------------
2021-01-26 01:55:08 :: {"id":"27752","date":"2021-01-26","number":"26607","amount":"69000.0000000000","observations":null,"anotation":null,"type":"in","paymentMethod":"","status":"open","bankAccount":{"id":"2","name":"PAYU","type":"bank"},"client":{"id":"21631","name":"faradiva yurgaky posso","phone":"3142430705"},"invoices":[{"id":"26756","number":"29017","date":"2021-01-26","amount":69000,"total":69000,"balance":0}],"costCenter":null,"numberTemplate":{"id":"3","prefix":"","number":"26607"}}
2021-01-26 02:40:11 :: ----------send data payment:26757------------
2021-01-26 02:40:11 :: {"date":"2021-01-26","invoices":[{"amount":"65001","id":"26757"}],"bankAccount":2}
2021-01-26 02:40:12 :: ----------result data payment:26757------------
2021-01-26 02:40:12 :: {"id":"27753","date":"2021-01-26","number":"26608","amount":"65001.0000000000","observations":null,"anotation":null,"type":"in","paymentMethod":"","status":"open","bankAccount":{"id":"2","name":"PAYU","type":"bank"},"client":{"id":"21632","name":"Maria Fernanda Ram\u00edrez Rueda","phone":"3214463094"},"invoices":[{"id":"26757","number":"29018","date":"2021-01-26","amount":65001,"total":65001,"balance":0}],"costCenter":null,"numberTemplate":{"id":"3","prefix":"","number":"26608"}}
2021-01-26 06:55:10 :: ----------send data payment:26758------------
2021-01-26 06:55:10 :: {"date":"2021-01-26","invoices":[{"amount":"30000","id":"26758"}],"bankAccount":2}
2021-01-26 06:55:13 :: ----------result data payment:26758------------
2021-01-26 06:55:13 :: {"id":"27754","date":"2021-01-26","number":"26609","amount":"30000.0000000000","observations":null,"anotation":null,"type":"in","paymentMethod":"","status":"open","bankAccount":{"id":"2","name":"PAYU","type":"bank"},"client":{"id":"21633","name":"Marce Granda","phone":"3155205644"},"invoices":[{"id":"26758","number":"29019","date":"2021-01-26","amount":30000,"total":30000,"balance":0}],"costCenter":null,"numberTemplate":{"id":"3","prefix":"","number":"26609"}}
2021-01-26 07:00:12 :: ----------send data payment:26759------------
2021-01-26 07:00:12 :: {"date":"2021-01-26","invoices":[{"amount":"48000","id":"26759"}],"bankAccount":2}
2021-01-26 07:00:12 :: ----------result data payment:26759------------
2021-01-26 07:00:12 :: {"id":"27755","date":"2021-01-26","number":"26610","amount":"48000.0000000000","observations":null,"anotation":null,"type":"in","paymentMethod":"","status":"open","bankAccount":{"id":"2","name":"PAYU","type":"bank"},"client":{"id":"21634","name":"Ana Rodriguez","phone":"3115573267"},"invoices":[{"id":"26759","number":"29020","date":"2021-01-26","amount":48000,"total":48000,"balance":0}],"costCenter":null,"numberTemplate":{"id":"3","prefix":"","number":"26610"}}
2021-01-26 07:25:06 :: ----------send data payment:26760------------
2021-01-26 07:25:06 :: {"date":"2021-01-26","invoices":[{"amount":"37455","id":"26760"}],"bankAccount":2}
2021-01-26 07:25:07 :: ----------result data payment:26760------------
2021-01-26 07:25:07 :: {"id":"27756","date":"2021-01-26","number":"26611","amount":"37455.0000000000","observations":null,"anotation":null,"type":"in","paymentMethod":"","status":"open","bankAccount":{"id":"2","name":"PAYU","type":"bank"},"client":{"id":"10359","name":"Camila Acosta","phone":"3123525102"},"invoices":[{"id":"26760","number":"29021","date":"2021-01-26","amount":37455,"total":37455,"balance":0}],"costCenter":null,"numberTemplate":{"id":"3","prefix":"","number":"26611"}}
2021-01-26 09:25:20 :: ----------send data payment:26761------------
2021-01-26 09:25:20 :: {"date":"2021-01-26","invoices":[{"amount":"55000","id":"26761"}],"bankAccount":2}
2021-01-26 09:25:21 :: ----------result data payment:26761------------
2021-01-26 09:25:21 :: {"id":"27757","date":"2021-01-26","number":"26612","amount":"55000.0000000000","observations":null,"anotation":null,"type":"in","paymentMethod":"","status":"open","bankAccount":{"id":"2","name":"PAYU","type":"bank"},"client":{"id":"21635","name":"Vanessa V\u00e1squez","phone":"3117594060"},"invoices":[{"id":"26761","number":"29022","date":"2021-01-26","amount":55000,"total":55000,"balance":0}],"costCenter":null,"numberTemplate":{"id":"3","prefix":"","number":"26612"}}
2021-01-26 09:50:19 :: ----------send data payment:26762------------
2021-01-26 09:50:19 :: {"date":"2021-01-26","invoices":[{"amount":"31501","id":"26762"}],"bankAccount":2}
2021-01-26 09:50:20 :: ----------result data payment:26762------------
2021-01-26 09:50:20 :: {"id":"27758","date":"2021-01-26","number":"26613","amount":"31501.0000000000","observations":null,"anotation":null,"type":"in","paymentMethod":"","status":"open","bankAccount":{"id":"2","name":"PAYU","type":"bank"},"client":{"id":"21636","name":"Alexandra Garc\u00eda","phone":"3202431443"},"invoices":[{"id":"26762","number":"29023","date":"2021-01-26","amount":31501,"total":31501,"balance":0}],"costCenter":null,"numberTemplate":{"id":"3","prefix":"","number":"26613"}}
2021-01-26 10:00:55 :: ----------send data payment:26763------------
2021-01-26 10:00:55 :: {"date":"2021-01-26","invoices":[{"amount":"60000","id":"26763"}],"bankAccount":2}
2021-01-26 10:00:58 :: ----------result data payment:26763------------
2021-01-26 10:00:58 :: {"id":"27759","date":"2021-01-26","number":"26614","amount":"60000.0000000000","observations":null,"anotation":null,"type":"in","paymentMethod":"","status":"open","bankAccount":{"id":"2","name":"PAYU","type":"bank"},"client":{"id":"21637","name":"Alejandra Torres Ram\u00edrez","phone":"3114428269"},"invoices":[{"id":"26763","number":"29024","date":"2021-01-26","amount":60000,"total":60000,"balance":0}],"costCenter":null,"numberTemplate":{"id":"3","prefix":"","number":"26614"}}
2021-01-26 10:15:15 :: ----------send data payment:26764------------
2021-01-26 10:15:15 :: {"date":"2021-01-26","invoices":[{"amount":"26000","id":"26764"}],"bankAccount":2}
2021-01-26 10:15:16 :: ----------result data payment:26764------------
2021-01-26 10:15:16 :: {"id":"27760","date":"2021-01-26","number":"26615","amount":"26000.0000000000","observations":null,"anotation":null,"type":"in","paymentMethod":"","status":"open","bankAccount":{"id":"2","name":"PAYU","type":"bank"},"client":{"id":"21638","name":"Valentina Doncel","phone":"3163287567"},"invoices":[{"id":"26764","number":"29025","date":"2021-01-26","amount":26000,"total":26000,"balance":0}],"costCenter":null,"numberTemplate":{"id":"3","prefix":"","number":"26615"}}
2021-01-26 10:30:10 :: ----------send data payment:26765------------
2021-01-26 10:30:10 :: {"date":"2021-01-26","invoices":[{"amount":"144999","id":"26765"}],"bankAccount":2}
2021-01-26 10:30:12 :: ----------result data payment:26765------------
2021-01-26 10:30:12 :: {"id":"27761","date":"2021-01-26","number":"26616","amount":"144999.0000000000","observations":null,"anotation":null,"type":"in","paymentMethod":"","status":"open","bankAccount":{"id":"2","name":"PAYU","type":"bank"},"client":{"id":"21639","name":"MARGARITA SILVA FORERO","phone":"3142979572"},"invoices":[{"id":"26765","number":"29026","date":"2021-01-26","amount":144999,"total":144999,"balance":0}],"costCenter":null,"numberTemplate":{"id":"3","prefix":"","number":"26616"}}
2021-01-26 11:45:22 :: ----------send data payment:26766------------
2021-01-26 11:45:22 :: {"date":"2021-01-26","invoices":[{"amount":"41790","id":"26766"}],"bankAccount":2}
2021-01-26 11:45:23 :: ----------result data payment:26766------------
2021-01-26 11:45:23 :: {"id":"27762","date":"2021-01-26","number":"26617","amount":"41790.0000000000","observations":null,"anotation":null,"type":"in","paymentMethod":"","status":"open","bankAccount":{"id":"2","name":"PAYU","type":"bank"},"client":{"id":"19610","name":"Natalia Correa","phone":"3132261496"},"invoices":[{"id":"26766","number":"29027","date":"2021-01-26","amount":41790,"total":41790,"balance":0}],"costCenter":null,"numberTemplate":{"id":"3","prefix":"","number":"26617"}}
2021-01-26 12:30:17 :: ----------send data payment:26767------------
2021-01-26 12:30:17 :: {"date":"2021-01-26","invoices":[{"amount":"90000","id":"26767"}],"bankAccount":2}
2021-01-26 12:30:19 :: ----------result data payment:26767------------
2021-01-26 12:30:19 :: {"id":"27763","date":"2021-01-26","number":"26618","amount":"90000.0000000000","observations":null,"anotation":null,"type":"in","paymentMethod":"","status":"open","bankAccount":{"id":"2","name":"PAYU","type":"bank"},"client":{"id":"21640","name":"Andrea Juliana","phone":"3106808663"},"invoices":[{"id":"26767","number":"29028","date":"2021-01-26","amount":90000,"total":90000,"balance":0}],"costCenter":null,"numberTemplate":{"id":"3","prefix":"","number":"26618"}}
2021-01-26 01:00:10 :: ----------send data payment:26768------------
2021-01-26 01:00:10 :: {"date":"2021-01-26","invoices":[{"amount":"30000","id":"26768"}],"bankAccount":2}
2021-01-26 01:00:11 :: ----------result data payment:26768------------
2021-01-26 01:00:11 :: {"id":"27764","date":"2021-01-26","number":"26619","amount":"30000.0000000000","observations":null,"anotation":null,"type":"in","paymentMethod":"","status":"open","bankAccount":{"id":"2","name":"PAYU","type":"bank"},"client":{"id":"21641","name":"Wendy Rivas","phone":"3124540847"},"invoices":[{"id":"26768","number":"29029","date":"2021-01-26","amount":30000,"total":30000,"balance":0}],"costCenter":null,"numberTemplate":{"id":"3","prefix":"","number":"26619"}}
2021-01-26 01:05:16 :: ----------send data payment:26769------------
2021-01-26 01:05:16 :: {"date":"2021-01-26","invoices":[{"amount":"38899","id":"26769"}],"bankAccount":2}
2021-01-26 01:05:17 :: ----------result data payment:26769------------
2021-01-26 01:05:17 :: {"id":"27765","date":"2021-01-26","number":"26620","amount":"38899.0000000000","observations":null,"anotation":null,"type":"in","paymentMethod":"","status":"open","bankAccount":{"id":"2","name":"PAYU","type":"bank"},"client":{"id":"3860","name":"Karen Luc\u00eda S\u00e1nchez","phone":"3112437659"},"invoices":[{"id":"26769","number":"29030","date":"2021-01-26","amount":38899,"total":38899,"balance":0}],"costCenter":null,"numberTemplate":{"id":"3","prefix":"","number":"26620"}}
2021-01-26 01:20:12 :: ----------send data payment:26770------------
2021-01-26 01:20:12 :: {"date":"2021-01-26","invoices":[{"amount":"130001","id":"26770"}],"bankAccount":2}
2021-01-26 01:20:13 :: ----------result data payment:26770------------
2021-01-26 01:20:13 :: {"id":"27766","date":"2021-01-26","number":"26621","amount":"130001.0000000000","observations":null,"anotation":null,"type":"in","paymentMethod":"","status":"open","bankAccount":{"id":"2","name":"PAYU","type":"bank"},"client":{"id":"21642","name":"Lina Fern\u00e1ndez","phone":"3102245861"},"invoices":[{"id":"26770","number":"29031","date":"2021-01-26","amount":130001,"total":130001,"balance":0}],"costCenter":null,"numberTemplate":{"id":"3","prefix":"","number":"26621"}}
2021-01-26 01:50:14 :: ----------send data payment:26771------------
2021-01-26 01:50:14 :: {"date":"2021-01-26","invoices":[{"amount":"30000","id":"26771"}],"bankAccount":2}
2021-01-26 01:50:16 :: ----------result data payment:26771------------
2021-01-26 01:50:16 :: {"id":"27767","date":"2021-01-26","number":"26622","amount":"30000.0000000000","observations":null,"anotation":null,"type":"in","paymentMethod":"","status":"open","bankAccount":{"id":"2","name":"PAYU","type":"bank"},"client":{"id":"21643","name":"Yesica Alarcon","phone":"3153408108"},"invoices":[{"id":"26771","number":"29032","date":"2021-01-26","amount":30000,"total":30000,"balance":0}],"costCenter":null,"numberTemplate":{"id":"3","prefix":"","number":"26622"}}
2021-01-26 01:55:10 :: ----------send data payment:26772------------
2021-01-26 01:55:10 :: {"date":"2021-01-26","invoices":[{"amount":"88001","id":"26772"}],"bankAccount":2}
2021-01-26 01:55:12 :: ----------result data payment:26772------------
2021-01-26 01:55:12 :: {"id":"27768","date":"2021-01-26","number":"26623","amount":"88001.0000000000","observations":null,"anotation":null,"type":"in","paymentMethod":"","status":"open","bankAccount":{"id":"2","name":"PAYU","type":"bank"},"client":{"id":"5986","name":"Luisa Torres","phone":"3043335450"},"invoices":[{"id":"26772","number":"29033","date":"2021-01-26","amount":88001,"total":88001,"balance":0}],"costCenter":null,"numberTemplate":{"id":"3","prefix":"","number":"26623"}}
2021-01-26 02:00:54 :: ----------send data payment:26773------------
2021-01-26 02:00:54 :: {"date":"2021-01-26","invoices":[{"amount":"67000","id":"26773"}],"bankAccount":2}
2021-01-26 02:00:57 :: ----------result data payment:26773------------
2021-01-26 02:00:57 :: {"id":"27769","date":"2021-01-26","number":"26624","amount":"67000.0000000000","observations":null,"anotation":null,"type":"in","paymentMethod":"","status":"open","bankAccount":{"id":"2","name":"PAYU","type":"bank"},"client":{"id":"21644","name":"Mary Duran","phone":"3136644559"},"invoices":[{"id":"26773","number":"29034","date":"2021-01-26","amount":67000,"total":67000,"balance":0}],"costCenter":null,"numberTemplate":{"id":"3","prefix":"","number":"26624"}}
2021-01-26 02:55:07 :: ----------send data payment:26774------------
2021-01-26 02:55:07 :: {"date":"2021-01-26","invoices":[{"amount":"67077","id":"26774"}],"bankAccount":2}
2021-01-26 02:55:08 :: ----------result data payment:26774------------
2021-01-26 02:55:08 :: {"id":"27770","date":"2021-01-26","number":"26625","amount":"67077.0000000000","observations":null,"anotation":null,"type":"in","paymentMethod":"","status":"open","bankAccount":{"id":"2","name":"PAYU","type":"bank"},"client":{"id":"11341","name":"Carolina Torres","phone":"3004557753"},"invoices":[{"id":"26774","number":"29035","date":"2021-01-26","amount":67077,"total":67077,"balance":0}],"costCenter":null,"numberTemplate":{"id":"3","prefix":"","number":"26625"}}
2021-01-26 03:40:14 :: ----------send data payment:26775------------
2021-01-26 03:40:14 :: {"date":"2021-01-26","invoices":[{"amount":"45000","id":"26775"}],"bankAccount":2}
2021-01-26 03:40:17 :: ----------result data payment:26775------------
2021-01-26 03:40:17 :: {"id":"27771","date":"2021-01-26","number":"26626","amount":"45000.0000000000","observations":null,"anotation":null,"type":"in","paymentMethod":"","status":"open","bankAccount":{"id":"2","name":"PAYU","type":"bank"},"client":{"id":"14074","name":"Indira Echavez","phone":"3017316955"},"invoices":[{"id":"26775","number":"29036","date":"2021-01-26","amount":45000,"total":45000,"balance":0}],"costCenter":null,"numberTemplate":{"id":"3","prefix":"","number":"26626"}}
2021-01-26 03:50:17 :: ----------send data payment:26776------------
2021-01-26 03:50:17 :: {"date":"2021-01-26","invoices":[{"amount":"88000","id":"26776"}],"bankAccount":2}
2021-01-26 03:50:19 :: ----------result data payment:26776------------
2021-01-26 03:50:19 :: {"id":"27772","date":"2021-01-26","number":"26627","amount":"88000.0000000000","observations":null,"anotation":null,"type":"in","paymentMethod":"","status":"open","bankAccount":{"id":"2","name":"PAYU","type":"bank"},"client":{"id":"16820","name":"Stefanny Arcila","phone":"3202907990"},"invoices":[{"id":"26776","number":"29037","date":"2021-01-26","amount":88000,"total":88000,"balance":0}],"costCenter":null,"numberTemplate":{"id":"3","prefix":"","number":"26627"}}
2021-01-26 04:05:30 :: ----------send data payment:26777------------
2021-01-26 04:05:30 :: {"date":"2021-01-26","invoices":[{"amount":"53349","id":"26777"}],"bankAccount":2}
2021-01-26 04:05:32 :: ----------result data payment:26777------------
2021-01-26 04:05:32 :: {"id":"27773","date":"2021-01-26","number":"26628","amount":"53349.0000000000","observations":null,"anotation":null,"type":"in","paymentMethod":"","status":"open","bankAccount":{"id":"2","name":"PAYU","type":"bank"},"client":{"id":"17157","name":"Erika yaneth sastoque","phone":"3112164943"},"invoices":[{"id":"26777","number":"29038","date":"2021-01-26","amount":53349,"total":53349,"balance":0}],"costCenter":null,"numberTemplate":{"id":"3","prefix":"","number":"26628"}}
2021-01-26 04:45:10 :: ----------send data payment:26778------------
2021-01-26 04:45:10 :: {"date":"2021-01-26","invoices":[{"amount":"170001","id":"26778"}],"bankAccount":2}
2021-01-26 04:45:11 :: ----------result data payment:26778------------
2021-01-26 04:45:11 :: {"id":"27774","date":"2021-01-26","number":"26629","amount":"170001.0000000000","observations":null,"anotation":null,"type":"in","paymentMethod":"","status":"open","bankAccount":{"id":"2","name":"PAYU","type":"bank"},"client":{"id":"21645","name":"Cristian Restrepo","phone":"3134120131"},"invoices":[{"id":"26778","number":"29039","date":"2021-01-26","amount":170001,"total":170001,"balance":0}],"costCenter":null,"numberTemplate":{"id":"3","prefix":"","number":"26629"}}
2021-01-26 05:10:20 :: ----------send data payment:26779------------
2021-01-26 05:10:20 :: {"date":"2021-01-26","invoices":[{"amount":"120000","id":"26779"}],"bankAccount":2}
2021-01-26 05:10:21 :: ----------result data payment:26779------------
2021-01-26 05:10:21 :: {"id":"27775","date":"2021-01-26","number":"26630","amount":"120000.0000000000","observations":null,"anotation":null,"type":"in","paymentMethod":"","status":"open","bankAccount":{"id":"2","name":"PAYU","type":"bank"},"client":{"id":"21646","name":"Luisa Geraldine","phone":"3126640106"},"invoices":[{"id":"26779","number":"29040","date":"2021-01-26","amount":120000,"total":120000,"balance":0}],"costCenter":null,"numberTemplate":{"id":"3","prefix":"","number":"26630"}}
2021-01-26 05:20:12 :: ----------send data payment:26780------------
2021-01-26 05:20:12 :: {"date":"2021-01-26","invoices":[{"amount":"136774","id":"26780"}],"bankAccount":2}
2021-01-26 05:20:13 :: ----------result data payment:26780------------
2021-01-26 05:20:13 :: {"id":"27776","date":"2021-01-26","number":"26631","amount":"136774.0000000000","observations":null,"anotation":null,"type":"in","paymentMethod":"","status":"open","bankAccount":{"id":"2","name":"PAYU","type":"bank"},"client":{"id":"20138","name":"Olga Alejandra Hernandez Hernandez","phone":"3155828144"},"invoices":[{"id":"26780","number":"29041","date":"2021-01-26","amount":136774,"total":136774,"balance":0}],"costCenter":null,"numberTemplate":{"id":"3","prefix":"","number":"26631"}}
2021-01-26 06:45:10 :: ----------send data payment:26781------------
2021-01-26 06:45:10 :: {"date":"2021-01-26","invoices":[{"amount":"117999","id":"26781"}],"bankAccount":2}
2021-01-26 06:45:12 :: ----------result data payment:26781------------
2021-01-26 06:45:12 :: {"id":"27777","date":"2021-01-26","number":"26632","amount":"117999.0000000000","observations":null,"anotation":null,"type":"in","paymentMethod":"","status":"open","bankAccount":{"id":"2","name":"PAYU","type":"bank"},"client":{"id":"21647","name":"Johanna Vera","phone":"3183848965"},"invoices":[{"id":"26781","number":"29042","date":"2021-01-26","amount":117999,"total":117999,"balance":0}],"costCenter":null,"numberTemplate":{"id":"3","prefix":"","number":"26632"}}
2021-01-26 06:45:14 :: ----------send data payment:26782------------
2021-01-26 06:45:14 :: {"date":"2021-01-26","invoices":[{"amount":"90001","id":"26782"}],"bankAccount":2}
2021-01-26 06:45:15 :: ----------result data payment:26782------------
2021-01-26 06:45:15 :: {"id":"27778","date":"2021-01-26","number":"26633","amount":"90001.0000000000","observations":null,"anotation":null,"type":"in","paymentMethod":"","status":"open","bankAccount":{"id":"2","name":"PAYU","type":"bank"},"client":{"id":"21477","name":"Stefany Paz","phone":"3184596217"},"invoices":[{"id":"26782","number":"29043","date":"2021-01-26","amount":90001,"total":90001,"balance":0}],"costCenter":null,"numberTemplate":{"id":"3","prefix":"","number":"26633"}}
2021-01-26 07:10:12 :: ----------send data payment:26783------------
2021-01-26 07:10:12 :: {"date":"2021-01-26","invoices":[{"amount":"150000","id":"26783"}],"bankAccount":2}
2021-01-26 07:10:13 :: ----------result data payment:26783------------
2021-01-26 07:10:13 :: {"id":"27779","date":"2021-01-26","number":"26634","amount":"150000.0000000000","observations":null,"anotation":null,"type":"in","paymentMethod":"","status":"open","bankAccount":{"id":"2","name":"PAYU","type":"bank"},"client":{"id":"513","name":"Daniela Roca Chahin","phone":"3043768045"},"invoices":[{"id":"26783","number":"29044","date":"2021-01-26","amount":150000,"total":150000,"balance":0}],"costCenter":null,"numberTemplate":{"id":"3","prefix":"","number":"26634"}}
2021-01-26 07:55:07 :: ----------send data payment:26784------------
2021-01-26 07:55:07 :: {"date":"2021-01-26","invoices":[{"amount":"55515","id":"26784"}],"bankAccount":2}
2021-01-26 07:55:08 :: ----------result data payment:26784------------
2021-01-26 07:55:08 :: {"id":"27780","date":"2021-01-26","number":"26635","amount":"55515.0000000000","observations":null,"anotation":null,"type":"in","paymentMethod":"","status":"open","bankAccount":{"id":"2","name":"PAYU","type":"bank"},"client":{"id":"8037","name":"Mar\u00eda Cristina Hoyos","phone":"+573206770649"},"invoices":[{"id":"26784","number":"29045","date":"2021-01-26","amount":55515,"total":55515,"balance":0}],"costCenter":null,"numberTemplate":{"id":"3","prefix":"","number":"26635"}}
2021-01-26 08:20:08 :: ----------send data payment:26785------------
2021-01-26 08:20:08 :: {"date":"2021-01-26","invoices":[{"amount":"131739","id":"26785"}],"bankAccount":2}
2021-01-26 08:20:09 :: ----------result data payment:26785------------
2021-01-26 08:20:09 :: {"id":"27781","date":"2021-01-26","number":"26636","amount":"131739.0000000000","observations":null,"anotation":null,"type":"in","paymentMethod":"","status":"open","bankAccount":{"id":"2","name":"PAYU","type":"bank"},"client":{"id":"19700","name":"Mar\u00eda Alejandra Zambrano Hern\u00e1ndez","phone":"3232225574"},"invoices":[{"id":"26785","number":"29046","date":"2021-01-26","amount":131739,"total":131739,"balance":0}],"costCenter":null,"numberTemplate":{"id":"3","prefix":"","number":"26636"}}
2021-01-26 08:30:12 :: ----------send data payment:26786------------
2021-01-26 08:30:12 :: {"date":"2021-01-26","invoices":[{"amount":"113000","id":"26786"}],"bankAccount":2}
2021-01-26 08:30:14 :: ----------result data payment:26786------------
2021-01-26 08:30:14 :: {"id":"27782","date":"2021-01-26","number":"26637","amount":"113000.0000000000","observations":null,"anotation":null,"type":"in","paymentMethod":"","status":"open","bankAccount":{"id":"2","name":"PAYU","type":"bank"},"client":{"id":"18270","name":"Laura Chacon","phone":"3202338713"},"invoices":[{"id":"26786","number":"29047","date":"2021-01-26","amount":113000,"total":113000,"balance":0}],"costCenter":null,"numberTemplate":{"id":"3","prefix":"","number":"26637"}}
2021-01-26 09:15:10 :: ----------send data payment:26787------------
2021-01-26 09:15:10 :: {"date":"2021-01-26","invoices":[{"amount":"30000","id":"26787"}],"bankAccount":2}
2021-01-26 09:15:11 :: ----------result data payment:26787------------
2021-01-26 09:15:11 :: {"id":"27783","date":"2021-01-26","number":"26638","amount":"30000.0000000000","observations":null,"anotation":null,"type":"in","paymentMethod":"","status":"open","bankAccount":{"id":"2","name":"PAYU","type":"bank"},"client":{"id":"21648","name":"karent lizeth roa barriga","phone":"3157312683"},"invoices":[{"id":"26787","number":"29048","date":"2021-01-26","amount":30000,"total":30000,"balance":0}],"costCenter":null,"numberTemplate":{"id":"3","prefix":"","number":"26638"}}
2021-01-26 09:30:16 :: ----------send data payment:26788------------
2021-01-26 09:30:16 :: {"date":"2021-01-26","invoices":[{"amount":"30000","id":"26788"}],"bankAccount":2}
2021-01-26 09:30:17 :: ----------result data payment:26788------------
2021-01-26 09:30:17 :: {"id":"27784","date":"2021-01-26","number":"26639","amount":"30000.0000000000","observations":null,"anotation":null,"type":"in","paymentMethod":"","status":"open","bankAccount":{"id":"2","name":"PAYU","type":"bank"},"client":{"id":"21649","name":"Claudia Rinc\u00f3n","phone":"3209362827"},"invoices":[{"id":"26788","number":"29049","date":"2021-01-26","amount":30000,"total":30000,"balance":0}],"costCenter":null,"numberTemplate":{"id":"3","prefix":"","number":"26639"}}
2021-01-26 09:55:19 :: ----------send data payment:26789------------
2021-01-26 09:55:19 :: {"date":"2021-01-26","invoices":[{"amount":"60500","id":"26789"}],"bankAccount":2}
2021-01-26 09:55:20 :: ----------result data payment:26789------------
2021-01-26 09:55:20 :: {"id":"27785","date":"2021-01-26","number":"26640","amount":"60500.0000000000","observations":null,"anotation":null,"type":"in","paymentMethod":"","status":"open","bankAccount":{"id":"2","name":"PAYU","type":"bank"},"client":{"id":"21650","name":"Yeniffer Ovalle","phone":"3015317135"},"invoices":[{"id":"26789","number":"29050","date":"2021-01-26","amount":60500,"total":60500,"balance":0}],"costCenter":null,"numberTemplate":{"id":"3","prefix":"","number":"26640"}}
2021-01-26 09:55:21 :: ----------send data payment:26790------------
2021-01-26 09:55:21 :: {"date":"2021-01-26","invoices":[{"amount":"44681","id":"26790"}],"bankAccount":2}
2021-01-26 09:55:22 :: ----------result data payment:26790------------
2021-01-26 09:55:22 :: {"id":"27786","date":"2021-01-26","number":"26641","amount":"44681.0000000000","observations":null,"anotation":null,"type":"in","paymentMethod":"","status":"open","bankAccount":{"id":"2","name":"PAYU","type":"bank"},"client":{"id":"6064","name":"Zaira Bola\u00f1os","phone":"3207363499"},"invoices":[{"id":"26790","number":"29051","date":"2021-01-26","amount":44681,"total":44681,"balance":0}],"costCenter":null,"numberTemplate":{"id":"3","prefix":"","number":"26641"}}
2021-01-26 10:00:10 :: ----------send data payment:26791------------
2021-01-26 10:00:10 :: {"date":"2021-01-26","invoices":[{"amount":"74000","id":"26791"}],"bankAccount":2}
2021-01-26 10:00:11 :: ----------result data payment:26791------------
2021-01-26 10:00:11 :: {"id":"27787","date":"2021-01-26","number":"26642","amount":"74000.0000000000","observations":null,"anotation":null,"type":"in","paymentMethod":"","status":"open","bankAccount":{"id":"2","name":"PAYU","type":"bank"},"client":{"id":"15135","name":"Daniela Melissa Melgarejo","phone":"3204138294"},"invoices":[{"id":"26791","number":"29052","date":"2021-01-26","amount":74000,"total":74000,"balance":0}],"costCenter":null,"numberTemplate":{"id":"3","prefix":"","number":"26642"}}
2021-01-26 10:00:12 :: ----------send data payment:26792------------
2021-01-26 10:00:12 :: {"date":"2021-01-26","invoices":[{"amount":"72135","id":"26792"}],"bankAccount":2}
2021-01-26 10:00:13 :: ----------result data payment:26792------------
2021-01-26 10:00:13 :: {"id":"27788","date":"2021-01-26","number":"26643","amount":"72135.0000000000","observations":null,"anotation":null,"type":"in","paymentMethod":"","status":"open","bankAccount":{"id":"2","name":"PAYU","type":"bank"},"client":{"id":"19581","name":"TTIANA RAIRAN","phone":"3168767281"},"invoices":[{"id":"26792","number":"29053","date":"2021-01-26","amount":72135,"total":72135,"balance":0}],"costCenter":null,"numberTemplate":{"id":"3","prefix":"","number":"26643"}}
2021-01-26 10:15:09 :: ----------send data payment:26793------------
2021-01-26 10:15:09 :: {"date":"2021-01-26","invoices":[{"amount":"52632","id":"26793"}],"bankAccount":2}
2021-01-26 10:15:10 :: ----------result data payment:26793------------
2021-01-26 10:15:10 :: {"id":"27789","date":"2021-01-26","number":"26644","amount":"52632.0000000000","observations":null,"anotation":null,"type":"in","paymentMethod":"","status":"open","bankAccount":{"id":"2","name":"PAYU","type":"bank"},"client":{"id":"19717","name":"Melissa Perez","phone":"3007779830"},"invoices":[{"id":"26793","number":"29054","date":"2021-01-26","amount":52632,"total":52632,"balance":0}],"costCenter":null,"numberTemplate":{"id":"3","prefix":"","number":"26644"}}