
2021-08-05 07:05:04 :: ----------send data payment:35137------------
2021-08-05 07:05:04 :: {"date":"2021-08-05","invoices":[{"amount":"41000","id":"35137"}],"bankAccount":2}
2021-08-05 07:05:06 :: ----------result data payment:35137------------
2021-08-05 07:05:06 :: {"id":"36552","date":"2021-08-05","number":"34943","amount":"41000.0000000000","observations":null,"anotation":null,"type":"in","paymentMethod":"","status":"open","bankAccount":{"id":"2","name":"PAYU","type":"bank"},"client":{"id":"27307","name":"Katerine Rodriguez","phone":"3107696979"},"invoices":[{"id":"35137","number":"37398","date":"2021-08-05","amount":41000,"total":41000,"balance":0}],"costCenter":null,"numberTemplate":{"id":"3","prefix":"","number":"34943","fullNumber":"34943","formattedNumber":"34943"}}
2021-08-05 07:15:05 :: ----------send data payment:35138------------
2021-08-05 07:15:05 :: {"date":"2021-08-05","invoices":[{"amount":"25000","id":"35138"}],"bankAccount":2}
2021-08-05 07:15:07 :: ----------result data payment:35138------------
2021-08-05 07:15:07 :: {"id":"36553","date":"2021-08-05","number":"34944","amount":"25000.0000000000","observations":null,"anotation":null,"type":"in","paymentMethod":"","status":"open","bankAccount":{"id":"2","name":"PAYU","type":"bank"},"client":{"id":"27308","name":"Diana cardenas","phone":"3142267350"},"invoices":[{"id":"35138","number":"37399","date":"2021-08-05","amount":25000,"total":25000,"balance":0}],"costCenter":null,"numberTemplate":{"id":"3","prefix":"","number":"34944","fullNumber":"34944","formattedNumber":"34944"}}
2021-08-05 08:35:19 :: ----------send data payment:35139------------
2021-08-05 08:35:19 :: {"date":"2021-08-05","invoices":[{"amount":"186001","id":"35139"}],"bankAccount":2}
2021-08-05 08:35:26 :: ----------result data payment:35139------------
2021-08-05 08:35:26 :: {"message":"La factura con id 35139 no existe","code":4013}
2021-08-05 08:55:06 :: ----------send data payment:35140------------
2021-08-05 08:55:06 :: {"date":"2021-08-05","invoices":[{"amount":"46000","id":"35140"}],"bankAccount":2}
2021-08-05 08:55:08 :: ----------result data payment:35140------------
2021-08-05 08:55:08 :: {"id":"36554","date":"2021-08-05","number":"34945","amount":"46000.0000000000","observations":null,"anotation":null,"type":"in","paymentMethod":"","status":"open","bankAccount":{"id":"2","name":"PAYU","type":"bank"},"client":{"id":"27311","name":"Claudia rojas S\u00e1nchez","phone":"3152026300"},"invoices":[{"id":"35140","number":"37401","date":"2021-08-05","amount":46000,"total":46000,"balance":0}],"costCenter":null,"numberTemplate":{"id":"3","prefix":"","number":"34945","fullNumber":"34945","formattedNumber":"34945"}}
2021-08-05 09:50:04 :: ----------send data payment:35141------------
2021-08-05 09:50:04 :: {"date":"2021-08-05","invoices":[{"amount":"70000","id":"35141"}],"bankAccount":2}
2021-08-05 09:50:06 :: ----------result data payment:35141------------
2021-08-05 09:50:06 :: {"id":"36555","date":"2021-08-05","number":"34946","amount":"70000.0000000000","observations":null,"anotation":null,"type":"in","paymentMethod":"","status":"open","bankAccount":{"id":"2","name":"PAYU","type":"bank"},"client":{"id":"27312","name":"Isabel Zuluaga","phone":"3128710847"},"invoices":[{"id":"35141","number":"37402","date":"2021-08-05","amount":70000,"total":70000,"balance":0}],"costCenter":null,"numberTemplate":{"id":"3","prefix":"","number":"34946","fullNumber":"34946","formattedNumber":"34946"}}
2021-08-05 09:50:10 :: ----------send data payment:35142------------
2021-08-05 09:50:10 :: {"date":"2021-08-05","invoices":[{"amount":"110000","id":"35142"}],"bankAccount":2}
2021-08-05 09:50:13 :: ----------result data payment:35142------------
2021-08-05 09:50:13 :: {"id":"36556","date":"2021-08-05","number":"34947","amount":"110000.0000000000","observations":null,"anotation":null,"type":"in","paymentMethod":"","status":"open","bankAccount":{"id":"2","name":"PAYU","type":"bank"},"client":{"id":"27313","name":"Laura Gallego","phone":"3104987680"},"invoices":[{"id":"35142","number":"37403","date":"2021-08-05","amount":110000,"total":110000,"balance":0}],"costCenter":null,"numberTemplate":{"id":"3","prefix":"","number":"34947","fullNumber":"34947","formattedNumber":"34947"}}
2021-08-05 10:40:04 :: ----------send data payment:35143------------
2021-08-05 10:40:04 :: {"date":"2021-08-05","invoices":[{"amount":"33000","id":"35143"}],"bankAccount":2}
2021-08-05 10:40:06 :: ----------result data payment:35143------------
2021-08-05 10:40:06 :: {"id":"36557","date":"2021-08-05","number":"34948","amount":"33000.0000000000","observations":null,"anotation":null,"type":"in","paymentMethod":"","status":"open","bankAccount":{"id":"2","name":"PAYU","type":"bank"},"client":{"id":"27314","name":"Maria Camila Londo\u00f1o Montoya","phone":"3126758020"},"invoices":[{"id":"35143","number":"37404","date":"2021-08-05","amount":33000,"total":33000,"balance":0}],"costCenter":null,"numberTemplate":{"id":"3","prefix":"","number":"34948","fullNumber":"34948","formattedNumber":"34948"}}
2021-08-05 10:45:04 :: ----------send data payment:35144------------
2021-08-05 10:45:04 :: {"date":"2021-08-05","invoices":[{"amount":"36000","id":"35144"}],"bankAccount":2}
2021-08-05 10:45:07 :: ----------result data payment:35144------------
2021-08-05 10:45:07 :: {"id":"36558","date":"2021-08-05","number":"34949","amount":"36000.0000000000","observations":null,"anotation":null,"type":"in","paymentMethod":"","status":"open","bankAccount":{"id":"2","name":"PAYU","type":"bank"},"client":{"id":"26572","name":"Carolain Rincon","phone":"3107168958"},"invoices":[{"id":"35144","number":"37405","date":"2021-08-05","amount":36000,"total":36000,"balance":0}],"costCenter":null,"numberTemplate":{"id":"3","prefix":"","number":"34949","fullNumber":"34949","formattedNumber":"34949"}}
2021-08-05 10:55:06 :: ----------send data payment:35145------------
2021-08-05 10:55:06 :: {"date":"2021-08-05","invoices":[{"amount":"70000","id":"35145"}],"bankAccount":2}
2021-08-05 10:55:07 :: ----------result data payment:35145------------
2021-08-05 10:55:07 :: {"id":"36559","date":"2021-08-05","number":"34950","amount":"70000.0000000000","observations":null,"anotation":null,"type":"in","paymentMethod":"","status":"open","bankAccount":{"id":"2","name":"PAYU","type":"bank"},"client":{"id":"27315","name":"Marcela Avila","phone":"3165330826"},"invoices":[{"id":"35145","number":"37406","date":"2021-08-05","amount":70000,"total":70000,"balance":0}],"costCenter":null,"numberTemplate":{"id":"3","prefix":"","number":"34950","fullNumber":"34950","formattedNumber":"34950"}}
2021-08-05 11:05:07 :: ----------send data payment:35146------------
2021-08-05 11:05:07 :: {"date":"2021-08-05","invoices":[{"amount":"168001","id":"35146"}],"bankAccount":2}
2021-08-05 11:05:10 :: ----------result data payment:35146------------
2021-08-05 11:05:10 :: {"id":"36560","date":"2021-08-05","number":"34951","amount":"168001.0000000000","observations":null,"anotation":null,"type":"in","paymentMethod":"","status":"open","bankAccount":{"id":"2","name":"PAYU","type":"bank"},"client":{"id":"27316","name":"Sara Valentina Rodriguez","phone":"3144937294"},"invoices":[{"id":"35146","number":"37407","date":"2021-08-05","amount":168001,"total":168001,"balance":0}],"costCenter":null,"numberTemplate":{"id":"3","prefix":"","number":"34951","fullNumber":"34951","formattedNumber":"34951"}}
2021-08-05 11:10:06 :: ----------send data payment:35147------------
2021-08-05 11:10:06 :: {"date":"2021-08-05","invoices":[{"amount":"185996","id":"35147"}],"bankAccount":2}
2021-08-05 11:10:08 :: ----------result data payment:35147------------
2021-08-05 11:10:08 :: {"id":"36561","date":"2021-08-05","number":"34952","amount":"185996.0000000000","observations":null,"anotation":null,"type":"in","paymentMethod":"","status":"open","bankAccount":{"id":"2","name":"PAYU","type":"bank"},"client":{"id":"27317","name":"Zulay Andrea Blanco Blanco","phone":"3228222817"},"invoices":[{"id":"35147","number":"37408","date":"2021-08-05","amount":185996,"total":185996,"balance":0}],"costCenter":null,"numberTemplate":{"id":"3","prefix":"","number":"34952","fullNumber":"34952","formattedNumber":"34952"}}
2021-08-05 11:20:04 :: ----------send data payment:35148------------
2021-08-05 11:20:04 :: {"date":"2021-08-05","invoices":[{"amount":"118001","id":"35148"}],"bankAccount":2}
2021-08-05 11:20:06 :: ----------result data payment:35148------------
2021-08-05 11:20:06 :: {"id":"36562","date":"2021-08-05","number":"34953","amount":"118001.0000000000","observations":null,"anotation":null,"type":"in","paymentMethod":"","status":"open","bankAccount":{"id":"2","name":"PAYU","type":"bank"},"client":{"id":"27318","name":"Alejandra Parra S\u00e1nchez","phone":"3175520134"},"invoices":[{"id":"35148","number":"37409","date":"2021-08-05","amount":118001,"total":118001,"balance":0}],"costCenter":null,"numberTemplate":{"id":"3","prefix":"","number":"34953","fullNumber":"34953","formattedNumber":"34953"}}
2021-08-05 11:45:05 :: ----------send data payment:35150------------
2021-08-05 11:45:05 :: {"date":"2021-08-05","invoices":[{"amount":"70000","id":"35150"}],"bankAccount":2}
2021-08-05 11:45:07 :: ----------result data payment:35150------------
2021-08-05 11:45:07 :: {"id":"36563","date":"2021-08-05","number":"34954","amount":"70000.0000000000","observations":null,"anotation":null,"type":"in","paymentMethod":"","status":"open","bankAccount":{"id":"2","name":"PAYU","type":"bank"},"client":{"id":"27319","name":"Paola P\u00e9rez","phone":"3202955207"},"invoices":[{"id":"35150","number":"37411","date":"2021-08-05","amount":70000,"total":70000,"balance":0}],"costCenter":null,"numberTemplate":{"id":"3","prefix":"","number":"34954","fullNumber":"34954","formattedNumber":"34954"}}
2021-08-05 12:05:06 :: ----------send data payment:35151------------
2021-08-05 12:05:06 :: {"date":"2021-08-05","invoices":[{"amount":"44000","id":"35151"}],"bankAccount":2}
2021-08-05 12:05:07 :: ----------result data payment:35151------------
2021-08-05 12:05:07 :: {"id":"36564","date":"2021-08-05","number":"34955","amount":"44000.0000000000","observations":null,"anotation":null,"type":"in","paymentMethod":"","status":"open","bankAccount":{"id":"2","name":"PAYU","type":"bank"},"client":{"id":"27320","name":"Angelica Gutierrez","phone":"3177930035"},"invoices":[{"id":"35151","number":"37412","date":"2021-08-05","amount":44000,"total":44000,"balance":0}],"costCenter":null,"numberTemplate":{"id":"3","prefix":"","number":"34955","fullNumber":"34955","formattedNumber":"34955"}}
2021-08-05 12:20:04 :: ----------send data payment:35152------------
2021-08-05 12:20:04 :: {"date":"2021-08-05","invoices":[{"amount":"106001","id":"35152"}],"bankAccount":2}
2021-08-05 12:20:06 :: ----------result data payment:35152------------
2021-08-05 12:20:06 :: {"id":"36567","date":"2021-08-05","number":"34956","amount":"106001.0000000000","observations":null,"anotation":null,"type":"in","paymentMethod":"","status":"open","bankAccount":{"id":"2","name":"PAYU","type":"bank"},"client":{"id":"27321","name":"Paula Pacheco","phone":"3015316105"},"invoices":[{"id":"35152","number":"37413","date":"2021-08-05","amount":106001,"total":106001,"balance":0}],"costCenter":null,"numberTemplate":{"id":"3","prefix":"","number":"34956","fullNumber":"34956","formattedNumber":"34956"}}
2021-08-05 01:15:05 :: ----------send data payment:35153------------
2021-08-05 01:15:05 :: {"date":"2021-08-05","invoices":[{"amount":"50000","id":"35153"}],"bankAccount":2}
2021-08-05 01:15:06 :: ----------result data payment:35153------------
2021-08-05 01:15:06 :: {"id":"36568","date":"2021-08-05","number":"34957","amount":"50000.0000000000","observations":null,"anotation":null,"type":"in","paymentMethod":"","status":"open","bankAccount":{"id":"2","name":"PAYU","type":"bank"},"client":{"id":"27322","name":"Yeny Hernandez","phone":"3222653607"},"invoices":[{"id":"35153","number":"37414","date":"2021-08-05","amount":50000,"total":50000,"balance":0}],"costCenter":null,"numberTemplate":{"id":"3","prefix":"","number":"34957","fullNumber":"34957","formattedNumber":"34957"}}
2021-08-05 02:10:05 :: ----------send data payment:35154------------
2021-08-05 02:10:05 :: {"date":"2021-08-05","invoices":[{"amount":"49999","id":"35154"}],"bankAccount":2}
2021-08-05 02:10:07 :: ----------result data payment:35154------------
2021-08-05 02:10:07 :: {"id":"36569","date":"2021-08-05","number":"34958","amount":"49999.0000000000","observations":null,"anotation":null,"type":"in","paymentMethod":"","status":"open","bankAccount":{"id":"2","name":"PAYU","type":"bank"},"client":{"id":"27323","name":"Catalina Toro","phone":"3226139839"},"invoices":[{"id":"35154","number":"37415","date":"2021-08-05","amount":49999,"total":49999,"balance":0}],"costCenter":null,"numberTemplate":{"id":"3","prefix":"","number":"34958","fullNumber":"34958","formattedNumber":"34958"}}
2021-08-05 02:20:04 :: ----------send data payment:35155------------
2021-08-05 02:20:04 :: {"date":"2021-08-05","invoices":[{"amount":"60000","id":"35155"}],"bankAccount":2}
2021-08-05 02:20:06 :: ----------result data payment:35155------------
2021-08-05 02:20:06 :: {"id":"36570","date":"2021-08-05","number":"34959","amount":"60000.0000000000","observations":null,"anotation":null,"type":"in","paymentMethod":"","status":"open","bankAccount":{"id":"2","name":"PAYU","type":"bank"},"client":{"id":"26990","name":"Alejandra Indriago","phone":"3132926352"},"invoices":[{"id":"35155","number":"37416","date":"2021-08-05","amount":60000,"total":60000,"balance":0}],"costCenter":null,"numberTemplate":{"id":"3","prefix":"","number":"34959","fullNumber":"34959","formattedNumber":"34959"}}
2021-08-05 02:30:04 :: ----------send data payment:35156------------
2021-08-05 02:30:04 :: {"date":"2021-08-05","invoices":[{"amount":"80001","id":"35156"}],"bankAccount":2}
2021-08-05 02:30:06 :: ----------result data payment:35156------------
2021-08-05 02:30:06 :: {"id":"36571","date":"2021-08-05","number":"34960","amount":"80001.0000000000","observations":null,"anotation":null,"type":"in","paymentMethod":"","status":"open","bankAccount":{"id":"2","name":"PAYU","type":"bank"},"client":{"id":"27324","name":"Karol Yelena Gutierrez","phone":"3232111842"},"invoices":[{"id":"35156","number":"37417","date":"2021-08-05","amount":80001,"total":80001,"balance":0}],"costCenter":null,"numberTemplate":{"id":"3","prefix":"","number":"34960","fullNumber":"34960","formattedNumber":"34960"}}
2021-08-05 02:30:08 :: ----------send data payment:35157------------
2021-08-05 02:30:08 :: {"date":"2021-08-05","invoices":[{"amount":"25000","id":"35157"}],"bankAccount":2}
2021-08-05 02:30:09 :: ----------result data payment:35157------------
2021-08-05 02:30:09 :: {"id":"36572","date":"2021-08-05","number":"34961","amount":"25000.0000000000","observations":null,"anotation":null,"type":"in","paymentMethod":"","status":"open","bankAccount":{"id":"2","name":"PAYU","type":"bank"},"client":{"id":"27325","name":"Susan Olarte","phone":"3228082124"},"invoices":[{"id":"35157","number":"37418","date":"2021-08-05","amount":25000,"total":25000,"balance":0}],"costCenter":null,"numberTemplate":{"id":"3","prefix":"","number":"34961","fullNumber":"34961","formattedNumber":"34961"}}
2021-08-05 02:30:13 :: ----------send data payment:35158------------
2021-08-05 02:30:13 :: {"date":"2021-08-05","invoices":[{"amount":"193999","id":"35158"}],"bankAccount":2}
2021-08-05 02:30:14 :: ----------result data payment:35158------------
2021-08-05 02:30:14 :: {"id":"36573","date":"2021-08-05","number":"34962","amount":"193999.0000000000","observations":null,"anotation":null,"type":"in","paymentMethod":"","status":"open","bankAccount":{"id":"2","name":"PAYU","type":"bank"},"client":{"id":"27326","name":"Laura Castro","phone":"3004768008"},"invoices":[{"id":"35158","number":"37419","date":"2021-08-05","amount":193999,"total":193999,"balance":0}],"costCenter":null,"numberTemplate":{"id":"3","prefix":"","number":"34962","fullNumber":"34962","formattedNumber":"34962"}}
2021-08-05 02:55:04 :: ----------send data payment:35159------------
2021-08-05 02:55:04 :: {"date":"2021-08-05","invoices":[{"amount":"98000","id":"35159"}],"bankAccount":2}
2021-08-05 02:55:06 :: ----------result data payment:35159------------
2021-08-05 02:55:06 :: {"id":"36575","date":"2021-08-05","number":"34964","amount":"98000.0000000000","observations":null,"anotation":null,"type":"in","paymentMethod":"","status":"open","bankAccount":{"id":"2","name":"PAYU","type":"bank"},"client":{"id":"27327","name":"Tatiana Zarate","phone":"3193370273"},"invoices":[{"id":"35159","number":"37420","date":"2021-08-05","amount":98000,"total":98000,"balance":0}],"costCenter":null,"numberTemplate":{"id":"3","prefix":"","number":"34964","fullNumber":"34964","formattedNumber":"34964"}}
2021-08-05 03:00:06 :: ----------send data payment:35160------------
2021-08-05 03:00:06 :: {"date":"2021-08-05","invoices":[{"amount":"70000","id":"35160"}],"bankAccount":2}
2021-08-05 03:00:08 :: ----------result data payment:35160------------
2021-08-05 03:00:08 :: {"id":"36576","date":"2021-08-05","number":"34965","amount":"70000.0000000000","observations":null,"anotation":null,"type":"in","paymentMethod":"","status":"open","bankAccount":{"id":"2","name":"PAYU","type":"bank"},"client":{"id":"27328","name":"Angie Duran","phone":"3144233546"},"invoices":[{"id":"35160","number":"37421","date":"2021-08-05","amount":70000,"total":70000,"balance":0}],"costCenter":null,"numberTemplate":{"id":"3","prefix":"","number":"34965","fullNumber":"34965","formattedNumber":"34965"}}
2021-08-05 03:10:05 :: ----------send data payment:35161------------
2021-08-05 03:10:05 :: {"date":"2021-08-05","invoices":[{"amount":"49999","id":"35161"}],"bankAccount":2}
2021-08-05 03:10:07 :: ----------result data payment:35161------------
2021-08-05 03:10:07 :: {"id":"36577","date":"2021-08-05","number":"34966","amount":"49999.0000000000","observations":null,"anotation":null,"type":"in","paymentMethod":"","status":"open","bankAccount":{"id":"2","name":"PAYU","type":"bank"},"client":{"id":"27329","name":"Wendy Moncayo","phone":"3209286534"},"invoices":[{"id":"35161","number":"37422","date":"2021-08-05","amount":49999,"total":49999,"balance":0}],"costCenter":null,"numberTemplate":{"id":"3","prefix":"","number":"34966","fullNumber":"34966","formattedNumber":"34966"}}
2021-08-05 03:10:10 :: ----------send data payment:35162------------
2021-08-05 03:10:10 :: {"date":"2021-08-05","invoices":[{"amount":"22600","id":"35162"}],"bankAccount":2}
2021-08-05 03:10:11 :: ----------result data payment:35162------------
2021-08-05 03:10:11 :: {"id":"36578","date":"2021-08-05","number":"34967","amount":"22600.0000000000","observations":null,"anotation":null,"type":"in","paymentMethod":"","status":"open","bankAccount":{"id":"2","name":"PAYU","type":"bank"},"client":{"id":"27330","name":"luisa moncada","phone":"3003133820"},"invoices":[{"id":"35162","number":"37423","date":"2021-08-05","amount":22600,"total":22600,"balance":0}],"costCenter":null,"numberTemplate":{"id":"3","prefix":"","number":"34967","fullNumber":"34967","formattedNumber":"34967"}}
2021-08-05 03:25:05 :: ----------send data payment:35163------------
2021-08-05 03:25:05 :: {"date":"2021-08-05","invoices":[{"amount":"70000","id":"35163"}],"bankAccount":2}
2021-08-05 03:25:07 :: ----------result data payment:35163------------
2021-08-05 03:25:07 :: {"id":"36579","date":"2021-08-05","number":"34968","amount":"70000.0000000000","observations":null,"anotation":null,"type":"in","paymentMethod":"","status":"open","bankAccount":{"id":"2","name":"PAYU","type":"bank"},"client":{"id":"27331","name":"CAROLINA BERNAL","phone":"3002809217"},"invoices":[{"id":"35163","number":"37424","date":"2021-08-05","amount":70000,"total":70000,"balance":0}],"costCenter":null,"numberTemplate":{"id":"3","prefix":"","number":"34968","fullNumber":"34968","formattedNumber":"34968"}}
2021-08-05 03:35:07 :: ----------send data payment:35164------------
2021-08-05 03:35:07 :: {"date":"2021-08-05","invoices":[{"amount":"115000","id":"35164"}],"bankAccount":2}
2021-08-05 03:35:08 :: ----------result data payment:35164------------
2021-08-05 03:35:08 :: {"id":"36580","date":"2021-08-05","number":"34969","amount":"115000.0000000000","observations":null,"anotation":null,"type":"in","paymentMethod":"","status":"open","bankAccount":{"id":"2","name":"PAYU","type":"bank"},"client":{"id":"18081","name":"MANUELA MONTALVO LONDO\u00d1O","phone":"3113056652"},"invoices":[{"id":"35164","number":"37425","date":"2021-08-05","amount":115000,"total":115000,"balance":0}],"costCenter":null,"numberTemplate":{"id":"3","prefix":"","number":"34969","fullNumber":"34969","formattedNumber":"34969"}}
2021-08-05 03:35:11 :: ----------send data payment:35165------------
2021-08-05 03:35:11 :: {"date":"2021-08-05","invoices":[{"amount":"109001","id":"35165"}],"bankAccount":2}
2021-08-05 03:35:13 :: ----------result data payment:35165------------
2021-08-05 03:35:13 :: {"id":"36581","date":"2021-08-05","number":"34970","amount":"109001.0000000000","observations":null,"anotation":null,"type":"in","paymentMethod":"","status":"open","bankAccount":{"id":"2","name":"PAYU","type":"bank"},"client":{"id":"27332","name":"Dayana Bola\u00f1os","phone":"3128982307"},"invoices":[{"id":"35165","number":"37426","date":"2021-08-05","amount":109001,"total":109001,"balance":0}],"costCenter":null,"numberTemplate":{"id":"3","prefix":"","number":"34970","fullNumber":"34970","formattedNumber":"34970"}}
2021-08-05 03:35:18 :: ----------send data payment:35166------------
2021-08-05 03:35:18 :: {"date":"2021-08-05","invoices":[{"amount":"40000","id":"35166"}],"bankAccount":2}
2021-08-05 03:35:21 :: ----------result data payment:35166------------
2021-08-05 03:35:21 :: {"id":"36582","date":"2021-08-05","number":"34971","amount":"40000.0000000000","observations":null,"anotation":null,"type":"in","paymentMethod":"","status":"open","bankAccount":{"id":"2","name":"PAYU","type":"bank"},"client":{"id":"27333","name":"Andrea Pelaez Romero","phone":"3504899829"},"invoices":[{"id":"35166","number":"37427","date":"2021-08-05","amount":40000,"total":40000,"balance":0}],"costCenter":null,"numberTemplate":{"id":"3","prefix":"","number":"34971","fullNumber":"34971","formattedNumber":"34971"}}
2021-08-05 03:40:04 :: ----------send data payment:35167------------
2021-08-05 03:40:04 :: {"date":"2021-08-05","invoices":[{"amount":"55000","id":"35167"}],"bankAccount":2}
2021-08-05 03:40:06 :: ----------result data payment:35167------------
2021-08-05 03:40:06 :: {"id":"36583","date":"2021-08-05","number":"34972","amount":"55000.0000000000","observations":null,"anotation":null,"type":"in","paymentMethod":"","status":"open","bankAccount":{"id":"2","name":"PAYU","type":"bank"},"client":{"id":"27334","name":"Laura Suarez","phone":"3234665641"},"invoices":[{"id":"35167","number":"37428","date":"2021-08-05","amount":55000,"total":55000,"balance":0}],"costCenter":null,"numberTemplate":{"id":"3","prefix":"","number":"34972","fullNumber":"34972","formattedNumber":"34972"}}
2021-08-05 04:00:06 :: ----------send data payment:35168------------
2021-08-05 04:00:06 :: {"date":"2021-08-05","invoices":[{"amount":"30000","id":"35168"}],"bankAccount":2}
2021-08-05 04:00:08 :: ----------result data payment:35168------------
2021-08-05 04:00:08 :: {"id":"36584","date":"2021-08-05","number":"34973","amount":"30000.0000000000","observations":null,"anotation":null,"type":"in","paymentMethod":"","status":"open","bankAccount":{"id":"2","name":"PAYU","type":"bank"},"client":{"id":"27335","name":"Ver\u00f3nica Morales Montenegro","phone":"3126612014"},"invoices":[{"id":"35168","number":"37429","date":"2021-08-05","amount":30000,"total":30000,"balance":0}],"costCenter":null,"numberTemplate":{"id":"3","prefix":"","number":"34973","fullNumber":"34973","formattedNumber":"34973"}}
2021-08-05 04:05:05 :: ----------send data payment:35169------------
2021-08-05 04:05:05 :: {"date":"2021-08-05","invoices":[{"amount":"48000","id":"35169"}],"bankAccount":2}
2021-08-05 04:05:07 :: ----------result data payment:35169------------
2021-08-05 04:05:07 :: {"id":"36585","date":"2021-08-05","number":"34974","amount":"48000.0000000000","observations":null,"anotation":null,"type":"in","paymentMethod":"","status":"open","bankAccount":{"id":"2","name":"PAYU","type":"bank"},"client":{"id":"27310","name":"Chris arevalo","phone":"3006320162"},"invoices":[{"id":"35169","number":"37430","date":"2021-08-05","amount":48000,"total":48000,"balance":0}],"costCenter":null,"numberTemplate":{"id":"3","prefix":"","number":"34974","fullNumber":"34974","formattedNumber":"34974"}}
2021-08-05 04:05:09 :: ----------send data payment:35170------------
2021-08-05 04:05:09 :: {"date":"2021-08-05","invoices":[{"amount":"25000","id":"35170"}],"bankAccount":2}
2021-08-05 04:05:10 :: ----------result data payment:35170------------
2021-08-05 04:05:10 :: {"id":"36586","date":"2021-08-05","number":"34975","amount":"25000.0000000000","observations":null,"anotation":null,"type":"in","paymentMethod":"","status":"open","bankAccount":{"id":"2","name":"PAYU","type":"bank"},"client":{"id":"27309","name":"Paola Ruiz","phone":"3106414382"},"invoices":[{"id":"35170","number":"37431","date":"2021-08-05","amount":25000,"total":25000,"balance":0}],"costCenter":null,"numberTemplate":{"id":"3","prefix":"","number":"34975","fullNumber":"34975","formattedNumber":"34975"}}
2021-08-05 04:10:04 :: ----------send data payment:35172------------
2021-08-05 04:10:04 :: {"date":"2021-08-05","invoices":[{"amount":"29600","id":"35172"}],"bankAccount":2}
2021-08-05 04:10:05 :: ----------result data payment:35172------------
2021-08-05 04:10:05 :: {"id":"36587","date":"2021-08-05","number":"34976","amount":"29600.0000000000","observations":null,"anotation":null,"type":"in","paymentMethod":"","status":"open","bankAccount":{"id":"2","name":"PAYU","type":"bank"},"client":{"id":"27336","name":"Avir Abdalla","phone":"3002526016"},"invoices":[{"id":"35172","number":"37433","date":"2021-08-05","amount":29600,"total":29600,"balance":0}],"costCenter":null,"numberTemplate":{"id":"3","prefix":"","number":"34976","fullNumber":"34976","formattedNumber":"34976"}}
2021-08-05 04:20:04 :: ----------send data payment:35173------------
2021-08-05 04:20:04 :: {"date":"2021-08-05","invoices":[{"amount":"31000","id":"35173"}],"bankAccount":2}
2021-08-05 04:20:06 :: ----------result data payment:35173------------
2021-08-05 04:20:06 :: {"id":"36588","date":"2021-08-05","number":"34977","amount":"31000.0000000000","observations":null,"anotation":null,"type":"in","paymentMethod":"","status":"open","bankAccount":{"id":"2","name":"PAYU","type":"bank"},"client":{"id":"27337","name":"Daniela Toro","phone":"3185813599"},"invoices":[{"id":"35173","number":"37434","date":"2021-08-05","amount":31000,"total":31000,"balance":0}],"costCenter":null,"numberTemplate":{"id":"3","prefix":"","number":"34977","fullNumber":"34977","formattedNumber":"34977"}}
2021-08-05 04:45:05 :: ----------send data payment:35174------------
2021-08-05 04:45:05 :: {"date":"2021-08-05","invoices":[{"amount":"87000","id":"35174"}],"bankAccount":2}
2021-08-05 04:45:07 :: ----------result data payment:35174------------
2021-08-05 04:45:07 :: {"id":"36590","date":"2021-08-05","number":"34979","amount":"87000.0000000000","observations":null,"anotation":null,"type":"in","paymentMethod":"","status":"open","bankAccount":{"id":"2","name":"PAYU","type":"bank"},"client":{"id":"27338","name":"Rodriguez Caviedes Nataly","phone":"3152344282"},"invoices":[{"id":"35174","number":"37435","date":"2021-08-05","amount":87000,"total":87000,"balance":0}],"costCenter":null,"numberTemplate":{"id":"3","prefix":"","number":"34979","fullNumber":"34979","formattedNumber":"34979"}}
2021-08-05 04:50:05 :: ----------send data payment:35175------------
2021-08-05 04:50:05 :: {"date":"2021-08-05","invoices":[{"amount":"25000","id":"35175"}],"bankAccount":2}
2021-08-05 04:50:08 :: ----------result data payment:35175------------
2021-08-05 04:50:08 :: {"id":"36591","date":"2021-08-05","number":"34980","amount":"25000.0000000000","observations":null,"anotation":null,"type":"in","paymentMethod":"","status":"open","bankAccount":{"id":"2","name":"PAYU","type":"bank"},"client":{"id":"27339","name":"Ethel Arango","phone":"3103835039"},"invoices":[{"id":"35175","number":"37436","date":"2021-08-05","amount":25000,"total":25000,"balance":0}],"costCenter":null,"numberTemplate":{"id":"3","prefix":"","number":"34980","fullNumber":"34980","formattedNumber":"34980"}}
2021-08-05 05:15:04 :: ----------send data payment:35176------------
2021-08-05 05:15:04 :: {"date":"2021-08-05","invoices":[{"amount":"90000","id":"35176"}],"bankAccount":2}
2021-08-05 05:15:06 :: ----------result data payment:35176------------
2021-08-05 05:15:06 :: {"id":"36593","date":"2021-08-05","number":"34982","amount":"90000.0000000000","observations":null,"anotation":null,"type":"in","paymentMethod":"","status":"open","bankAccount":{"id":"2","name":"PAYU","type":"bank"},"client":{"id":"5794","name":"luisa rojas","phone":"3147926875"},"invoices":[{"id":"35176","number":"37437","date":"2021-08-05","amount":90000,"total":90000,"balance":0}],"costCenter":null,"numberTemplate":{"id":"3","prefix":"","number":"34982","fullNumber":"34982","formattedNumber":"34982"}}
2021-08-05 05:15:07 :: ----------send data payment:35177------------
2021-08-05 05:15:07 :: {"date":"2021-08-05","invoices":[{"amount":"105000","id":"35177"}],"bankAccount":2}
2021-08-05 05:15:09 :: ----------result data payment:35177------------
2021-08-05 05:15:09 :: {"id":"36594","date":"2021-08-05","number":"34983","amount":"105000.0000000000","observations":null,"anotation":null,"type":"in","paymentMethod":"","status":"open","bankAccount":{"id":"2","name":"PAYU","type":"bank"},"client":{"id":"13029","name":"Ingrid Serrano","phone":"3134766827"},"invoices":[{"id":"35177","number":"37438","date":"2021-08-05","amount":105000,"total":105000,"balance":0}],"costCenter":null,"numberTemplate":{"id":"3","prefix":"","number":"34983","fullNumber":"34983","formattedNumber":"34983"}}
2021-08-05 05:15:12 :: ----------send data payment:35178------------
2021-08-05 05:15:12 :: {"date":"2021-08-05","invoices":[{"amount":"42600","id":"35178"}],"bankAccount":2}
2021-08-05 05:15:14 :: ----------result data payment:35178------------
2021-08-05 05:15:14 :: {"id":"36595","date":"2021-08-05","number":"34984","amount":"42600.0000000000","observations":null,"anotation":null,"type":"in","paymentMethod":"","status":"open","bankAccount":{"id":"2","name":"PAYU","type":"bank"},"client":{"id":"27340","name":"Adela camargo","phone":"3046185011"},"invoices":[{"id":"35178","number":"37439","date":"2021-08-05","amount":42600,"total":42600,"balance":0}],"costCenter":null,"numberTemplate":{"id":"3","prefix":"","number":"34984","fullNumber":"34984","formattedNumber":"34984"}}
2021-08-05 05:40:07 :: ----------send data payment:35179------------
2021-08-05 05:40:07 :: {"date":"2021-08-05","invoices":[{"amount":"26000","id":"35179"}],"bankAccount":2}
2021-08-05 05:40:08 :: ----------result data payment:35179------------
2021-08-05 05:40:08 :: {"id":"36596","date":"2021-08-05","number":"34985","amount":"26000.0000000000","observations":null,"anotation":null,"type":"in","paymentMethod":"","status":"open","bankAccount":{"id":"2","name":"PAYU","type":"bank"},"client":{"id":"27341","name":"Ivonne Garc\u00eda","phone":"3897134"},"invoices":[{"id":"35179","number":"37440","date":"2021-08-05","amount":26000,"total":26000,"balance":0}],"costCenter":null,"numberTemplate":{"id":"3","prefix":"","number":"34985","fullNumber":"34985","formattedNumber":"34985"}}
2021-08-05 06:15:04 :: ----------send data payment:35180------------
2021-08-05 06:15:04 :: {"date":"2021-08-05","invoices":[{"amount":"43600","id":"35180"}],"bankAccount":2}
2021-08-05 06:15:05 :: ----------result data payment:35180------------
2021-08-05 06:15:05 :: {"id":"36597","date":"2021-08-05","number":"34986","amount":"43600.0000000000","observations":null,"anotation":null,"type":"in","paymentMethod":"","status":"open","bankAccount":{"id":"2","name":"PAYU","type":"bank"},"client":{"id":"15709","name":"Lina De La Rosa","phone":"3002007246"},"invoices":[{"id":"35180","number":"37441","date":"2021-08-05","amount":43600,"total":43600,"balance":0}],"costCenter":null,"numberTemplate":{"id":"3","prefix":"","number":"34986","fullNumber":"34986","formattedNumber":"34986"}}
2021-08-05 06:25:05 :: ----------send data payment:35181------------
2021-08-05 06:25:05 :: {"date":"2021-08-05","invoices":[{"amount":"359999","id":"35181"}],"bankAccount":2}
2021-08-05 06:25:06 :: ----------result data payment:35181------------
2021-08-05 06:25:06 :: {"id":"36598","date":"2021-08-05","number":"34987","amount":"359999.0000000000","observations":null,"anotation":null,"type":"in","paymentMethod":"","status":"open","bankAccount":{"id":"2","name":"PAYU","type":"bank"},"client":{"id":"27342","name":"Ana Milena Carre\u00f1o","phone":"3023562790"},"invoices":[{"id":"35181","number":"37442","date":"2021-08-05","amount":359999,"total":359999,"balance":0}],"costCenter":null,"numberTemplate":{"id":"3","prefix":"","number":"34987","fullNumber":"34987","formattedNumber":"34987"}}
2021-08-05 06:35:04 :: ----------send data payment:35182------------
2021-08-05 06:35:04 :: {"date":"2021-08-05","invoices":[{"amount":"155000","id":"35182"}],"bankAccount":2}
2021-08-05 06:35:06 :: ----------result data payment:35182------------
2021-08-05 06:35:06 :: {"id":"36599","date":"2021-08-05","number":"34988","amount":"155000.0000000000","observations":null,"anotation":null,"type":"in","paymentMethod":"","status":"open","bankAccount":{"id":"2","name":"PAYU","type":"bank"},"client":{"id":"27343","name":"Andrea Narvaez","phone":"3232094890"},"invoices":[{"id":"35182","number":"37443","date":"2021-08-05","amount":155000,"total":155000,"balance":0}],"costCenter":null,"numberTemplate":{"id":"3","prefix":"","number":"34988","fullNumber":"34988","formattedNumber":"34988"}}
2021-08-05 06:40:05 :: ----------send data payment:35183------------
2021-08-05 06:40:05 :: {"date":"2021-08-05","invoices":[{"amount":"25000","id":"35183"}],"bankAccount":2}
2021-08-05 06:40:06 :: ----------result data payment:35183------------
2021-08-05 06:40:06 :: {"id":"36600","date":"2021-08-05","number":"34989","amount":"25000.0000000000","observations":null,"anotation":null,"type":"in","paymentMethod":"","status":"open","bankAccount":{"id":"2","name":"PAYU","type":"bank"},"client":{"id":"27344","name":"Lorena Vargas","phone":"3114893192"},"invoices":[{"id":"35183","number":"37444","date":"2021-08-05","amount":25000,"total":25000,"balance":0}],"costCenter":null,"numberTemplate":{"id":"3","prefix":"","number":"34989","fullNumber":"34989","formattedNumber":"34989"}}
2021-08-05 07:15:05 :: ----------send data payment:35184------------
2021-08-05 07:15:05 :: {"date":"2021-08-05","invoices":[{"amount":"70000","id":"35184"}],"bankAccount":2}
2021-08-05 07:15:06 :: ----------result data payment:35184------------
2021-08-05 07:15:06 :: {"id":"36601","date":"2021-08-05","number":"34990","amount":"70000.0000000000","observations":null,"anotation":null,"type":"in","paymentMethod":"","status":"open","bankAccount":{"id":"2","name":"PAYU","type":"bank"},"client":{"id":"27345","name":"Kateryn Lopez Pe\u00f1a","phone":"3138089321"},"invoices":[{"id":"35184","number":"37445","date":"2021-08-05","amount":70000,"total":70000,"balance":0}],"costCenter":null,"numberTemplate":{"id":"3","prefix":"","number":"34990","fullNumber":"34990","formattedNumber":"34990"}}
2021-08-05 07:30:04 :: ----------send data payment:35185------------
2021-08-05 07:30:04 :: {"date":"2021-08-05","invoices":[{"amount":"60000","id":"35185"}],"bankAccount":2}
2021-08-05 07:30:06 :: ----------result data payment:35185------------
2021-08-05 07:30:06 :: {"id":"36602","date":"2021-08-05","number":"34991","amount":"60000.0000000000","observations":null,"anotation":null,"type":"in","paymentMethod":"","status":"open","bankAccount":{"id":"2","name":"PAYU","type":"bank"},"client":{"id":"27346","name":"Lilian Rotavista B","phone":"3003634866"},"invoices":[{"id":"35185","number":"37446","date":"2021-08-05","amount":60000,"total":60000,"balance":0}],"costCenter":null,"numberTemplate":{"id":"3","prefix":"","number":"34991","fullNumber":"34991","formattedNumber":"34991"}}
2021-08-05 07:35:04 :: ----------send data payment:35186------------
2021-08-05 07:35:04 :: {"date":"2021-08-05","invoices":[{"amount":"290000","id":"35186"}],"bankAccount":2}
2021-08-05 07:35:05 :: ----------result data payment:35186------------
2021-08-05 07:35:05 :: {"id":"36603","date":"2021-08-05","number":"34992","amount":"290000.0000000000","observations":null,"anotation":null,"type":"in","paymentMethod":"","status":"open","bankAccount":{"id":"2","name":"PAYU","type":"bank"},"client":{"id":"27347","name":"\u00c1ngela Mar\u00eda","phone":"3045764607"},"invoices":[{"id":"35186","number":"37447","date":"2021-08-05","amount":290000,"total":290000,"balance":0}],"costCenter":null,"numberTemplate":{"id":"3","prefix":"","number":"34992","fullNumber":"34992","formattedNumber":"34992"}}
2021-08-05 07:40:05 :: ----------send data payment:35187------------
2021-08-05 07:40:05 :: {"date":"2021-08-05","invoices":[{"amount":"61999","id":"35187"}],"bankAccount":2}
2021-08-05 07:40:06 :: ----------result data payment:35187------------
2021-08-05 07:40:06 :: {"id":"36604","date":"2021-08-05","number":"34993","amount":"61999.0000000000","observations":null,"anotation":null,"type":"in","paymentMethod":"","status":"open","bankAccount":{"id":"2","name":"PAYU","type":"bank"},"client":{"id":"27348","name":"Alejandra Bello","phone":"3003074680"},"invoices":[{"id":"35187","number":"37448","date":"2021-08-05","amount":61999,"total":61999,"balance":0}],"costCenter":null,"numberTemplate":{"id":"3","prefix":"","number":"34993","fullNumber":"34993","formattedNumber":"34993"}}
2021-08-05 08:55:03 :: ----------send data payment:35188------------
2021-08-05 08:55:03 :: {"date":"2021-08-05","invoices":[{"amount":"34000","id":"35188"}],"bankAccount":2}
2021-08-05 08:55:04 :: ----------result data payment:35188------------
2021-08-05 08:55:04 :: {"id":"36605","date":"2021-08-05","number":"34994","amount":"34000.0000000000","observations":null,"anotation":null,"type":"in","paymentMethod":"","status":"open","bankAccount":{"id":"2","name":"PAYU","type":"bank"},"client":{"id":"25017","name":"Danys Velasquez","phone":"3007201337"},"invoices":[{"id":"35188","number":"37449","date":"2021-08-05","amount":34000,"total":34000,"balance":0}],"costCenter":null,"numberTemplate":{"id":"3","prefix":"","number":"34994","fullNumber":"34994","formattedNumber":"34994"}}
2021-08-05 09:15:04 :: ----------send data payment:35189------------
2021-08-05 09:15:04 :: {"date":"2021-08-05","invoices":[{"amount":"85000","id":"35189"}],"bankAccount":2}
2021-08-05 09:15:05 :: ----------result data payment:35189------------
2021-08-05 09:15:05 :: {"id":"36606","date":"2021-08-05","number":"34995","amount":"85000.0000000000","observations":null,"anotation":null,"type":"in","paymentMethod":"","status":"open","bankAccount":{"id":"2","name":"PAYU","type":"bank"},"client":{"id":"27349","name":"Deisy Rojas","phone":"3134567607"},"invoices":[{"id":"35189","number":"37450","date":"2021-08-05","amount":85000,"total":85000,"balance":0}],"costCenter":null,"numberTemplate":{"id":"3","prefix":"","number":"34995","fullNumber":"34995","formattedNumber":"34995"}}
2021-08-05 09:20:03 :: ----------send data payment:35190------------
2021-08-05 09:20:03 :: {"date":"2021-08-05","invoices":[{"amount":"55000","id":"35190"}],"bankAccount":2}
2021-08-05 09:20:05 :: ----------result data payment:35190------------
2021-08-05 09:20:05 :: {"id":"36607","date":"2021-08-05","number":"34996","amount":"55000.0000000000","observations":null,"anotation":null,"type":"in","paymentMethod":"","status":"open","bankAccount":{"id":"2","name":"PAYU","type":"bank"},"client":{"id":"27350","name":"Mar\u00eda Carolina Cantillo Becerra","phone":"3006536831"},"invoices":[{"id":"35190","number":"37451","date":"2021-08-05","amount":55000,"total":55000,"balance":0}],"costCenter":null,"numberTemplate":{"id":"3","prefix":"","number":"34996","fullNumber":"34996","formattedNumber":"34996"}}
2021-08-05 10:05:05 :: ----------send data payment:35191------------
2021-08-05 10:05:05 :: {"date":"2021-08-05","invoices":[{"amount":"80000","id":"35191"}],"bankAccount":2}
2021-08-05 10:05:06 :: ----------result data payment:35191------------
2021-08-05 10:05:06 :: {"id":"36608","date":"2021-08-05","number":"34997","amount":"80000.0000000000","observations":null,"anotation":null,"type":"in","paymentMethod":"","status":"open","bankAccount":{"id":"2","name":"PAYU","type":"bank"},"client":{"id":"27351","name":"Lizeth Ochoa","phone":"3123366861"},"invoices":[{"id":"35191","number":"37452","date":"2021-08-05","amount":80000,"total":80000,"balance":0}],"costCenter":null,"numberTemplate":{"id":"3","prefix":"","number":"34997","fullNumber":"34997","formattedNumber":"34997"}}
2021-08-05 10:15:03 :: ----------send data payment:35192------------
2021-08-05 10:15:03 :: {"date":"2021-08-05","invoices":[{"amount":"51000","id":"35192"}],"bankAccount":2}
2021-08-05 10:15:04 :: ----------result data payment:35192------------
2021-08-05 10:15:04 :: {"id":"36609","date":"2021-08-05","number":"34998","amount":"51000.0000000000","observations":null,"anotation":null,"type":"in","paymentMethod":"","status":"open","bankAccount":{"id":"2","name":"PAYU","type":"bank"},"client":{"id":"7302","name":"Melina Muriel","phone":"3115305775"},"invoices":[{"id":"35192","number":"37453","date":"2021-08-05","amount":51000,"total":51000,"balance":0}],"costCenter":null,"numberTemplate":{"id":"3","prefix":"","number":"34998","fullNumber":"34998","formattedNumber":"34998"}}
2021-08-05 10:55:04 :: ----------send data payment:35193------------
2021-08-05 10:55:04 :: {"date":"2021-08-05","invoices":[{"amount":"25000","id":"35193"}],"bankAccount":2}
2021-08-05 10:55:05 :: ----------result data payment:35193------------
2021-08-05 10:55:05 :: {"id":"36610","date":"2021-08-05","number":"34999","amount":"25000.0000000000","observations":null,"anotation":null,"type":"in","paymentMethod":"","status":"open","bankAccount":{"id":"2","name":"PAYU","type":"bank"},"client":{"id":"27352","name":"yuly duran","phone":"3185840983"},"invoices":[{"id":"35193","number":"37454","date":"2021-08-05","amount":25000,"total":25000,"balance":0}],"costCenter":null,"numberTemplate":{"id":"3","prefix":"","number":"34999","fullNumber":"34999","formattedNumber":"34999"}}
2021-08-05 11:05:04 :: ----------send data payment:35194------------
2021-08-05 11:05:04 :: {"date":"2021-08-05","invoices":[{"amount":"60000","id":"35194"}],"bankAccount":2}
2021-08-05 11:05:05 :: ----------result data payment:35194------------
2021-08-05 11:05:05 :: {"id":"36611","date":"2021-08-05","number":"35000","amount":"60000.0000000000","observations":null,"anotation":null,"type":"in","paymentMethod":"","status":"open","bankAccount":{"id":"2","name":"PAYU","type":"bank"},"client":{"id":"27353","name":"Sof\u00eda \u00c1lvarez Peniche","phone":"3172951288"},"invoices":[{"id":"35194","number":"37455","date":"2021-08-05","amount":60000,"total":60000,"balance":0}],"costCenter":null,"numberTemplate":{"id":"3","prefix":"","number":"35000","fullNumber":"35000","formattedNumber":"35000"}}
2021-08-05 11:05:07 :: ----------send data payment:35195------------
2021-08-05 11:05:07 :: {"date":"2021-08-05","invoices":[{"amount":"98000","id":"35195"}],"bankAccount":2}
2021-08-05 11:05:08 :: ----------result data payment:35195------------
2021-08-05 11:05:08 :: {"id":"36612","date":"2021-08-05","number":"35001","amount":"98000.0000000000","observations":null,"anotation":null,"type":"in","paymentMethod":"","status":"open","bankAccount":{"id":"2","name":"PAYU","type":"bank"},"client":{"id":"24287","name":"Carolina Pe\u00f1a","phone":"3187379290"},"invoices":[{"id":"35195","number":"37456","date":"2021-08-05","amount":98000,"total":98000,"balance":0}],"costCenter":null,"numberTemplate":{"id":"3","prefix":"","number":"35001","fullNumber":"35001","formattedNumber":"35001"}}
2021-08-05 11:30:02 :: ----------send data payment:35196------------
2021-08-05 11:30:02 :: {"date":"2021-08-05","invoices":[{"amount":"69001","id":"35196"}],"bankAccount":2}
2021-08-05 11:30:04 :: ----------result data payment:35196------------
2021-08-05 11:30:04 :: {"id":"36613","date":"2021-08-05","number":"35002","amount":"69001.0000000000","observations":null,"anotation":null,"type":"in","paymentMethod":"","status":"open","bankAccount":{"id":"2","name":"PAYU","type":"bank"},"client":{"id":"11468","name":"Sthefanny Natalia S\u00e1tiva Cifuentes","phone":"3143233338"},"invoices":[{"id":"35196","number":"37457","date":"2021-08-05","amount":69001,"total":69001,"balance":0}],"costCenter":null,"numberTemplate":{"id":"3","prefix":"","number":"35002","fullNumber":"35002","formattedNumber":"35002"}}