
2021-09-01 01:45:10 :: ----------send data payment:36899------------
2021-09-01 01:45:10 :: {"date":"2021-09-01","invoices":[{"amount":"80001","id":"36899"}],"bankAccount":2}
2021-09-01 01:45:12 :: ----------result data payment:36899------------
2021-09-01 01:45:12 :: {"id":"38371","date":"2021-09-01","number":"36697","amount":"80001.0000000000","observations":null,"anotation":null,"type":"in","paymentMethod":"","status":"open","bankAccount":{"id":"2","name":"PAYU","type":"bank"},"client":{"id":"28719","name":"Sara Vanegas","phone":"3192078355"},"invoices":[{"id":"36899","number":"39160","date":"2021-09-01","amount":80001,"total":80001,"balance":0}],"costCenter":null,"numberTemplate":{"id":"3","prefix":"","number":"36697","fullNumber":"36697","formattedNumber":"36697"}}
2021-09-01 05:21:09 :: ----------send data payment:36900------------
2021-09-01 05:21:09 :: {"date":"2021-09-01","invoices":[{"amount":"31000","id":"36900"}],"bankAccount":2}
2021-09-01 05:21:10 :: ----------result data payment:36900------------
2021-09-01 05:21:10 :: {"id":"38372","date":"2021-09-01","number":"36698","amount":"31000.0000000000","observations":null,"anotation":null,"type":"in","paymentMethod":"","status":"open","bankAccount":{"id":"2","name":"PAYU","type":"bank"},"client":{"id":"28720","name":"Angie Natalie Osorio","phone":"3003323768"},"invoices":[{"id":"36900","number":"39161","date":"2021-09-01","amount":31000,"total":31000,"balance":0}],"costCenter":null,"numberTemplate":{"id":"3","prefix":"","number":"36698","fullNumber":"36698","formattedNumber":"36698"}}
2021-09-01 07:41:11 :: ----------send data payment:36901------------
2021-09-01 07:41:11 :: {"date":"2021-09-01","invoices":[{"amount":"22600","id":"36901"}],"bankAccount":2}
2021-09-01 07:41:12 :: ----------result data payment:36901------------
2021-09-01 07:41:12 :: {"id":"38373","date":"2021-09-01","number":"36699","amount":"22600.0000000000","observations":null,"anotation":null,"type":"in","paymentMethod":"","status":"open","bankAccount":{"id":"2","name":"PAYU","type":"bank"},"client":{"id":"28721","name":"PATRICIA RAMIREZ","phone":"2943330"},"invoices":[{"id":"36901","number":"39162","date":"2021-09-01","amount":22600,"total":22600,"balance":0}],"costCenter":null,"numberTemplate":{"id":"3","prefix":"","number":"36699","fullNumber":"36699","formattedNumber":"36699"}}
2021-09-01 08:25:05 :: ----------send data payment:36902------------
2021-09-01 08:25:05 :: {"date":"2021-09-01","invoices":[{"amount":"100000","id":"36902"}],"bankAccount":2}
2021-09-01 08:25:06 :: ----------result data payment:36902------------
2021-09-01 08:25:06 :: {"id":"38374","date":"2021-09-01","number":"36700","amount":"100000.0000000000","observations":null,"anotation":null,"type":"in","paymentMethod":"","status":"open","bankAccount":{"id":"2","name":"PAYU","type":"bank"},"client":{"id":"2074","name":"Ivonne Dahiana Porres Quientero","phone":"3117595596"},"invoices":[{"id":"36902","number":"39163","date":"2021-09-01","amount":100000,"total":100000,"balance":0}],"costCenter":null,"numberTemplate":{"id":"3","prefix":"","number":"36700","fullNumber":"36700","formattedNumber":"36700"}}
2021-09-01 09:03:27 :: ----------send data payment:36903------------
2021-09-01 09:03:27 :: {"date":"2021-09-01","invoices":[{"amount":"49000","id":"36903"}],"bankAccount":2}
2021-09-01 09:03:28 :: ----------result data payment:36903------------
2021-09-01 09:03:28 :: {"id":"38375","date":"2021-09-01","number":"36701","amount":"49000.0000000000","observations":null,"anotation":null,"type":"in","paymentMethod":"","status":"open","bankAccount":{"id":"2","name":"PAYU","type":"bank"},"client":{"id":"10471","name":"Sandra Saldarriaga","phone":"3136429625"},"invoices":[{"id":"36903","number":"39164","date":"2021-09-01","amount":49000,"total":49000,"balance":0}],"costCenter":null,"numberTemplate":{"id":"3","prefix":"","number":"36701","fullNumber":"36701","formattedNumber":"36701"}}
2021-09-01 09:48:11 :: ----------send data payment:36904------------
2021-09-01 09:48:11 :: {"date":"2021-09-01","invoices":[{"amount":"45000","id":"36904"}],"bankAccount":2}
2021-09-01 09:48:13 :: ----------result data payment:36904------------
2021-09-01 09:48:13 :: {"id":"38376","date":"2021-09-01","number":"36702","amount":"45000.0000000000","observations":null,"anotation":null,"type":"in","paymentMethod":"","status":"open","bankAccount":{"id":"2","name":"PAYU","type":"bank"},"client":{"id":"28723","name":"Yuliet Paola Soto Vanegas","phone":"3209566042"},"invoices":[{"id":"36904","number":"39165","date":"2021-09-01","amount":45000,"total":45000,"balance":0}],"costCenter":null,"numberTemplate":{"id":"3","prefix":"","number":"36702","fullNumber":"36702","formattedNumber":"36702"}}
2021-09-01 09:48:16 :: ----------send data payment:36905------------
2021-09-01 09:48:16 :: {"date":"2021-09-01","invoices":[{"amount":"120000","id":"36905"}],"bankAccount":2}
2021-09-01 09:48:19 :: ----------result data payment:36905------------
2021-09-01 09:48:19 :: {"id":"38377","date":"2021-09-01","number":"36703","amount":"120000.0000000000","observations":null,"anotation":null,"type":"in","paymentMethod":"","status":"open","bankAccount":{"id":"2","name":"PAYU","type":"bank"},"client":{"id":"28724","name":"Daniela","phone":"3196528426"},"invoices":[{"id":"36905","number":"39166","date":"2021-09-01","amount":120000,"total":120000,"balance":0}],"costCenter":null,"numberTemplate":{"id":"3","prefix":"","number":"36703","fullNumber":"36703","formattedNumber":"36703"}}
2021-09-01 10:01:10 :: ----------send data payment:36909------------
2021-09-01 10:01:10 :: {"date":"2021-09-01","invoices":[{"amount":"55000","id":"36909"}],"bankAccount":2}
2021-09-01 10:01:12 :: ----------result data payment:36909------------
2021-09-01 10:01:12 :: {"id":"38379","date":"2021-09-01","number":"36705","amount":"55000.0000000000","observations":null,"anotation":null,"type":"in","paymentMethod":"","status":"open","bankAccount":{"id":"2","name":"PAYU","type":"bank"},"client":{"id":"28725","name":"Juliana Lorena Huergo Barreto","phone":"3165155819"},"invoices":[{"id":"36909","number":"39170","date":"2021-09-01","amount":55000,"total":55000,"balance":0}],"costCenter":null,"numberTemplate":{"id":"3","prefix":"","number":"36705","fullNumber":"36705","formattedNumber":"36705"}}
2021-09-01 10:12:04 :: ----------send data payment:36910------------
2021-09-01 10:12:04 :: {"date":"2021-09-01","invoices":[{"amount":"70000","id":"36910"}],"bankAccount":2}
2021-09-01 10:12:06 :: ----------result data payment:36910------------
2021-09-01 10:12:06 :: {"id":"38380","date":"2021-09-01","number":"36706","amount":"70000.0000000000","observations":null,"anotation":null,"type":"in","paymentMethod":"","status":"open","bankAccount":{"id":"2","name":"PAYU","type":"bank"},"client":{"id":"28726","name":"paola marcela onatra erazo","phone":"3208403632"},"invoices":[{"id":"36910","number":"39171","date":"2021-09-01","amount":70000,"total":70000,"balance":0}],"costCenter":null,"numberTemplate":{"id":"3","prefix":"","number":"36706","fullNumber":"36706","formattedNumber":"36706"}}
2021-09-01 10:32:07 :: ----------send data payment:36911------------
2021-09-01 10:32:07 :: {"date":"2021-09-01","invoices":[{"amount":"351999","id":"36911"}],"bankAccount":2}
2021-09-01 10:32:10 :: ----------result data payment:36911------------
2021-09-01 10:32:10 :: {"id":"38381","date":"2021-09-01","number":"36707","amount":"351999.0000000000","observations":null,"anotation":null,"type":"in","paymentMethod":"","status":"open","bankAccount":{"id":"2","name":"PAYU","type":"bank"},"client":{"id":"28727","name":"Dayan Rodriguez","phone":"3213890524"},"invoices":[{"id":"36911","number":"39172","date":"2021-09-01","amount":351999,"total":351999,"balance":0}],"costCenter":null,"numberTemplate":{"id":"3","prefix":"","number":"36707","fullNumber":"36707","formattedNumber":"36707"}}
2021-09-01 10:36:14 :: ----------send data payment:36912------------
2021-09-01 10:36:14 :: {"date":"2021-09-01","invoices":[{"amount":"180001","id":"36912"}],"bankAccount":2}
2021-09-01 10:36:17 :: ----------result data payment:36912------------
2021-09-01 10:36:17 :: {"id":"38382","date":"2021-09-01","number":"36708","amount":"180001.0000000000","observations":null,"anotation":null,"type":"in","paymentMethod":"","status":"open","bankAccount":{"id":"2","name":"PAYU","type":"bank"},"client":{"id":"28728","name":"Nicol Saavedra","phone":"3222113826"},"invoices":[{"id":"36912","number":"39173","date":"2021-09-01","amount":180001,"total":180001,"balance":0}],"costCenter":null,"numberTemplate":{"id":"3","prefix":"","number":"36708","fullNumber":"36708","formattedNumber":"36708"}}
2021-09-01 10:45:06 :: ----------send data payment:36913------------
2021-09-01 10:45:06 :: {"date":"2021-09-01","invoices":[{"amount":"80001","id":"36913"}],"bankAccount":2}
2021-09-01 10:45:07 :: ----------result data payment:36913------------
2021-09-01 10:45:07 :: {"id":"38383","date":"2021-09-01","number":"36709","amount":"80001.0000000000","observations":null,"anotation":null,"type":"in","paymentMethod":"","status":"open","bankAccount":{"id":"2","name":"PAYU","type":"bank"},"client":{"id":"28729","name":"Estefani gonzalez lugo","phone":"3104766283"},"invoices":[{"id":"36913","number":"39174","date":"2021-09-01","amount":80001,"total":80001,"balance":0}],"costCenter":null,"numberTemplate":{"id":"3","prefix":"","number":"36709","fullNumber":"36709","formattedNumber":"36709"}}
2021-09-01 11:29:08 :: ----------send data payment:36916------------
2021-09-01 11:29:08 :: {"date":"2021-09-01","invoices":[{"amount":"40000","id":"36916"}],"bankAccount":2}
2021-09-01 11:29:10 :: ----------result data payment:36916------------
2021-09-01 11:29:10 :: {"id":"38386","date":"2021-09-01","number":"36712","amount":"40000.0000000000","observations":null,"anotation":null,"type":"in","paymentMethod":"","status":"open","bankAccount":{"id":"2","name":"PAYU","type":"bank"},"client":{"id":"28731","name":"Andrea Parrado","phone":"3017803187"},"invoices":[{"id":"36916","number":"39177","date":"2021-09-01","amount":40000,"total":40000,"balance":0}],"costCenter":null,"numberTemplate":{"id":"3","prefix":"","number":"36712","fullNumber":"36712","formattedNumber":"36712"}}
2021-09-01 11:46:09 :: ----------send data payment:36917------------
2021-09-01 11:46:09 :: {"date":"2021-09-01","invoices":[{"amount":"43000","id":"36917"}],"bankAccount":2}
2021-09-01 11:46:10 :: ----------result data payment:36917------------
2021-09-01 11:46:10 :: {"id":"38387","date":"2021-09-01","number":"36713","amount":"43000.0000000000","observations":null,"anotation":null,"type":"in","paymentMethod":"","status":"open","bankAccount":{"id":"2","name":"PAYU","type":"bank"},"client":{"id":"13282","name":"Daniela Mu\u00f1oz","phone":"3203423668"},"invoices":[{"id":"36917","number":"39178","date":"2021-09-01","amount":43000,"total":43000,"balance":0}],"costCenter":null,"numberTemplate":{"id":"3","prefix":"","number":"36713","fullNumber":"36713","formattedNumber":"36713"}}
2021-09-01 01:05:04 :: ----------send data payment:36918------------
2021-09-01 01:05:04 :: {"date":"2021-09-01","invoices":[{"amount":"30000","id":"36918"}],"bankAccount":2}
2021-09-01 01:05:05 :: ----------result data payment:36918------------
2021-09-01 01:05:05 :: {"id":"38389","date":"2021-09-01","number":"36714","amount":"30000.0000000000","observations":null,"anotation":null,"type":"in","paymentMethod":"","status":"open","bankAccount":{"id":"2","name":"PAYU","type":"bank"},"client":{"id":"28732","name":"Viviana Herazo","phone":"3122917776"},"invoices":[{"id":"36918","number":"39179","date":"2021-09-01","amount":30000,"total":30000,"balance":0}],"costCenter":null,"numberTemplate":{"id":"3","prefix":"","number":"36714","fullNumber":"36714","formattedNumber":"36714"}}
2021-09-01 01:05:08 :: ----------send data payment:36919------------
2021-09-01 01:05:08 :: {"date":"2021-09-01","invoices":[{"amount":"164999","id":"36919"}],"bankAccount":2}
2021-09-01 01:05:10 :: ----------result data payment:36919------------
2021-09-01 01:05:10 :: {"id":"38390","date":"2021-09-01","number":"36715","amount":"164999.0000000000","observations":null,"anotation":null,"type":"in","paymentMethod":"","status":"open","bankAccount":{"id":"2","name":"PAYU","type":"bank"},"client":{"id":"22013","name":"Natalia Cruz","phone":"3057044866"},"invoices":[{"id":"36919","number":"39180","date":"2021-09-01","amount":164999,"total":164999,"balance":0}],"costCenter":null,"numberTemplate":{"id":"3","prefix":"","number":"36715","fullNumber":"36715","formattedNumber":"36715"}}
2021-09-01 01:21:18 :: ----------send data payment:36920------------
2021-09-01 01:21:18 :: {"date":"2021-09-01","invoices":[{"amount":"100000","id":"36920"}],"bankAccount":2}
2021-09-01 01:21:20 :: ----------result data payment:36920------------
2021-09-01 01:21:20 :: {"id":"38391","date":"2021-09-01","number":"36716","amount":"100000.0000000000","observations":null,"anotation":null,"type":"in","paymentMethod":"","status":"open","bankAccount":{"id":"2","name":"PAYU","type":"bank"},"client":{"id":"28733","name":"Maria Camila Garcia Caicedo","phone":"6643437"},"invoices":[{"id":"36920","number":"39181","date":"2021-09-01","amount":100000,"total":100000,"balance":0}],"costCenter":null,"numberTemplate":{"id":"3","prefix":"","number":"36716","fullNumber":"36716","formattedNumber":"36716"}}
2021-09-01 01:52:04 :: ----------send data payment:36921------------
2021-09-01 01:52:04 :: {"date":"2021-09-01","invoices":[{"amount":"70000","id":"36921"}],"bankAccount":2}
2021-09-01 01:52:06 :: ----------result data payment:36921------------
2021-09-01 01:52:06 :: {"id":"38393","date":"2021-09-01","number":"36717","amount":"70000.0000000000","observations":null,"anotation":null,"type":"in","paymentMethod":"","status":"open","bankAccount":{"id":"2","name":"PAYU","type":"bank"},"client":{"id":"28734","name":"Verena Torres","phone":"3005728424"},"invoices":[{"id":"36921","number":"39182","date":"2021-09-01","amount":70000,"total":70000,"balance":0}],"costCenter":null,"numberTemplate":{"id":"3","prefix":"","number":"36717","fullNumber":"36717","formattedNumber":"36717"}}
2021-09-01 01:58:04 :: ----------send data payment:36922------------
2021-09-01 01:58:04 :: {"date":"2021-09-01","invoices":[{"amount":"101000","id":"36922"}],"bankAccount":2}
2021-09-01 01:58:05 :: ----------result data payment:36922------------
2021-09-01 01:58:05 :: {"id":"38394","date":"2021-09-01","number":"36718","amount":"101000.0000000000","observations":null,"anotation":null,"type":"in","paymentMethod":"","status":"open","bankAccount":{"id":"2","name":"PAYU","type":"bank"},"client":{"id":"6060","name":"Diana Fernanda Garcia Carvajal","phone":"3174967823"},"invoices":[{"id":"36922","number":"39183","date":"2021-09-01","amount":101000,"total":101000,"balance":0}],"costCenter":null,"numberTemplate":{"id":"3","prefix":"","number":"36718","fullNumber":"36718","formattedNumber":"36718"}}
2021-09-01 02:38:05 :: ----------send data payment:36923------------
2021-09-01 02:38:05 :: {"date":"2021-09-01","invoices":[{"amount":"119000","id":"36923"}],"bankAccount":2}
2021-09-01 02:38:07 :: ----------result data payment:36923------------
2021-09-01 02:38:07 :: {"id":"38395","date":"2021-09-01","number":"36719","amount":"119000.0000000000","observations":null,"anotation":null,"type":"in","paymentMethod":"","status":"open","bankAccount":{"id":"2","name":"PAYU","type":"bank"},"client":{"id":"28735","name":"Yanina Elizabeth Diaz","phone":"3209316578"},"invoices":[{"id":"36923","number":"39184","date":"2021-09-01","amount":119000,"total":119000,"balance":0}],"costCenter":null,"numberTemplate":{"id":"3","prefix":"","number":"36719","fullNumber":"36719","formattedNumber":"36719"}}
2021-09-01 02:44:06 :: ----------send data payment:36924------------
2021-09-01 02:44:06 :: {"date":"2021-09-01","invoices":[{"amount":"110999","id":"36924"}],"bankAccount":2}
2021-09-01 02:44:08 :: ----------result data payment:36924------------
2021-09-01 02:44:08 :: {"id":"38396","date":"2021-09-01","number":"36720","amount":"110999.0000000000","observations":null,"anotation":null,"type":"in","paymentMethod":"","status":"open","bankAccount":{"id":"2","name":"PAYU","type":"bank"},"client":{"id":"26027","name":"Daniela orozco","phone":"3164319969"},"invoices":[{"id":"36924","number":"39185","date":"2021-09-01","amount":110999,"total":110999,"balance":0}],"costCenter":null,"numberTemplate":{"id":"3","prefix":"","number":"36720","fullNumber":"36720","formattedNumber":"36720"}}
2021-09-01 02:48:05 :: ----------send data payment:36925------------
2021-09-01 02:48:05 :: {"date":"2021-09-01","invoices":[{"amount":"25000","id":"36925"}],"bankAccount":2}
2021-09-01 02:48:07 :: ----------result data payment:36925------------
2021-09-01 02:48:07 :: {"id":"38397","date":"2021-09-01","number":"36721","amount":"25000.0000000000","observations":null,"anotation":null,"type":"in","paymentMethod":"","status":"open","bankAccount":{"id":"2","name":"PAYU","type":"bank"},"client":{"id":"28736","name":"Andrea Monta\u00f1a","phone":"3144341710"},"invoices":[{"id":"36925","number":"39186","date":"2021-09-01","amount":25000,"total":25000,"balance":0}],"costCenter":null,"numberTemplate":{"id":"3","prefix":"","number":"36721","fullNumber":"36721","formattedNumber":"36721"}}
2021-09-01 03:25:03 :: ----------send data payment:36926------------
2021-09-01 03:25:03 :: {"date":"2021-09-01","invoices":[{"amount":"130000","id":"36926"}],"bankAccount":2}
2021-09-01 03:25:05 :: ----------result data payment:36926------------
2021-09-01 03:25:05 :: {"id":"38401","date":"2021-09-01","number":"36722","amount":"130000.0000000000","observations":null,"anotation":null,"type":"in","paymentMethod":"","status":"open","bankAccount":{"id":"2","name":"PAYU","type":"bank"},"client":{"id":"16372","name":"Maria paula delgado","phone":"3193795229"},"invoices":[{"id":"36926","number":"39187","date":"2021-09-01","amount":130000,"total":130000,"balance":0}],"costCenter":null,"numberTemplate":{"id":"3","prefix":"","number":"36722","fullNumber":"36722","formattedNumber":"36722"}}
2021-09-01 03:30:05 :: ----------send data payment:36927------------
2021-09-01 03:30:05 :: {"date":"2021-09-01","invoices":[{"amount":"50001","id":"36927"}],"bankAccount":2}
2021-09-01 03:30:06 :: ----------result data payment:36927------------
2021-09-01 03:30:06 :: {"id":"38402","date":"2021-09-01","number":"36723","amount":"50001.0000000000","observations":null,"anotation":null,"type":"in","paymentMethod":"","status":"open","bankAccount":{"id":"2","name":"PAYU","type":"bank"},"client":{"id":"16206","name":"Paula Andrea P\u00e1ez","phone":"3187126010"},"invoices":[{"id":"36927","number":"39188","date":"2021-09-01","amount":50001,"total":50001,"balance":0}],"costCenter":null,"numberTemplate":{"id":"3","prefix":"","number":"36723","fullNumber":"36723","formattedNumber":"36723"}}
2021-09-01 04:26:21 :: ----------send data payment:36928------------
2021-09-01 04:26:21 :: {"date":"2021-09-01","invoices":[{"amount":"24000","id":"36928"}],"bankAccount":2}
2021-09-01 04:26:24 :: ----------result data payment:36928------------
2021-09-01 04:26:24 :: {"id":"38407","date":"2021-09-01","number":"36724","amount":"24000.0000000000","observations":null,"anotation":null,"type":"in","paymentMethod":"","status":"open","bankAccount":{"id":"2","name":"PAYU","type":"bank"},"client":{"id":"28737","name":"Lorena Cruz","phone":"3204332569"},"invoices":[{"id":"36928","number":"39189","date":"2021-09-01","amount":24000,"total":24000,"balance":0}],"costCenter":null,"numberTemplate":{"id":"3","prefix":"","number":"36724","fullNumber":"36724","formattedNumber":"36724"}}
2021-09-01 04:27:06 :: ----------send data payment:36929------------
2021-09-01 04:27:06 :: {"date":"2021-09-01","invoices":[{"amount":"101000","id":"36929"}],"bankAccount":2}
2021-09-01 04:27:08 :: ----------result data payment:36929------------
2021-09-01 04:27:08 :: {"id":"38408","date":"2021-09-01","number":"36725","amount":"101000.0000000000","observations":null,"anotation":null,"type":"in","paymentMethod":"","status":"open","bankAccount":{"id":"2","name":"PAYU","type":"bank"},"client":{"id":"15982","name":"Raul Gamboa","phone":"3227216829"},"invoices":[{"id":"36929","number":"39190","date":"2021-09-01","amount":101000,"total":101000,"balance":0}],"costCenter":null,"numberTemplate":{"id":"3","prefix":"","number":"36725","fullNumber":"36725","formattedNumber":"36725"}}
2021-09-01 04:34:06 :: ----------send data payment:36930------------
2021-09-01 04:34:06 :: {"date":"2021-09-01","invoices":[{"amount":"104000","id":"36930"}],"bankAccount":2}
2021-09-01 04:34:08 :: ----------result data payment:36930------------
2021-09-01 04:34:08 :: {"id":"38409","date":"2021-09-01","number":"36726","amount":"104000.0000000000","observations":null,"anotation":null,"type":"in","paymentMethod":"","status":"open","bankAccount":{"id":"2","name":"PAYU","type":"bank"},"client":{"id":"28738","name":"Geraldin Arturo montes","phone":"3192023100"},"invoices":[{"id":"36930","number":"39191","date":"2021-09-01","amount":104000,"total":104000,"balance":0}],"costCenter":null,"numberTemplate":{"id":"3","prefix":"","number":"36726","fullNumber":"36726","formattedNumber":"36726"}}
2021-09-01 04:47:08 :: ----------send data payment:36931------------
2021-09-01 04:47:08 :: {"date":"2021-09-01","invoices":[{"amount":"37001","id":"36931"}],"bankAccount":2}
2021-09-01 04:47:10 :: ----------result data payment:36931------------
2021-09-01 04:47:10 :: {"id":"38410","date":"2021-09-01","number":"36727","amount":"37001.0000000000","observations":null,"anotation":null,"type":"in","paymentMethod":"","status":"open","bankAccount":{"id":"2","name":"PAYU","type":"bank"},"client":{"id":"28739","name":"Mariana Aristiz\u00e1bal Guti\u00e9rrez.","phone":"3215527963"},"invoices":[{"id":"36931","number":"39192","date":"2021-09-01","amount":37001,"total":37001,"balance":0}],"costCenter":null,"numberTemplate":{"id":"3","prefix":"","number":"36727","fullNumber":"36727","formattedNumber":"36727"}}
2021-09-01 05:17:06 :: ----------send data payment:36932------------
2021-09-01 05:17:06 :: {"date":"2021-09-01","invoices":[{"amount":"69000","id":"36932"}],"bankAccount":2}
2021-09-01 05:17:07 :: ----------result data payment:36932------------
2021-09-01 05:17:07 :: {"id":"38411","date":"2021-09-01","number":"36728","amount":"69000.0000000000","observations":null,"anotation":null,"type":"in","paymentMethod":"","status":"open","bankAccount":{"id":"2","name":"PAYU","type":"bank"},"client":{"id":"28741","name":"Isabella Avirama","phone":"3152106014"},"invoices":[{"id":"36932","number":"39193","date":"2021-09-01","amount":69000,"total":69000,"balance":0}],"costCenter":null,"numberTemplate":{"id":"3","prefix":"","number":"36728","fullNumber":"36728","formattedNumber":"36728"}}
2021-09-01 05:20:05 :: ----------send data payment:36933------------
2021-09-01 05:20:05 :: {"date":"2021-09-01","invoices":[{"amount":"70000","id":"36933"}],"bankAccount":2}
2021-09-01 05:20:06 :: ----------result data payment:36933------------
2021-09-01 05:20:06 :: {"id":"38412","date":"2021-09-01","number":"36729","amount":"70000.0000000000","observations":null,"anotation":null,"type":"in","paymentMethod":"","status":"open","bankAccount":{"id":"2","name":"PAYU","type":"bank"},"client":{"id":"28742","name":"MARIA CAMILA MORALES ESCOBAR","phone":"3207690111"},"invoices":[{"id":"36933","number":"39194","date":"2021-09-01","amount":70000,"total":70000,"balance":0}],"costCenter":null,"numberTemplate":{"id":"3","prefix":"","number":"36729","fullNumber":"36729","formattedNumber":"36729"}}
2021-09-01 06:02:06 :: ----------send data payment:36935------------
2021-09-01 06:02:06 :: {"date":"2021-09-01","invoices":[{"amount":"101000","id":"36935"}],"bankAccount":2}
2021-09-01 06:02:07 :: ----------result data payment:36935------------
2021-09-01 06:02:07 :: {"id":"38414","date":"2021-09-01","number":"36731","amount":"101000.0000000000","observations":null,"anotation":null,"type":"in","paymentMethod":"","status":"open","bankAccount":{"id":"2","name":"PAYU","type":"bank"},"client":{"id":"24146","name":"Carolina Romero","phone":"3233236847"},"invoices":[{"id":"36935","number":"39196","date":"2021-09-01","amount":101000,"total":101000,"balance":0}],"costCenter":null,"numberTemplate":{"id":"3","prefix":"","number":"36731","fullNumber":"36731","formattedNumber":"36731"}}
2021-09-01 06:25:07 :: ----------send data payment:36936------------
2021-09-01 06:25:07 :: {"date":"2021-09-01","invoices":[{"amount":"26000","id":"36936"}],"bankAccount":2}
2021-09-01 06:25:09 :: ----------result data payment:36936------------
2021-09-01 06:25:09 :: {"id":"38415","date":"2021-09-01","number":"36732","amount":"26000.0000000000","observations":null,"anotation":null,"type":"in","paymentMethod":"","status":"open","bankAccount":{"id":"2","name":"PAYU","type":"bank"},"client":{"id":"28743","name":"Nataly bedoya","phone":"3023342513"},"invoices":[{"id":"36936","number":"39197","date":"2021-09-01","amount":26000,"total":26000,"balance":0}],"costCenter":null,"numberTemplate":{"id":"3","prefix":"","number":"36732","fullNumber":"36732","formattedNumber":"36732"}}
2021-09-01 07:14:05 :: ----------send data payment:36937------------
2021-09-01 07:14:05 :: {"date":"2021-09-01","invoices":[{"amount":"50000","id":"36937"}],"bankAccount":2}
2021-09-01 07:14:07 :: ----------result data payment:36937------------
2021-09-01 07:14:07 :: {"id":"38416","date":"2021-09-01","number":"36733","amount":"50000.0000000000","observations":null,"anotation":null,"type":"in","paymentMethod":"","status":"open","bankAccount":{"id":"2","name":"PAYU","type":"bank"},"client":{"id":"28744","name":"Mariana Parada Caicedo","phone":"3182065617"},"invoices":[{"id":"36937","number":"39198","date":"2021-09-01","amount":50000,"total":50000,"balance":0}],"costCenter":null,"numberTemplate":{"id":"3","prefix":"","number":"36733","fullNumber":"36733","formattedNumber":"36733"}}
2021-09-01 07:30:06 :: ----------send data payment:36938------------
2021-09-01 07:30:06 :: {"date":"2021-09-01","invoices":[{"amount":"55000","id":"36938"}],"bankAccount":2}
2021-09-01 07:30:08 :: ----------result data payment:36938------------
2021-09-01 07:30:08 :: {"id":"38417","date":"2021-09-01","number":"36734","amount":"55000.0000000000","observations":null,"anotation":null,"type":"in","paymentMethod":"","status":"open","bankAccount":{"id":"2","name":"PAYU","type":"bank"},"client":{"id":"28745","name":"ADRIANA TORRES","phone":"3177877464"},"invoices":[{"id":"36938","number":"39199","date":"2021-09-01","amount":55000,"total":55000,"balance":0}],"costCenter":null,"numberTemplate":{"id":"3","prefix":"","number":"36734","fullNumber":"36734","formattedNumber":"36734"}}
2021-09-01 07:34:05 :: ----------send data payment:36939------------
2021-09-01 07:34:05 :: {"date":"2021-09-01","invoices":[{"amount":"70000","id":"36939"}],"bankAccount":2}
2021-09-01 07:34:06 :: ----------result data payment:36939------------
2021-09-01 07:34:06 :: {"id":"38418","date":"2021-09-01","number":"36735","amount":"70000.0000000000","observations":null,"anotation":null,"type":"in","paymentMethod":"","status":"open","bankAccount":{"id":"2","name":"PAYU","type":"bank"},"client":{"id":"28746","name":"Diana Guevara","phone":"3058026213"},"invoices":[{"id":"36939","number":"39200","date":"2021-09-01","amount":70000,"total":70000,"balance":0}],"costCenter":null,"numberTemplate":{"id":"3","prefix":"","number":"36735","fullNumber":"36735","formattedNumber":"36735"}}
2021-09-01 09:00:07 :: ----------send data payment:36940------------
2021-09-01 09:00:07 :: {"date":"2021-09-01","invoices":[{"amount":"36000","id":"36940"}],"bankAccount":2}
2021-09-01 09:00:08 :: ----------result data payment:36940------------
2021-09-01 09:00:08 :: {"id":"38419","date":"2021-09-01","number":"36736","amount":"36000.0000000000","observations":null,"anotation":null,"type":"in","paymentMethod":"","status":"open","bankAccount":{"id":"2","name":"PAYU","type":"bank"},"client":{"id":"28747","name":"Mariela acabas","phone":"3015872832"},"invoices":[{"id":"36940","number":"39201","date":"2021-09-01","amount":36000,"total":36000,"balance":0}],"costCenter":null,"numberTemplate":{"id":"3","prefix":"","number":"36736","fullNumber":"36736","formattedNumber":"36736"}}
2021-09-01 09:02:05 :: ----------send data payment:36941------------
2021-09-01 09:02:05 :: {"date":"2021-09-01","invoices":[{"amount":"40000","id":"36941"}],"bankAccount":2}
2021-09-01 09:02:07 :: ----------result data payment:36941------------
2021-09-01 09:02:07 :: {"id":"38420","date":"2021-09-01","number":"36737","amount":"40000.0000000000","observations":null,"anotation":null,"type":"in","paymentMethod":"","status":"open","bankAccount":{"id":"2","name":"PAYU","type":"bank"},"client":{"id":"28748","name":"LAURA SANTAMARIA","phone":"3188896338"},"invoices":[{"id":"36941","number":"39202","date":"2021-09-01","amount":40000,"total":40000,"balance":0}],"costCenter":null,"numberTemplate":{"id":"3","prefix":"","number":"36737","fullNumber":"36737","formattedNumber":"36737"}}
2021-09-01 09:10:06 :: ----------send data payment:36942------------
2021-09-01 09:10:06 :: {"date":"2021-09-01","invoices":[{"amount":"288000","id":"36942"}],"bankAccount":2}
2021-09-01 09:10:08 :: ----------result data payment:36942------------
2021-09-01 09:10:08 :: {"id":"38421","date":"2021-09-01","number":"36738","amount":"288000.0000000000","observations":null,"anotation":null,"type":"in","paymentMethod":"","status":"open","bankAccount":{"id":"2","name":"PAYU","type":"bank"},"client":{"id":"28749","name":"Ingrid paola","phone":"3204168379"},"invoices":[{"id":"36942","number":"39203","date":"2021-09-01","amount":288000,"total":288000,"balance":0}],"costCenter":null,"numberTemplate":{"id":"3","prefix":"","number":"36738","fullNumber":"36738","formattedNumber":"36738"}}
2021-09-01 09:18:05 :: ----------send data payment:36943------------
2021-09-01 09:18:05 :: {"date":"2021-09-01","invoices":[{"amount":"145999","id":"36943"}],"bankAccount":2}
2021-09-01 09:18:06 :: ----------result data payment:36943------------
2021-09-01 09:18:06 :: {"id":"38422","date":"2021-09-01","number":"36739","amount":"145999.0000000000","observations":null,"anotation":null,"type":"in","paymentMethod":"","status":"open","bankAccount":{"id":"2","name":"PAYU","type":"bank"},"client":{"id":"26636","name":"Alejandra G\u00f3mez","phone":"3044756793"},"invoices":[{"id":"36943","number":"39204","date":"2021-09-01","amount":145999,"total":145999,"balance":0}],"costCenter":null,"numberTemplate":{"id":"3","prefix":"","number":"36739","fullNumber":"36739","formattedNumber":"36739"}}
2021-09-01 09:38:04 :: ----------send data payment:36944------------
2021-09-01 09:38:04 :: {"date":"2021-09-01","invoices":[{"amount":"70000","id":"36944"}],"bankAccount":2}
2021-09-01 09:38:06 :: ----------result data payment:36944------------
2021-09-01 09:38:06 :: {"id":"38423","date":"2021-09-01","number":"36740","amount":"70000.0000000000","observations":null,"anotation":null,"type":"in","paymentMethod":"","status":"open","bankAccount":{"id":"2","name":"PAYU","type":"bank"},"client":{"id":"28750","name":"Yarlin Moreno","phone":"3102805841"},"invoices":[{"id":"36944","number":"39205","date":"2021-09-01","amount":70000,"total":70000,"balance":0}],"costCenter":null,"numberTemplate":{"id":"3","prefix":"","number":"36740","fullNumber":"36740","formattedNumber":"36740"}}
2021-09-01 09:53:04 :: ----------send data payment:36945------------
2021-09-01 09:53:04 :: {"date":"2021-09-01","invoices":[{"amount":"45001","id":"36945"}],"bankAccount":2}
2021-09-01 09:53:05 :: ----------result data payment:36945------------
2021-09-01 09:53:05 :: {"id":"38424","date":"2021-09-01","number":"36741","amount":"45001.0000000000","observations":null,"anotation":null,"type":"in","paymentMethod":"","status":"open","bankAccount":{"id":"2","name":"PAYU","type":"bank"},"client":{"id":"28430","name":"Michelle ceron","phone":"3148300723"},"invoices":[{"id":"36945","number":"39206","date":"2021-09-01","amount":45001,"total":45001,"balance":0}],"costCenter":null,"numberTemplate":{"id":"3","prefix":"","number":"36741","fullNumber":"36741","formattedNumber":"36741"}}
2021-09-01 10:03:04 :: ----------send data payment:36946------------
2021-09-01 10:03:04 :: {"date":"2021-09-01","invoices":[{"amount":"260000","id":"36946"}],"bankAccount":2}
2021-09-01 10:03:05 :: ----------result data payment:36946------------
2021-09-01 10:03:05 :: {"id":"38425","date":"2021-09-01","number":"36742","amount":"260000.0000000000","observations":null,"anotation":null,"type":"in","paymentMethod":"","status":"open","bankAccount":{"id":"2","name":"PAYU","type":"bank"},"client":{"id":"28751","name":"Xiomara Pareja","phone":"3124451606"},"invoices":[{"id":"36946","number":"39207","date":"2021-09-01","amount":260000,"total":260000,"balance":0}],"costCenter":null,"numberTemplate":{"id":"3","prefix":"","number":"36742","fullNumber":"36742","formattedNumber":"36742"}}
2021-09-01 10:13:03 :: ----------send data payment:36947------------
2021-09-01 10:13:03 :: {"date":"2021-09-01","invoices":[{"amount":"200001","id":"36947"}],"bankAccount":2}
2021-09-01 10:13:04 :: ----------result data payment:36947------------
2021-09-01 10:13:04 :: {"id":"38426","date":"2021-09-01","number":"36743","amount":"200001.0000000000","observations":null,"anotation":null,"type":"in","paymentMethod":"","status":"open","bankAccount":{"id":"2","name":"PAYU","type":"bank"},"client":{"id":"28751","name":"Xiomara Pareja","phone":"3124451606"},"invoices":[{"id":"36947","number":"39208","date":"2021-09-01","amount":200001,"total":200001,"balance":0}],"costCenter":null,"numberTemplate":{"id":"3","prefix":"","number":"36743","fullNumber":"36743","formattedNumber":"36743"}}
2021-09-01 10:22:04 :: ----------send data payment:36948------------
2021-09-01 10:22:04 :: {"date":"2021-09-01","invoices":[{"amount":"105000","id":"36948"}],"bankAccount":2}
2021-09-01 10:22:05 :: ----------result data payment:36948------------
2021-09-01 10:22:05 :: {"id":"38427","date":"2021-09-01","number":"36744","amount":"105000.0000000000","observations":null,"anotation":null,"type":"in","paymentMethod":"","status":"open","bankAccount":{"id":"2","name":"PAYU","type":"bank"},"client":{"id":"28752","name":"Jessica Ramirez","phone":"3154255838"},"invoices":[{"id":"36948","number":"39209","date":"2021-09-01","amount":105000,"total":105000,"balance":0}],"costCenter":null,"numberTemplate":{"id":"3","prefix":"","number":"36744","fullNumber":"36744","formattedNumber":"36744"}}
2021-09-01 10:27:04 :: ----------send data payment:36949------------
2021-09-01 10:27:04 :: {"date":"2021-09-01","invoices":[{"amount":"68600","id":"36949"}],"bankAccount":2}
2021-09-01 10:27:05 :: ----------result data payment:36949------------
2021-09-01 10:27:05 :: {"id":"38428","date":"2021-09-01","number":"36745","amount":"68600.0000000000","observations":null,"anotation":null,"type":"in","paymentMethod":"","status":"open","bankAccount":{"id":"2","name":"PAYU","type":"bank"},"client":{"id":"28753","name":"Marcela Marin","phone":"3217149564"},"invoices":[{"id":"36949","number":"39210","date":"2021-09-01","amount":68600,"total":68600,"balance":0}],"costCenter":null,"numberTemplate":{"id":"3","prefix":"","number":"36745","fullNumber":"36745","formattedNumber":"36745"}}
2021-09-01 10:53:06 :: ----------send data payment:36950------------
2021-09-01 10:53:06 :: {"date":"2021-09-01","invoices":[{"amount":"107000","id":"36950"}],"bankAccount":2}
2021-09-01 10:53:07 :: ----------result data payment:36950------------
2021-09-01 10:53:07 :: {"id":"38429","date":"2021-09-01","number":"36746","amount":"107000.0000000000","observations":null,"anotation":null,"type":"in","paymentMethod":"","status":"open","bankAccount":{"id":"2","name":"PAYU","type":"bank"},"client":{"id":"28754","name":"Alejandra Martinez","phone":"3213748974"},"invoices":[{"id":"36950","number":"39211","date":"2021-09-01","amount":107000,"total":107000,"balance":0}],"costCenter":null,"numberTemplate":{"id":"3","prefix":"","number":"36746","fullNumber":"36746","formattedNumber":"36746"}}
2021-09-01 10:57:03 :: ----------send data payment:36951------------
2021-09-01 10:57:03 :: {"date":"2021-09-01","invoices":[{"amount":"105000","id":"36951"}],"bankAccount":2}
2021-09-01 10:57:05 :: ----------result data payment:36951------------
2021-09-01 10:57:05 :: {"id":"38430","date":"2021-09-01","number":"36747","amount":"105000.0000000000","observations":null,"anotation":null,"type":"in","paymentMethod":"","status":"open","bankAccount":{"id":"2","name":"PAYU","type":"bank"},"client":{"id":"17769","name":"Jesica Lorena Gonzalez","phone":"3194734294"},"invoices":[{"id":"36951","number":"39212","date":"2021-09-01","amount":105000,"total":105000,"balance":0}],"costCenter":null,"numberTemplate":{"id":"3","prefix":"","number":"36747","fullNumber":"36747","formattedNumber":"36747"}}
2021-09-01 11:24:04 :: ----------send data payment:36952------------
2021-09-01 11:24:04 :: {"date":"2021-09-01","invoices":[{"amount":"70000","id":"36952"}],"bankAccount":2}
2021-09-01 11:24:06 :: ----------result data payment:36952------------
2021-09-01 11:24:06 :: {"id":"38431","date":"2021-09-01","number":"36748","amount":"70000.0000000000","observations":null,"anotation":null,"type":"in","paymentMethod":"","status":"open","bankAccount":{"id":"2","name":"PAYU","type":"bank"},"client":{"id":"28755","name":"Alejandra","phone":"3146373797"},"invoices":[{"id":"36952","number":"39213","date":"2021-09-01","amount":70000,"total":70000,"balance":0}],"costCenter":null,"numberTemplate":{"id":"3","prefix":"","number":"36748","fullNumber":"36748","formattedNumber":"36748"}}
2021-09-01 11:29:05 :: ----------send data payment:36953------------
2021-09-01 11:29:05 :: {"date":"2021-09-01","invoices":[{"amount":"60000","id":"36953"}],"bankAccount":2}
2021-09-01 11:29:06 :: ----------result data payment:36953------------
2021-09-01 11:29:06 :: {"id":"38432","date":"2021-09-01","number":"36749","amount":"60000.0000000000","observations":null,"anotation":null,"type":"in","paymentMethod":"","status":"open","bankAccount":{"id":"2","name":"PAYU","type":"bank"},"client":{"id":"28756","name":"Angie Nathalie Cuervo Herrera","phone":"3212564724"},"invoices":[{"id":"36953","number":"39214","date":"2021-09-01","amount":60000,"total":60000,"balance":0}],"costCenter":null,"numberTemplate":{"id":"3","prefix":"","number":"36749","fullNumber":"36749","formattedNumber":"36749"}}
2021-09-01 11:59:05 :: ----------send data payment:36954------------
2021-09-01 11:59:05 :: {"date":"2021-09-01","invoices":[{"amount":"56000","id":"36954"}],"bankAccount":2}
2021-09-01 11:59:06 :: ----------result data payment:36954------------
2021-09-01 11:59:06 :: {"id":"38433","date":"2021-09-01","number":"36750","amount":"56000.0000000000","observations":null,"anotation":null,"type":"in","paymentMethod":"","status":"open","bankAccount":{"id":"2","name":"PAYU","type":"bank"},"client":{"id":"28757","name":"Juliana Serna","phone":"3144401534"},"invoices":[{"id":"36954","number":"39215","date":"2021-09-01","amount":56000,"total":56000,"balance":0}],"costCenter":null,"numberTemplate":{"id":"3","prefix":"","number":"36750","fullNumber":"36750","formattedNumber":"36750"}}