
2021-06-02 02:20:07 :: ----------send data payment:32264------------
2021-06-02 02:20:07 :: {"date":"2021-06-02","invoices":[{"amount":"140000","id":"32264"}],"bankAccount":2}
2021-06-02 02:20:08 :: ----------result data payment:32264------------
2021-06-02 02:20:08 :: {"id":"33459","date":"2021-06-02","number":"32074","amount":"140000.0000000000","observations":null,"anotation":null,"type":"in","paymentMethod":"","status":"open","bankAccount":{"id":"2","name":"PAYU","type":"bank"},"client":{"id":"20941","name":"majo ladino","phone":"3153238142"},"invoices":[{"id":"32264","number":"34525","date":"2021-06-02","amount":140000,"total":140000,"balance":0}],"costCenter":null,"numberTemplate":{"id":"3","prefix":"","number":"32074","fullNumber":"32074","formattedNumber":"32074"}}
2021-06-02 11:05:17 :: ----------send data payment:32265------------
2021-06-02 11:05:17 :: {"date":"2021-06-02","invoices":[{"amount":"115001","id":"32265"}],"bankAccount":2}
2021-06-02 11:05:19 :: ----------result data payment:32265------------
2021-06-02 11:05:19 :: {"id":"33461","date":"2021-06-02","number":"32076","amount":"115001.0000000000","observations":null,"anotation":null,"type":"in","paymentMethod":"","status":"open","bankAccount":{"id":"2","name":"PAYU","type":"bank"},"client":{"id":"25287","name":"Daniela Caro","phone":"3133228200"},"invoices":[{"id":"32265","number":"34526","date":"2021-06-02","amount":115001,"total":115001,"balance":0}],"costCenter":null,"numberTemplate":{"id":"3","prefix":"","number":"32076","fullNumber":"32076","formattedNumber":"32076"}}
2021-06-02 11:15:14 :: ----------send data payment:32266------------
2021-06-02 11:15:14 :: {"date":"2021-06-02","invoices":[{"amount":"75000","id":"32266"}],"bankAccount":2}
2021-06-02 11:15:16 :: ----------result data payment:32266------------
2021-06-02 11:15:16 :: {"id":"33462","date":"2021-06-02","number":"32077","amount":"75000.0000000000","observations":null,"anotation":null,"type":"in","paymentMethod":"","status":"open","bankAccount":{"id":"2","name":"PAYU","type":"bank"},"client":{"id":"22060","name":"Elizabeth Rendon","phone":"3017305313"},"invoices":[{"id":"32266","number":"34527","date":"2021-06-02","amount":75000,"total":75000,"balance":0}],"costCenter":null,"numberTemplate":{"id":"3","prefix":"","number":"32077","fullNumber":"32077","formattedNumber":"32077"}}
2021-06-02 11:20:08 :: ----------send data payment:32267------------
2021-06-02 11:20:08 :: {"date":"2021-06-02","invoices":[{"amount":"167000","id":"32267"}],"bankAccount":2}
2021-06-02 11:20:11 :: ----------result data payment:32267------------
2021-06-02 11:20:11 :: {"id":"33463","date":"2021-06-02","number":"32078","amount":"167000.0000000000","observations":null,"anotation":null,"type":"in","paymentMethod":"","status":"open","bankAccount":{"id":"2","name":"PAYU","type":"bank"},"client":{"id":"7820","name":"Juliana Barrera","phone":"(317) 375-5829"},"invoices":[{"id":"32267","number":"34528","date":"2021-06-02","amount":167000,"total":167000,"balance":0}],"costCenter":null,"numberTemplate":{"id":"3","prefix":"","number":"32078","fullNumber":"32078","formattedNumber":"32078"}}
2021-06-02 11:30:08 :: ----------send data payment:32268------------
2021-06-02 11:30:08 :: {"date":"2021-06-02","invoices":[{"amount":"75000","id":"32268"}],"bankAccount":2}
2021-06-02 11:30:10 :: ----------result data payment:32268------------
2021-06-02 11:30:10 :: {"id":"33464","date":"2021-06-02","number":"32079","amount":"75000.0000000000","observations":null,"anotation":null,"type":"in","paymentMethod":"","status":"open","bankAccount":{"id":"2","name":"PAYU","type":"bank"},"client":{"id":"25288","name":"Natalia Manotas","phone":"3008050998"},"invoices":[{"id":"32268","number":"34529","date":"2021-06-02","amount":75000,"total":75000,"balance":0}],"costCenter":null,"numberTemplate":{"id":"3","prefix":"","number":"32079","fullNumber":"32079","formattedNumber":"32079"}}
2021-06-02 11:45:18 :: ----------send data payment:32269------------
2021-06-02 11:45:18 :: {"date":"2021-06-02","invoices":[{"amount":"100000","id":"32269"}],"bankAccount":2}
2021-06-02 11:45:20 :: ----------result data payment:32269------------
2021-06-02 11:45:20 :: {"id":"33465","date":"2021-06-02","number":"32080","amount":"100000.0000000000","observations":null,"anotation":null,"type":"in","paymentMethod":"","status":"open","bankAccount":{"id":"2","name":"PAYU","type":"bank"},"client":{"id":"25289","name":"beatriz amparo quintero quintero","phone":"3234227673"},"invoices":[{"id":"32269","number":"34530","date":"2021-06-02","amount":100000,"total":100000,"balance":0}],"costCenter":null,"numberTemplate":{"id":"3","prefix":"","number":"32080","fullNumber":"32080","formattedNumber":"32080"}}
2021-06-02 11:50:09 :: ----------send data payment:32270------------
2021-06-02 11:50:09 :: {"date":"2021-06-02","invoices":[{"amount":"19000","id":"32270"}],"bankAccount":2}
2021-06-02 11:50:38 :: ----------result data payment:32270------------
2021-06-02 11:50:38 :: {"message": "Endpoint request timed out"}
2021-06-02 01:10:09 :: ----------send data payment:32271------------
2021-06-02 01:10:09 :: {"date":"2021-06-02","invoices":[{"amount":"49999","id":"32271"}],"bankAccount":2}
2021-06-02 01:10:38 :: ----------result data payment:32271------------
2021-06-02 01:10:38 :: {"message": "Endpoint request timed out"}
2021-06-02 01:20:06 :: ----------send data payment:32272------------
2021-06-02 01:20:06 :: {"date":"2021-06-02","invoices":[{"amount":"78000","id":"32272"}],"bankAccount":2}
2021-06-02 01:20:07 :: ----------result data payment:32272------------
2021-06-02 01:20:07 :: {"id":"33468","date":"2021-06-02","number":"32082","amount":"78000.0000000000","observations":null,"anotation":null,"type":"in","paymentMethod":"","status":"open","bankAccount":{"id":"2","name":"PAYU","type":"bank"},"client":{"id":"25292","name":"Paula Sandoval","phone":"3138335281"},"invoices":[{"id":"32272","number":"34533","date":"2021-06-02","amount":78000,"total":78000,"balance":0}],"costCenter":null,"numberTemplate":{"id":"3","prefix":"","number":"32082","fullNumber":"32082","formattedNumber":"32082"}}
2021-06-02 01:30:09 :: ----------send data payment:32273------------
2021-06-02 01:30:09 :: {"date":"2021-06-02","invoices":[{"amount":"426999","id":"32273"}],"bankAccount":2}
2021-06-02 01:30:11 :: ----------result data payment:32273------------
2021-06-02 01:30:11 :: {"id":"33469","date":"2021-06-02","number":"32083","amount":"426999.0000000000","observations":null,"anotation":null,"type":"in","paymentMethod":"","status":"open","bankAccount":{"id":"2","name":"PAYU","type":"bank"},"client":{"id":"25293","name":"Julieta Salcedo","phone":"3175767963"},"invoices":[{"id":"32273","number":"34534","date":"2021-06-02","amount":426999,"total":426999,"balance":0}],"costCenter":null,"numberTemplate":{"id":"3","prefix":"","number":"32083","fullNumber":"32083","formattedNumber":"32083"}}
2021-06-02 01:55:18 :: ----------send data payment:32274------------
2021-06-02 01:55:18 :: {"date":"2021-06-02","invoices":[{"amount":"60000","id":"32274"}],"bankAccount":2}
2021-06-02 01:55:20 :: ----------result data payment:32274------------
2021-06-02 01:55:20 :: {"id":"33470","date":"2021-06-02","number":"32084","amount":"60000.0000000000","observations":null,"anotation":null,"type":"in","paymentMethod":"","status":"open","bankAccount":{"id":"2","name":"PAYU","type":"bank"},"client":{"id":"20104","name":"Jessica Arjona Espinosa","phone":"3004413519"},"invoices":[{"id":"32274","number":"34535","date":"2021-06-02","amount":60000,"total":60000,"balance":0}],"costCenter":null,"numberTemplate":{"id":"3","prefix":"","number":"32084","fullNumber":"32084","formattedNumber":"32084"}}
2021-06-02 02:05:09 :: ----------send data payment:32275------------
2021-06-02 02:05:09 :: {"date":"2021-06-02","invoices":[{"amount":"75000","id":"32275"}],"bankAccount":2}
2021-06-02 02:05:12 :: ----------result data payment:32275------------
2021-06-02 02:05:12 :: {"id":"33471","date":"2021-06-02","number":"32085","amount":"75000.0000000000","observations":null,"anotation":null,"type":"in","paymentMethod":"","status":"open","bankAccount":{"id":"2","name":"PAYU","type":"bank"},"client":{"id":"25294","name":"Andres Pe\u00f1a Yasn\u00f3","phone":"3136917650"},"invoices":[{"id":"32275","number":"34536","date":"2021-06-02","amount":75000,"total":75000,"balance":0}],"costCenter":null,"numberTemplate":{"id":"3","prefix":"","number":"32085","fullNumber":"32085","formattedNumber":"32085"}}
2021-06-02 03:00:13 :: ----------send data payment:32277------------
2021-06-02 03:00:13 :: {"date":"2021-06-02","invoices":[{"amount":"222721","id":"32277"}],"bankAccount":2}
2021-06-02 03:00:17 :: ----------result data payment:32277------------
2021-06-02 03:00:17 :: {"id":"33473","date":"2021-06-02","number":"32087","amount":"222721.0000000000","observations":null,"anotation":null,"type":"in","paymentMethod":"","status":"open","bankAccount":{"id":"2","name":"PAYU","type":"bank"},"client":{"id":"25038","name":"Viviana Urribarri","phone":"3013876160"},"invoices":[{"id":"32277","number":"34538","date":"2021-06-02","amount":222721,"total":222721,"balance":0}],"costCenter":null,"numberTemplate":{"id":"3","prefix":"","number":"32087","fullNumber":"32087","formattedNumber":"32087"}}
2021-06-02 04:00:07 :: ----------send data payment:32279------------
2021-06-02 04:00:07 :: {"date":"2021-06-02","invoices":[{"amount":"97999","id":"32279"}],"bankAccount":2}
2021-06-02 04:00:10 :: ----------result data payment:32279------------
2021-06-02 04:00:10 :: {"id":"33475","date":"2021-06-02","number":"32089","amount":"97999.0000000000","observations":null,"anotation":null,"type":"in","paymentMethod":"","status":"open","bankAccount":{"id":"2","name":"PAYU","type":"bank"},"client":{"id":"16487","name":"Stefanny moreno","phone":"3203102410"},"invoices":[{"id":"32279","number":"34540","date":"2021-06-02","amount":97999,"total":97999,"balance":0}],"costCenter":null,"numberTemplate":{"id":"3","prefix":"","number":"32089","fullNumber":"32089","formattedNumber":"32089"}}
2021-06-02 04:50:11 :: ----------send data payment:32280------------
2021-06-02 04:50:11 :: {"date":"2021-06-02","invoices":[{"amount":"61000","id":"32280"}],"bankAccount":2}
2021-06-02 04:50:13 :: ----------result data payment:32280------------
2021-06-02 04:50:13 :: {"id":"33481","date":"2021-06-02","number":"32090","amount":"61000.0000000000","observations":null,"anotation":null,"type":"in","paymentMethod":"","status":"open","bankAccount":{"id":"2","name":"PAYU","type":"bank"},"client":{"id":"2095","name":"NATALIA FRANCO","phone":"3104515517"},"invoices":[{"id":"32280","number":"34541","date":"2021-06-02","amount":61000,"total":61000,"balance":0}],"costCenter":null,"numberTemplate":{"id":"3","prefix":"","number":"32090","fullNumber":"32090","formattedNumber":"32090"}}
2021-06-02 05:05:14 :: ----------send data payment:32281------------
2021-06-02 05:05:14 :: {"date":"2021-06-02","invoices":[{"amount":"38000","id":"32281"}],"bankAccount":2}
2021-06-02 05:05:15 :: ----------result data payment:32281------------
2021-06-02 05:05:15 :: {"id":"33482","date":"2021-06-02","number":"32091","amount":"38000.0000000000","observations":null,"anotation":null,"type":"in","paymentMethod":"","status":"open","bankAccount":{"id":"2","name":"PAYU","type":"bank"},"client":{"id":"25295","name":"Susana Sinisterra","phone":"3106637941"},"invoices":[{"id":"32281","number":"34542","date":"2021-06-02","amount":38000,"total":38000,"balance":0}],"costCenter":null,"numberTemplate":{"id":"3","prefix":"","number":"32091","fullNumber":"32091","formattedNumber":"32091"}}
2021-06-02 06:45:10 :: ----------send data payment:32282------------
2021-06-02 06:45:10 :: {"date":"2021-06-02","invoices":[{"amount":"28000","id":"32282"}],"bankAccount":2}
2021-06-02 06:45:13 :: ----------result data payment:32282------------
2021-06-02 06:45:13 :: {"id":"33483","date":"2021-06-02","number":"32092","amount":"28000.0000000000","observations":null,"anotation":null,"type":"in","paymentMethod":"","status":"open","bankAccount":{"id":"2","name":"PAYU","type":"bank"},"client":{"id":"25296","name":"Camila Caraballo","phone":"3142642106"},"invoices":[{"id":"32282","number":"34543","date":"2021-06-02","amount":28000,"total":28000,"balance":0}],"costCenter":null,"numberTemplate":{"id":"3","prefix":"","number":"32092","fullNumber":"32092","formattedNumber":"32092"}}
2021-06-02 07:05:12 :: ----------send data payment:32283------------
2021-06-02 07:05:12 :: {"date":"2021-06-02","invoices":[{"amount":"70000","id":"32283"}],"bankAccount":2}
2021-06-02 07:05:13 :: ----------result data payment:32283------------
2021-06-02 07:05:13 :: {"id":"33484","date":"2021-06-02","number":"32093","amount":"70000.0000000000","observations":null,"anotation":null,"type":"in","paymentMethod":"","status":"open","bankAccount":{"id":"2","name":"PAYU","type":"bank"},"client":{"id":"25297","name":"Karina Maldonado","phone":"3008368044"},"invoices":[{"id":"32283","number":"34544","date":"2021-06-02","amount":70000,"total":70000,"balance":0}],"costCenter":null,"numberTemplate":{"id":"3","prefix":"","number":"32093","fullNumber":"32093","formattedNumber":"32093"}}
2021-06-02 09:15:12 :: ----------send data payment:32284------------
2021-06-02 09:15:12 :: {"date":"2021-06-02","invoices":[{"amount":"55000","id":"32284"}],"bankAccount":2}
2021-06-02 09:15:13 :: ----------result data payment:32284------------
2021-06-02 09:15:13 :: {"id":"33485","date":"2021-06-02","number":"32094","amount":"55000.0000000000","observations":null,"anotation":null,"type":"in","paymentMethod":"","status":"open","bankAccount":{"id":"2","name":"PAYU","type":"bank"},"client":{"id":"25298","name":"Paulina Morales","phone":"3148284553"},"invoices":[{"id":"32284","number":"34545","date":"2021-06-02","amount":55000,"total":55000,"balance":0}],"costCenter":null,"numberTemplate":{"id":"3","prefix":"","number":"32094","fullNumber":"32094","formattedNumber":"32094"}}
2021-06-02 09:30:07 :: ----------send data payment:32285------------
2021-06-02 09:30:07 :: {"date":"2021-06-02","invoices":[{"amount":"104001","id":"32285"}],"bankAccount":2}
2021-06-02 09:30:08 :: ----------result data payment:32285------------
2021-06-02 09:30:08 :: {"id":"33486","date":"2021-06-02","number":"32095","amount":"104001.0000000000","observations":null,"anotation":null,"type":"in","paymentMethod":"","status":"open","bankAccount":{"id":"2","name":"PAYU","type":"bank"},"client":{"id":"22482","name":"Diana Rebeca Su\u00e1rez Ponce","phone":"3003009972"},"invoices":[{"id":"32285","number":"34546","date":"2021-06-02","amount":104001,"total":104001,"balance":0}],"costCenter":null,"numberTemplate":{"id":"3","prefix":"","number":"32095","fullNumber":"32095","formattedNumber":"32095"}}
2021-06-02 11:05:09 :: ----------send data payment:32286------------
2021-06-02 11:05:09 :: {"date":"2021-06-02","invoices":[{"amount":"69000","id":"32286"}],"bankAccount":2}
2021-06-02 11:05:11 :: ----------result data payment:32286------------
2021-06-02 11:05:11 :: {"id":"33487","date":"2021-06-02","number":"32096","amount":"69000.0000000000","observations":null,"anotation":null,"type":"in","paymentMethod":"","status":"open","bankAccount":{"id":"2","name":"PAYU","type":"bank"},"client":{"id":"25299","name":"Luisa Fernanda rojas trujillo","phone":"3233668010"},"invoices":[{"id":"32286","number":"34547","date":"2021-06-02","amount":69000,"total":69000,"balance":0}],"costCenter":null,"numberTemplate":{"id":"3","prefix":"","number":"32096","fullNumber":"32096","formattedNumber":"32096"}}