
2021-07-03 12:00:08 :: ----------send data payment:33612------------
2021-07-03 12:00:08 :: {"date":"2021-07-03","invoices":[{"amount":"30000","id":"33612"}],"bankAccount":2}
2021-07-03 12:00:09 :: ----------result data payment:33612------------
2021-07-03 12:00:09 :: {"id":"34905","date":"2021-07-03","number":"33432","amount":"30000.0000000000","observations":null,"anotation":null,"type":"in","paymentMethod":"","status":"open","bankAccount":{"id":"2","name":"PAYU","type":"bank"},"client":{"id":"26202","name":"Paulina Betancurt Loffsner","phone":"3137682868"},"invoices":[{"id":"33612","number":"35873","date":"2021-07-03","amount":30000,"total":30000,"balance":0}],"costCenter":null,"numberTemplate":{"id":"3","prefix":"","number":"33432","fullNumber":"33432","formattedNumber":"33432"}}
2021-07-03 06:20:07 :: ----------send data payment:33613------------
2021-07-03 06:20:07 :: {"date":"2021-07-03","invoices":[{"amount":"150250","id":"33613"}],"bankAccount":2}
2021-07-03 06:20:08 :: ----------result data payment:33613------------
2021-07-03 06:20:08 :: {"id":"34906","date":"2021-07-03","number":"33433","amount":"150250.0000000000","observations":null,"anotation":null,"type":"in","paymentMethod":"","status":"open","bankAccount":{"id":"2","name":"PAYU","type":"bank"},"client":{"id":"26203","name":"Laura Carolina Galindo G\u00f3mez","phone":"3012817923"},"invoices":[{"id":"33613","number":"35874","date":"2021-07-03","amount":150250,"total":150250,"balance":0}],"costCenter":null,"numberTemplate":{"id":"3","prefix":"","number":"33433","fullNumber":"33433","formattedNumber":"33433"}}
2021-07-03 06:40:07 :: ----------send data payment:33614------------
2021-07-03 06:40:07 :: {"date":"2021-07-03","invoices":[{"amount":"37000","id":"33614"}],"bankAccount":2}
2021-07-03 06:40:08 :: ----------result data payment:33614------------
2021-07-03 06:40:08 :: {"id":"34907","date":"2021-07-03","number":"33434","amount":"37000.0000000000","observations":null,"anotation":null,"type":"in","paymentMethod":"","status":"open","bankAccount":{"id":"2","name":"PAYU","type":"bank"},"client":{"id":"26204","name":"Ibon Maritza Rodriguez Almanza","phone":"3008578673"},"invoices":[{"id":"33614","number":"35875","date":"2021-07-03","amount":37000,"total":37000,"balance":0}],"costCenter":null,"numberTemplate":{"id":"3","prefix":"","number":"33434","fullNumber":"33434","formattedNumber":"33434"}}
2021-07-03 06:55:11 :: ----------send data payment:33615------------
2021-07-03 06:55:11 :: {"date":"2021-07-03","invoices":[{"amount":"75000","id":"33615"}],"bankAccount":2}
2021-07-03 06:55:13 :: ----------result data payment:33615------------
2021-07-03 06:55:13 :: {"id":"34908","date":"2021-07-03","number":"33435","amount":"75000.0000000000","observations":null,"anotation":null,"type":"in","paymentMethod":"","status":"open","bankAccount":{"id":"2","name":"PAYU","type":"bank"},"client":{"id":"26205","name":"Y.Isabel Gonzalez Salgado","phone":"3005794231"},"invoices":[{"id":"33615","number":"35876","date":"2021-07-03","amount":75000,"total":75000,"balance":0}],"costCenter":null,"numberTemplate":{"id":"3","prefix":"","number":"33435","fullNumber":"33435","formattedNumber":"33435"}}
2021-07-03 08:00:08 :: ----------send data payment:33616------------
2021-07-03 08:00:08 :: {"date":"2021-07-03","invoices":[{"amount":"99001","id":"33616"}],"bankAccount":2}
2021-07-03 08:00:10 :: ----------result data payment:33616------------
2021-07-03 08:00:10 :: {"id":"34909","date":"2021-07-03","number":"33436","amount":"99001.0000000000","observations":null,"anotation":null,"type":"in","paymentMethod":"","status":"open","bankAccount":{"id":"2","name":"PAYU","type":"bank"},"client":{"id":"26206","name":"Jessica Gonz\u00e1lez Quintero","phone":"3163312708"},"invoices":[{"id":"33616","number":"35877","date":"2021-07-03","amount":99001,"total":99001,"balance":0}],"costCenter":null,"numberTemplate":{"id":"3","prefix":"","number":"33436","fullNumber":"33436","formattedNumber":"33436"}}
2021-07-03 08:50:07 :: ----------send data payment:33617------------
2021-07-03 08:50:07 :: {"date":"2021-07-03","invoices":[{"amount":"109899","id":"33617"}],"bankAccount":2}
2021-07-03 08:50:09 :: ----------result data payment:33617------------
2021-07-03 08:50:09 :: {"id":"34910","date":"2021-07-03","number":"33437","amount":"109899.0000000000","observations":null,"anotation":null,"type":"in","paymentMethod":"","status":"open","bankAccount":{"id":"2","name":"PAYU","type":"bank"},"client":{"id":"20661","name":"Michelle Virviescas","phone":"3224232108"},"invoices":[{"id":"33617","number":"35878","date":"2021-07-03","amount":109899,"total":109899,"balance":0}],"costCenter":null,"numberTemplate":{"id":"3","prefix":"","number":"33437","fullNumber":"33437","formattedNumber":"33437"}}
2021-07-03 08:50:11 :: ----------send data payment:33618------------
2021-07-03 08:50:11 :: {"date":"2021-07-03","invoices":[{"amount":"26000","id":"33618"}],"bankAccount":2}
2021-07-03 08:50:12 :: ----------result data payment:33618------------
2021-07-03 08:50:12 :: {"id":"34911","date":"2021-07-03","number":"33438","amount":"26000.0000000000","observations":null,"anotation":null,"type":"in","paymentMethod":"","status":"open","bankAccount":{"id":"2","name":"PAYU","type":"bank"},"client":{"id":"26207","name":"Karen Palechor","phone":"3104120226"},"invoices":[{"id":"33618","number":"35879","date":"2021-07-03","amount":26000,"total":26000,"balance":0}],"costCenter":null,"numberTemplate":{"id":"3","prefix":"","number":"33438","fullNumber":"33438","formattedNumber":"33438"}}
2021-07-03 09:20:08 :: ----------send data payment:33619------------
2021-07-03 09:20:08 :: {"date":"2021-07-03","invoices":[{"amount":"83000","id":"33619"}],"bankAccount":2}
2021-07-03 09:20:09 :: ----------result data payment:33619------------
2021-07-03 09:20:09 :: {"id":"34913","date":"2021-07-03","number":"33440","amount":"83000.0000000000","observations":null,"anotation":null,"type":"in","paymentMethod":"","status":"open","bankAccount":{"id":"2","name":"PAYU","type":"bank"},"client":{"id":"26208","name":"Lina Cruz","phone":"3166413466"},"invoices":[{"id":"33619","number":"35880","date":"2021-07-03","amount":83000,"total":83000,"balance":0}],"costCenter":null,"numberTemplate":{"id":"3","prefix":"","number":"33440","fullNumber":"33440","formattedNumber":"33440"}}
2021-07-03 09:20:12 :: ----------send data payment:33620------------
2021-07-03 09:20:12 :: {"date":"2021-07-03","invoices":[{"amount":"102700","id":"33620"}],"bankAccount":2}
2021-07-03 09:20:14 :: ----------result data payment:33620------------
2021-07-03 09:20:14 :: {"id":"34914","date":"2021-07-03","number":"33441","amount":"102700.0000000000","observations":null,"anotation":null,"type":"in","paymentMethod":"","status":"open","bankAccount":{"id":"2","name":"PAYU","type":"bank"},"client":{"id":"26209","name":"Xiomara Alejandra S\u00e1nchez","phone":"3152827005"},"invoices":[{"id":"33620","number":"35881","date":"2021-07-03","amount":102700,"total":102700,"balance":0}],"costCenter":null,"numberTemplate":{"id":"3","prefix":"","number":"33441","fullNumber":"33441","formattedNumber":"33441"}}
2021-07-03 09:25:14 :: ----------send data payment:33621------------
2021-07-03 09:25:14 :: {"date":"2021-07-03","invoices":[{"amount":"127004","id":"33621"}],"bankAccount":2}
2021-07-03 09:25:15 :: ----------result data payment:33621------------
2021-07-03 09:25:15 :: {"id":"34915","date":"2021-07-03","number":"33442","amount":"127004.0000000000","observations":null,"anotation":null,"type":"in","paymentMethod":"","status":"open","bankAccount":{"id":"2","name":"PAYU","type":"bank"},"client":{"id":"13786","name":"Liliana Silva","phone":"3212032471"},"invoices":[{"id":"33621","number":"35882","date":"2021-07-03","amount":127004,"total":127004,"balance":0}],"costCenter":null,"numberTemplate":{"id":"3","prefix":"","number":"33442","fullNumber":"33442","formattedNumber":"33442"}}
2021-07-03 09:50:07 :: ----------send data payment:33622------------
2021-07-03 09:50:07 :: {"date":"2021-07-03","invoices":[{"amount":"72000","id":"33622"}],"bankAccount":2}
2021-07-03 09:50:09 :: ----------result data payment:33622------------
2021-07-03 09:50:09 :: {"id":"34916","date":"2021-07-03","number":"33443","amount":"72000.0000000000","observations":null,"anotation":null,"type":"in","paymentMethod":"","status":"open","bankAccount":{"id":"2","name":"PAYU","type":"bank"},"client":{"id":"26210","name":"Juliana Gutierrez","phone":"3148957878"},"invoices":[{"id":"33622","number":"35883","date":"2021-07-03","amount":72000,"total":72000,"balance":0}],"costCenter":null,"numberTemplate":{"id":"3","prefix":"","number":"33443","fullNumber":"33443","formattedNumber":"33443"}}
2021-07-03 10:30:13 :: ----------send data payment:33624------------
2021-07-03 10:30:13 :: {"date":"2021-07-03","invoices":[{"amount":"25000","id":"33624"}],"bankAccount":2}
2021-07-03 10:30:15 :: ----------result data payment:33624------------
2021-07-03 10:30:15 :: {"id":"34918","date":"2021-07-03","number":"33445","amount":"25000.0000000000","observations":null,"anotation":null,"type":"in","paymentMethod":"","status":"open","bankAccount":{"id":"2","name":"PAYU","type":"bank"},"client":{"id":"26211","name":"Lorraine Padilla","phone":"3213304120"},"invoices":[{"id":"33624","number":"35885","date":"2021-07-03","amount":25000,"total":25000,"balance":0}],"costCenter":null,"numberTemplate":{"id":"3","prefix":"","number":"33445","fullNumber":"33445","formattedNumber":"33445"}}
2021-07-03 10:30:18 :: ----------send data payment:33625------------
2021-07-03 10:30:18 :: {"date":"2021-07-03","invoices":[{"amount":"118001","id":"33625"}],"bankAccount":2}
2021-07-03 10:30:19 :: ----------result data payment:33625------------
2021-07-03 10:30:19 :: {"id":"34919","date":"2021-07-03","number":"33446","amount":"118001.0000000000","observations":null,"anotation":null,"type":"in","paymentMethod":"","status":"open","bankAccount":{"id":"2","name":"PAYU","type":"bank"},"client":{"id":"26212","name":"Leidy Duque","phone":"3012747752"},"invoices":[{"id":"33625","number":"35886","date":"2021-07-03","amount":118001,"total":118001,"balance":0}],"costCenter":null,"numberTemplate":{"id":"3","prefix":"","number":"33446","fullNumber":"33446","formattedNumber":"33446"}}
2021-07-03 10:35:19 :: ----------send data payment:33626------------
2021-07-03 10:35:19 :: {"date":"2021-07-03","invoices":[{"amount":"100000","id":"33626"}],"bankAccount":2}
2021-07-03 10:35:20 :: ----------result data payment:33626------------
2021-07-03 10:35:20 :: {"id":"34920","date":"2021-07-03","number":"33447","amount":"100000.0000000000","observations":null,"anotation":null,"type":"in","paymentMethod":"","status":"open","bankAccount":{"id":"2","name":"PAYU","type":"bank"},"client":{"id":"26213","name":"marcela soto arias","phone":"3225020490"},"invoices":[{"id":"33626","number":"35887","date":"2021-07-03","amount":100000,"total":100000,"balance":0}],"costCenter":null,"numberTemplate":{"id":"3","prefix":"","number":"33447","fullNumber":"33447","formattedNumber":"33447"}}
2021-07-03 10:40:07 :: ----------send data payment:33627------------
2021-07-03 10:40:07 :: {"date":"2021-07-03","invoices":[{"amount":"131502","id":"33627"}],"bankAccount":2}
2021-07-03 10:40:09 :: ----------result data payment:33627------------
2021-07-03 10:40:09 :: {"id":"34921","date":"2021-07-03","number":"33448","amount":"131502.0000000000","observations":null,"anotation":null,"type":"in","paymentMethod":"","status":"open","bankAccount":{"id":"2","name":"PAYU","type":"bank"},"client":{"id":"26214","name":"Melissa Lopez Triana","phone":"3208501892"},"invoices":[{"id":"33627","number":"35888","date":"2021-07-03","amount":131502,"total":131502,"balance":0}],"costCenter":null,"numberTemplate":{"id":"3","prefix":"","number":"33448","fullNumber":"33448","formattedNumber":"33448"}}
2021-07-03 10:45:14 :: ----------send data payment:33628------------
2021-07-03 10:45:14 :: {"date":"2021-07-03","invoices":[{"amount":"104501","id":"33628"}],"bankAccount":2}
2021-07-03 10:45:15 :: ----------result data payment:33628------------
2021-07-03 10:45:15 :: {"id":"34922","date":"2021-07-03","number":"33449","amount":"104501.0000000000","observations":null,"anotation":null,"type":"in","paymentMethod":"","status":"open","bankAccount":{"id":"2","name":"PAYU","type":"bank"},"client":{"id":"5548","name":"Lexy Castro","phone":"3168089884"},"invoices":[{"id":"33628","number":"35889","date":"2021-07-03","amount":104501,"total":104501,"balance":0}],"costCenter":null,"numberTemplate":{"id":"3","prefix":"","number":"33449","fullNumber":"33449","formattedNumber":"33449"}}
2021-07-03 11:05:13 :: ----------send data payment:33629------------
2021-07-03 11:05:13 :: {"date":"2021-07-03","invoices":[{"amount":"60000","id":"33629"}],"bankAccount":2}
2021-07-03 11:05:14 :: ----------result data payment:33629------------
2021-07-03 11:05:14 :: {"id":"34925","date":"2021-07-03","number":"33452","amount":"60000.0000000000","observations":null,"anotation":null,"type":"in","paymentMethod":"","status":"open","bankAccount":{"id":"2","name":"PAYU","type":"bank"},"client":{"id":"26215","name":"Laura Camila Rodr\u00edguez Villamil","phone":"3213952403"},"invoices":[{"id":"33629","number":"35890","date":"2021-07-03","amount":60000,"total":60000,"balance":0}],"costCenter":null,"numberTemplate":{"id":"3","prefix":"","number":"33452","fullNumber":"33452","formattedNumber":"33452"}}
2021-07-03 11:40:07 :: ----------send data payment:33630------------
2021-07-03 11:40:07 :: {"date":"2021-07-03","invoices":[{"amount":"44001","id":"33630"}],"bankAccount":2}
2021-07-03 11:40:08 :: ----------result data payment:33630------------
2021-07-03 11:40:08 :: {"message":"El monto es mayor que lo que falta por pagar en la factura con n\u00famero 35891","code":4031}
2021-07-03 11:55:11 :: ----------send data payment:33631------------
2021-07-03 11:55:11 :: {"date":"2021-07-03","invoices":[{"amount":"75000","id":"33631"}],"bankAccount":2}
2021-07-03 11:55:13 :: ----------result data payment:33631------------
2021-07-03 11:55:13 :: {"id":"34926","date":"2021-07-03","number":"33453","amount":"75000.0000000000","observations":null,"anotation":null,"type":"in","paymentMethod":"","status":"open","bankAccount":{"id":"2","name":"PAYU","type":"bank"},"client":{"id":"26216","name":"Valent\u00edna rodriguez","phone":"31245380"},"invoices":[{"id":"33631","number":"35892","date":"2021-07-03","amount":75000,"total":75000,"balance":0}],"costCenter":null,"numberTemplate":{"id":"3","prefix":"","number":"33453","fullNumber":"33453","formattedNumber":"33453"}}
2021-07-03 12:00:08 :: ----------send data payment:33632------------
2021-07-03 12:00:08 :: {"date":"2021-07-03","invoices":[{"amount":"222001","id":"33632"}],"bankAccount":2}
2021-07-03 12:00:11 :: ----------result data payment:33632------------
2021-07-03 12:00:11 :: {"id":"34927","date":"2021-07-03","number":"33454","amount":"222001.0000000000","observations":null,"anotation":null,"type":"in","paymentMethod":"","status":"open","bankAccount":{"id":"2","name":"PAYU","type":"bank"},"client":{"id":"26217","name":"Keivys \u00c1vila Donado","phone":"3008536172"},"invoices":[{"id":"33632","number":"35893","date":"2021-07-03","amount":222001,"total":222001,"balance":0}],"costCenter":null,"numberTemplate":{"id":"3","prefix":"","number":"33454","fullNumber":"33454","formattedNumber":"33454"}}
2021-07-03 12:20:14 :: ----------send data payment:33633------------
2021-07-03 12:20:14 :: {"date":"2021-07-03","invoices":[{"amount":"73000","id":"33633"}],"bankAccount":2}
2021-07-03 12:20:16 :: ----------result data payment:33633------------
2021-07-03 12:20:16 :: {"id":"34928","date":"2021-07-03","number":"33455","amount":"73000.0000000000","observations":null,"anotation":null,"type":"in","paymentMethod":"","status":"open","bankAccount":{"id":"2","name":"PAYU","type":"bank"},"client":{"id":"15200","name":"Laura Catalina Torres Mojica","phone":"3183745488"},"invoices":[{"id":"33633","number":"35894","date":"2021-07-03","amount":73000,"total":73000,"balance":0}],"costCenter":null,"numberTemplate":{"id":"3","prefix":"","number":"33455","fullNumber":"33455","formattedNumber":"33455"}}
2021-07-03 01:00:08 :: ----------send data payment:33635------------
2021-07-03 01:00:08 :: {"date":"2021-07-03","invoices":[{"amount":"56000","id":"33635"}],"bankAccount":2}
2021-07-03 01:00:10 :: ----------result data payment:33635------------
2021-07-03 01:00:10 :: {"id":"34929","date":"2021-07-03","number":"33456","amount":"56000.0000000000","observations":null,"anotation":null,"type":"in","paymentMethod":"","status":"open","bankAccount":{"id":"2","name":"PAYU","type":"bank"},"client":{"id":"18907","name":"Laura Alejandra Manrique Valderrama","phone":"3102256460"},"invoices":[{"id":"33635","number":"35896","date":"2021-07-03","amount":56000,"total":56000,"balance":0}],"costCenter":null,"numberTemplate":{"id":"3","prefix":"","number":"33456","fullNumber":"33456","formattedNumber":"33456"}}
2021-07-03 01:25:11 :: ----------send data payment:33636------------
2021-07-03 01:25:11 :: {"date":"2021-07-03","invoices":[{"amount":"94000","id":"33636"}],"bankAccount":2}
2021-07-03 01:25:13 :: ----------result data payment:33636------------
2021-07-03 01:25:13 :: {"id":"34930","date":"2021-07-03","number":"33457","amount":"94000.0000000000","observations":null,"anotation":null,"type":"in","paymentMethod":"","status":"open","bankAccount":{"id":"2","name":"PAYU","type":"bank"},"client":{"id":"26219","name":"Mayra Bedoya L\u00f3pez","phone":"3103523596"},"invoices":[{"id":"33636","number":"35897","date":"2021-07-03","amount":94000,"total":94000,"balance":0}],"costCenter":null,"numberTemplate":{"id":"3","prefix":"","number":"33457","fullNumber":"33457","formattedNumber":"33457"}}
2021-07-03 02:25:10 :: ----------send data payment:33637------------
2021-07-03 02:25:10 :: {"date":"2021-07-03","invoices":[{"amount":"106000","id":"33637"}],"bankAccount":2}
2021-07-03 02:25:11 :: ----------result data payment:33637------------
2021-07-03 02:25:11 :: {"id":"34932","date":"2021-07-03","number":"33459","amount":"106000.0000000000","observations":null,"anotation":null,"type":"in","paymentMethod":"","status":"open","bankAccount":{"id":"2","name":"PAYU","type":"bank"},"client":{"id":"26220","name":"Stefanny Montero","phone":"3147216329"},"invoices":[{"id":"33637","number":"35898","date":"2021-07-03","amount":106000,"total":106000,"balance":0}],"costCenter":null,"numberTemplate":{"id":"3","prefix":"","number":"33459","fullNumber":"33459","formattedNumber":"33459"}}
2021-07-03 02:50:08 :: ----------send data payment:33638------------
2021-07-03 02:50:08 :: {"date":"2021-07-03","invoices":[{"amount":"41000","id":"33638"}],"bankAccount":2}
2021-07-03 02:50:09 :: ----------result data payment:33638------------
2021-07-03 02:50:09 :: {"id":"34933","date":"2021-07-03","number":"33460","amount":"41000.0000000000","observations":null,"anotation":null,"type":"in","paymentMethod":"","status":"open","bankAccount":{"id":"2","name":"PAYU","type":"bank"},"client":{"id":"26221","name":"Carolina morales lopez","phone":"3168601717"},"invoices":[{"id":"33638","number":"35899","date":"2021-07-03","amount":41000,"total":41000,"balance":0}],"costCenter":null,"numberTemplate":{"id":"3","prefix":"","number":"33460","fullNumber":"33460","formattedNumber":"33460"}}
2021-07-03 02:55:19 :: ----------send data payment:33639------------
2021-07-03 02:55:19 :: {"date":"2021-07-03","invoices":[{"amount":"42000","id":"33639"}],"bankAccount":2}
2021-07-03 02:55:23 :: ----------result data payment:33639------------
2021-07-03 02:55:23 :: {"id":"34934","date":"2021-07-03","number":"33461","amount":"42000.0000000000","observations":null,"anotation":null,"type":"in","paymentMethod":"","status":"open","bankAccount":{"id":"2","name":"PAYU","type":"bank"},"client":{"id":"26222","name":"Manuela Rodr\u00edguez","phone":"3002783242"},"invoices":[{"id":"33639","number":"35900","date":"2021-07-03","amount":42000,"total":42000,"balance":0}],"costCenter":null,"numberTemplate":{"id":"3","prefix":"","number":"33461","fullNumber":"33461","formattedNumber":"33461"}}
2021-07-03 03:20:03 :: ----------send data payment:33641------------
2021-07-03 03:20:03 :: {"date":"2021-07-03","invoices":[{"amount":"224402","id":"33641"}],"bankAccount":2}
2021-07-03 03:20:05 :: ----------result data payment:33641------------
2021-07-03 03:20:05 :: {"id":"34936","date":"2021-07-03","number":"33463","amount":"224402.0000000000","observations":null,"anotation":null,"type":"in","paymentMethod":"","status":"open","bankAccount":{"id":"2","name":"PAYU","type":"bank"},"client":{"id":"17714","name":"Angelica Mar\u00eda Avenda\u00f1o Avenda\u00f1o","phone":"3182527829"},"invoices":[{"id":"33641","number":"35902","date":"2021-07-03","amount":224402,"total":224402,"balance":0}],"costCenter":null,"numberTemplate":{"id":"3","prefix":"","number":"33463","fullNumber":"33463","formattedNumber":"33463"}}
2021-07-03 03:45:12 :: ----------send data payment:33642------------
2021-07-03 03:45:12 :: {"date":"2021-07-03","invoices":[{"amount":"21000","id":"33642"}],"bankAccount":2}
2021-07-03 03:45:14 :: ----------result data payment:33642------------
2021-07-03 03:45:14 :: {"id":"34938","date":"2021-07-03","number":"33465","amount":"21000.0000000000","observations":null,"anotation":null,"type":"in","paymentMethod":"","status":"open","bankAccount":{"id":"2","name":"PAYU","type":"bank"},"client":{"id":"26223","name":"Lina MARSELA","phone":"3218257675"},"invoices":[{"id":"33642","number":"35903","date":"2021-07-03","amount":21000,"total":21000,"balance":0}],"costCenter":null,"numberTemplate":{"id":"3","prefix":"","number":"33465","fullNumber":"33465","formattedNumber":"33465"}}
2021-07-03 04:05:11 :: ----------send data payment:33643------------
2021-07-03 04:05:11 :: {"date":"2021-07-03","invoices":[{"amount":"40000","id":"33643"}],"bankAccount":2}
2021-07-03 04:05:12 :: ----------result data payment:33643------------
2021-07-03 04:05:12 :: {"id":"34939","date":"2021-07-03","number":"33466","amount":"40000.0000000000","observations":null,"anotation":null,"type":"in","paymentMethod":"","status":"open","bankAccount":{"id":"2","name":"PAYU","type":"bank"},"client":{"id":"26224","name":"patricia ni\u00f1o almanza","phone":"3105618828"},"invoices":[{"id":"33643","number":"35904","date":"2021-07-03","amount":40000,"total":40000,"balance":0}],"costCenter":null,"numberTemplate":{"id":"3","prefix":"","number":"33466","fullNumber":"33466","formattedNumber":"33466"}}
2021-07-03 04:10:08 :: ----------send data payment:33644------------
2021-07-03 04:10:08 :: {"date":"2021-07-03","invoices":[{"amount":"139199","id":"33644"}],"bankAccount":2}
2021-07-03 04:10:10 :: ----------result data payment:33644------------
2021-07-03 04:10:10 :: {"id":"34940","date":"2021-07-03","number":"33467","amount":"139199.0000000000","observations":null,"anotation":null,"type":"in","paymentMethod":"","status":"open","bankAccount":{"id":"2","name":"PAYU","type":"bank"},"client":{"id":"26225","name":"David Santiago Herrera Garzon","phone":"3208275065"},"invoices":[{"id":"33644","number":"35905","date":"2021-07-03","amount":139199,"total":139199,"balance":0}],"costCenter":null,"numberTemplate":{"id":"3","prefix":"","number":"33467","fullNumber":"33467","formattedNumber":"33467"}}
2021-07-03 04:30:07 :: ----------send data payment:33645------------
2021-07-03 04:30:07 :: {"date":"2021-07-03","invoices":[{"amount":"108001","id":"33645"}],"bankAccount":2}
2021-07-03 04:30:09 :: ----------result data payment:33645------------
2021-07-03 04:30:09 :: {"id":"34941","date":"2021-07-03","number":"33468","amount":"108001.0000000000","observations":null,"anotation":null,"type":"in","paymentMethod":"","status":"open","bankAccount":{"id":"2","name":"PAYU","type":"bank"},"client":{"id":"3451","name":"Tania Lorena hincapi\u00e9","phone":"3122391143"},"invoices":[{"id":"33645","number":"35906","date":"2021-07-03","amount":108001,"total":108001,"balance":0}],"costCenter":null,"numberTemplate":{"id":"3","prefix":"","number":"33468","fullNumber":"33468","formattedNumber":"33468"}}
2021-07-03 04:35:09 :: ----------send data payment:33646------------
2021-07-03 04:35:09 :: {"date":"2021-07-03","invoices":[{"amount":"30000","id":"33646"}],"bankAccount":2}
2021-07-03 04:35:11 :: ----------result data payment:33646------------
2021-07-03 04:35:11 :: {"id":"34942","date":"2021-07-03","number":"33469","amount":"30000.0000000000","observations":null,"anotation":null,"type":"in","paymentMethod":"","status":"open","bankAccount":{"id":"2","name":"PAYU","type":"bank"},"client":{"id":"26226","name":"Luc\u00eda Sajonero Maestre","phone":"3024008710"},"invoices":[{"id":"33646","number":"35907","date":"2021-07-03","amount":30000,"total":30000,"balance":0}],"costCenter":null,"numberTemplate":{"id":"3","prefix":"","number":"33469","fullNumber":"33469","formattedNumber":"33469"}}
2021-07-03 04:55:11 :: ----------send data payment:33647------------
2021-07-03 04:55:11 :: {"date":"2021-07-03","invoices":[{"amount":"80001","id":"33647"}],"bankAccount":2}
2021-07-03 04:55:12 :: ----------result data payment:33647------------
2021-07-03 04:55:12 :: {"id":"34943","date":"2021-07-03","number":"33470","amount":"80001.0000000000","observations":null,"anotation":null,"type":"in","paymentMethod":"","status":"open","bankAccount":{"id":"2","name":"PAYU","type":"bank"},"client":{"id":"26227","name":"Mariana Abril","phone":"3133815575"},"invoices":[{"id":"33647","number":"35908","date":"2021-07-03","amount":80001,"total":80001,"balance":0}],"costCenter":null,"numberTemplate":{"id":"3","prefix":"","number":"33470","fullNumber":"33470","formattedNumber":"33470"}}
2021-07-03 06:10:07 :: ----------send data payment:33648------------
2021-07-03 06:10:07 :: {"date":"2021-07-03","invoices":[{"amount":"99901","id":"33648"}],"bankAccount":2}
2021-07-03 06:10:08 :: ----------result data payment:33648------------
2021-07-03 06:10:08 :: {"id":"34944","date":"2021-07-03","number":"33471","amount":"99901.0000000000","observations":null,"anotation":null,"type":"in","paymentMethod":"","status":"open","bankAccount":{"id":"2","name":"PAYU","type":"bank"},"client":{"id":"18683","name":"Nathalia Santiago Trivi\u00f1o","phone":"3154447031"},"invoices":[{"id":"33648","number":"35909","date":"2021-07-03","amount":99901,"total":99901,"balance":0}],"costCenter":null,"numberTemplate":{"id":"3","prefix":"","number":"33471","fullNumber":"33471","formattedNumber":"33471"}}
2021-07-03 06:10:10 :: ----------send data payment:33649------------
2021-07-03 06:10:10 :: {"date":"2021-07-03","invoices":[{"amount":"50001","id":"33649"}],"bankAccount":2}
2021-07-03 06:10:11 :: ----------result data payment:33649------------
2021-07-03 06:10:11 :: {"id":"34945","date":"2021-07-03","number":"33472","amount":"50001.0000000000","observations":null,"anotation":null,"type":"in","paymentMethod":"","status":"open","bankAccount":{"id":"2","name":"PAYU","type":"bank"},"client":{"id":"26228","name":"Geraldine Yepes","phone":"3002801350"},"invoices":[{"id":"33649","number":"35910","date":"2021-07-03","amount":50001,"total":50001,"balance":0}],"costCenter":null,"numberTemplate":{"id":"3","prefix":"","number":"33472","fullNumber":"33472","formattedNumber":"33472"}}
2021-07-03 07:30:08 :: ----------send data payment:33650------------
2021-07-03 07:30:08 :: {"date":"2021-07-03","invoices":[{"amount":"60001","id":"33650"}],"bankAccount":2}
2021-07-03 07:30:10 :: ----------result data payment:33650------------
2021-07-03 07:30:10 :: {"id":"34946","date":"2021-07-03","number":"33473","amount":"60001.0000000000","observations":null,"anotation":null,"type":"in","paymentMethod":"","status":"open","bankAccount":{"id":"2","name":"PAYU","type":"bank"},"client":{"id":"26229","name":"Sofia Castro","phone":"5836741"},"invoices":[{"id":"33650","number":"35911","date":"2021-07-03","amount":60001,"total":60001,"balance":0}],"costCenter":null,"numberTemplate":{"id":"3","prefix":"","number":"33473","fullNumber":"33473","formattedNumber":"33473"}}
2021-07-03 09:20:08 :: ----------send data payment:33651------------
2021-07-03 09:20:08 :: {"date":"2021-07-03","invoices":[{"amount":"45000","id":"33651"}],"bankAccount":2}
2021-07-03 09:20:09 :: ----------result data payment:33651------------
2021-07-03 09:20:09 :: {"id":"34947","date":"2021-07-03","number":"33474","amount":"45000.0000000000","observations":null,"anotation":null,"type":"in","paymentMethod":"","status":"open","bankAccount":{"id":"2","name":"PAYU","type":"bank"},"client":{"id":"26230","name":"JJ Mu\u00f1oz","phone":"3502719940"},"invoices":[{"id":"33651","number":"35912","date":"2021-07-03","amount":45000,"total":45000,"balance":0}],"costCenter":null,"numberTemplate":{"id":"3","prefix":"","number":"33474","fullNumber":"33474","formattedNumber":"33474"}}
2021-07-03 09:20:10 :: ----------send data payment:33652------------
2021-07-03 09:20:10 :: {"date":"2021-07-03","invoices":[{"amount":"118906","id":"33652"}],"bankAccount":2}
2021-07-03 09:20:12 :: ----------result data payment:33652------------
2021-07-03 09:20:12 :: {"id":"34948","date":"2021-07-03","number":"33475","amount":"118906.0000000000","observations":null,"anotation":null,"type":"in","paymentMethod":"","status":"open","bankAccount":{"id":"2","name":"PAYU","type":"bank"},"client":{"id":"24928","name":"Diana Le\u00f3n","phone":"3188296968"},"invoices":[{"id":"33652","number":"35913","date":"2021-07-03","amount":118906,"total":118906,"balance":0}],"costCenter":null,"numberTemplate":{"id":"3","prefix":"","number":"33475","fullNumber":"33475","formattedNumber":"33475"}}
2021-07-03 09:30:06 :: ----------send data payment:33653------------
2021-07-03 09:30:06 :: {"date":"2021-07-03","invoices":[{"amount":"60000","id":"33653"}],"bankAccount":2}
2021-07-03 09:30:07 :: ----------result data payment:33653------------
2021-07-03 09:30:07 :: {"id":"34949","date":"2021-07-03","number":"33476","amount":"60000.0000000000","observations":null,"anotation":null,"type":"in","paymentMethod":"","status":"open","bankAccount":{"id":"2","name":"PAYU","type":"bank"},"client":{"id":"25925","name":"paola arango","phone":"3125511694"},"invoices":[{"id":"33653","number":"35914","date":"2021-07-03","amount":60000,"total":60000,"balance":0}],"costCenter":null,"numberTemplate":{"id":"3","prefix":"","number":"33476","fullNumber":"33476","formattedNumber":"33476"}}
2021-07-03 10:45:10 :: ----------send data payment:33654------------
2021-07-03 10:45:10 :: {"date":"2021-07-03","invoices":[{"amount":"59000","id":"33654"}],"bankAccount":2}
2021-07-03 10:45:11 :: ----------result data payment:33654------------
2021-07-03 10:45:11 :: {"id":"34950","date":"2021-07-03","number":"33477","amount":"59000.0000000000","observations":null,"anotation":null,"type":"in","paymentMethod":"","status":"open","bankAccount":{"id":"2","name":"PAYU","type":"bank"},"client":{"id":"26231","name":"JOSE EDWIN ARAMBURO QUILISMAL","phone":"3122454529"},"invoices":[{"id":"33654","number":"35915","date":"2021-07-03","amount":59000,"total":59000,"balance":0}],"costCenter":null,"numberTemplate":{"id":"3","prefix":"","number":"33477","fullNumber":"33477","formattedNumber":"33477"}}
2021-07-03 11:10:06 :: ----------send data payment:33655------------
2021-07-03 11:10:06 :: {"date":"2021-07-03","invoices":[{"amount":"471402","id":"33655"}],"bankAccount":2}
2021-07-03 11:10:08 :: ----------result data payment:33655------------
2021-07-03 11:10:08 :: {"id":"34951","date":"2021-07-03","number":"33478","amount":"471402.0000000000","observations":null,"anotation":null,"type":"in","paymentMethod":"","status":"open","bankAccount":{"id":"2","name":"PAYU","type":"bank"},"client":{"id":"23729","name":"Anamar\u00eda Alarc\u00f3n","phone":"3213907114"},"invoices":[{"id":"33655","number":"35916","date":"2021-07-03","amount":471402,"total":471404,"balance":2}],"costCenter":null,"numberTemplate":{"id":"3","prefix":"","number":"33478","fullNumber":"33478","formattedNumber":"33478"}}
2021-07-03 11:35:19 :: ----------send data payment:33656------------
2021-07-03 11:35:19 :: {"date":"2021-07-03","invoices":[{"amount":"40000","id":"33656"}],"bankAccount":2}
2021-07-03 11:35:20 :: ----------result data payment:33656------------
2021-07-03 11:35:20 :: {"id":"34952","date":"2021-07-03","number":"33479","amount":"40000.0000000000","observations":null,"anotation":null,"type":"in","paymentMethod":"","status":"open","bankAccount":{"id":"2","name":"PAYU","type":"bank"},"client":{"id":"26232","name":"sara vanegas arias","phone":"3103856135"},"invoices":[{"id":"33656","number":"35917","date":"2021-07-03","amount":40000,"total":40000,"balance":0}],"costCenter":null,"numberTemplate":{"id":"3","prefix":"","number":"33479","fullNumber":"33479","formattedNumber":"33479"}}
2021-07-03 11:55:13 :: ----------send data payment:33657------------
2021-07-03 11:55:13 :: {"date":"2021-07-03","invoices":[{"amount":"110799","id":"33657"}],"bankAccount":2}
2021-07-03 11:55:14 :: ----------result data payment:33657------------
2021-07-03 11:55:14 :: {"id":"34953","date":"2021-07-03","number":"33480","amount":"110799.0000000000","observations":null,"anotation":null,"type":"in","paymentMethod":"","status":"open","bankAccount":{"id":"2","name":"PAYU","type":"bank"},"client":{"id":"26233","name":"Tatiana Caicedo","phone":"3214192880"},"invoices":[{"id":"33657","number":"35918","date":"2021-07-03","amount":110799,"total":110799,"balance":0}],"costCenter":null,"numberTemplate":{"id":"3","prefix":"","number":"33480","fullNumber":"33480","formattedNumber":"33480"}}