
2021-10-18 01:41:08 :: ----------send data payment:39501------------
2021-10-18 01:41:08 :: {"date":"2021-10-18","invoices":[{"amount":"27000","id":"39501"}],"bankAccount":2}
2021-10-18 01:41:09 :: ----------result data payment:39501------------
2021-10-18 01:41:09 :: {"id":"41038","date":"2021-10-18","number":"39271","amount":"27000.0000000000","observations":null,"anotation":null,"type":"in","paymentMethod":"","status":"open","bankAccount":{"id":"2","name":"PAYU","type":"bank"},"client":{"id":"20236","name":"Marly Nore\u00f1a","phone":"3105562362"},"invoices":[{"id":"39501","number":"41762","date":"2021-10-18","amount":27000,"total":27000,"balance":0}],"costCenter":null,"numberTemplate":{"id":"3","prefix":"","number":"39271","fullNumber":"39271","formattedNumber":"39271"}}
2021-10-18 07:08:08 :: ----------send data payment:39502------------
2021-10-18 07:08:08 :: {"date":"2021-10-18","invoices":[{"amount":"70000","id":"39502"}],"bankAccount":2}
2021-10-18 07:08:12 :: ----------result data payment:39502------------
2021-10-18 07:08:12 :: {"id":"41039","date":"2021-10-18","number":"39272","amount":"70000.0000000000","observations":null,"anotation":null,"type":"in","paymentMethod":"","status":"open","bankAccount":{"id":"2","name":"PAYU","type":"bank"},"client":{"id":"30604","name":"Catalina Morales Mart\u00ednez","phone":"3103982209"},"invoices":[{"id":"39502","number":"41763","date":"2021-10-18","amount":70000,"total":70000,"balance":0}],"costCenter":null,"numberTemplate":{"id":"3","prefix":"","number":"39272","fullNumber":"39272","formattedNumber":"39272"}}
2021-10-18 07:25:11 :: ----------send data payment:39503------------
2021-10-18 07:25:11 :: {"date":"2021-10-18","invoices":[{"amount":"80001","id":"39503"}],"bankAccount":2}
2021-10-18 07:25:15 :: ----------result data payment:39503------------
2021-10-18 07:25:15 :: {"id":"41040","date":"2021-10-18","number":"39273","amount":"80001.0000000000","observations":null,"anotation":null,"type":"in","paymentMethod":"","status":"open","bankAccount":{"id":"2","name":"PAYU","type":"bank"},"client":{"id":"30605","name":"Yudveny Mart\u00ednez","phone":"3118565589"},"invoices":[{"id":"39503","number":"41764","date":"2021-10-18","amount":80001,"total":80001,"balance":0}],"costCenter":null,"numberTemplate":{"id":"3","prefix":"","number":"39273","fullNumber":"39273","formattedNumber":"39273"}}
2021-10-18 08:01:13 :: ----------send data payment:39504------------
2021-10-18 08:01:13 :: {"date":"2021-10-18","invoices":[{"amount":"44600","id":"39504"}],"bankAccount":2}
2021-10-18 08:01:15 :: ----------result data payment:39504------------
2021-10-18 08:01:15 :: {"id":"41041","date":"2021-10-18","number":"39274","amount":"44600.0000000000","observations":null,"anotation":null,"type":"in","paymentMethod":"","status":"open","bankAccount":{"id":"2","name":"PAYU","type":"bank"},"client":{"id":"30606","name":"Maria fernanda echeverry gomez","phone":"3104101332"},"invoices":[{"id":"39504","number":"41765","date":"2021-10-18","amount":44600,"total":44600,"balance":0}],"costCenter":null,"numberTemplate":{"id":"3","prefix":"","number":"39274","fullNumber":"39274","formattedNumber":"39274"}}
2021-10-18 08:05:15 :: ----------send data payment:39505------------
2021-10-18 08:05:15 :: {"date":"2021-10-18","invoices":[{"amount":"128000","id":"39505"}],"bankAccount":2}
2021-10-18 08:05:18 :: ----------result data payment:39505------------
2021-10-18 08:05:18 :: {"id":"41042","date":"2021-10-18","number":"39275","amount":"128000.0000000000","observations":null,"anotation":null,"type":"in","paymentMethod":"","status":"open","bankAccount":{"id":"2","name":"PAYU","type":"bank"},"client":{"id":"30607","name":"Valentina Guerrero","phone":"3228459755"},"invoices":[{"id":"39505","number":"41766","date":"2021-10-18","amount":128000,"total":128000,"balance":0}],"costCenter":null,"numberTemplate":{"id":"3","prefix":"","number":"39275","fullNumber":"39275","formattedNumber":"39275"}}
2021-10-18 08:33:22 :: ----------send data payment:39506------------
2021-10-18 08:33:22 :: {"date":"2021-10-18","invoices":[{"amount":"193000","id":"39506"}],"bankAccount":2}
2021-10-18 08:33:26 :: ----------result data payment:39506------------
2021-10-18 08:33:26 :: {"id":"41043","date":"2021-10-18","number":"39276","amount":"193000.0000000000","observations":null,"anotation":null,"type":"in","paymentMethod":"","status":"open","bankAccount":{"id":"2","name":"PAYU","type":"bank"},"client":{"id":"30608","name":"Carolina Messu Llano","phone":"3188875691"},"invoices":[{"id":"39506","number":"41767","date":"2021-10-18","amount":193000,"total":193000,"balance":0}],"costCenter":null,"numberTemplate":{"id":"3","prefix":"","number":"39276","fullNumber":"39276","formattedNumber":"39276"}}
2021-10-18 09:29:04 :: ----------send data payment:39507------------
2021-10-18 09:29:04 :: {"date":"2021-10-18","invoices":[{"amount":"49999","id":"39507"}],"bankAccount":2}
2021-10-18 09:29:05 :: ----------result data payment:39507------------
2021-10-18 09:29:05 :: {"id":"41044","date":"2021-10-18","number":"39277","amount":"49999.0000000000","observations":null,"anotation":null,"type":"in","paymentMethod":"","status":"open","bankAccount":{"id":"2","name":"PAYU","type":"bank"},"client":{"id":"14546","name":"Yeimy Natalia Romero Ovalle","phone":"3163939576"},"invoices":[{"id":"39507","number":"41768","date":"2021-10-18","amount":49999,"total":49999,"balance":0}],"costCenter":null,"numberTemplate":{"id":"3","prefix":"","number":"39277","fullNumber":"39277","formattedNumber":"39277"}}
2021-10-18 09:31:09 :: ----------send data payment:39508------------
2021-10-18 09:31:09 :: {"date":"2021-10-18","invoices":[{"amount":"66000","id":"39508"}],"bankAccount":2}
2021-10-18 09:31:10 :: ----------result data payment:39508------------
2021-10-18 09:31:10 :: {"id":"41045","date":"2021-10-18","number":"39278","amount":"66000.0000000000","observations":null,"anotation":null,"type":"in","paymentMethod":"","status":"open","bankAccount":{"id":"2","name":"PAYU","type":"bank"},"client":{"id":"30609","name":"Isabella","phone":"3116098029"},"invoices":[{"id":"39508","number":"41769","date":"2021-10-18","amount":66000,"total":66000,"balance":0}],"costCenter":null,"numberTemplate":{"id":"3","prefix":"","number":"39278","fullNumber":"39278","formattedNumber":"39278"}}
2021-10-18 10:12:29 :: ----------send data payment:39509------------
2021-10-18 10:12:29 :: {"date":"2021-10-18","invoices":[{"amount":"60000","id":"39509"}],"bankAccount":2}
2021-10-18 10:12:31 :: ----------result data payment:39509------------
2021-10-18 10:12:31 :: {"id":"41046","date":"2021-10-18","number":"39279","amount":"60000.0000000000","observations":null,"anotation":null,"type":"in","paymentMethod":"","status":"open","bankAccount":{"id":"2","name":"PAYU","type":"bank"},"client":{"id":"30610","name":"Cristian Alejandro Molina Hern\u00e1ndez","phone":"3218198376"},"invoices":[{"id":"39509","number":"41770","date":"2021-10-18","amount":60000,"total":60000,"balance":0}],"costCenter":null,"numberTemplate":{"id":"3","prefix":"","number":"39279","fullNumber":"39279","formattedNumber":"39279"}}
2021-10-18 10:15:18 :: ----------send data payment:39510------------
2021-10-18 10:15:18 :: {"date":"2021-10-18","invoices":[{"amount":"126999","id":"39510"}],"bankAccount":2}
2021-10-18 10:15:21 :: ----------result data payment:39510------------
2021-10-18 10:15:21 :: {"id":"41047","date":"2021-10-18","number":"39280","amount":"126999.0000000000","observations":null,"anotation":null,"type":"in","paymentMethod":"","status":"open","bankAccount":{"id":"2","name":"PAYU","type":"bank"},"client":{"id":"30611","name":"Monica Jim\u00e9nez","phone":"3203677029"},"invoices":[{"id":"39510","number":"41771","date":"2021-10-18","amount":126999,"total":126999,"balance":0}],"costCenter":null,"numberTemplate":{"id":"3","prefix":"","number":"39280","fullNumber":"39280","formattedNumber":"39280"}}
2021-10-18 10:49:08 :: ----------send data payment:39511------------
2021-10-18 10:49:08 :: {"date":"2021-10-18","invoices":[{"amount":"307349","id":"39511"}],"bankAccount":2}
2021-10-18 10:49:11 :: ----------result data payment:39511------------
2021-10-18 10:49:11 :: {"id":"41048","date":"2021-10-18","number":"39281","amount":"307349.0000000000","observations":null,"anotation":null,"type":"in","paymentMethod":"","status":"open","bankAccount":{"id":"2","name":"PAYU","type":"bank"},"client":{"id":"30612","name":"Paula Uribe","phone":"3103341044"},"invoices":[{"id":"39511","number":"41772","date":"2021-10-18","amount":307349,"total":307349,"balance":0}],"costCenter":null,"numberTemplate":{"id":"3","prefix":"","number":"39281","fullNumber":"39281","formattedNumber":"39281"}}
2021-10-18 10:50:09 :: ----------send data payment:39512------------
2021-10-18 10:50:09 :: {"date":"2021-10-18","invoices":[{"amount":"70000","id":"39512"}],"bankAccount":2}
2021-10-18 10:50:10 :: ----------result data payment:39512------------
2021-10-18 10:50:10 :: {"id":"41049","date":"2021-10-18","number":"39282","amount":"70000.0000000000","observations":null,"anotation":null,"type":"in","paymentMethod":"","status":"open","bankAccount":{"id":"2","name":"PAYU","type":"bank"},"client":{"id":"30613","name":"Anita Isabella Apraez Apraez","phone":"3117489490"},"invoices":[{"id":"39512","number":"41773","date":"2021-10-18","amount":70000,"total":70000,"balance":0}],"costCenter":null,"numberTemplate":{"id":"3","prefix":"","number":"39282","fullNumber":"39282","formattedNumber":"39282"}}
2021-10-18 11:31:13 :: ----------send data payment:39513------------
2021-10-18 11:31:13 :: {"date":"2021-10-18","invoices":[{"amount":"60000","id":"39513"}],"bankAccount":2}
2021-10-18 11:31:16 :: ----------result data payment:39513------------
2021-10-18 11:31:16 :: {"id":"41050","date":"2021-10-18","number":"39283","amount":"60000.0000000000","observations":null,"anotation":null,"type":"in","paymentMethod":"","status":"open","bankAccount":{"id":"2","name":"PAYU","type":"bank"},"client":{"id":"30614","name":"karen rodriguez","phone":"316579676"},"invoices":[{"id":"39513","number":"41774","date":"2021-10-18","amount":60000,"total":60000,"balance":0}],"costCenter":null,"numberTemplate":{"id":"3","prefix":"","number":"39283","fullNumber":"39283","formattedNumber":"39283"}}
2021-10-18 11:57:07 :: ----------send data payment:39514------------
2021-10-18 11:57:07 :: {"date":"2021-10-18","invoices":[{"amount":"66600","id":"39514"}],"bankAccount":2}
2021-10-18 11:57:09 :: ----------result data payment:39514------------
2021-10-18 11:57:09 :: {"id":"41051","date":"2021-10-18","number":"39284","amount":"66600.0000000000","observations":null,"anotation":null,"type":"in","paymentMethod":"","status":"open","bankAccount":{"id":"2","name":"PAYU","type":"bank"},"client":{"id":"30615","name":"Julieth Andrea Linares Rojas","phone":"4617754"},"invoices":[{"id":"39514","number":"41775","date":"2021-10-18","amount":66600,"total":66600,"balance":0}],"costCenter":null,"numberTemplate":{"id":"3","prefix":"","number":"39284","fullNumber":"39284","formattedNumber":"39284"}}
2021-10-18 12:22:04 :: ----------send data payment:39515------------
2021-10-18 12:22:04 :: {"date":"2021-10-18","invoices":[{"amount":"49000","id":"39515"}],"bankAccount":2}
2021-10-18 12:22:06 :: ----------result data payment:39515------------
2021-10-18 12:22:06 :: {"id":"41052","date":"2021-10-18","number":"39285","amount":"49000.0000000000","observations":null,"anotation":null,"type":"in","paymentMethod":"","status":"open","bankAccount":{"id":"2","name":"PAYU","type":"bank"},"client":{"id":"29849","name":"Valeria orejuela","phone":"3108599820"},"invoices":[{"id":"39515","number":"41776","date":"2021-10-18","amount":49000,"total":49000,"balance":0}],"costCenter":null,"numberTemplate":{"id":"3","prefix":"","number":"39285","fullNumber":"39285","formattedNumber":"39285"}}
2021-10-18 12:32:04 :: ----------send data payment:39516------------
2021-10-18 12:32:04 :: {"date":"2021-10-18","invoices":[{"amount":"30000","id":"39516"}],"bankAccount":2}
2021-10-18 12:32:06 :: ----------result data payment:39516------------
2021-10-18 12:32:06 :: {"id":"41053","date":"2021-10-18","number":"39286","amount":"30000.0000000000","observations":null,"anotation":null,"type":"in","paymentMethod":"","status":"open","bankAccount":{"id":"2","name":"PAYU","type":"bank"},"client":{"id":"25295","name":"Susana Sinisterra","phone":"3106637941"},"invoices":[{"id":"39516","number":"41777","date":"2021-10-18","amount":30000,"total":30000,"balance":0}],"costCenter":null,"numberTemplate":{"id":"3","prefix":"","number":"39286","fullNumber":"39286","formattedNumber":"39286"}}
2021-10-18 12:38:06 :: ----------send data payment:39517------------
2021-10-18 12:38:06 :: {"date":"2021-10-18","invoices":[{"amount":"140000","id":"39517"}],"bankAccount":2}
2021-10-18 12:38:08 :: ----------result data payment:39517------------
2021-10-18 12:38:08 :: {"id":"41054","date":"2021-10-18","number":"39287","amount":"140000.0000000000","observations":null,"anotation":null,"type":"in","paymentMethod":"","status":"open","bankAccount":{"id":"2","name":"PAYU","type":"bank"},"client":{"id":"30616","name":"Isabel Y\u00e1nez S\u00e1nchez","phone":"3103994194"},"invoices":[{"id":"39517","number":"41778","date":"2021-10-18","amount":140000,"total":140000,"balance":0}],"costCenter":null,"numberTemplate":{"id":"3","prefix":"","number":"39287","fullNumber":"39287","formattedNumber":"39287"}}
2021-10-18 01:02:06 :: ----------send data payment:39518------------
2021-10-18 01:02:06 :: {"date":"2021-10-18","invoices":[{"amount":"25000","id":"39518"}],"bankAccount":2}
2021-10-18 01:02:08 :: ----------result data payment:39518------------
2021-10-18 01:02:08 :: {"id":"41055","date":"2021-10-18","number":"39288","amount":"25000.0000000000","observations":null,"anotation":null,"type":"in","paymentMethod":"","status":"open","bankAccount":{"id":"2","name":"PAYU","type":"bank"},"client":{"id":"30617","name":"Mar\u00eda Alejandra Angel","phone":"3184250164"},"invoices":[{"id":"39518","number":"41779","date":"2021-10-18","amount":25000,"total":25000,"balance":0}],"costCenter":null,"numberTemplate":{"id":"3","prefix":"","number":"39288","fullNumber":"39288","formattedNumber":"39288"}}
2021-10-18 01:30:11 :: ----------send data payment:39519------------
2021-10-18 01:30:11 :: {"date":"2021-10-18","invoices":[{"amount":"66000","id":"39519"}],"bankAccount":2}
2021-10-18 01:30:12 :: ----------result data payment:39519------------
2021-10-18 01:30:12 :: {"id":"41056","date":"2021-10-18","number":"39289","amount":"66000.0000000000","observations":null,"anotation":null,"type":"in","paymentMethod":"","status":"open","bankAccount":{"id":"2","name":"PAYU","type":"bank"},"client":{"id":"30618","name":"ZIRLEY RODRIGUEZ","phone":"3165366417"},"invoices":[{"id":"39519","number":"41780","date":"2021-10-18","amount":66000,"total":66000,"balance":0}],"costCenter":null,"numberTemplate":{"id":"3","prefix":"","number":"39289","fullNumber":"39289","formattedNumber":"39289"}}
2021-10-18 01:37:05 :: ----------send data payment:39520------------
2021-10-18 01:37:05 :: {"date":"2021-10-18","invoices":[{"amount":"45000","id":"39520"}],"bankAccount":2}
2021-10-18 01:37:07 :: ----------result data payment:39520------------
2021-10-18 01:37:07 :: {"id":"41057","date":"2021-10-18","number":"39290","amount":"45000.0000000000","observations":null,"anotation":null,"type":"in","paymentMethod":"","status":"open","bankAccount":{"id":"2","name":"PAYU","type":"bank"},"client":{"id":"30619","name":"Lorena Moreno","phone":"3202685023"},"invoices":[{"id":"39520","number":"41781","date":"2021-10-18","amount":45000,"total":45000,"balance":0}],"costCenter":null,"numberTemplate":{"id":"3","prefix":"","number":"39290","fullNumber":"39290","formattedNumber":"39290"}}
2021-10-18 02:16:14 :: ----------send data payment:39521------------
2021-10-18 02:16:14 :: {"date":"2021-10-18","invoices":[{"amount":"70000","id":"39521"}],"bankAccount":2}
2021-10-18 02:16:15 :: ----------result data payment:39521------------
2021-10-18 02:16:15 :: {"id":"41058","date":"2021-10-18","number":"39291","amount":"70000.0000000000","observations":null,"anotation":null,"type":"in","paymentMethod":"","status":"open","bankAccount":{"id":"2","name":"PAYU","type":"bank"},"client":{"id":"30620","name":"liliana najar","phone":"3003315901"},"invoices":[{"id":"39521","number":"41782","date":"2021-10-18","amount":70000,"total":70000,"balance":0}],"costCenter":null,"numberTemplate":{"id":"3","prefix":"","number":"39291","fullNumber":"39291","formattedNumber":"39291"}}
2021-10-18 02:48:05 :: ----------send data payment:39522------------
2021-10-18 02:48:05 :: {"date":"2021-10-18","invoices":[{"amount":"52000","id":"39522"}],"bankAccount":2}
2021-10-18 02:48:07 :: ----------result data payment:39522------------
2021-10-18 02:48:07 :: {"id":"41059","date":"2021-10-18","number":"39292","amount":"52000.0000000000","observations":null,"anotation":null,"type":"in","paymentMethod":"","status":"open","bankAccount":{"id":"2","name":"PAYU","type":"bank"},"client":{"id":"29212","name":"Carolina","phone":"3166718128"},"invoices":[{"id":"39522","number":"41783","date":"2021-10-18","amount":52000,"total":52000,"balance":0}],"costCenter":null,"numberTemplate":{"id":"3","prefix":"","number":"39292","fullNumber":"39292","formattedNumber":"39292"}}
2021-10-18 04:07:05 :: ----------send data payment:39523------------
2021-10-18 04:07:05 :: {"date":"2021-10-18","invoices":[{"amount":"38000","id":"39523"}],"bankAccount":2}
2021-10-18 04:07:07 :: ----------result data payment:39523------------
2021-10-18 04:07:07 :: {"id":"41060","date":"2021-10-18","number":"39293","amount":"38000.0000000000","observations":null,"anotation":null,"type":"in","paymentMethod":"","status":"open","bankAccount":{"id":"2","name":"PAYU","type":"bank"},"client":{"id":"30621","name":"Camila gallego","phone":"3147382235"},"invoices":[{"id":"39523","number":"41784","date":"2021-10-18","amount":38000,"total":38000,"balance":0}],"costCenter":null,"numberTemplate":{"id":"3","prefix":"","number":"39293","fullNumber":"39293","formattedNumber":"39293"}}
2021-10-18 05:29:05 :: ----------send data payment:39524------------
2021-10-18 05:29:05 :: {"date":"2021-10-18","invoices":[{"amount":"70000","id":"39524"}],"bankAccount":2}
2021-10-18 05:29:07 :: ----------result data payment:39524------------
2021-10-18 05:29:07 :: {"id":"41061","date":"2021-10-18","number":"39294","amount":"70000.0000000000","observations":null,"anotation":null,"type":"in","paymentMethod":"","status":"open","bankAccount":{"id":"2","name":"PAYU","type":"bank"},"client":{"id":"30622","name":"LINETH GUATAQUIRA","phone":"3158375669"},"invoices":[{"id":"39524","number":"41785","date":"2021-10-18","amount":70000,"total":70000,"balance":0}],"costCenter":null,"numberTemplate":{"id":"3","prefix":"","number":"39294","fullNumber":"39294","formattedNumber":"39294"}}
2021-10-18 05:29:10 :: ----------send data payment:39525------------
2021-10-18 05:29:10 :: {"date":"2021-10-18","invoices":[{"amount":"55000","id":"39525"}],"bankAccount":2}
2021-10-18 05:29:11 :: ----------result data payment:39525------------
2021-10-18 05:29:11 :: {"id":"41062","date":"2021-10-18","number":"39295","amount":"55000.0000000000","observations":null,"anotation":null,"type":"in","paymentMethod":"","status":"open","bankAccount":{"id":"2","name":"PAYU","type":"bank"},"client":{"id":"30623","name":"Maria Jos\u00e9 cata\u00f1o","phone":"3023382467"},"invoices":[{"id":"39525","number":"41786","date":"2021-10-18","amount":55000,"total":55000,"balance":0}],"costCenter":null,"numberTemplate":{"id":"3","prefix":"","number":"39295","fullNumber":"39295","formattedNumber":"39295"}}
2021-10-18 05:37:05 :: ----------send data payment:39526------------
2021-10-18 05:37:05 :: {"date":"2021-10-18","invoices":[{"amount":"70000","id":"39526"}],"bankAccount":2}
2021-10-18 05:37:06 :: ----------result data payment:39526------------
2021-10-18 05:37:06 :: {"id":"41063","date":"2021-10-18","number":"39296","amount":"70000.0000000000","observations":null,"anotation":null,"type":"in","paymentMethod":"","status":"open","bankAccount":{"id":"2","name":"PAYU","type":"bank"},"client":{"id":"30624","name":"Daniela Camargo Perez","phone":"3142787089"},"invoices":[{"id":"39526","number":"41787","date":"2021-10-18","amount":70000,"total":70000,"balance":0}],"costCenter":null,"numberTemplate":{"id":"3","prefix":"","number":"39296","fullNumber":"39296","formattedNumber":"39296"}}
2021-10-18 06:07:03 :: ----------send data payment:39527------------
2021-10-18 06:07:03 :: {"date":"2021-10-18","invoices":[{"amount":"42000","id":"39527"}],"bankAccount":2}
2021-10-18 06:07:04 :: ----------result data payment:39527------------
2021-10-18 06:07:04 :: {"id":"41064","date":"2021-10-18","number":"39297","amount":"42000.0000000000","observations":null,"anotation":null,"type":"in","paymentMethod":"","status":"open","bankAccount":{"id":"2","name":"PAYU","type":"bank"},"client":{"id":"11356","name":"Adelaida Montoya","phone":"3017099990"},"invoices":[{"id":"39527","number":"41788","date":"2021-10-18","amount":42000,"total":42000,"balance":0}],"costCenter":null,"numberTemplate":{"id":"3","prefix":"","number":"39297","fullNumber":"39297","formattedNumber":"39297"}}
2021-10-18 08:21:11 :: ----------send data payment:39528------------
2021-10-18 08:21:11 :: {"date":"2021-10-18","invoices":[{"amount":"63350","id":"39528"}],"bankAccount":2}
2021-10-18 08:21:12 :: ----------result data payment:39528------------
2021-10-18 08:21:12 :: {"id":"41065","date":"2021-10-18","number":"39298","amount":"63350.0000000000","observations":null,"anotation":null,"type":"in","paymentMethod":"","status":"open","bankAccount":{"id":"2","name":"PAYU","type":"bank"},"client":{"id":"30625","name":"Laurabetancourte","phone":"3118586835"},"invoices":[{"id":"39528","number":"41789","date":"2021-10-18","amount":63350,"total":63350,"balance":0}],"costCenter":null,"numberTemplate":{"id":"3","prefix":"","number":"39298","fullNumber":"39298","formattedNumber":"39298"}}
2021-10-18 08:32:05 :: ----------send data payment:39529------------
2021-10-18 08:32:05 :: {"date":"2021-10-18","invoices":[{"amount":"60000","id":"39529"}],"bankAccount":2}
2021-10-18 08:32:06 :: ----------result data payment:39529------------
2021-10-18 08:32:06 :: {"id":"41066","date":"2021-10-18","number":"39299","amount":"60000.0000000000","observations":null,"anotation":null,"type":"in","paymentMethod":"","status":"open","bankAccount":{"id":"2","name":"PAYU","type":"bank"},"client":{"id":"30626","name":"JUAN ESTEBAN SOSA RUIZ","phone":"3138609719"},"invoices":[{"id":"39529","number":"41790","date":"2021-10-18","amount":60000,"total":60000,"balance":0}],"costCenter":null,"numberTemplate":{"id":"3","prefix":"","number":"39299","fullNumber":"39299","formattedNumber":"39299"}}
2021-10-18 09:18:04 :: ----------send data payment:39530------------
2021-10-18 09:18:04 :: {"date":"2021-10-18","invoices":[{"amount":"70000","id":"39530"}],"bankAccount":2}
2021-10-18 09:18:05 :: ----------result data payment:39530------------
2021-10-18 09:18:05 :: {"id":"41067","date":"2021-10-18","number":"39300","amount":"70000.0000000000","observations":null,"anotation":null,"type":"in","paymentMethod":"","status":"open","bankAccount":{"id":"2","name":"PAYU","type":"bank"},"client":{"id":"30627","name":"alix johana diaz grisales","phone":"3184579854"},"invoices":[{"id":"39530","number":"41791","date":"2021-10-18","amount":70000,"total":70000,"balance":0}],"costCenter":null,"numberTemplate":{"id":"3","prefix":"","number":"39300","fullNumber":"39300","formattedNumber":"39300"}}
2021-10-18 09:33:05 :: ----------send data payment:39531------------
2021-10-18 09:33:05 :: {"date":"2021-10-18","invoices":[{"amount":"70000","id":"39531"}],"bankAccount":2}
2021-10-18 09:33:06 :: ----------result data payment:39531------------
2021-10-18 09:33:06 :: {"id":"41068","date":"2021-10-18","number":"39301","amount":"70000.0000000000","observations":null,"anotation":null,"type":"in","paymentMethod":"","status":"open","bankAccount":{"id":"2","name":"PAYU","type":"bank"},"client":{"id":"30628","name":"Linda Perdomo","phone":"3138022985"},"invoices":[{"id":"39531","number":"41792","date":"2021-10-18","amount":70000,"total":70000,"balance":0}],"costCenter":null,"numberTemplate":{"id":"3","prefix":"","number":"39301","fullNumber":"39301","formattedNumber":"39301"}}
2021-10-18 09:56:11 :: ----------send data payment:39532------------
2021-10-18 09:56:11 :: {"date":"2021-10-18","invoices":[{"amount":"255000","id":"39532"}],"bankAccount":2}
2021-10-18 09:56:12 :: ----------result data payment:39532------------
2021-10-18 09:56:12 :: {"id":"41069","date":"2021-10-18","number":"39302","amount":"255000.0000000000","observations":null,"anotation":null,"type":"in","paymentMethod":"","status":"open","bankAccount":{"id":"2","name":"PAYU","type":"bank"},"client":{"id":"30629","name":"Valentina Ochoa","phone":"3125202456"},"invoices":[{"id":"39532","number":"41793","date":"2021-10-18","amount":255000,"total":255000,"balance":0}],"costCenter":null,"numberTemplate":{"id":"3","prefix":"","number":"39302","fullNumber":"39302","formattedNumber":"39302"}}
2021-10-18 10:10:05 :: ----------send data payment:39533------------
2021-10-18 10:10:05 :: {"date":"2021-10-18","invoices":[{"amount":"50001","id":"39533"}],"bankAccount":2}
2021-10-18 10:10:07 :: ----------result data payment:39533------------
2021-10-18 10:10:07 :: {"id":"41070","date":"2021-10-18","number":"39303","amount":"50001.0000000000","observations":null,"anotation":null,"type":"in","paymentMethod":"","status":"open","bankAccount":{"id":"2","name":"PAYU","type":"bank"},"client":{"id":"30630","name":"Yesica Carolina Ram\u00edrez Alzate","phone":"3218374678"},"invoices":[{"id":"39533","number":"41794","date":"2021-10-18","amount":50001,"total":50001,"balance":0}],"costCenter":null,"numberTemplate":{"id":"3","prefix":"","number":"39303","fullNumber":"39303","formattedNumber":"39303"}}
2021-10-18 10:19:04 :: ----------send data payment:39534------------
2021-10-18 10:19:04 :: {"date":"2021-10-18","invoices":[{"amount":"70000","id":"39534"}],"bankAccount":2}
2021-10-18 10:19:05 :: ----------result data payment:39534------------
2021-10-18 10:19:05 :: {"id":"41071","date":"2021-10-18","number":"39304","amount":"70000.0000000000","observations":null,"anotation":null,"type":"in","paymentMethod":"","status":"open","bankAccount":{"id":"2","name":"PAYU","type":"bank"},"client":{"id":"30631","name":"Tatiana Henao","phone":"3194232151"},"invoices":[{"id":"39534","number":"41795","date":"2021-10-18","amount":70000,"total":70000,"balance":0}],"costCenter":null,"numberTemplate":{"id":"3","prefix":"","number":"39304","fullNumber":"39304","formattedNumber":"39304"}}
2021-10-18 10:21:11 :: ----------send data payment:39535------------
2021-10-18 10:21:11 :: {"date":"2021-10-18","invoices":[{"amount":"63001","id":"39535"}],"bankAccount":2}
2021-10-18 10:21:12 :: ----------result data payment:39535------------
2021-10-18 10:21:12 :: {"id":"41072","date":"2021-10-18","number":"39305","amount":"63001.0000000000","observations":null,"anotation":null,"type":"in","paymentMethod":"","status":"open","bankAccount":{"id":"2","name":"PAYU","type":"bank"},"client":{"id":"30632","name":"Johana duarte","phone":"3164704191"},"invoices":[{"id":"39535","number":"41796","date":"2021-10-18","amount":63001,"total":63001,"balance":0}],"costCenter":null,"numberTemplate":{"id":"3","prefix":"","number":"39305","fullNumber":"39305","formattedNumber":"39305"}}
2021-10-18 11:25:03 :: ----------send data payment:39536------------
2021-10-18 11:25:03 :: {"date":"2021-10-18","invoices":[{"amount":"36000","id":"39536"}],"bankAccount":2}
2021-10-18 11:25:04 :: ----------result data payment:39536------------
2021-10-18 11:25:04 :: {"id":"41073","date":"2021-10-18","number":"39306","amount":"36000.0000000000","observations":null,"anotation":null,"type":"in","paymentMethod":"","status":"open","bankAccount":{"id":"2","name":"PAYU","type":"bank"},"client":{"id":"22376","name":"Melissa Perez","phone":"3234668692"},"invoices":[{"id":"39536","number":"41797","date":"2021-10-18","amount":36000,"total":36000,"balance":0}],"costCenter":null,"numberTemplate":{"id":"3","prefix":"","number":"39306","fullNumber":"39306","formattedNumber":"39306"}}
2021-10-18 11:42:05 :: ----------send data payment:39537------------
2021-10-18 11:42:05 :: {"date":"2021-10-18","invoices":[{"amount":"50100","id":"39537"}],"bankAccount":2}
2021-10-18 11:42:07 :: ----------result data payment:39537------------
2021-10-18 11:42:07 :: {"id":"41074","date":"2021-10-18","number":"39307","amount":"50100.0000000000","observations":null,"anotation":null,"type":"in","paymentMethod":"","status":"open","bankAccount":{"id":"2","name":"PAYU","type":"bank"},"client":{"id":"30633","name":"Jesica Barcelo","phone":"3017497029"},"invoices":[{"id":"39537","number":"41798","date":"2021-10-18","amount":50100,"total":50100,"balance":0}],"costCenter":null,"numberTemplate":{"id":"3","prefix":"","number":"39307","fullNumber":"39307","formattedNumber":"39307"}}