
2021-09-26 01:56:11 :: ----------send data payment:38069------------
2021-09-26 01:56:11 :: {"date":"2021-09-26","invoices":[{"amount":"100999","id":"38069"}],"bankAccount":2}
2021-09-26 01:56:12 :: ----------result data payment:38069------------
2021-09-26 01:56:12 :: {"id":"39593","date":"2021-09-26","number":"37862","amount":"100999.0000000000","observations":null,"anotation":null,"type":"in","paymentMethod":"","status":"open","bankAccount":{"id":"2","name":"PAYU","type":"bank"},"client":{"id":"29568","name":"karen dayana","phone":"3137717307"},"invoices":[{"id":"38069","number":"40330","date":"2021-09-26","amount":100999,"total":100999,"balance":0}],"costCenter":null,"numberTemplate":{"id":"3","prefix":"","number":"37862","fullNumber":"37862","formattedNumber":"37862"}}
2021-09-26 03:08:08 :: ----------send data payment:38070------------
2021-09-26 03:08:08 :: {"date":"2021-09-26","invoices":[{"amount":"44000","id":"38070"}],"bankAccount":2}
2021-09-26 03:08:09 :: ----------result data payment:38070------------
2021-09-26 03:08:09 :: {"id":"39594","date":"2021-09-26","number":"37863","amount":"44000.0000000000","observations":null,"anotation":null,"type":"in","paymentMethod":"","status":"open","bankAccount":{"id":"2","name":"PAYU","type":"bank"},"client":{"id":"29569","name":"Diana Yulinne correa joven","phone":"3112058738"},"invoices":[{"id":"38070","number":"40331","date":"2021-09-26","amount":44000,"total":44000,"balance":0}],"costCenter":null,"numberTemplate":{"id":"3","prefix":"","number":"37863","fullNumber":"37863","formattedNumber":"37863"}}
2021-09-26 08:48:06 :: ----------send data payment:38071------------
2021-09-26 08:48:06 :: {"date":"2021-09-26","invoices":[{"amount":"82900","id":"38071"}],"bankAccount":2}
2021-09-26 08:48:07 :: ----------result data payment:38071------------
2021-09-26 08:48:07 :: {"id":"39595","date":"2021-09-26","number":"37864","amount":"82900.0000000000","observations":null,"anotation":null,"type":"in","paymentMethod":"","status":"open","bankAccount":{"id":"2","name":"PAYU","type":"bank"},"client":{"id":"29570","name":"Andrea Guevara Rey","phone":"3174402091"},"invoices":[{"id":"38071","number":"40332","date":"2021-09-26","amount":82900,"total":82900,"balance":0}],"costCenter":null,"numberTemplate":{"id":"3","prefix":"","number":"37864","fullNumber":"37864","formattedNumber":"37864"}}
2021-09-26 09:28:07 :: ----------send data payment:38072------------
2021-09-26 09:28:07 :: {"date":"2021-09-26","invoices":[{"amount":"66000","id":"38072"}],"bankAccount":2}
2021-09-26 09:28:08 :: ----------result data payment:38072------------
2021-09-26 09:28:08 :: {"id":"39596","date":"2021-09-26","number":"37865","amount":"66000.0000000000","observations":null,"anotation":null,"type":"in","paymentMethod":"","status":"open","bankAccount":{"id":"2","name":"PAYU","type":"bank"},"client":{"id":"29571","name":"Ximena Ocampo","phone":"3165400095"},"invoices":[{"id":"38072","number":"40333","date":"2021-09-26","amount":66000,"total":66000,"balance":0}],"costCenter":null,"numberTemplate":{"id":"3","prefix":"","number":"37865","fullNumber":"37865","formattedNumber":"37865"}}
2021-09-26 10:23:07 :: ----------send data payment:38073------------
2021-09-26 10:23:07 :: {"date":"2021-09-26","invoices":[{"amount":"70000","id":"38073"}],"bankAccount":2}
2021-09-26 10:23:08 :: ----------result data payment:38073------------
2021-09-26 10:23:08 :: {"id":"39597","date":"2021-09-26","number":"37866","amount":"70000.0000000000","observations":null,"anotation":null,"type":"in","paymentMethod":"","status":"open","bankAccount":{"id":"2","name":"PAYU","type":"bank"},"client":{"id":"29572","name":"Kabed Gonz\u00e1lez Urueta","phone":"3017742400"},"invoices":[{"id":"38073","number":"40334","date":"2021-09-26","amount":70000,"total":70000,"balance":0}],"costCenter":null,"numberTemplate":{"id":"3","prefix":"","number":"37866","fullNumber":"37866","formattedNumber":"37866"}}
2021-09-26 10:38:06 :: ----------send data payment:38074------------
2021-09-26 10:38:06 :: {"date":"2021-09-26","invoices":[{"amount":"41000","id":"38074"}],"bankAccount":2}
2021-09-26 10:38:08 :: ----------result data payment:38074------------
2021-09-26 10:38:08 :: {"id":"39598","date":"2021-09-26","number":"37867","amount":"41000.0000000000","observations":null,"anotation":null,"type":"in","paymentMethod":"","status":"open","bankAccount":{"id":"2","name":"PAYU","type":"bank"},"client":{"id":"29573","name":"Yineidy Hoyos Martinez","phone":"3108723653"},"invoices":[{"id":"38074","number":"40335","date":"2021-09-26","amount":41000,"total":41000,"balance":0}],"costCenter":null,"numberTemplate":{"id":"3","prefix":"","number":"37867","fullNumber":"37867","formattedNumber":"37867"}}
2021-09-26 11:30:05 :: ----------send data payment:38075------------
2021-09-26 11:30:05 :: {"date":"2021-09-26","invoices":[{"amount":"105000","id":"38075"}],"bankAccount":2}
2021-09-26 11:30:06 :: ----------result data payment:38075------------
2021-09-26 11:30:06 :: {"id":"39599","date":"2021-09-26","number":"37868","amount":"105000.0000000000","observations":null,"anotation":null,"type":"in","paymentMethod":"","status":"open","bankAccount":{"id":"2","name":"PAYU","type":"bank"},"client":{"id":"29574","name":"dannamorales02","phone":"3127528331"},"invoices":[{"id":"38075","number":"40336","date":"2021-09-26","amount":105000,"total":105000,"balance":0}],"costCenter":null,"numberTemplate":{"id":"3","prefix":"","number":"37868","fullNumber":"37868","formattedNumber":"37868"}}
2021-09-26 12:44:04 :: ----------send data payment:38076------------
2021-09-26 12:44:04 :: {"date":"2021-09-26","invoices":[{"amount":"100000","id":"38076"}],"bankAccount":2}
2021-09-26 12:44:05 :: ----------result data payment:38076------------
2021-09-26 12:44:05 :: {"id":"39600","date":"2021-09-26","number":"37869","amount":"100000.0000000000","observations":null,"anotation":null,"type":"in","paymentMethod":"","status":"open","bankAccount":{"id":"2","name":"PAYU","type":"bank"},"client":{"id":"14977","name":"Natalia Mahecha","phone":"3125359125"},"invoices":[{"id":"38076","number":"40337","date":"2021-09-26","amount":100000,"total":100000,"balance":0}],"costCenter":null,"numberTemplate":{"id":"3","prefix":"","number":"37869","fullNumber":"37869","formattedNumber":"37869"}}
2021-09-26 01:01:09 :: ----------send data payment:38077------------
2021-09-26 01:01:09 :: {"date":"2021-09-26","invoices":[{"amount":"52000","id":"38077"}],"bankAccount":2}
2021-09-26 01:01:10 :: ----------result data payment:38077------------
2021-09-26 01:01:10 :: {"id":"39601","date":"2021-09-26","number":"37870","amount":"52000.0000000000","observations":null,"anotation":null,"type":"in","paymentMethod":"","status":"open","bankAccount":{"id":"2","name":"PAYU","type":"bank"},"client":{"id":"29575","name":"Mariajos\u00e9 Carranza","phone":"3144202100"},"invoices":[{"id":"38077","number":"40338","date":"2021-09-26","amount":52000,"total":52000,"balance":0}],"costCenter":null,"numberTemplate":{"id":"3","prefix":"","number":"37870","fullNumber":"37870","formattedNumber":"37870"}}
2021-09-26 01:52:04 :: ----------send data payment:38078------------
2021-09-26 01:52:04 :: {"date":"2021-09-26","invoices":[{"amount":"65000","id":"38078"}],"bankAccount":2}
2021-09-26 01:52:06 :: ----------result data payment:38078------------
2021-09-26 01:52:06 :: {"id":"39602","date":"2021-09-26","number":"37871","amount":"65000.0000000000","observations":null,"anotation":null,"type":"in","paymentMethod":"","status":"open","bankAccount":{"id":"2","name":"PAYU","type":"bank"},"client":{"id":"15757","name":"Natalia Vel\u00e1squez S\u00e1nchez","phone":"3003149316"},"invoices":[{"id":"38078","number":"40339","date":"2021-09-26","amount":65000,"total":65000,"balance":0}],"costCenter":null,"numberTemplate":{"id":"3","prefix":"","number":"37871","fullNumber":"37871","formattedNumber":"37871"}}
2021-09-26 01:59:03 :: ----------send data payment:38079------------
2021-09-26 01:59:03 :: {"date":"2021-09-26","invoices":[{"amount":"50001","id":"38079"}],"bankAccount":2}
2021-09-26 01:59:04 :: ----------result data payment:38079------------
2021-09-26 01:59:04 :: {"id":"39603","date":"2021-09-26","number":"37872","amount":"50001.0000000000","observations":null,"anotation":null,"type":"in","paymentMethod":"","status":"open","bankAccount":{"id":"2","name":"PAYU","type":"bank"},"client":{"id":"550","name":"Ana Garavito","phone":"3057121045"},"invoices":[{"id":"38079","number":"40340","date":"2021-09-26","amount":50001,"total":50001,"balance":0}],"costCenter":null,"numberTemplate":{"id":"3","prefix":"","number":"37872","fullNumber":"37872","formattedNumber":"37872"}}
2021-09-26 03:09:05 :: ----------send data payment:38080------------
2021-09-26 03:09:05 :: {"date":"2021-09-26","invoices":[{"amount":"70000","id":"38080"}],"bankAccount":2}
2021-09-26 03:09:06 :: ----------result data payment:38080------------
2021-09-26 03:09:06 :: {"id":"39604","date":"2021-09-26","number":"37873","amount":"70000.0000000000","observations":null,"anotation":null,"type":"in","paymentMethod":"","status":"open","bankAccount":{"id":"2","name":"PAYU","type":"bank"},"client":{"id":"29576","name":"Laura Cristina Mateus","phone":"3133755403"},"invoices":[{"id":"38080","number":"40341","date":"2021-09-26","amount":70000,"total":70000,"balance":0}],"costCenter":null,"numberTemplate":{"id":"3","prefix":"","number":"37873","fullNumber":"37873","formattedNumber":"37873"}}
2021-09-26 04:00:24 :: ----------send data payment:38081------------
2021-09-26 04:00:24 :: {"date":"2021-09-26","invoices":[{"amount":"65000","id":"38081"}],"bankAccount":2}
2021-09-26 04:00:25 :: ----------result data payment:38081------------
2021-09-26 04:00:25 :: {"id":"39605","date":"2021-09-26","number":"37874","amount":"65000.0000000000","observations":null,"anotation":null,"type":"in","paymentMethod":"","status":"open","bankAccount":{"id":"2","name":"PAYU","type":"bank"},"client":{"id":"29577","name":"Carla Casallas","phone":"3162944378"},"invoices":[{"id":"38081","number":"40342","date":"2021-09-26","amount":65000,"total":65000,"balance":0}],"costCenter":null,"numberTemplate":{"id":"3","prefix":"","number":"37874","fullNumber":"37874","formattedNumber":"37874"}}
2021-09-26 04:40:05 :: ----------send data payment:38082------------
2021-09-26 04:40:05 :: {"date":"2021-09-26","invoices":[{"amount":"60000","id":"38082"}],"bankAccount":2}
2021-09-26 04:40:06 :: ----------result data payment:38082------------
2021-09-26 04:40:06 :: {"id":"39606","date":"2021-09-26","number":"37875","amount":"60000.0000000000","observations":null,"anotation":null,"type":"in","paymentMethod":"","status":"open","bankAccount":{"id":"2","name":"PAYU","type":"bank"},"client":{"id":"29578","name":"Diana Diaz","phone":"3202072340"},"invoices":[{"id":"38082","number":"40343","date":"2021-09-26","amount":60000,"total":60000,"balance":0}],"costCenter":null,"numberTemplate":{"id":"3","prefix":"","number":"37875","fullNumber":"37875","formattedNumber":"37875"}}
2021-09-26 04:51:11 :: ----------send data payment:38083------------
2021-09-26 04:51:11 :: {"date":"2021-09-26","invoices":[{"amount":"172999","id":"38083"}],"bankAccount":2}
2021-09-26 04:51:13 :: ----------result data payment:38083------------
2021-09-26 04:51:13 :: {"id":"39607","date":"2021-09-26","number":"37876","amount":"172999.0000000000","observations":null,"anotation":null,"type":"in","paymentMethod":"","status":"open","bankAccount":{"id":"2","name":"PAYU","type":"bank"},"client":{"id":"28821","name":"Leidy Silva","phone":"3164709916"},"invoices":[{"id":"38083","number":"40344","date":"2021-09-26","amount":172999,"total":172999,"balance":0}],"costCenter":null,"numberTemplate":{"id":"3","prefix":"","number":"37876","fullNumber":"37876","formattedNumber":"37876"}}
2021-09-26 04:57:05 :: ----------send data payment:38084------------
2021-09-26 04:57:05 :: {"date":"2021-09-26","invoices":[{"amount":"49999","id":"38084"}],"bankAccount":2}
2021-09-26 04:57:06 :: ----------result data payment:38084------------
2021-09-26 04:57:06 :: {"id":"39608","date":"2021-09-26","number":"37877","amount":"49999.0000000000","observations":null,"anotation":null,"type":"in","paymentMethod":"","status":"open","bankAccount":{"id":"2","name":"PAYU","type":"bank"},"client":{"id":"29579","name":"Mayerlin cardenas","phone":"3112185134"},"invoices":[{"id":"38084","number":"40345","date":"2021-09-26","amount":49999,"total":49999,"balance":0}],"costCenter":null,"numberTemplate":{"id":"3","prefix":"","number":"37877","fullNumber":"37877","formattedNumber":"37877"}}
2021-09-26 05:34:06 :: ----------send data payment:38085------------
2021-09-26 05:34:06 :: {"date":"2021-09-26","invoices":[{"amount":"75999","id":"38085"}],"bankAccount":2}
2021-09-26 05:34:07 :: ----------result data payment:38085------------
2021-09-26 05:34:07 :: {"id":"39609","date":"2021-09-26","number":"37878","amount":"75999.0000000000","observations":null,"anotation":null,"type":"in","paymentMethod":"","status":"open","bankAccount":{"id":"2","name":"PAYU","type":"bank"},"client":{"id":"29580","name":"angela yasno","phone":"3137678364"},"invoices":[{"id":"38085","number":"40346","date":"2021-09-26","amount":75999,"total":75999,"balance":0}],"costCenter":null,"numberTemplate":{"id":"3","prefix":"","number":"37878","fullNumber":"37878","formattedNumber":"37878"}}
2021-09-26 06:01:10 :: ----------send data payment:38086------------
2021-09-26 06:01:10 :: {"date":"2021-09-26","invoices":[{"amount":"59900","id":"38086"}],"bankAccount":2}
2021-09-26 06:01:12 :: ----------result data payment:38086------------
2021-09-26 06:01:12 :: {"id":"39610","date":"2021-09-26","number":"37879","amount":"59900.0000000000","observations":null,"anotation":null,"type":"in","paymentMethod":"","status":"open","bankAccount":{"id":"2","name":"PAYU","type":"bank"},"client":{"id":"29581","name":"Anna Salazar","phone":"3138709308"},"invoices":[{"id":"38086","number":"40347","date":"2021-09-26","amount":59900,"total":59900,"balance":0}],"costCenter":null,"numberTemplate":{"id":"3","prefix":"","number":"37879","fullNumber":"37879","formattedNumber":"37879"}}
2021-09-26 06:44:06 :: ----------send data payment:38087------------
2021-09-26 06:44:06 :: {"date":"2021-09-26","invoices":[{"amount":"198998","id":"38087"}],"bankAccount":2}
2021-09-26 06:44:08 :: ----------result data payment:38087------------
2021-09-26 06:44:08 :: {"id":"39611","date":"2021-09-26","number":"37880","amount":"198998.0000000000","observations":null,"anotation":null,"type":"in","paymentMethod":"","status":"open","bankAccount":{"id":"2","name":"PAYU","type":"bank"},"client":{"id":"29582","name":"Tatiana arciniegas","phone":"3125253345"},"invoices":[{"id":"38087","number":"40348","date":"2021-09-26","amount":198998,"total":198998,"balance":0}],"costCenter":null,"numberTemplate":{"id":"3","prefix":"","number":"37880","fullNumber":"37880","formattedNumber":"37880"}}
2021-09-26 07:45:16 :: ----------send data payment:38088------------
2021-09-26 07:45:16 :: {"date":"2021-09-26","invoices":[{"amount":"101001","id":"38088"}],"bankAccount":2}
2021-09-26 07:45:17 :: ----------result data payment:38088------------
2021-09-26 07:45:17 :: {"id":"39612","date":"2021-09-26","number":"37881","amount":"101001.0000000000","observations":null,"anotation":null,"type":"in","paymentMethod":"","status":"open","bankAccount":{"id":"2","name":"PAYU","type":"bank"},"client":{"id":"29583","name":"Valentina C\u00e1rdenas","phone":"3128864351"},"invoices":[{"id":"38088","number":"40349","date":"2021-09-26","amount":101001,"total":101001,"balance":0}],"costCenter":null,"numberTemplate":{"id":"3","prefix":"","number":"37881","fullNumber":"37881","formattedNumber":"37881"}}
2021-09-26 07:57:07 :: ----------send data payment:38089------------
2021-09-26 07:57:07 :: {"date":"2021-09-26","invoices":[{"amount":"41000","id":"38089"}],"bankAccount":2}
2021-09-26 07:57:08 :: ----------result data payment:38089------------
2021-09-26 07:57:08 :: {"id":"39613","date":"2021-09-26","number":"37882","amount":"41000.0000000000","observations":null,"anotation":null,"type":"in","paymentMethod":"","status":"open","bankAccount":{"id":"2","name":"PAYU","type":"bank"},"client":{"id":"29584","name":"Evelin Garcia","phone":"3017432197"},"invoices":[{"id":"38089","number":"40350","date":"2021-09-26","amount":41000,"total":41000,"balance":0}],"costCenter":null,"numberTemplate":{"id":"3","prefix":"","number":"37882","fullNumber":"37882","formattedNumber":"37882"}}
2021-09-26 08:35:05 :: ----------send data payment:38090------------
2021-09-26 08:35:05 :: {"date":"2021-09-26","invoices":[{"amount":"40000","id":"38090"}],"bankAccount":2}
2021-09-26 08:35:07 :: ----------result data payment:38090------------
2021-09-26 08:35:07 :: {"id":"39614","date":"2021-09-26","number":"37883","amount":"40000.0000000000","observations":null,"anotation":null,"type":"in","paymentMethod":"","status":"open","bankAccount":{"id":"2","name":"PAYU","type":"bank"},"client":{"id":"29585","name":"Nohora Patricia Ariza","phone":"3123307071"},"invoices":[{"id":"38090","number":"40351","date":"2021-09-26","amount":40000,"total":40000,"balance":0}],"costCenter":null,"numberTemplate":{"id":"3","prefix":"","number":"37883","fullNumber":"37883","formattedNumber":"37883"}}
2021-09-26 08:44:06 :: ----------send data payment:38091------------
2021-09-26 08:44:06 :: {"date":"2021-09-26","invoices":[{"amount":"110000","id":"38091"}],"bankAccount":2}
2021-09-26 08:44:07 :: ----------result data payment:38091------------
2021-09-26 08:44:07 :: {"id":"39615","date":"2021-09-26","number":"37884","amount":"110000.0000000000","observations":null,"anotation":null,"type":"in","paymentMethod":"","status":"open","bankAccount":{"id":"2","name":"PAYU","type":"bank"},"client":{"id":"29586","name":"Paula Andrea Avil\u00e9s Vergara","phone":"3148420601"},"invoices":[{"id":"38091","number":"40352","date":"2021-09-26","amount":110000,"total":110000,"balance":0}],"costCenter":null,"numberTemplate":{"id":"3","prefix":"","number":"37884","fullNumber":"37884","formattedNumber":"37884"}}
2021-09-26 09:35:05 :: ----------send data payment:38092------------
2021-09-26 09:35:05 :: {"date":"2021-09-26","invoices":[{"amount":"49999","id":"38092"}],"bankAccount":2}
2021-09-26 09:35:06 :: ----------result data payment:38092------------
2021-09-26 09:35:06 :: {"id":"39616","date":"2021-09-26","number":"37885","amount":"49999.0000000000","observations":null,"anotation":null,"type":"in","paymentMethod":"","status":"open","bankAccount":{"id":"2","name":"PAYU","type":"bank"},"client":{"id":"29587","name":"Maria Mass Noriega","phone":"3014388130"},"invoices":[{"id":"38092","number":"40353","date":"2021-09-26","amount":49999,"total":49999,"balance":0}],"costCenter":null,"numberTemplate":{"id":"3","prefix":"","number":"37885","fullNumber":"37885","formattedNumber":"37885"}}
2021-09-26 09:42:12 :: ----------send data payment:38093------------
2021-09-26 09:42:12 :: {"date":"2021-09-26","invoices":[{"amount":"499001","id":"38093"}],"bankAccount":2}
2021-09-26 09:42:14 :: ----------result data payment:38093------------
2021-09-26 09:42:14 :: {"id":"39617","date":"2021-09-26","number":"37886","amount":"499001.0000000000","observations":null,"anotation":null,"type":"in","paymentMethod":"","status":"open","bankAccount":{"id":"2","name":"PAYU","type":"bank"},"client":{"id":"29588","name":"Camila Ramirez","phone":"3223598963"},"invoices":[{"id":"38093","number":"40354","date":"2021-09-26","amount":499001,"total":499001,"balance":0}],"costCenter":null,"numberTemplate":{"id":"3","prefix":"","number":"37886","fullNumber":"37886","formattedNumber":"37886"}}
2021-09-26 10:02:07 :: ----------send data payment:38094------------
2021-09-26 10:02:07 :: {"date":"2021-09-26","invoices":[{"amount":"66000","id":"38094"}],"bankAccount":2}
2021-09-26 10:02:08 :: ----------result data payment:38094------------
2021-09-26 10:02:08 :: {"id":"39618","date":"2021-09-26","number":"37887","amount":"66000.0000000000","observations":null,"anotation":null,"type":"in","paymentMethod":"","status":"open","bankAccount":{"id":"2","name":"PAYU","type":"bank"},"client":{"id":"29589","name":"Daniela Giraldo","phone":"3042073836"},"invoices":[{"id":"38094","number":"40355","date":"2021-09-26","amount":66000,"total":66000,"balance":0}],"costCenter":null,"numberTemplate":{"id":"3","prefix":"","number":"37887","fullNumber":"37887","formattedNumber":"37887"}}
2021-09-26 10:18:07 :: ----------send data payment:38095------------
2021-09-26 10:18:07 :: {"date":"2021-09-26","invoices":[{"amount":"80000","id":"38095"}],"bankAccount":2}
2021-09-26 10:18:08 :: ----------result data payment:38095------------
2021-09-26 10:18:08 :: {"id":"39619","date":"2021-09-26","number":"37888","amount":"80000.0000000000","observations":null,"anotation":null,"type":"in","paymentMethod":"","status":"open","bankAccount":{"id":"2","name":"PAYU","type":"bank"},"client":{"id":"29590","name":"Armelys Roman","phone":"3005345697"},"invoices":[{"id":"38095","number":"40356","date":"2021-09-26","amount":80000,"total":80000,"balance":0}],"costCenter":null,"numberTemplate":{"id":"3","prefix":"","number":"37888","fullNumber":"37888","formattedNumber":"37888"}}
2021-09-26 10:32:06 :: ----------send data payment:38096------------
2021-09-26 10:32:06 :: {"date":"2021-09-26","invoices":[{"amount":"23000","id":"38096"}],"bankAccount":2}
2021-09-26 10:32:07 :: ----------result data payment:38096------------
2021-09-26 10:32:07 :: {"id":"39620","date":"2021-09-26","number":"37889","amount":"23000.0000000000","observations":null,"anotation":null,"type":"in","paymentMethod":"","status":"open","bankAccount":{"id":"2","name":"PAYU","type":"bank"},"client":{"id":"29591","name":"Silvana Riveros","phone":"3504649136"},"invoices":[{"id":"38096","number":"40357","date":"2021-09-26","amount":23000,"total":23000,"balance":0}],"costCenter":null,"numberTemplate":{"id":"3","prefix":"","number":"37889","fullNumber":"37889","formattedNumber":"37889"}}
2021-09-26 10:35:06 :: ----------send data payment:38097------------
2021-09-26 10:35:06 :: {"date":"2021-09-26","invoices":[{"amount":"77600","id":"38097"}],"bankAccount":2}
2021-09-26 10:35:08 :: ----------result data payment:38097------------
2021-09-26 10:35:08 :: {"id":"39621","date":"2021-09-26","number":"37890","amount":"77600.0000000000","observations":null,"anotation":null,"type":"in","paymentMethod":"","status":"open","bankAccount":{"id":"2","name":"PAYU","type":"bank"},"client":{"id":"29592","name":"Milady Perez","phone":"3218645427"},"invoices":[{"id":"38097","number":"40358","date":"2021-09-26","amount":77600,"total":77600,"balance":0}],"costCenter":null,"numberTemplate":{"id":"3","prefix":"","number":"37890","fullNumber":"37890","formattedNumber":"37890"}}
2021-09-26 11:06:09 :: ----------send data payment:38098------------
2021-09-26 11:06:09 :: {"date":"2021-09-26","invoices":[{"amount":"196000","id":"38098"}],"bankAccount":2}
2021-09-26 11:06:10 :: ----------result data payment:38098------------
2021-09-26 11:06:10 :: {"id":"39622","date":"2021-09-26","number":"37891","amount":"196000.0000000000","observations":null,"anotation":null,"type":"in","paymentMethod":"","status":"open","bankAccount":{"id":"2","name":"PAYU","type":"bank"},"client":{"id":"28751","name":"Xiomara Pareja","phone":"3124451606"},"invoices":[{"id":"38098","number":"40359","date":"2021-09-26","amount":196000,"total":196000,"balance":0}],"costCenter":null,"numberTemplate":{"id":"3","prefix":"","number":"37891","fullNumber":"37891","formattedNumber":"37891"}}