
2021-10-10 12:07:06 :: ----------send data payment:39104------------
2021-10-10 12:07:06 :: {"date":"2021-10-10","invoices":[{"amount":"60002","id":"39104"}],"bankAccount":2}
2021-10-10 12:07:07 :: ----------result data payment:39104------------
2021-10-10 12:07:07 :: {"id":"40632","date":"2021-10-10","number":"38880","amount":"60002.0000000000","observations":null,"anotation":null,"type":"in","paymentMethod":"","status":"open","bankAccount":{"id":"2","name":"PAYU","type":"bank"},"client":{"id":"2818","name":"Natalia Su\u00e1rez","phone":"3002414848"},"invoices":[{"id":"39104","number":"41365","date":"2021-10-10","amount":60002,"total":60002,"balance":0}],"costCenter":null,"numberTemplate":{"id":"3","prefix":"","number":"38880","fullNumber":"38880","formattedNumber":"38880"}}
2021-10-10 01:05:07 :: ----------send data payment:39105------------
2021-10-10 01:05:07 :: {"date":"2021-10-10","invoices":[{"amount":"163000","id":"39105"}],"bankAccount":2}
2021-10-10 01:05:08 :: ----------result data payment:39105------------
2021-10-10 01:05:08 :: {"id":"40633","date":"2021-10-10","number":"38881","amount":"163000.0000000000","observations":null,"anotation":null,"type":"in","paymentMethod":"","status":"open","bankAccount":{"id":"2","name":"PAYU","type":"bank"},"client":{"id":"25108","name":"Isabel Cristina Cuellar Cuenca","phone":"3177107492"},"invoices":[{"id":"39105","number":"41366","date":"2021-10-10","amount":163000,"total":163000,"balance":0}],"costCenter":null,"numberTemplate":{"id":"3","prefix":"","number":"38881","fullNumber":"38881","formattedNumber":"38881"}}
2021-10-10 02:30:04 :: ----------send data payment:39106------------
2021-10-10 02:30:04 :: {"date":"2021-10-10","invoices":[{"amount":"253999","id":"39106"}],"bankAccount":2}
2021-10-10 02:30:06 :: ----------result data payment:39106------------
2021-10-10 02:30:06 :: {"id":"40634","date":"2021-10-10","number":"38882","amount":"253999.0000000000","observations":null,"anotation":null,"type":"in","paymentMethod":"","status":"open","bankAccount":{"id":"2","name":"PAYU","type":"bank"},"client":{"id":"1950","name":"Luisa Fernanda Baez saenz","phone":"3157510035"},"invoices":[{"id":"39106","number":"41367","date":"2021-10-10","amount":253999,"total":253999,"balance":0}],"costCenter":null,"numberTemplate":{"id":"3","prefix":"","number":"38882","fullNumber":"38882","formattedNumber":"38882"}}
2021-10-10 03:05:05 :: ----------send data payment:39107------------
2021-10-10 03:05:05 :: {"date":"2021-10-10","invoices":[{"amount":"39999","id":"39107"}],"bankAccount":2}
2021-10-10 03:05:06 :: ----------result data payment:39107------------
2021-10-10 03:05:06 :: {"id":"40635","date":"2021-10-10","number":"38883","amount":"39999.0000000000","observations":null,"anotation":null,"type":"in","paymentMethod":"","status":"open","bankAccount":{"id":"2","name":"PAYU","type":"bank"},"client":{"id":"30311","name":"Eliana Hurtado","phone":"3133715422"},"invoices":[{"id":"39107","number":"41368","date":"2021-10-10","amount":39999,"total":39999,"balance":0}],"costCenter":null,"numberTemplate":{"id":"3","prefix":"","number":"38883","fullNumber":"38883","formattedNumber":"38883"}}
2021-10-10 07:34:04 :: ----------send data payment:39108------------
2021-10-10 07:34:04 :: {"date":"2021-10-10","invoices":[{"amount":"105999","id":"39108"}],"bankAccount":2}
2021-10-10 07:34:05 :: ----------result data payment:39108------------
2021-10-10 07:34:05 :: {"id":"40636","date":"2021-10-10","number":"38884","amount":"105999.0000000000","observations":null,"anotation":null,"type":"in","paymentMethod":"","status":"open","bankAccount":{"id":"2","name":"PAYU","type":"bank"},"client":{"id":"26350","name":"Maria Ortiz","phone":"3154882355"},"invoices":[{"id":"39108","number":"41369","date":"2021-10-10","amount":105999,"total":105999,"balance":0}],"costCenter":null,"numberTemplate":{"id":"3","prefix":"","number":"38884","fullNumber":"38884","formattedNumber":"38884"}}
2021-10-10 09:06:11 :: ----------send data payment:39109------------
2021-10-10 09:06:11 :: {"date":"2021-10-10","invoices":[{"amount":"58000","id":"39109"}],"bankAccount":2}
2021-10-10 09:06:13 :: ----------result data payment:39109------------
2021-10-10 09:06:13 :: {"id":"40637","date":"2021-10-10","number":"38885","amount":"58000.0000000000","observations":null,"anotation":null,"type":"in","paymentMethod":"","status":"open","bankAccount":{"id":"2","name":"PAYU","type":"bank"},"client":{"id":"22994","name":"Maria Cristina Arias Campa\u00f1a","phone":"3016576434"},"invoices":[{"id":"39109","number":"41370","date":"2021-10-10","amount":58000,"total":58000,"balance":0}],"costCenter":null,"numberTemplate":{"id":"3","prefix":"","number":"38885","fullNumber":"38885","formattedNumber":"38885"}}
2021-10-10 10:24:07 :: ----------send data payment:39110------------
2021-10-10 10:24:07 :: {"date":"2021-10-10","invoices":[{"amount":"90000","id":"39110"}],"bankAccount":2}
2021-10-10 10:24:08 :: ----------result data payment:39110------------
2021-10-10 10:24:08 :: {"id":"40638","date":"2021-10-10","number":"38886","amount":"90000.0000000000","observations":null,"anotation":null,"type":"in","paymentMethod":"","status":"open","bankAccount":{"id":"2","name":"PAYU","type":"bank"},"client":{"id":"30312","name":"Katherine","phone":"3146696544"},"invoices":[{"id":"39110","number":"41371","date":"2021-10-10","amount":90000,"total":90000,"balance":0}],"costCenter":null,"numberTemplate":{"id":"3","prefix":"","number":"38886","fullNumber":"38886","formattedNumber":"38886"}}
2021-10-10 10:56:26 :: ----------send data payment:39111------------
2021-10-10 10:56:26 :: {"date":"2021-10-10","invoices":[{"amount":"166000","id":"39111"}],"bankAccount":2}
2021-10-10 10:56:27 :: ----------result data payment:39111------------
2021-10-10 10:56:27 :: {"id":"40639","date":"2021-10-10","number":"38887","amount":"166000.0000000000","observations":null,"anotation":null,"type":"in","paymentMethod":"","status":"open","bankAccount":{"id":"2","name":"PAYU","type":"bank"},"client":{"id":"30313","name":"Karina Andrea Espa\u00f1a Granados","phone":"3142122540"},"invoices":[{"id":"39111","number":"41372","date":"2021-10-10","amount":166000,"total":166000,"balance":0}],"costCenter":null,"numberTemplate":{"id":"3","prefix":"","number":"38887","fullNumber":"38887","formattedNumber":"38887"}}
2021-10-10 11:07:05 :: ----------send data payment:39112------------
2021-10-10 11:07:05 :: {"date":"2021-10-10","invoices":[{"amount":"50001","id":"39112"}],"bankAccount":2}
2021-10-10 11:07:06 :: ----------result data payment:39112------------
2021-10-10 11:07:06 :: {"id":"40640","date":"2021-10-10","number":"38888","amount":"50001.0000000000","observations":null,"anotation":null,"type":"in","paymentMethod":"","status":"open","bankAccount":{"id":"2","name":"PAYU","type":"bank"},"client":{"id":"30314","name":"Maria Jimena Marulanda","phone":"3006394939"},"invoices":[{"id":"39112","number":"41373","date":"2021-10-10","amount":50001,"total":50001,"balance":0}],"costCenter":null,"numberTemplate":{"id":"3","prefix":"","number":"38888","fullNumber":"38888","formattedNumber":"38888"}}
2021-10-10 11:20:08 :: ----------send data payment:39113------------
2021-10-10 11:20:08 :: {"date":"2021-10-10","invoices":[{"amount":"39000","id":"39113"}],"bankAccount":2}
2021-10-10 11:20:10 :: ----------result data payment:39113------------
2021-10-10 11:20:10 :: {"id":"40641","date":"2021-10-10","number":"38889","amount":"39000.0000000000","observations":null,"anotation":null,"type":"in","paymentMethod":"","status":"open","bankAccount":{"id":"2","name":"PAYU","type":"bank"},"client":{"id":"23024","name":"Mariana Alfonso","phone":"3108434297"},"invoices":[{"id":"39113","number":"41374","date":"2021-10-10","amount":39000,"total":39000,"balance":0}],"costCenter":null,"numberTemplate":{"id":"3","prefix":"","number":"38889","fullNumber":"38889","formattedNumber":"38889"}}
2021-10-10 11:22:05 :: ----------send data payment:39114------------
2021-10-10 11:22:05 :: {"date":"2021-10-10","invoices":[{"amount":"70000","id":"39114"}],"bankAccount":2}
2021-10-10 11:22:06 :: ----------result data payment:39114------------
2021-10-10 11:22:06 :: {"id":"40642","date":"2021-10-10","number":"38890","amount":"70000.0000000000","observations":null,"anotation":null,"type":"in","paymentMethod":"","status":"open","bankAccount":{"id":"2","name":"PAYU","type":"bank"},"client":{"id":"30315","name":"Angie Torres","phone":"3114636348"},"invoices":[{"id":"39114","number":"41375","date":"2021-10-10","amount":70000,"total":70000,"balance":0}],"costCenter":null,"numberTemplate":{"id":"3","prefix":"","number":"38890","fullNumber":"38890","formattedNumber":"38890"}}
2021-10-10 12:23:11 :: ----------send data payment:39115------------
2021-10-10 12:23:11 :: {"date":"2021-10-10","invoices":[{"amount":"163001","id":"39115"}],"bankAccount":2}
2021-10-10 12:23:13 :: ----------result data payment:39115------------
2021-10-10 12:23:13 :: {"id":"40643","date":"2021-10-10","number":"38891","amount":"163001.0000000000","observations":null,"anotation":null,"type":"in","paymentMethod":"","status":"open","bankAccount":{"id":"2","name":"PAYU","type":"bank"},"client":{"id":"30316","name":"DIANA MARIA GONZALEZ BEDOYA","phone":"3117270121"},"invoices":[{"id":"39115","number":"41376","date":"2021-10-10","amount":163001,"total":163001,"balance":0}],"costCenter":null,"numberTemplate":{"id":"3","prefix":"","number":"38891","fullNumber":"38891","formattedNumber":"38891"}}
2021-10-10 12:37:06 :: ----------send data payment:39116------------
2021-10-10 12:37:06 :: {"date":"2021-10-10","invoices":[{"amount":"60000","id":"39116"}],"bankAccount":2}
2021-10-10 12:37:08 :: ----------result data payment:39116------------
2021-10-10 12:37:08 :: {"id":"40644","date":"2021-10-10","number":"38892","amount":"60000.0000000000","observations":null,"anotation":null,"type":"in","paymentMethod":"","status":"open","bankAccount":{"id":"2","name":"PAYU","type":"bank"},"client":{"id":"30317","name":"Liliana Pardo Montenegro","phone":"3132610778"},"invoices":[{"id":"39116","number":"41377","date":"2021-10-10","amount":60000,"total":60000,"balance":0}],"costCenter":null,"numberTemplate":{"id":"3","prefix":"","number":"38892","fullNumber":"38892","formattedNumber":"38892"}}
2021-10-10 12:42:06 :: ----------send data payment:39117------------
2021-10-10 12:42:06 :: {"date":"2021-10-10","invoices":[{"amount":"70000","id":"39117"}],"bankAccount":2}
2021-10-10 12:42:08 :: ----------result data payment:39117------------
2021-10-10 12:42:08 :: {"id":"40645","date":"2021-10-10","number":"38893","amount":"70000.0000000000","observations":null,"anotation":null,"type":"in","paymentMethod":"","status":"open","bankAccount":{"id":"2","name":"PAYU","type":"bank"},"client":{"id":"30318","name":"Lina Mar\u00eda","phone":"3115364920"},"invoices":[{"id":"39117","number":"41378","date":"2021-10-10","amount":70000,"total":70000,"balance":0}],"costCenter":null,"numberTemplate":{"id":"3","prefix":"","number":"38893","fullNumber":"38893","formattedNumber":"38893"}}
2021-10-10 12:44:06 :: ----------send data payment:39118------------
2021-10-10 12:44:06 :: {"date":"2021-10-10","invoices":[{"amount":"70000","id":"39118"}],"bankAccount":2}
2021-10-10 12:44:07 :: ----------result data payment:39118------------
2021-10-10 12:44:07 :: {"id":"40646","date":"2021-10-10","number":"38894","amount":"70000.0000000000","observations":null,"anotation":null,"type":"in","paymentMethod":"","status":"open","bankAccount":{"id":"2","name":"PAYU","type":"bank"},"client":{"id":"30319","name":"Paula Andrea","phone":"3137884152"},"invoices":[{"id":"39118","number":"41379","date":"2021-10-10","amount":70000,"total":70000,"balance":0}],"costCenter":null,"numberTemplate":{"id":"3","prefix":"","number":"38894","fullNumber":"38894","formattedNumber":"38894"}}
2021-10-10 12:52:05 :: ----------send data payment:39119------------
2021-10-10 12:52:05 :: {"date":"2021-10-10","invoices":[{"amount":"69000","id":"39119"}],"bankAccount":2}
2021-10-10 12:52:07 :: ----------result data payment:39119------------
2021-10-10 12:52:07 :: {"id":"40647","date":"2021-10-10","number":"38895","amount":"69000.0000000000","observations":null,"anotation":null,"type":"in","paymentMethod":"","status":"open","bankAccount":{"id":"2","name":"PAYU","type":"bank"},"client":{"id":"30320","name":"Ivone maritza morales lopez","phone":"3134945852"},"invoices":[{"id":"39119","number":"41380","date":"2021-10-10","amount":69000,"total":69000,"balance":0}],"costCenter":null,"numberTemplate":{"id":"3","prefix":"","number":"38895","fullNumber":"38895","formattedNumber":"38895"}}
2021-10-10 01:25:03 :: ----------send data payment:39120------------
2021-10-10 01:25:03 :: {"date":"2021-10-10","invoices":[{"amount":"22000","id":"39120"}],"bankAccount":2}
2021-10-10 01:25:05 :: ----------result data payment:39120------------
2021-10-10 01:25:05 :: {"id":"40648","date":"2021-10-10","number":"38896","amount":"22000.0000000000","observations":null,"anotation":null,"type":"in","paymentMethod":"","status":"open","bankAccount":{"id":"2","name":"PAYU","type":"bank"},"client":{"id":"21438","name":"CARLOTTA RUIZ HERRERA","phone":"3014634604"},"invoices":[{"id":"39120","number":"41381","date":"2021-10-10","amount":22000,"total":22000,"balance":0}],"costCenter":null,"numberTemplate":{"id":"3","prefix":"","number":"38896","fullNumber":"38896","formattedNumber":"38896"}}
2021-10-10 01:34:06 :: ----------send data payment:39121------------
2021-10-10 01:34:06 :: {"date":"2021-10-10","invoices":[{"amount":"100000","id":"39121"}],"bankAccount":2}
2021-10-10 01:34:07 :: ----------result data payment:39121------------
2021-10-10 01:34:07 :: {"id":"40649","date":"2021-10-10","number":"38897","amount":"100000.0000000000","observations":null,"anotation":null,"type":"in","paymentMethod":"","status":"open","bankAccount":{"id":"2","name":"PAYU","type":"bank"},"client":{"id":"30321","name":"Gabriela Sierra","phone":"3122353150"},"invoices":[{"id":"39121","number":"41382","date":"2021-10-10","amount":100000,"total":100000,"balance":0}],"costCenter":null,"numberTemplate":{"id":"3","prefix":"","number":"38897","fullNumber":"38897","formattedNumber":"38897"}}
2021-10-10 01:52:07 :: ----------send data payment:39122------------
2021-10-10 01:52:07 :: {"date":"2021-10-10","invoices":[{"amount":"70000","id":"39122"}],"bankAccount":2}
2021-10-10 01:52:09 :: ----------result data payment:39122------------
2021-10-10 01:52:09 :: {"id":"40650","date":"2021-10-10","number":"38898","amount":"70000.0000000000","observations":null,"anotation":null,"type":"in","paymentMethod":"","status":"open","bankAccount":{"id":"2","name":"PAYU","type":"bank"},"client":{"id":"30322","name":"Maria Camila Grisales Caro","phone":"3146616083"},"invoices":[{"id":"39122","number":"41383","date":"2021-10-10","amount":70000,"total":70000,"balance":0}],"costCenter":null,"numberTemplate":{"id":"3","prefix":"","number":"38898","fullNumber":"38898","formattedNumber":"38898"}}
2021-10-10 01:58:05 :: ----------send data payment:39123------------
2021-10-10 01:58:05 :: {"date":"2021-10-10","invoices":[{"amount":"66600","id":"39123"}],"bankAccount":2}
2021-10-10 01:58:07 :: ----------result data payment:39123------------
2021-10-10 01:58:07 :: {"id":"40651","date":"2021-10-10","number":"38899","amount":"66600.0000000000","observations":null,"anotation":null,"type":"in","paymentMethod":"","status":"open","bankAccount":{"id":"2","name":"PAYU","type":"bank"},"client":{"id":"25642","name":"Melissa Medina Fajardo","phone":"3192471986"},"invoices":[{"id":"39123","number":"41384","date":"2021-10-10","amount":66600,"total":66600,"balance":0}],"costCenter":null,"numberTemplate":{"id":"3","prefix":"","number":"38899","fullNumber":"38899","formattedNumber":"38899"}}
2021-10-10 02:34:08 :: ----------send data payment:39124------------
2021-10-10 02:34:08 :: {"date":"2021-10-10","invoices":[{"amount":"32000","id":"39124"}],"bankAccount":2}
2021-10-10 02:34:09 :: ----------result data payment:39124------------
2021-10-10 02:34:09 :: {"id":"40652","date":"2021-10-10","number":"38900","amount":"32000.0000000000","observations":null,"anotation":null,"type":"in","paymentMethod":"","status":"open","bankAccount":{"id":"2","name":"PAYU","type":"bank"},"client":{"id":"30323","name":"francisco manuel padilla cardozo","phone":"3222053199"},"invoices":[{"id":"39124","number":"41385","date":"2021-10-10","amount":32000,"total":32000,"balance":0}],"costCenter":null,"numberTemplate":{"id":"3","prefix":"","number":"38900","fullNumber":"38900","formattedNumber":"38900"}}
2021-10-10 02:37:07 :: ----------send data payment:39125------------
2021-10-10 02:37:07 :: {"date":"2021-10-10","invoices":[{"amount":"107000","id":"39125"}],"bankAccount":2}
2021-10-10 02:37:09 :: ----------result data payment:39125------------
2021-10-10 02:37:09 :: {"id":"40653","date":"2021-10-10","number":"38901","amount":"107000.0000000000","observations":null,"anotation":null,"type":"in","paymentMethod":"","status":"open","bankAccount":{"id":"2","name":"PAYU","type":"bank"},"client":{"id":"30324","name":"Keren Gomez","phone":"3023742436"},"invoices":[{"id":"39125","number":"41386","date":"2021-10-10","amount":107000,"total":107000,"balance":0}],"costCenter":null,"numberTemplate":{"id":"3","prefix":"","number":"38901","fullNumber":"38901","formattedNumber":"38901"}}
2021-10-10 02:43:05 :: ----------send data payment:39126------------
2021-10-10 02:43:05 :: {"date":"2021-10-10","invoices":[{"amount":"70000","id":"39126"}],"bankAccount":2}
2021-10-10 02:43:06 :: ----------result data payment:39126------------
2021-10-10 02:43:06 :: {"id":"40654","date":"2021-10-10","number":"38902","amount":"70000.0000000000","observations":null,"anotation":null,"type":"in","paymentMethod":"","status":"open","bankAccount":{"id":"2","name":"PAYU","type":"bank"},"client":{"id":"30325","name":"Vanne Montenegro","phone":"3053463408"},"invoices":[{"id":"39126","number":"41387","date":"2021-10-10","amount":70000,"total":70000,"balance":0}],"costCenter":null,"numberTemplate":{"id":"3","prefix":"","number":"38902","fullNumber":"38902","formattedNumber":"38902"}}
2021-10-10 02:46:10 :: ----------send data payment:39127------------
2021-10-10 02:46:10 :: {"date":"2021-10-10","invoices":[{"amount":"70000","id":"39127"}],"bankAccount":2}
2021-10-10 02:46:11 :: ----------result data payment:39127------------
2021-10-10 02:46:11 :: {"id":"40655","date":"2021-10-10","number":"38903","amount":"70000.0000000000","observations":null,"anotation":null,"type":"in","paymentMethod":"","status":"open","bankAccount":{"id":"2","name":"PAYU","type":"bank"},"client":{"id":"30326","name":"Stefania Herrera","phone":"3153661577"},"invoices":[{"id":"39127","number":"41388","date":"2021-10-10","amount":70000,"total":70000,"balance":0}],"costCenter":null,"numberTemplate":{"id":"3","prefix":"","number":"38903","fullNumber":"38903","formattedNumber":"38903"}}
2021-10-10 03:06:21 :: ----------send data payment:39128------------
2021-10-10 03:06:21 :: {"date":"2021-10-10","invoices":[{"amount":"190000","id":"39128"}],"bankAccount":2}
2021-10-10 03:06:24 :: ----------result data payment:39128------------
2021-10-10 03:06:24 :: {"id":"40656","date":"2021-10-10","number":"38904","amount":"190000.0000000000","observations":null,"anotation":null,"type":"in","paymentMethod":"","status":"open","bankAccount":{"id":"2","name":"PAYU","type":"bank"},"client":{"id":"15093","name":"ana maria rodriguez","phone":"3159279651"},"invoices":[{"id":"39128","number":"41389","date":"2021-10-10","amount":190000,"total":190000,"balance":0}],"costCenter":null,"numberTemplate":{"id":"3","prefix":"","number":"38904","fullNumber":"38904","formattedNumber":"38904"}}
2021-10-10 03:07:10 :: ----------send data payment:39129------------
2021-10-10 03:07:10 :: {"date":"2021-10-10","invoices":[{"amount":"105600","id":"39129"}],"bankAccount":2}
2021-10-10 03:07:12 :: ----------result data payment:39129------------
2021-10-10 03:07:12 :: {"id":"40657","date":"2021-10-10","number":"38905","amount":"105600.0000000000","observations":null,"anotation":null,"type":"in","paymentMethod":"","status":"open","bankAccount":{"id":"2","name":"PAYU","type":"bank"},"client":{"id":"30327","name":"Natalia Galindo","phone":"3045841930"},"invoices":[{"id":"39129","number":"41390","date":"2021-10-10","amount":105600,"total":105600,"balance":0}],"costCenter":null,"numberTemplate":{"id":"3","prefix":"","number":"38905","fullNumber":"38905","formattedNumber":"38905"}}
2021-10-10 04:52:08 :: ----------send data payment:39130------------
2021-10-10 04:52:08 :: {"date":"2021-10-10","invoices":[{"amount":"111001","id":"39130"}],"bankAccount":2}
2021-10-10 04:52:10 :: ----------result data payment:39130------------
2021-10-10 04:52:10 :: {"id":"40658","date":"2021-10-10","number":"38906","amount":"111001.0000000000","observations":null,"anotation":null,"type":"in","paymentMethod":"","status":"open","bankAccount":{"id":"2","name":"PAYU","type":"bank"},"client":{"id":"30328","name":"alisson fernanda gomez fonseca","phone":"3013558925"},"invoices":[{"id":"39130","number":"41391","date":"2021-10-10","amount":111001,"total":111001,"balance":0}],"costCenter":null,"numberTemplate":{"id":"3","prefix":"","number":"38906","fullNumber":"38906","formattedNumber":"38906"}}
2021-10-10 04:58:07 :: ----------send data payment:39131------------
2021-10-10 04:58:07 :: {"date":"2021-10-10","invoices":[{"amount":"61000","id":"39131"}],"bankAccount":2}
2021-10-10 04:58:08 :: ----------result data payment:39131------------
2021-10-10 04:58:08 :: {"id":"40659","date":"2021-10-10","number":"38907","amount":"61000.0000000000","observations":null,"anotation":null,"type":"in","paymentMethod":"","status":"open","bankAccount":{"id":"2","name":"PAYU","type":"bank"},"client":{"id":"30329","name":"Gisella Guerrero","phone":"3116712035"},"invoices":[{"id":"39131","number":"41392","date":"2021-10-10","amount":61000,"total":61000,"balance":0}],"costCenter":null,"numberTemplate":{"id":"3","prefix":"","number":"38907","fullNumber":"38907","formattedNumber":"38907"}}
2021-10-10 04:58:14 :: ----------send data payment:39132------------
2021-10-10 04:58:14 :: {"date":"2021-10-10","invoices":[{"amount":"104000","id":"39132"}],"bankAccount":2}
2021-10-10 04:58:17 :: ----------result data payment:39132------------
2021-10-10 04:58:17 :: {"id":"40660","date":"2021-10-10","number":"38908","amount":"104000.0000000000","observations":null,"anotation":null,"type":"in","paymentMethod":"","status":"open","bankAccount":{"id":"2","name":"PAYU","type":"bank"},"client":{"id":"30330","name":"Sonia","phone":"3017592382"},"invoices":[{"id":"39132","number":"41393","date":"2021-10-10","amount":104000,"total":104000,"balance":0}],"costCenter":null,"numberTemplate":{"id":"3","prefix":"","number":"38908","fullNumber":"38908","formattedNumber":"38908"}}
2021-10-10 05:25:04 :: ----------send data payment:39133------------
2021-10-10 05:25:04 :: {"date":"2021-10-10","invoices":[{"amount":"66000","id":"39133"}],"bankAccount":2}
2021-10-10 05:25:06 :: ----------result data payment:39133------------
2021-10-10 05:25:06 :: {"id":"40661","date":"2021-10-10","number":"38909","amount":"66000.0000000000","observations":null,"anotation":null,"type":"in","paymentMethod":"","status":"open","bankAccount":{"id":"2","name":"PAYU","type":"bank"},"client":{"id":"30331","name":"Jessica Alejandra Urbano Relpe","phone":"3113957744"},"invoices":[{"id":"39133","number":"41394","date":"2021-10-10","amount":66000,"total":66000,"balance":0}],"costCenter":null,"numberTemplate":{"id":"3","prefix":"","number":"38909","fullNumber":"38909","formattedNumber":"38909"}}
2021-10-10 05:50:18 :: ----------send data payment:39134------------
2021-10-10 05:50:18 :: {"date":"2021-10-10","invoices":[{"amount":"121000","id":"39134"}],"bankAccount":2}
2021-10-10 05:50:19 :: ----------result data payment:39134------------
2021-10-10 05:50:19 :: {"id":"40662","date":"2021-10-10","number":"38910","amount":"121000.0000000000","observations":null,"anotation":null,"type":"in","paymentMethod":"","status":"open","bankAccount":{"id":"2","name":"PAYU","type":"bank"},"client":{"id":"30332","name":"Juliana Su\u00e1rez \u00c1vila","phone":"3102294453"},"invoices":[{"id":"39134","number":"41395","date":"2021-10-10","amount":121000,"total":121000,"balance":0}],"costCenter":null,"numberTemplate":{"id":"3","prefix":"","number":"38910","fullNumber":"38910","formattedNumber":"38910"}}
2021-10-10 06:32:11 :: ----------send data payment:39135------------
2021-10-10 06:32:11 :: {"date":"2021-10-10","invoices":[{"amount":"113599","id":"39135"}],"bankAccount":2}
2021-10-10 06:32:12 :: ----------result data payment:39135------------
2021-10-10 06:32:12 :: {"id":"40663","date":"2021-10-10","number":"38911","amount":"113599.0000000000","observations":null,"anotation":null,"type":"in","paymentMethod":"","status":"open","bankAccount":{"id":"2","name":"PAYU","type":"bank"},"client":{"id":"30333","name":"Alexandra","phone":"3185358606"},"invoices":[{"id":"39135","number":"41396","date":"2021-10-10","amount":113599,"total":113599,"balance":0}],"costCenter":null,"numberTemplate":{"id":"3","prefix":"","number":"38911","fullNumber":"38911","formattedNumber":"38911"}}
2021-10-10 06:51:12 :: ----------send data payment:39136------------
2021-10-10 06:51:12 :: {"date":"2021-10-10","invoices":[{"amount":"70000","id":"39136"}],"bankAccount":2}
2021-10-10 06:51:13 :: ----------result data payment:39136------------
2021-10-10 06:51:13 :: {"id":"40664","date":"2021-10-10","number":"38912","amount":"70000.0000000000","observations":null,"anotation":null,"type":"in","paymentMethod":"","status":"open","bankAccount":{"id":"2","name":"PAYU","type":"bank"},"client":{"id":"30334","name":"Aleja Agudelo","phone":"3215625311"},"invoices":[{"id":"39136","number":"41397","date":"2021-10-10","amount":70000,"total":70000,"balance":0}],"costCenter":null,"numberTemplate":{"id":"3","prefix":"","number":"38912","fullNumber":"38912","formattedNumber":"38912"}}
2021-10-10 06:58:12 :: ----------send data payment:39137------------
2021-10-10 06:58:12 :: {"date":"2021-10-10","invoices":[{"amount":"112950","id":"39137"}],"bankAccount":2}
2021-10-10 06:58:13 :: ----------result data payment:39137------------
2021-10-10 06:58:13 :: {"id":"40665","date":"2021-10-10","number":"38913","amount":"112950.0000000000","observations":null,"anotation":null,"type":"in","paymentMethod":"","status":"open","bankAccount":{"id":"2","name":"PAYU","type":"bank"},"client":{"id":"10840","name":"Katheryn Cort\u00e9s","phone":"3136252504"},"invoices":[{"id":"39137","number":"41398","date":"2021-10-10","amount":112950,"total":112950,"balance":0}],"costCenter":null,"numberTemplate":{"id":"3","prefix":"","number":"38913","fullNumber":"38913","formattedNumber":"38913"}}
2021-10-10 07:19:10 :: ----------send data payment:39138------------
2021-10-10 07:19:10 :: {"date":"2021-10-10","invoices":[{"amount":"100000","id":"39138"}],"bankAccount":2}
2021-10-10 07:19:11 :: ----------result data payment:39138------------
2021-10-10 07:19:11 :: {"id":"40666","date":"2021-10-10","number":"38914","amount":"100000.0000000000","observations":null,"anotation":null,"type":"in","paymentMethod":"","status":"open","bankAccount":{"id":"2","name":"PAYU","type":"bank"},"client":{"id":"30335","name":"daniela.cardona510","phone":"3004149832"},"invoices":[{"id":"39138","number":"41399","date":"2021-10-10","amount":100000,"total":100000,"balance":0}],"costCenter":null,"numberTemplate":{"id":"3","prefix":"","number":"38914","fullNumber":"38914","formattedNumber":"38914"}}
2021-10-10 07:23:06 :: ----------send data payment:39139------------
2021-10-10 07:23:06 :: {"date":"2021-10-10","invoices":[{"amount":"140000","id":"39139"}],"bankAccount":2}
2021-10-10 07:23:07 :: ----------result data payment:39139------------
2021-10-10 07:23:07 :: {"id":"40667","date":"2021-10-10","number":"38915","amount":"140000.0000000000","observations":null,"anotation":null,"type":"in","paymentMethod":"","status":"open","bankAccount":{"id":"2","name":"PAYU","type":"bank"},"client":{"id":"30336","name":"M\u00f3nica Gamboa","phone":"3206221125"},"invoices":[{"id":"39139","number":"41400","date":"2021-10-10","amount":140000,"total":140000,"balance":0}],"costCenter":null,"numberTemplate":{"id":"3","prefix":"","number":"38915","fullNumber":"38915","formattedNumber":"38915"}}
2021-10-10 07:30:07 :: ----------send data payment:39140------------
2021-10-10 07:30:07 :: {"date":"2021-10-10","invoices":[{"amount":"31501","id":"39140"}],"bankAccount":2}
2021-10-10 07:30:08 :: ----------result data payment:39140------------
2021-10-10 07:30:08 :: {"id":"40668","date":"2021-10-10","number":"38916","amount":"31501.0000000000","observations":null,"anotation":null,"type":"in","paymentMethod":"","status":"open","bankAccount":{"id":"2","name":"PAYU","type":"bank"},"client":{"id":"30337","name":"Paula Herrera","phone":"3202123098"},"invoices":[{"id":"39140","number":"41401","date":"2021-10-10","amount":31501,"total":31501,"balance":0}],"costCenter":null,"numberTemplate":{"id":"3","prefix":"","number":"38916","fullNumber":"38916","formattedNumber":"38916"}}
2021-10-10 07:42:09 :: ----------send data payment:39141------------
2021-10-10 07:42:09 :: {"date":"2021-10-10","invoices":[{"amount":"105000","id":"39141"}],"bankAccount":2}
2021-10-10 07:42:10 :: ----------result data payment:39141------------
2021-10-10 07:42:10 :: {"id":"40669","date":"2021-10-10","number":"38917","amount":"105000.0000000000","observations":null,"anotation":null,"type":"in","paymentMethod":"","status":"open","bankAccount":{"id":"2","name":"PAYU","type":"bank"},"client":{"id":"30338","name":"M\u00f3nica","phone":"3749751"},"invoices":[{"id":"39141","number":"41402","date":"2021-10-10","amount":105000,"total":105000,"balance":0}],"costCenter":null,"numberTemplate":{"id":"3","prefix":"","number":"38917","fullNumber":"38917","formattedNumber":"38917"}}
2021-10-10 08:02:05 :: ----------send data payment:39142------------
2021-10-10 08:02:05 :: {"date":"2021-10-10","invoices":[{"amount":"66502","id":"39142"}],"bankAccount":2}
2021-10-10 08:02:06 :: ----------result data payment:39142------------
2021-10-10 08:02:06 :: {"id":"40670","date":"2021-10-10","number":"38918","amount":"66502.0000000000","observations":null,"anotation":null,"type":"in","paymentMethod":"","status":"open","bankAccount":{"id":"2","name":"PAYU","type":"bank"},"client":{"id":"20524","name":"Valeria Millan Zu\u00f1iga","phone":"3505163891"},"invoices":[{"id":"39142","number":"41403","date":"2021-10-10","amount":66502,"total":66502,"balance":0}],"costCenter":null,"numberTemplate":{"id":"3","prefix":"","number":"38918","fullNumber":"38918","formattedNumber":"38918"}}
2021-10-10 08:05:03 :: ----------send data payment:39143------------
2021-10-10 08:05:03 :: {"date":"2021-10-10","invoices":[{"amount":"70000","id":"39143"}],"bankAccount":2}
2021-10-10 08:05:04 :: ----------result data payment:39143------------
2021-10-10 08:05:04 :: {"id":"40671","date":"2021-10-10","number":"38919","amount":"70000.0000000000","observations":null,"anotation":null,"type":"in","paymentMethod":"","status":"open","bankAccount":{"id":"2","name":"PAYU","type":"bank"},"client":{"id":"22001","name":"Ariagnny soares","phone":"3158869190"},"invoices":[{"id":"39143","number":"41404","date":"2021-10-10","amount":70000,"total":70000,"balance":0}],"costCenter":null,"numberTemplate":{"id":"3","prefix":"","number":"38919","fullNumber":"38919","formattedNumber":"38919"}}
2021-10-10 08:27:06 :: ----------send data payment:39144------------
2021-10-10 08:27:06 :: {"date":"2021-10-10","invoices":[{"amount":"72600","id":"39144"}],"bankAccount":2}
2021-10-10 08:27:08 :: ----------result data payment:39144------------
2021-10-10 08:27:08 :: {"id":"40672","date":"2021-10-10","number":"38920","amount":"72600.0000000000","observations":null,"anotation":null,"type":"in","paymentMethod":"","status":"open","bankAccount":{"id":"2","name":"PAYU","type":"bank"},"client":{"id":"30339","name":"Yashziel De Moya","phone":"3117548193"},"invoices":[{"id":"39144","number":"41405","date":"2021-10-10","amount":72600,"total":72600,"balance":0}],"costCenter":null,"numberTemplate":{"id":"3","prefix":"","number":"38920","fullNumber":"38920","formattedNumber":"38920"}}
2021-10-10 08:30:06 :: ----------send data payment:39145------------
2021-10-10 08:30:06 :: {"date":"2021-10-10","invoices":[{"amount":"70000","id":"39145"}],"bankAccount":2}
2021-10-10 08:30:07 :: ----------result data payment:39145------------
2021-10-10 08:30:07 :: {"id":"40673","date":"2021-10-10","number":"38921","amount":"70000.0000000000","observations":null,"anotation":null,"type":"in","paymentMethod":"","status":"open","bankAccount":{"id":"2","name":"PAYU","type":"bank"},"client":{"id":"30340","name":"isabel sanchez","phone":"3137519868"},"invoices":[{"id":"39145","number":"41406","date":"2021-10-10","amount":70000,"total":70000,"balance":0}],"costCenter":null,"numberTemplate":{"id":"3","prefix":"","number":"38921","fullNumber":"38921","formattedNumber":"38921"}}
2021-10-10 08:31:10 :: ----------send data payment:39146------------
2021-10-10 08:31:10 :: {"date":"2021-10-10","invoices":[{"amount":"25000","id":"39146"}],"bankAccount":2}
2021-10-10 08:31:11 :: ----------result data payment:39146------------
2021-10-10 08:31:11 :: {"id":"40674","date":"2021-10-10","number":"38922","amount":"25000.0000000000","observations":null,"anotation":null,"type":"in","paymentMethod":"","status":"open","bankAccount":{"id":"2","name":"PAYU","type":"bank"},"client":{"id":"30341","name":"Juliana Losada Morales","phone":"3054273917"},"invoices":[{"id":"39146","number":"41407","date":"2021-10-10","amount":25000,"total":25000,"balance":0}],"costCenter":null,"numberTemplate":{"id":"3","prefix":"","number":"38922","fullNumber":"38922","formattedNumber":"38922"}}
2021-10-10 08:43:08 :: ----------send data payment:39147------------
2021-10-10 08:43:08 :: {"date":"2021-10-10","invoices":[{"amount":"121001","id":"39147"}],"bankAccount":2}
2021-10-10 08:43:10 :: ----------result data payment:39147------------
2021-10-10 08:43:10 :: {"id":"40675","date":"2021-10-10","number":"38923","amount":"121001.0000000000","observations":null,"anotation":null,"type":"in","paymentMethod":"","status":"open","bankAccount":{"id":"2","name":"PAYU","type":"bank"},"client":{"id":"30342","name":"Norma Lucia escobar","phone":"3146825179"},"invoices":[{"id":"39147","number":"41408","date":"2021-10-10","amount":121001,"total":121001,"balance":0}],"costCenter":null,"numberTemplate":{"id":"3","prefix":"","number":"38923","fullNumber":"38923","formattedNumber":"38923"}}
2021-10-10 08:47:07 :: ----------send data payment:39148------------
2021-10-10 08:47:07 :: {"date":"2021-10-10","invoices":[{"amount":"159500","id":"39148"}],"bankAccount":2}
2021-10-10 08:47:09 :: ----------result data payment:39148------------
2021-10-10 08:47:09 :: {"id":"40676","date":"2021-10-10","number":"38924","amount":"159500.0000000000","observations":null,"anotation":null,"type":"in","paymentMethod":"","status":"open","bankAccount":{"id":"2","name":"PAYU","type":"bank"},"client":{"id":"30343","name":"lcortinaroa","phone":"3165380545"},"invoices":[{"id":"39148","number":"41409","date":"2021-10-10","amount":159500,"total":159500,"balance":0}],"costCenter":null,"numberTemplate":{"id":"3","prefix":"","number":"38924","fullNumber":"38924","formattedNumber":"38924"}}
2021-10-10 09:22:04 :: ----------send data payment:39149------------
2021-10-10 09:22:04 :: {"date":"2021-10-10","invoices":[{"amount":"70000","id":"39149"}],"bankAccount":2}
2021-10-10 09:22:05 :: ----------result data payment:39149------------
2021-10-10 09:22:05 :: {"id":"40677","date":"2021-10-10","number":"38925","amount":"70000.0000000000","observations":null,"anotation":null,"type":"in","paymentMethod":"","status":"open","bankAccount":{"id":"2","name":"PAYU","type":"bank"},"client":{"id":"15599","name":"Mariana Montes Gonzalez","phone":"3118695805"},"invoices":[{"id":"39149","number":"41410","date":"2021-10-10","amount":70000,"total":70000,"balance":0}],"costCenter":null,"numberTemplate":{"id":"3","prefix":"","number":"38925","fullNumber":"38925","formattedNumber":"38925"}}
2021-10-10 11:00:07 :: ----------send data payment:39150------------
2021-10-10 11:00:07 :: {"date":"2021-10-10","invoices":[{"amount":"102200","id":"39150"}],"bankAccount":2}
2021-10-10 11:00:09 :: ----------result data payment:39150------------
2021-10-10 11:00:09 :: {"id":"40678","date":"2021-10-10","number":"38926","amount":"102200.0000000000","observations":null,"anotation":null,"type":"in","paymentMethod":"","status":"open","bankAccount":{"id":"2","name":"PAYU","type":"bank"},"client":{"id":"30344","name":"Camila Franco","phone":"3505197672"},"invoices":[{"id":"39150","number":"41411","date":"2021-10-10","amount":102200,"total":102200,"balance":0}],"costCenter":null,"numberTemplate":{"id":"3","prefix":"","number":"38926","fullNumber":"38926","formattedNumber":"38926"}}
2021-10-10 11:23:06 :: ----------send data payment:39151------------
2021-10-10 11:23:06 :: {"date":"2021-10-10","invoices":[{"amount":"170000","id":"39151"}],"bankAccount":2}
2021-10-10 11:23:07 :: ----------result data payment:39151------------
2021-10-10 11:23:07 :: {"id":"40679","date":"2021-10-10","number":"38927","amount":"170000.0000000000","observations":null,"anotation":null,"type":"in","paymentMethod":"","status":"open","bankAccount":{"id":"2","name":"PAYU","type":"bank"},"client":{"id":"30345","name":"Ang\u00e9lica Mar\u00edn Saavedra","phone":"3176721304"},"invoices":[{"id":"39151","number":"41412","date":"2021-10-10","amount":170000,"total":170000,"balance":0}],"costCenter":null,"numberTemplate":{"id":"3","prefix":"","number":"38927","fullNumber":"38927","formattedNumber":"38927"}}