
2021-02-01 02:25:15 :: ----------send data payment:27023------------
2021-02-01 02:25:15 :: {"date":"2021-02-01","invoices":[{"amount":"57000","id":"27023"}],"bankAccount":2}
2021-02-01 02:25:16 :: ----------result data payment:27023------------
2021-02-01 02:25:16 :: {"id":"28025","date":"2021-02-01","number":"26874","amount":"57000.0000000000","observations":null,"anotation":null,"type":"in","paymentMethod":"","status":"open","bankAccount":{"id":"2","name":"PAYU","type":"bank"},"client":{"id":"19488","name":"Angie Fernanda Betancurth Duque","phone":"3147929925"},"invoices":[{"id":"27023","number":"29284","date":"2021-02-01","amount":57000,"total":57000,"balance":0}],"costCenter":null,"numberTemplate":{"id":"3","prefix":"","number":"26874"}}
2021-02-01 03:20:10 :: ----------send data payment:27024------------
2021-02-01 03:20:10 :: {"date":"2021-02-01","invoices":[{"amount":"41000","id":"27024"}],"bankAccount":2}
2021-02-01 03:20:11 :: ----------result data payment:27024------------
2021-02-01 03:20:11 :: {"id":"28026","date":"2021-02-01","number":"26875","amount":"41000.0000000000","observations":null,"anotation":null,"type":"in","paymentMethod":"","status":"open","bankAccount":{"id":"2","name":"PAYU","type":"bank"},"client":{"id":"20833","name":"Alejandra Valencia","phone":"3103390701"},"invoices":[{"id":"27024","number":"29285","date":"2021-02-01","amount":41000,"total":41000,"balance":0}],"costCenter":null,"numberTemplate":{"id":"3","prefix":"","number":"26875"}}
2021-02-01 07:20:22 :: ----------send data payment:27025------------
2021-02-01 07:20:22 :: {"date":"2021-02-01","invoices":[{"amount":"60000","id":"27025"}],"bankAccount":2}
2021-02-01 07:20:23 :: ----------result data payment:27025------------
2021-02-01 07:20:23 :: {"id":"28027","date":"2021-02-01","number":"26876","amount":"60000.0000000000","observations":null,"anotation":null,"type":"in","paymentMethod":"","status":"open","bankAccount":{"id":"2","name":"PAYU","type":"bank"},"client":{"id":"15018","name":"Angie Soche","phone":"3178193178"},"invoices":[{"id":"27025","number":"29286","date":"2021-02-01","amount":60000,"total":60000,"balance":0}],"costCenter":null,"numberTemplate":{"id":"3","prefix":"","number":"26876"}}
2021-02-01 07:30:11 :: ----------send data payment:27026------------
2021-02-01 07:30:11 :: {"date":"2021-02-01","invoices":[{"amount":"76000","id":"27026"}],"bankAccount":2}
2021-02-01 07:30:13 :: ----------result data payment:27026------------
2021-02-01 07:30:13 :: {"id":"28028","date":"2021-02-01","number":"26877","amount":"76000.0000000000","observations":null,"anotation":null,"type":"in","paymentMethod":"","status":"open","bankAccount":{"id":"2","name":"PAYU","type":"bank"},"client":{"id":"15180","name":"Johanna bar o","phone":"3143793504"},"invoices":[{"id":"27026","number":"29287","date":"2021-02-01","amount":76000,"total":76000,"balance":0}],"costCenter":null,"numberTemplate":{"id":"3","prefix":"","number":"26877"}}
2021-02-01 07:35:07 :: ----------send data payment:27027------------
2021-02-01 07:35:07 :: {"date":"2021-02-01","invoices":[{"amount":"143001","id":"27027"}],"bankAccount":2}
2021-02-01 07:35:08 :: ----------result data payment:27027------------
2021-02-01 07:35:08 :: {"id":"28029","date":"2021-02-01","number":"26878","amount":"143001.0000000000","observations":null,"anotation":null,"type":"in","paymentMethod":"","status":"open","bankAccount":{"id":"2","name":"PAYU","type":"bank"},"client":{"id":"15895","name":"carolina lopez","phone":"3124372017"},"invoices":[{"id":"27027","number":"29288","date":"2021-02-01","amount":143001,"total":143001,"balance":0}],"costCenter":null,"numberTemplate":{"id":"3","prefix":"","number":"26878"}}
2021-02-01 07:35:10 :: ----------send data payment:27028------------
2021-02-01 07:35:10 :: {"date":"2021-02-01","invoices":[{"amount":"146000","id":"27028"}],"bankAccount":2}
2021-02-01 07:35:12 :: ----------result data payment:27028------------
2021-02-01 07:35:12 :: {"id":"28030","date":"2021-02-01","number":"26879","amount":"146000.0000000000","observations":null,"anotation":null,"type":"in","paymentMethod":"","status":"open","bankAccount":{"id":"2","name":"PAYU","type":"bank"},"client":{"id":"11794","name":"ANA MARGARITA GARCIA","phone":"3213699607"},"invoices":[{"id":"27028","number":"29289","date":"2021-02-01","amount":146000,"total":146000,"balance":0}],"costCenter":null,"numberTemplate":{"id":"3","prefix":"","number":"26879"}}
2021-02-01 07:55:09 :: ----------send data payment:27029------------
2021-02-01 07:55:09 :: {"date":"2021-02-01","invoices":[{"amount":"123001","id":"27029"}],"bankAccount":2}
2021-02-01 07:55:10 :: ----------result data payment:27029------------
2021-02-01 07:55:10 :: {"id":"28031","date":"2021-02-01","number":"26880","amount":"123001.0000000000","observations":null,"anotation":null,"type":"in","paymentMethod":"","status":"open","bankAccount":{"id":"2","name":"PAYU","type":"bank"},"client":{"id":"21771","name":"Jeniffer Lorena Garzon Monroy","phone":"3115610317"},"invoices":[{"id":"27029","number":"29290","date":"2021-02-01","amount":123001,"total":123001,"balance":0}],"costCenter":null,"numberTemplate":{"id":"3","prefix":"","number":"26880"}}
2021-02-01 08:30:19 :: ----------send data payment:27030------------
2021-02-01 08:30:19 :: {"date":"2021-02-01","invoices":[{"amount":"75000","id":"27030"}],"bankAccount":2}
2021-02-01 08:30:20 :: ----------result data payment:27030------------
2021-02-01 08:30:20 :: {"id":"28032","date":"2021-02-01","number":"26881","amount":"75000.0000000000","observations":null,"anotation":null,"type":"in","paymentMethod":"","status":"open","bankAccount":{"id":"2","name":"PAYU","type":"bank"},"client":{"id":"21772","name":"TATIANA GONZALEZ","phone":"3175747344"},"invoices":[{"id":"27030","number":"29291","date":"2021-02-01","amount":75000,"total":75000,"balance":0}],"costCenter":null,"numberTemplate":{"id":"3","prefix":"","number":"26881"}}
2021-02-01 08:35:11 :: ----------send data payment:27031------------
2021-02-01 08:35:11 :: {"date":"2021-02-01","invoices":[{"amount":"101999","id":"27031"}],"bankAccount":2}
2021-02-01 08:35:13 :: ----------result data payment:27031------------
2021-02-01 08:35:13 :: {"id":"28033","date":"2021-02-01","number":"26882","amount":"101999.0000000000","observations":null,"anotation":null,"type":"in","paymentMethod":"","status":"open","bankAccount":{"id":"2","name":"PAYU","type":"bank"},"client":{"id":"21773","name":"Indira montoya","phone":"3043949100"},"invoices":[{"id":"27031","number":"29292","date":"2021-02-01","amount":101999,"total":101999,"balance":0}],"costCenter":null,"numberTemplate":{"id":"3","prefix":"","number":"26882"}}
2021-02-01 08:35:16 :: ----------send data payment:27032------------
2021-02-01 08:35:16 :: {"date":"2021-02-01","invoices":[{"amount":"139499","id":"27032"}],"bankAccount":2}
2021-02-01 08:35:17 :: ----------result data payment:27032------------
2021-02-01 08:35:17 :: {"id":"28034","date":"2021-02-01","number":"26883","amount":"139499.0000000000","observations":null,"anotation":null,"type":"in","paymentMethod":"","status":"open","bankAccount":{"id":"2","name":"PAYU","type":"bank"},"client":{"id":"21774","name":"Mar\u00eda Gabriela Espinel","phone":"3102132570"},"invoices":[{"id":"27032","number":"29293","date":"2021-02-01","amount":139499,"total":139499,"balance":0}],"costCenter":null,"numberTemplate":{"id":"3","prefix":"","number":"26883"}}
2021-02-01 08:35:20 :: ----------send data payment:27033------------
2021-02-01 08:35:20 :: {"date":"2021-02-01","invoices":[{"amount":"87000","id":"27033"}],"bankAccount":2}
2021-02-01 08:35:21 :: ----------result data payment:27033------------
2021-02-01 08:35:21 :: {"id":"28035","date":"2021-02-01","number":"26884","amount":"87000.0000000000","observations":null,"anotation":null,"type":"in","paymentMethod":"","status":"open","bankAccount":{"id":"2","name":"PAYU","type":"bank"},"client":{"id":"21775","name":"Paula Betancur","phone":"3195091489"},"invoices":[{"id":"27033","number":"29294","date":"2021-02-01","amount":87000,"total":87000,"balance":0}],"costCenter":null,"numberTemplate":{"id":"3","prefix":"","number":"26884"}}
2021-02-01 08:50:06 :: ----------send data payment:27034------------
2021-02-01 08:50:06 :: {"date":"2021-02-01","invoices":[{"amount":"104000","id":"27034"}],"bankAccount":2}
2021-02-01 08:50:09 :: ----------result data payment:27034------------
2021-02-01 08:50:09 :: {"id":"28036","date":"2021-02-01","number":"26885","amount":"104000.0000000000","observations":null,"anotation":null,"type":"in","paymentMethod":"","status":"open","bankAccount":{"id":"2","name":"PAYU","type":"bank"},"client":{"id":"21776","name":"Laura Juliana Moreno Moya","phone":"3204212880"},"invoices":[{"id":"27034","number":"29295","date":"2021-02-01","amount":104000,"total":104000,"balance":0}],"costCenter":null,"numberTemplate":{"id":"3","prefix":"","number":"26885"}}
2021-02-01 09:15:10 :: ----------send data payment:27035------------
2021-02-01 09:15:10 :: {"date":"2021-02-01","invoices":[{"amount":"170000","id":"27035"}],"bankAccount":2}
2021-02-01 09:15:12 :: ----------result data payment:27035------------
2021-02-01 09:15:12 :: {"id":"28037","date":"2021-02-01","number":"26886","amount":"170000.0000000000","observations":null,"anotation":null,"type":"in","paymentMethod":"","status":"open","bankAccount":{"id":"2","name":"PAYU","type":"bank"},"client":{"id":"21777","name":"Nacho Ramirez","phone":"3043615250"},"invoices":[{"id":"27035","number":"29296","date":"2021-02-01","amount":170000,"total":170000,"balance":0}],"costCenter":null,"numberTemplate":{"id":"3","prefix":"","number":"26886"}}
2021-02-01 09:15:14 :: ----------send data payment:27036------------
2021-02-01 09:15:14 :: {"date":"2021-02-01","invoices":[{"amount":"99000","id":"27036"}],"bankAccount":2}
2021-02-01 09:15:15 :: ----------result data payment:27036------------
2021-02-01 09:15:15 :: {"id":"28038","date":"2021-02-01","number":"26887","amount":"99000.0000000000","observations":null,"anotation":null,"type":"in","paymentMethod":"","status":"open","bankAccount":{"id":"2","name":"PAYU","type":"bank"},"client":{"id":"867","name":"Maribel Bonilla","phone":"3132794309"},"invoices":[{"id":"27036","number":"29297","date":"2021-02-01","amount":99000,"total":99000,"balance":0}],"costCenter":null,"numberTemplate":{"id":"3","prefix":"","number":"26887"}}
2021-02-01 09:15:16 :: ----------send data payment:27037------------
2021-02-01 09:15:16 :: {"date":"2021-02-01","invoices":[{"amount":"56001","id":"27037"}],"bankAccount":2}
2021-02-01 09:15:17 :: ----------result data payment:27037------------
2021-02-01 09:15:17 :: {"id":"28039","date":"2021-02-01","number":"26888","amount":"56001.0000000000","observations":null,"anotation":null,"type":"in","paymentMethod":"","status":"open","bankAccount":{"id":"2","name":"PAYU","type":"bank"},"client":{"id":"9484","name":"Monica Parra","phone":"3013533619"},"invoices":[{"id":"27037","number":"29298","date":"2021-02-01","amount":56001,"total":56001,"balance":0}],"costCenter":null,"numberTemplate":{"id":"3","prefix":"","number":"26888"}}
2021-02-01 09:20:07 :: ----------send data payment:27038------------
2021-02-01 09:20:07 :: {"date":"2021-02-01","invoices":[{"amount":"41000","id":"27038"}],"bankAccount":2}
2021-02-01 09:20:08 :: ----------result data payment:27038------------
2021-02-01 09:20:08 :: {"id":"28040","date":"2021-02-01","number":"26889","amount":"41000.0000000000","observations":null,"anotation":null,"type":"in","paymentMethod":"","status":"open","bankAccount":{"id":"2","name":"PAYU","type":"bank"},"client":{"id":"14054","name":"Paola Ram\u00edrez","phone":"3213572524"},"invoices":[{"id":"27038","number":"29299","date":"2021-02-01","amount":41000,"total":41000,"balance":0}],"costCenter":null,"numberTemplate":{"id":"3","prefix":"","number":"26889"}}
2021-02-01 09:30:11 :: ----------send data payment:27039------------
2021-02-01 09:30:11 :: {"date":"2021-02-01","invoices":[{"amount":"53352","id":"27039"}],"bankAccount":2}
2021-02-01 09:30:13 :: ----------result data payment:27039------------
2021-02-01 09:30:13 :: {"id":"28041","date":"2021-02-01","number":"26890","amount":"53352.0000000000","observations":null,"anotation":null,"type":"in","paymentMethod":"","status":"open","bankAccount":{"id":"2","name":"PAYU","type":"bank"},"client":{"id":"19979","name":"Angie perez","phone":"3223518399"},"invoices":[{"id":"27039","number":"29300","date":"2021-02-01","amount":53352,"total":53352,"balance":0}],"costCenter":null,"numberTemplate":{"id":"3","prefix":"","number":"26890"}}
2021-02-01 10:00:16 :: ----------send data payment:27040------------
2021-02-01 10:00:16 :: {"date":"2021-02-01","invoices":[{"amount":"87999","id":"27040"}],"bankAccount":2}
2021-02-01 10:00:18 :: ----------result data payment:27040------------
2021-02-01 10:00:18 :: {"id":"28042","date":"2021-02-01","number":"26891","amount":"87999.0000000000","observations":null,"anotation":null,"type":"in","paymentMethod":"","status":"open","bankAccount":{"id":"2","name":"PAYU","type":"bank"},"client":{"id":"21778","name":"Laura Aguirre","phone":"3508428910"},"invoices":[{"id":"27040","number":"29301","date":"2021-02-01","amount":87999,"total":87999,"balance":0}],"costCenter":null,"numberTemplate":{"id":"3","prefix":"","number":"26891"}}
2021-02-01 10:25:29 :: ----------send data payment:27041------------
2021-02-01 10:25:29 :: {"date":"2021-02-01","invoices":[{"amount":"80001","id":"27041"}],"bankAccount":2}
2021-02-01 10:25:29 :: ----------result data payment:27041------------
2021-02-01 10:25:29 :: {"id":"28043","date":"2021-02-01","number":"26892","amount":"80001.0000000000","observations":null,"anotation":null,"type":"in","paymentMethod":"","status":"open","bankAccount":{"id":"2","name":"PAYU","type":"bank"},"client":{"id":"21779","name":"Sof\u00eda Sep\u00falveda","phone":"3166238190"},"invoices":[{"id":"27041","number":"29302","date":"2021-02-01","amount":80001,"total":80001,"balance":0}],"costCenter":null,"numberTemplate":{"id":"3","prefix":"","number":"26892"}}
2021-02-01 10:30:06 :: ----------send data payment:27042------------
2021-02-01 10:30:06 :: {"date":"2021-02-01","invoices":[{"amount":"31000","id":"27042"}],"bankAccount":2}
2021-02-01 10:30:07 :: ----------result data payment:27042------------
2021-02-01 10:30:07 :: {"id":"28044","date":"2021-02-01","number":"26893","amount":"31000.0000000000","observations":null,"anotation":null,"type":"in","paymentMethod":"","status":"open","bankAccount":{"id":"2","name":"PAYU","type":"bank"},"client":{"id":"19996","name":"Santiago Ortiz Ocampo","phone":"3002288401"},"invoices":[{"id":"27042","number":"29303","date":"2021-02-01","amount":31000,"total":31000,"balance":0}],"costCenter":null,"numberTemplate":{"id":"3","prefix":"","number":"26893"}}
2021-02-01 10:40:13 :: ----------send data payment:27043------------
2021-02-01 10:40:13 :: {"date":"2021-02-01","invoices":[{"amount":"35000","id":"27043"}],"bankAccount":2}
2021-02-01 10:40:15 :: ----------result data payment:27043------------
2021-02-01 10:40:15 :: {"id":"28045","date":"2021-02-01","number":"26894","amount":"35000.0000000000","observations":null,"anotation":null,"type":"in","paymentMethod":"","status":"open","bankAccount":{"id":"2","name":"PAYU","type":"bank"},"client":{"id":"21780","name":"Maria alejandra delvasto","phone":"3212380778"},"invoices":[{"id":"27043","number":"29304","date":"2021-02-01","amount":35000,"total":35000,"balance":0}],"costCenter":null,"numberTemplate":{"id":"3","prefix":"","number":"26894"}}
2021-02-01 11:15:12 :: ----------send data payment:27044------------
2021-02-01 11:15:12 :: {"date":"2021-02-01","invoices":[{"amount":"165750","id":"27044"}],"bankAccount":2}
2021-02-01 11:15:14 :: ----------result data payment:27044------------
2021-02-01 11:15:14 :: {"id":"28046","date":"2021-02-01","number":"26895","amount":"165750.0000000000","observations":null,"anotation":null,"type":"in","paymentMethod":"","status":"open","bankAccount":{"id":"2","name":"PAYU","type":"bank"},"client":{"id":"5586","name":"Eliana Ruiz","phone":"3212714054"},"invoices":[{"id":"27044","number":"29305","date":"2021-02-01","amount":165750,"total":165750,"balance":0}],"costCenter":null,"numberTemplate":{"id":"3","prefix":"","number":"26895"}}
2021-02-01 11:15:19 :: ----------send data payment:27045------------
2021-02-01 11:15:19 :: {"date":"2021-02-01","invoices":[{"amount":"51000","id":"27045"}],"bankAccount":2}
2021-02-01 11:15:20 :: ----------result data payment:27045------------
2021-02-01 11:15:20 :: {"id":"28047","date":"2021-02-01","number":"26896","amount":"51000.0000000000","observations":null,"anotation":null,"type":"in","paymentMethod":"","status":"open","bankAccount":{"id":"2","name":"PAYU","type":"bank"},"client":{"id":"21781","name":"diana marcela george olarte","phone":"3138654056"},"invoices":[{"id":"27045","number":"29306","date":"2021-02-01","amount":51000,"total":51000,"balance":0}],"costCenter":null,"numberTemplate":{"id":"3","prefix":"","number":"26896"}}
2021-02-01 11:25:10 :: ----------send data payment:27046------------
2021-02-01 11:25:10 :: {"date":"2021-02-01","invoices":[{"amount":"93000","id":"27046"}],"bankAccount":2}
2021-02-01 11:25:11 :: ----------result data payment:27046------------
2021-02-01 11:25:11 :: {"id":"28048","date":"2021-02-01","number":"26897","amount":"93000.0000000000","observations":null,"anotation":null,"type":"in","paymentMethod":"","status":"open","bankAccount":{"id":"2","name":"PAYU","type":"bank"},"client":{"id":"21782","name":"Jenny Paola Ballen","phone":"3214819408"},"invoices":[{"id":"27046","number":"29307","date":"2021-02-01","amount":93000,"total":93000,"balance":0}],"costCenter":null,"numberTemplate":{"id":"3","prefix":"","number":"26897"}}
2021-02-01 12:20:21 :: ----------send data payment:27047------------
2021-02-01 12:20:21 :: {"date":"2021-02-01","invoices":[{"amount":"71000","id":"27047"}],"bankAccount":2}
2021-02-01 12:20:22 :: ----------result data payment:27047------------
2021-02-01 12:20:22 :: {"id":"28049","date":"2021-02-01","number":"26898","amount":"71000.0000000000","observations":null,"anotation":null,"type":"in","paymentMethod":"","status":"open","bankAccount":{"id":"2","name":"PAYU","type":"bank"},"client":{"id":"21783","name":"Victoria Medina","phone":"3165286183"},"invoices":[{"id":"27047","number":"29308","date":"2021-02-01","amount":71000,"total":71000,"balance":0}],"costCenter":null,"numberTemplate":{"id":"3","prefix":"","number":"26898"}}
2021-02-01 12:30:15 :: ----------send data payment:27048------------
2021-02-01 12:30:15 :: {"date":"2021-02-01","invoices":[{"amount":"42001","id":"27048"}],"bankAccount":2}
2021-02-01 12:30:16 :: ----------result data payment:27048------------
2021-02-01 12:30:16 :: {"id":"28050","date":"2021-02-01","number":"26899","amount":"42001.0000000000","observations":null,"anotation":null,"type":"in","paymentMethod":"","status":"open","bankAccount":{"id":"2","name":"PAYU","type":"bank"},"client":{"id":"21784","name":"Karen Johana Gomez Martinez","phone":"3234875449"},"invoices":[{"id":"27048","number":"29309","date":"2021-02-01","amount":42001,"total":42001,"balance":0}],"costCenter":null,"numberTemplate":{"id":"3","prefix":"","number":"26899"}}
2021-02-01 01:25:11 :: ----------send data payment:27049------------
2021-02-01 01:25:11 :: {"date":"2021-02-01","invoices":[{"amount":"35000","id":"27049"}],"bankAccount":2}
2021-02-01 01:25:14 :: ----------result data payment:27049------------
2021-02-01 01:25:14 :: {"id":"28052","date":"2021-02-01","number":"26900","amount":"35000.0000000000","observations":null,"anotation":null,"type":"in","paymentMethod":"","status":"open","bankAccount":{"id":"2","name":"PAYU","type":"bank"},"client":{"id":"21785","name":"Daniela Jaramillo","phone":"3112456449"},"invoices":[{"id":"27049","number":"29310","date":"2021-02-01","amount":35000,"total":35000,"balance":0}],"costCenter":null,"numberTemplate":{"id":"3","prefix":"","number":"26900"}}
2021-02-01 01:35:19 :: ----------send data payment:27050------------
2021-02-01 01:35:19 :: {"date":"2021-02-01","invoices":[{"amount":"48000","id":"27050"}],"bankAccount":2}
2021-02-01 01:35:24 :: ----------result data payment:27050------------
2021-02-01 01:35:24 :: {"id":"28053","date":"2021-02-01","number":"26901","amount":"48000.0000000000","observations":null,"anotation":null,"type":"in","paymentMethod":"","status":"open","bankAccount":{"id":"2","name":"PAYU","type":"bank"},"client":{"id":"21786","name":"Viviana Galvis","phone":"3176582731"},"invoices":[{"id":"27050","number":"29311","date":"2021-02-01","amount":48000,"total":48000,"balance":0}],"costCenter":null,"numberTemplate":{"id":"3","prefix":"","number":"26901"}}
2021-02-01 01:40:07 :: ----------send data payment:27051------------
2021-02-01 01:40:07 :: {"date":"2021-02-01","invoices":[{"amount":"40000","id":"27051"}],"bankAccount":2}
2021-02-01 01:40:08 :: ----------result data payment:27051------------
2021-02-01 01:40:08 :: {"id":"28054","date":"2021-02-01","number":"26902","amount":"40000.0000000000","observations":null,"anotation":null,"type":"in","paymentMethod":"","status":"open","bankAccount":{"id":"2","name":"PAYU","type":"bank"},"client":{"id":"21786","name":"Viviana Galvis","phone":"3176582731"},"invoices":[{"id":"27051","number":"29312","date":"2021-02-01","amount":40000,"total":40000,"balance":0}],"costCenter":null,"numberTemplate":{"id":"3","prefix":"","number":"26902"}}
2021-02-01 02:25:14 :: ----------send data payment:27052------------
2021-02-01 02:25:14 :: {"date":"2021-02-01","invoices":[{"amount":"129937","id":"27052"}],"bankAccount":2}
2021-02-01 02:25:16 :: ----------result data payment:27052------------
2021-02-01 02:25:16 :: {"id":"28055","date":"2021-02-01","number":"26903","amount":"129937.0000000000","observations":null,"anotation":null,"type":"in","paymentMethod":"","status":"open","bankAccount":{"id":"2","name":"PAYU","type":"bank"},"client":{"id":"19799","name":"Johana de la Cuadra","phone":"3124660622"},"invoices":[{"id":"27052","number":"29313","date":"2021-02-01","amount":129937,"total":129937,"balance":0}],"costCenter":null,"numberTemplate":{"id":"3","prefix":"","number":"26903"}}
2021-02-01 02:30:07 :: ----------send data payment:27053------------
2021-02-01 02:30:07 :: {"date":"2021-02-01","invoices":[{"amount":"25000","id":"27053"}],"bankAccount":2}
2021-02-01 02:30:08 :: ----------result data payment:27053------------
2021-02-01 02:30:08 :: {"id":"28056","date":"2021-02-01","number":"26904","amount":"25000.0000000000","observations":null,"anotation":null,"type":"in","paymentMethod":"","status":"open","bankAccount":{"id":"2","name":"PAYU","type":"bank"},"client":{"id":"21787","name":"Stefanny Naranjo","phone":"3105999772"},"invoices":[{"id":"27053","number":"29314","date":"2021-02-01","amount":25000,"total":25000,"balance":0}],"costCenter":null,"numberTemplate":{"id":"3","prefix":"","number":"26904"}}
2021-02-01 02:30:12 :: ----------send data payment:27054------------
2021-02-01 02:30:12 :: {"date":"2021-02-01","invoices":[{"amount":"84000","id":"27054"}],"bankAccount":2}
2021-02-01 02:30:14 :: ----------result data payment:27054------------
2021-02-01 02:30:14 :: {"id":"28057","date":"2021-02-01","number":"26905","amount":"84000.0000000000","observations":null,"anotation":null,"type":"in","paymentMethod":"","status":"open","bankAccount":{"id":"2","name":"PAYU","type":"bank"},"client":{"id":"21788","name":"Dario Ramos","phone":"3022203518"},"invoices":[{"id":"27054","number":"29315","date":"2021-02-01","amount":84000,"total":84000,"balance":0}],"costCenter":null,"numberTemplate":{"id":"3","prefix":"","number":"26905"}}
2021-02-01 02:35:09 :: ----------send data payment:27055------------
2021-02-01 02:35:09 :: {"date":"2021-02-01","invoices":[{"amount":"168000","id":"27055"}],"bankAccount":2}
2021-02-01 02:35:10 :: ----------result data payment:27055------------
2021-02-01 02:35:10 :: {"id":"28058","date":"2021-02-01","number":"26906","amount":"168000.0000000000","observations":null,"anotation":null,"type":"in","paymentMethod":"","status":"open","bankAccount":{"id":"2","name":"PAYU","type":"bank"},"client":{"id":"21740","name":"Katherine Luque","phone":"3004936676"},"invoices":[{"id":"27055","number":"29316","date":"2021-02-01","amount":168000,"total":168000,"balance":0}],"costCenter":null,"numberTemplate":{"id":"3","prefix":"","number":"26906"}}
2021-02-01 02:40:10 :: ----------send data payment:27056------------
2021-02-01 02:40:10 :: {"date":"2021-02-01","invoices":[{"amount":"68519","id":"27056"}],"bankAccount":2}
2021-02-01 02:40:12 :: ----------result data payment:27056------------
2021-02-01 02:40:12 :: {"id":"28059","date":"2021-02-01","number":"26907","amount":"68519.0000000000","observations":null,"anotation":null,"type":"in","paymentMethod":"","status":"open","bankAccount":{"id":"2","name":"PAYU","type":"bank"},"client":{"id":"19502","name":"Tatiana","phone":"3142931972"},"invoices":[{"id":"27056","number":"29317","date":"2021-02-01","amount":68519,"total":68519,"balance":0}],"costCenter":null,"numberTemplate":{"id":"3","prefix":"","number":"26907"}}
2021-02-01 02:55:08 :: ----------send data payment:27057------------
2021-02-01 02:55:08 :: {"date":"2021-02-01","invoices":[{"amount":"69999","id":"27057"}],"bankAccount":2}
2021-02-01 02:55:09 :: ----------result data payment:27057------------
2021-02-01 02:55:09 :: {"id":"28060","date":"2021-02-01","number":"26908","amount":"69999.0000000000","observations":null,"anotation":null,"type":"in","paymentMethod":"","status":"open","bankAccount":{"id":"2","name":"PAYU","type":"bank"},"client":{"id":"21789","name":"maria juliana herrera garcia","phone":"3214671183"},"invoices":[{"id":"27057","number":"29318","date":"2021-02-01","amount":69999,"total":69999,"balance":0}],"costCenter":null,"numberTemplate":{"id":"3","prefix":"","number":"26908"}}
2021-02-01 02:55:11 :: ----------send data payment:27058------------
2021-02-01 02:55:11 :: {"date":"2021-02-01","invoices":[{"amount":"25000","id":"27058"}],"bankAccount":2}
2021-02-01 02:55:13 :: ----------result data payment:27058------------
2021-02-01 02:55:13 :: {"id":"28061","date":"2021-02-01","number":"26909","amount":"25000.0000000000","observations":null,"anotation":null,"type":"in","paymentMethod":"","status":"open","bankAccount":{"id":"2","name":"PAYU","type":"bank"},"client":{"id":"21790","name":"Angelica Serrano","phone":"3017147716"},"invoices":[{"id":"27058","number":"29319","date":"2021-02-01","amount":25000,"total":25000,"balance":0}],"costCenter":null,"numberTemplate":{"id":"3","prefix":"","number":"26909"}}
2021-02-01 03:05:14 :: ----------send data payment:27060------------
2021-02-01 03:05:14 :: {"date":"2021-02-01","invoices":[{"amount":"30000","id":"27060"}],"bankAccount":2}
2021-02-01 03:05:15 :: ----------result data payment:27060------------
2021-02-01 03:05:15 :: {"id":"28063","date":"2021-02-01","number":"26911","amount":"30000.0000000000","observations":null,"anotation":null,"type":"in","paymentMethod":"","status":"open","bankAccount":{"id":"2","name":"PAYU","type":"bank"},"client":{"id":"21791","name":"Nataly Ramirez","phone":"3013838763"},"invoices":[{"id":"27060","number":"29321","date":"2021-02-01","amount":30000,"total":30000,"balance":0}],"costCenter":null,"numberTemplate":{"id":"3","prefix":"","number":"26911"}}
2021-02-01 03:25:11 :: ----------send data payment:27062------------
2021-02-01 03:25:11 :: {"date":"2021-02-01","invoices":[{"amount":"63000","id":"27062"}],"bankAccount":2}
2021-02-01 03:25:14 :: ----------result data payment:27062------------
2021-02-01 03:25:14 :: {"id":"28065","date":"2021-02-01","number":"26913","amount":"63000.0000000000","observations":null,"anotation":null,"type":"in","paymentMethod":"","status":"open","bankAccount":{"id":"2","name":"PAYU","type":"bank"},"client":{"id":"2898","name":"Leidy Alexandra Buitrago Olaya","phone":"3228156915"},"invoices":[{"id":"27062","number":"29323","date":"2021-02-01","amount":63000,"total":63000,"balance":0}],"costCenter":null,"numberTemplate":{"id":"3","prefix":"","number":"26913"}}
2021-02-01 03:30:33 :: ----------send data payment:27063------------
2021-02-01 03:30:33 :: {"date":"2021-02-01","invoices":[{"amount":"34000","id":"27063"}],"bankAccount":2}
2021-02-01 03:30:35 :: ----------result data payment:27063------------
2021-02-01 03:30:35 :: {"id":"28066","date":"2021-02-01","number":"26914","amount":"34000.0000000000","observations":null,"anotation":null,"type":"in","paymentMethod":"","status":"open","bankAccount":{"id":"2","name":"PAYU","type":"bank"},"client":{"id":"21792","name":"Angie Forero Bello","phone":"3168208717"},"invoices":[{"id":"27063","number":"29324","date":"2021-02-01","amount":34000,"total":34000,"balance":0}],"costCenter":null,"numberTemplate":{"id":"3","prefix":"","number":"26914"}}
2021-02-01 03:35:10 :: ----------send data payment:27064------------
2021-02-01 03:35:10 :: {"date":"2021-02-01","invoices":[{"amount":"41000","id":"27064"}],"bankAccount":2}
2021-02-01 03:35:12 :: ----------result data payment:27064------------
2021-02-01 03:35:12 :: {"id":"28067","date":"2021-02-01","number":"26915","amount":"41000.0000000000","observations":null,"anotation":null,"type":"in","paymentMethod":"","status":"open","bankAccount":{"id":"2","name":"PAYU","type":"bank"},"client":{"id":"16181","name":"Alexandra Diaz","phone":"3183917469"},"invoices":[{"id":"27064","number":"29325","date":"2021-02-01","amount":41000,"total":41000,"balance":0}],"costCenter":null,"numberTemplate":{"id":"3","prefix":"","number":"26915"}}
2021-02-01 03:40:13 :: ----------send data payment:27065------------
2021-02-01 03:40:13 :: {"date":"2021-02-01","invoices":[{"amount":"65001","id":"27065"}],"bankAccount":2}
2021-02-01 03:40:14 :: ----------result data payment:27065------------
2021-02-01 03:40:14 :: {"id":"28068","date":"2021-02-01","number":"26916","amount":"65001.0000000000","observations":null,"anotation":null,"type":"in","paymentMethod":"","status":"open","bankAccount":{"id":"2","name":"PAYU","type":"bank"},"client":{"id":"21793","name":"Mar\u00eda Camila Ord\u00f3\u00f1ez Casta\u00f1o","phone":"3132345512"},"invoices":[{"id":"27065","number":"29326","date":"2021-02-01","amount":65001,"total":65001,"balance":0}],"costCenter":null,"numberTemplate":{"id":"3","prefix":"","number":"26916"}}
2021-02-01 03:50:13 :: ----------send data payment:27066------------
2021-02-01 03:50:13 :: {"date":"2021-02-01","invoices":[{"amount":"187000","id":"27066"}],"bankAccount":2}
2021-02-01 03:50:14 :: ----------result data payment:27066------------
2021-02-01 03:50:14 :: {"id":"28069","date":"2021-02-01","number":"26917","amount":"187000.0000000000","observations":null,"anotation":null,"type":"in","paymentMethod":"","status":"open","bankAccount":{"id":"2","name":"PAYU","type":"bank"},"client":{"id":"21794","name":"Daniela G\u00f3mez","phone":"3154832235"},"invoices":[{"id":"27066","number":"29327","date":"2021-02-01","amount":187000,"total":187000,"balance":0}],"costCenter":null,"numberTemplate":{"id":"3","prefix":"","number":"26917"}}
2021-02-01 04:35:09 :: ----------send data payment:27067------------
2021-02-01 04:35:09 :: {"date":"2021-02-01","invoices":[{"amount":"69002","id":"27067"}],"bankAccount":2}
2021-02-01 04:35:11 :: ----------result data payment:27067------------
2021-02-01 04:35:11 :: {"id":"28070","date":"2021-02-01","number":"26918","amount":"69002.0000000000","observations":null,"anotation":null,"type":"in","paymentMethod":"","status":"open","bankAccount":{"id":"2","name":"PAYU","type":"bank"},"client":{"id":"2289","name":"Mar\u00eda Natalia Rodr\u00edguez Mateus","phone":"3162732570"},"invoices":[{"id":"27067","number":"29328","date":"2021-02-01","amount":69002,"total":69002,"balance":0}],"costCenter":null,"numberTemplate":{"id":"3","prefix":"","number":"26918"}}
2021-02-01 04:50:13 :: ----------send data payment:27068------------
2021-02-01 04:50:13 :: {"date":"2021-02-01","invoices":[{"amount":"46000","id":"27068"}],"bankAccount":2}
2021-02-01 04:50:14 :: ----------result data payment:27068------------
2021-02-01 04:50:14 :: {"id":"28071","date":"2021-02-01","number":"26919","amount":"46000.0000000000","observations":null,"anotation":null,"type":"in","paymentMethod":"","status":"open","bankAccount":{"id":"2","name":"PAYU","type":"bank"},"client":{"id":"21795","name":"Ang\u00e9lica Silva","phone":"3142492135"},"invoices":[{"id":"27068","number":"29329","date":"2021-02-01","amount":46000,"total":46000,"balance":0}],"costCenter":null,"numberTemplate":{"id":"3","prefix":"","number":"26919"}}
2021-02-01 04:55:07 :: ----------send data payment:27069------------
2021-02-01 04:55:07 :: {"date":"2021-02-01","invoices":[{"amount":"110000","id":"27069"}],"bankAccount":2}
2021-02-01 04:55:08 :: ----------result data payment:27069------------
2021-02-01 04:55:08 :: {"id":"28072","date":"2021-02-01","number":"26920","amount":"110000.0000000000","observations":null,"anotation":null,"type":"in","paymentMethod":"","status":"open","bankAccount":{"id":"2","name":"PAYU","type":"bank"},"client":{"id":"5299","name":"Kimberlin Gonz\u00e1lez","phone":"3022325915"},"invoices":[{"id":"27069","number":"29330","date":"2021-02-01","amount":110000,"total":110000,"balance":0}],"costCenter":null,"numberTemplate":{"id":"3","prefix":"","number":"26920"}}
2021-02-01 05:15:12 :: ----------send data payment:27070------------
2021-02-01 05:15:12 :: {"date":"2021-02-01","invoices":[{"amount":"40000","id":"27070"}],"bankAccount":2}
2021-02-01 05:15:13 :: ----------result data payment:27070------------
2021-02-01 05:15:13 :: {"id":"28073","date":"2021-02-01","number":"26921","amount":"40000.0000000000","observations":null,"anotation":null,"type":"in","paymentMethod":"","status":"open","bankAccount":{"id":"2","name":"PAYU","type":"bank"},"client":{"id":"21796","name":"Natalia cocunubo","phone":"3017726077"},"invoices":[{"id":"27070","number":"29331","date":"2021-02-01","amount":40000,"total":40000,"balance":0}],"costCenter":null,"numberTemplate":{"id":"3","prefix":"","number":"26921"}}
2021-02-01 05:15:16 :: ----------send data payment:27071------------
2021-02-01 05:15:16 :: {"date":"2021-02-01","invoices":[{"amount":"118001","id":"27071"}],"bankAccount":2}
2021-02-01 05:15:17 :: ----------result data payment:27071------------
2021-02-01 05:15:17 :: {"id":"28074","date":"2021-02-01","number":"26922","amount":"118001.0000000000","observations":null,"anotation":null,"type":"in","paymentMethod":"","status":"open","bankAccount":{"id":"2","name":"PAYU","type":"bank"},"client":{"id":"21797","name":"carbonoliliana","phone":"3005502313"},"invoices":[{"id":"27071","number":"29332","date":"2021-02-01","amount":118001,"total":118001,"balance":0}],"costCenter":null,"numberTemplate":{"id":"3","prefix":"","number":"26922"}}
2021-02-01 05:50:12 :: ----------send data payment:27072------------
2021-02-01 05:50:12 :: {"date":"2021-02-01","invoices":[{"amount":"115000","id":"27072"}],"bankAccount":2}
2021-02-01 05:50:13 :: ----------result data payment:27072------------
2021-02-01 05:50:13 :: {"id":"28075","date":"2021-02-01","number":"26923","amount":"115000.0000000000","observations":null,"anotation":null,"type":"in","paymentMethod":"","status":"open","bankAccount":{"id":"2","name":"PAYU","type":"bank"},"client":{"id":"21642","name":"Lina Fern\u00e1ndez","phone":"3102245861"},"invoices":[{"id":"27072","number":"29333","date":"2021-02-01","amount":115000,"total":115000,"balance":0}],"costCenter":null,"numberTemplate":{"id":"3","prefix":"","number":"26923"}}
2021-02-01 06:20:13 :: ----------send data payment:27073------------
2021-02-01 06:20:13 :: {"date":"2021-02-01","invoices":[{"amount":"138000","id":"27073"}],"bankAccount":2}
2021-02-01 06:20:14 :: ----------result data payment:27073------------
2021-02-01 06:20:14 :: {"id":"28076","date":"2021-02-01","number":"26924","amount":"138000.0000000000","observations":null,"anotation":null,"type":"in","paymentMethod":"","status":"open","bankAccount":{"id":"2","name":"PAYU","type":"bank"},"client":{"id":"21798","name":"alejandra villalobos","phone":"3013594485"},"invoices":[{"id":"27073","number":"29334","date":"2021-02-01","amount":138000,"total":138000,"balance":0}],"costCenter":null,"numberTemplate":{"id":"3","prefix":"","number":"26924"}}
2021-02-01 06:50:12 :: ----------send data payment:27074------------
2021-02-01 06:50:12 :: {"date":"2021-02-01","invoices":[{"amount":"25000","id":"27074"}],"bankAccount":2}
2021-02-01 06:50:15 :: ----------result data payment:27074------------
2021-02-01 06:50:15 :: {"id":"28077","date":"2021-02-01","number":"26925","amount":"25000.0000000000","observations":null,"anotation":null,"type":"in","paymentMethod":"","status":"open","bankAccount":{"id":"2","name":"PAYU","type":"bank"},"client":{"id":"21799","name":"Mariana Paipa Rodriguez","phone":"3104564190"},"invoices":[{"id":"27074","number":"29335","date":"2021-02-01","amount":25000,"total":25000,"balance":0}],"costCenter":null,"numberTemplate":{"id":"3","prefix":"","number":"26925"}}
2021-02-01 07:35:13 :: ----------send data payment:27075------------
2021-02-01 07:35:13 :: {"date":"2021-02-01","invoices":[{"amount":"80001","id":"27075"}],"bankAccount":2}
2021-02-01 07:35:14 :: ----------result data payment:27075------------
2021-02-01 07:35:14 :: {"id":"28078","date":"2021-02-01","number":"26926","amount":"80001.0000000000","observations":null,"anotation":null,"type":"in","paymentMethod":"","status":"open","bankAccount":{"id":"2","name":"PAYU","type":"bank"},"client":{"id":"21800","name":"Laura rincon","phone":"3102016595"},"invoices":[{"id":"27075","number":"29336","date":"2021-02-01","amount":80001,"total":80001,"balance":0}],"costCenter":null,"numberTemplate":{"id":"3","prefix":"","number":"26926"}}
2021-02-01 08:10:10 :: ----------send data payment:27076------------
2021-02-01 08:10:10 :: {"date":"2021-02-01","invoices":[{"amount":"60000","id":"27076"}],"bankAccount":2}
2021-02-01 08:10:11 :: ----------result data payment:27076------------
2021-02-01 08:10:11 :: {"id":"28081","date":"2021-02-01","number":"26928","amount":"60000.0000000000","observations":null,"anotation":null,"type":"in","paymentMethod":"","status":"open","bankAccount":{"id":"2","name":"PAYU","type":"bank"},"client":{"id":"18231","name":"Daniela Caicedo","phone":"3156305618"},"invoices":[{"id":"27076","number":"29337","date":"2021-02-01","amount":60000,"total":60000,"balance":0}],"costCenter":null,"numberTemplate":{"id":"3","prefix":"","number":"26928"}}
2021-02-01 09:10:26 :: ----------send data payment:27077------------
2021-02-01 09:10:26 :: {"date":"2021-02-01","invoices":[{"amount":"45000","id":"27077"}],"bankAccount":2}
2021-02-01 09:10:27 :: ----------result data payment:27077------------
2021-02-01 09:10:27 :: {"id":"28082","date":"2021-02-01","number":"26929","amount":"45000.0000000000","observations":null,"anotation":null,"type":"in","paymentMethod":"","status":"open","bankAccount":{"id":"2","name":"PAYU","type":"bank"},"client":{"id":"21801","name":"Diana Serralde","phone":"3212425923"},"invoices":[{"id":"27077","number":"29338","date":"2021-02-01","amount":45000,"total":45000,"balance":0}],"costCenter":null,"numberTemplate":{"id":"3","prefix":"","number":"26929"}}
2021-02-01 09:30:14 :: ----------send data payment:27078------------
2021-02-01 09:30:14 :: {"date":"2021-02-01","invoices":[{"amount":"101000","id":"27078"}],"bankAccount":2}
2021-02-01 09:30:15 :: ----------result data payment:27078------------
2021-02-01 09:30:15 :: {"id":"28083","date":"2021-02-01","number":"26930","amount":"101000.0000000000","observations":null,"anotation":null,"type":"in","paymentMethod":"","status":"open","bankAccount":{"id":"2","name":"PAYU","type":"bank"},"client":{"id":"21802","name":"Andrea Sana","phone":"3167536995"},"invoices":[{"id":"27078","number":"29339","date":"2021-02-01","amount":101000,"total":101000,"balance":0}],"costCenter":null,"numberTemplate":{"id":"3","prefix":"","number":"26930"}}
2021-02-01 09:45:11 :: ----------send data payment:27079------------
2021-02-01 09:45:11 :: {"date":"2021-02-01","invoices":[{"amount":"161499","id":"27079"}],"bankAccount":2}
2021-02-01 09:45:14 :: ----------result data payment:27079------------
2021-02-01 09:45:14 :: {"id":"28084","date":"2021-02-01","number":"26931","amount":"161499.0000000000","observations":null,"anotation":null,"type":"in","paymentMethod":"","status":"open","bankAccount":{"id":"2","name":"PAYU","type":"bank"},"client":{"id":"21803","name":"Claudia L\u00f3pez","phone":"3133928484"},"invoices":[{"id":"27079","number":"29340","date":"2021-02-01","amount":161499,"total":161499,"balance":0}],"costCenter":null,"numberTemplate":{"id":"3","prefix":"","number":"26931"}}
2021-02-01 10:05:17 :: ----------send data payment:27080------------
2021-02-01 10:05:17 :: {"date":"2021-02-01","invoices":[{"amount":"61000","id":"27080"}],"bankAccount":2}
2021-02-01 10:05:18 :: ----------result data payment:27080------------
2021-02-01 10:05:18 :: {"id":"28085","date":"2021-02-01","number":"26932","amount":"61000.0000000000","observations":null,"anotation":null,"type":"in","paymentMethod":"","status":"open","bankAccount":{"id":"2","name":"PAYU","type":"bank"},"client":{"id":"21804","name":"Jessica Torres","phone":"3103424386"},"invoices":[{"id":"27080","number":"29341","date":"2021-02-01","amount":61000,"total":61000,"balance":0}],"costCenter":null,"numberTemplate":{"id":"3","prefix":"","number":"26932"}}
2021-02-01 10:25:08 :: ----------send data payment:27081------------
2021-02-01 10:25:08 :: {"date":"2021-02-01","invoices":[{"amount":"46001","id":"27081"}],"bankAccount":2}
2021-02-01 10:25:09 :: ----------result data payment:27081------------
2021-02-01 10:25:09 :: {"id":"28086","date":"2021-02-01","number":"26933","amount":"46001.0000000000","observations":null,"anotation":null,"type":"in","paymentMethod":"","status":"open","bankAccount":{"id":"2","name":"PAYU","type":"bank"},"client":{"id":"21805","name":"Diana Judith Vargas Caviche","phone":"3114405594"},"invoices":[{"id":"27081","number":"29342","date":"2021-02-01","amount":46001,"total":46001,"balance":0}],"costCenter":null,"numberTemplate":{"id":"3","prefix":"","number":"26933"}}
2021-02-01 10:40:14 :: ----------send data payment:27082------------
2021-02-01 10:40:14 :: {"date":"2021-02-01","invoices":[{"amount":"34000","id":"27082"}],"bankAccount":2}
2021-02-01 10:40:16 :: ----------result data payment:27082------------
2021-02-01 10:40:16 :: {"id":"28087","date":"2021-02-01","number":"26934","amount":"34000.0000000000","observations":null,"anotation":null,"type":"in","paymentMethod":"","status":"open","bankAccount":{"id":"2","name":"PAYU","type":"bank"},"client":{"id":"21806","name":"Marcela Otalvaro","phone":"3504974289"},"invoices":[{"id":"27082","number":"29343","date":"2021-02-01","amount":34000,"total":34000,"balance":0}],"costCenter":null,"numberTemplate":{"id":"3","prefix":"","number":"26934"}}