
2021-06-14 12:40:06 :: ----------send data payment:32711------------
2021-06-14 12:40:06 :: {"date":"2021-06-14","invoices":[{"amount":"85600","id":"32711"}],"bankAccount":2}
2021-06-14 12:40:07 :: ----------result data payment:32711------------
2021-06-14 12:40:07 :: {"id":"33958","date":"2021-06-14","number":"32540","amount":"85600.0000000000","observations":null,"anotation":null,"type":"in","paymentMethod":"","status":"open","bankAccount":{"id":"2","name":"PAYU","type":"bank"},"client":{"id":"22779","name":"Nicole Espinosa","phone":"3218692653"},"invoices":[{"id":"32711","number":"34972","date":"2021-06-14","amount":85600,"total":85600,"balance":0}],"costCenter":null,"numberTemplate":{"id":"3","prefix":"","number":"32540","fullNumber":"32540","formattedNumber":"32540"}}
2021-06-14 12:45:10 :: ----------send data payment:32712------------
2021-06-14 12:45:10 :: {"date":"2021-06-14","invoices":[{"amount":"69500","id":"32712"}],"bankAccount":2}
2021-06-14 12:45:11 :: ----------result data payment:32712------------
2021-06-14 12:45:11 :: {"id":"33959","date":"2021-06-14","number":"32541","amount":"69500.0000000000","observations":null,"anotation":null,"type":"in","paymentMethod":"","status":"open","bankAccount":{"id":"2","name":"PAYU","type":"bank"},"client":{"id":"25599","name":"sofia rivera","phone":"3152055325"},"invoices":[{"id":"32712","number":"34973","date":"2021-06-14","amount":69500,"total":69500,"balance":0}],"costCenter":null,"numberTemplate":{"id":"3","prefix":"","number":"32541","fullNumber":"32541","formattedNumber":"32541"}}
2021-06-14 02:05:11 :: ----------send data payment:32713------------
2021-06-14 02:05:11 :: {"date":"2021-06-14","invoices":[{"amount":"24600","id":"32713"}],"bankAccount":2}
2021-06-14 02:05:12 :: ----------result data payment:32713------------
2021-06-14 02:05:12 :: {"id":"33960","date":"2021-06-14","number":"32542","amount":"24600.0000000000","observations":null,"anotation":null,"type":"in","paymentMethod":"","status":"open","bankAccount":{"id":"2","name":"PAYU","type":"bank"},"client":{"id":"25600","name":"Yessica P\u00e9rez","phone":"3195767368"},"invoices":[{"id":"32713","number":"34974","date":"2021-06-14","amount":24600,"total":24600,"balance":0}],"costCenter":null,"numberTemplate":{"id":"3","prefix":"","number":"32542","fullNumber":"32542","formattedNumber":"32542"}}
2021-06-14 03:10:08 :: ----------send data payment:32714------------
2021-06-14 03:10:08 :: {"date":"2021-06-14","invoices":[{"amount":"197001","id":"32714"}],"bankAccount":2}
2021-06-14 03:10:10 :: ----------result data payment:32714------------
2021-06-14 03:10:10 :: {"id":"33961","date":"2021-06-14","number":"32543","amount":"197001.0000000000","observations":null,"anotation":null,"type":"in","paymentMethod":"","status":"open","bankAccount":{"id":"2","name":"PAYU","type":"bank"},"client":{"id":"25601","name":"Paula Forero","phone":"3006603921"},"invoices":[{"id":"32714","number":"34975","date":"2021-06-14","amount":197001,"total":197001,"balance":0}],"costCenter":null,"numberTemplate":{"id":"3","prefix":"","number":"32543","fullNumber":"32543","formattedNumber":"32543"}}
2021-06-14 03:15:11 :: ----------send data payment:32715------------
2021-06-14 03:15:11 :: {"date":"2021-06-14","invoices":[{"amount":"172601","id":"32715"}],"bankAccount":2}
2021-06-14 03:15:12 :: ----------result data payment:32715------------
2021-06-14 03:15:12 :: {"id":"33962","date":"2021-06-14","number":"32544","amount":"172601.0000000000","observations":null,"anotation":null,"type":"in","paymentMethod":"","status":"open","bankAccount":{"id":"2","name":"PAYU","type":"bank"},"client":{"id":"25602","name":"Maria Jaime","phone":"3125145787"},"invoices":[{"id":"32715","number":"34976","date":"2021-06-14","amount":172601,"total":172601,"balance":0}],"costCenter":null,"numberTemplate":{"id":"3","prefix":"","number":"32544","fullNumber":"32544","formattedNumber":"32544"}}
2021-06-14 06:50:08 :: ----------send data payment:32716------------
2021-06-14 06:50:08 :: {"date":"2021-06-14","invoices":[{"amount":"117601","id":"32716"}],"bankAccount":2}
2021-06-14 06:50:09 :: ----------result data payment:32716------------
2021-06-14 06:50:09 :: {"id":"33963","date":"2021-06-14","number":"32545","amount":"117601.0000000000","observations":null,"anotation":null,"type":"in","paymentMethod":"","status":"open","bankAccount":{"id":"2","name":"PAYU","type":"bank"},"client":{"id":"25603","name":"Mirenid Camila Lozano Serrano","phone":"3137580560"},"invoices":[{"id":"32716","number":"34977","date":"2021-06-14","amount":117601,"total":117601,"balance":0}],"costCenter":null,"numberTemplate":{"id":"3","prefix":"","number":"32545","fullNumber":"32545","formattedNumber":"32545"}}
2021-06-14 08:55:12 :: ----------send data payment:32717------------
2021-06-14 08:55:12 :: {"date":"2021-06-14","invoices":[{"amount":"69500","id":"32717"}],"bankAccount":2}
2021-06-14 08:55:13 :: ----------result data payment:32717------------
2021-06-14 08:55:13 :: {"id":"33964","date":"2021-06-14","number":"32546","amount":"69500.0000000000","observations":null,"anotation":null,"type":"in","paymentMethod":"","status":"open","bankAccount":{"id":"2","name":"PAYU","type":"bank"},"client":{"id":"25604","name":"Brigida Mar\u00edn","phone":"3132200597"},"invoices":[{"id":"32717","number":"34978","date":"2021-06-14","amount":69500,"total":69500,"balance":0}],"costCenter":null,"numberTemplate":{"id":"3","prefix":"","number":"32546","fullNumber":"32546","formattedNumber":"32546"}}
2021-06-14 09:25:10 :: ----------send data payment:32718------------
2021-06-14 09:25:10 :: {"date":"2021-06-14","invoices":[{"amount":"55500","id":"32718"}],"bankAccount":2}
2021-06-14 09:25:12 :: ----------result data payment:32718------------
2021-06-14 09:25:12 :: {"id":"33965","date":"2021-06-14","number":"32547","amount":"55500.0000000000","observations":null,"anotation":null,"type":"in","paymentMethod":"","status":"open","bankAccount":{"id":"2","name":"PAYU","type":"bank"},"client":{"id":"25605","name":"Maria paula Torrenegra","phone":"3124843099"},"invoices":[{"id":"32718","number":"34979","date":"2021-06-14","amount":55500,"total":55500,"balance":0}],"costCenter":null,"numberTemplate":{"id":"3","prefix":"","number":"32547","fullNumber":"32547","formattedNumber":"32547"}}
2021-06-14 10:25:11 :: ----------send data payment:32719------------
2021-06-14 10:25:11 :: {"date":"2021-06-14","invoices":[{"amount":"55500","id":"32719"}],"bankAccount":2}
2021-06-14 10:25:12 :: ----------result data payment:32719------------
2021-06-14 10:25:12 :: {"id":"33966","date":"2021-06-14","number":"32548","amount":"55500.0000000000","observations":null,"anotation":null,"type":"in","paymentMethod":"","status":"open","bankAccount":{"id":"2","name":"PAYU","type":"bank"},"client":{"id":"25606","name":"Karen Diaz","phone":"3017946026"},"invoices":[{"id":"32719","number":"34980","date":"2021-06-14","amount":55500,"total":55500,"balance":0}],"costCenter":null,"numberTemplate":{"id":"3","prefix":"","number":"32548","fullNumber":"32548","formattedNumber":"32548"}}
2021-06-14 10:25:16 :: ----------send data payment:32720------------
2021-06-14 10:25:16 :: {"date":"2021-06-14","invoices":[{"amount":"157501","id":"32720"}],"bankAccount":2}
2021-06-14 10:25:17 :: ----------result data payment:32720------------
2021-06-14 10:25:17 :: {"id":"33967","date":"2021-06-14","number":"32549","amount":"157501.0000000000","observations":null,"anotation":null,"type":"in","paymentMethod":"","status":"open","bankAccount":{"id":"2","name":"PAYU","type":"bank"},"client":{"id":"25607","name":"juliana hernandez","phone":"3016267613"},"invoices":[{"id":"32720","number":"34981","date":"2021-06-14","amount":157501,"total":157501,"balance":0}],"costCenter":null,"numberTemplate":{"id":"3","prefix":"","number":"32549","fullNumber":"32549","formattedNumber":"32549"}}
2021-06-14 10:30:07 :: ----------send data payment:32721------------
2021-06-14 10:30:07 :: {"date":"2021-06-14","invoices":[{"amount":"79000","id":"32721"}],"bankAccount":2}
2021-06-14 10:30:08 :: ----------result data payment:32721------------
2021-06-14 10:30:08 :: {"id":"33968","date":"2021-06-14","number":"32550","amount":"79000.0000000000","observations":null,"anotation":null,"type":"in","paymentMethod":"","status":"open","bankAccount":{"id":"2","name":"PAYU","type":"bank"},"client":{"id":"25608","name":"Ingrid dayan bermudez vargas","phone":"3128830048"},"invoices":[{"id":"32721","number":"34982","date":"2021-06-14","amount":79000,"total":79000,"balance":0}],"costCenter":null,"numberTemplate":{"id":"3","prefix":"","number":"32550","fullNumber":"32550","formattedNumber":"32550"}}
2021-06-14 10:45:11 :: ----------send data payment:32722------------
2021-06-14 10:45:11 :: {"date":"2021-06-14","invoices":[{"amount":"23000","id":"32722"}],"bankAccount":2}
2021-06-14 10:45:12 :: ----------result data payment:32722------------
2021-06-14 10:45:12 :: {"id":"33969","date":"2021-06-14","number":"32551","amount":"23000.0000000000","observations":null,"anotation":null,"type":"in","paymentMethod":"","status":"open","bankAccount":{"id":"2","name":"PAYU","type":"bank"},"client":{"id":"25609","name":"Marina Chaves","phone":"3223948958"},"invoices":[{"id":"32722","number":"34983","date":"2021-06-14","amount":23000,"total":23000,"balance":0}],"costCenter":null,"numberTemplate":{"id":"3","prefix":"","number":"32551","fullNumber":"32551","formattedNumber":"32551"}}
2021-06-14 11:10:08 :: ----------send data payment:32723------------
2021-06-14 11:10:08 :: {"date":"2021-06-14","invoices":[{"amount":"48500","id":"32723"}],"bankAccount":2}
2021-06-14 11:10:09 :: ----------result data payment:32723------------
2021-06-14 11:10:09 :: {"id":"33970","date":"2021-06-14","number":"32552","amount":"48500.0000000000","observations":null,"anotation":null,"type":"in","paymentMethod":"","status":"open","bankAccount":{"id":"2","name":"PAYU","type":"bank"},"client":{"id":"25610","name":"Valentinna Rios","phone":"3045200687"},"invoices":[{"id":"32723","number":"34984","date":"2021-06-14","amount":48500,"total":48500,"balance":0}],"costCenter":null,"numberTemplate":{"id":"3","prefix":"","number":"32552","fullNumber":"32552","formattedNumber":"32552"}}
2021-06-14 11:25:11 :: ----------send data payment:32724------------
2021-06-14 11:25:11 :: {"date":"2021-06-14","invoices":[{"amount":"181999","id":"32724"}],"bankAccount":2}
2021-06-14 11:25:13 :: ----------result data payment:32724------------
2021-06-14 11:25:13 :: {"id":"33971","date":"2021-06-14","number":"32553","amount":"181999.0000000000","observations":null,"anotation":null,"type":"in","paymentMethod":"","status":"open","bankAccount":{"id":"2","name":"PAYU","type":"bank"},"client":{"id":"25611","name":"M\u00f3nica Andrea Eraso burbano","phone":"3016692027"},"invoices":[{"id":"32724","number":"34985","date":"2021-06-14","amount":181999,"total":181999,"balance":0}],"costCenter":null,"numberTemplate":{"id":"3","prefix":"","number":"32553","fullNumber":"32553","formattedNumber":"32553"}}
2021-06-14 11:30:07 :: ----------send data payment:32725------------
2021-06-14 11:30:07 :: {"date":"2021-06-14","invoices":[{"amount":"86002","id":"32725"}],"bankAccount":2}
2021-06-14 11:30:09 :: ----------result data payment:32725------------
2021-06-14 11:30:09 :: {"id":"33972","date":"2021-06-14","number":"32554","amount":"86002.0000000000","observations":null,"anotation":null,"type":"in","paymentMethod":"","status":"open","bankAccount":{"id":"2","name":"PAYU","type":"bank"},"client":{"id":"25612","name":"Sonia Peralta","phone":"3135339813"},"invoices":[{"id":"32725","number":"34986","date":"2021-06-14","amount":86002,"total":86002,"balance":0}],"costCenter":null,"numberTemplate":{"id":"3","prefix":"","number":"32554","fullNumber":"32554","formattedNumber":"32554"}}
2021-06-14 11:30:12 :: ----------send data payment:32726------------
2021-06-14 11:30:12 :: {"date":"2021-06-14","invoices":[{"amount":"72600","id":"32726"}],"bankAccount":2}
2021-06-14 11:30:14 :: ----------result data payment:32726------------
2021-06-14 11:30:14 :: {"id":"33973","date":"2021-06-14","number":"32555","amount":"72600.0000000000","observations":null,"anotation":null,"type":"in","paymentMethod":"","status":"open","bankAccount":{"id":"2","name":"PAYU","type":"bank"},"client":{"id":"25613","name":"Jsiik Li\u00d1an M","phone":"3205416932"},"invoices":[{"id":"32726","number":"34987","date":"2021-06-14","amount":72600,"total":72600,"balance":0}],"costCenter":null,"numberTemplate":{"id":"3","prefix":"","number":"32555","fullNumber":"32555","formattedNumber":"32555"}}
2021-06-14 11:35:09 :: ----------send data payment:32727------------
2021-06-14 11:35:09 :: {"date":"2021-06-14","invoices":[{"amount":"48500","id":"32727"}],"bankAccount":2}
2021-06-14 11:35:10 :: ----------result data payment:32727------------
2021-06-14 11:35:10 :: {"id":"33974","date":"2021-06-14","number":"32556","amount":"48500.0000000000","observations":null,"anotation":null,"type":"in","paymentMethod":"","status":"open","bankAccount":{"id":"2","name":"PAYU","type":"bank"},"client":{"id":"25614","name":"Andrea Gomez","phone":"7222560"},"invoices":[{"id":"32727","number":"34988","date":"2021-06-14","amount":48500,"total":48500,"balance":0}],"costCenter":null,"numberTemplate":{"id":"3","prefix":"","number":"32556","fullNumber":"32556","formattedNumber":"32556"}}
2021-06-14 12:15:12 :: ----------send data payment:32728------------
2021-06-14 12:15:12 :: {"date":"2021-06-14","invoices":[{"amount":"45000","id":"32728"}],"bankAccount":2}
2021-06-14 12:15:13 :: ----------result data payment:32728------------
2021-06-14 12:15:13 :: {"id":"33975","date":"2021-06-14","number":"32557","amount":"45000.0000000000","observations":null,"anotation":null,"type":"in","paymentMethod":"","status":"open","bankAccount":{"id":"2","name":"PAYU","type":"bank"},"client":{"id":"12977","name":"Nathalya Espinosa","phone":"3219788191"},"invoices":[{"id":"32728","number":"34989","date":"2021-06-14","amount":45000,"total":45000,"balance":0}],"costCenter":null,"numberTemplate":{"id":"3","prefix":"","number":"32557","fullNumber":"32557","formattedNumber":"32557"}}
2021-06-14 01:45:08 :: ----------send data payment:32729------------
2021-06-14 01:45:08 :: {"date":"2021-06-14","invoices":[{"amount":"108000","id":"32729"}],"bankAccount":2}
2021-06-14 01:45:10 :: ----------result data payment:32729------------
2021-06-14 01:45:10 :: {"id":"33976","date":"2021-06-14","number":"32558","amount":"108000.0000000000","observations":null,"anotation":null,"type":"in","paymentMethod":"","status":"open","bankAccount":{"id":"2","name":"PAYU","type":"bank"},"client":{"id":"10725","name":"Daniela rojas sossa","phone":"3225009551"},"invoices":[{"id":"32729","number":"34990","date":"2021-06-14","amount":108000,"total":108000,"balance":0}],"costCenter":null,"numberTemplate":{"id":"3","prefix":"","number":"32558","fullNumber":"32558","formattedNumber":"32558"}}
2021-06-14 01:55:10 :: ----------send data payment:32730------------
2021-06-14 01:55:10 :: {"date":"2021-06-14","invoices":[{"amount":"170002","id":"32730"}],"bankAccount":2}
2021-06-14 01:55:12 :: ----------result data payment:32730------------
2021-06-14 01:55:12 :: {"id":"33977","date":"2021-06-14","number":"32559","amount":"170002.0000000000","observations":null,"anotation":null,"type":"in","paymentMethod":"","status":"open","bankAccount":{"id":"2","name":"PAYU","type":"bank"},"client":{"id":"11799","name":"Stefania TNarva","phone":"3024536144"},"invoices":[{"id":"32730","number":"34991","date":"2021-06-14","amount":170002,"total":170002,"balance":0}],"costCenter":null,"numberTemplate":{"id":"3","prefix":"","number":"32559","fullNumber":"32559","formattedNumber":"32559"}}
2021-06-14 02:20:08 :: ----------send data payment:32731------------
2021-06-14 02:20:08 :: {"date":"2021-06-14","invoices":[{"amount":"71500","id":"32731"}],"bankAccount":2}
2021-06-14 02:20:09 :: ----------result data payment:32731------------
2021-06-14 02:20:09 :: {"id":"33978","date":"2021-06-14","number":"32560","amount":"71500.0000000000","observations":null,"anotation":null,"type":"in","paymentMethod":"","status":"open","bankAccount":{"id":"2","name":"PAYU","type":"bank"},"client":{"id":"25615","name":"Marisol","phone":"3178020492"},"invoices":[{"id":"32731","number":"34992","date":"2021-06-14","amount":71500,"total":71500,"balance":0}],"costCenter":null,"numberTemplate":{"id":"3","prefix":"","number":"32560","fullNumber":"32560","formattedNumber":"32560"}}
2021-06-14 02:40:08 :: ----------send data payment:32732------------
2021-06-14 02:40:08 :: {"date":"2021-06-14","invoices":[{"amount":"66800","id":"32732"}],"bankAccount":2}
2021-06-14 02:40:10 :: ----------result data payment:32732------------
2021-06-14 02:40:10 :: {"id":"33979","date":"2021-06-14","number":"32561","amount":"66800.0000000000","observations":null,"anotation":null,"type":"in","paymentMethod":"","status":"open","bankAccount":{"id":"2","name":"PAYU","type":"bank"},"client":{"id":"25616","name":"Lizeth Benavides Hernandez","phone":"3186351617"},"invoices":[{"id":"32732","number":"34993","date":"2021-06-14","amount":66800,"total":66800,"balance":0}],"costCenter":null,"numberTemplate":{"id":"3","prefix":"","number":"32561","fullNumber":"32561","formattedNumber":"32561"}}
2021-06-14 02:50:09 :: ----------send data payment:32733------------
2021-06-14 02:50:09 :: {"date":"2021-06-14","invoices":[{"amount":"49999","id":"32733"}],"bankAccount":2}
2021-06-14 02:50:10 :: ----------result data payment:32733------------
2021-06-14 02:50:10 :: {"id":"33980","date":"2021-06-14","number":"32562","amount":"49999.0000000000","observations":null,"anotation":null,"type":"in","paymentMethod":"","status":"open","bankAccount":{"id":"2","name":"PAYU","type":"bank"},"client":{"id":"25617","name":"Laura Vega","phone":"3504798086"},"invoices":[{"id":"32733","number":"34994","date":"2021-06-14","amount":49999,"total":49999,"balance":0}],"costCenter":null,"numberTemplate":{"id":"3","prefix":"","number":"32562","fullNumber":"32562","formattedNumber":"32562"}}
2021-06-14 02:55:10 :: ----------send data payment:32734------------
2021-06-14 02:55:10 :: {"date":"2021-06-14","invoices":[{"amount":"50500","id":"32734"}],"bankAccount":2}
2021-06-14 02:55:11 :: ----------result data payment:32734------------
2021-06-14 02:55:11 :: {"id":"33981","date":"2021-06-14","number":"32563","amount":"50500.0000000000","observations":null,"anotation":null,"type":"in","paymentMethod":"","status":"open","bankAccount":{"id":"2","name":"PAYU","type":"bank"},"client":{"id":"25618","name":"M\u00f3nica Aguirre","phone":"3016722434"},"invoices":[{"id":"32734","number":"34995","date":"2021-06-14","amount":50500,"total":50500,"balance":0}],"costCenter":null,"numberTemplate":{"id":"3","prefix":"","number":"32563","fullNumber":"32563","formattedNumber":"32563"}}
2021-06-14 03:00:08 :: ----------send data payment:32735------------
2021-06-14 03:00:08 :: {"date":"2021-06-14","invoices":[{"amount":"55500","id":"32735"}],"bankAccount":2}
2021-06-14 03:00:10 :: ----------result data payment:32735------------
2021-06-14 03:00:10 :: {"id":"33982","date":"2021-06-14","number":"32564","amount":"55500.0000000000","observations":null,"anotation":null,"type":"in","paymentMethod":"","status":"open","bankAccount":{"id":"2","name":"PAYU","type":"bank"},"client":{"id":"25619","name":"Mar\u00eca Fernanda","phone":"3013476196"},"invoices":[{"id":"32735","number":"34996","date":"2021-06-14","amount":55500,"total":55500,"balance":0}],"costCenter":null,"numberTemplate":{"id":"3","prefix":"","number":"32564","fullNumber":"32564","formattedNumber":"32564"}}
2021-06-14 03:05:10 :: ----------send data payment:32736------------
2021-06-14 03:05:10 :: {"date":"2021-06-14","invoices":[{"amount":"202001","id":"32736"}],"bankAccount":2}
2021-06-14 03:05:13 :: ----------result data payment:32736------------
2021-06-14 03:05:13 :: {"id":"33983","date":"2021-06-14","number":"32565","amount":"202001.0000000000","observations":null,"anotation":null,"type":"in","paymentMethod":"","status":"open","bankAccount":{"id":"2","name":"PAYU","type":"bank"},"client":{"id":"25620","name":"Laura Samper","phone":"3108034387"},"invoices":[{"id":"32736","number":"34997","date":"2021-06-14","amount":202001,"total":202001,"balance":0}],"costCenter":null,"numberTemplate":{"id":"3","prefix":"","number":"32565","fullNumber":"32565","formattedNumber":"32565"}}
2021-06-14 03:35:13 :: ----------send data payment:32737------------
2021-06-14 03:35:13 :: {"date":"2021-06-14","invoices":[{"amount":"153100","id":"32737"}],"bankAccount":2}
2021-06-14 03:35:15 :: ----------result data payment:32737------------
2021-06-14 03:35:15 :: {"id":"33984","date":"2021-06-14","number":"32566","amount":"153100.0000000000","observations":null,"anotation":null,"type":"in","paymentMethod":"","status":"open","bankAccount":{"id":"2","name":"PAYU","type":"bank"},"client":{"id":"25621","name":"Carol Espitia","phone":"3053504353"},"invoices":[{"id":"32737","number":"34998","date":"2021-06-14","amount":153100,"total":153100,"balance":0}],"costCenter":null,"numberTemplate":{"id":"3","prefix":"","number":"32566","fullNumber":"32566","formattedNumber":"32566"}}
2021-06-14 04:00:08 :: ----------send data payment:32738------------
2021-06-14 04:00:08 :: {"date":"2021-06-14","invoices":[{"amount":"50600","id":"32738"}],"bankAccount":2}
2021-06-14 04:00:11 :: ----------result data payment:32738------------
2021-06-14 04:00:11 :: {"id":"33985","date":"2021-06-14","number":"32567","amount":"50600.0000000000","observations":null,"anotation":null,"type":"in","paymentMethod":"","status":"open","bankAccount":{"id":"2","name":"PAYU","type":"bank"},"client":{"id":"25622","name":"Erika G\u00f3mez Fern\u00e1ndez","phone":"3218114168"},"invoices":[{"id":"32738","number":"34999","date":"2021-06-14","amount":50600,"total":50600,"balance":0}],"costCenter":null,"numberTemplate":{"id":"3","prefix":"","number":"32567","fullNumber":"32567","formattedNumber":"32567"}}
2021-06-14 04:00:13 :: ----------send data payment:32739------------
2021-06-14 04:00:13 :: {"date":"2021-06-14","invoices":[{"amount":"48500","id":"32739"}],"bankAccount":2}
2021-06-14 04:00:15 :: ----------result data payment:32739------------
2021-06-14 04:00:15 :: {"id":"33986","date":"2021-06-14","number":"32568","amount":"48500.0000000000","observations":null,"anotation":null,"type":"in","paymentMethod":"","status":"open","bankAccount":{"id":"2","name":"PAYU","type":"bank"},"client":{"id":"25623","name":"Carolina Guzm\u00e1n","phone":"3146124373"},"invoices":[{"id":"32739","number":"35000","date":"2021-06-14","amount":48500,"total":48500,"balance":0}],"costCenter":null,"numberTemplate":{"id":"3","prefix":"","number":"32568","fullNumber":"32568","formattedNumber":"32568"}}
2021-06-14 04:45:14 :: ----------send data payment:32740------------
2021-06-14 04:45:14 :: {"date":"2021-06-14","invoices":[{"amount":"35000","id":"32740"}],"bankAccount":2}
2021-06-14 04:45:16 :: ----------result data payment:32740------------
2021-06-14 04:45:16 :: {"id":"33987","date":"2021-06-14","number":"32569","amount":"35000.0000000000","observations":null,"anotation":null,"type":"in","paymentMethod":"","status":"open","bankAccount":{"id":"2","name":"PAYU","type":"bank"},"client":{"id":"25624","name":"Linda vargas","phone":"3106131666"},"invoices":[{"id":"32740","number":"35001","date":"2021-06-14","amount":35000,"total":35000,"balance":0}],"costCenter":null,"numberTemplate":{"id":"3","prefix":"","number":"32569","fullNumber":"32569","formattedNumber":"32569"}}
2021-06-14 04:45:19 :: ----------send data payment:32741------------
2021-06-14 04:45:19 :: {"date":"2021-06-14","invoices":[{"amount":"115500","id":"32741"}],"bankAccount":2}
2021-06-14 04:45:20 :: ----------result data payment:32741------------
2021-06-14 04:45:20 :: {"id":"33988","date":"2021-06-14","number":"32570","amount":"115500.0000000000","observations":null,"anotation":null,"type":"in","paymentMethod":"","status":"open","bankAccount":{"id":"2","name":"PAYU","type":"bank"},"client":{"id":"25625","name":"Andrea Marenco","phone":"3207938687"},"invoices":[{"id":"32741","number":"35002","date":"2021-06-14","amount":115500,"total":115500,"balance":0}],"costCenter":null,"numberTemplate":{"id":"3","prefix":"","number":"32570","fullNumber":"32570","formattedNumber":"32570"}}
2021-06-14 05:05:11 :: ----------send data payment:32742------------
2021-06-14 05:05:11 :: {"date":"2021-06-14","invoices":[{"amount":"26000","id":"32742"}],"bankAccount":2}
2021-06-14 05:05:13 :: ----------result data payment:32742------------
2021-06-14 05:05:13 :: {"id":"33989","date":"2021-06-14","number":"32571","amount":"26000.0000000000","observations":null,"anotation":null,"type":"in","paymentMethod":"","status":"open","bankAccount":{"id":"2","name":"PAYU","type":"bank"},"client":{"id":"25626","name":"Inge. Proyectos del Valle","phone":"3113217270"},"invoices":[{"id":"32742","number":"35003","date":"2021-06-14","amount":26000,"total":26000,"balance":0}],"costCenter":null,"numberTemplate":{"id":"3","prefix":"","number":"32571","fullNumber":"32571","formattedNumber":"32571"}}
2021-06-14 05:40:08 :: ----------send data payment:32743------------
2021-06-14 05:40:08 :: {"date":"2021-06-14","invoices":[{"amount":"97500","id":"32743"}],"bankAccount":2}
2021-06-14 05:40:09 :: ----------result data payment:32743------------
2021-06-14 05:40:09 :: {"id":"33990","date":"2021-06-14","number":"32572","amount":"97500.0000000000","observations":null,"anotation":null,"type":"in","paymentMethod":"","status":"open","bankAccount":{"id":"2","name":"PAYU","type":"bank"},"client":{"id":"25627","name":"Juana Reyes","phone":"3108240803"},"invoices":[{"id":"32743","number":"35004","date":"2021-06-14","amount":97500,"total":97500,"balance":0}],"costCenter":null,"numberTemplate":{"id":"3","prefix":"","number":"32572","fullNumber":"32572","formattedNumber":"32572"}}
2021-06-14 05:45:09 :: ----------send data payment:32744------------
2021-06-14 05:45:09 :: {"date":"2021-06-14","invoices":[{"amount":"70100","id":"32744"}],"bankAccount":2}
2021-06-14 05:45:10 :: ----------result data payment:32744------------
2021-06-14 05:45:10 :: {"id":"33991","date":"2021-06-14","number":"32573","amount":"70100.0000000000","observations":null,"anotation":null,"type":"in","paymentMethod":"","status":"open","bankAccount":{"id":"2","name":"PAYU","type":"bank"},"client":{"id":"25628","name":"claudia estefanny mejia nu\u00f1ez","phone":"3222192996"},"invoices":[{"id":"32744","number":"35005","date":"2021-06-14","amount":70100,"total":70100,"balance":0}],"costCenter":null,"numberTemplate":{"id":"3","prefix":"","number":"32573","fullNumber":"32573","formattedNumber":"32573"}}
2021-06-14 05:50:08 :: ----------send data payment:32745------------
2021-06-14 05:50:08 :: {"date":"2021-06-14","invoices":[{"amount":"150500","id":"32745"}],"bankAccount":2}
2021-06-14 05:50:12 :: ----------result data payment:32745------------
2021-06-14 05:50:12 :: {"id":"33992","date":"2021-06-14","number":"32574","amount":"150500.0000000000","observations":null,"anotation":null,"type":"in","paymentMethod":"","status":"open","bankAccount":{"id":"2","name":"PAYU","type":"bank"},"client":{"id":"25629","name":"Sirley vergara","phone":"3043899900"},"invoices":[{"id":"32745","number":"35006","date":"2021-06-14","amount":150500,"total":150500,"balance":0}],"costCenter":null,"numberTemplate":{"id":"3","prefix":"","number":"32574","fullNumber":"32574","formattedNumber":"32574"}}
2021-06-14 06:15:14 :: ----------send data payment:32746------------
2021-06-14 06:15:14 :: {"date":"2021-06-14","invoices":[{"amount":"83500","id":"32746"}],"bankAccount":2}
2021-06-14 06:15:15 :: ----------result data payment:32746------------
2021-06-14 06:15:15 :: {"id":"33993","date":"2021-06-14","number":"32575","amount":"83500.0000000000","observations":null,"anotation":null,"type":"in","paymentMethod":"","status":"open","bankAccount":{"id":"2","name":"PAYU","type":"bank"},"client":{"id":"25630","name":"Viviana Mart\u00ednez","phone":"3184471650"},"invoices":[{"id":"32746","number":"35007","date":"2021-06-14","amount":83500,"total":83500,"balance":0}],"costCenter":null,"numberTemplate":{"id":"3","prefix":"","number":"32575","fullNumber":"32575","formattedNumber":"32575"}}
2021-06-14 06:15:16 :: ----------send data payment:32747------------
2021-06-14 06:15:16 :: {"date":"2021-06-14","invoices":[{"amount":"96000","id":"32747"}],"bankAccount":2}
2021-06-14 06:15:17 :: ----------result data payment:32747------------
2021-06-14 06:15:17 :: {"id":"33994","date":"2021-06-14","number":"32576","amount":"96000.0000000000","observations":null,"anotation":null,"type":"in","paymentMethod":"","status":"open","bankAccount":{"id":"2","name":"PAYU","type":"bank"},"client":{"id":"12116","name":"Constanza Tellez Paz","phone":"3002492678"},"invoices":[{"id":"32747","number":"35008","date":"2021-06-14","amount":96000,"total":96000,"balance":0}],"costCenter":null,"numberTemplate":{"id":"3","prefix":"","number":"32576","fullNumber":"32576","formattedNumber":"32576"}}
2021-06-14 08:00:06 :: ----------send data payment:32748------------
2021-06-14 08:00:06 :: {"date":"2021-06-14","invoices":[{"amount":"39999","id":"32748"}],"bankAccount":2}
2021-06-14 08:00:07 :: ----------result data payment:32748------------
2021-06-14 08:00:07 :: {"id":"33995","date":"2021-06-14","number":"32577","amount":"39999.0000000000","observations":null,"anotation":null,"type":"in","paymentMethod":"","status":"open","bankAccount":{"id":"2","name":"PAYU","type":"bank"},"client":{"id":"24916","name":"Sandra Garcia","phone":"3153257415"},"invoices":[{"id":"32748","number":"35009","date":"2021-06-14","amount":39999,"total":39999,"balance":0}],"costCenter":null,"numberTemplate":{"id":"3","prefix":"","number":"32577","fullNumber":"32577","formattedNumber":"32577"}}
2021-06-14 08:20:07 :: ----------send data payment:32749------------
2021-06-14 08:20:07 :: {"date":"2021-06-14","invoices":[{"amount":"48500","id":"32749"}],"bankAccount":2}
2021-06-14 08:20:08 :: ----------result data payment:32749------------
2021-06-14 08:20:08 :: {"id":"33996","date":"2021-06-14","number":"32578","amount":"48500.0000000000","observations":null,"anotation":null,"type":"in","paymentMethod":"","status":"open","bankAccount":{"id":"2","name":"PAYU","type":"bank"},"client":{"id":"25631","name":"ANGY LISBETH GALVIS DURAN","phone":"3208813830"},"invoices":[{"id":"32749","number":"35010","date":"2021-06-14","amount":48500,"total":48500,"balance":0}],"costCenter":null,"numberTemplate":{"id":"3","prefix":"","number":"32578","fullNumber":"32578","formattedNumber":"32578"}}
2021-06-14 08:35:10 :: ----------send data payment:32750------------
2021-06-14 08:35:10 :: {"date":"2021-06-14","invoices":[{"amount":"155500","id":"32750"}],"bankAccount":2}
2021-06-14 08:35:11 :: ----------result data payment:32750------------
2021-06-14 08:35:11 :: {"id":"33997","date":"2021-06-14","number":"32579","amount":"155500.0000000000","observations":null,"anotation":null,"type":"in","paymentMethod":"","status":"open","bankAccount":{"id":"2","name":"PAYU","type":"bank"},"client":{"id":"5011","name":"Libia G\u00f3mez","phone":"3162561626"},"invoices":[{"id":"32750","number":"35011","date":"2021-06-14","amount":155500,"total":155500,"balance":0}],"costCenter":null,"numberTemplate":{"id":"3","prefix":"","number":"32579","fullNumber":"32579","formattedNumber":"32579"}}
2021-06-14 09:10:09 :: ----------send data payment:32751------------
2021-06-14 09:10:09 :: {"date":"2021-06-14","invoices":[{"amount":"49600","id":"32751"}],"bankAccount":2}
2021-06-14 09:10:10 :: ----------result data payment:32751------------
2021-06-14 09:10:10 :: {"id":"33998","date":"2021-06-14","number":"32580","amount":"49600.0000000000","observations":null,"anotation":null,"type":"in","paymentMethod":"","status":"open","bankAccount":{"id":"2","name":"PAYU","type":"bank"},"client":{"id":"19625","name":"Mary Zambrano","phone":"3118591876"},"invoices":[{"id":"32751","number":"35012","date":"2021-06-14","amount":49600,"total":49600,"balance":0}],"costCenter":null,"numberTemplate":{"id":"3","prefix":"","number":"32580","fullNumber":"32580","formattedNumber":"32580"}}
2021-06-14 09:10:13 :: ----------send data payment:32752------------
2021-06-14 09:10:13 :: {"date":"2021-06-14","invoices":[{"amount":"34000","id":"32752"}],"bankAccount":2}
2021-06-14 09:10:14 :: ----------result data payment:32752------------
2021-06-14 09:10:14 :: {"id":"33999","date":"2021-06-14","number":"32581","amount":"34000.0000000000","observations":null,"anotation":null,"type":"in","paymentMethod":"","status":"open","bankAccount":{"id":"2","name":"PAYU","type":"bank"},"client":{"id":"25632","name":"Diana Carolina Diaz Rincon","phone":"3165331057"},"invoices":[{"id":"32752","number":"35013","date":"2021-06-14","amount":34000,"total":34000,"balance":0}],"costCenter":null,"numberTemplate":{"id":"3","prefix":"","number":"32581","fullNumber":"32581","formattedNumber":"32581"}}
2021-06-14 09:25:11 :: ----------send data payment:32753------------
2021-06-14 09:25:11 :: {"date":"2021-06-14","invoices":[{"amount":"80001","id":"32753"}],"bankAccount":2}
2021-06-14 09:25:12 :: ----------result data payment:32753------------
2021-06-14 09:25:12 :: {"id":"34000","date":"2021-06-14","number":"32582","amount":"80001.0000000000","observations":null,"anotation":null,"type":"in","paymentMethod":"","status":"open","bankAccount":{"id":"2","name":"PAYU","type":"bank"},"client":{"id":"25633","name":"Catalina Botero Posada","phone":"3137659553"},"invoices":[{"id":"32753","number":"35014","date":"2021-06-14","amount":80001,"total":80001,"balance":0}],"costCenter":null,"numberTemplate":{"id":"3","prefix":"","number":"32582","fullNumber":"32582","formattedNumber":"32582"}}
2021-06-14 09:40:16 :: ----------send data payment:32754------------
2021-06-14 09:40:16 :: {"date":"2021-06-14","invoices":[{"amount":"44500","id":"32754"}],"bankAccount":2}
2021-06-14 09:40:18 :: ----------result data payment:32754------------
2021-06-14 09:40:18 :: {"id":"34001","date":"2021-06-14","number":"32583","amount":"44500.0000000000","observations":null,"anotation":null,"type":"in","paymentMethod":"","status":"open","bankAccount":{"id":"2","name":"PAYU","type":"bank"},"client":{"id":"25634","name":"Lissie Valencia","phone":"3015687338"},"invoices":[{"id":"32754","number":"35015","date":"2021-06-14","amount":44500,"total":44500,"balance":0}],"costCenter":null,"numberTemplate":{"id":"3","prefix":"","number":"32583","fullNumber":"32583","formattedNumber":"32583"}}
2021-06-14 10:05:13 :: ----------send data payment:32755------------
2021-06-14 10:05:13 :: {"date":"2021-06-14","invoices":[{"amount":"48600","id":"32755"}],"bankAccount":2}
2021-06-14 10:05:14 :: ----------result data payment:32755------------
2021-06-14 10:05:14 :: {"id":"34002","date":"2021-06-14","number":"32584","amount":"48600.0000000000","observations":null,"anotation":null,"type":"in","paymentMethod":"","status":"open","bankAccount":{"id":"2","name":"PAYU","type":"bank"},"client":{"id":"25635","name":"Andrea Parra Rodriguez","phone":"3204925964"},"invoices":[{"id":"32755","number":"35016","date":"2021-06-14","amount":48600,"total":48600,"balance":0}],"costCenter":null,"numberTemplate":{"id":"3","prefix":"","number":"32584","fullNumber":"32584","formattedNumber":"32584"}}
2021-06-14 10:10:08 :: ----------send data payment:32756------------
2021-06-14 10:10:08 :: {"date":"2021-06-14","invoices":[{"amount":"22600","id":"32756"}],"bankAccount":2}
2021-06-14 10:10:09 :: ----------result data payment:32756------------
2021-06-14 10:10:09 :: {"id":"34003","date":"2021-06-14","number":"32585","amount":"22600.0000000000","observations":null,"anotation":null,"type":"in","paymentMethod":"","status":"open","bankAccount":{"id":"2","name":"PAYU","type":"bank"},"client":{"id":"25636","name":"Elizabeth Rivera","phone":"3014581015"},"invoices":[{"id":"32756","number":"35017","date":"2021-06-14","amount":22600,"total":22600,"balance":0}],"costCenter":null,"numberTemplate":{"id":"3","prefix":"","number":"32585","fullNumber":"32585","formattedNumber":"32585"}}
2021-06-14 10:20:07 :: ----------send data payment:32757------------
2021-06-14 10:20:07 :: {"date":"2021-06-14","invoices":[{"amount":"75600","id":"32757"}],"bankAccount":2}
2021-06-14 10:20:08 :: ----------result data payment:32757------------
2021-06-14 10:20:08 :: {"id":"34004","date":"2021-06-14","number":"32586","amount":"75600.0000000000","observations":null,"anotation":null,"type":"in","paymentMethod":"","status":"open","bankAccount":{"id":"2","name":"PAYU","type":"bank"},"client":{"id":"25637","name":"Juliana S\u00e1nchez Yal\u00ed","phone":"3044619703"},"invoices":[{"id":"32757","number":"35018","date":"2021-06-14","amount":75600,"total":75600,"balance":0}],"costCenter":null,"numberTemplate":{"id":"3","prefix":"","number":"32586","fullNumber":"32586","formattedNumber":"32586"}}
2021-06-14 10:35:13 :: ----------send data payment:32758------------
2021-06-14 10:35:13 :: {"date":"2021-06-14","invoices":[{"amount":"94999","id":"32758"}],"bankAccount":2}
2021-06-14 10:35:14 :: ----------result data payment:32758------------
2021-06-14 10:35:14 :: {"id":"34005","date":"2021-06-14","number":"32587","amount":"94999.0000000000","observations":null,"anotation":null,"type":"in","paymentMethod":"","status":"open","bankAccount":{"id":"2","name":"PAYU","type":"bank"},"client":{"id":"25638","name":"\u00c1ngela Lizarazo","phone":"3112941242"},"invoices":[{"id":"32758","number":"35019","date":"2021-06-14","amount":94999,"total":94999,"balance":0}],"costCenter":null,"numberTemplate":{"id":"3","prefix":"","number":"32587","fullNumber":"32587","formattedNumber":"32587"}}
2021-06-14 11:50:09 :: ----------send data payment:32759------------
2021-06-14 11:50:09 :: {"date":"2021-06-14","invoices":[{"amount":"242900","id":"32759"}],"bankAccount":2}
2021-06-14 11:50:11 :: ----------result data payment:32759------------
2021-06-14 11:50:11 :: {"id":"34006","date":"2021-06-14","number":"32588","amount":"242900.0000000000","observations":null,"anotation":null,"type":"in","paymentMethod":"","status":"open","bankAccount":{"id":"2","name":"PAYU","type":"bank"},"client":{"id":"25639","name":"Luz Andrea Valencia Jim\u00e9nez","phone":"3166942539"},"invoices":[{"id":"32759","number":"35020","date":"2021-06-14","amount":242900,"total":242900,"balance":0}],"costCenter":null,"numberTemplate":{"id":"3","prefix":"","number":"32588","fullNumber":"32588","formattedNumber":"32588"}}
2021-06-14 11:50:13 :: ----------send data payment:32760------------
2021-06-14 11:50:13 :: {"date":"2021-06-14","invoices":[{"amount":"41600","id":"32760"}],"bankAccount":2}
2021-06-14 11:50:14 :: ----------result data payment:32760------------
2021-06-14 11:50:14 :: {"id":"34007","date":"2021-06-14","number":"32589","amount":"41600.0000000000","observations":null,"anotation":null,"type":"in","paymentMethod":"","status":"open","bankAccount":{"id":"2","name":"PAYU","type":"bank"},"client":{"id":"25640","name":"Alejandra G\u00f3mez","phone":"3504273420"},"invoices":[{"id":"32760","number":"35021","date":"2021-06-14","amount":41600,"total":41600,"balance":0}],"costCenter":null,"numberTemplate":{"id":"3","prefix":"","number":"32589","fullNumber":"32589","formattedNumber":"32589"}}