
2021-10-03 12:21:09 :: ----------send data payment:38595------------
2021-10-03 12:21:09 :: {"date":"2021-10-03","invoices":[{"amount":"100103","id":"38595"}],"bankAccount":2}
2021-10-03 12:21:11 :: ----------result data payment:38595------------
2021-10-03 12:21:11 :: {"id":"40131","date":"2021-10-03","number":"38386","amount":"100103.0000000000","observations":null,"anotation":null,"type":"in","paymentMethod":"","status":"open","bankAccount":{"id":"2","name":"PAYU","type":"bank"},"client":{"id":"13883","name":"Daniela Neira","phone":"+573229047619"},"invoices":[{"id":"38595","number":"40856","date":"2021-10-03","amount":100103,"total":100103,"balance":0}],"costCenter":null,"numberTemplate":{"id":"3","prefix":"","number":"38386","fullNumber":"38386","formattedNumber":"38386"}}
2021-10-03 03:54:06 :: ----------send data payment:38596------------
2021-10-03 03:54:06 :: {"date":"2021-10-03","invoices":[{"amount":"40000","id":"38596"}],"bankAccount":2}
2021-10-03 03:54:07 :: ----------result data payment:38596------------
2021-10-03 03:54:07 :: {"id":"40132","date":"2021-10-03","number":"38387","amount":"40000.0000000000","observations":null,"anotation":null,"type":"in","paymentMethod":"","status":"open","bankAccount":{"id":"2","name":"PAYU","type":"bank"},"client":{"id":"29937","name":"Tatiana","phone":"3197535435"},"invoices":[{"id":"38596","number":"40857","date":"2021-10-03","amount":40000,"total":40000,"balance":0}],"costCenter":null,"numberTemplate":{"id":"3","prefix":"","number":"38387","fullNumber":"38387","formattedNumber":"38387"}}
2021-10-03 05:24:07 :: ----------send data payment:38597------------
2021-10-03 05:24:07 :: {"date":"2021-10-03","invoices":[{"amount":"129003","id":"38597"}],"bankAccount":2}
2021-10-03 05:24:08 :: ----------result data payment:38597------------
2021-10-03 05:24:08 :: {"id":"40133","date":"2021-10-03","number":"38388","amount":"129003.0000000000","observations":null,"anotation":null,"type":"in","paymentMethod":"","status":"open","bankAccount":{"id":"2","name":"PAYU","type":"bank"},"client":{"id":"29938","name":"Isy Ospino Camacho","phone":"3008760270"},"invoices":[{"id":"38597","number":"40858","date":"2021-10-03","amount":129003,"total":129003,"balance":0}],"costCenter":null,"numberTemplate":{"id":"3","prefix":"","number":"38388","fullNumber":"38388","formattedNumber":"38388"}}
2021-10-03 07:24:07 :: ----------send data payment:38598------------
2021-10-03 07:24:07 :: {"date":"2021-10-03","invoices":[{"amount":"76000","id":"38598"}],"bankAccount":2}
2021-10-03 07:24:08 :: ----------result data payment:38598------------
2021-10-03 07:24:08 :: {"id":"40134","date":"2021-10-03","number":"38389","amount":"76000.0000000000","observations":null,"anotation":null,"type":"in","paymentMethod":"","status":"open","bankAccount":{"id":"2","name":"PAYU","type":"bank"},"client":{"id":"29939","name":"Tatiana perez espitaleta","phone":"3106426860"},"invoices":[{"id":"38598","number":"40859","date":"2021-10-03","amount":76000,"total":76000,"balance":0}],"costCenter":null,"numberTemplate":{"id":"3","prefix":"","number":"38389","fullNumber":"38389","formattedNumber":"38389"}}
2021-10-03 08:04:05 :: ----------send data payment:38599------------
2021-10-03 08:04:05 :: {"date":"2021-10-03","invoices":[{"amount":"25000","id":"38599"}],"bankAccount":2}
2021-10-03 08:04:06 :: ----------result data payment:38599------------
2021-10-03 08:04:06 :: {"id":"40135","date":"2021-10-03","number":"38390","amount":"25000.0000000000","observations":null,"anotation":null,"type":"in","paymentMethod":"","status":"open","bankAccount":{"id":"2","name":"PAYU","type":"bank"},"client":{"id":"29940","name":"KAROLINE PE\u00d1A","phone":"3182872980"},"invoices":[{"id":"38599","number":"40860","date":"2021-10-03","amount":25000,"total":25000,"balance":0}],"costCenter":null,"numberTemplate":{"id":"3","prefix":"","number":"38390","fullNumber":"38390","formattedNumber":"38390"}}
2021-10-03 08:09:06 :: ----------send data payment:38600------------
2021-10-03 08:09:06 :: {"date":"2021-10-03","invoices":[{"amount":"30000","id":"38600"}],"bankAccount":2}
2021-10-03 08:09:07 :: ----------result data payment:38600------------
2021-10-03 08:09:07 :: {"id":"40136","date":"2021-10-03","number":"38391","amount":"30000.0000000000","observations":null,"anotation":null,"type":"in","paymentMethod":"","status":"open","bankAccount":{"id":"2","name":"PAYU","type":"bank"},"client":{"id":"29941","name":"Liz Andrade","phone":"3168370001"},"invoices":[{"id":"38600","number":"40861","date":"2021-10-03","amount":30000,"total":30000,"balance":0}],"costCenter":null,"numberTemplate":{"id":"3","prefix":"","number":"38391","fullNumber":"38391","formattedNumber":"38391"}}
2021-10-03 08:17:04 :: ----------send data payment:38601------------
2021-10-03 08:17:04 :: {"date":"2021-10-03","invoices":[{"amount":"17000","id":"38601"}],"bankAccount":2}
2021-10-03 08:17:06 :: ----------result data payment:38601------------
2021-10-03 08:17:06 :: {"id":"40137","date":"2021-10-03","number":"38392","amount":"17000.0000000000","observations":null,"anotation":null,"type":"in","paymentMethod":"","status":"open","bankAccount":{"id":"2","name":"PAYU","type":"bank"},"client":{"id":"29940","name":"KAROLINE PE\u00d1A","phone":"3182872980"},"invoices":[{"id":"38601","number":"40862","date":"2021-10-03","amount":17000,"total":17000,"balance":0}],"costCenter":null,"numberTemplate":{"id":"3","prefix":"","number":"38392","fullNumber":"38392","formattedNumber":"38392"}}
2021-10-03 08:19:06 :: ----------send data payment:38602------------
2021-10-03 08:19:06 :: {"date":"2021-10-03","invoices":[{"amount":"100000","id":"38602"}],"bankAccount":2}
2021-10-03 08:19:07 :: ----------result data payment:38602------------
2021-10-03 08:19:07 :: {"id":"40138","date":"2021-10-03","number":"38393","amount":"100000.0000000000","observations":null,"anotation":null,"type":"in","paymentMethod":"","status":"open","bankAccount":{"id":"2","name":"PAYU","type":"bank"},"client":{"id":"29942","name":"Melissa Calceto","phone":"3045720643"},"invoices":[{"id":"38602","number":"40863","date":"2021-10-03","amount":100000,"total":100000,"balance":0}],"costCenter":null,"numberTemplate":{"id":"3","prefix":"","number":"38393","fullNumber":"38393","formattedNumber":"38393"}}
2021-10-03 08:43:07 :: ----------send data payment:38603------------
2021-10-03 08:43:07 :: {"date":"2021-10-03","invoices":[{"amount":"30000","id":"38603"}],"bankAccount":2}
2021-10-03 08:43:08 :: ----------result data payment:38603------------
2021-10-03 08:43:08 :: {"id":"40139","date":"2021-10-03","number":"38394","amount":"30000.0000000000","observations":null,"anotation":null,"type":"in","paymentMethod":"","status":"open","bankAccount":{"id":"2","name":"PAYU","type":"bank"},"client":{"id":"29943","name":"Clau Chaves","phone":"3223616519"},"invoices":[{"id":"38603","number":"40864","date":"2021-10-03","amount":30000,"total":30000,"balance":0}],"costCenter":null,"numberTemplate":{"id":"3","prefix":"","number":"38394","fullNumber":"38394","formattedNumber":"38394"}}
2021-10-03 08:46:12 :: ----------send data payment:38604------------
2021-10-03 08:46:12 :: {"date":"2021-10-03","invoices":[{"amount":"66000","id":"38604"}],"bankAccount":2}
2021-10-03 08:46:13 :: ----------result data payment:38604------------
2021-10-03 08:46:13 :: {"id":"40140","date":"2021-10-03","number":"38395","amount":"66000.0000000000","observations":null,"anotation":null,"type":"in","paymentMethod":"","status":"open","bankAccount":{"id":"2","name":"PAYU","type":"bank"},"client":{"id":"29944","name":"Angelica castiblanco","phone":"3222511234"},"invoices":[{"id":"38604","number":"40865","date":"2021-10-03","amount":66000,"total":66000,"balance":0}],"costCenter":null,"numberTemplate":{"id":"3","prefix":"","number":"38395","fullNumber":"38395","formattedNumber":"38395"}}
2021-10-03 09:02:06 :: ----------send data payment:38605------------
2021-10-03 09:02:06 :: {"date":"2021-10-03","invoices":[{"amount":"70000","id":"38605"}],"bankAccount":2}
2021-10-03 09:02:07 :: ----------result data payment:38605------------
2021-10-03 09:02:07 :: {"id":"40141","date":"2021-10-03","number":"38396","amount":"70000.0000000000","observations":null,"anotation":null,"type":"in","paymentMethod":"","status":"open","bankAccount":{"id":"2","name":"PAYU","type":"bank"},"client":{"id":"29945","name":"Tatiana Cubillos","phone":"3214426814"},"invoices":[{"id":"38605","number":"40866","date":"2021-10-03","amount":70000,"total":70000,"balance":0}],"costCenter":null,"numberTemplate":{"id":"3","prefix":"","number":"38396","fullNumber":"38396","formattedNumber":"38396"}}
2021-10-03 09:14:05 :: ----------send data payment:38606------------
2021-10-03 09:14:05 :: {"date":"2021-10-03","invoices":[{"amount":"82000","id":"38606"}],"bankAccount":2}
2021-10-03 09:14:08 :: ----------result data payment:38606------------
2021-10-03 09:14:08 :: {"id":"40142","date":"2021-10-03","number":"38397","amount":"82000.0000000000","observations":null,"anotation":null,"type":"in","paymentMethod":"","status":"open","bankAccount":{"id":"2","name":"PAYU","type":"bank"},"client":{"id":"29946","name":"Diana Marcela Ramirez Tafur","phone":"3178639132"},"invoices":[{"id":"38606","number":"40867","date":"2021-10-03","amount":82000,"total":82000,"balance":0}],"costCenter":null,"numberTemplate":{"id":"3","prefix":"","number":"38397","fullNumber":"38397","formattedNumber":"38397"}}
2021-10-03 09:16:13 :: ----------send data payment:38607------------
2021-10-03 09:16:13 :: {"date":"2021-10-03","invoices":[{"amount":"70000","id":"38607"}],"bankAccount":2}
2021-10-03 09:16:15 :: ----------result data payment:38607------------
2021-10-03 09:16:15 :: {"id":"40143","date":"2021-10-03","number":"38398","amount":"70000.0000000000","observations":null,"anotation":null,"type":"in","paymentMethod":"","status":"open","bankAccount":{"id":"2","name":"PAYU","type":"bank"},"client":{"id":"29947","name":"Ana Camila Alfaro Mancera","phone":"3122073481"},"invoices":[{"id":"38607","number":"40868","date":"2021-10-03","amount":70000,"total":70000,"balance":0}],"costCenter":null,"numberTemplate":{"id":"3","prefix":"","number":"38398","fullNumber":"38398","formattedNumber":"38398"}}
2021-10-03 09:42:06 :: ----------send data payment:38608------------
2021-10-03 09:42:06 :: {"date":"2021-10-03","invoices":[{"amount":"60000","id":"38608"}],"bankAccount":2}
2021-10-03 09:42:07 :: ----------result data payment:38608------------
2021-10-03 09:42:07 :: {"id":"40144","date":"2021-10-03","number":"38399","amount":"60000.0000000000","observations":null,"anotation":null,"type":"in","paymentMethod":"","status":"open","bankAccount":{"id":"2","name":"PAYU","type":"bank"},"client":{"id":"29948","name":"Valeria Cabrera","phone":"3143579015"},"invoices":[{"id":"38608","number":"40869","date":"2021-10-03","amount":60000,"total":60000,"balance":0}],"costCenter":null,"numberTemplate":{"id":"3","prefix":"","number":"38399","fullNumber":"38399","formattedNumber":"38399"}}
2021-10-03 09:56:11 :: ----------send data payment:38609------------
2021-10-03 09:56:11 :: {"date":"2021-10-03","invoices":[{"amount":"144501","id":"38609"}],"bankAccount":2}
2021-10-03 09:56:12 :: ----------result data payment:38609------------
2021-10-03 09:56:12 :: {"id":"40145","date":"2021-10-03","number":"38400","amount":"144501.0000000000","observations":null,"anotation":null,"type":"in","paymentMethod":"","status":"open","bankAccount":{"id":"2","name":"PAYU","type":"bank"},"client":{"id":"22741","name":"Natalia garcia","phone":"3102577937"},"invoices":[{"id":"38609","number":"40870","date":"2021-10-03","amount":144501,"total":144501,"balance":0}],"costCenter":null,"numberTemplate":{"id":"3","prefix":"","number":"38400","fullNumber":"38400","formattedNumber":"38400"}}
2021-10-03 10:02:07 :: ----------send data payment:38610------------
2021-10-03 10:02:07 :: {"date":"2021-10-03","invoices":[{"amount":"30000","id":"38610"}],"bankAccount":2}
2021-10-03 10:02:08 :: ----------result data payment:38610------------
2021-10-03 10:02:08 :: {"id":"40146","date":"2021-10-03","number":"38401","amount":"30000.0000000000","observations":null,"anotation":null,"type":"in","paymentMethod":"","status":"open","bankAccount":{"id":"2","name":"PAYU","type":"bank"},"client":{"id":"29949","name":"Lizeth Sanchez","phone":"3123144344"},"invoices":[{"id":"38610","number":"40871","date":"2021-10-03","amount":30000,"total":30000,"balance":0}],"costCenter":null,"numberTemplate":{"id":"3","prefix":"","number":"38401","fullNumber":"38401","formattedNumber":"38401"}}
2021-10-03 10:13:07 :: ----------send data payment:38611------------
2021-10-03 10:13:07 :: {"date":"2021-10-03","invoices":[{"amount":"57997","id":"38611"}],"bankAccount":2}
2021-10-03 10:13:08 :: ----------result data payment:38611------------
2021-10-03 10:13:08 :: {"id":"40147","date":"2021-10-03","number":"38402","amount":"57997.0000000000","observations":null,"anotation":null,"type":"in","paymentMethod":"","status":"open","bankAccount":{"id":"2","name":"PAYU","type":"bank"},"client":{"id":"29950","name":"Ana Mar\u00eda Gonzalez","phone":"3105818000"},"invoices":[{"id":"38611","number":"40872","date":"2021-10-03","amount":57997,"total":57997,"balance":0}],"costCenter":null,"numberTemplate":{"id":"3","prefix":"","number":"38402","fullNumber":"38402","formattedNumber":"38402"}}
2021-10-03 10:20:05 :: ----------send data payment:38612------------
2021-10-03 10:20:05 :: {"date":"2021-10-03","invoices":[{"amount":"60000","id":"38612"}],"bankAccount":2}
2021-10-03 10:20:07 :: ----------result data payment:38612------------
2021-10-03 10:20:07 :: {"id":"40148","date":"2021-10-03","number":"38403","amount":"60000.0000000000","observations":null,"anotation":null,"type":"in","paymentMethod":"","status":"open","bankAccount":{"id":"2","name":"PAYU","type":"bank"},"client":{"id":"29951","name":"Angelica Johana Naranjo Soler","phone":"3138506337"},"invoices":[{"id":"38612","number":"40873","date":"2021-10-03","amount":60000,"total":60000,"balance":0}],"costCenter":null,"numberTemplate":{"id":"3","prefix":"","number":"38403","fullNumber":"38403","formattedNumber":"38403"}}
2021-10-03 11:47:07 :: ----------send data payment:38613------------
2021-10-03 11:47:07 :: {"date":"2021-10-03","invoices":[{"amount":"26000","id":"38613"}],"bankAccount":2}
2021-10-03 11:47:09 :: ----------result data payment:38613------------
2021-10-03 11:47:09 :: {"id":"40149","date":"2021-10-03","number":"38404","amount":"26000.0000000000","observations":null,"anotation":null,"type":"in","paymentMethod":"","status":"open","bankAccount":{"id":"2","name":"PAYU","type":"bank"},"client":{"id":"29952","name":"Mariana","phone":"3167520754"},"invoices":[{"id":"38613","number":"40874","date":"2021-10-03","amount":26000,"total":26000,"balance":0}],"costCenter":null,"numberTemplate":{"id":"3","prefix":"","number":"38404","fullNumber":"38404","formattedNumber":"38404"}}
2021-10-03 12:12:07 :: ----------send data payment:38614------------
2021-10-03 12:12:07 :: {"date":"2021-10-03","invoices":[{"amount":"64000","id":"38614"}],"bankAccount":2}
2021-10-03 12:12:08 :: ----------result data payment:38614------------
2021-10-03 12:12:08 :: {"id":"40150","date":"2021-10-03","number":"38405","amount":"64000.0000000000","observations":null,"anotation":null,"type":"in","paymentMethod":"","status":"open","bankAccount":{"id":"2","name":"PAYU","type":"bank"},"client":{"id":"29953","name":"Buitrago Mart\u00ednez Diana Carolina","phone":"3138274622"},"invoices":[{"id":"38614","number":"40875","date":"2021-10-03","amount":64000,"total":64000,"balance":0}],"costCenter":null,"numberTemplate":{"id":"3","prefix":"","number":"38405","fullNumber":"38405","formattedNumber":"38405"}}
2021-10-03 12:30:15 :: ----------send data payment:38615------------
2021-10-03 12:30:15 :: {"date":"2021-10-03","invoices":[{"amount":"238000","id":"38615"}],"bankAccount":2}
2021-10-03 12:30:17 :: ----------result data payment:38615------------
2021-10-03 12:30:17 :: {"id":"40151","date":"2021-10-03","number":"38406","amount":"238000.0000000000","observations":null,"anotation":null,"type":"in","paymentMethod":"","status":"open","bankAccount":{"id":"2","name":"PAYU","type":"bank"},"client":{"id":"27538","name":"Rosemary Tatiana Fajardo Cabanzo","phone":"3108008655"},"invoices":[{"id":"38615","number":"40876","date":"2021-10-03","amount":238000,"total":238000,"balance":0}],"costCenter":null,"numberTemplate":{"id":"3","prefix":"","number":"38406","fullNumber":"38406","formattedNumber":"38406"}}
2021-10-03 12:33:07 :: ----------send data payment:38616------------
2021-10-03 12:33:07 :: {"date":"2021-10-03","invoices":[{"amount":"70000","id":"38616"}],"bankAccount":2}
2021-10-03 12:33:08 :: ----------result data payment:38616------------
2021-10-03 12:33:08 :: {"id":"40152","date":"2021-10-03","number":"38407","amount":"70000.0000000000","observations":null,"anotation":null,"type":"in","paymentMethod":"","status":"open","bankAccount":{"id":"2","name":"PAYU","type":"bank"},"client":{"id":"29954","name":"Isabel Zabala Torres","phone":"3128187679"},"invoices":[{"id":"38616","number":"40877","date":"2021-10-03","amount":70000,"total":70000,"balance":0}],"costCenter":null,"numberTemplate":{"id":"3","prefix":"","number":"38407","fullNumber":"38407","formattedNumber":"38407"}}
2021-10-03 12:47:07 :: ----------send data payment:38617------------
2021-10-03 12:47:07 :: {"date":"2021-10-03","invoices":[{"amount":"40000","id":"38617"}],"bankAccount":2}
2021-10-03 12:47:09 :: ----------result data payment:38617------------
2021-10-03 12:47:09 :: {"id":"40153","date":"2021-10-03","number":"38408","amount":"40000.0000000000","observations":null,"anotation":null,"type":"in","paymentMethod":"","status":"open","bankAccount":{"id":"2","name":"PAYU","type":"bank"},"client":{"id":"29955","name":"Adriana Higuita","phone":"3107797083"},"invoices":[{"id":"38617","number":"40878","date":"2021-10-03","amount":40000,"total":40000,"balance":0}],"costCenter":null,"numberTemplate":{"id":"3","prefix":"","number":"38408","fullNumber":"38408","formattedNumber":"38408"}}
2021-10-03 12:51:11 :: ----------send data payment:38618------------
2021-10-03 12:51:11 :: {"date":"2021-10-03","invoices":[{"amount":"70000","id":"38618"}],"bankAccount":2}
2021-10-03 12:51:12 :: ----------result data payment:38618------------
2021-10-03 12:51:12 :: {"id":"40154","date":"2021-10-03","number":"38409","amount":"70000.0000000000","observations":null,"anotation":null,"type":"in","paymentMethod":"","status":"open","bankAccount":{"id":"2","name":"PAYU","type":"bank"},"client":{"id":"29956","name":"Tatiana Campagnoli","phone":"3024625477"},"invoices":[{"id":"38618","number":"40879","date":"2021-10-03","amount":70000,"total":70000,"balance":0}],"costCenter":null,"numberTemplate":{"id":"3","prefix":"","number":"38409","fullNumber":"38409","formattedNumber":"38409"}}
2021-10-03 12:59:05 :: ----------send data payment:38619------------
2021-10-03 12:59:05 :: {"date":"2021-10-03","invoices":[{"amount":"75000","id":"38619"}],"bankAccount":2}
2021-10-03 12:59:06 :: ----------result data payment:38619------------
2021-10-03 12:59:06 :: {"id":"40155","date":"2021-10-03","number":"38410","amount":"75000.0000000000","observations":null,"anotation":null,"type":"in","paymentMethod":"","status":"open","bankAccount":{"id":"2","name":"PAYU","type":"bank"},"client":{"id":"29957","name":"Sofia Lucas","phone":"3118301030"},"invoices":[{"id":"38619","number":"40880","date":"2021-10-03","amount":75000,"total":75000,"balance":0}],"costCenter":null,"numberTemplate":{"id":"3","prefix":"","number":"38410","fullNumber":"38410","formattedNumber":"38410"}}
2021-10-03 01:33:10 :: ----------send data payment:38620------------
2021-10-03 01:33:10 :: {"date":"2021-10-03","invoices":[{"amount":"257996","id":"38620"}],"bankAccount":2}
2021-10-03 01:33:12 :: ----------result data payment:38620------------
2021-10-03 01:33:12 :: {"id":"40156","date":"2021-10-03","number":"38411","amount":"257996.0000000000","observations":null,"anotation":null,"type":"in","paymentMethod":"","status":"open","bankAccount":{"id":"2","name":"PAYU","type":"bank"},"client":{"id":"29958","name":"Vero Arenas","phone":"6045037572"},"invoices":[{"id":"38620","number":"40881","date":"2021-10-03","amount":257996,"total":257996,"balance":0}],"costCenter":null,"numberTemplate":{"id":"3","prefix":"","number":"38411","fullNumber":"38411","formattedNumber":"38411"}}
2021-10-03 02:28:05 :: ----------send data payment:38621------------
2021-10-03 02:28:05 :: {"date":"2021-10-03","invoices":[{"amount":"60000","id":"38621"}],"bankAccount":2}
2021-10-03 02:28:06 :: ----------result data payment:38621------------
2021-10-03 02:28:06 :: {"id":"40157","date":"2021-10-03","number":"38412","amount":"60000.0000000000","observations":null,"anotation":null,"type":"in","paymentMethod":"","status":"open","bankAccount":{"id":"2","name":"PAYU","type":"bank"},"client":{"id":"29959","name":"Juliana Cortes Hernandez","phone":"3046610352"},"invoices":[{"id":"38621","number":"40882","date":"2021-10-03","amount":60000,"total":60000,"balance":0}],"costCenter":null,"numberTemplate":{"id":"3","prefix":"","number":"38412","fullNumber":"38412","formattedNumber":"38412"}}
2021-10-03 02:43:05 :: ----------send data payment:38622------------
2021-10-03 02:43:05 :: {"date":"2021-10-03","invoices":[{"amount":"56999","id":"38622"}],"bankAccount":2}
2021-10-03 02:43:07 :: ----------result data payment:38622------------
2021-10-03 02:43:07 :: {"id":"40158","date":"2021-10-03","number":"38413","amount":"56999.0000000000","observations":null,"anotation":null,"type":"in","paymentMethod":"","status":"open","bankAccount":{"id":"2","name":"PAYU","type":"bank"},"client":{"id":"29960","name":"Angie Carolina","phone":"3163969456"},"invoices":[{"id":"38622","number":"40883","date":"2021-10-03","amount":56999,"total":56999,"balance":0}],"costCenter":null,"numberTemplate":{"id":"3","prefix":"","number":"38413","fullNumber":"38413","formattedNumber":"38413"}}
2021-10-03 03:03:05 :: ----------send data payment:38623------------
2021-10-03 03:03:05 :: {"date":"2021-10-03","invoices":[{"amount":"170000","id":"38623"}],"bankAccount":2}
2021-10-03 03:03:06 :: ----------result data payment:38623------------
2021-10-03 03:03:06 :: {"id":"40159","date":"2021-10-03","number":"38414","amount":"170000.0000000000","observations":null,"anotation":null,"type":"in","paymentMethod":"","status":"open","bankAccount":{"id":"2","name":"PAYU","type":"bank"},"client":{"id":"29961","name":"Manuel Felipe Calero","phone":"3042641135"},"invoices":[{"id":"38623","number":"40884","date":"2021-10-03","amount":170000,"total":170000,"balance":0}],"costCenter":null,"numberTemplate":{"id":"3","prefix":"","number":"38414","fullNumber":"38414","formattedNumber":"38414"}}
2021-10-03 03:07:10 :: ----------send data payment:38624------------
2021-10-03 03:07:10 :: {"date":"2021-10-03","invoices":[{"amount":"42000","id":"38624"}],"bankAccount":2}
2021-10-03 03:07:11 :: ----------result data payment:38624------------
2021-10-03 03:07:11 :: {"id":"40160","date":"2021-10-03","number":"38415","amount":"42000.0000000000","observations":null,"anotation":null,"type":"in","paymentMethod":"","status":"open","bankAccount":{"id":"2","name":"PAYU","type":"bank"},"client":{"id":"29962","name":"milagros amor","phone":"3168260129"},"invoices":[{"id":"38624","number":"40885","date":"2021-10-03","amount":42000,"total":42000,"balance":0}],"costCenter":null,"numberTemplate":{"id":"3","prefix":"","number":"38415","fullNumber":"38415","formattedNumber":"38415"}}
2021-10-03 03:41:11 :: ----------send data payment:38625------------
2021-10-03 03:41:11 :: {"date":"2021-10-03","invoices":[{"amount":"66000","id":"38625"}],"bankAccount":2}
2021-10-03 03:41:12 :: ----------result data payment:38625------------
2021-10-03 03:41:12 :: {"id":"40161","date":"2021-10-03","number":"38416","amount":"66000.0000000000","observations":null,"anotation":null,"type":"in","paymentMethod":"","status":"open","bankAccount":{"id":"2","name":"PAYU","type":"bank"},"client":{"id":"29963","name":"Marysol Gutierrez","phone":"3155704823"},"invoices":[{"id":"38625","number":"40886","date":"2021-10-03","amount":66000,"total":66000,"balance":0}],"costCenter":null,"numberTemplate":{"id":"3","prefix":"","number":"38416","fullNumber":"38416","formattedNumber":"38416"}}
2021-10-03 03:53:05 :: ----------send data payment:38626------------
2021-10-03 03:53:05 :: {"date":"2021-10-03","invoices":[{"amount":"60000","id":"38626"}],"bankAccount":2}
2021-10-03 03:53:07 :: ----------result data payment:38626------------
2021-10-03 03:53:07 :: {"id":"40162","date":"2021-10-03","number":"38417","amount":"60000.0000000000","observations":null,"anotation":null,"type":"in","paymentMethod":"","status":"open","bankAccount":{"id":"2","name":"PAYU","type":"bank"},"client":{"id":"29964","name":"Erika -","phone":"214199034"},"invoices":[{"id":"38626","number":"40887","date":"2021-10-03","amount":60000,"total":60000,"balance":0}],"costCenter":null,"numberTemplate":{"id":"3","prefix":"","number":"38417","fullNumber":"38417","formattedNumber":"38417"}}
2021-10-03 03:59:08 :: ----------send data payment:38627------------
2021-10-03 03:59:08 :: {"date":"2021-10-03","invoices":[{"amount":"90000","id":"38627"}],"bankAccount":2}
2021-10-03 03:59:10 :: ----------result data payment:38627------------
2021-10-03 03:59:10 :: {"id":"40163","date":"2021-10-03","number":"38418","amount":"90000.0000000000","observations":null,"anotation":null,"type":"in","paymentMethod":"","status":"open","bankAccount":{"id":"2","name":"PAYU","type":"bank"},"client":{"id":"29965","name":"Yessica Benavides Benavides","phone":"3186056772"},"invoices":[{"id":"38627","number":"40888","date":"2021-10-03","amount":90000,"total":90000,"balance":0}],"costCenter":null,"numberTemplate":{"id":"3","prefix":"","number":"38418","fullNumber":"38418","formattedNumber":"38418"}}
2021-10-03 04:22:05 :: ----------send data payment:38628------------
2021-10-03 04:22:05 :: {"date":"2021-10-03","invoices":[{"amount":"70000","id":"38628"}],"bankAccount":2}
2021-10-03 04:22:06 :: ----------result data payment:38628------------
2021-10-03 04:22:06 :: {"id":"40164","date":"2021-10-03","number":"38419","amount":"70000.0000000000","observations":null,"anotation":null,"type":"in","paymentMethod":"","status":"open","bankAccount":{"id":"2","name":"PAYU","type":"bank"},"client":{"id":"29966","name":"Mar\u00eda Aponte","phone":"3213181503"},"invoices":[{"id":"38628","number":"40889","date":"2021-10-03","amount":70000,"total":70000,"balance":0}],"costCenter":null,"numberTemplate":{"id":"3","prefix":"","number":"38419","fullNumber":"38419","formattedNumber":"38419"}}
2021-10-03 05:24:05 :: ----------send data payment:38629------------
2021-10-03 05:24:05 :: {"date":"2021-10-03","invoices":[{"amount":"60000","id":"38629"}],"bankAccount":2}
2021-10-03 05:24:07 :: ----------result data payment:38629------------
2021-10-03 05:24:07 :: {"id":"40165","date":"2021-10-03","number":"38420","amount":"60000.0000000000","observations":null,"anotation":null,"type":"in","paymentMethod":"","status":"open","bankAccount":{"id":"2","name":"PAYU","type":"bank"},"client":{"id":"29967","name":"kabc89","phone":"3172315363"},"invoices":[{"id":"38629","number":"40890","date":"2021-10-03","amount":60000,"total":60000,"balance":0}],"costCenter":null,"numberTemplate":{"id":"3","prefix":"","number":"38420","fullNumber":"38420","formattedNumber":"38420"}}
2021-10-03 05:30:11 :: ----------send data payment:38630------------
2021-10-03 05:30:11 :: {"date":"2021-10-03","invoices":[{"amount":"50000","id":"38630"}],"bankAccount":2}
2021-10-03 05:30:12 :: ----------result data payment:38630------------
2021-10-03 05:30:12 :: {"id":"40166","date":"2021-10-03","number":"38421","amount":"50000.0000000000","observations":null,"anotation":null,"type":"in","paymentMethod":"","status":"open","bankAccount":{"id":"2","name":"PAYU","type":"bank"},"client":{"id":"2925","name":"diana.poveda","phone":"+573507103607"},"invoices":[{"id":"38630","number":"40891","date":"2021-10-03","amount":50000,"total":50000,"balance":0}],"costCenter":null,"numberTemplate":{"id":"3","prefix":"","number":"38421","fullNumber":"38421","formattedNumber":"38421"}}
2021-10-03 05:36:11 :: ----------send data payment:38631------------
2021-10-03 05:36:11 :: {"date":"2021-10-03","invoices":[{"amount":"26501","id":"38631"}],"bankAccount":2}
2021-10-03 05:36:12 :: ----------result data payment:38631------------
2021-10-03 05:36:12 :: {"id":"40167","date":"2021-10-03","number":"38422","amount":"26501.0000000000","observations":null,"anotation":null,"type":"in","paymentMethod":"","status":"open","bankAccount":{"id":"2","name":"PAYU","type":"bank"},"client":{"id":"29968","name":"Mar\u00eda Victoria Mari\u00f1o","phone":"3156183429"},"invoices":[{"id":"38631","number":"40892","date":"2021-10-03","amount":26501,"total":26501,"balance":0}],"costCenter":null,"numberTemplate":{"id":"3","prefix":"","number":"38422","fullNumber":"38422","formattedNumber":"38422"}}
2021-10-03 06:12:05 :: ----------send data payment:38632------------
2021-10-03 06:12:05 :: {"date":"2021-10-03","invoices":[{"amount":"37000","id":"38632"}],"bankAccount":2}
2021-10-03 06:12:06 :: ----------result data payment:38632------------
2021-10-03 06:12:06 :: {"id":"40168","date":"2021-10-03","number":"38423","amount":"37000.0000000000","observations":null,"anotation":null,"type":"in","paymentMethod":"","status":"open","bankAccount":{"id":"2","name":"PAYU","type":"bank"},"client":{"id":"29969","name":"vane2002.vb","phone":"3042177792"},"invoices":[{"id":"38632","number":"40893","date":"2021-10-03","amount":37000,"total":37000,"balance":0}],"costCenter":null,"numberTemplate":{"id":"3","prefix":"","number":"38423","fullNumber":"38423","formattedNumber":"38423"}}
2021-10-03 06:33:07 :: ----------send data payment:38633------------
2021-10-03 06:33:07 :: {"date":"2021-10-03","invoices":[{"amount":"51000","id":"38633"}],"bankAccount":2}
2021-10-03 06:33:08 :: ----------result data payment:38633------------
2021-10-03 06:33:08 :: {"id":"40169","date":"2021-10-03","number":"38424","amount":"51000.0000000000","observations":null,"anotation":null,"type":"in","paymentMethod":"","status":"open","bankAccount":{"id":"2","name":"PAYU","type":"bank"},"client":{"id":"29970","name":"Valentina Mora","phone":"3226559583"},"invoices":[{"id":"38633","number":"40894","date":"2021-10-03","amount":51000,"total":51000,"balance":0}],"costCenter":null,"numberTemplate":{"id":"3","prefix":"","number":"38424","fullNumber":"38424","formattedNumber":"38424"}}
2021-10-03 07:30:06 :: ----------send data payment:38634------------
2021-10-03 07:30:06 :: {"date":"2021-10-03","invoices":[{"amount":"80001","id":"38634"}],"bankAccount":2}
2021-10-03 07:30:08 :: ----------result data payment:38634------------
2021-10-03 07:30:08 :: {"id":"40170","date":"2021-10-03","number":"38425","amount":"80001.0000000000","observations":null,"anotation":null,"type":"in","paymentMethod":"","status":"open","bankAccount":{"id":"2","name":"PAYU","type":"bank"},"client":{"id":"13694","name":"rocio gomez","phone":"3004659256"},"invoices":[{"id":"38634","number":"40895","date":"2021-10-03","amount":80001,"total":80001,"balance":0}],"costCenter":null,"numberTemplate":{"id":"3","prefix":"","number":"38425","fullNumber":"38425","formattedNumber":"38425"}}
2021-10-03 07:47:04 :: ----------send data payment:38635------------
2021-10-03 07:47:04 :: {"date":"2021-10-03","invoices":[{"amount":"154500","id":"38635"}],"bankAccount":2}
2021-10-03 07:47:06 :: ----------result data payment:38635------------
2021-10-03 07:47:06 :: {"id":"40171","date":"2021-10-03","number":"38426","amount":"154500.0000000000","observations":null,"anotation":null,"type":"in","paymentMethod":"","status":"open","bankAccount":{"id":"2","name":"PAYU","type":"bank"},"client":{"id":"23223","name":"Kezia Hernandez","phone":"3015538614"},"invoices":[{"id":"38635","number":"40896","date":"2021-10-03","amount":154500,"total":154500,"balance":0}],"costCenter":null,"numberTemplate":{"id":"3","prefix":"","number":"38426","fullNumber":"38426","formattedNumber":"38426"}}
2021-10-03 08:02:05 :: ----------send data payment:38636------------
2021-10-03 08:02:05 :: {"date":"2021-10-03","invoices":[{"amount":"55000","id":"38636"}],"bankAccount":2}
2021-10-03 08:02:12 :: ----------result data payment:38636------------
2021-10-03 08:02:12 :: {"id":"40172","date":"2021-10-03","number":"38427","amount":"55000.0000000000","observations":null,"anotation":null,"type":"in","paymentMethod":"","status":"open","bankAccount":{"id":"2","name":"PAYU","type":"bank"},"client":{"id":"29971","name":"Camila Castro","phone":"3184489680"},"invoices":[{"id":"38636","number":"40897","date":"2021-10-03","amount":55000,"total":55000,"balance":0}],"costCenter":null,"numberTemplate":{"id":"3","prefix":"","number":"38427","fullNumber":"38427","formattedNumber":"38427"}}
2021-10-03 08:24:05 :: ----------send data payment:38637------------
2021-10-03 08:24:05 :: {"date":"2021-10-03","invoices":[{"amount":"98400","id":"38637"}],"bankAccount":2}
2021-10-03 08:24:06 :: ----------result data payment:38637------------
2021-10-03 08:24:06 :: {"id":"40173","date":"2021-10-03","number":"38428","amount":"98400.0000000000","observations":null,"anotation":null,"type":"in","paymentMethod":"","status":"open","bankAccount":{"id":"2","name":"PAYU","type":"bank"},"client":{"id":"29972","name":"MyLa Pe\u00f1uela","phone":"3142493781"},"invoices":[{"id":"38637","number":"40898","date":"2021-10-03","amount":98400,"total":98400,"balance":0}],"costCenter":null,"numberTemplate":{"id":"3","prefix":"","number":"38428","fullNumber":"38428","formattedNumber":"38428"}}
2021-10-03 08:36:12 :: ----------send data payment:38638------------
2021-10-03 08:36:12 :: {"date":"2021-10-03","invoices":[{"amount":"61501","id":"38638"}],"bankAccount":2}
2021-10-03 08:36:13 :: ----------result data payment:38638------------
2021-10-03 08:36:13 :: {"id":"40174","date":"2021-10-03","number":"38429","amount":"61501.0000000000","observations":null,"anotation":null,"type":"in","paymentMethod":"","status":"open","bankAccount":{"id":"2","name":"PAYU","type":"bank"},"client":{"id":"29973","name":"Juanita Gonz\u00e1lez Ruiz","phone":"3226851346"},"invoices":[{"id":"38638","number":"40899","date":"2021-10-03","amount":61501,"total":61501,"balance":0}],"costCenter":null,"numberTemplate":{"id":"3","prefix":"","number":"38429","fullNumber":"38429","formattedNumber":"38429"}}
2021-10-03 08:54:05 :: ----------send data payment:38639------------
2021-10-03 08:54:05 :: {"date":"2021-10-03","invoices":[{"amount":"129997","id":"38639"}],"bankAccount":2}
2021-10-03 08:54:07 :: ----------result data payment:38639------------
2021-10-03 08:54:07 :: {"id":"40175","date":"2021-10-03","number":"38430","amount":"129997.0000000000","observations":null,"anotation":null,"type":"in","paymentMethod":"","status":"open","bankAccount":{"id":"2","name":"PAYU","type":"bank"},"client":{"id":"29974","name":"Maye Morales","phone":"3213062379"},"invoices":[{"id":"38639","number":"40900","date":"2021-10-03","amount":129997,"total":129997,"balance":0}],"costCenter":null,"numberTemplate":{"id":"3","prefix":"","number":"38430","fullNumber":"38430","formattedNumber":"38430"}}
2021-10-03 09:30:07 :: ----------send data payment:38640------------
2021-10-03 09:30:07 :: {"date":"2021-10-03","invoices":[{"amount":"70000","id":"38640"}],"bankAccount":2}
2021-10-03 09:30:11 :: ----------result data payment:38640------------
2021-10-03 09:30:11 :: {"id":"40176","date":"2021-10-03","number":"38431","amount":"70000.0000000000","observations":null,"anotation":null,"type":"in","paymentMethod":"","status":"open","bankAccount":{"id":"2","name":"PAYU","type":"bank"},"client":{"id":"29975","name":"Elena Ben\u00edtez","phone":"3022110638"},"invoices":[{"id":"38640","number":"40901","date":"2021-10-03","amount":70000,"total":70000,"balance":0}],"costCenter":null,"numberTemplate":{"id":"3","prefix":"","number":"38431","fullNumber":"38431","formattedNumber":"38431"}}
2021-10-03 09:45:05 :: ----------send data payment:38641------------
2021-10-03 09:45:05 :: {"date":"2021-10-03","invoices":[{"amount":"165000","id":"38641"}],"bankAccount":2}
2021-10-03 09:45:07 :: ----------result data payment:38641------------
2021-10-03 09:45:07 :: {"id":"40177","date":"2021-10-03","number":"38432","amount":"165000.0000000000","observations":null,"anotation":null,"type":"in","paymentMethod":"","status":"open","bankAccount":{"id":"2","name":"PAYU","type":"bank"},"client":{"id":"29976","name":"Paula gonzalez julio","phone":"3053966453"},"invoices":[{"id":"38641","number":"40902","date":"2021-10-03","amount":165000,"total":165000,"balance":0}],"costCenter":null,"numberTemplate":{"id":"3","prefix":"","number":"38432","fullNumber":"38432","formattedNumber":"38432"}}
2021-10-03 09:51:12 :: ----------send data payment:38642------------
2021-10-03 09:51:12 :: {"date":"2021-10-03","invoices":[{"amount":"125999","id":"38642"}],"bankAccount":2}
2021-10-03 09:51:13 :: ----------result data payment:38642------------
2021-10-03 09:51:13 :: {"id":"40178","date":"2021-10-03","number":"38433","amount":"125999.0000000000","observations":null,"anotation":null,"type":"in","paymentMethod":"","status":"open","bankAccount":{"id":"2","name":"PAYU","type":"bank"},"client":{"id":"20166","name":"Lady Marian Peralta Castro","phone":"3166224528"},"invoices":[{"id":"38642","number":"40903","date":"2021-10-03","amount":125999,"total":125999,"balance":0}],"costCenter":null,"numberTemplate":{"id":"3","prefix":"","number":"38433","fullNumber":"38433","formattedNumber":"38433"}}
2021-10-03 09:55:08 :: ----------send data payment:38643------------
2021-10-03 09:55:08 :: {"date":"2021-10-03","invoices":[{"amount":"70000","id":"38643"}],"bankAccount":2}
2021-10-03 09:55:09 :: ----------result data payment:38643------------
2021-10-03 09:55:09 :: {"id":"40179","date":"2021-10-03","number":"38434","amount":"70000.0000000000","observations":null,"anotation":null,"type":"in","paymentMethod":"","status":"open","bankAccount":{"id":"2","name":"PAYU","type":"bank"},"client":{"id":"29977","name":"aleris B","phone":"3215881699"},"invoices":[{"id":"38643","number":"40904","date":"2021-10-03","amount":70000,"total":70000,"balance":0}],"costCenter":null,"numberTemplate":{"id":"3","prefix":"","number":"38434","fullNumber":"38434","formattedNumber":"38434"}}
2021-10-03 10:25:05 :: ----------send data payment:38644------------
2021-10-03 10:25:05 :: {"date":"2021-10-03","invoices":[{"amount":"30000","id":"38644"}],"bankAccount":2}
2021-10-03 10:25:06 :: ----------result data payment:38644------------
2021-10-03 10:25:06 :: {"id":"40180","date":"2021-10-03","number":"38435","amount":"30000.0000000000","observations":null,"anotation":null,"type":"in","paymentMethod":"","status":"open","bankAccount":{"id":"2","name":"PAYU","type":"bank"},"client":{"id":"29978","name":"Silvia Paredes restrepo","phone":"7531085"},"invoices":[{"id":"38644","number":"40905","date":"2021-10-03","amount":30000,"total":30000,"balance":0}],"costCenter":null,"numberTemplate":{"id":"3","prefix":"","number":"38435","fullNumber":"38435","formattedNumber":"38435"}}
2021-10-03 10:27:05 :: ----------send data payment:38645------------
2021-10-03 10:27:05 :: {"date":"2021-10-03","invoices":[{"amount":"79999","id":"38645"}],"bankAccount":2}
2021-10-03 10:27:07 :: ----------result data payment:38645------------
2021-10-03 10:27:07 :: {"id":"40181","date":"2021-10-03","number":"38436","amount":"79999.0000000000","observations":null,"anotation":null,"type":"in","paymentMethod":"","status":"open","bankAccount":{"id":"2","name":"PAYU","type":"bank"},"client":{"id":"29979","name":"Ana Gonzalez","phone":"3014225269"},"invoices":[{"id":"38645","number":"40906","date":"2021-10-03","amount":79999,"total":79999,"balance":0}],"costCenter":null,"numberTemplate":{"id":"3","prefix":"","number":"38436","fullNumber":"38436","formattedNumber":"38436"}}
2021-10-03 10:48:04 :: ----------send data payment:38646------------
2021-10-03 10:48:04 :: {"date":"2021-10-03","invoices":[{"amount":"22000","id":"38646"}],"bankAccount":2}
2021-10-03 10:48:05 :: ----------result data payment:38646------------
2021-10-03 10:48:05 :: {"id":"40182","date":"2021-10-03","number":"38437","amount":"22000.0000000000","observations":null,"anotation":null,"type":"in","paymentMethod":"","status":"open","bankAccount":{"id":"2","name":"PAYU","type":"bank"},"client":{"id":"15039","name":"Nasly L\u00f3pez","phone":"3144506394"},"invoices":[{"id":"38646","number":"40907","date":"2021-10-03","amount":22000,"total":22000,"balance":0}],"costCenter":null,"numberTemplate":{"id":"3","prefix":"","number":"38437","fullNumber":"38437","formattedNumber":"38437"}}
2021-10-03 11:00:06 :: ----------send data payment:38647------------
2021-10-03 11:00:06 :: {"date":"2021-10-03","invoices":[{"amount":"45000","id":"38647"}],"bankAccount":2}
2021-10-03 11:00:07 :: ----------result data payment:38647------------
2021-10-03 11:00:07 :: {"id":"40183","date":"2021-10-03","number":"38438","amount":"45000.0000000000","observations":null,"anotation":null,"type":"in","paymentMethod":"","status":"open","bankAccount":{"id":"2","name":"PAYU","type":"bank"},"client":{"id":"29980","name":"Carolina Diaz","phone":"3197662414"},"invoices":[{"id":"38647","number":"40908","date":"2021-10-03","amount":45000,"total":45000,"balance":0}],"costCenter":null,"numberTemplate":{"id":"3","prefix":"","number":"38438","fullNumber":"38438","formattedNumber":"38438"}}
2021-10-03 11:04:06 :: ----------send data payment:38648------------
2021-10-03 11:04:06 :: {"date":"2021-10-03","invoices":[{"amount":"40000","id":"38648"}],"bankAccount":2}
2021-10-03 11:04:07 :: ----------result data payment:38648------------
2021-10-03 11:04:07 :: {"id":"40184","date":"2021-10-03","number":"38439","amount":"40000.0000000000","observations":null,"anotation":null,"type":"in","paymentMethod":"","status":"open","bankAccount":{"id":"2","name":"PAYU","type":"bank"},"client":{"id":"29981","name":"Angela rodriguez","phone":"3143634340"},"invoices":[{"id":"38648","number":"40909","date":"2021-10-03","amount":40000,"total":40000,"balance":0}],"costCenter":null,"numberTemplate":{"id":"3","prefix":"","number":"38439","fullNumber":"38439","formattedNumber":"38439"}}
2021-10-03 11:12:07 :: ----------send data payment:38649------------
2021-10-03 11:12:07 :: {"date":"2021-10-03","invoices":[{"amount":"27000","id":"38649"}],"bankAccount":2}
2021-10-03 11:12:08 :: ----------result data payment:38649------------
2021-10-03 11:12:08 :: {"id":"40185","date":"2021-10-03","number":"38440","amount":"27000.0000000000","observations":null,"anotation":null,"type":"in","paymentMethod":"","status":"open","bankAccount":{"id":"2","name":"PAYU","type":"bank"},"client":{"id":"28693","name":"Adela Ahumada","phone":"3218198034"},"invoices":[{"id":"38649","number":"40910","date":"2021-10-03","amount":27000,"total":27000,"balance":0}],"costCenter":null,"numberTemplate":{"id":"3","prefix":"","number":"38440","fullNumber":"38440","formattedNumber":"38440"}}
2021-10-03 11:12:11 :: ----------send data payment:38650------------
2021-10-03 11:12:11 :: {"date":"2021-10-03","invoices":[{"amount":"105000","id":"38650"}],"bankAccount":2}
2021-10-03 11:12:13 :: ----------result data payment:38650------------
2021-10-03 11:12:13 :: {"id":"40186","date":"2021-10-03","number":"38441","amount":"105000.0000000000","observations":null,"anotation":null,"type":"in","paymentMethod":"","status":"open","bankAccount":{"id":"2","name":"PAYU","type":"bank"},"client":{"id":"29982","name":"Luisa G\u00f3mez","phone":"3107686580"},"invoices":[{"id":"38650","number":"40911","date":"2021-10-03","amount":105000,"total":105000,"balance":0}],"costCenter":null,"numberTemplate":{"id":"3","prefix":"","number":"38441","fullNumber":"38441","formattedNumber":"38441"}}
2021-10-03 11:47:06 :: ----------send data payment:38651------------
2021-10-03 11:47:06 :: {"date":"2021-10-03","invoices":[{"amount":"55600","id":"38651"}],"bankAccount":2}
2021-10-03 11:47:08 :: ----------result data payment:38651------------
2021-10-03 11:47:08 :: {"id":"40187","date":"2021-10-03","number":"38442","amount":"55600.0000000000","observations":null,"anotation":null,"type":"in","paymentMethod":"","status":"open","bankAccount":{"id":"2","name":"PAYU","type":"bank"},"client":{"id":"29983","name":"M\u00f3nica","phone":"3134848210"},"invoices":[{"id":"38651","number":"40912","date":"2021-10-03","amount":55600,"total":55600,"balance":0}],"costCenter":null,"numberTemplate":{"id":"3","prefix":"","number":"38442","fullNumber":"38442","formattedNumber":"38442"}}