
2021-06-05 01:30:20 :: ----------send data payment:32349------------
2021-06-05 01:30:20 :: {"date":"2021-06-05","invoices":[{"amount":"56999","id":"32349"}],"bankAccount":2}
2021-06-05 01:30:21 :: ----------result data payment:32349------------
2021-06-05 01:30:21 :: {"id":"33581","date":"2021-06-05","number":"32179","amount":"56999.0000000000","observations":null,"anotation":null,"type":"in","paymentMethod":"","status":"open","bankAccount":{"id":"2","name":"PAYU","type":"bank"},"client":{"id":"25337","name":"Adriana Rodriguez","phone":"3115542699"},"invoices":[{"id":"32349","number":"34610","date":"2021-06-05","amount":56999,"total":56999,"balance":0}],"costCenter":null,"numberTemplate":{"id":"3","prefix":"","number":"32179","fullNumber":"32179","formattedNumber":"32179"}}
2021-06-05 04:45:09 :: ----------send data payment:32350------------
2021-06-05 04:45:09 :: {"date":"2021-06-05","invoices":[{"amount":"127000","id":"32350"}],"bankAccount":2}
2021-06-05 04:45:11 :: ----------result data payment:32350------------
2021-06-05 04:45:11 :: {"id":"33582","date":"2021-06-05","number":"32180","amount":"127000.0000000000","observations":null,"anotation":null,"type":"in","paymentMethod":"","status":"open","bankAccount":{"id":"2","name":"PAYU","type":"bank"},"client":{"id":"1868","name":"Andrea L\u00f3pez","phone":"3213370750"},"invoices":[{"id":"32350","number":"34611","date":"2021-06-05","amount":127000,"total":127000,"balance":0}],"costCenter":null,"numberTemplate":{"id":"3","prefix":"","number":"32180","fullNumber":"32180","formattedNumber":"32180"}}
2021-06-05 06:30:08 :: ----------send data payment:32351------------
2021-06-05 06:30:08 :: {"date":"2021-06-05","invoices":[{"amount":"160800","id":"32351"}],"bankAccount":2}
2021-06-05 06:30:09 :: ----------result data payment:32351------------
2021-06-05 06:30:09 :: {"id":"33583","date":"2021-06-05","number":"32181","amount":"160800.0000000000","observations":null,"anotation":null,"type":"in","paymentMethod":"","status":"open","bankAccount":{"id":"2","name":"PAYU","type":"bank"},"client":{"id":"23197","name":"Lorena Villegas","phone":"3205599372"},"invoices":[{"id":"32351","number":"34612","date":"2021-06-05","amount":160800,"total":160800,"balance":0}],"costCenter":null,"numberTemplate":{"id":"3","prefix":"","number":"32181","fullNumber":"32181","formattedNumber":"32181"}}
2021-06-05 08:05:15 :: ----------send data payment:32352------------
2021-06-05 08:05:15 :: {"date":"2021-06-05","invoices":[{"amount":"39600","id":"32352"}],"bankAccount":2}
2021-06-05 08:05:16 :: ----------result data payment:32352------------
2021-06-05 08:05:16 :: {"id":"33584","date":"2021-06-05","number":"32182","amount":"39600.0000000000","observations":null,"anotation":null,"type":"in","paymentMethod":"","status":"open","bankAccount":{"id":"2","name":"PAYU","type":"bank"},"client":{"id":"25338","name":"Zuleny Enriquez","phone":"3208932626"},"invoices":[{"id":"32352","number":"34613","date":"2021-06-05","amount":39600,"total":39600,"balance":0}],"costCenter":null,"numberTemplate":{"id":"3","prefix":"","number":"32182","fullNumber":"32182","formattedNumber":"32182"}}
2021-06-05 08:15:14 :: ----------send data payment:32353------------
2021-06-05 08:15:14 :: {"date":"2021-06-05","invoices":[{"amount":"100003","id":"32353"}],"bankAccount":2}
2021-06-05 08:15:16 :: ----------result data payment:32353------------
2021-06-05 08:15:16 :: {"id":"33585","date":"2021-06-05","number":"32183","amount":"100003.0000000000","observations":null,"anotation":null,"type":"in","paymentMethod":"","status":"open","bankAccount":{"id":"2","name":"PAYU","type":"bank"},"client":{"id":"18950","name":"Patricia Uribe","phone":"3182948499"},"invoices":[{"id":"32353","number":"34614","date":"2021-06-05","amount":100003,"total":100003,"balance":0}],"costCenter":null,"numberTemplate":{"id":"3","prefix":"","number":"32183","fullNumber":"32183","formattedNumber":"32183"}}
2021-06-05 08:25:12 :: ----------send data payment:32354------------
2021-06-05 08:25:12 :: {"date":"2021-06-05","invoices":[{"amount":"94999","id":"32354"}],"bankAccount":2}
2021-06-05 08:25:14 :: ----------result data payment:32354------------
2021-06-05 08:25:14 :: {"id":"33586","date":"2021-06-05","number":"32184","amount":"94999.0000000000","observations":null,"anotation":null,"type":"in","paymentMethod":"","status":"open","bankAccount":{"id":"2","name":"PAYU","type":"bank"},"client":{"id":"1153","name":"Lina marcela monta\u00f1o Morales","phone":"3186997476"},"invoices":[{"id":"32354","number":"34615","date":"2021-06-05","amount":94999,"total":94999,"balance":0}],"costCenter":null,"numberTemplate":{"id":"3","prefix":"","number":"32184","fullNumber":"32184","formattedNumber":"32184"}}
2021-06-05 09:20:08 :: ----------send data payment:32355------------
2021-06-05 09:20:08 :: {"date":"2021-06-05","invoices":[{"amount":"40002","id":"32355"}],"bankAccount":2}
2021-06-05 09:20:09 :: ----------result data payment:32355------------
2021-06-05 09:20:09 :: {"id":"33587","date":"2021-06-05","number":"32185","amount":"40002.0000000000","observations":null,"anotation":null,"type":"in","paymentMethod":"","status":"open","bankAccount":{"id":"2","name":"PAYU","type":"bank"},"client":{"id":"25339","name":"Deysi Quintero","phone":"3008212071"},"invoices":[{"id":"32355","number":"34616","date":"2021-06-05","amount":40002,"total":40002,"balance":0}],"costCenter":null,"numberTemplate":{"id":"3","prefix":"","number":"32185","fullNumber":"32185","formattedNumber":"32185"}}
2021-06-05 09:40:08 :: ----------send data payment:32356------------
2021-06-05 09:40:08 :: {"date":"2021-06-05","invoices":[{"amount":"67600","id":"32356"}],"bankAccount":2}
2021-06-05 09:40:09 :: ----------result data payment:32356------------
2021-06-05 09:40:09 :: {"id":"33588","date":"2021-06-05","number":"32186","amount":"67600.0000000000","observations":null,"anotation":null,"type":"in","paymentMethod":"","status":"open","bankAccount":{"id":"2","name":"PAYU","type":"bank"},"client":{"id":"25340","name":"Ana Maria Hurtado Vargas","phone":"3115326387"},"invoices":[{"id":"32356","number":"34617","date":"2021-06-05","amount":67600,"total":67600,"balance":0}],"costCenter":null,"numberTemplate":{"id":"3","prefix":"","number":"32186","fullNumber":"32186","formattedNumber":"32186"}}
2021-06-05 10:00:07 :: ----------send data payment:32357------------
2021-06-05 10:00:07 :: {"date":"2021-06-05","invoices":[{"amount":"78599","id":"32357"}],"bankAccount":2}
2021-06-05 10:00:09 :: ----------result data payment:32357------------
2021-06-05 10:00:09 :: {"id":"33589","date":"2021-06-05","number":"32187","amount":"78599.0000000000","observations":null,"anotation":null,"type":"in","paymentMethod":"","status":"open","bankAccount":{"id":"2","name":"PAYU","type":"bank"},"client":{"id":"10111","name":"Paola villa","phone":"+573104164113"},"invoices":[{"id":"32357","number":"34618","date":"2021-06-05","amount":78599,"total":78599,"balance":0}],"costCenter":null,"numberTemplate":{"id":"3","prefix":"","number":"32187","fullNumber":"32187","formattedNumber":"32187"}}
2021-06-05 10:15:20 :: ----------send data payment:32358------------
2021-06-05 10:15:20 :: {"date":"2021-06-05","invoices":[{"amount":"64600","id":"32358"}],"bankAccount":2}
2021-06-05 10:15:22 :: ----------result data payment:32358------------
2021-06-05 10:15:22 :: {"id":"33590","date":"2021-06-05","number":"32188","amount":"64600.0000000000","observations":null,"anotation":null,"type":"in","paymentMethod":"","status":"open","bankAccount":{"id":"2","name":"PAYU","type":"bank"},"client":{"id":"25341","name":"Carolina tamayo","phone":"3117910173"},"invoices":[{"id":"32358","number":"34619","date":"2021-06-05","amount":64600,"total":64600,"balance":0}],"costCenter":null,"numberTemplate":{"id":"3","prefix":"","number":"32188","fullNumber":"32188","formattedNumber":"32188"}}
2021-06-05 10:20:08 :: ----------send data payment:32359------------
2021-06-05 10:20:08 :: {"date":"2021-06-05","invoices":[{"amount":"45000","id":"32359"}],"bankAccount":2}
2021-06-05 10:20:10 :: ----------result data payment:32359------------
2021-06-05 10:20:10 :: {"id":"33591","date":"2021-06-05","number":"32189","amount":"45000.0000000000","observations":null,"anotation":null,"type":"in","paymentMethod":"","status":"open","bankAccount":{"id":"2","name":"PAYU","type":"bank"},"client":{"id":"25342","name":"Valentina larrea silva","phone":"3107987775"},"invoices":[{"id":"32359","number":"34620","date":"2021-06-05","amount":45000,"total":45000,"balance":0}],"costCenter":null,"numberTemplate":{"id":"3","prefix":"","number":"32189","fullNumber":"32189","formattedNumber":"32189"}}
2021-06-05 10:35:12 :: ----------send data payment:32360------------
2021-06-05 10:35:12 :: {"date":"2021-06-05","invoices":[{"amount":"91100","id":"32360"}],"bankAccount":2}
2021-06-05 10:35:14 :: ----------result data payment:32360------------
2021-06-05 10:35:14 :: {"id":"33592","date":"2021-06-05","number":"32190","amount":"91100.0000000000","observations":null,"anotation":null,"type":"in","paymentMethod":"","status":"open","bankAccount":{"id":"2","name":"PAYU","type":"bank"},"client":{"id":"6574","name":"Kelly Yuliana Rojas","phone":"3128066851"},"invoices":[{"id":"32360","number":"34621","date":"2021-06-05","amount":91100,"total":91100,"balance":0}],"costCenter":null,"numberTemplate":{"id":"3","prefix":"","number":"32190","fullNumber":"32190","formattedNumber":"32190"}}
2021-06-05 10:50:07 :: ----------send data payment:32361------------
2021-06-05 10:50:07 :: {"date":"2021-06-05","invoices":[{"amount":"27500","id":"32361"}],"bankAccount":2}
2021-06-05 10:50:09 :: ----------result data payment:32361------------
2021-06-05 10:50:09 :: {"id":"33593","date":"2021-06-05","number":"32191","amount":"27500.0000000000","observations":null,"anotation":null,"type":"in","paymentMethod":"","status":"open","bankAccount":{"id":"2","name":"PAYU","type":"bank"},"client":{"id":"20882","name":"Valeria Montes Reales","phone":"3137495442"},"invoices":[{"id":"32361","number":"34622","date":"2021-06-05","amount":27500,"total":27500,"balance":0}],"costCenter":null,"numberTemplate":{"id":"3","prefix":"","number":"32191","fullNumber":"32191","formattedNumber":"32191"}}
2021-06-05 11:25:14 :: ----------send data payment:32362------------
2021-06-05 11:25:14 :: {"date":"2021-06-05","invoices":[{"amount":"92501","id":"32362"}],"bankAccount":2}
2021-06-05 11:25:15 :: ----------result data payment:32362------------
2021-06-05 11:25:15 :: {"id":"33594","date":"2021-06-05","number":"32192","amount":"92501.0000000000","observations":null,"anotation":null,"type":"in","paymentMethod":"","status":"open","bankAccount":{"id":"2","name":"PAYU","type":"bank"},"client":{"id":"25343","name":"Luz Mileidy D\u00edaz Gomez","phone":"3005303935"},"invoices":[{"id":"32362","number":"34623","date":"2021-06-05","amount":92501,"total":92501,"balance":0}],"costCenter":null,"numberTemplate":{"id":"3","prefix":"","number":"32192","fullNumber":"32192","formattedNumber":"32192"}}
2021-06-05 12:30:07 :: ----------send data payment:32363------------
2021-06-05 12:30:07 :: {"date":"2021-06-05","invoices":[{"amount":"60000","id":"32363"}],"bankAccount":2}
2021-06-05 12:30:09 :: ----------result data payment:32363------------
2021-06-05 12:30:09 :: {"id":"33597","date":"2021-06-05","number":"32193","amount":"60000.0000000000","observations":null,"anotation":null,"type":"in","paymentMethod":"","status":"open","bankAccount":{"id":"2","name":"PAYU","type":"bank"},"client":{"id":"25344","name":"Lorena Tuta","phone":"3186890463"},"invoices":[{"id":"32363","number":"34624","date":"2021-06-05","amount":60000,"total":60000,"balance":0}],"costCenter":null,"numberTemplate":{"id":"3","prefix":"","number":"32193","fullNumber":"32193","formattedNumber":"32193"}}
2021-06-05 12:35:14 :: ----------send data payment:32364------------
2021-06-05 12:35:14 :: {"date":"2021-06-05","invoices":[{"amount":"69500","id":"32364"}],"bankAccount":2}
2021-06-05 12:35:15 :: ----------result data payment:32364------------
2021-06-05 12:35:15 :: {"id":"33598","date":"2021-06-05","number":"32194","amount":"69500.0000000000","observations":null,"anotation":null,"type":"in","paymentMethod":"","status":"open","bankAccount":{"id":"2","name":"PAYU","type":"bank"},"client":{"id":"25345","name":"KARINA ISABEL PACHECO ESTRADA","phone":"3046515504"},"invoices":[{"id":"32364","number":"34625","date":"2021-06-05","amount":69500,"total":69500,"balance":0}],"costCenter":null,"numberTemplate":{"id":"3","prefix":"","number":"32194","fullNumber":"32194","formattedNumber":"32194"}}
2021-06-05 12:40:08 :: ----------send data payment:32365------------
2021-06-05 12:40:08 :: {"date":"2021-06-05","invoices":[{"amount":"84600","id":"32365"}],"bankAccount":2}
2021-06-05 12:40:09 :: ----------result data payment:32365------------
2021-06-05 12:40:09 :: {"id":"33599","date":"2021-06-05","number":"30716","amount":"84600.0000000000","observations":null,"anotation":null,"type":"in","paymentMethod":"","status":"open","bankAccount":{"id":"2","name":"PAYU","type":"bank"},"client":{"id":"25346","name":"July andrea Calder\u00f3n Bojaca","phone":"3234845211"},"invoices":[{"id":"32365","number":"34626","date":"2021-06-05","amount":84600,"total":84600,"balance":0}],"costCenter":null,"numberTemplate":{"id":"3","prefix":"","number":"30716","fullNumber":"30716","formattedNumber":"30716"}}
2021-06-05 12:45:13 :: ----------send data payment:32366------------
2021-06-05 12:45:13 :: {"date":"2021-06-05","invoices":[{"amount":"38000","id":"32366"}],"bankAccount":2}
2021-06-05 12:45:15 :: ----------result data payment:32366------------
2021-06-05 12:45:15 :: {"id":"33602","date":"2021-06-05","number":"32196","amount":"38000.0000000000","observations":null,"anotation":null,"type":"in","paymentMethod":"","status":"open","bankAccount":{"id":"2","name":"PAYU","type":"bank"},"client":{"id":"25347","name":"Karen Rodr\u00edguez","phone":"3118642094"},"invoices":[{"id":"32366","number":"34627","date":"2021-06-05","amount":38000,"total":38000,"balance":0}],"costCenter":null,"numberTemplate":{"id":"3","prefix":"","number":"32196","fullNumber":"32196","formattedNumber":"32196"}}
2021-06-05 01:10:07 :: ----------send data payment:32367------------
2021-06-05 01:10:07 :: {"date":"2021-06-05","invoices":[{"amount":"69000","id":"32367"}],"bankAccount":2}
2021-06-05 01:10:09 :: ----------result data payment:32367------------
2021-06-05 01:10:09 :: {"id":"33604","date":"2021-06-05","number":"32197","amount":"69000.0000000000","observations":null,"anotation":null,"type":"in","paymentMethod":"","status":"open","bankAccount":{"id":"2","name":"PAYU","type":"bank"},"client":{"id":"25348","name":"Jhonatan Correa Molina","phone":"3196996762"},"invoices":[{"id":"32367","number":"34628","date":"2021-06-05","amount":69000,"total":69000,"balance":0}],"costCenter":null,"numberTemplate":{"id":"3","prefix":"","number":"32197","fullNumber":"32197","formattedNumber":"32197"}}
2021-06-05 01:40:09 :: ----------send data payment:32368------------
2021-06-05 01:40:09 :: {"date":"2021-06-05","invoices":[{"amount":"115001","id":"32368"}],"bankAccount":2}
2021-06-05 01:40:10 :: ----------result data payment:32368------------
2021-06-05 01:40:10 :: {"id":"33605","date":"2021-06-05","number":"32198","amount":"115001.0000000000","observations":null,"anotation":null,"type":"in","paymentMethod":"","status":"open","bankAccount":{"id":"2","name":"PAYU","type":"bank"},"client":{"id":"25349","name":"Daniela ortega","phone":"3185325360"},"invoices":[{"id":"32368","number":"34629","date":"2021-06-05","amount":115001,"total":115001,"balance":0}],"costCenter":null,"numberTemplate":{"id":"3","prefix":"","number":"32198","fullNumber":"32198","formattedNumber":"32198"}}
2021-06-05 01:40:14 :: ----------send data payment:32369------------
2021-06-05 01:40:14 :: {"date":"2021-06-05","invoices":[{"amount":"75000","id":"32369"}],"bankAccount":2}
2021-06-05 01:40:15 :: ----------result data payment:32369------------
2021-06-05 01:40:15 :: {"id":"33606","date":"2021-06-05","number":"32199","amount":"75000.0000000000","observations":null,"anotation":null,"type":"in","paymentMethod":"","status":"open","bankAccount":{"id":"2","name":"PAYU","type":"bank"},"client":{"id":"25350","name":"Johana Lorena quinchia","phone":"3177633420"},"invoices":[{"id":"32369","number":"34630","date":"2021-06-05","amount":75000,"total":75000,"balance":0}],"costCenter":null,"numberTemplate":{"id":"3","prefix":"","number":"32199","fullNumber":"32199","formattedNumber":"32199"}}
2021-06-05 01:40:18 :: ----------send data payment:32370------------
2021-06-05 01:40:18 :: {"date":"2021-06-05","invoices":[{"amount":"56000","id":"32370"}],"bankAccount":2}
2021-06-05 01:40:20 :: ----------result data payment:32370------------
2021-06-05 01:40:20 :: {"id":"33607","date":"2021-06-05","number":"32200","amount":"56000.0000000000","observations":null,"anotation":null,"type":"in","paymentMethod":"","status":"open","bankAccount":{"id":"2","name":"PAYU","type":"bank"},"client":{"id":"25350","name":"Johana Lorena quinchia","phone":"3177633420"},"invoices":[{"id":"32370","number":"34631","date":"2021-06-05","amount":56000,"total":56000,"balance":0}],"costCenter":null,"numberTemplate":{"id":"3","prefix":"","number":"32200","fullNumber":"32200","formattedNumber":"32200"}}
2021-06-05 02:05:10 :: ----------send data payment:32371------------
2021-06-05 02:05:10 :: {"date":"2021-06-05","invoices":[{"amount":"35000","id":"32371"}],"bankAccount":2}
2021-06-05 02:05:12 :: ----------result data payment:32371------------
2021-06-05 02:05:12 :: {"id":"33609","date":"2021-06-05","number":"32201","amount":"35000.0000000000","observations":null,"anotation":null,"type":"in","paymentMethod":"","status":"open","bankAccount":{"id":"2","name":"PAYU","type":"bank"},"client":{"id":"25351","name":"Lorena casta\u00f1o","phone":"3114695369"},"invoices":[{"id":"32371","number":"34632","date":"2021-06-05","amount":35000,"total":35000,"balance":0}],"costCenter":null,"numberTemplate":{"id":"3","prefix":"","number":"32201","fullNumber":"32201","formattedNumber":"32201"}}
2021-06-05 02:10:07 :: ----------send data payment:32372------------
2021-06-05 02:10:07 :: {"date":"2021-06-05","invoices":[{"amount":"125199","id":"32372"}],"bankAccount":2}
2021-06-05 02:10:09 :: ----------result data payment:32372------------
2021-06-05 02:10:09 :: {"id":"33610","date":"2021-06-05","number":"32202","amount":"125199.0000000000","observations":null,"anotation":null,"type":"in","paymentMethod":"","status":"open","bankAccount":{"id":"2","name":"PAYU","type":"bank"},"client":{"id":"25352","name":"Maira Obreg\u00f3n de la hoz","phone":"3218096193"},"invoices":[{"id":"32372","number":"34633","date":"2021-06-05","amount":125199,"total":125199,"balance":0}],"costCenter":null,"numberTemplate":{"id":"3","prefix":"","number":"32202","fullNumber":"32202","formattedNumber":"32202"}}
2021-06-05 02:25:11 :: ----------send data payment:32373------------
2021-06-05 02:25:11 :: {"date":"2021-06-05","invoices":[{"amount":"51500","id":"32373"}],"bankAccount":2}
2021-06-05 02:25:12 :: ----------result data payment:32373------------
2021-06-05 02:25:12 :: {"id":"33611","date":"2021-06-05","number":"32203","amount":"51500.0000000000","observations":null,"anotation":null,"type":"in","paymentMethod":"","status":"open","bankAccount":{"id":"2","name":"PAYU","type":"bank"},"client":{"id":"25353","name":"Diana Carolina","phone":"3104700449"},"invoices":[{"id":"32373","number":"34634","date":"2021-06-05","amount":51500,"total":51500,"balance":0}],"costCenter":null,"numberTemplate":{"id":"3","prefix":"","number":"32203","fullNumber":"32203","formattedNumber":"32203"}}
2021-06-05 02:30:08 :: ----------send data payment:32374------------
2021-06-05 02:30:08 :: {"date":"2021-06-05","invoices":[{"amount":"55500","id":"32374"}],"bankAccount":2}
2021-06-05 02:30:09 :: ----------result data payment:32374------------
2021-06-05 02:30:09 :: {"id":"33612","date":"2021-06-05","number":"32204","amount":"55500.0000000000","observations":null,"anotation":null,"type":"in","paymentMethod":"","status":"open","bankAccount":{"id":"2","name":"PAYU","type":"bank"},"client":{"id":"25354","name":"Ana Cristina Arboleda","phone":"3136263835"},"invoices":[{"id":"32374","number":"34635","date":"2021-06-05","amount":55500,"total":55500,"balance":0}],"costCenter":null,"numberTemplate":{"id":"3","prefix":"","number":"32204","fullNumber":"32204","formattedNumber":"32204"}}
2021-06-05 02:30:12 :: ----------send data payment:32375------------
2021-06-05 02:30:12 :: {"date":"2021-06-05","invoices":[{"amount":"91000","id":"32375"}],"bankAccount":2}
2021-06-05 02:30:13 :: ----------result data payment:32375------------
2021-06-05 02:30:13 :: {"id":"33613","date":"2021-06-05","number":"32205","amount":"91000.0000000000","observations":null,"anotation":null,"type":"in","paymentMethod":"","status":"open","bankAccount":{"id":"2","name":"PAYU","type":"bank"},"client":{"id":"25355","name":"marcela vargas","phone":"3148638791"},"invoices":[{"id":"32375","number":"34636","date":"2021-06-05","amount":91000,"total":91000,"balance":0}],"costCenter":null,"numberTemplate":{"id":"3","prefix":"","number":"32205","fullNumber":"32205","formattedNumber":"32205"}}
2021-06-05 03:20:07 :: ----------send data payment:32376------------
2021-06-05 03:20:07 :: {"date":"2021-06-05","invoices":[{"amount":"27500","id":"32376"}],"bankAccount":2}
2021-06-05 03:20:08 :: ----------result data payment:32376------------
2021-06-05 03:20:08 :: {"id":"33614","date":"2021-06-05","number":"32206","amount":"27500.0000000000","observations":null,"anotation":null,"type":"in","paymentMethod":"","status":"open","bankAccount":{"id":"2","name":"PAYU","type":"bank"},"client":{"id":"25356","name":"Maria Camila Apache Casta\u00f1eda","phone":"3127745747"},"invoices":[{"id":"32376","number":"34637","date":"2021-06-05","amount":27500,"total":27500,"balance":0}],"costCenter":null,"numberTemplate":{"id":"3","prefix":"","number":"32206","fullNumber":"32206","formattedNumber":"32206"}}
2021-06-05 03:45:13 :: ----------send data payment:32377------------
2021-06-05 03:45:13 :: {"date":"2021-06-05","invoices":[{"amount":"55500","id":"32377"}],"bankAccount":2}
2021-06-05 03:45:15 :: ----------result data payment:32377------------
2021-06-05 03:45:15 :: {"id":"33615","date":"2021-06-05","number":"32207","amount":"55500.0000000000","observations":null,"anotation":null,"type":"in","paymentMethod":"","status":"open","bankAccount":{"id":"2","name":"PAYU","type":"bank"},"client":{"id":"25357","name":"Gabriela Alexandra Quintero Quintero","phone":"3134835410"},"invoices":[{"id":"32377","number":"34638","date":"2021-06-05","amount":55500,"total":55500,"balance":0}],"costCenter":null,"numberTemplate":{"id":"3","prefix":"","number":"32207","fullNumber":"32207","formattedNumber":"32207"}}
2021-06-05 04:10:07 :: ----------send data payment:32378------------
2021-06-05 04:10:07 :: {"date":"2021-06-05","invoices":[{"amount":"69500","id":"32378"}],"bankAccount":2}
2021-06-05 04:10:08 :: ----------result data payment:32378------------
2021-06-05 04:10:08 :: {"id":"33616","date":"2021-06-05","number":"32208","amount":"69500.0000000000","observations":null,"anotation":null,"type":"in","paymentMethod":"","status":"open","bankAccount":{"id":"2","name":"PAYU","type":"bank"},"client":{"id":"25358","name":"Aleidy Rubiano Servera","phone":"3142518357"},"invoices":[{"id":"32378","number":"34639","date":"2021-06-05","amount":69500,"total":69500,"balance":0}],"costCenter":null,"numberTemplate":{"id":"3","prefix":"","number":"32208","fullNumber":"32208","formattedNumber":"32208"}}
2021-06-05 04:10:11 :: ----------send data payment:32379------------
2021-06-05 04:10:11 :: {"date":"2021-06-05","invoices":[{"amount":"114500","id":"32379"}],"bankAccount":2}
2021-06-05 04:10:13 :: ----------result data payment:32379------------
2021-06-05 04:10:13 :: {"id":"33617","date":"2021-06-05","number":"32209","amount":"114500.0000000000","observations":null,"anotation":null,"type":"in","paymentMethod":"","status":"open","bankAccount":{"id":"2","name":"PAYU","type":"bank"},"client":{"id":"25359","name":"Johana Guti\u00e9rrez","phone":"3007742395"},"invoices":[{"id":"32379","number":"34640","date":"2021-06-05","amount":114500,"total":114500,"balance":0}],"costCenter":null,"numberTemplate":{"id":"3","prefix":"","number":"32209","fullNumber":"32209","formattedNumber":"32209"}}
2021-06-05 04:15:09 :: ----------send data payment:32380------------
2021-06-05 04:15:09 :: {"date":"2021-06-05","invoices":[{"amount":"40000","id":"32380"}],"bankAccount":2}
2021-06-05 04:15:11 :: ----------result data payment:32380------------
2021-06-05 04:15:11 :: {"id":"33618","date":"2021-06-05","number":"32210","amount":"40000.0000000000","observations":null,"anotation":null,"type":"in","paymentMethod":"","status":"open","bankAccount":{"id":"2","name":"PAYU","type":"bank"},"client":{"id":"25360","name":"Astrid Carolina Daza Meza","phone":"3147832904"},"invoices":[{"id":"32380","number":"34641","date":"2021-06-05","amount":40000,"total":40000,"balance":0}],"costCenter":null,"numberTemplate":{"id":"3","prefix":"","number":"32210","fullNumber":"32210","formattedNumber":"32210"}}
2021-06-05 04:25:14 :: ----------send data payment:32381------------
2021-06-05 04:25:14 :: {"date":"2021-06-05","invoices":[{"amount":"82200","id":"32381"}],"bankAccount":2}
2021-06-05 04:25:15 :: ----------result data payment:32381------------
2021-06-05 04:25:15 :: {"id":"33619","date":"2021-06-05","number":"32211","amount":"82200.0000000000","observations":null,"anotation":null,"type":"in","paymentMethod":"","status":"open","bankAccount":{"id":"2","name":"PAYU","type":"bank"},"client":{"id":"25361","name":"Susan Ruiz","phone":"3203390016"},"invoices":[{"id":"32381","number":"34642","date":"2021-06-05","amount":82200,"total":82200,"balance":0}],"costCenter":null,"numberTemplate":{"id":"3","prefix":"","number":"32211","fullNumber":"32211","formattedNumber":"32211"}}
2021-06-05 05:35:15 :: ----------send data payment:32382------------
2021-06-05 05:35:15 :: {"date":"2021-06-05","invoices":[{"amount":"60000","id":"32382"}],"bankAccount":2}
2021-06-05 05:35:17 :: ----------result data payment:32382------------
2021-06-05 05:35:17 :: {"id":"33620","date":"2021-06-05","number":"32212","amount":"60000.0000000000","observations":null,"anotation":null,"type":"in","paymentMethod":"","status":"open","bankAccount":{"id":"2","name":"PAYU","type":"bank"},"client":{"id":"18173","name":"Yudy Andrea Agudelo Acosta","phone":"3012689263"},"invoices":[{"id":"32382","number":"34643","date":"2021-06-05","amount":60000,"total":60000,"balance":0}],"costCenter":null,"numberTemplate":{"id":"3","prefix":"","number":"32212","fullNumber":"32212","formattedNumber":"32212"}}
2021-06-05 05:55:13 :: ----------send data payment:32383------------
2021-06-05 05:55:13 :: {"date":"2021-06-05","invoices":[{"amount":"13000","id":"32383"}],"bankAccount":2}
2021-06-05 05:55:14 :: ----------result data payment:32383------------
2021-06-05 05:55:14 :: {"id":"33621","date":"2021-06-05","number":"32213","amount":"13000.0000000000","observations":null,"anotation":null,"type":"in","paymentMethod":"","status":"open","bankAccount":{"id":"2","name":"PAYU","type":"bank"},"client":{"id":"25362","name":"Loidamax","phone":"3157539895"},"invoices":[{"id":"32383","number":"34644","date":"2021-06-05","amount":13000,"total":13000,"balance":0}],"costCenter":null,"numberTemplate":{"id":"3","prefix":"","number":"32213","fullNumber":"32213","formattedNumber":"32213"}}
2021-06-05 06:35:15 :: ----------send data payment:32384------------
2021-06-05 06:35:15 :: {"date":"2021-06-05","invoices":[{"amount":"79500","id":"32384"}],"bankAccount":2}
2021-06-05 06:35:17 :: ----------result data payment:32384------------
2021-06-05 06:35:17 :: {"id":"33622","date":"2021-06-05","number":"32214","amount":"79500.0000000000","observations":null,"anotation":null,"type":"in","paymentMethod":"","status":"open","bankAccount":{"id":"2","name":"PAYU","type":"bank"},"client":{"id":"25363","name":"Melissa Perez","phone":"3006716517"},"invoices":[{"id":"32384","number":"34645","date":"2021-06-05","amount":79500,"total":79500,"balance":0}],"costCenter":null,"numberTemplate":{"id":"3","prefix":"","number":"32214","fullNumber":"32214","formattedNumber":"32214"}}
2021-06-05 06:45:10 :: ----------send data payment:32385------------
2021-06-05 06:45:10 :: {"date":"2021-06-05","invoices":[{"amount":"90600","id":"32385"}],"bankAccount":2}
2021-06-05 06:45:11 :: ----------result data payment:32385------------
2021-06-05 06:45:11 :: {"id":"33623","date":"2021-06-05","number":"32215","amount":"90600.0000000000","observations":null,"anotation":null,"type":"in","paymentMethod":"","status":"open","bankAccount":{"id":"2","name":"PAYU","type":"bank"},"client":{"id":"25364","name":"Andrea Ruiz","phone":"3214676041"},"invoices":[{"id":"32385","number":"34646","date":"2021-06-05","amount":90600,"total":90600,"balance":0}],"costCenter":null,"numberTemplate":{"id":"3","prefix":"","number":"32215","fullNumber":"32215","formattedNumber":"32215"}}
2021-06-05 06:50:07 :: ----------send data payment:32386------------
2021-06-05 06:50:07 :: {"date":"2021-06-05","invoices":[{"amount":"95001","id":"32386"}],"bankAccount":2}
2021-06-05 06:50:08 :: ----------result data payment:32386------------
2021-06-05 06:50:08 :: {"id":"33624","date":"2021-06-05","number":"32216","amount":"95001.0000000000","observations":null,"anotation":null,"type":"in","paymentMethod":"","status":"open","bankAccount":{"id":"2","name":"PAYU","type":"bank"},"client":{"id":"25365","name":"Carolina Vargas duque","phone":"3006744842"},"invoices":[{"id":"32386","number":"34647","date":"2021-06-05","amount":95001,"total":95001,"balance":0}],"costCenter":null,"numberTemplate":{"id":"3","prefix":"","number":"32216","fullNumber":"32216","formattedNumber":"32216"}}
2021-06-05 06:55:15 :: ----------send data payment:32387------------
2021-06-05 06:55:15 :: {"date":"2021-06-05","invoices":[{"amount":"84500","id":"32387"}],"bankAccount":2}
2021-06-05 06:55:16 :: ----------result data payment:32387------------
2021-06-05 06:55:16 :: {"id":"33625","date":"2021-06-05","number":"32217","amount":"84500.0000000000","observations":null,"anotation":null,"type":"in","paymentMethod":"","status":"open","bankAccount":{"id":"2","name":"PAYU","type":"bank"},"client":{"id":"25366","name":"Nadia Jim\u00e9nez","phone":"3186424141"},"invoices":[{"id":"32387","number":"34648","date":"2021-06-05","amount":84500,"total":84500,"balance":0}],"costCenter":null,"numberTemplate":{"id":"3","prefix":"","number":"32217","fullNumber":"32217","formattedNumber":"32217"}}
2021-06-05 08:15:09 :: ----------send data payment:32388------------
2021-06-05 08:15:09 :: {"date":"2021-06-05","invoices":[{"amount":"63500","id":"32388"}],"bankAccount":2}
2021-06-05 08:15:10 :: ----------result data payment:32388------------
2021-06-05 08:15:10 :: {"id":"33626","date":"2021-06-05","number":"32218","amount":"63500.0000000000","observations":null,"anotation":null,"type":"in","paymentMethod":"","status":"open","bankAccount":{"id":"2","name":"PAYU","type":"bank"},"client":{"id":"25367","name":"Andrea Lara Anaya","phone":"3216181118"},"invoices":[{"id":"32388","number":"34649","date":"2021-06-05","amount":63500,"total":63500,"balance":0}],"costCenter":null,"numberTemplate":{"id":"3","prefix":"","number":"32218","fullNumber":"32218","formattedNumber":"32218"}}
2021-06-05 09:45:12 :: ----------send data payment:32389------------
2021-06-05 09:45:12 :: {"date":"2021-06-05","invoices":[{"amount":"230498","id":"32389"}],"bankAccount":2}
2021-06-05 09:45:13 :: ----------result data payment:32389------------
2021-06-05 09:45:13 :: {"id":"33627","date":"2021-06-05","number":"32219","amount":"230498.0000000000","observations":null,"anotation":null,"type":"in","paymentMethod":"","status":"open","bankAccount":{"id":"2","name":"PAYU","type":"bank"},"client":{"id":"25368","name":"Melanie Hern\u00e1ndez","phone":"3008414329"},"invoices":[{"id":"32389","number":"34650","date":"2021-06-05","amount":230498,"total":230498,"balance":0}],"costCenter":null,"numberTemplate":{"id":"3","prefix":"","number":"32219","fullNumber":"32219","formattedNumber":"32219"}}
2021-06-05 10:20:09 :: ----------send data payment:32390------------
2021-06-05 10:20:09 :: {"date":"2021-06-05","invoices":[{"amount":"159000","id":"32390"}],"bankAccount":2}
2021-06-05 10:20:11 :: ----------result data payment:32390------------
2021-06-05 10:20:11 :: {"id":"33628","date":"2021-06-05","number":"32220","amount":"159000.0000000000","observations":null,"anotation":null,"type":"in","paymentMethod":"","status":"open","bankAccount":{"id":"2","name":"PAYU","type":"bank"},"client":{"id":"25369","name":"Daniela","phone":"3186318486"},"invoices":[{"id":"32390","number":"34651","date":"2021-06-05","amount":159000,"total":159000,"balance":0}],"costCenter":null,"numberTemplate":{"id":"3","prefix":"","number":"32220","fullNumber":"32220","formattedNumber":"32220"}}
2021-06-05 11:15:16 :: ----------send data payment:32391------------
2021-06-05 11:15:16 :: {"date":"2021-06-05","invoices":[{"amount":"58500","id":"32391"}],"bankAccount":2}
2021-06-05 11:15:18 :: ----------result data payment:32391------------
2021-06-05 11:15:18 :: {"id":"33629","date":"2021-06-05","number":"32221","amount":"58500.0000000000","observations":null,"anotation":null,"type":"in","paymentMethod":"","status":"open","bankAccount":{"id":"2","name":"PAYU","type":"bank"},"client":{"id":"25370","name":"Danna contreras","phone":"3505753696"},"invoices":[{"id":"32391","number":"34652","date":"2021-06-05","amount":58500,"total":58500,"balance":0}],"costCenter":null,"numberTemplate":{"id":"3","prefix":"","number":"32221","fullNumber":"32221","formattedNumber":"32221"}}
2021-06-05 11:50:10 :: ----------send data payment:32392------------
2021-06-05 11:50:10 :: {"date":"2021-06-05","invoices":[{"amount":"80500","id":"32392"}],"bankAccount":2}
2021-06-05 11:50:11 :: ----------result data payment:32392------------
2021-06-05 11:50:11 :: {"id":"33630","date":"2021-06-05","number":"32222","amount":"80500.0000000000","observations":null,"anotation":null,"type":"in","paymentMethod":"","status":"open","bankAccount":{"id":"2","name":"PAYU","type":"bank"},"client":{"id":"25371","name":"Juliana","phone":"3116570439"},"invoices":[{"id":"32392","number":"34653","date":"2021-06-05","amount":80500,"total":80500,"balance":0}],"costCenter":null,"numberTemplate":{"id":"3","prefix":"","number":"32222","fullNumber":"32222","formattedNumber":"32222"}}