
2021-03-27 12:20:32 :: ----------send data payment:29711------------
2021-03-27 12:20:32 :: {"date":"2021-03-27","invoices":[{"amount":"74000","id":"29711"}],"bankAccount":2}
2021-03-27 12:20:33 :: ----------result data payment:29711------------
2021-03-27 12:20:33 :: {"id":"30749","date":"2021-03-27","number":"29493","amount":"74000.0000000000","observations":null,"anotation":null,"type":"in","paymentMethod":"","status":"open","bankAccount":{"id":"2","name":"PAYU","type":"bank"},"client":{"id":"23582","name":"Rubith lorena Arias Barreto","phone":"3125197516"},"invoices":[{"id":"29711","number":"31972","date":"2021-03-27","amount":74000,"total":74000,"balance":0}],"costCenter":null,"numberTemplate":{"id":"3","prefix":"","number":"29493","fullNumber":"29493","formattedNumber":"29493"}}
2021-03-27 12:50:18 :: ----------send data payment:29712------------
2021-03-27 12:50:18 :: {"date":"2021-03-27","invoices":[{"amount":"230975","id":"29712"}],"bankAccount":2}
2021-03-27 12:50:19 :: ----------result data payment:29712------------
2021-03-27 12:50:19 :: {"id":"30750","date":"2021-03-27","number":"29494","amount":"230975.0000000000","observations":null,"anotation":null,"type":"in","paymentMethod":"","status":"open","bankAccount":{"id":"2","name":"PAYU","type":"bank"},"client":{"id":"23583","name":"Astrid Melissa Bedoya Orozco","phone":"3175014964"},"invoices":[{"id":"29712","number":"31973","date":"2021-03-27","amount":230975,"total":230975,"balance":0}],"costCenter":null,"numberTemplate":{"id":"3","prefix":"","number":"29494","fullNumber":"29494","formattedNumber":"29494"}}
2021-03-27 08:00:18 :: ----------send data payment:29713------------
2021-03-27 08:00:18 :: {"date":"2021-03-27","invoices":[{"amount":"95860","id":"29713"}],"bankAccount":2}
2021-03-27 08:00:20 :: ----------result data payment:29713------------
2021-03-27 08:00:20 :: {"id":"30751","date":"2021-03-27","number":"29495","amount":"95860.0000000000","observations":null,"anotation":null,"type":"in","paymentMethod":"","status":"open","bankAccount":{"id":"2","name":"PAYU","type":"bank"},"client":{"id":"23584","name":"Hilse pombo","phone":"3046599498"},"invoices":[{"id":"29713","number":"31974","date":"2021-03-27","amount":95860,"total":95860,"balance":0}],"costCenter":null,"numberTemplate":{"id":"3","prefix":"","number":"29495","fullNumber":"29495","formattedNumber":"29495"}}
2021-03-27 08:00:25 :: ----------send data payment:29714------------
2021-03-27 08:00:25 :: {"date":"2021-03-27","invoices":[{"amount":"110439","id":"29714"}],"bankAccount":2}
2021-03-27 08:00:29 :: ----------result data payment:29714------------
2021-03-27 08:00:29 :: {"id":"30752","date":"2021-03-27","number":"29496","amount":"110439.0000000000","observations":null,"anotation":null,"type":"in","paymentMethod":"","status":"open","bankAccount":{"id":"2","name":"PAYU","type":"bank"},"client":{"id":"23585","name":"Jeraldin Arango Mendez","phone":"3118629157"},"invoices":[{"id":"29714","number":"31975","date":"2021-03-27","amount":110439,"total":110439,"balance":0}],"costCenter":null,"numberTemplate":{"id":"3","prefix":"","number":"29496","fullNumber":"29496","formattedNumber":"29496"}}
2021-03-27 09:15:19 :: ----------send data payment:29715------------
2021-03-27 09:15:19 :: {"date":"2021-03-27","invoices":[{"amount":"172193","id":"29715"}],"bankAccount":2}
2021-03-27 09:15:20 :: ----------result data payment:29715------------
2021-03-27 09:15:20 :: {"id":"30753","date":"2021-03-27","number":"29497","amount":"172193.0000000000","observations":null,"anotation":null,"type":"in","paymentMethod":"","status":"open","bankAccount":{"id":"2","name":"PAYU","type":"bank"},"client":{"id":"14578","name":"Yorli Rodriguez","phone":"3104125364"},"invoices":[{"id":"29715","number":"31976","date":"2021-03-27","amount":172193,"total":172193,"balance":0}],"costCenter":null,"numberTemplate":{"id":"3","prefix":"","number":"29497","fullNumber":"29497","formattedNumber":"29497"}}
2021-03-27 09:35:17 :: ----------send data payment:29716------------
2021-03-27 09:35:17 :: {"date":"2021-03-27","invoices":[{"amount":"137883","id":"29716"}],"bankAccount":2}
2021-03-27 09:35:18 :: ----------result data payment:29716------------
2021-03-27 09:35:18 :: {"id":"30754","date":"2021-03-27","number":"29498","amount":"137883.0000000000","observations":null,"anotation":null,"type":"in","paymentMethod":"","status":"open","bankAccount":{"id":"2","name":"PAYU","type":"bank"},"client":{"id":"23587","name":"linda giral","phone":"3217776655"},"invoices":[{"id":"29716","number":"31977","date":"2021-03-27","amount":137883,"total":137883,"balance":0}],"costCenter":null,"numberTemplate":{"id":"3","prefix":"","number":"29498","fullNumber":"29498","formattedNumber":"29498"}}
2021-03-27 09:35:21 :: ----------send data payment:29717------------
2021-03-27 09:35:21 :: {"date":"2021-03-27","invoices":[{"amount":"30000","id":"29717"}],"bankAccount":2}
2021-03-27 09:35:22 :: ----------result data payment:29717------------
2021-03-27 09:35:22 :: {"id":"30755","date":"2021-03-27","number":"29499","amount":"30000.0000000000","observations":null,"anotation":null,"type":"in","paymentMethod":"","status":"open","bankAccount":{"id":"2","name":"PAYU","type":"bank"},"client":{"id":"23588","name":"Johana Camila Mu\u00f1oz Bello","phone":"3005901332"},"invoices":[{"id":"29717","number":"31978","date":"2021-03-27","amount":30000,"total":30000,"balance":0}],"costCenter":null,"numberTemplate":{"id":"3","prefix":"","number":"29499","fullNumber":"29499","formattedNumber":"29499"}}
2021-03-27 09:40:07 :: ----------send data payment:29718------------
2021-03-27 09:40:07 :: {"date":"2021-03-27","invoices":[{"amount":"50000","id":"29718"}],"bankAccount":2}
2021-03-27 09:40:09 :: ----------result data payment:29718------------
2021-03-27 09:40:09 :: {"id":"30756","date":"2021-03-27","number":"29500","amount":"50000.0000000000","observations":null,"anotation":null,"type":"in","paymentMethod":"","status":"open","bankAccount":{"id":"2","name":"PAYU","type":"bank"},"client":{"id":"15646","name":"Katherine urbi\u00f1ez","phone":"7758163"},"invoices":[{"id":"29718","number":"31979","date":"2021-03-27","amount":50000,"total":50000,"balance":0}],"costCenter":null,"numberTemplate":{"id":"3","prefix":"","number":"29500","fullNumber":"29500","formattedNumber":"29500"}}
2021-03-27 10:15:09 :: ----------send data payment:29719------------
2021-03-27 10:15:09 :: {"date":"2021-03-27","invoices":[{"amount":"119399","id":"29719"}],"bankAccount":2}
2021-03-27 10:15:10 :: ----------result data payment:29719------------
2021-03-27 10:15:10 :: {"id":"30757","date":"2021-03-27","number":"29501","amount":"119399.0000000000","observations":null,"anotation":null,"type":"in","paymentMethod":"","status":"open","bankAccount":{"id":"2","name":"PAYU","type":"bank"},"client":{"id":"23589","name":"Angie Nathalia","phone":"3116225153"},"invoices":[{"id":"29719","number":"31980","date":"2021-03-27","amount":119399,"total":119399,"balance":0}],"costCenter":null,"numberTemplate":{"id":"3","prefix":"","number":"29501","fullNumber":"29501","formattedNumber":"29501"}}
2021-03-27 10:40:30 :: ----------send data payment:29720------------
2021-03-27 10:40:30 :: {"date":"2021-03-27","invoices":[{"amount":"99151","id":"29720"}],"bankAccount":2}
2021-03-27 10:40:31 :: ----------result data payment:29720------------
2021-03-27 10:40:31 :: {"id":"30758","date":"2021-03-27","number":"29502","amount":"99151.0000000000","observations":null,"anotation":null,"type":"in","paymentMethod":"","status":"open","bankAccount":{"id":"2","name":"PAYU","type":"bank"},"client":{"id":"23590","name":"Cristina Martinez","phone":"3182586924"},"invoices":[{"id":"29720","number":"31981","date":"2021-03-27","amount":99151,"total":99151,"balance":0}],"costCenter":null,"numberTemplate":{"id":"3","prefix":"","number":"29502","fullNumber":"29502","formattedNumber":"29502"}}
2021-03-27 10:40:34 :: ----------send data payment:29721------------
2021-03-27 10:40:34 :: {"date":"2021-03-27","invoices":[{"amount":"97999","id":"29721"}],"bankAccount":2}
2021-03-27 10:40:35 :: ----------result data payment:29721------------
2021-03-27 10:40:35 :: {"id":"30759","date":"2021-03-27","number":"29503","amount":"97999.0000000000","observations":null,"anotation":null,"type":"in","paymentMethod":"","status":"open","bankAccount":{"id":"2","name":"PAYU","type":"bank"},"client":{"id":"23591","name":"Maria Jose Quiroz Barreto","phone":"3014714805"},"invoices":[{"id":"29721","number":"31982","date":"2021-03-27","amount":97999,"total":97999,"balance":0}],"costCenter":null,"numberTemplate":{"id":"3","prefix":"","number":"29503","fullNumber":"29503","formattedNumber":"29503"}}
2021-03-27 10:45:14 :: ----------send data payment:29722------------
2021-03-27 10:45:14 :: {"date":"2021-03-27","invoices":[{"amount":"84000","id":"29722"}],"bankAccount":2}
2021-03-27 10:45:20 :: ----------result data payment:29722------------
2021-03-27 10:45:20 :: {"id":"30760","date":"2021-03-27","number":"29504","amount":"84000.0000000000","observations":null,"anotation":null,"type":"in","paymentMethod":"","status":"open","bankAccount":{"id":"2","name":"PAYU","type":"bank"},"client":{"id":"19507","name":"Laura Martinez","phone":"3214964072"},"invoices":[{"id":"29722","number":"31983","date":"2021-03-27","amount":84000,"total":84000,"balance":0}],"costCenter":null,"numberTemplate":{"id":"3","prefix":"","number":"29504","fullNumber":"29504","formattedNumber":"29504"}}
2021-03-27 11:05:30 :: ----------send data payment:29723------------
2021-03-27 11:05:30 :: {"date":"2021-03-27","invoices":[{"amount":"60000","id":"29723"}],"bankAccount":2}
2021-03-27 11:05:31 :: ----------result data payment:29723------------
2021-03-27 11:05:31 :: {"id":"30761","date":"2021-03-27","number":"29505","amount":"60000.0000000000","observations":null,"anotation":null,"type":"in","paymentMethod":"","status":"open","bankAccount":{"id":"2","name":"PAYU","type":"bank"},"client":{"id":"23593","name":"Ana Maria Ocampo Moncada","phone":"3106426323"},"invoices":[{"id":"29723","number":"31984","date":"2021-03-27","amount":60000,"total":60000,"balance":0}],"costCenter":null,"numberTemplate":{"id":"3","prefix":"","number":"29505","fullNumber":"29505","formattedNumber":"29505"}}
2021-03-27 11:05:36 :: ----------send data payment:29724------------
2021-03-27 11:05:36 :: {"date":"2021-03-27","invoices":[{"amount":"96000","id":"29724"}],"bankAccount":2}
2021-03-27 11:05:37 :: ----------result data payment:29724------------
2021-03-27 11:05:37 :: {"id":"30762","date":"2021-03-27","number":"29506","amount":"96000.0000000000","observations":null,"anotation":null,"type":"in","paymentMethod":"","status":"open","bankAccount":{"id":"2","name":"PAYU","type":"bank"},"client":{"id":"23594","name":"Karon dayana castro Cogua","phone":"3203431826"},"invoices":[{"id":"29724","number":"31985","date":"2021-03-27","amount":96000,"total":96000,"balance":0}],"costCenter":null,"numberTemplate":{"id":"3","prefix":"","number":"29506","fullNumber":"29506","formattedNumber":"29506"}}
2021-03-27 11:15:14 :: ----------send data payment:29726------------
2021-03-27 11:15:14 :: {"date":"2021-03-27","invoices":[{"amount":"35000","id":"29726"}],"bankAccount":2}
2021-03-27 11:15:16 :: ----------result data payment:29726------------
2021-03-27 11:15:16 :: {"id":"30763","date":"2021-03-27","number":"29507","amount":"35000.0000000000","observations":null,"anotation":null,"type":"in","paymentMethod":"","status":"open","bankAccount":{"id":"2","name":"PAYU","type":"bank"},"client":{"id":"23595","name":"Karen Huertas","phone":"3223116699"},"invoices":[{"id":"29726","number":"31987","date":"2021-03-27","amount":35000,"total":35000,"balance":0}],"costCenter":null,"numberTemplate":{"id":"3","prefix":"","number":"29507","fullNumber":"29507","formattedNumber":"29507"}}
2021-03-27 11:15:22 :: ----------send data payment:29727------------
2021-03-27 11:15:22 :: {"date":"2021-03-27","invoices":[{"amount":"57000","id":"29727"}],"bankAccount":2}
2021-03-27 11:15:23 :: ----------result data payment:29727------------
2021-03-27 11:15:23 :: {"id":"30764","date":"2021-03-27","number":"29508","amount":"57000.0000000000","observations":null,"anotation":null,"type":"in","paymentMethod":"","status":"open","bankAccount":{"id":"2","name":"PAYU","type":"bank"},"client":{"id":"23596","name":"kathe.026","phone":"3044975744"},"invoices":[{"id":"29727","number":"31988","date":"2021-03-27","amount":57000,"total":57000,"balance":0}],"costCenter":null,"numberTemplate":{"id":"3","prefix":"","number":"29508","fullNumber":"29508","formattedNumber":"29508"}}
2021-03-27 11:20:21 :: ----------send data payment:29728------------
2021-03-27 11:20:21 :: {"date":"2021-03-27","invoices":[{"amount":"116107","id":"29728"}],"bankAccount":2}
2021-03-27 11:20:24 :: ----------result data payment:29728------------
2021-03-27 11:20:24 :: {"id":"30765","date":"2021-03-27","number":"29509","amount":"116107.0000000000","observations":null,"anotation":null,"type":"in","paymentMethod":"","status":"open","bankAccount":{"id":"2","name":"PAYU","type":"bank"},"client":{"id":"23597","name":"Janeth rocio anturi","phone":"3124774713"},"invoices":[{"id":"29728","number":"31989","date":"2021-03-27","amount":116107,"total":116107,"balance":0}],"costCenter":null,"numberTemplate":{"id":"3","prefix":"","number":"29509","fullNumber":"29509","formattedNumber":"29509"}}
2021-03-27 11:25:14 :: ----------send data payment:29729------------
2021-03-27 11:25:14 :: {"date":"2021-03-27","invoices":[{"amount":"102340","id":"29729"}],"bankAccount":2}
2021-03-27 11:25:15 :: ----------result data payment:29729------------
2021-03-27 11:25:15 :: {"id":"30766","date":"2021-03-27","number":"29510","amount":"102340.0000000000","observations":null,"anotation":null,"type":"in","paymentMethod":"","status":"open","bankAccount":{"id":"2","name":"PAYU","type":"bank"},"client":{"id":"23598","name":"Paola Martinez","phone":"3143866632"},"invoices":[{"id":"29729","number":"31990","date":"2021-03-27","amount":102340,"total":102340,"balance":0}],"costCenter":null,"numberTemplate":{"id":"3","prefix":"","number":"29510","fullNumber":"29510","formattedNumber":"29510"}}
2021-03-27 11:30:16 :: ----------send data payment:29730------------
2021-03-27 11:30:16 :: {"date":"2021-03-27","invoices":[{"amount":"214826","id":"29730"}],"bankAccount":2}
2021-03-27 11:30:18 :: ----------result data payment:29730------------
2021-03-27 11:30:18 :: {"id":"30767","date":"2021-03-27","number":"29511","amount":"214826.0000000000","observations":null,"anotation":null,"type":"in","paymentMethod":"","status":"open","bankAccount":{"id":"2","name":"PAYU","type":"bank"},"client":{"id":"11303","name":"Meiby L\u00f3pez","phone":"8070218"},"invoices":[{"id":"29730","number":"31991","date":"2021-03-27","amount":214826,"total":214826,"balance":0}],"costCenter":null,"numberTemplate":{"id":"3","prefix":"","number":"29511","fullNumber":"29511","formattedNumber":"29511"}}
2021-03-27 12:40:30 :: ----------send data payment:29732------------
2021-03-27 12:40:30 :: {"date":"2021-03-27","invoices":[{"amount":"163378","id":"29732"}],"bankAccount":2}
2021-03-27 12:40:32 :: ----------result data payment:29732------------
2021-03-27 12:40:32 :: {"id":"30769","date":"2021-03-27","number":"29513","amount":"163378.0000000000","observations":null,"anotation":null,"type":"in","paymentMethod":"","status":"open","bankAccount":{"id":"2","name":"PAYU","type":"bank"},"client":{"id":"23600","name":"Eliana Pe\u00f1aranda","phone":"3023891748"},"invoices":[{"id":"29732","number":"31993","date":"2021-03-27","amount":163378,"total":163378,"balance":0}],"costCenter":null,"numberTemplate":{"id":"3","prefix":"","number":"29513","fullNumber":"29513","formattedNumber":"29513"}}
2021-03-27 12:50:31 :: ----------send data payment:29733------------
2021-03-27 12:50:31 :: {"date":"2021-03-27","invoices":[{"amount":"73000","id":"29733"}],"bankAccount":2}
2021-03-27 12:50:32 :: ----------result data payment:29733------------
2021-03-27 12:50:32 :: {"id":"30771","date":"2021-03-27","number":"29515","amount":"73000.0000000000","observations":null,"anotation":null,"type":"in","paymentMethod":"","status":"open","bankAccount":{"id":"2","name":"PAYU","type":"bank"},"client":{"id":"23601","name":"Emily Veloza","phone":"3112554456"},"invoices":[{"id":"29733","number":"31994","date":"2021-03-27","amount":73000,"total":73000,"balance":0}],"costCenter":null,"numberTemplate":{"id":"3","prefix":"","number":"29515","fullNumber":"29515","formattedNumber":"29515"}}
2021-03-27 01:20:04 :: ----------send data payment:29736------------
2021-03-27 01:20:04 :: {"date":"2021-03-27","invoices":[{"amount":"168082","id":"29736"}],"bankAccount":2}
2021-03-27 01:20:06 :: ----------result data payment:29736------------
2021-03-27 01:20:06 :: {"id":"30773","date":"2021-03-27","number":"29517","amount":"168082.0000000000","observations":null,"anotation":null,"type":"in","paymentMethod":"","status":"open","bankAccount":{"id":"2","name":"PAYU","type":"bank"},"client":{"id":"16985","name":"Vivian Guerrero","phone":"3165326084"},"invoices":[{"id":"29736","number":"31997","date":"2021-03-27","amount":168082,"total":168082,"balance":0}],"costCenter":null,"numberTemplate":{"id":"3","prefix":"","number":"29517","fullNumber":"29517","formattedNumber":"29517"}}
2021-03-27 01:30:16 :: ----------send data payment:29737------------
2021-03-27 01:30:16 :: {"date":"2021-03-27","invoices":[{"amount":"30000","id":"29737"}],"bankAccount":2}
2021-03-27 01:30:17 :: ----------result data payment:29737------------
2021-03-27 01:30:17 :: {"id":"30774","date":"2021-03-27","number":"29518","amount":"30000.0000000000","observations":null,"anotation":null,"type":"in","paymentMethod":"","status":"open","bankAccount":{"id":"2","name":"PAYU","type":"bank"},"client":{"id":"23602","name":"Luz Edith Corpus","phone":"3146881353"},"invoices":[{"id":"29737","number":"31998","date":"2021-03-27","amount":30000,"total":30000,"balance":0}],"costCenter":null,"numberTemplate":{"id":"3","prefix":"","number":"29518","fullNumber":"29518","formattedNumber":"29518"}}
2021-03-27 02:15:09 :: ----------send data payment:29738------------
2021-03-27 02:15:09 :: {"date":"2021-03-27","invoices":[{"amount":"136433","id":"29738"}],"bankAccount":2}
2021-03-27 02:15:11 :: ----------result data payment:29738------------
2021-03-27 02:15:11 :: {"id":"30775","date":"2021-03-27","number":"29519","amount":"136433.0000000000","observations":null,"anotation":null,"type":"in","paymentMethod":"","status":"open","bankAccount":{"id":"2","name":"PAYU","type":"bank"},"client":{"id":"11799","name":"Stefania TNarva","phone":"3024536144"},"invoices":[{"id":"29738","number":"31999","date":"2021-03-27","amount":136433,"total":136433,"balance":0}],"costCenter":null,"numberTemplate":{"id":"3","prefix":"","number":"29519","fullNumber":"29519","formattedNumber":"29519"}}
2021-03-27 02:40:16 :: ----------send data payment:29739------------
2021-03-27 02:40:16 :: {"date":"2021-03-27","invoices":[{"amount":"129212","id":"29739"}],"bankAccount":2}
2021-03-27 02:40:18 :: ----------result data payment:29739------------
2021-03-27 02:40:18 :: {"id":"30776","date":"2021-03-27","number":"29520","amount":"129212.0000000000","observations":null,"anotation":null,"type":"in","paymentMethod":"","status":"open","bankAccount":{"id":"2","name":"PAYU","type":"bank"},"client":{"id":"23603","name":"Sherina Arregoc\u00e9s","phone":"3006353534"},"invoices":[{"id":"29739","number":"32000","date":"2021-03-27","amount":129212,"total":129212,"balance":0}],"costCenter":null,"numberTemplate":{"id":"3","prefix":"","number":"29520","fullNumber":"29520","formattedNumber":"29520"}}
2021-03-27 03:50:11 :: ----------send data payment:29740------------
2021-03-27 03:50:11 :: {"date":"2021-03-27","invoices":[{"amount":"183439","id":"29740"}],"bankAccount":2}
2021-03-27 03:50:12 :: ----------result data payment:29740------------
2021-03-27 03:50:12 :: {"id":"30777","date":"2021-03-27","number":"29521","amount":"183439.0000000000","observations":null,"anotation":null,"type":"in","paymentMethod":"","status":"open","bankAccount":{"id":"2","name":"PAYU","type":"bank"},"client":{"id":"23604","name":"Angela Sanabria","phone":"3213720236"},"invoices":[{"id":"29740","number":"32001","date":"2021-03-27","amount":183439,"total":183439,"balance":0}],"costCenter":null,"numberTemplate":{"id":"3","prefix":"","number":"29521","fullNumber":"29521","formattedNumber":"29521"}}
2021-03-27 03:50:16 :: ----------send data payment:29741------------
2021-03-27 03:50:16 :: {"date":"2021-03-27","invoices":[{"amount":"180519","id":"29741"}],"bankAccount":2}
2021-03-27 03:50:17 :: ----------result data payment:29741------------
2021-03-27 03:50:17 :: {"id":"30778","date":"2021-03-27","number":"29522","amount":"180519.0000000000","observations":null,"anotation":null,"type":"in","paymentMethod":"","status":"open","bankAccount":{"id":"2","name":"PAYU","type":"bank"},"client":{"id":"23605","name":"Dennis Chaverra","phone":"3178183181"},"invoices":[{"id":"29741","number":"32002","date":"2021-03-27","amount":180519,"total":180519,"balance":0}],"costCenter":null,"numberTemplate":{"id":"3","prefix":"","number":"29522","fullNumber":"29522","formattedNumber":"29522"}}
2021-03-27 04:05:30 :: ----------send data payment:29742------------
2021-03-27 04:05:30 :: {"date":"2021-03-27","invoices":[{"amount":"70000","id":"29742"}],"bankAccount":2}
2021-03-27 04:05:31 :: ----------result data payment:29742------------
2021-03-27 04:05:31 :: {"id":"30779","date":"2021-03-27","number":"29523","amount":"70000.0000000000","observations":null,"anotation":null,"type":"in","paymentMethod":"","status":"open","bankAccount":{"id":"2","name":"PAYU","type":"bank"},"client":{"id":"23606","name":"YANITH CA\u00d1IZARES RIOS","phone":"3183692711"},"invoices":[{"id":"29742","number":"32003","date":"2021-03-27","amount":70000,"total":70000,"balance":0}],"costCenter":null,"numberTemplate":{"id":"3","prefix":"","number":"29523","fullNumber":"29523","formattedNumber":"29523"}}
2021-03-27 05:05:22 :: ----------send data payment:29743------------
2021-03-27 05:05:22 :: {"date":"2021-03-27","invoices":[{"amount":"88001","id":"29743"}],"bankAccount":2}
2021-03-27 05:05:23 :: ----------result data payment:29743------------
2021-03-27 05:05:23 :: {"id":"30780","date":"2021-03-27","number":"29524","amount":"88001.0000000000","observations":null,"anotation":null,"type":"in","paymentMethod":"","status":"open","bankAccount":{"id":"2","name":"PAYU","type":"bank"},"client":{"id":"23607","name":"Fanny Medina","phone":"3017018030"},"invoices":[{"id":"29743","number":"32004","date":"2021-03-27","amount":88001,"total":88001,"balance":0}],"costCenter":null,"numberTemplate":{"id":"3","prefix":"","number":"29524","fullNumber":"29524","formattedNumber":"29524"}}
2021-03-27 05:15:19 :: ----------send data payment:29744------------
2021-03-27 05:15:19 :: {"date":"2021-03-27","invoices":[{"amount":"87999","id":"29744"}],"bankAccount":2}
2021-03-27 05:15:21 :: ----------result data payment:29744------------
2021-03-27 05:15:21 :: {"id":"30781","date":"2021-03-27","number":"29525","amount":"87999.0000000000","observations":null,"anotation":null,"type":"in","paymentMethod":"","status":"open","bankAccount":{"id":"2","name":"PAYU","type":"bank"},"client":{"id":"23608","name":"Andrea Tarazona","phone":"3148624782"},"invoices":[{"id":"29744","number":"32005","date":"2021-03-27","amount":87999,"total":87999,"balance":0}],"costCenter":null,"numberTemplate":{"id":"3","prefix":"","number":"29525","fullNumber":"29525","formattedNumber":"29525"}}
2021-03-27 05:15:23 :: ----------send data payment:29745------------
2021-03-27 05:15:23 :: {"date":"2021-03-27","invoices":[{"amount":"30000","id":"29745"}],"bankAccount":2}
2021-03-27 05:15:25 :: ----------result data payment:29745------------
2021-03-27 05:15:25 :: {"id":"30782","date":"2021-03-27","number":"29526","amount":"30000.0000000000","observations":null,"anotation":null,"type":"in","paymentMethod":"","status":"open","bankAccount":{"id":"2","name":"PAYU","type":"bank"},"client":{"id":"23609","name":"Roxana G\u00f3mez Hoyos","phone":"3014703323"},"invoices":[{"id":"29745","number":"32006","date":"2021-03-27","amount":30000,"total":30000,"balance":0}],"costCenter":null,"numberTemplate":{"id":"3","prefix":"","number":"29526","fullNumber":"29526","formattedNumber":"29526"}}
2021-03-27 05:20:19 :: ----------send data payment:29746------------
2021-03-27 05:20:19 :: {"date":"2021-03-27","invoices":[{"amount":"70000","id":"29746"}],"bankAccount":2}
2021-03-27 05:20:20 :: ----------result data payment:29746------------
2021-03-27 05:20:20 :: {"id":"30783","date":"2021-03-27","number":"29527","amount":"70000.0000000000","observations":null,"anotation":null,"type":"in","paymentMethod":"","status":"open","bankAccount":{"id":"2","name":"PAYU","type":"bank"},"client":{"id":"23610","name":"Mafer Montejo","phone":"3184525111"},"invoices":[{"id":"29746","number":"32007","date":"2021-03-27","amount":70000,"total":70000,"balance":0}],"costCenter":null,"numberTemplate":{"id":"3","prefix":"","number":"29527","fullNumber":"29527","formattedNumber":"29527"}}
2021-03-27 05:30:22 :: ----------send data payment:29747------------
2021-03-27 05:30:22 :: {"date":"2021-03-27","invoices":[{"amount":"91000","id":"29747"}],"bankAccount":2}
2021-03-27 05:30:23 :: ----------result data payment:29747------------
2021-03-27 05:30:23 :: {"id":"30784","date":"2021-03-27","number":"29528","amount":"91000.0000000000","observations":null,"anotation":null,"type":"in","paymentMethod":"","status":"open","bankAccount":{"id":"2","name":"PAYU","type":"bank"},"client":{"id":"23611","name":"Diana Villarreal","phone":"3174712643"},"invoices":[{"id":"29747","number":"32008","date":"2021-03-27","amount":91000,"total":91000,"balance":0}],"costCenter":null,"numberTemplate":{"id":"3","prefix":"","number":"29528","fullNumber":"29528","formattedNumber":"29528"}}
2021-03-27 06:25:22 :: ----------send data payment:29748------------
2021-03-27 06:25:22 :: {"date":"2021-03-27","invoices":[{"amount":"42000","id":"29748"}],"bankAccount":2}
2021-03-27 06:25:24 :: ----------result data payment:29748------------
2021-03-27 06:25:24 :: {"id":"30785","date":"2021-03-27","number":"29529","amount":"42000.0000000000","observations":null,"anotation":null,"type":"in","paymentMethod":"","status":"open","bankAccount":{"id":"2","name":"PAYU","type":"bank"},"client":{"id":"23612","name":"Linda Martinez","phone":"3106993502"},"invoices":[{"id":"29748","number":"32009","date":"2021-03-27","amount":42000,"total":42000,"balance":0}],"costCenter":null,"numberTemplate":{"id":"3","prefix":"","number":"29529","fullNumber":"29529","formattedNumber":"29529"}}
2021-03-27 08:15:27 :: ----------send data payment:29749------------
2021-03-27 08:15:27 :: {"date":"2021-03-27","invoices":[{"amount":"69999","id":"29749"}],"bankAccount":2}
2021-03-27 08:15:29 :: ----------result data payment:29749------------
2021-03-27 08:15:29 :: {"id":"30786","date":"2021-03-27","number":"29530","amount":"69999.0000000000","observations":null,"anotation":null,"type":"in","paymentMethod":"","status":"open","bankAccount":{"id":"2","name":"PAYU","type":"bank"},"client":{"id":"23613","name":"Erika Enamorado","phone":"3204998396"},"invoices":[{"id":"29749","number":"32010","date":"2021-03-27","amount":69999,"total":69999,"balance":0}],"costCenter":null,"numberTemplate":{"id":"3","prefix":"","number":"29530","fullNumber":"29530","formattedNumber":"29530"}}
2021-03-27 09:25:15 :: ----------send data payment:29750------------
2021-03-27 09:25:15 :: {"date":"2021-03-27","invoices":[{"amount":"181911","id":"29750"}],"bankAccount":2}
2021-03-27 09:25:16 :: ----------result data payment:29750------------
2021-03-27 09:25:16 :: {"id":"30787","date":"2021-03-27","number":"29531","amount":"181911.0000000000","observations":null,"anotation":null,"type":"in","paymentMethod":"","status":"open","bankAccount":{"id":"2","name":"PAYU","type":"bank"},"client":{"id":"23614","name":"Valentina Rodriguez","phone":"3182887400"},"invoices":[{"id":"29750","number":"32011","date":"2021-03-27","amount":181911,"total":181911,"balance":0}],"costCenter":null,"numberTemplate":{"id":"3","prefix":"","number":"29531","fullNumber":"29531","formattedNumber":"29531"}}
2021-03-27 10:10:18 :: ----------send data payment:29751------------
2021-03-27 10:10:18 :: {"date":"2021-03-27","invoices":[{"amount":"48000","id":"29751"}],"bankAccount":2}
2021-03-27 10:10:19 :: ----------result data payment:29751------------
2021-03-27 10:10:19 :: {"id":"30788","date":"2021-03-27","number":"29532","amount":"48000.0000000000","observations":null,"anotation":null,"type":"in","paymentMethod":"","status":"open","bankAccount":{"id":"2","name":"PAYU","type":"bank"},"client":{"id":"23615","name":"LINA MARCELA PEREZ ZAPATA","phone":"3127735352"},"invoices":[{"id":"29751","number":"32012","date":"2021-03-27","amount":48000,"total":48000,"balance":0}],"costCenter":null,"numberTemplate":{"id":"3","prefix":"","number":"29532","fullNumber":"29532","formattedNumber":"29532"}}
2021-03-27 11:30:12 :: ----------send data payment:29752------------
2021-03-27 11:30:12 :: {"date":"2021-03-27","invoices":[{"amount":"107200","id":"29752"}],"bankAccount":2}
2021-03-27 11:30:13 :: ----------result data payment:29752------------
2021-03-27 11:30:13 :: {"id":"30789","date":"2021-03-27","number":"29533","amount":"107200.0000000000","observations":null,"anotation":null,"type":"in","paymentMethod":"","status":"open","bankAccount":{"id":"2","name":"PAYU","type":"bank"},"client":{"id":"23616","name":"Laura Bueno","phone":"3014845946"},"invoices":[{"id":"29752","number":"32013","date":"2021-03-27","amount":107200,"total":107200,"balance":0}],"costCenter":null,"numberTemplate":{"id":"3","prefix":"","number":"29533","fullNumber":"29533","formattedNumber":"29533"}}
2021-03-27 11:40:26 :: ----------send data payment:29753------------
2021-03-27 11:40:26 :: {"date":"2021-03-27","invoices":[{"amount":"127766","id":"29753"}],"bankAccount":2}
2021-03-27 11:40:27 :: ----------result data payment:29753------------
2021-03-27 11:40:27 :: {"id":"30790","date":"2021-03-27","number":"29534","amount":"127766.0000000000","observations":null,"anotation":null,"type":"in","paymentMethod":"","status":"open","bankAccount":{"id":"2","name":"PAYU","type":"bank"},"client":{"id":"23617","name":"Leidy Lorena Vargas pe\u00f1uela","phone":"3186001175"},"invoices":[{"id":"29753","number":"32014","date":"2021-03-27","amount":127766,"total":127766,"balance":0}],"costCenter":null,"numberTemplate":{"id":"3","prefix":"","number":"29534","fullNumber":"29534","formattedNumber":"29534"}}