
2021-09-20 12:43:05 :: ----------send data payment:37791------------
2021-09-20 12:43:05 :: {"date":"2021-09-20","invoices":[{"amount":"70000","id":"37791"}],"bankAccount":2}
2021-09-20 12:43:06 :: ----------result data payment:37791------------
2021-09-20 12:43:06 :: {"id":"39312","date":"2021-09-20","number":"37587","amount":"70000.0000000000","observations":null,"anotation":null,"type":"in","paymentMethod":"","status":"open","bankAccount":{"id":"2","name":"PAYU","type":"bank"},"client":{"id":"29366","name":"yaidith cortes","phone":"3164913966"},"invoices":[{"id":"37791","number":"40052","date":"2021-09-20","amount":70000,"total":70000,"balance":0}],"costCenter":null,"numberTemplate":{"id":"3","prefix":"","number":"37587","fullNumber":"37587","formattedNumber":"37587"}}
2021-09-20 06:26:11 :: ----------send data payment:37792------------
2021-09-20 06:26:11 :: {"date":"2021-09-20","invoices":[{"amount":"70000","id":"37792"}],"bankAccount":2}
2021-09-20 06:26:12 :: ----------result data payment:37792------------
2021-09-20 06:26:12 :: {"id":"39313","date":"2021-09-20","number":"37588","amount":"70000.0000000000","observations":null,"anotation":null,"type":"in","paymentMethod":"","status":"open","bankAccount":{"id":"2","name":"PAYU","type":"bank"},"client":{"id":"29367","name":"Vivian Fonseca","phone":"5783795"},"invoices":[{"id":"37792","number":"40053","date":"2021-09-20","amount":70000,"total":70000,"balance":0}],"costCenter":null,"numberTemplate":{"id":"3","prefix":"","number":"37588","fullNumber":"37588","formattedNumber":"37588"}}
2021-09-20 08:28:08 :: ----------send data payment:37793------------
2021-09-20 08:28:08 :: {"date":"2021-09-20","invoices":[{"amount":"128000","id":"37793"}],"bankAccount":2}
2021-09-20 08:28:11 :: ----------result data payment:37793------------
2021-09-20 08:28:11 :: {"id":"39314","date":"2021-09-20","number":"37589","amount":"128000.0000000000","observations":null,"anotation":null,"type":"in","paymentMethod":"","status":"open","bankAccount":{"id":"2","name":"PAYU","type":"bank"},"client":{"id":"25878","name":"Paula Vela","phone":"3213042557"},"invoices":[{"id":"37793","number":"40054","date":"2021-09-20","amount":128000,"total":128000,"balance":0}],"costCenter":null,"numberTemplate":{"id":"3","prefix":"","number":"37589","fullNumber":"37589","formattedNumber":"37589"}}
2021-09-20 09:07:07 :: ----------send data payment:37794------------
2021-09-20 09:07:07 :: {"date":"2021-09-20","invoices":[{"amount":"70000","id":"37794"}],"bankAccount":2}
2021-09-20 09:07:09 :: ----------result data payment:37794------------
2021-09-20 09:07:09 :: {"id":"39315","date":"2021-09-20","number":"37590","amount":"70000.0000000000","observations":null,"anotation":null,"type":"in","paymentMethod":"","status":"open","bankAccount":{"id":"2","name":"PAYU","type":"bank"},"client":{"id":"29368","name":"Lizeth","phone":"3143071627"},"invoices":[{"id":"37794","number":"40055","date":"2021-09-20","amount":70000,"total":70000,"balance":0}],"costCenter":null,"numberTemplate":{"id":"3","prefix":"","number":"37590","fullNumber":"37590","formattedNumber":"37590"}}
2021-09-20 09:23:08 :: ----------send data payment:37795------------
2021-09-20 09:23:08 :: {"date":"2021-09-20","invoices":[{"amount":"52000","id":"37795"}],"bankAccount":2}
2021-09-20 09:23:10 :: ----------result data payment:37795------------
2021-09-20 09:23:10 :: {"id":"39316","date":"2021-09-20","number":"37591","amount":"52000.0000000000","observations":null,"anotation":null,"type":"in","paymentMethod":"","status":"open","bankAccount":{"id":"2","name":"PAYU","type":"bank"},"client":{"id":"29369","name":"Katheryn Vega","phone":"3154551778"},"invoices":[{"id":"37795","number":"40056","date":"2021-09-20","amount":52000,"total":52000,"balance":0}],"costCenter":null,"numberTemplate":{"id":"3","prefix":"","number":"37591","fullNumber":"37591","formattedNumber":"37591"}}
2021-09-20 09:55:06 :: ----------send data payment:37796------------
2021-09-20 09:55:06 :: {"date":"2021-09-20","invoices":[{"amount":"60000","id":"37796"}],"bankAccount":2}
2021-09-20 09:55:08 :: ----------result data payment:37796------------
2021-09-20 09:55:08 :: {"id":"39317","date":"2021-09-20","number":"37592","amount":"60000.0000000000","observations":null,"anotation":null,"type":"in","paymentMethod":"","status":"open","bankAccount":{"id":"2","name":"PAYU","type":"bank"},"client":{"id":"29370","name":"Natalia Jim\u00e9nez","phone":"3505775538"},"invoices":[{"id":"37796","number":"40057","date":"2021-09-20","amount":60000,"total":60000,"balance":0}],"costCenter":null,"numberTemplate":{"id":"3","prefix":"","number":"37592","fullNumber":"37592","formattedNumber":"37592"}}
2021-09-20 10:00:11 :: ----------send data payment:37797------------
2021-09-20 10:00:11 :: {"date":"2021-09-20","invoices":[{"amount":"91900","id":"37797"}],"bankAccount":2}
2021-09-20 10:00:13 :: ----------result data payment:37797------------
2021-09-20 10:00:13 :: {"id":"39318","date":"2021-09-20","number":"37593","amount":"91900.0000000000","observations":null,"anotation":null,"type":"in","paymentMethod":"","status":"open","bankAccount":{"id":"2","name":"PAYU","type":"bank"},"client":{"id":"15372","name":"Jessica Tiga","phone":"3142844572"},"invoices":[{"id":"37797","number":"40058","date":"2021-09-20","amount":91900,"total":91900,"balance":0}],"costCenter":null,"numberTemplate":{"id":"3","prefix":"","number":"37593","fullNumber":"37593","formattedNumber":"37593"}}
2021-09-20 10:07:05 :: ----------send data payment:37798------------
2021-09-20 10:07:05 :: {"date":"2021-09-20","invoices":[{"amount":"60000","id":"37798"}],"bankAccount":2}
2021-09-20 10:07:06 :: ----------result data payment:37798------------
2021-09-20 10:07:06 :: {"id":"39319","date":"2021-09-20","number":"37594","amount":"60000.0000000000","observations":null,"anotation":null,"type":"in","paymentMethod":"","status":"open","bankAccount":{"id":"2","name":"PAYU","type":"bank"},"client":{"id":"29371","name":"Carlos Andres Diaz Acevedo","phone":"3214803003"},"invoices":[{"id":"37798","number":"40059","date":"2021-09-20","amount":60000,"total":60000,"balance":0}],"costCenter":null,"numberTemplate":{"id":"3","prefix":"","number":"37594","fullNumber":"37594","formattedNumber":"37594"}}
2021-09-20 10:09:05 :: ----------send data payment:37799------------
2021-09-20 10:09:05 :: {"date":"2021-09-20","invoices":[{"amount":"94900","id":"37799"}],"bankAccount":2}
2021-09-20 10:09:07 :: ----------result data payment:37799------------
2021-09-20 10:09:07 :: {"id":"39320","date":"2021-09-20","number":"37595","amount":"94900.0000000000","observations":null,"anotation":null,"type":"in","paymentMethod":"","status":"open","bankAccount":{"id":"2","name":"PAYU","type":"bank"},"client":{"id":"29372","name":"Daniela Figueroa","phone":"3013878754"},"invoices":[{"id":"37799","number":"40060","date":"2021-09-20","amount":94900,"total":94900,"balance":0}],"costCenter":null,"numberTemplate":{"id":"3","prefix":"","number":"37595","fullNumber":"37595","formattedNumber":"37595"}}
2021-09-20 11:30:07 :: ----------send data payment:37800------------
2021-09-20 11:30:07 :: {"date":"2021-09-20","invoices":[{"amount":"50000","id":"37800"}],"bankAccount":2}
2021-09-20 11:30:09 :: ----------result data payment:37800------------
2021-09-20 11:30:09 :: {"id":"39322","date":"2021-09-20","number":"37597","amount":"50000.0000000000","observations":null,"anotation":null,"type":"in","paymentMethod":"","status":"open","bankAccount":{"id":"2","name":"PAYU","type":"bank"},"client":{"id":"29373","name":"Valentina Casas Pedraza","phone":"3114404089"},"invoices":[{"id":"37800","number":"40061","date":"2021-09-20","amount":50000,"total":50000,"balance":0}],"costCenter":null,"numberTemplate":{"id":"3","prefix":"","number":"37597","fullNumber":"37597","formattedNumber":"37597"}}
2021-09-20 12:41:09 :: ----------send data payment:37802------------
2021-09-20 12:41:09 :: {"date":"2021-09-20","invoices":[{"amount":"70000","id":"37802"}],"bankAccount":2}
2021-09-20 12:41:10 :: ----------result data payment:37802------------
2021-09-20 12:41:10 :: {"id":"39323","date":"2021-09-20","number":"37598","amount":"70000.0000000000","observations":null,"anotation":null,"type":"in","paymentMethod":"","status":"open","bankAccount":{"id":"2","name":"PAYU","type":"bank"},"client":{"id":"17628","name":"DIANA CAMACHO","phone":"3202039198"},"invoices":[{"id":"37802","number":"40063","date":"2021-09-20","amount":70000,"total":70000,"balance":0}],"costCenter":null,"numberTemplate":{"id":"3","prefix":"","number":"37598","fullNumber":"37598","formattedNumber":"37598"}}
2021-09-20 01:07:08 :: ----------send data payment:37803------------
2021-09-20 01:07:08 :: {"date":"2021-09-20","invoices":[{"amount":"170000","id":"37803"}],"bankAccount":2}
2021-09-20 01:07:09 :: ----------result data payment:37803------------
2021-09-20 01:07:09 :: {"id":"39324","date":"2021-09-20","number":"37599","amount":"170000.0000000000","observations":null,"anotation":null,"type":"in","paymentMethod":"","status":"open","bankAccount":{"id":"2","name":"PAYU","type":"bank"},"client":{"id":"29374","name":"Yesica Gonz\u00e1lez","phone":"3177701735"},"invoices":[{"id":"37803","number":"40064","date":"2021-09-20","amount":170000,"total":170000,"balance":0}],"costCenter":null,"numberTemplate":{"id":"3","prefix":"","number":"37599","fullNumber":"37599","formattedNumber":"37599"}}
2021-09-20 02:17:08 :: ----------send data payment:37806------------
2021-09-20 02:17:08 :: {"date":"2021-09-20","invoices":[{"amount":"120000","id":"37806"}],"bankAccount":2}
2021-09-20 02:17:10 :: ----------result data payment:37806------------
2021-09-20 02:17:10 :: {"id":"39327","date":"2021-09-20","number":"37602","amount":"120000.0000000000","observations":null,"anotation":null,"type":"in","paymentMethod":"","status":"open","bankAccount":{"id":"2","name":"PAYU","type":"bank"},"client":{"id":"29375","name":"Claudia Viviana Pe\u00f1a Casta\u00f1o","phone":"3103971570"},"invoices":[{"id":"37806","number":"40067","date":"2021-09-20","amount":120000,"total":120000,"balance":0}],"costCenter":null,"numberTemplate":{"id":"3","prefix":"","number":"37602","fullNumber":"37602","formattedNumber":"37602"}}
2021-09-20 02:17:13 :: ----------send data payment:37807------------
2021-09-20 02:17:13 :: {"date":"2021-09-20","invoices":[{"amount":"70000","id":"37807"}],"bankAccount":2}
2021-09-20 02:17:14 :: ----------result data payment:37807------------
2021-09-20 02:17:14 :: {"id":"39328","date":"2021-09-20","number":"37603","amount":"70000.0000000000","observations":null,"anotation":null,"type":"in","paymentMethod":"","status":"open","bankAccount":{"id":"2","name":"PAYU","type":"bank"},"client":{"id":"29376","name":"Valentina O.","phone":"3007707730"},"invoices":[{"id":"37807","number":"40068","date":"2021-09-20","amount":70000,"total":70000,"balance":0}],"costCenter":null,"numberTemplate":{"id":"3","prefix":"","number":"37603","fullNumber":"37603","formattedNumber":"37603"}}
2021-09-20 02:53:33 :: ----------send data payment:37808------------
2021-09-20 02:53:33 :: {"date":"2021-09-20","invoices":[{"amount":"321000","id":"37808"}],"bankAccount":2}
2021-09-20 02:53:34 :: ----------result data payment:37808------------
2021-09-20 02:53:34 :: {"id":"39329","date":"2021-09-20","number":"37604","amount":"321000.0000000000","observations":null,"anotation":null,"type":"in","paymentMethod":"","status":"open","bankAccount":{"id":"2","name":"PAYU","type":"bank"},"client":{"id":"29377","name":"Estefania Carrero","phone":"3165521784"},"invoices":[{"id":"37808","number":"40069","date":"2021-09-20","amount":321000,"total":321000,"balance":0}],"costCenter":null,"numberTemplate":{"id":"3","prefix":"","number":"37604","fullNumber":"37604","formattedNumber":"37604"}}
2021-09-20 03:47:06 :: ----------send data payment:37809------------
2021-09-20 03:47:06 :: {"date":"2021-09-20","invoices":[{"amount":"35000","id":"37809"}],"bankAccount":2}
2021-09-20 03:47:09 :: ----------result data payment:37809------------
2021-09-20 03:47:09 :: {"id":"39330","date":"2021-09-20","number":"37605","amount":"35000.0000000000","observations":null,"anotation":null,"type":"in","paymentMethod":"","status":"open","bankAccount":{"id":"2","name":"PAYU","type":"bank"},"client":{"id":"29378","name":"Amelya hoyos","phone":"3224127725"},"invoices":[{"id":"37809","number":"40070","date":"2021-09-20","amount":35000,"total":35000,"balance":0}],"costCenter":null,"numberTemplate":{"id":"3","prefix":"","number":"37605","fullNumber":"37605","formattedNumber":"37605"}}
2021-09-20 03:51:13 :: ----------send data payment:37810------------
2021-09-20 03:51:13 :: {"date":"2021-09-20","invoices":[{"amount":"60000","id":"37810"}],"bankAccount":2}
2021-09-20 03:51:15 :: ----------result data payment:37810------------
2021-09-20 03:51:15 :: {"id":"39331","date":"2021-09-20","number":"37606","amount":"60000.0000000000","observations":null,"anotation":null,"type":"in","paymentMethod":"","status":"open","bankAccount":{"id":"2","name":"PAYU","type":"bank"},"client":{"id":"29379","name":"LAURA L\u00d3PEZ","phone":"3108245191"},"invoices":[{"id":"37810","number":"40071","date":"2021-09-20","amount":60000,"total":60000,"balance":0}],"costCenter":null,"numberTemplate":{"id":"3","prefix":"","number":"37606","fullNumber":"37606","formattedNumber":"37606"}}
2021-09-20 04:11:12 :: ----------send data payment:37811------------
2021-09-20 04:11:12 :: {"date":"2021-09-20","invoices":[{"amount":"82001","id":"37811"}],"bankAccount":2}
2021-09-20 04:11:13 :: ----------result data payment:37811------------
2021-09-20 04:11:13 :: {"id":"39332","date":"2021-09-20","number":"37607","amount":"82001.0000000000","observations":null,"anotation":null,"type":"in","paymentMethod":"","status":"open","bankAccount":{"id":"2","name":"PAYU","type":"bank"},"client":{"id":"23999","name":"Mileidys Melendez","phone":"3014836429"},"invoices":[{"id":"37811","number":"40072","date":"2021-09-20","amount":82001,"total":82001,"balance":0}],"costCenter":null,"numberTemplate":{"id":"3","prefix":"","number":"37607","fullNumber":"37607","formattedNumber":"37607"}}
2021-09-20 04:23:07 :: ----------send data payment:37812------------
2021-09-20 04:23:07 :: {"date":"2021-09-20","invoices":[{"amount":"70000","id":"37812"}],"bankAccount":2}
2021-09-20 04:23:08 :: ----------result data payment:37812------------
2021-09-20 04:23:08 :: {"id":"39333","date":"2021-09-20","number":"37608","amount":"70000.0000000000","observations":null,"anotation":null,"type":"in","paymentMethod":"","status":"open","bankAccount":{"id":"2","name":"PAYU","type":"bank"},"client":{"id":"29380","name":"Sara Hurtado Quintero","phone":"3147150815"},"invoices":[{"id":"37812","number":"40073","date":"2021-09-20","amount":70000,"total":70000,"balance":0}],"costCenter":null,"numberTemplate":{"id":"3","prefix":"","number":"37608","fullNumber":"37608","formattedNumber":"37608"}}
2021-09-20 04:29:07 :: ----------send data payment:37813------------
2021-09-20 04:29:07 :: {"date":"2021-09-20","invoices":[{"amount":"139000","id":"37813"}],"bankAccount":2}
2021-09-20 04:29:10 :: ----------result data payment:37813------------
2021-09-20 04:29:10 :: {"id":"39334","date":"2021-09-20","number":"37609","amount":"139000.0000000000","observations":null,"anotation":null,"type":"in","paymentMethod":"","status":"open","bankAccount":{"id":"2","name":"PAYU","type":"bank"},"client":{"id":"29381","name":"Leidy Quevedo","phone":"3157543505"},"invoices":[{"id":"37813","number":"40074","date":"2021-09-20","amount":139000,"total":139000,"balance":0}],"costCenter":null,"numberTemplate":{"id":"3","prefix":"","number":"37609","fullNumber":"37609","formattedNumber":"37609"}}
2021-09-20 04:35:18 :: ----------send data payment:37814------------
2021-09-20 04:35:18 :: {"date":"2021-09-20","invoices":[{"amount":"48000","id":"37814"}],"bankAccount":2}
2021-09-20 04:35:20 :: ----------result data payment:37814------------
2021-09-20 04:35:20 :: {"id":"39336","date":"2021-09-20","number":"37611","amount":"48000.0000000000","observations":null,"anotation":null,"type":"in","paymentMethod":"","status":"open","bankAccount":{"id":"2","name":"PAYU","type":"bank"},"client":{"id":"29382","name":"Valentina Esparza","phone":"3008451526"},"invoices":[{"id":"37814","number":"40075","date":"2021-09-20","amount":48000,"total":48000,"balance":0}],"costCenter":null,"numberTemplate":{"id":"3","prefix":"","number":"37611","fullNumber":"37611","formattedNumber":"37611"}}
2021-09-20 04:45:14 :: ----------send data payment:37816------------
2021-09-20 04:45:14 :: {"date":"2021-09-20","invoices":[{"amount":"165000","id":"37816"}],"bankAccount":2}
2021-09-20 04:45:16 :: ----------result data payment:37816------------
2021-09-20 04:45:16 :: {"id":"39337","date":"2021-09-20","number":"37612","amount":"165000.0000000000","observations":null,"anotation":null,"type":"in","paymentMethod":"","status":"open","bankAccount":{"id":"2","name":"PAYU","type":"bank"},"client":{"id":"20248","name":"Tatiana Rivera","phone":"3143123883"},"invoices":[{"id":"37816","number":"40077","date":"2021-09-20","amount":165000,"total":165000,"balance":0}],"costCenter":null,"numberTemplate":{"id":"3","prefix":"","number":"37612","fullNumber":"37612","formattedNumber":"37612"}}
2021-09-20 04:50:21 :: ----------send data payment:37817------------
2021-09-20 04:50:21 :: {"date":"2021-09-20","invoices":[{"amount":"30000","id":"37817"}],"bankAccount":2}
2021-09-20 04:50:22 :: ----------result data payment:37817------------
2021-09-20 04:50:22 :: {"id":"39338","date":"2021-09-20","number":"37613","amount":"30000.0000000000","observations":null,"anotation":null,"type":"in","paymentMethod":"","status":"open","bankAccount":{"id":"2","name":"PAYU","type":"bank"},"client":{"id":"29383","name":"Daniela Crespo","phone":"3042713324"},"invoices":[{"id":"37817","number":"40078","date":"2021-09-20","amount":30000,"total":30000,"balance":0}],"costCenter":null,"numberTemplate":{"id":"3","prefix":"","number":"37613","fullNumber":"37613","formattedNumber":"37613"}}
2021-09-20 05:05:08 :: ----------send data payment:37818------------
2021-09-20 05:05:08 :: {"date":"2021-09-20","invoices":[{"amount":"107798","id":"37818"}],"bankAccount":2}
2021-09-20 05:05:10 :: ----------result data payment:37818------------
2021-09-20 05:05:10 :: {"id":"39339","date":"2021-09-20","number":"37614","amount":"107798.0000000000","observations":null,"anotation":null,"type":"in","paymentMethod":"","status":"open","bankAccount":{"id":"2","name":"PAYU","type":"bank"},"client":{"id":"21077","name":"Johanna Mercado P\u00e9rez","phone":"3104213605"},"invoices":[{"id":"37818","number":"40079","date":"2021-09-20","amount":107798,"total":107798,"balance":0}],"costCenter":null,"numberTemplate":{"id":"3","prefix":"","number":"37614","fullNumber":"37614","formattedNumber":"37614"}}
2021-09-20 05:22:05 :: ----------send data payment:37819------------
2021-09-20 05:22:05 :: {"date":"2021-09-20","invoices":[{"amount":"66000","id":"37819"}],"bankAccount":2}
2021-09-20 05:22:07 :: ----------result data payment:37819------------
2021-09-20 05:22:07 :: {"id":"39342","date":"2021-09-20","number":"37617","amount":"66000.0000000000","observations":null,"anotation":null,"type":"in","paymentMethod":"","status":"open","bankAccount":{"id":"2","name":"PAYU","type":"bank"},"client":{"id":"29384","name":"edgar nicolas","phone":"3178785110"},"invoices":[{"id":"37819","number":"40080","date":"2021-09-20","amount":66000,"total":66000,"balance":0}],"costCenter":null,"numberTemplate":{"id":"3","prefix":"","number":"37617","fullNumber":"37617","formattedNumber":"37617"}}
2021-09-20 05:43:03 :: ----------send data payment:37820------------
2021-09-20 05:43:03 :: {"date":"2021-09-20","invoices":[{"amount":"109600","id":"37820"}],"bankAccount":2}
2021-09-20 05:43:05 :: ----------result data payment:37820------------
2021-09-20 05:43:05 :: {"id":"39343","date":"2021-09-20","number":"37618","amount":"109600.0000000000","observations":null,"anotation":null,"type":"in","paymentMethod":"","status":"open","bankAccount":{"id":"2","name":"PAYU","type":"bank"},"client":{"id":"15039","name":"Nasly L\u00f3pez","phone":"3144506394"},"invoices":[{"id":"37820","number":"40081","date":"2021-09-20","amount":109600,"total":109600,"balance":0}],"costCenter":null,"numberTemplate":{"id":"3","prefix":"","number":"37618","fullNumber":"37618","formattedNumber":"37618"}}
2021-09-20 06:17:03 :: ----------send data payment:37821------------
2021-09-20 06:17:03 :: {"date":"2021-09-20","invoices":[{"amount":"84999","id":"37821"}],"bankAccount":2}
2021-09-20 06:17:05 :: ----------result data payment:37821------------
2021-09-20 06:17:05 :: {"id":"39345","date":"2021-09-20","number":"37619","amount":"84999.0000000000","observations":null,"anotation":null,"type":"in","paymentMethod":"","status":"open","bankAccount":{"id":"2","name":"PAYU","type":"bank"},"client":{"id":"26304","name":"Jessika mosqueda","phone":"3222195852"},"invoices":[{"id":"37821","number":"40082","date":"2021-09-20","amount":84999,"total":84999,"balance":0}],"costCenter":null,"numberTemplate":{"id":"3","prefix":"","number":"37619","fullNumber":"37619","formattedNumber":"37619"}}
2021-09-20 06:28:05 :: ----------send data payment:37822------------
2021-09-20 06:28:05 :: {"date":"2021-09-20","invoices":[{"amount":"70000","id":"37822"}],"bankAccount":2}
2021-09-20 06:28:06 :: ----------result data payment:37822------------
2021-09-20 06:28:06 :: {"id":"39346","date":"2021-09-20","number":"37620","amount":"70000.0000000000","observations":null,"anotation":null,"type":"in","paymentMethod":"","status":"open","bankAccount":{"id":"2","name":"PAYU","type":"bank"},"client":{"id":"29385","name":"Sara Murillo Cano","phone":"3116310128"},"invoices":[{"id":"37822","number":"40083","date":"2021-09-20","amount":70000,"total":70000,"balance":0}],"costCenter":null,"numberTemplate":{"id":"3","prefix":"","number":"37620","fullNumber":"37620","formattedNumber":"37620"}}
2021-09-20 06:39:03 :: ----------send data payment:37824------------
2021-09-20 06:39:03 :: {"date":"2021-09-20","invoices":[{"amount":"120000","id":"37824"}],"bankAccount":2}
2021-09-20 06:39:05 :: ----------result data payment:37824------------
2021-09-20 06:39:05 :: {"id":"39347","date":"2021-09-20","number":"37621","amount":"120000.0000000000","observations":null,"anotation":null,"type":"in","paymentMethod":"","status":"open","bankAccount":{"id":"2","name":"PAYU","type":"bank"},"client":{"id":"29151","name":"Mar\u00eda Paula Guzm\u00e1n Silva","phone":"3158274071"},"invoices":[{"id":"37824","number":"40085","date":"2021-09-20","amount":120000,"total":120000,"balance":0}],"costCenter":null,"numberTemplate":{"id":"3","prefix":"","number":"37621","fullNumber":"37621","formattedNumber":"37621"}}
2021-09-20 06:52:05 :: ----------send data payment:37825------------
2021-09-20 06:52:05 :: {"date":"2021-09-20","invoices":[{"amount":"55000","id":"37825"}],"bankAccount":2}
2021-09-20 06:52:07 :: ----------result data payment:37825------------
2021-09-20 06:52:07 :: {"id":"39348","date":"2021-09-20","number":"37622","amount":"55000.0000000000","observations":null,"anotation":null,"type":"in","paymentMethod":"","status":"open","bankAccount":{"id":"2","name":"PAYU","type":"bank"},"client":{"id":"29386","name":"Luc\u00eda Z\u00fa\u00f1iga","phone":"3022502961"},"invoices":[{"id":"37825","number":"40086","date":"2021-09-20","amount":55000,"total":55000,"balance":0}],"costCenter":null,"numberTemplate":{"id":"3","prefix":"","number":"37622","fullNumber":"37622","formattedNumber":"37622"}}
2021-09-20 06:55:21 :: ----------send data payment:37826------------
2021-09-20 06:55:21 :: {"date":"2021-09-20","invoices":[{"amount":"140001","id":"37826"}],"bankAccount":2}
2021-09-20 06:55:22 :: ----------result data payment:37826------------
2021-09-20 06:55:22 :: {"id":"39349","date":"2021-09-20","number":"37623","amount":"140001.0000000000","observations":null,"anotation":null,"type":"in","paymentMethod":"","status":"open","bankAccount":{"id":"2","name":"PAYU","type":"bank"},"client":{"id":"29387","name":"Maria Paula Corredor Torres","phone":"3212141986"},"invoices":[{"id":"37826","number":"40087","date":"2021-09-20","amount":140001,"total":140001,"balance":0}],"costCenter":null,"numberTemplate":{"id":"3","prefix":"","number":"37623","fullNumber":"37623","formattedNumber":"37623"}}
2021-09-20 07:07:04 :: ----------send data payment:37827------------
2021-09-20 07:07:04 :: {"date":"2021-09-20","invoices":[{"amount":"25000","id":"37827"}],"bankAccount":2}
2021-09-20 07:07:06 :: ----------result data payment:37827------------
2021-09-20 07:07:06 :: {"id":"39350","date":"2021-09-20","number":"37624","amount":"25000.0000000000","observations":null,"anotation":null,"type":"in","paymentMethod":"","status":"open","bankAccount":{"id":"2","name":"PAYU","type":"bank"},"client":{"id":"29388","name":"Sof\u00eda","phone":"3225228932"},"invoices":[{"id":"37827","number":"40088","date":"2021-09-20","amount":25000,"total":25000,"balance":0}],"costCenter":null,"numberTemplate":{"id":"3","prefix":"","number":"37624","fullNumber":"37624","formattedNumber":"37624"}}
2021-09-20 07:48:06 :: ----------send data payment:37828------------
2021-09-20 07:48:06 :: {"date":"2021-09-20","invoices":[{"amount":"76799","id":"37828"}],"bankAccount":2}
2021-09-20 07:48:07 :: ----------result data payment:37828------------
2021-09-20 07:48:07 :: {"id":"39351","date":"2021-09-20","number":"37625","amount":"76799.0000000000","observations":null,"anotation":null,"type":"in","paymentMethod":"","status":"open","bankAccount":{"id":"2","name":"PAYU","type":"bank"},"client":{"id":"29389","name":"Lina Burgos","phone":"3113795140"},"invoices":[{"id":"37828","number":"40089","date":"2021-09-20","amount":76799,"total":76799,"balance":0}],"costCenter":null,"numberTemplate":{"id":"3","prefix":"","number":"37625","fullNumber":"37625","formattedNumber":"37625"}}
2021-09-20 07:48:11 :: ----------send data payment:37829------------
2021-09-20 07:48:11 :: {"date":"2021-09-20","invoices":[{"amount":"30000","id":"37829"}],"bankAccount":2}
2021-09-20 07:48:12 :: ----------result data payment:37829------------
2021-09-20 07:48:12 :: {"id":"39352","date":"2021-09-20","number":"37626","amount":"30000.0000000000","observations":null,"anotation":null,"type":"in","paymentMethod":"","status":"open","bankAccount":{"id":"2","name":"PAYU","type":"bank"},"client":{"id":"29390","name":"Laura Juliana P\u00e9rez","phone":"3015669913"},"invoices":[{"id":"37829","number":"40090","date":"2021-09-20","amount":30000,"total":30000,"balance":0}],"costCenter":null,"numberTemplate":{"id":"3","prefix":"","number":"37626","fullNumber":"37626","formattedNumber":"37626"}}
2021-09-20 07:53:03 :: ----------send data payment:37830------------
2021-09-20 07:53:03 :: {"date":"2021-09-20","invoices":[{"amount":"204999","id":"37830"}],"bankAccount":2}
2021-09-20 07:53:05 :: ----------result data payment:37830------------
2021-09-20 07:53:05 :: {"id":"39353","date":"2021-09-20","number":"37627","amount":"204999.0000000000","observations":null,"anotation":null,"type":"in","paymentMethod":"","status":"open","bankAccount":{"id":"2","name":"PAYU","type":"bank"},"client":{"id":"23276","name":"Lady Contreras","phone":"3184834627"},"invoices":[{"id":"37830","number":"40091","date":"2021-09-20","amount":204999,"total":204999,"balance":0}],"costCenter":null,"numberTemplate":{"id":"3","prefix":"","number":"37627","fullNumber":"37627","formattedNumber":"37627"}}
2021-09-20 08:04:06 :: ----------send data payment:37831------------
2021-09-20 08:04:06 :: {"date":"2021-09-20","invoices":[{"amount":"48000","id":"37831"}],"bankAccount":2}
2021-09-20 08:04:07 :: ----------result data payment:37831------------
2021-09-20 08:04:07 :: {"id":"39354","date":"2021-09-20","number":"37628","amount":"48000.0000000000","observations":null,"anotation":null,"type":"in","paymentMethod":"","status":"open","bankAccount":{"id":"2","name":"PAYU","type":"bank"},"client":{"id":"29391","name":"Isabel Suarez","phone":"3004161077"},"invoices":[{"id":"37831","number":"40092","date":"2021-09-20","amount":48000,"total":48000,"balance":0}],"costCenter":null,"numberTemplate":{"id":"3","prefix":"","number":"37628","fullNumber":"37628","formattedNumber":"37628"}}
2021-09-20 08:12:05 :: ----------send data payment:37832------------
2021-09-20 08:12:05 :: {"date":"2021-09-20","invoices":[{"amount":"75000","id":"37832"}],"bankAccount":2}
2021-09-20 08:12:06 :: ----------result data payment:37832------------
2021-09-20 08:12:06 :: {"id":"39355","date":"2021-09-20","number":"37629","amount":"75000.0000000000","observations":null,"anotation":null,"type":"in","paymentMethod":"","status":"open","bankAccount":{"id":"2","name":"PAYU","type":"bank"},"client":{"id":"29392","name":"Laura Mayor","phone":"3196358537"},"invoices":[{"id":"37832","number":"40093","date":"2021-09-20","amount":75000,"total":75000,"balance":0}],"costCenter":null,"numberTemplate":{"id":"3","prefix":"","number":"37629","fullNumber":"37629","formattedNumber":"37629"}}
2021-09-20 08:15:10 :: ----------send data payment:37833------------
2021-09-20 08:15:10 :: {"date":"2021-09-20","invoices":[{"amount":"150000","id":"37833"}],"bankAccount":2}
2021-09-20 08:15:11 :: ----------result data payment:37833------------
2021-09-20 08:15:11 :: {"id":"39356","date":"2021-09-20","number":"37630","amount":"150000.0000000000","observations":null,"anotation":null,"type":"in","paymentMethod":"","status":"open","bankAccount":{"id":"2","name":"PAYU","type":"bank"},"client":{"id":"29393","name":"Lineth Buelvas","phone":"3222125933"},"invoices":[{"id":"37833","number":"40094","date":"2021-09-20","amount":150000,"total":150000,"balance":0}],"costCenter":null,"numberTemplate":{"id":"3","prefix":"","number":"37630","fullNumber":"37630","formattedNumber":"37630"}}
2021-09-20 08:38:05 :: ----------send data payment:37834------------
2021-09-20 08:38:05 :: {"date":"2021-09-20","invoices":[{"amount":"36000","id":"37834"}],"bankAccount":2}
2021-09-20 08:38:07 :: ----------result data payment:37834------------
2021-09-20 08:38:07 :: {"id":"39357","date":"2021-09-20","number":"37631","amount":"36000.0000000000","observations":null,"anotation":null,"type":"in","paymentMethod":"","status":"open","bankAccount":{"id":"2","name":"PAYU","type":"bank"},"client":{"id":"29394","name":"Cata Fernandez","phone":"3155040510"},"invoices":[{"id":"37834","number":"40095","date":"2021-09-20","amount":36000,"total":36000,"balance":0}],"costCenter":null,"numberTemplate":{"id":"3","prefix":"","number":"37631","fullNumber":"37631","formattedNumber":"37631"}}
2021-09-20 08:41:08 :: ----------send data payment:37835------------
2021-09-20 08:41:08 :: {"date":"2021-09-20","invoices":[{"amount":"54000","id":"37835"}],"bankAccount":2}
2021-09-20 08:41:09 :: ----------result data payment:37835------------
2021-09-20 08:41:09 :: {"id":"39358","date":"2021-09-20","number":"37632","amount":"54000.0000000000","observations":null,"anotation":null,"type":"in","paymentMethod":"","status":"open","bankAccount":{"id":"2","name":"PAYU","type":"bank"},"client":{"id":"26233","name":"Tatiana Caicedo","phone":"3214192880"},"invoices":[{"id":"37835","number":"40096","date":"2021-09-20","amount":54000,"total":54000,"balance":0}],"costCenter":null,"numberTemplate":{"id":"3","prefix":"","number":"37632","fullNumber":"37632","formattedNumber":"37632"}}
2021-09-20 10:04:07 :: ----------send data payment:37836------------
2021-09-20 10:04:07 :: {"date":"2021-09-20","invoices":[{"amount":"117001","id":"37836"}],"bankAccount":2}
2021-09-20 10:04:08 :: ----------result data payment:37836------------
2021-09-20 10:04:08 :: {"id":"39359","date":"2021-09-20","number":"37633","amount":"117001.0000000000","observations":null,"anotation":null,"type":"in","paymentMethod":"","status":"open","bankAccount":{"id":"2","name":"PAYU","type":"bank"},"client":{"id":"29395","name":"Susana","phone":"3008488946"},"invoices":[{"id":"37836","number":"40097","date":"2021-09-20","amount":117001,"total":117001,"balance":0}],"costCenter":null,"numberTemplate":{"id":"3","prefix":"","number":"37633","fullNumber":"37633","formattedNumber":"37633"}}
2021-09-20 10:05:07 :: ----------send data payment:37837------------
2021-09-20 10:05:07 :: {"date":"2021-09-20","invoices":[{"amount":"70000","id":"37837"}],"bankAccount":2}
2021-09-20 10:05:08 :: ----------result data payment:37837------------
2021-09-20 10:05:08 :: {"id":"39360","date":"2021-09-20","number":"37634","amount":"70000.0000000000","observations":null,"anotation":null,"type":"in","paymentMethod":"","status":"open","bankAccount":{"id":"2","name":"PAYU","type":"bank"},"client":{"id":"29396","name":"Lizeth Hdez","phone":"3043279668"},"invoices":[{"id":"37837","number":"40098","date":"2021-09-20","amount":70000,"total":70000,"balance":0}],"costCenter":null,"numberTemplate":{"id":"3","prefix":"","number":"37634","fullNumber":"37634","formattedNumber":"37634"}}
2021-09-20 11:07:06 :: ----------send data payment:37838------------
2021-09-20 11:07:06 :: {"date":"2021-09-20","invoices":[{"amount":"21000","id":"37838"}],"bankAccount":2}
2021-09-20 11:07:08 :: ----------result data payment:37838------------
2021-09-20 11:07:08 :: {"id":"39361","date":"2021-09-20","number":"37635","amount":"21000.0000000000","observations":null,"anotation":null,"type":"in","paymentMethod":"","status":"open","bankAccount":{"id":"2","name":"PAYU","type":"bank"},"client":{"id":"29397","name":"Nicolas Hincapie","phone":"3106832200"},"invoices":[{"id":"37838","number":"40099","date":"2021-09-20","amount":21000,"total":21000,"balance":0}],"costCenter":null,"numberTemplate":{"id":"3","prefix":"","number":"37635","fullNumber":"37635","formattedNumber":"37635"}}
2021-09-20 11:36:08 :: ----------send data payment:37839------------
2021-09-20 11:36:08 :: {"date":"2021-09-20","invoices":[{"amount":"83000","id":"37839"}],"bankAccount":2}
2021-09-20 11:36:10 :: ----------result data payment:37839------------
2021-09-20 11:36:10 :: {"id":"39362","date":"2021-09-20","number":"37636","amount":"83000.0000000000","observations":null,"anotation":null,"type":"in","paymentMethod":"","status":"open","bankAccount":{"id":"2","name":"PAYU","type":"bank"},"client":{"id":"3282","name":"Juliana Gene","phone":"3183599811"},"invoices":[{"id":"37839","number":"40100","date":"2021-09-20","amount":83000,"total":83000,"balance":0}],"costCenter":null,"numberTemplate":{"id":"3","prefix":"","number":"37636","fullNumber":"37636","formattedNumber":"37636"}}
2021-09-20 11:56:10 :: ----------send data payment:37840------------
2021-09-20 11:56:10 :: {"date":"2021-09-20","invoices":[{"amount":"101000","id":"37840"}],"bankAccount":2}
2021-09-20 11:56:12 :: ----------result data payment:37840------------
2021-09-20 11:56:12 :: {"id":"39363","date":"2021-09-20","number":"37637","amount":"101000.0000000000","observations":null,"anotation":null,"type":"in","paymentMethod":"","status":"open","bankAccount":{"id":"2","name":"PAYU","type":"bank"},"client":{"id":"29398","name":"Darcy Mendoza","phone":"3184011246"},"invoices":[{"id":"37840","number":"40101","date":"2021-09-20","amount":101000,"total":101000,"balance":0}],"costCenter":null,"numberTemplate":{"id":"3","prefix":"","number":"37637","fullNumber":"37637","formattedNumber":"37637"}}