
2021-08-16 12:36:08 :: ----------send data payment:36147------------
2021-08-16 12:36:08 :: {"date":"2021-08-16","invoices":[{"amount":"78850","id":"36147"}],"bankAccount":2}
2021-08-16 12:36:09 :: ----------result data payment:36147------------
2021-08-16 12:36:09 :: {"id":"37586","date":"2021-08-16","number":"35949","amount":"78850.0000000000","observations":null,"anotation":null,"type":"in","paymentMethod":"","status":"open","bankAccount":{"id":"2","name":"PAYU","type":"bank"},"client":{"id":"28169","name":"Tony Darwin Castro","phone":"3044363901"},"invoices":[{"id":"36147","number":"38408","date":"2021-08-16","amount":78850,"total":78850,"balance":0}],"costCenter":null,"numberTemplate":{"id":"3","prefix":"","number":"35949","fullNumber":"35949","formattedNumber":"35949"}}
2021-08-16 08:15:13 :: ----------send data payment:36148------------
2021-08-16 08:15:13 :: {"date":"2021-08-16","invoices":[{"amount":"69000","id":"36148"}],"bankAccount":2}
2021-08-16 08:15:14 :: ----------result data payment:36148------------
2021-08-16 08:15:14 :: {"id":"37587","date":"2021-08-16","number":"35950","amount":"69000.0000000000","observations":null,"anotation":null,"type":"in","paymentMethod":"","status":"open","bankAccount":{"id":"2","name":"PAYU","type":"bank"},"client":{"id":"28170","name":"Alejandra Hoyos Casta\u00f1eda","phone":"3132602611"},"invoices":[{"id":"36148","number":"38409","date":"2021-08-16","amount":69000,"total":69000,"balance":0}],"costCenter":null,"numberTemplate":{"id":"3","prefix":"","number":"35950","fullNumber":"35950","formattedNumber":"35950"}}
2021-08-16 08:34:05 :: ----------send data payment:36149------------
2021-08-16 08:34:05 :: {"date":"2021-08-16","invoices":[{"amount":"31000","id":"36149"}],"bankAccount":2}
2021-08-16 08:34:07 :: ----------result data payment:36149------------
2021-08-16 08:34:07 :: {"id":"37588","date":"2021-08-16","number":"35951","amount":"31000.0000000000","observations":null,"anotation":null,"type":"in","paymentMethod":"","status":"open","bankAccount":{"id":"2","name":"PAYU","type":"bank"},"client":{"id":"28171","name":"Maria Pinzon","phone":"3155429299"},"invoices":[{"id":"36149","number":"38410","date":"2021-08-16","amount":31000,"total":31000,"balance":0}],"costCenter":null,"numberTemplate":{"id":"3","prefix":"","number":"35951","fullNumber":"35951","formattedNumber":"35951"}}
2021-08-16 09:01:10 :: ----------send data payment:36150------------
2021-08-16 09:01:10 :: {"date":"2021-08-16","invoices":[{"amount":"25000","id":"36150"}],"bankAccount":2}
2021-08-16 09:01:11 :: ----------result data payment:36150------------
2021-08-16 09:01:11 :: {"id":"37589","date":"2021-08-16","number":"35952","amount":"25000.0000000000","observations":null,"anotation":null,"type":"in","paymentMethod":"","status":"open","bankAccount":{"id":"2","name":"PAYU","type":"bank"},"client":{"id":"28172","name":"Paola Vasquez","phone":"3104986279"},"invoices":[{"id":"36150","number":"38411","date":"2021-08-16","amount":25000,"total":25000,"balance":0}],"costCenter":null,"numberTemplate":{"id":"3","prefix":"","number":"35952","fullNumber":"35952","formattedNumber":"35952"}}
2021-08-16 09:16:08 :: ----------send data payment:36151------------
2021-08-16 09:16:08 :: {"date":"2021-08-16","invoices":[{"amount":"95000","id":"36151"}],"bankAccount":2}
2021-08-16 09:16:10 :: ----------result data payment:36151------------
2021-08-16 09:16:10 :: {"id":"37590","date":"2021-08-16","number":"35953","amount":"95000.0000000000","observations":null,"anotation":null,"type":"in","paymentMethod":"","status":"open","bankAccount":{"id":"2","name":"PAYU","type":"bank"},"client":{"id":"28173","name":"Heidi Romero","phone":"3204682820"},"invoices":[{"id":"36151","number":"38412","date":"2021-08-16","amount":95000,"total":95000,"balance":0}],"costCenter":null,"numberTemplate":{"id":"3","prefix":"","number":"35953","fullNumber":"35953","formattedNumber":"35953"}}
2021-08-16 09:39:05 :: ----------send data payment:36152------------
2021-08-16 09:39:05 :: {"date":"2021-08-16","invoices":[{"amount":"85000","id":"36152"}],"bankAccount":2}
2021-08-16 09:39:07 :: ----------result data payment:36152------------
2021-08-16 09:39:07 :: {"id":"37591","date":"2021-08-16","number":"35954","amount":"85000.0000000000","observations":null,"anotation":null,"type":"in","paymentMethod":"","status":"open","bankAccount":{"id":"2","name":"PAYU","type":"bank"},"client":{"id":"28174","name":"Zuly Avila","phone":"3057427393"},"invoices":[{"id":"36152","number":"38413","date":"2021-08-16","amount":85000,"total":85000,"balance":0}],"costCenter":null,"numberTemplate":{"id":"3","prefix":"","number":"35954","fullNumber":"35954","formattedNumber":"35954"}}
2021-08-16 10:02:04 :: ----------send data payment:36153------------
2021-08-16 10:02:04 :: {"date":"2021-08-16","invoices":[{"amount":"94000","id":"36153"}],"bankAccount":2}
2021-08-16 10:02:05 :: ----------result data payment:36153------------
2021-08-16 10:02:05 :: {"id":"37592","date":"2021-08-16","number":"35955","amount":"94000.0000000000","observations":null,"anotation":null,"type":"in","paymentMethod":"","status":"open","bankAccount":{"id":"2","name":"PAYU","type":"bank"},"client":{"id":"28175","name":"Yeimy Molina","phone":"3183504913"},"invoices":[{"id":"36153","number":"38414","date":"2021-08-16","amount":94000,"total":94000,"balance":0}],"costCenter":null,"numberTemplate":{"id":"3","prefix":"","number":"35955","fullNumber":"35955","formattedNumber":"35955"}}
2021-08-16 10:09:05 :: ----------send data payment:36154------------
2021-08-16 10:09:05 :: {"date":"2021-08-16","invoices":[{"amount":"25000","id":"36154"}],"bankAccount":2}
2021-08-16 10:09:07 :: ----------result data payment:36154------------
2021-08-16 10:09:07 :: {"id":"37593","date":"2021-08-16","number":"35956","amount":"25000.0000000000","observations":null,"anotation":null,"type":"in","paymentMethod":"","status":"open","bankAccount":{"id":"2","name":"PAYU","type":"bank"},"client":{"id":"28176","name":"Mariana Diaz sepulveda","phone":"3124574785"},"invoices":[{"id":"36154","number":"38415","date":"2021-08-16","amount":25000,"total":25000,"balance":0}],"costCenter":null,"numberTemplate":{"id":"3","prefix":"","number":"35956","fullNumber":"35956","formattedNumber":"35956"}}
2021-08-16 10:54:05 :: ----------send data payment:36155------------
2021-08-16 10:54:05 :: {"date":"2021-08-16","invoices":[{"amount":"95001","id":"36155"}],"bankAccount":2}
2021-08-16 10:54:08 :: ----------result data payment:36155------------
2021-08-16 10:54:08 :: {"id":"37594","date":"2021-08-16","number":"35957","amount":"95001.0000000000","observations":null,"anotation":null,"type":"in","paymentMethod":"","status":"open","bankAccount":{"id":"2","name":"PAYU","type":"bank"},"client":{"id":"28177","name":"Vania Guerrero","phone":"3202817071"},"invoices":[{"id":"36155","number":"38416","date":"2021-08-16","amount":95001,"total":95001,"balance":0}],"costCenter":null,"numberTemplate":{"id":"3","prefix":"","number":"35957","fullNumber":"35957","formattedNumber":"35957"}}
2021-08-16 11:42:06 :: ----------send data payment:36156------------
2021-08-16 11:42:06 :: {"date":"2021-08-16","invoices":[{"amount":"60000","id":"36156"}],"bankAccount":2}
2021-08-16 11:42:09 :: ----------result data payment:36156------------
2021-08-16 11:42:09 :: {"id":"37595","date":"2021-08-16","number":"35958","amount":"60000.0000000000","observations":null,"anotation":null,"type":"in","paymentMethod":"","status":"open","bankAccount":{"id":"2","name":"PAYU","type":"bank"},"client":{"id":"18143","name":"Juliana Aya Pe\u00f1aloza","phone":"3214942691"},"invoices":[{"id":"36156","number":"38417","date":"2021-08-16","amount":60000,"total":60000,"balance":0}],"costCenter":null,"numberTemplate":{"id":"3","prefix":"","number":"35958","fullNumber":"35958","formattedNumber":"35958"}}
2021-08-16 11:59:06 :: ----------send data payment:36157------------
2021-08-16 11:59:06 :: {"date":"2021-08-16","invoices":[{"amount":"116000","id":"36157"}],"bankAccount":2}
2021-08-16 11:59:08 :: ----------result data payment:36157------------
2021-08-16 11:59:08 :: {"id":"37596","date":"2021-08-16","number":"35959","amount":"116000.0000000000","observations":null,"anotation":null,"type":"in","paymentMethod":"","status":"open","bankAccount":{"id":"2","name":"PAYU","type":"bank"},"client":{"id":"28178","name":"Jessenia Baquero","phone":"3152745597"},"invoices":[{"id":"36157","number":"38418","date":"2021-08-16","amount":116000,"total":116000,"balance":0}],"costCenter":null,"numberTemplate":{"id":"3","prefix":"","number":"35959","fullNumber":"35959","formattedNumber":"35959"}}
2021-08-16 01:02:05 :: ----------send data payment:36158------------
2021-08-16 01:02:05 :: {"date":"2021-08-16","invoices":[{"amount":"105001","id":"36158"}],"bankAccount":2}
2021-08-16 01:02:07 :: ----------result data payment:36158------------
2021-08-16 01:02:07 :: {"id":"37597","date":"2021-08-16","number":"35960","amount":"105001.0000000000","observations":null,"anotation":null,"type":"in","paymentMethod":"","status":"open","bankAccount":{"id":"2","name":"PAYU","type":"bank"},"client":{"id":"28179","name":"Nataly Barrera Marcelo","phone":"3108031475"},"invoices":[{"id":"36158","number":"38419","date":"2021-08-16","amount":105001,"total":105001,"balance":0}],"costCenter":null,"numberTemplate":{"id":"3","prefix":"","number":"35960","fullNumber":"35960","formattedNumber":"35960"}}
2021-08-16 02:17:04 :: ----------send data payment:36160------------
2021-08-16 02:17:04 :: {"date":"2021-08-16","invoices":[{"amount":"25000","id":"36160"}],"bankAccount":2}
2021-08-16 02:17:06 :: ----------result data payment:36160------------
2021-08-16 02:17:06 :: {"id":"37599","date":"2021-08-16","number":"35962","amount":"25000.0000000000","observations":null,"anotation":null,"type":"in","paymentMethod":"","status":"open","bankAccount":{"id":"2","name":"PAYU","type":"bank"},"client":{"id":"28181","name":"Maria","phone":"3143562073"},"invoices":[{"id":"36160","number":"38421","date":"2021-08-16","amount":25000,"total":25000,"balance":0}],"costCenter":null,"numberTemplate":{"id":"3","prefix":"","number":"35962","fullNumber":"35962","formattedNumber":"35962"}}
2021-08-16 02:25:04 :: ----------send data payment:36161------------
2021-08-16 02:25:04 :: {"date":"2021-08-16","invoices":[{"amount":"85000","id":"36161"}],"bankAccount":2}
2021-08-16 02:25:05 :: ----------result data payment:36161------------
2021-08-16 02:25:05 :: {"id":"37600","date":"2021-08-16","number":"35963","amount":"85000.0000000000","observations":null,"anotation":null,"type":"in","paymentMethod":"","status":"open","bankAccount":{"id":"2","name":"PAYU","type":"bank"},"client":{"id":"28182","name":"Kimberly Galan","phone":"3057132854"},"invoices":[{"id":"36161","number":"38422","date":"2021-08-16","amount":85000,"total":85000,"balance":0}],"costCenter":null,"numberTemplate":{"id":"3","prefix":"","number":"35963","fullNumber":"35963","formattedNumber":"35963"}}
2021-08-16 03:18:06 :: ----------send data payment:36162------------
2021-08-16 03:18:06 :: {"date":"2021-08-16","invoices":[{"amount":"25000","id":"36162"}],"bankAccount":2}
2021-08-16 03:18:08 :: ----------result data payment:36162------------
2021-08-16 03:18:08 :: {"id":"37601","date":"2021-08-16","number":"35964","amount":"25000.0000000000","observations":null,"anotation":null,"type":"in","paymentMethod":"","status":"open","bankAccount":{"id":"2","name":"PAYU","type":"bank"},"client":{"id":"28183","name":"Natalia Guevara","phone":"3053264044"},"invoices":[{"id":"36162","number":"38423","date":"2021-08-16","amount":25000,"total":25000,"balance":0}],"costCenter":null,"numberTemplate":{"id":"3","prefix":"","number":"35964","fullNumber":"35964","formattedNumber":"35964"}}
2021-08-16 03:38:05 :: ----------send data payment:36163------------
2021-08-16 03:38:05 :: {"date":"2021-08-16","invoices":[{"amount":"95000","id":"36163"}],"bankAccount":2}
2021-08-16 03:38:07 :: ----------result data payment:36163------------
2021-08-16 03:38:07 :: {"id":"37602","date":"2021-08-16","number":"35965","amount":"95000.0000000000","observations":null,"anotation":null,"type":"in","paymentMethod":"","status":"open","bankAccount":{"id":"2","name":"PAYU","type":"bank"},"client":{"id":"28184","name":"Yessi Larrahondo","phone":"3212147438"},"invoices":[{"id":"36163","number":"38424","date":"2021-08-16","amount":95000,"total":95000,"balance":0}],"costCenter":null,"numberTemplate":{"id":"3","prefix":"","number":"35965","fullNumber":"35965","formattedNumber":"35965"}}
2021-08-16 03:46:09 :: ----------send data payment:36164------------
2021-08-16 03:46:09 :: {"date":"2021-08-16","invoices":[{"amount":"44000","id":"36164"}],"bankAccount":2}
2021-08-16 03:46:11 :: ----------result data payment:36164------------
2021-08-16 03:46:11 :: {"id":"37603","date":"2021-08-16","number":"35966","amount":"44000.0000000000","observations":null,"anotation":null,"type":"in","paymentMethod":"","status":"open","bankAccount":{"id":"2","name":"PAYU","type":"bank"},"client":{"id":"28185","name":"Karen Bautista","phone":"3015757281"},"invoices":[{"id":"36164","number":"38425","date":"2021-08-16","amount":44000,"total":44000,"balance":0}],"costCenter":null,"numberTemplate":{"id":"3","prefix":"","number":"35966","fullNumber":"35966","formattedNumber":"35966"}}
2021-08-16 03:53:04 :: ----------send data payment:36165------------
2021-08-16 03:53:04 :: {"date":"2021-08-16","invoices":[{"amount":"191201","id":"36165"}],"bankAccount":2}
2021-08-16 03:53:06 :: ----------result data payment:36165------------
2021-08-16 03:53:06 :: {"id":"37604","date":"2021-08-16","number":"35967","amount":"191201.0000000000","observations":null,"anotation":null,"type":"in","paymentMethod":"","status":"open","bankAccount":{"id":"2","name":"PAYU","type":"bank"},"client":{"id":"28186","name":"Dolly Stella Ruiz Rinc\u00f3n","phone":"3158744794"},"invoices":[{"id":"36165","number":"38426","date":"2021-08-16","amount":191201,"total":191201,"balance":0}],"costCenter":null,"numberTemplate":{"id":"3","prefix":"","number":"35967","fullNumber":"35967","formattedNumber":"35967"}}
2021-08-16 03:58:04 :: ----------send data payment:36166------------
2021-08-16 03:58:04 :: {"date":"2021-08-16","invoices":[{"amount":"82599","id":"36166"}],"bankAccount":2}
2021-08-16 03:58:06 :: ----------result data payment:36166------------
2021-08-16 03:58:06 :: {"id":"37605","date":"2021-08-16","number":"35968","amount":"82599.0000000000","observations":null,"anotation":null,"type":"in","paymentMethod":"","status":"open","bankAccount":{"id":"2","name":"PAYU","type":"bank"},"client":{"id":"28187","name":"Danii Laverde","phone":"3104919026"},"invoices":[{"id":"36166","number":"38427","date":"2021-08-16","amount":82599,"total":82599,"balance":0}],"costCenter":null,"numberTemplate":{"id":"3","prefix":"","number":"35968","fullNumber":"35968","formattedNumber":"35968"}}
2021-08-16 04:06:10 :: ----------send data payment:36167------------
2021-08-16 04:06:10 :: {"date":"2021-08-16","invoices":[{"amount":"25000","id":"36167"}],"bankAccount":2}
2021-08-16 04:06:12 :: ----------result data payment:36167------------
2021-08-16 04:06:12 :: {"id":"37606","date":"2021-08-16","number":"35969","amount":"25000.0000000000","observations":null,"anotation":null,"type":"in","paymentMethod":"","status":"open","bankAccount":{"id":"2","name":"PAYU","type":"bank"},"client":{"id":"28188","name":"Laura Melissa es","phone":"3118978464"},"invoices":[{"id":"36167","number":"38428","date":"2021-08-16","amount":25000,"total":25000,"balance":0}],"costCenter":null,"numberTemplate":{"id":"3","prefix":"","number":"35969","fullNumber":"35969","formattedNumber":"35969"}}
2021-08-16 04:21:09 :: ----------send data payment:36168------------
2021-08-16 04:21:09 :: {"date":"2021-08-16","invoices":[{"amount":"35000","id":"36168"}],"bankAccount":2}
2021-08-16 04:21:11 :: ----------result data payment:36168------------
2021-08-16 04:21:11 :: {"id":"37607","date":"2021-08-16","number":"35970","amount":"35000.0000000000","observations":null,"anotation":null,"type":"in","paymentMethod":"","status":"open","bankAccount":{"id":"2","name":"PAYU","type":"bank"},"client":{"id":"28189","name":"Leidy Johana Soto V\u00e9lez","phone":"3136220118"},"invoices":[{"id":"36168","number":"38429","date":"2021-08-16","amount":35000,"total":35000,"balance":0}],"costCenter":null,"numberTemplate":{"id":"3","prefix":"","number":"35970","fullNumber":"35970","formattedNumber":"35970"}}
2021-08-16 04:57:04 :: ----------send data payment:36169------------
2021-08-16 04:57:04 :: {"date":"2021-08-16","invoices":[{"amount":"66000","id":"36169"}],"bankAccount":2}
2021-08-16 04:57:06 :: ----------result data payment:36169------------
2021-08-16 04:57:06 :: {"id":"37608","date":"2021-08-16","number":"35971","amount":"66000.0000000000","observations":null,"anotation":null,"type":"in","paymentMethod":"","status":"open","bankAccount":{"id":"2","name":"PAYU","type":"bank"},"client":{"id":"28190","name":"Eliana Gonzalez Franco","phone":"3135615766"},"invoices":[{"id":"36169","number":"38430","date":"2021-08-16","amount":66000,"total":66000,"balance":0}],"costCenter":null,"numberTemplate":{"id":"3","prefix":"","number":"35971","fullNumber":"35971","formattedNumber":"35971"}}
2021-08-16 05:19:09 :: ----------send data payment:36170------------
2021-08-16 05:19:09 :: {"date":"2021-08-16","invoices":[{"amount":"149000","id":"36170"}],"bankAccount":2}
2021-08-16 05:19:11 :: ----------result data payment:36170------------
2021-08-16 05:19:11 :: {"id":"37609","date":"2021-08-16","number":"35972","amount":"149000.0000000000","observations":null,"anotation":null,"type":"in","paymentMethod":"","status":"open","bankAccount":{"id":"2","name":"PAYU","type":"bank"},"client":{"id":"12806","name":"Sara Vargas Valencia","phone":"3184000673"},"invoices":[{"id":"36170","number":"38431","date":"2021-08-16","amount":149000,"total":149000,"balance":0}],"costCenter":null,"numberTemplate":{"id":"3","prefix":"","number":"35972","fullNumber":"35972","formattedNumber":"35972"}}
2021-08-16 05:32:04 :: ----------send data payment:36171------------
2021-08-16 05:32:04 :: {"date":"2021-08-16","invoices":[{"amount":"40000","id":"36171"}],"bankAccount":2}
2021-08-16 05:32:11 :: ----------result data payment:36171------------
2021-08-16 05:32:11 :: {"id":"37610","date":"2021-08-16","number":"35973","amount":"40000.0000000000","observations":null,"anotation":null,"type":"in","paymentMethod":"","status":"open","bankAccount":{"id":"2","name":"PAYU","type":"bank"},"client":{"id":"28191","name":"Zamantha Gonzalez","phone":"3218299946"},"invoices":[{"id":"36171","number":"38432","date":"2021-08-16","amount":40000,"total":40000,"balance":0}],"costCenter":null,"numberTemplate":{"id":"3","prefix":"","number":"35973","fullNumber":"35973","formattedNumber":"35973"}}
2021-08-16 05:47:05 :: ----------send data payment:36172------------
2021-08-16 05:47:05 :: {"date":"2021-08-16","invoices":[{"amount":"70000","id":"36172"}],"bankAccount":2}
2021-08-16 05:47:07 :: ----------result data payment:36172------------
2021-08-16 05:47:07 :: {"id":"37611","date":"2021-08-16","number":"35974","amount":"70000.0000000000","observations":null,"anotation":null,"type":"in","paymentMethod":"","status":"open","bankAccount":{"id":"2","name":"PAYU","type":"bank"},"client":{"id":"28192","name":"Nathalia Buitrago Rojas","phone":"3156511408"},"invoices":[{"id":"36172","number":"38433","date":"2021-08-16","amount":70000,"total":70000,"balance":0}],"costCenter":null,"numberTemplate":{"id":"3","prefix":"","number":"35974","fullNumber":"35974","formattedNumber":"35974"}}
2021-08-16 06:29:05 :: ----------send data payment:36173------------
2021-08-16 06:29:05 :: {"date":"2021-08-16","invoices":[{"amount":"63000","id":"36173"}],"bankAccount":2}
2021-08-16 06:29:07 :: ----------result data payment:36173------------
2021-08-16 06:29:07 :: {"id":"37612","date":"2021-08-16","number":"35975","amount":"63000.0000000000","observations":null,"anotation":null,"type":"in","paymentMethod":"","status":"open","bankAccount":{"id":"2","name":"PAYU","type":"bank"},"client":{"id":"28193","name":"Sandra Catalina Mu\u00f1oz","phone":"3154080883"},"invoices":[{"id":"36173","number":"38434","date":"2021-08-16","amount":63000,"total":63000,"balance":0}],"costCenter":null,"numberTemplate":{"id":"3","prefix":"","number":"35975","fullNumber":"35975","formattedNumber":"35975"}}
2021-08-16 06:31:09 :: ----------send data payment:36174------------
2021-08-16 06:31:09 :: {"date":"2021-08-16","invoices":[{"amount":"37000","id":"36174"}],"bankAccount":2}
2021-08-16 06:31:11 :: ----------result data payment:36174------------
2021-08-16 06:31:11 :: {"id":"37613","date":"2021-08-16","number":"35976","amount":"37000.0000000000","observations":null,"anotation":null,"type":"in","paymentMethod":"","status":"open","bankAccount":{"id":"2","name":"PAYU","type":"bank"},"client":{"id":"28194","name":"Andrea Torres Obreg\u00f3n","phone":"3002039706"},"invoices":[{"id":"36174","number":"38435","date":"2021-08-16","amount":37000,"total":37000,"balance":0}],"costCenter":null,"numberTemplate":{"id":"3","prefix":"","number":"35976","fullNumber":"35976","formattedNumber":"35976"}}
2021-08-16 06:53:04 :: ----------send data payment:36175------------
2021-08-16 06:53:04 :: {"date":"2021-08-16","invoices":[{"amount":"78000","id":"36175"}],"bankAccount":2}
2021-08-16 06:53:06 :: ----------result data payment:36175------------
2021-08-16 06:53:06 :: {"id":"37614","date":"2021-08-16","number":"35977","amount":"78000.0000000000","observations":null,"anotation":null,"type":"in","paymentMethod":"","status":"open","bankAccount":{"id":"2","name":"PAYU","type":"bank"},"client":{"id":"28195","name":"Jacqueline Ramirez","phone":"3244389036"},"invoices":[{"id":"36175","number":"38436","date":"2021-08-16","amount":78000,"total":78000,"balance":0}],"costCenter":null,"numberTemplate":{"id":"3","prefix":"","number":"35977","fullNumber":"35977","formattedNumber":"35977"}}
2021-08-16 06:54:03 :: ----------send data payment:36176------------
2021-08-16 06:54:03 :: {"date":"2021-08-16","invoices":[{"amount":"43000","id":"36176"}],"bankAccount":2}
2021-08-16 06:54:05 :: ----------result data payment:36176------------
2021-08-16 06:54:05 :: {"id":"37615","date":"2021-08-16","number":"35978","amount":"43000.0000000000","observations":null,"anotation":null,"type":"in","paymentMethod":"","status":"open","bankAccount":{"id":"2","name":"PAYU","type":"bank"},"client":{"id":"28196","name":"Lorena Rico","phone":"3134629920"},"invoices":[{"id":"36176","number":"38437","date":"2021-08-16","amount":43000,"total":43000,"balance":0}],"costCenter":null,"numberTemplate":{"id":"3","prefix":"","number":"35978","fullNumber":"35978","formattedNumber":"35978"}}
2021-08-16 07:01:09 :: ----------send data payment:36177------------
2021-08-16 07:01:09 :: {"date":"2021-08-16","invoices":[{"amount":"210000","id":"36177"}],"bankAccount":2}
2021-08-16 07:01:10 :: ----------result data payment:36177------------
2021-08-16 07:01:10 :: {"id":"37616","date":"2021-08-16","number":"35979","amount":"210000.0000000000","observations":null,"anotation":null,"type":"in","paymentMethod":"","status":"open","bankAccount":{"id":"2","name":"PAYU","type":"bank"},"client":{"id":"3456","name":"Diana Carolina Sabio S\u00e1nchez","phone":"3213410562"},"invoices":[{"id":"36177","number":"38438","date":"2021-08-16","amount":210000,"total":210000,"balance":0}],"costCenter":null,"numberTemplate":{"id":"3","prefix":"","number":"35979","fullNumber":"35979","formattedNumber":"35979"}}
2021-08-16 09:21:09 :: ----------send data payment:36178------------
2021-08-16 09:21:09 :: {"date":"2021-08-16","invoices":[{"amount":"170000","id":"36178"}],"bankAccount":2}
2021-08-16 09:21:11 :: ----------result data payment:36178------------
2021-08-16 09:21:11 :: {"id":"37617","date":"2021-08-16","number":"35980","amount":"170000.0000000000","observations":null,"anotation":null,"type":"in","paymentMethod":"","status":"open","bankAccount":{"id":"2","name":"PAYU","type":"bank"},"client":{"id":"28197","name":"Natalia Mar\u00edn","phone":"3147793146"},"invoices":[{"id":"36178","number":"38439","date":"2021-08-16","amount":170000,"total":170000,"balance":0}],"costCenter":null,"numberTemplate":{"id":"3","prefix":"","number":"35980","fullNumber":"35980","formattedNumber":"35980"}}
2021-08-16 09:48:06 :: ----------send data payment:36179------------
2021-08-16 09:48:06 :: {"date":"2021-08-16","invoices":[{"amount":"89002","id":"36179"}],"bankAccount":2}
2021-08-16 09:48:07 :: ----------result data payment:36179------------
2021-08-16 09:48:07 :: {"id":"37618","date":"2021-08-16","number":"35981","amount":"89002.0000000000","observations":null,"anotation":null,"type":"in","paymentMethod":"","status":"open","bankAccount":{"id":"2","name":"PAYU","type":"bank"},"client":{"id":"28198","name":"Viviana Sotelo","phone":"3006461155"},"invoices":[{"id":"36179","number":"38440","date":"2021-08-16","amount":89002,"total":89002,"balance":0}],"costCenter":null,"numberTemplate":{"id":"3","prefix":"","number":"35981","fullNumber":"35981","formattedNumber":"35981"}}
2021-08-16 10:55:04 :: ----------send data payment:36180------------
2021-08-16 10:55:04 :: {"date":"2021-08-16","invoices":[{"amount":"70000","id":"36180"}],"bankAccount":2}
2021-08-16 10:55:06 :: ----------result data payment:36180------------
2021-08-16 10:55:06 :: {"id":"37619","date":"2021-08-16","number":"35982","amount":"70000.0000000000","observations":null,"anotation":null,"type":"in","paymentMethod":"","status":"open","bankAccount":{"id":"2","name":"PAYU","type":"bank"},"client":{"id":"28199","name":"Angie S\u00e1nchez","phone":"3153024335"},"invoices":[{"id":"36180","number":"38441","date":"2021-08-16","amount":70000,"total":70000,"balance":0}],"costCenter":null,"numberTemplate":{"id":"3","prefix":"","number":"35982","fullNumber":"35982","formattedNumber":"35982"}}
2021-08-16 11:38:05 :: ----------send data payment:36181------------
2021-08-16 11:38:05 :: {"date":"2021-08-16","invoices":[{"amount":"55000","id":"36181"}],"bankAccount":2}
2021-08-16 11:38:06 :: ----------result data payment:36181------------
2021-08-16 11:38:06 :: {"id":"37620","date":"2021-08-16","number":"35983","amount":"55000.0000000000","observations":null,"anotation":null,"type":"in","paymentMethod":"","status":"open","bankAccount":{"id":"2","name":"PAYU","type":"bank"},"client":{"id":"28200","name":"karol paez","phone":"3013932344"},"invoices":[{"id":"36181","number":"38442","date":"2021-08-16","amount":55000,"total":55000,"balance":0}],"costCenter":null,"numberTemplate":{"id":"3","prefix":"","number":"35983","fullNumber":"35983","formattedNumber":"35983"}}