
2021-03-17 01:15:08 :: ----------send data payment:29264------------
2021-03-17 01:15:08 :: {"date":"2021-03-17","invoices":[{"amount":"56600","id":"29264"}],"bankAccount":2}
2021-03-17 01:15:09 :: ----------result data payment:29264------------
2021-03-17 01:15:09 :: {"id":"30294","date":"2021-03-17","number":"29047","amount":"56600.0000000000","observations":null,"anotation":null,"type":"in","paymentMethod":"","status":"open","bankAccount":{"id":"2","name":"PAYU","type":"bank"},"client":{"id":"23281","name":"JUAN CARLOS FERNANDEZ","phone":"3102942371"},"invoices":[{"id":"29264","number":"31525","date":"2021-03-17","amount":56600,"total":56600,"balance":0}],"costCenter":null,"numberTemplate":{"id":"3","prefix":"","number":"29047","fullNumber":"29047","formattedNumber":"29047"}}
2021-03-17 01:25:07 :: ----------send data payment:29265------------
2021-03-17 01:25:07 :: {"date":"2021-03-17","invoices":[{"amount":"94000","id":"29265"}],"bankAccount":2}
2021-03-17 01:25:08 :: ----------result data payment:29265------------
2021-03-17 01:25:08 :: {"id":"30295","date":"2021-03-17","number":"29048","amount":"94000.0000000000","observations":null,"anotation":null,"type":"in","paymentMethod":"","status":"open","bankAccount":{"id":"2","name":"PAYU","type":"bank"},"client":{"id":"23282","name":"Dayrith Mejia","phone":"3146343198"},"invoices":[{"id":"29265","number":"31526","date":"2021-03-17","amount":94000,"total":94000,"balance":0}],"costCenter":null,"numberTemplate":{"id":"3","prefix":"","number":"29048","fullNumber":"29048","formattedNumber":"29048"}}
2021-03-17 06:10:20 :: ----------send data payment:29266------------
2021-03-17 06:10:20 :: {"date":"2021-03-17","invoices":[{"amount":"170001","id":"29266"}],"bankAccount":2}
2021-03-17 06:10:21 :: ----------result data payment:29266------------
2021-03-17 06:10:21 :: {"id":"30296","date":"2021-03-17","number":"29049","amount":"170001.0000000000","observations":null,"anotation":null,"type":"in","paymentMethod":"","status":"open","bankAccount":{"id":"2","name":"PAYU","type":"bank"},"client":{"id":"23283","name":"Yandely Ceron","phone":"3166207374"},"invoices":[{"id":"29266","number":"31527","date":"2021-03-17","amount":170001,"total":170001,"balance":0}],"costCenter":null,"numberTemplate":{"id":"3","prefix":"","number":"29049","fullNumber":"29049","formattedNumber":"29049"}}
2021-03-17 08:50:12 :: ----------send data payment:29267------------
2021-03-17 08:50:12 :: {"date":"2021-03-17","invoices":[{"amount":"130000","id":"29267"}],"bankAccount":2}
2021-03-17 08:50:14 :: ----------result data payment:29267------------
2021-03-17 08:50:14 :: {"id":"30297","date":"2021-03-17","number":"29050","amount":"130000.0000000000","observations":null,"anotation":null,"type":"in","paymentMethod":"","status":"open","bankAccount":{"id":"2","name":"PAYU","type":"bank"},"client":{"id":"16520","name":"Paula Botero","phone":"3113946209"},"invoices":[{"id":"29267","number":"31528","date":"2021-03-17","amount":130000,"total":130000,"balance":0}],"costCenter":null,"numberTemplate":{"id":"3","prefix":"","number":"29050","fullNumber":"29050","formattedNumber":"29050"}}
2021-03-17 10:15:17 :: ----------send data payment:29270------------
2021-03-17 10:15:17 :: {"date":"2021-03-17","invoices":[{"amount":"46000","id":"29270"}],"bankAccount":2}
2021-03-17 10:15:18 :: ----------result data payment:29270------------
2021-03-17 10:15:18 :: {"id":"30301","date":"2021-03-17","number":"29054","amount":"46000.0000000000","observations":null,"anotation":null,"type":"in","paymentMethod":"","status":"open","bankAccount":{"id":"2","name":"PAYU","type":"bank"},"client":{"id":"23286","name":"Katherine Mar\u00edn Ram\u00edrez","phone":"3217875180"},"invoices":[{"id":"29270","number":"31531","date":"2021-03-17","amount":46000,"total":46000,"balance":0}],"costCenter":null,"numberTemplate":{"id":"3","prefix":"","number":"29054","fullNumber":"29054","formattedNumber":"29054"}}
2021-03-17 11:20:19 :: ----------send data payment:29272------------
2021-03-17 11:20:19 :: {"date":"2021-03-17","invoices":[{"amount":"18000","id":"29272"}],"bankAccount":2}
2021-03-17 11:20:20 :: ----------result data payment:29272------------
2021-03-17 11:20:20 :: {"id":"30304","date":"2021-03-17","number":"29056","amount":"18000.0000000000","observations":null,"anotation":null,"type":"in","paymentMethod":"","status":"open","bankAccount":{"id":"2","name":"PAYU","type":"bank"},"client":{"id":"23287","name":"Katy Agudelo","phone":"3226141843"},"invoices":[{"id":"29272","number":"31533","date":"2021-03-17","amount":18000,"total":18000,"balance":0}],"costCenter":null,"numberTemplate":{"id":"3","prefix":"","number":"29056","fullNumber":"29056","formattedNumber":"29056"}}
2021-03-17 11:30:30 :: ----------send data payment:29273------------
2021-03-17 11:30:30 :: {"date":"2021-03-17","invoices":[{"amount":"61001","id":"29273"}],"bankAccount":2}
2021-03-17 11:30:32 :: ----------result data payment:29273------------
2021-03-17 11:30:32 :: {"id":"30305","date":"2021-03-17","number":"29057","amount":"61001.0000000000","observations":null,"anotation":null,"type":"in","paymentMethod":"","status":"open","bankAccount":{"id":"2","name":"PAYU","type":"bank"},"client":{"id":"23288","name":"Marlyn C.","phone":"3002512649"},"invoices":[{"id":"29273","number":"31534","date":"2021-03-17","amount":61001,"total":61001,"balance":0}],"costCenter":null,"numberTemplate":{"id":"3","prefix":"","number":"29057","fullNumber":"29057","formattedNumber":"29057"}}
2021-03-17 11:50:10 :: ----------send data payment:29274------------
2021-03-17 11:50:10 :: {"date":"2021-03-17","invoices":[{"amount":"120999","id":"29274"}],"bankAccount":2}
2021-03-17 11:50:12 :: ----------result data payment:29274------------
2021-03-17 11:50:12 :: {"id":"30306","date":"2021-03-17","number":"29058","amount":"120999.0000000000","observations":null,"anotation":null,"type":"in","paymentMethod":"","status":"open","bankAccount":{"id":"2","name":"PAYU","type":"bank"},"client":{"id":"2095","name":"NATALIA FRANCO","phone":"3104515517"},"invoices":[{"id":"29274","number":"31535","date":"2021-03-17","amount":120999,"total":120999,"balance":0}],"costCenter":null,"numberTemplate":{"id":"3","prefix":"","number":"29058","fullNumber":"29058","formattedNumber":"29058"}}
2021-03-17 12:05:18 :: ----------send data payment:29275------------
2021-03-17 12:05:18 :: {"date":"2021-03-17","invoices":[{"amount":"266001","id":"29275"}],"bankAccount":2}
2021-03-17 12:05:20 :: ----------result data payment:29275------------
2021-03-17 12:05:20 :: {"id":"30307","date":"2021-03-17","number":"29059","amount":"266001.0000000000","observations":null,"anotation":null,"type":"in","paymentMethod":"","status":"open","bankAccount":{"id":"2","name":"PAYU","type":"bank"},"client":{"id":"23289","name":"Diana Rivera","phone":"3132032749"},"invoices":[{"id":"29275","number":"31536","date":"2021-03-17","amount":266001,"total":266001,"balance":0}],"costCenter":null,"numberTemplate":{"id":"3","prefix":"","number":"29059","fullNumber":"29059","formattedNumber":"29059"}}
2021-03-17 12:35:17 :: ----------send data payment:29276------------
2021-03-17 12:35:17 :: {"date":"2021-03-17","invoices":[{"amount":"90000","id":"29276"}],"bankAccount":2}
2021-03-17 12:35:18 :: ----------result data payment:29276------------
2021-03-17 12:35:18 :: {"id":"30308","date":"2021-03-17","number":"29060","amount":"90000.0000000000","observations":null,"anotation":null,"type":"in","paymentMethod":"","status":"open","bankAccount":{"id":"2","name":"PAYU","type":"bank"},"client":{"id":"23290","name":"Laura Dayanna Martinez","phone":"3215994054"},"invoices":[{"id":"29276","number":"31537","date":"2021-03-17","amount":90000,"total":90000,"balance":0}],"costCenter":null,"numberTemplate":{"id":"3","prefix":"","number":"29060","fullNumber":"29060","formattedNumber":"29060"}}
2021-03-17 12:35:20 :: ----------send data payment:29277------------
2021-03-17 12:35:20 :: {"date":"2021-03-17","invoices":[{"amount":"48000","id":"29277"}],"bankAccount":2}
2021-03-17 12:35:22 :: ----------result data payment:29277------------
2021-03-17 12:35:22 :: {"id":"30309","date":"2021-03-17","number":"29061","amount":"48000.0000000000","observations":null,"anotation":null,"type":"in","paymentMethod":"","status":"open","bankAccount":{"id":"2","name":"PAYU","type":"bank"},"client":{"id":"21982","name":"Yenifer Carolina Vergel","phone":"3006129878"},"invoices":[{"id":"29277","number":"31538","date":"2021-03-17","amount":48000,"total":48000,"balance":0}],"costCenter":null,"numberTemplate":{"id":"3","prefix":"","number":"29061","fullNumber":"29061","formattedNumber":"29061"}}
2021-03-17 12:45:10 :: ----------send data payment:29278------------
2021-03-17 12:45:10 :: {"date":"2021-03-17","invoices":[{"amount":"33000","id":"29278"}],"bankAccount":2}
2021-03-17 12:45:11 :: ----------result data payment:29278------------
2021-03-17 12:45:11 :: {"id":"30312","date":"2021-03-17","number":"29062","amount":"33000.0000000000","observations":null,"anotation":null,"type":"in","paymentMethod":"","status":"open","bankAccount":{"id":"2","name":"PAYU","type":"bank"},"client":{"id":"23291","name":"Adriana Quintero","phone":"3057371783"},"invoices":[{"id":"29278","number":"31539","date":"2021-03-17","amount":33000,"total":33000,"balance":0}],"costCenter":null,"numberTemplate":{"id":"3","prefix":"","number":"29062","fullNumber":"29062","formattedNumber":"29062"}}
2021-03-17 12:45:14 :: ----------send data payment:29279------------
2021-03-17 12:45:14 :: {"date":"2021-03-17","invoices":[{"amount":"130001","id":"29279"}],"bankAccount":2}
2021-03-17 12:45:15 :: ----------result data payment:29279------------
2021-03-17 12:45:15 :: {"id":"30313","date":"2021-03-17","number":"29063","amount":"130001.0000000000","observations":null,"anotation":null,"type":"in","paymentMethod":"","status":"open","bankAccount":{"id":"2","name":"PAYU","type":"bank"},"client":{"id":"23292","name":"Juli\u00e1n Lancheros","phone":"3022584448"},"invoices":[{"id":"29279","number":"31540","date":"2021-03-17","amount":130001,"total":130001,"balance":0}],"costCenter":null,"numberTemplate":{"id":"3","prefix":"","number":"29063","fullNumber":"29063","formattedNumber":"29063"}}
2021-03-17 01:00:30 :: ----------send data payment:29280------------
2021-03-17 01:00:30 :: {"date":"2021-03-17","invoices":[{"amount":"37000","id":"29280"}],"bankAccount":2}
2021-03-17 01:00:32 :: ----------result data payment:29280------------
2021-03-17 01:00:32 :: {"id":"30314","date":"2021-03-17","number":"29064","amount":"37000.0000000000","observations":null,"anotation":null,"type":"in","paymentMethod":"","status":"open","bankAccount":{"id":"2","name":"PAYU","type":"bank"},"client":{"id":"23293","name":"Maira Jimenez","phone":"3506987807"},"invoices":[{"id":"29280","number":"31541","date":"2021-03-17","amount":37000,"total":37000,"balance":0}],"costCenter":null,"numberTemplate":{"id":"3","prefix":"","number":"29064","fullNumber":"29064","formattedNumber":"29064"}}
2021-03-17 01:20:12 :: ----------send data payment:29281------------
2021-03-17 01:20:12 :: {"date":"2021-03-17","invoices":[{"amount":"32000","id":"29281"}],"bankAccount":2}
2021-03-17 01:20:13 :: ----------result data payment:29281------------
2021-03-17 01:20:13 :: {"id":"30315","date":"2021-03-17","number":"29065","amount":"32000.0000000000","observations":null,"anotation":null,"type":"in","paymentMethod":"","status":"open","bankAccount":{"id":"2","name":"PAYU","type":"bank"},"client":{"id":"23294","name":"Tatiana Ram\u00edrez","phone":"5021639"},"invoices":[{"id":"29281","number":"31542","date":"2021-03-17","amount":32000,"total":32000,"balance":0}],"costCenter":null,"numberTemplate":{"id":"3","prefix":"","number":"29065","fullNumber":"29065","formattedNumber":"29065"}}
2021-03-17 01:30:31 :: ----------send data payment:29282------------
2021-03-17 01:30:31 :: {"date":"2021-03-17","invoices":[{"amount":"73000","id":"29282"}],"bankAccount":2}
2021-03-17 01:30:32 :: ----------result data payment:29282------------
2021-03-17 01:30:32 :: {"id":"30316","date":"2021-03-17","number":"29066","amount":"73000.0000000000","observations":null,"anotation":null,"type":"in","paymentMethod":"","status":"open","bankAccount":{"id":"2","name":"PAYU","type":"bank"},"client":{"id":"23295","name":"Miguel Diego","phone":"3204674058"},"invoices":[{"id":"29282","number":"31543","date":"2021-03-17","amount":73000,"total":73000,"balance":0}],"costCenter":null,"numberTemplate":{"id":"3","prefix":"","number":"29066","fullNumber":"29066","formattedNumber":"29066"}}
2021-03-17 02:40:36 :: ----------send data payment:29283------------
2021-03-17 02:40:36 :: {"date":"2021-03-17","invoices":[{"amount":"100000","id":"29283"}],"bankAccount":2}
2021-03-17 02:40:37 :: ----------result data payment:29283------------
2021-03-17 02:40:37 :: {"id":"30317","date":"2021-03-17","number":"29067","amount":"100000.0000000000","observations":null,"anotation":null,"type":"in","paymentMethod":"","status":"open","bankAccount":{"id":"2","name":"PAYU","type":"bank"},"client":{"id":"23296","name":"Catherine Lizette Aroca","phone":"3022219595"},"invoices":[{"id":"29283","number":"31544","date":"2021-03-17","amount":100000,"total":100000,"balance":0}],"costCenter":null,"numberTemplate":{"id":"3","prefix":"","number":"29067","fullNumber":"29067","formattedNumber":"29067"}}
2021-03-17 02:45:19 :: ----------send data payment:29284------------
2021-03-17 02:45:19 :: {"date":"2021-03-17","invoices":[{"amount":"60000","id":"29284"}],"bankAccount":2}
2021-03-17 02:45:20 :: ----------result data payment:29284------------
2021-03-17 02:45:20 :: {"id":"30318","date":"2021-03-17","number":"29068","amount":"60000.0000000000","observations":null,"anotation":null,"type":"in","paymentMethod":"","status":"open","bankAccount":{"id":"2","name":"PAYU","type":"bank"},"client":{"id":"23297","name":"Silvana Escobar feriz","phone":"3007733164"},"invoices":[{"id":"29284","number":"31545","date":"2021-03-17","amount":60000,"total":60000,"balance":0}],"costCenter":null,"numberTemplate":{"id":"3","prefix":"","number":"29068","fullNumber":"29068","formattedNumber":"29068"}}
2021-03-17 02:45:23 :: ----------send data payment:29285------------
2021-03-17 02:45:23 :: {"date":"2021-03-17","invoices":[{"amount":"90000","id":"29285"}],"bankAccount":2}
2021-03-17 02:45:24 :: ----------result data payment:29285------------
2021-03-17 02:45:24 :: {"id":"30319","date":"2021-03-17","number":"29069","amount":"90000.0000000000","observations":null,"anotation":null,"type":"in","paymentMethod":"","status":"open","bankAccount":{"id":"2","name":"PAYU","type":"bank"},"client":{"id":"2258","name":"Mar\u00eda cristina P\u00e9rez Villa","phone":"3103762738"},"invoices":[{"id":"29285","number":"31546","date":"2021-03-17","amount":90000,"total":90000,"balance":0}],"costCenter":null,"numberTemplate":{"id":"3","prefix":"","number":"29069","fullNumber":"29069","formattedNumber":"29069"}}
2021-03-17 02:45:26 :: ----------send data payment:29286------------
2021-03-17 02:45:26 :: {"date":"2021-03-17","invoices":[{"amount":"43001","id":"29286"}],"bankAccount":2}
2021-03-17 02:45:28 :: ----------result data payment:29286------------
2021-03-17 02:45:28 :: {"id":"30320","date":"2021-03-17","number":"29070","amount":"43001.0000000000","observations":null,"anotation":null,"type":"in","paymentMethod":"","status":"open","bankAccount":{"id":"2","name":"PAYU","type":"bank"},"client":{"id":"23298","name":"Carolina Narvaez","phone":"3003012872"},"invoices":[{"id":"29286","number":"31547","date":"2021-03-17","amount":43001,"total":43001,"balance":0}],"costCenter":null,"numberTemplate":{"id":"3","prefix":"","number":"29070","fullNumber":"29070","formattedNumber":"29070"}}
2021-03-17 02:55:12 :: ----------send data payment:29287------------
2021-03-17 02:55:12 :: {"date":"2021-03-17","invoices":[{"amount":"175001","id":"29287"}],"bankAccount":2}
2021-03-17 02:55:14 :: ----------result data payment:29287------------
2021-03-17 02:55:14 :: {"id":"30321","date":"2021-03-17","number":"29071","amount":"175001.0000000000","observations":null,"anotation":null,"type":"in","paymentMethod":"","status":"open","bankAccount":{"id":"2","name":"PAYU","type":"bank"},"client":{"id":"23299","name":"Claudia","phone":"3187827760"},"invoices":[{"id":"29287","number":"31548","date":"2021-03-17","amount":175001,"total":175001,"balance":0}],"costCenter":null,"numberTemplate":{"id":"3","prefix":"","number":"29071","fullNumber":"29071","formattedNumber":"29071"}}
2021-03-17 02:55:17 :: ----------send data payment:29288------------
2021-03-17 02:55:17 :: {"date":"2021-03-17","invoices":[{"amount":"31999","id":"29288"}],"bankAccount":2}
2021-03-17 02:55:19 :: ----------result data payment:29288------------
2021-03-17 02:55:19 :: {"id":"30322","date":"2021-03-17","number":"29072","amount":"31999.0000000000","observations":null,"anotation":null,"type":"in","paymentMethod":"","status":"open","bankAccount":{"id":"2","name":"PAYU","type":"bank"},"client":{"id":"23300","name":"erika zambrano","phone":"3104504296"},"invoices":[{"id":"29288","number":"31549","date":"2021-03-17","amount":31999,"total":31999,"balance":0}],"costCenter":null,"numberTemplate":{"id":"3","prefix":"","number":"29072","fullNumber":"29072","formattedNumber":"29072"}}
2021-03-17 04:05:32 :: ----------send data payment:29290------------
2021-03-17 04:05:32 :: {"date":"2021-03-17","invoices":[{"amount":"60000","id":"29290"}],"bankAccount":2}
2021-03-17 04:05:33 :: ----------result data payment:29290------------
2021-03-17 04:05:33 :: {"id":"30324","date":"2021-03-17","number":"29074","amount":"60000.0000000000","observations":null,"anotation":null,"type":"in","paymentMethod":"","status":"open","bankAccount":{"id":"2","name":"PAYU","type":"bank"},"client":{"id":"23301","name":"Biby cubides","phone":"3204774598"},"invoices":[{"id":"29290","number":"31551","date":"2021-03-17","amount":60000,"total":60000,"balance":0}],"costCenter":null,"numberTemplate":{"id":"3","prefix":"","number":"29074","fullNumber":"29074","formattedNumber":"29074"}}
2021-03-17 04:10:37 :: ----------send data payment:29291------------
2021-03-17 04:10:37 :: {"date":"2021-03-17","invoices":[{"amount":"68000","id":"29291"}],"bankAccount":2}
2021-03-17 04:10:38 :: ----------result data payment:29291------------
2021-03-17 04:10:38 :: {"id":"30325","date":"2021-03-17","number":"29075","amount":"68000.0000000000","observations":null,"anotation":null,"type":"in","paymentMethod":"","status":"open","bankAccount":{"id":"2","name":"PAYU","type":"bank"},"client":{"id":"21091","name":"Laura Carranza","phone":"3125149314"},"invoices":[{"id":"29291","number":"31552","date":"2021-03-17","amount":68000,"total":68000,"balance":0}],"costCenter":null,"numberTemplate":{"id":"3","prefix":"","number":"29075","fullNumber":"29075","formattedNumber":"29075"}}
2021-03-17 04:15:15 :: ----------send data payment:29292------------
2021-03-17 04:15:15 :: {"date":"2021-03-17","invoices":[{"amount":"67999","id":"29292"}],"bankAccount":2}
2021-03-17 04:15:16 :: ----------result data payment:29292------------
2021-03-17 04:15:16 :: {"id":"30326","date":"2021-03-17","number":"29076","amount":"67999.0000000000","observations":null,"anotation":null,"type":"in","paymentMethod":"","status":"open","bankAccount":{"id":"2","name":"PAYU","type":"bank"},"client":{"id":"23302","name":"Alix ni\u00f1o","phone":"3004840961"},"invoices":[{"id":"29292","number":"31553","date":"2021-03-17","amount":67999,"total":67999,"balance":0}],"costCenter":null,"numberTemplate":{"id":"3","prefix":"","number":"29076","fullNumber":"29076","formattedNumber":"29076"}}
2021-03-17 04:20:13 :: ----------send data payment:29293------------
2021-03-17 04:20:13 :: {"date":"2021-03-17","invoices":[{"amount":"77000","id":"29293"}],"bankAccount":2}
2021-03-17 04:20:14 :: ----------result data payment:29293------------
2021-03-17 04:20:14 :: {"id":"30327","date":"2021-03-17","number":"29077","amount":"77000.0000000000","observations":null,"anotation":null,"type":"in","paymentMethod":"","status":"open","bankAccount":{"id":"2","name":"PAYU","type":"bank"},"client":{"id":"23303","name":"Nana Mej\u00eda","phone":"3127966446"},"invoices":[{"id":"29293","number":"31554","date":"2021-03-17","amount":77000,"total":77000,"balance":0}],"costCenter":null,"numberTemplate":{"id":"3","prefix":"","number":"29077","fullNumber":"29077","formattedNumber":"29077"}}
2021-03-17 04:25:21 :: ----------send data payment:29294------------
2021-03-17 04:25:21 :: {"date":"2021-03-17","invoices":[{"amount":"110000","id":"29294"}],"bankAccount":2}
2021-03-17 04:25:24 :: ----------result data payment:29294------------
2021-03-17 04:25:24 :: {"id":"30328","date":"2021-03-17","number":"29078","amount":"110000.0000000000","observations":null,"anotation":null,"type":"in","paymentMethod":"","status":"open","bankAccount":{"id":"2","name":"PAYU","type":"bank"},"client":{"id":"23304","name":"Lilibet Rodr\u00edguez","phone":"3125111236"},"invoices":[{"id":"29294","number":"31555","date":"2021-03-17","amount":110000,"total":110000,"balance":0}],"costCenter":null,"numberTemplate":{"id":"3","prefix":"","number":"29078","fullNumber":"29078","formattedNumber":"29078"}}
2021-03-17 05:00:09 :: ----------send data payment:29295------------
2021-03-17 05:00:09 :: {"date":"2021-03-17","invoices":[{"amount":"53999","id":"29295"}],"bankAccount":2}
2021-03-17 05:00:10 :: ----------result data payment:29295------------
2021-03-17 05:00:10 :: {"id":"30329","date":"2021-03-17","number":"29079","amount":"53999.0000000000","observations":null,"anotation":null,"type":"in","paymentMethod":"","status":"open","bankAccount":{"id":"2","name":"PAYU","type":"bank"},"client":{"id":"20222","name":"Daniela","phone":"3013531298"},"invoices":[{"id":"29295","number":"31556","date":"2021-03-17","amount":53999,"total":53999,"balance":0}],"costCenter":null,"numberTemplate":{"id":"3","prefix":"","number":"29079","fullNumber":"29079","formattedNumber":"29079"}}
2021-03-17 05:15:20 :: ----------send data payment:29296------------
2021-03-17 05:15:20 :: {"date":"2021-03-17","invoices":[{"amount":"59500","id":"29296"}],"bankAccount":2}
2021-03-17 05:15:21 :: ----------result data payment:29296------------
2021-03-17 05:15:21 :: {"id":"30330","date":"2021-03-17","number":"29080","amount":"59500.0000000000","observations":null,"anotation":null,"type":"in","paymentMethod":"","status":"open","bankAccount":{"id":"2","name":"PAYU","type":"bank"},"client":{"id":"7131","name":"Maria del Carmen Martinez","phone":"3105636123"},"invoices":[{"id":"29296","number":"31557","date":"2021-03-17","amount":59500,"total":59500,"balance":0}],"costCenter":null,"numberTemplate":{"id":"3","prefix":"","number":"29080","fullNumber":"29080","formattedNumber":"29080"}}
2021-03-17 05:25:12 :: ----------send data payment:29297------------
2021-03-17 05:25:12 :: {"date":"2021-03-17","invoices":[{"amount":"59000","id":"29297"}],"bankAccount":2}
2021-03-17 05:25:14 :: ----------result data payment:29297------------
2021-03-17 05:25:14 :: {"id":"30331","date":"2021-03-17","number":"29081","amount":"59000.0000000000","observations":null,"anotation":null,"type":"in","paymentMethod":"","status":"open","bankAccount":{"id":"2","name":"PAYU","type":"bank"},"client":{"id":"23305","name":"Karoliine Pati\u00f1o","phone":"3223593781"},"invoices":[{"id":"29297","number":"31558","date":"2021-03-17","amount":59000,"total":59000,"balance":0}],"costCenter":null,"numberTemplate":{"id":"3","prefix":"","number":"29081","fullNumber":"29081","formattedNumber":"29081"}}
2021-03-17 05:35:15 :: ----------send data payment:29298------------
2021-03-17 05:35:15 :: {"date":"2021-03-17","invoices":[{"amount":"55001","id":"29298"}],"bankAccount":2}
2021-03-17 05:35:16 :: ----------result data payment:29298------------
2021-03-17 05:35:16 :: {"id":"30332","date":"2021-03-17","number":"29082","amount":"55001.0000000000","observations":null,"anotation":null,"type":"in","paymentMethod":"","status":"open","bankAccount":{"id":"2","name":"PAYU","type":"bank"},"client":{"id":"23306","name":"Nathaly Montoya","phone":"3002758708"},"invoices":[{"id":"29298","number":"31559","date":"2021-03-17","amount":55001,"total":55001,"balance":0}],"costCenter":null,"numberTemplate":{"id":"3","prefix":"","number":"29082","fullNumber":"29082","formattedNumber":"29082"}}
2021-03-17 06:20:15 :: ----------send data payment:29299------------
2021-03-17 06:20:15 :: {"date":"2021-03-17","invoices":[{"amount":"222000","id":"29299"}],"bankAccount":2}
2021-03-17 06:20:17 :: ----------result data payment:29299------------
2021-03-17 06:20:17 :: {"id":"30333","date":"2021-03-17","number":"29083","amount":"222000.0000000000","observations":null,"anotation":null,"type":"in","paymentMethod":"","status":"open","bankAccount":{"id":"2","name":"PAYU","type":"bank"},"client":{"id":"23307","name":"juliana.henriquez11","phone":"3166184167"},"invoices":[{"id":"29299","number":"31560","date":"2021-03-17","amount":222000,"total":222000,"balance":0}],"costCenter":null,"numberTemplate":{"id":"3","prefix":"","number":"29083","fullNumber":"29083","formattedNumber":"29083"}}
2021-03-17 07:15:30 :: ----------send data payment:29300------------
2021-03-17 07:15:30 :: {"date":"2021-03-17","invoices":[{"amount":"62001","id":"29300"}],"bankAccount":2}
2021-03-17 07:15:31 :: ----------result data payment:29300------------
2021-03-17 07:15:31 :: {"id":"30334","date":"2021-03-17","number":"29084","amount":"62001.0000000000","observations":null,"anotation":null,"type":"in","paymentMethod":"","status":"open","bankAccount":{"id":"2","name":"PAYU","type":"bank"},"client":{"id":"16372","name":"Maria paula delgado","phone":"3193795229"},"invoices":[{"id":"29300","number":"31561","date":"2021-03-17","amount":62001,"total":62001,"balance":0}],"costCenter":null,"numberTemplate":{"id":"3","prefix":"","number":"29084","fullNumber":"29084","formattedNumber":"29084"}}
2021-03-17 07:55:07 :: ----------send data payment:29301------------
2021-03-17 07:55:07 :: {"date":"2021-03-17","invoices":[{"amount":"34000","id":"29301"}],"bankAccount":2}
2021-03-17 07:55:08 :: ----------result data payment:29301------------
2021-03-17 07:55:08 :: {"id":"30335","date":"2021-03-17","number":"29085","amount":"34000.0000000000","observations":null,"anotation":null,"type":"in","paymentMethod":"","status":"open","bankAccount":{"id":"2","name":"PAYU","type":"bank"},"client":{"id":"13977","name":"MANUELA SANCHEZ RAMIREZ","phone":"3006238012"},"invoices":[{"id":"29301","number":"31562","date":"2021-03-17","amount":34000,"total":34000,"balance":0}],"costCenter":null,"numberTemplate":{"id":"3","prefix":"","number":"29085","fullNumber":"29085","formattedNumber":"29085"}}
2021-03-17 09:05:13 :: ----------send data payment:29302------------
2021-03-17 09:05:13 :: {"date":"2021-03-17","invoices":[{"amount":"145004","id":"29302"}],"bankAccount":2}
2021-03-17 09:05:14 :: ----------result data payment:29302------------
2021-03-17 09:05:14 :: {"id":"30336","date":"2021-03-17","number":"29086","amount":"145004.0000000000","observations":null,"anotation":null,"type":"in","paymentMethod":"","status":"open","bankAccount":{"id":"2","name":"PAYU","type":"bank"},"client":{"id":"23308","name":"Paula Quintero Neira","phone":"3185276678"},"invoices":[{"id":"29302","number":"31563","date":"2021-03-17","amount":145004,"total":145004,"balance":0}],"costCenter":null,"numberTemplate":{"id":"3","prefix":"","number":"29086","fullNumber":"29086","formattedNumber":"29086"}}
2021-03-17 09:10:35 :: ----------send data payment:29303------------
2021-03-17 09:10:35 :: {"date":"2021-03-17","invoices":[{"amount":"277999","id":"29303"}],"bankAccount":2}
2021-03-17 09:10:37 :: ----------result data payment:29303------------
2021-03-17 09:10:37 :: {"id":"30337","date":"2021-03-17","number":"29087","amount":"277999.0000000000","observations":null,"anotation":null,"type":"in","paymentMethod":"","status":"open","bankAccount":{"id":"2","name":"PAYU","type":"bank"},"client":{"id":"7448","name":"ALEJANDRA","phone":"3104553626"},"invoices":[{"id":"29303","number":"31564","date":"2021-03-17","amount":277999,"total":277999,"balance":0}],"costCenter":null,"numberTemplate":{"id":"3","prefix":"","number":"29087","fullNumber":"29087","formattedNumber":"29087"}}
2021-03-17 09:50:20 :: ----------send data payment:29304------------
2021-03-17 09:50:20 :: {"date":"2021-03-17","invoices":[{"amount":"78002","id":"29304"}],"bankAccount":2}
2021-03-17 09:50:21 :: ----------result data payment:29304------------
2021-03-17 09:50:21 :: {"id":"30338","date":"2021-03-17","number":"29088","amount":"78002.0000000000","observations":null,"anotation":null,"type":"in","paymentMethod":"","status":"open","bankAccount":{"id":"2","name":"PAYU","type":"bank"},"client":{"id":"21727","name":"Aura Ramos","phone":"3163796530"},"invoices":[{"id":"29304","number":"31565","date":"2021-03-17","amount":78002,"total":78002,"balance":0}],"costCenter":null,"numberTemplate":{"id":"3","prefix":"","number":"29088","fullNumber":"29088","formattedNumber":"29088"}}
2021-03-17 09:50:31 :: ----------send data payment:29305------------
2021-03-17 09:50:31 :: {"date":"2021-03-17","invoices":[{"amount":"94000","id":"29305"}],"bankAccount":2}
2021-03-17 09:50:33 :: ----------result data payment:29305------------
2021-03-17 09:50:33 :: {"id":"30339","date":"2021-03-17","number":"29089","amount":"94000.0000000000","observations":null,"anotation":null,"type":"in","paymentMethod":"","status":"open","bankAccount":{"id":"2","name":"PAYU","type":"bank"},"client":{"id":"23309","name":"alejandra echeverry","phone":"3002973123"},"invoices":[{"id":"29305","number":"31566","date":"2021-03-17","amount":94000,"total":94000,"balance":0}],"costCenter":null,"numberTemplate":{"id":"3","prefix":"","number":"29089","fullNumber":"29089","formattedNumber":"29089"}}
2021-03-17 10:00:29 :: ----------send data payment:29306------------
2021-03-17 10:00:29 :: {"date":"2021-03-17","invoices":[{"amount":"140000","id":"29306"}],"bankAccount":2}
2021-03-17 10:00:30 :: ----------result data payment:29306------------
2021-03-17 10:00:30 :: {"id":"30340","date":"2021-03-17","number":"29090","amount":"140000.0000000000","observations":null,"anotation":null,"type":"in","paymentMethod":"","status":"open","bankAccount":{"id":"2","name":"PAYU","type":"bank"},"client":{"id":"8398","name":"Ariadna Restrepo","phone":"3106400506"},"invoices":[{"id":"29306","number":"31567","date":"2021-03-17","amount":140000,"total":140000,"balance":0}],"costCenter":null,"numberTemplate":{"id":"3","prefix":"","number":"29090","fullNumber":"29090","formattedNumber":"29090"}}
2021-03-17 10:10:11 :: ----------send data payment:29307------------
2021-03-17 10:10:11 :: {"date":"2021-03-17","invoices":[{"amount":"90000","id":"29307"}],"bankAccount":2}
2021-03-17 10:10:13 :: ----------result data payment:29307------------
2021-03-17 10:10:13 :: {"id":"30341","date":"2021-03-17","number":"29091","amount":"90000.0000000000","observations":null,"anotation":null,"type":"in","paymentMethod":"","status":"open","bankAccount":{"id":"2","name":"PAYU","type":"bank"},"client":{"id":"23310","name":"Karina Cervantes","phone":"3004816000"},"invoices":[{"id":"29307","number":"31568","date":"2021-03-17","amount":90000,"total":90000,"balance":0}],"costCenter":null,"numberTemplate":{"id":"3","prefix":"","number":"29091","fullNumber":"29091","formattedNumber":"29091"}}
2021-03-17 11:30:17 :: ----------send data payment:29308------------
2021-03-17 11:30:17 :: {"date":"2021-03-17","invoices":[{"amount":"143000","id":"29308"}],"bankAccount":2}
2021-03-17 11:30:18 :: ----------result data payment:29308------------
2021-03-17 11:30:18 :: {"id":"30342","date":"2021-03-17","number":"29092","amount":"143000.0000000000","observations":null,"anotation":null,"type":"in","paymentMethod":"","status":"open","bankAccount":{"id":"2","name":"PAYU","type":"bank"},"client":{"id":"23311","name":"Valentina Burgos Cardona","phone":"3104620433"},"invoices":[{"id":"29308","number":"31569","date":"2021-03-17","amount":143000,"total":143000,"balance":0}],"costCenter":null,"numberTemplate":{"id":"3","prefix":"","number":"29092","fullNumber":"29092","formattedNumber":"29092"}}
2021-03-17 11:50:09 :: ----------send data payment:29309------------
2021-03-17 11:50:09 :: {"date":"2021-03-17","invoices":[{"amount":"62000","id":"29309"}],"bankAccount":2}
2021-03-17 11:50:11 :: ----------result data payment:29309------------
2021-03-17 11:50:11 :: {"id":"30343","date":"2021-03-17","number":"29093","amount":"62000.0000000000","observations":null,"anotation":null,"type":"in","paymentMethod":"","status":"open","bankAccount":{"id":"2","name":"PAYU","type":"bank"},"client":{"id":"23312","name":"Alejandra Forero","phone":"3105637402"},"invoices":[{"id":"29309","number":"31570","date":"2021-03-17","amount":62000,"total":62000,"balance":0}],"costCenter":null,"numberTemplate":{"id":"3","prefix":"","number":"29093","fullNumber":"29093","formattedNumber":"29093"}}