
2021-06-10 01:10:07 :: ----------send data payment:32558------------
2021-06-10 01:10:07 :: {"date":"2021-06-10","invoices":[{"amount":"59500","id":"32558"}],"bankAccount":2}
2021-06-10 01:10:09 :: ----------result data payment:32558------------
2021-06-10 01:10:09 :: {"id":"33802","date":"2021-06-10","number":"32386","amount":"59500.0000000000","observations":null,"anotation":null,"type":"in","paymentMethod":"","status":"open","bankAccount":{"id":"2","name":"PAYU","type":"bank"},"client":{"id":"25492","name":"Mar\u00eda Paula Garc\u00eda M","phone":"3219919223"},"invoices":[{"id":"32558","number":"34819","date":"2021-06-10","amount":59500,"total":59500,"balance":0}],"costCenter":null,"numberTemplate":{"id":"3","prefix":"","number":"32386","fullNumber":"32386","formattedNumber":"32386"}}
2021-06-10 07:30:08 :: ----------send data payment:32559------------
2021-06-10 07:30:08 :: {"date":"2021-06-10","invoices":[{"amount":"69999","id":"32559"}],"bankAccount":2}
2021-06-10 07:30:09 :: ----------result data payment:32559------------
2021-06-10 07:30:09 :: {"id":"33803","date":"2021-06-10","number":"32387","amount":"69999.0000000000","observations":null,"anotation":null,"type":"in","paymentMethod":"","status":"open","bankAccount":{"id":"2","name":"PAYU","type":"bank"},"client":{"id":"25493","name":"Alejandra D\u00edaz Ortiz","phone":"3105096587"},"invoices":[{"id":"32559","number":"34820","date":"2021-06-10","amount":69999,"total":69999,"balance":0}],"costCenter":null,"numberTemplate":{"id":"3","prefix":"","number":"32387","fullNumber":"32387","formattedNumber":"32387"}}
2021-06-10 08:05:10 :: ----------send data payment:32560------------
2021-06-10 08:05:10 :: {"date":"2021-06-10","invoices":[{"amount":"82500","id":"32560"}],"bankAccount":2}
2021-06-10 08:05:12 :: ----------result data payment:32560------------
2021-06-10 08:05:12 :: {"id":"33804","date":"2021-06-10","number":"32388","amount":"82500.0000000000","observations":null,"anotation":null,"type":"in","paymentMethod":"","status":"open","bankAccount":{"id":"2","name":"PAYU","type":"bank"},"client":{"id":"25494","name":"Maria Jose","phone":"8158112"},"invoices":[{"id":"32560","number":"34821","date":"2021-06-10","amount":82500,"total":82500,"balance":0}],"costCenter":null,"numberTemplate":{"id":"3","prefix":"","number":"32388","fullNumber":"32388","formattedNumber":"32388"}}
2021-06-10 08:15:19 :: ----------send data payment:32561------------
2021-06-10 08:15:19 :: {"date":"2021-06-10","invoices":[{"amount":"48500","id":"32561"}],"bankAccount":2}
2021-06-10 08:15:21 :: ----------result data payment:32561------------
2021-06-10 08:15:21 :: {"id":"33805","date":"2021-06-10","number":"32389","amount":"48500.0000000000","observations":null,"anotation":null,"type":"in","paymentMethod":"","status":"open","bankAccount":{"id":"2","name":"PAYU","type":"bank"},"client":{"id":"25495","name":"Juanita De Bedout","phone":"3152942404"},"invoices":[{"id":"32561","number":"34822","date":"2021-06-10","amount":48500,"total":48500,"balance":0}],"costCenter":null,"numberTemplate":{"id":"3","prefix":"","number":"32389","fullNumber":"32389","formattedNumber":"32389"}}
2021-06-10 08:45:17 :: ----------send data payment:32562------------
2021-06-10 08:45:17 :: {"date":"2021-06-10","invoices":[{"amount":"91500","id":"32562"}],"bankAccount":2}
2021-06-10 08:45:19 :: ----------result data payment:32562------------
2021-06-10 08:45:19 :: {"id":"33806","date":"2021-06-10","number":"32390","amount":"91500.0000000000","observations":null,"anotation":null,"type":"in","paymentMethod":"","status":"open","bankAccount":{"id":"2","name":"PAYU","type":"bank"},"client":{"id":"25496","name":"Yovana Gonz\u00e1lez","phone":"3058523054"},"invoices":[{"id":"32562","number":"34823","date":"2021-06-10","amount":91500,"total":91500,"balance":0}],"costCenter":null,"numberTemplate":{"id":"3","prefix":"","number":"32390","fullNumber":"32390","formattedNumber":"32390"}}
2021-06-10 09:45:11 :: ----------send data payment:32563------------
2021-06-10 09:45:11 :: {"date":"2021-06-10","invoices":[{"amount":"51500","id":"32563"}],"bankAccount":2}
2021-06-10 09:45:13 :: ----------result data payment:32563------------
2021-06-10 09:45:13 :: {"id":"33807","date":"2021-06-10","number":"32391","amount":"51500.0000000000","observations":null,"anotation":null,"type":"in","paymentMethod":"","status":"open","bankAccount":{"id":"2","name":"PAYU","type":"bank"},"client":{"id":"25497","name":"Alexandra Ramos","phone":"3188524672"},"invoices":[{"id":"32563","number":"34824","date":"2021-06-10","amount":51500,"total":51500,"balance":0}],"costCenter":null,"numberTemplate":{"id":"3","prefix":"","number":"32391","fullNumber":"32391","formattedNumber":"32391"}}
2021-06-10 10:00:07 :: ----------send data payment:32564------------
2021-06-10 10:00:07 :: {"date":"2021-06-10","invoices":[{"amount":"88601","id":"32564"}],"bankAccount":2}
2021-06-10 10:00:09 :: ----------result data payment:32564------------
2021-06-10 10:00:09 :: {"id":"33808","date":"2021-06-10","number":"32392","amount":"88601.0000000000","observations":null,"anotation":null,"type":"in","paymentMethod":"","status":"open","bankAccount":{"id":"2","name":"PAYU","type":"bank"},"client":{"id":"15877","name":"Michelle Grisales","phone":"3142890953"},"invoices":[{"id":"32564","number":"34825","date":"2021-06-10","amount":88601,"total":88601,"balance":0}],"costCenter":null,"numberTemplate":{"id":"3","prefix":"","number":"32392","fullNumber":"32392","formattedNumber":"32392"}}
2021-06-10 10:30:09 :: ----------send data payment:32565------------
2021-06-10 10:30:09 :: {"date":"2021-06-10","invoices":[{"amount":"220002","id":"32565"}],"bankAccount":2}
2021-06-10 10:30:10 :: ----------result data payment:32565------------
2021-06-10 10:30:10 :: {"id":"33809","date":"2021-06-10","number":"32393","amount":"220002.0000000000","observations":null,"anotation":null,"type":"in","paymentMethod":"","status":"open","bankAccount":{"id":"2","name":"PAYU","type":"bank"},"client":{"id":"25498","name":"Maria Marulanda","phone":"3007431919"},"invoices":[{"id":"32565","number":"34826","date":"2021-06-10","amount":220002,"total":220002,"balance":0}],"costCenter":null,"numberTemplate":{"id":"3","prefix":"","number":"32393","fullNumber":"32393","formattedNumber":"32393"}}
2021-06-10 10:45:14 :: ----------send data payment:32566------------
2021-06-10 10:45:14 :: {"date":"2021-06-10","invoices":[{"amount":"164000","id":"32566"}],"bankAccount":2}
2021-06-10 10:45:16 :: ----------result data payment:32566------------
2021-06-10 10:45:16 :: {"id":"33810","date":"2021-06-10","number":"32394","amount":"164000.0000000000","observations":null,"anotation":null,"type":"in","paymentMethod":"","status":"open","bankAccount":{"id":"2","name":"PAYU","type":"bank"},"client":{"id":"25350","name":"Johana Lorena quinchia","phone":"3177633420"},"invoices":[{"id":"32566","number":"34827","date":"2021-06-10","amount":164000,"total":164000,"balance":0}],"costCenter":null,"numberTemplate":{"id":"3","prefix":"","number":"32394","fullNumber":"32394","formattedNumber":"32394"}}
2021-06-10 11:20:04 :: ----------send data payment:32568------------
2021-06-10 11:20:04 :: {"date":"2021-06-10","invoices":[{"amount":"80001","id":"32568"}],"bankAccount":2}
2021-06-10 11:20:07 :: ----------result data payment:32568------------
2021-06-10 11:20:07 :: {"id":"33812","date":"2021-06-10","number":"32396","amount":"80001.0000000000","observations":null,"anotation":null,"type":"in","paymentMethod":"","status":"open","bankAccount":{"id":"2","name":"PAYU","type":"bank"},"client":{"id":"21947","name":"Luisa Fernanda Ortiz","phone":"3017266689"},"invoices":[{"id":"32568","number":"34829","date":"2021-06-10","amount":80001,"total":80001,"balance":0}],"costCenter":null,"numberTemplate":{"id":"3","prefix":"","number":"32396","fullNumber":"32396","formattedNumber":"32396"}}
2021-06-10 11:35:11 :: ----------send data payment:32569------------
2021-06-10 11:35:11 :: {"date":"2021-06-10","invoices":[{"amount":"148500","id":"32569"}],"bankAccount":2}
2021-06-10 11:35:14 :: ----------result data payment:32569------------
2021-06-10 11:35:14 :: {"id":"33813","date":"2021-06-10","number":"32397","amount":"148500.0000000000","observations":null,"anotation":null,"type":"in","paymentMethod":"","status":"open","bankAccount":{"id":"2","name":"PAYU","type":"bank"},"client":{"id":"25500","name":"Ana Sofia Piraban","phone":"3125953109"},"invoices":[{"id":"32569","number":"34830","date":"2021-06-10","amount":148500,"total":148500,"balance":0}],"costCenter":null,"numberTemplate":{"id":"3","prefix":"","number":"32397","fullNumber":"32397","formattedNumber":"32397"}}
2021-06-10 11:55:11 :: ----------send data payment:32570------------
2021-06-10 11:55:11 :: {"date":"2021-06-10","invoices":[{"amount":"71500","id":"32570"}],"bankAccount":2}
2021-06-10 11:55:16 :: ----------result data payment:32570------------
2021-06-10 11:55:16 :: {"id":"33814","date":"2021-06-10","number":"32398","amount":"71500.0000000000","observations":null,"anotation":null,"type":"in","paymentMethod":"","status":"open","bankAccount":{"id":"2","name":"PAYU","type":"bank"},"client":{"id":"23731","name":"Isabella Sierra","phone":"3008832985"},"invoices":[{"id":"32570","number":"34831","date":"2021-06-10","amount":71500,"total":71500,"balance":0}],"costCenter":null,"numberTemplate":{"id":"3","prefix":"","number":"32398","fullNumber":"32398","formattedNumber":"32398"}}
2021-06-10 02:05:14 :: ----------send data payment:32572------------
2021-06-10 02:05:14 :: {"date":"2021-06-10","invoices":[{"amount":"22600","id":"32572"}],"bankAccount":2}
2021-06-10 02:05:16 :: ----------result data payment:32572------------
2021-06-10 02:05:16 :: {"id":"33816","date":"2021-06-10","number":"32400","amount":"22600.0000000000","observations":null,"anotation":null,"type":"in","paymentMethod":"","status":"open","bankAccount":{"id":"2","name":"PAYU","type":"bank"},"client":{"id":"25501","name":"Diana Valentina Rivero M\u00e1rquez","phone":"3115758798"},"invoices":[{"id":"32572","number":"34833","date":"2021-06-10","amount":22600,"total":22600,"balance":0}],"costCenter":null,"numberTemplate":{"id":"3","prefix":"","number":"32400","fullNumber":"32400","formattedNumber":"32400"}}
2021-06-10 02:05:18 :: ----------send data payment:32573------------
2021-06-10 02:05:18 :: {"date":"2021-06-10","invoices":[{"amount":"120500","id":"32573"}],"bankAccount":2}
2021-06-10 02:05:20 :: ----------result data payment:32573------------
2021-06-10 02:05:20 :: {"id":"33817","date":"2021-06-10","number":"32401","amount":"120500.0000000000","observations":null,"anotation":null,"type":"in","paymentMethod":"","status":"open","bankAccount":{"id":"2","name":"PAYU","type":"bank"},"client":{"id":"23064","name":"Erica Gonzalez","phone":"3125535594"},"invoices":[{"id":"32573","number":"34834","date":"2021-06-10","amount":120500,"total":120500,"balance":0}],"costCenter":null,"numberTemplate":{"id":"3","prefix":"","number":"32401","fullNumber":"32401","formattedNumber":"32401"}}
2021-06-10 02:15:15 :: ----------send data payment:32574------------
2021-06-10 02:15:15 :: {"date":"2021-06-10","invoices":[{"amount":"72000","id":"32574"}],"bankAccount":2}
2021-06-10 02:15:17 :: ----------result data payment:32574------------
2021-06-10 02:15:17 :: {"id":"33818","date":"2021-06-10","number":"32402","amount":"72000.0000000000","observations":null,"anotation":null,"type":"in","paymentMethod":"","status":"open","bankAccount":{"id":"2","name":"PAYU","type":"bank"},"client":{"id":"9093","name":"Claudia patricia casta\u00f1o vargas","phone":"3164465844"},"invoices":[{"id":"32574","number":"34835","date":"2021-06-10","amount":72000,"total":72000,"balance":0}],"costCenter":null,"numberTemplate":{"id":"3","prefix":"","number":"32402","fullNumber":"32402","formattedNumber":"32402"}}
2021-06-10 03:00:10 :: ----------send data payment:32575------------
2021-06-10 03:00:10 :: {"date":"2021-06-10","invoices":[{"amount":"200001","id":"32575"}],"bankAccount":2}
2021-06-10 03:00:11 :: ----------result data payment:32575------------
2021-06-10 03:00:11 :: {"id":"33819","date":"2021-06-10","number":"32403","amount":"200001.0000000000","observations":null,"anotation":null,"type":"in","paymentMethod":"","status":"open","bankAccount":{"id":"2","name":"PAYU","type":"bank"},"client":{"id":"25502","name":"Natalia betancurt","phone":"3207580746"},"invoices":[{"id":"32575","number":"34836","date":"2021-06-10","amount":200001,"total":200001,"balance":0}],"costCenter":null,"numberTemplate":{"id":"3","prefix":"","number":"32403","fullNumber":"32403","formattedNumber":"32403"}}
2021-06-10 03:00:14 :: ----------send data payment:32576------------
2021-06-10 03:00:14 :: {"date":"2021-06-10","invoices":[{"amount":"21000","id":"32576"}],"bankAccount":2}
2021-06-10 03:00:16 :: ----------result data payment:32576------------
2021-06-10 03:00:16 :: {"id":"33820","date":"2021-06-10","number":"32404","amount":"21000.0000000000","observations":null,"anotation":null,"type":"in","paymentMethod":"","status":"open","bankAccount":{"id":"2","name":"PAYU","type":"bank"},"client":{"id":"24497","name":"Angie Melissa Zabala Mu\u00f1oz","phone":"3165397278"},"invoices":[{"id":"32576","number":"34837","date":"2021-06-10","amount":21000,"total":21000,"balance":0}],"costCenter":null,"numberTemplate":{"id":"3","prefix":"","number":"32404","fullNumber":"32404","formattedNumber":"32404"}}
2021-06-10 03:05:15 :: ----------send data payment:32577------------
2021-06-10 03:05:15 :: {"date":"2021-06-10","invoices":[{"amount":"85600","id":"32577"}],"bankAccount":2}
2021-06-10 03:05:17 :: ----------result data payment:32577------------
2021-06-10 03:05:17 :: {"id":"33821","date":"2021-06-10","number":"32405","amount":"85600.0000000000","observations":null,"anotation":null,"type":"in","paymentMethod":"","status":"open","bankAccount":{"id":"2","name":"PAYU","type":"bank"},"client":{"id":"25503","name":"Nazarin Mora","phone":"3118961954"},"invoices":[{"id":"32577","number":"34838","date":"2021-06-10","amount":85600,"total":85600,"balance":0}],"costCenter":null,"numberTemplate":{"id":"3","prefix":"","number":"32405","fullNumber":"32405","formattedNumber":"32405"}}
2021-06-10 03:10:12 :: ----------send data payment:32578------------
2021-06-10 03:10:12 :: {"date":"2021-06-10","invoices":[{"amount":"120000","id":"32578"}],"bankAccount":2}
2021-06-10 03:10:16 :: ----------result data payment:32578------------
2021-06-10 03:10:16 :: {"id":"33822","date":"2021-06-10","number":"32406","amount":"120000.0000000000","observations":null,"anotation":null,"type":"in","paymentMethod":"","status":"open","bankAccount":{"id":"2","name":"PAYU","type":"bank"},"client":{"id":"25504","name":"Laura Camila Contreras Santana","phone":"3204779410"},"invoices":[{"id":"32578","number":"34839","date":"2021-06-10","amount":120000,"total":120000,"balance":0}],"costCenter":null,"numberTemplate":{"id":"3","prefix":"","number":"32406","fullNumber":"32406","formattedNumber":"32406"}}
2021-06-10 03:20:08 :: ----------send data payment:32579------------
2021-06-10 03:20:08 :: {"date":"2021-06-10","invoices":[{"amount":"83000","id":"32579"}],"bankAccount":2}
2021-06-10 03:20:10 :: ----------result data payment:32579------------
2021-06-10 03:20:10 :: {"id":"33823","date":"2021-06-10","number":"32407","amount":"83000.0000000000","observations":null,"anotation":null,"type":"in","paymentMethod":"","status":"open","bankAccount":{"id":"2","name":"PAYU","type":"bank"},"client":{"id":"6611","name":"Estephany Carranza Camacho","phone":"3228513770"},"invoices":[{"id":"32579","number":"34840","date":"2021-06-10","amount":83000,"total":83000,"balance":0}],"costCenter":null,"numberTemplate":{"id":"3","prefix":"","number":"32407","fullNumber":"32407","formattedNumber":"32407"}}
2021-06-10 03:25:20 :: ----------send data payment:32580------------
2021-06-10 03:25:20 :: {"date":"2021-06-10","invoices":[{"amount":"48500","id":"32580"}],"bankAccount":2}
2021-06-10 03:25:22 :: ----------result data payment:32580------------
2021-06-10 03:25:22 :: {"id":"33824","date":"2021-06-10","number":"32408","amount":"48500.0000000000","observations":null,"anotation":null,"type":"in","paymentMethod":"","status":"open","bankAccount":{"id":"2","name":"PAYU","type":"bank"},"client":{"id":"25505","name":"Geraldine Daniela Reyes D\u00edaz","phone":"3214319469"},"invoices":[{"id":"32580","number":"34841","date":"2021-06-10","amount":48500,"total":48500,"balance":0}],"costCenter":null,"numberTemplate":{"id":"3","prefix":"","number":"32408","fullNumber":"32408","formattedNumber":"32408"}}
2021-06-10 04:40:08 :: ----------send data payment:32581------------
2021-06-10 04:40:08 :: {"date":"2021-06-10","invoices":[{"amount":"22600","id":"32581"}],"bankAccount":2}
2021-06-10 04:40:10 :: ----------result data payment:32581------------
2021-06-10 04:40:10 :: {"id":"33825","date":"2021-06-10","number":"32409","amount":"22600.0000000000","observations":null,"anotation":null,"type":"in","paymentMethod":"","status":"open","bankAccount":{"id":"2","name":"PAYU","type":"bank"},"client":{"id":"25506","name":"Leslie De Oro","phone":"3148218479"},"invoices":[{"id":"32581","number":"34842","date":"2021-06-10","amount":22600,"total":22600,"balance":0}],"costCenter":null,"numberTemplate":{"id":"3","prefix":"","number":"32409","fullNumber":"32409","formattedNumber":"32409"}}
2021-06-10 04:45:14 :: ----------send data payment:32582------------
2021-06-10 04:45:14 :: {"date":"2021-06-10","invoices":[{"amount":"51500","id":"32582"}],"bankAccount":2}
2021-06-10 04:45:16 :: ----------result data payment:32582------------
2021-06-10 04:45:16 :: {"id":"33826","date":"2021-06-10","number":"32410","amount":"51500.0000000000","observations":null,"anotation":null,"type":"in","paymentMethod":"","status":"open","bankAccount":{"id":"2","name":"PAYU","type":"bank"},"client":{"id":"25507","name":"Paola quintero","phone":"3184024231"},"invoices":[{"id":"32582","number":"34843","date":"2021-06-10","amount":51500,"total":51500,"balance":0}],"costCenter":null,"numberTemplate":{"id":"3","prefix":"","number":"32410","fullNumber":"32410","formattedNumber":"32410"}}
2021-06-10 04:45:18 :: ----------send data payment:32583------------
2021-06-10 04:45:18 :: {"date":"2021-06-10","invoices":[{"amount":"152000","id":"32583"}],"bankAccount":2}
2021-06-10 04:45:19 :: ----------result data payment:32583------------
2021-06-10 04:45:19 :: {"id":"33827","date":"2021-06-10","number":"32411","amount":"152000.0000000000","observations":null,"anotation":null,"type":"in","paymentMethod":"","status":"open","bankAccount":{"id":"2","name":"PAYU","type":"bank"},"client":{"id":"12127","name":"Ana Beatriz martinez","phone":"3234664238"},"invoices":[{"id":"32583","number":"34844","date":"2021-06-10","amount":152000,"total":152000,"balance":0}],"costCenter":null,"numberTemplate":{"id":"3","prefix":"","number":"32411","fullNumber":"32411","formattedNumber":"32411"}}
2021-06-10 04:55:20 :: ----------send data payment:32584------------
2021-06-10 04:55:20 :: {"date":"2021-06-10","invoices":[{"amount":"107600","id":"32584"}],"bankAccount":2}
2021-06-10 04:55:22 :: ----------result data payment:32584------------
2021-06-10 04:55:22 :: {"id":"33828","date":"2021-06-10","number":"32412","amount":"107600.0000000000","observations":null,"anotation":null,"type":"in","paymentMethod":"","status":"open","bankAccount":{"id":"2","name":"PAYU","type":"bank"},"client":{"id":"14099","name":"Andrea Cede\u00f1o","phone":"3115369388"},"invoices":[{"id":"32584","number":"34845","date":"2021-06-10","amount":107600,"total":107600,"balance":0}],"costCenter":null,"numberTemplate":{"id":"3","prefix":"","number":"32412","fullNumber":"32412","formattedNumber":"32412"}}
2021-06-10 05:05:16 :: ----------send data payment:32585------------
2021-06-10 05:05:16 :: {"date":"2021-06-10","invoices":[{"amount":"74999","id":"32585"}],"bankAccount":2}
2021-06-10 05:05:17 :: ----------result data payment:32585------------
2021-06-10 05:05:17 :: {"id":"33829","date":"2021-06-10","number":"32413","amount":"74999.0000000000","observations":null,"anotation":null,"type":"in","paymentMethod":"","status":"open","bankAccount":{"id":"2","name":"PAYU","type":"bank"},"client":{"id":"25508","name":"Manuela Gomez","phone":"3023766879"},"invoices":[{"id":"32585","number":"34846","date":"2021-06-10","amount":74999,"total":74999,"balance":0}],"costCenter":null,"numberTemplate":{"id":"3","prefix":"","number":"32413","fullNumber":"32413","formattedNumber":"32413"}}
2021-06-10 05:20:09 :: ----------send data payment:32586------------
2021-06-10 05:20:09 :: {"date":"2021-06-10","invoices":[{"amount":"40000","id":"32586"}],"bankAccount":2}
2021-06-10 05:20:11 :: ----------result data payment:32586------------
2021-06-10 05:20:11 :: {"id":"33830","date":"2021-06-10","number":"32414","amount":"40000.0000000000","observations":null,"anotation":null,"type":"in","paymentMethod":"","status":"open","bankAccount":{"id":"2","name":"PAYU","type":"bank"},"client":{"id":"25509","name":"Martha Garcia","phone":"3118108785"},"invoices":[{"id":"32586","number":"34847","date":"2021-06-10","amount":40000,"total":40000,"balance":0}],"costCenter":null,"numberTemplate":{"id":"3","prefix":"","number":"32414","fullNumber":"32414","formattedNumber":"32414"}}
2021-06-10 05:30:32 :: ----------send data payment:32587------------
2021-06-10 05:30:32 :: {"date":"2021-06-10","invoices":[{"amount":"56601","id":"32587"}],"bankAccount":2}
2021-06-10 05:30:34 :: ----------result data payment:32587------------
2021-06-10 05:30:34 :: {"id":"33831","date":"2021-06-10","number":"32415","amount":"56601.0000000000","observations":null,"anotation":null,"type":"in","paymentMethod":"","status":"open","bankAccount":{"id":"2","name":"PAYU","type":"bank"},"client":{"id":"25510","name":"SINDY SAUMETH","phone":"3006179961"},"invoices":[{"id":"32587","number":"34848","date":"2021-06-10","amount":56601,"total":56601,"balance":0}],"costCenter":null,"numberTemplate":{"id":"3","prefix":"","number":"32415","fullNumber":"32415","formattedNumber":"32415"}}
2021-06-10 05:45:18 :: ----------send data payment:32588------------
2021-06-10 05:45:18 :: {"date":"2021-06-10","invoices":[{"amount":"34000","id":"32588"}],"bankAccount":2}
2021-06-10 05:45:20 :: ----------result data payment:32588------------
2021-06-10 05:45:20 :: {"id":"33832","date":"2021-06-10","number":"32416","amount":"34000.0000000000","observations":null,"anotation":null,"type":"in","paymentMethod":"","status":"open","bankAccount":{"id":"2","name":"PAYU","type":"bank"},"client":{"id":"25511","name":"Juan Jose Rendon","phone":"3113801661"},"invoices":[{"id":"32588","number":"34849","date":"2021-06-10","amount":34000,"total":34000,"balance":0}],"costCenter":null,"numberTemplate":{"id":"3","prefix":"","number":"32416","fullNumber":"32416","formattedNumber":"32416"}}
2021-06-10 05:55:18 :: ----------send data payment:32589------------
2021-06-10 05:55:18 :: {"date":"2021-06-10","invoices":[{"amount":"109999","id":"32589"}],"bankAccount":2}
2021-06-10 05:55:20 :: ----------result data payment:32589------------
2021-06-10 05:55:20 :: {"id":"33833","date":"2021-06-10","number":"32417","amount":"109999.0000000000","observations":null,"anotation":null,"type":"in","paymentMethod":"","status":"open","bankAccount":{"id":"2","name":"PAYU","type":"bank"},"client":{"id":"25512","name":"Anna Vargas","phone":"3124265496"},"invoices":[{"id":"32589","number":"34850","date":"2021-06-10","amount":109999,"total":109999,"balance":0}],"costCenter":null,"numberTemplate":{"id":"3","prefix":"","number":"32417","fullNumber":"32417","formattedNumber":"32417"}}
2021-06-10 06:10:07 :: ----------send data payment:32591------------
2021-06-10 06:10:07 :: {"date":"2021-06-10","invoices":[{"amount":"22600","id":"32591"}],"bankAccount":2}
2021-06-10 06:10:09 :: ----------result data payment:32591------------
2021-06-10 06:10:09 :: {"id":"33834","date":"2021-06-10","number":"32418","amount":"22600.0000000000","observations":null,"anotation":null,"type":"in","paymentMethod":"","status":"open","bankAccount":{"id":"2","name":"PAYU","type":"bank"},"client":{"id":"25513","name":"Lina martinez","phone":"3136957747"},"invoices":[{"id":"32591","number":"34852","date":"2021-06-10","amount":22600,"total":22600,"balance":0}],"costCenter":null,"numberTemplate":{"id":"3","prefix":"","number":"32418","fullNumber":"32418","formattedNumber":"32418"}}
2021-06-10 06:25:11 :: ----------send data payment:32592------------
2021-06-10 06:25:11 :: {"date":"2021-06-10","invoices":[{"amount":"100999","id":"32592"}],"bankAccount":2}
2021-06-10 06:25:16 :: ----------result data payment:32592------------
2021-06-10 06:25:16 :: {"id":"33837","date":"2021-06-10","number":"32421","amount":"100999.0000000000","observations":null,"anotation":null,"type":"in","paymentMethod":"","status":"open","bankAccount":{"id":"2","name":"PAYU","type":"bank"},"client":{"id":"25514","name":"Karen Julieth Castellanos","phone":"3045781956"},"invoices":[{"id":"32592","number":"34853","date":"2021-06-10","amount":100999,"total":100999,"balance":0}],"costCenter":null,"numberTemplate":{"id":"3","prefix":"","number":"32421","fullNumber":"32421","formattedNumber":"32421"}}
2021-06-10 06:25:19 :: ----------send data payment:32593------------
2021-06-10 06:25:19 :: {"date":"2021-06-10","invoices":[{"amount":"35000","id":"32593"}],"bankAccount":2}
2021-06-10 06:25:21 :: ----------result data payment:32593------------
2021-06-10 06:25:21 :: {"id":"33838","date":"2021-06-10","number":"32422","amount":"35000.0000000000","observations":null,"anotation":null,"type":"in","paymentMethod":"","status":"open","bankAccount":{"id":"2","name":"PAYU","type":"bank"},"client":{"id":"25515","name":"Ruth G\u00f3mez","phone":"3164189115"},"invoices":[{"id":"32593","number":"34854","date":"2021-06-10","amount":35000,"total":35000,"balance":0}],"costCenter":null,"numberTemplate":{"id":"3","prefix":"","number":"32422","fullNumber":"32422","formattedNumber":"32422"}}
2021-06-10 06:35:10 :: ----------send data payment:32594------------
2021-06-10 06:35:10 :: {"date":"2021-06-10","invoices":[{"amount":"170100","id":"32594"}],"bankAccount":2}
2021-06-10 06:35:12 :: ----------result data payment:32594------------
2021-06-10 06:35:12 :: {"id":"33839","date":"2021-06-10","number":"32423","amount":"170100.0000000000","observations":null,"anotation":null,"type":"in","paymentMethod":"","status":"open","bankAccount":{"id":"2","name":"PAYU","type":"bank"},"client":{"id":"25516","name":"Diana Chavez","phone":"3002067283"},"invoices":[{"id":"32594","number":"34855","date":"2021-06-10","amount":170100,"total":170100,"balance":0}],"costCenter":null,"numberTemplate":{"id":"3","prefix":"","number":"32423","fullNumber":"32423","formattedNumber":"32423"}}
2021-06-10 08:55:12 :: ----------send data payment:32595------------
2021-06-10 08:55:12 :: {"date":"2021-06-10","invoices":[{"amount":"180600","id":"32595"}],"bankAccount":2}
2021-06-10 08:55:13 :: ----------result data payment:32595------------
2021-06-10 08:55:13 :: {"id":"33840","date":"2021-06-10","number":"32424","amount":"180600.0000000000","observations":null,"anotation":null,"type":"in","paymentMethod":"","status":"open","bankAccount":{"id":"2","name":"PAYU","type":"bank"},"client":{"id":"178","name":"Ximena cardona","phone":"3146256399"},"invoices":[{"id":"32595","number":"34856","date":"2021-06-10","amount":180600,"total":180600,"balance":0}],"costCenter":null,"numberTemplate":{"id":"3","prefix":"","number":"32424","fullNumber":"32424","formattedNumber":"32424"}}
2021-06-10 09:00:09 :: ----------send data payment:32596------------
2021-06-10 09:00:09 :: {"date":"2021-06-10","invoices":[{"amount":"85500","id":"32596"}],"bankAccount":2}
2021-06-10 09:00:11 :: ----------result data payment:32596------------
2021-06-10 09:00:11 :: {"id":"33841","date":"2021-06-10","number":"32425","amount":"85500.0000000000","observations":null,"anotation":null,"type":"in","paymentMethod":"","status":"open","bankAccount":{"id":"2","name":"PAYU","type":"bank"},"client":{"id":"25517","name":"Deirys Solanyi Sierra Lopez","phone":"3134184007"},"invoices":[{"id":"32596","number":"34857","date":"2021-06-10","amount":85500,"total":85500,"balance":0}],"costCenter":null,"numberTemplate":{"id":"3","prefix":"","number":"32425","fullNumber":"32425","formattedNumber":"32425"}}
2021-06-10 09:30:07 :: ----------send data payment:32597------------
2021-06-10 09:30:07 :: {"date":"2021-06-10","invoices":[{"amount":"121500","id":"32597"}],"bankAccount":2}
2021-06-10 09:30:09 :: ----------result data payment:32597------------
2021-06-10 09:30:09 :: {"id":"33842","date":"2021-06-10","number":"32426","amount":"121500.0000000000","observations":null,"anotation":null,"type":"in","paymentMethod":"","status":"open","bankAccount":{"id":"2","name":"PAYU","type":"bank"},"client":{"id":"6893","name":"Diana Garcia","phone":"3148886899"},"invoices":[{"id":"32597","number":"34858","date":"2021-06-10","amount":121500,"total":121500,"balance":0}],"costCenter":null,"numberTemplate":{"id":"3","prefix":"","number":"32426","fullNumber":"32426","formattedNumber":"32426"}}
2021-06-10 09:45:10 :: ----------send data payment:32598------------
2021-06-10 09:45:10 :: {"date":"2021-06-10","invoices":[{"amount":"45000","id":"32598"}],"bankAccount":2}
2021-06-10 09:45:12 :: ----------result data payment:32598------------
2021-06-10 09:45:12 :: {"id":"33843","date":"2021-06-10","number":"32427","amount":"45000.0000000000","observations":null,"anotation":null,"type":"in","paymentMethod":"","status":"open","bankAccount":{"id":"2","name":"PAYU","type":"bank"},"client":{"id":"25518","name":"Adriana C\u00e1rdenas","phone":"3124352268"},"invoices":[{"id":"32598","number":"34859","date":"2021-06-10","amount":45000,"total":45000,"balance":0}],"costCenter":null,"numberTemplate":{"id":"3","prefix":"","number":"32427","fullNumber":"32427","formattedNumber":"32427"}}
2021-06-10 10:20:07 :: ----------send data payment:32599------------
2021-06-10 10:20:07 :: {"date":"2021-06-10","invoices":[{"amount":"22600","id":"32599"}],"bankAccount":2}
2021-06-10 10:20:08 :: ----------result data payment:32599------------
2021-06-10 10:20:08 :: {"id":"33844","date":"2021-06-10","number":"32428","amount":"22600.0000000000","observations":null,"anotation":null,"type":"in","paymentMethod":"","status":"open","bankAccount":{"id":"2","name":"PAYU","type":"bank"},"client":{"id":"25519","name":"Leandra Burgos","phone":"3106466234"},"invoices":[{"id":"32599","number":"34860","date":"2021-06-10","amount":22600,"total":22600,"balance":0}],"costCenter":null,"numberTemplate":{"id":"3","prefix":"","number":"32428","fullNumber":"32428","formattedNumber":"32428"}}
2021-06-10 10:35:12 :: ----------send data payment:32600------------
2021-06-10 10:35:12 :: {"date":"2021-06-10","invoices":[{"amount":"25000","id":"32600"}],"bankAccount":2}
2021-06-10 10:35:13 :: ----------result data payment:32600------------
2021-06-10 10:35:13 :: {"id":"33845","date":"2021-06-10","number":"32429","amount":"25000.0000000000","observations":null,"anotation":null,"type":"in","paymentMethod":"","status":"open","bankAccount":{"id":"2","name":"PAYU","type":"bank"},"client":{"id":"25520","name":"Angela Rodr\u00edguez","phone":"3017975717"},"invoices":[{"id":"32600","number":"34861","date":"2021-06-10","amount":25000,"total":25000,"balance":0}],"costCenter":null,"numberTemplate":{"id":"3","prefix":"","number":"32429","fullNumber":"32429","formattedNumber":"32429"}}
2021-06-10 10:45:10 :: ----------send data payment:32601------------
2021-06-10 10:45:10 :: {"date":"2021-06-10","invoices":[{"amount":"159001","id":"32601"}],"bankAccount":2}
2021-06-10 10:45:12 :: ----------result data payment:32601------------
2021-06-10 10:45:12 :: {"id":"33846","date":"2021-06-10","number":"32430","amount":"159001.0000000000","observations":null,"anotation":null,"type":"in","paymentMethod":"","status":"open","bankAccount":{"id":"2","name":"PAYU","type":"bank"},"client":{"id":"25521","name":"Sara Guarin","phone":"3148450731"},"invoices":[{"id":"32601","number":"34862","date":"2021-06-10","amount":159001,"total":159001,"balance":0}],"costCenter":null,"numberTemplate":{"id":"3","prefix":"","number":"32430","fullNumber":"32430","formattedNumber":"32430"}}
2021-06-10 11:35:12 :: ----------send data payment:32602------------
2021-06-10 11:35:12 :: {"date":"2021-06-10","invoices":[{"amount":"99500","id":"32602"}],"bankAccount":2}
2021-06-10 11:35:14 :: ----------result data payment:32602------------
2021-06-10 11:35:14 :: {"id":"33847","date":"2021-06-10","number":"32431","amount":"99500.0000000000","observations":null,"anotation":null,"type":"in","paymentMethod":"","status":"open","bankAccount":{"id":"2","name":"PAYU","type":"bank"},"client":{"id":"25522","name":"Estefania Annicchiarico N","phone":"3135379513"},"invoices":[{"id":"32602","number":"34863","date":"2021-06-10","amount":99500,"total":99500,"balance":0}],"costCenter":null,"numberTemplate":{"id":"3","prefix":"","number":"32431","fullNumber":"32431","formattedNumber":"32431"}}