
2021-10-24 12:00:04 :: ----------send data payment:39824------------
2021-10-24 12:00:04 :: {"date":"2021-10-24","invoices":[{"amount":"100000","id":"39824"}],"bankAccount":2}
2021-10-24 12:00:05 :: ----------result data payment:39824------------
2021-10-24 12:00:05 :: {"id":"41372","date":"2021-10-24","number":"39594","amount":"100000.0000000000","observations":null,"anotation":null,"type":"in","paymentMethod":"","status":"open","bankAccount":{"id":"2","name":"PAYU","type":"bank"},"client":{"id":"22467","name":"Natalia Lastra","phone":"3006317571"},"invoices":[{"id":"39824","number":"42085","date":"2021-10-24","amount":100000,"total":100000,"balance":0}],"costCenter":null,"numberTemplate":{"id":"3","prefix":"","number":"39594","fullNumber":"39594","formattedNumber":"39594"}}
2021-10-24 09:07:07 :: ----------send data payment:39825------------
2021-10-24 09:07:07 :: {"date":"2021-10-24","invoices":[{"amount":"42000","id":"39825"}],"bankAccount":2}
2021-10-24 09:07:09 :: ----------result data payment:39825------------
2021-10-24 09:07:09 :: {"id":"41373","date":"2021-10-24","number":"39595","amount":"42000.0000000000","observations":null,"anotation":null,"type":"in","paymentMethod":"","status":"open","bankAccount":{"id":"2","name":"PAYU","type":"bank"},"client":{"id":"30846","name":"Daysy Villarreal","phone":"3154698843"},"invoices":[{"id":"39825","number":"42086","date":"2021-10-24","amount":42000,"total":42000,"balance":0}],"costCenter":null,"numberTemplate":{"id":"3","prefix":"","number":"39595","fullNumber":"39595","formattedNumber":"39595"}}
2021-10-24 09:12:05 :: ----------send data payment:39826------------
2021-10-24 09:12:05 :: {"date":"2021-10-24","invoices":[{"amount":"70000","id":"39826"}],"bankAccount":2}
2021-10-24 09:12:08 :: ----------result data payment:39826------------
2021-10-24 09:12:08 :: {"id":"41374","date":"2021-10-24","number":"39596","amount":"70000.0000000000","observations":null,"anotation":null,"type":"in","paymentMethod":"","status":"open","bankAccount":{"id":"2","name":"PAYU","type":"bank"},"client":{"id":"30847","name":"Ana Maria Araujo Duarte","phone":"3177289399"},"invoices":[{"id":"39826","number":"42087","date":"2021-10-24","amount":70000,"total":70000,"balance":0}],"costCenter":null,"numberTemplate":{"id":"3","prefix":"","number":"39596","fullNumber":"39596","formattedNumber":"39596"}}
2021-10-24 09:28:05 :: ----------send data payment:39827------------
2021-10-24 09:28:05 :: {"date":"2021-10-24","invoices":[{"amount":"45999","id":"39827"}],"bankAccount":2}
2021-10-24 09:28:06 :: ----------result data payment:39827------------
2021-10-24 09:28:06 :: {"id":"41375","date":"2021-10-24","number":"39597","amount":"45999.0000000000","observations":null,"anotation":null,"type":"in","paymentMethod":"","status":"open","bankAccount":{"id":"2","name":"PAYU","type":"bank"},"client":{"id":"30848","name":"Claudia Espinosa","phone":"3104690558"},"invoices":[{"id":"39827","number":"42088","date":"2021-10-24","amount":45999,"total":45999,"balance":0}],"costCenter":null,"numberTemplate":{"id":"3","prefix":"","number":"39597","fullNumber":"39597","formattedNumber":"39597"}}
2021-10-24 09:58:05 :: ----------send data payment:39828------------
2021-10-24 09:58:05 :: {"date":"2021-10-24","invoices":[{"amount":"53501","id":"39828"}],"bankAccount":2}
2021-10-24 09:58:06 :: ----------result data payment:39828------------
2021-10-24 09:58:06 :: {"id":"41376","date":"2021-10-24","number":"39598","amount":"53501.0000000000","observations":null,"anotation":null,"type":"in","paymentMethod":"","status":"open","bankAccount":{"id":"2","name":"PAYU","type":"bank"},"client":{"id":"30849","name":"Daniela Mejia","phone":"3158134950"},"invoices":[{"id":"39828","number":"42089","date":"2021-10-24","amount":53501,"total":53501,"balance":0}],"costCenter":null,"numberTemplate":{"id":"3","prefix":"","number":"39598","fullNumber":"39598","formattedNumber":"39598"}}
2021-10-24 09:59:05 :: ----------send data payment:39829------------
2021-10-24 09:59:05 :: {"date":"2021-10-24","invoices":[{"amount":"45000","id":"39829"}],"bankAccount":2}
2021-10-24 09:59:06 :: ----------result data payment:39829------------
2021-10-24 09:59:06 :: {"id":"41377","date":"2021-10-24","number":"39599","amount":"45000.0000000000","observations":null,"anotation":null,"type":"in","paymentMethod":"","status":"open","bankAccount":{"id":"2","name":"PAYU","type":"bank"},"client":{"id":"30850","name":"JULIA PRADO","phone":"3017371190"},"invoices":[{"id":"39829","number":"42090","date":"2021-10-24","amount":45000,"total":45000,"balance":0}],"costCenter":null,"numberTemplate":{"id":"3","prefix":"","number":"39599","fullNumber":"39599","formattedNumber":"39599"}}
2021-10-24 10:19:05 :: ----------send data payment:39830------------
2021-10-24 10:19:05 :: {"date":"2021-10-24","invoices":[{"amount":"40000","id":"39830"}],"bankAccount":2}
2021-10-24 10:19:06 :: ----------result data payment:39830------------
2021-10-24 10:19:06 :: {"id":"41378","date":"2021-10-24","number":"39600","amount":"40000.0000000000","observations":null,"anotation":null,"type":"in","paymentMethod":"","status":"open","bankAccount":{"id":"2","name":"PAYU","type":"bank"},"client":{"id":"30851","name":"Gabriela Gonz\u00e1lez","phone":"3212654778"},"invoices":[{"id":"39830","number":"42091","date":"2021-10-24","amount":40000,"total":40000,"balance":0}],"costCenter":null,"numberTemplate":{"id":"3","prefix":"","number":"39600","fullNumber":"39600","formattedNumber":"39600"}}
2021-10-24 10:24:03 :: ----------send data payment:39831------------
2021-10-24 10:24:03 :: {"date":"2021-10-24","invoices":[{"amount":"70000","id":"39831"}],"bankAccount":2}
2021-10-24 10:24:04 :: ----------result data payment:39831------------
2021-10-24 10:24:04 :: {"id":"41379","date":"2021-10-24","number":"39601","amount":"70000.0000000000","observations":null,"anotation":null,"type":"in","paymentMethod":"","status":"open","bankAccount":{"id":"2","name":"PAYU","type":"bank"},"client":{"id":"27579","name":"Sandra Guevara","phone":"3112119737"},"invoices":[{"id":"39831","number":"42092","date":"2021-10-24","amount":70000,"total":70000,"balance":0}],"costCenter":null,"numberTemplate":{"id":"3","prefix":"","number":"39601","fullNumber":"39601","formattedNumber":"39601"}}
2021-10-24 10:44:06 :: ----------send data payment:39832------------
2021-10-24 10:44:06 :: {"date":"2021-10-24","invoices":[{"amount":"22000","id":"39832"}],"bankAccount":2}
2021-10-24 10:44:07 :: ----------result data payment:39832------------
2021-10-24 10:44:07 :: {"id":"41380","date":"2021-10-24","number":"39602","amount":"22000.0000000000","observations":null,"anotation":null,"type":"in","paymentMethod":"","status":"open","bankAccount":{"id":"2","name":"PAYU","type":"bank"},"client":{"id":"30852","name":"Martha Pe\u00f1a","phone":"3507811141"},"invoices":[{"id":"39832","number":"42093","date":"2021-10-24","amount":22000,"total":22000,"balance":0}],"costCenter":null,"numberTemplate":{"id":"3","prefix":"","number":"39602","fullNumber":"39602","formattedNumber":"39602"}}
2021-10-24 11:54:05 :: ----------send data payment:39833------------
2021-10-24 11:54:05 :: {"date":"2021-10-24","invoices":[{"amount":"53000","id":"39833"}],"bankAccount":2}
2021-10-24 11:54:07 :: ----------result data payment:39833------------
2021-10-24 11:54:07 :: {"id":"41381","date":"2021-10-24","number":"39603","amount":"53000.0000000000","observations":null,"anotation":null,"type":"in","paymentMethod":"","status":"open","bankAccount":{"id":"2","name":"PAYU","type":"bank"},"client":{"id":"17387","name":"Lina Mar\u00eda Plata Cabana","phone":"3173695861"},"invoices":[{"id":"39833","number":"42094","date":"2021-10-24","amount":53000,"total":53000,"balance":0}],"costCenter":null,"numberTemplate":{"id":"3","prefix":"","number":"39603","fullNumber":"39603","formattedNumber":"39603"}}
2021-10-24 12:07:05 :: ----------send data payment:39834------------
2021-10-24 12:07:05 :: {"date":"2021-10-24","invoices":[{"amount":"210000","id":"39834"}],"bankAccount":2}
2021-10-24 12:07:06 :: ----------result data payment:39834------------
2021-10-24 12:07:06 :: {"id":"41382","date":"2021-10-24","number":"39604","amount":"210000.0000000000","observations":null,"anotation":null,"type":"in","paymentMethod":"","status":"open","bankAccount":{"id":"2","name":"PAYU","type":"bank"},"client":{"id":"30853","name":"Maria Eugenia","phone":"3122813728"},"invoices":[{"id":"39834","number":"42095","date":"2021-10-24","amount":210000,"total":210000,"balance":0}],"costCenter":null,"numberTemplate":{"id":"3","prefix":"","number":"39604","fullNumber":"39604","formattedNumber":"39604"}}
2021-10-24 12:39:06 :: ----------send data payment:39835------------
2021-10-24 12:39:06 :: {"date":"2021-10-24","invoices":[{"amount":"74000","id":"39835"}],"bankAccount":2}
2021-10-24 12:39:07 :: ----------result data payment:39835------------
2021-10-24 12:39:07 :: {"id":"41383","date":"2021-10-24","number":"39605","amount":"74000.0000000000","observations":null,"anotation":null,"type":"in","paymentMethod":"","status":"open","bankAccount":{"id":"2","name":"PAYU","type":"bank"},"client":{"id":"30854","name":"Diana Marcela","phone":"3053569525"},"invoices":[{"id":"39835","number":"42096","date":"2021-10-24","amount":74000,"total":74000,"balance":0}],"costCenter":null,"numberTemplate":{"id":"3","prefix":"","number":"39605","fullNumber":"39605","formattedNumber":"39605"}}
2021-10-24 12:52:05 :: ----------send data payment:39836------------
2021-10-24 12:52:05 :: {"date":"2021-10-24","invoices":[{"amount":"60000","id":"39836"}],"bankAccount":2}
2021-10-24 12:52:06 :: ----------result data payment:39836------------
2021-10-24 12:52:06 :: {"id":"41384","date":"2021-10-24","number":"39606","amount":"60000.0000000000","observations":null,"anotation":null,"type":"in","paymentMethod":"","status":"open","bankAccount":{"id":"2","name":"PAYU","type":"bank"},"client":{"id":"30855","name":"Katty","phone":"3205173218"},"invoices":[{"id":"39836","number":"42097","date":"2021-10-24","amount":60000,"total":60000,"balance":0}],"costCenter":null,"numberTemplate":{"id":"3","prefix":"","number":"39606","fullNumber":"39606","formattedNumber":"39606"}}
2021-10-24 01:03:07 :: ----------send data payment:39837------------
2021-10-24 01:03:07 :: {"date":"2021-10-24","invoices":[{"amount":"187000","id":"39837"}],"bankAccount":2}
2021-10-24 01:03:08 :: ----------result data payment:39837------------
2021-10-24 01:03:08 :: {"id":"41385","date":"2021-10-24","number":"39607","amount":"187000.0000000000","observations":null,"anotation":null,"type":"in","paymentMethod":"","status":"open","bankAccount":{"id":"2","name":"PAYU","type":"bank"},"client":{"id":"30856","name":"fernandacastillop","phone":"3222938570"},"invoices":[{"id":"39837","number":"42098","date":"2021-10-24","amount":187000,"total":187000,"balance":0}],"costCenter":null,"numberTemplate":{"id":"3","prefix":"","number":"39607","fullNumber":"39607","formattedNumber":"39607"}}
2021-10-24 01:05:07 :: ----------send data payment:39838------------
2021-10-24 01:05:07 :: {"date":"2021-10-24","invoices":[{"amount":"106000","id":"39838"}],"bankAccount":2}
2021-10-24 01:05:08 :: ----------result data payment:39838------------
2021-10-24 01:05:08 :: {"id":"41386","date":"2021-10-24","number":"39608","amount":"106000.0000000000","observations":null,"anotation":null,"type":"in","paymentMethod":"","status":"open","bankAccount":{"id":"2","name":"PAYU","type":"bank"},"client":{"id":"30857","name":"leidysanchez.0503","phone":"3223875704"},"invoices":[{"id":"39838","number":"42099","date":"2021-10-24","amount":106000,"total":106000,"balance":0}],"costCenter":null,"numberTemplate":{"id":"3","prefix":"","number":"39608","fullNumber":"39608","formattedNumber":"39608"}}
2021-10-24 01:16:09 :: ----------send data payment:39839------------
2021-10-24 01:16:09 :: {"date":"2021-10-24","invoices":[{"amount":"61001","id":"39839"}],"bankAccount":2}
2021-10-24 01:16:10 :: ----------result data payment:39839------------
2021-10-24 01:16:10 :: {"id":"41387","date":"2021-10-24","number":"39609","amount":"61001.0000000000","observations":null,"anotation":null,"type":"in","paymentMethod":"","status":"open","bankAccount":{"id":"2","name":"PAYU","type":"bank"},"client":{"id":"12241","name":"Linda","phone":"310 2290876"},"invoices":[{"id":"39839","number":"42100","date":"2021-10-24","amount":61001,"total":61001,"balance":0}],"costCenter":null,"numberTemplate":{"id":"3","prefix":"","number":"39609","fullNumber":"39609","formattedNumber":"39609"}}
2021-10-24 01:17:06 :: ----------send data payment:39840------------
2021-10-24 01:17:06 :: {"date":"2021-10-24","invoices":[{"amount":"43000","id":"39840"}],"bankAccount":2}
2021-10-24 01:17:07 :: ----------result data payment:39840------------
2021-10-24 01:17:07 :: {"id":"41388","date":"2021-10-24","number":"39610","amount":"43000.0000000000","observations":null,"anotation":null,"type":"in","paymentMethod":"","status":"open","bankAccount":{"id":"2","name":"PAYU","type":"bank"},"client":{"id":"30858","name":"Natalia","phone":"3143801764"},"invoices":[{"id":"39840","number":"42101","date":"2021-10-24","amount":43000,"total":43000,"balance":0}],"costCenter":null,"numberTemplate":{"id":"3","prefix":"","number":"39610","fullNumber":"39610","formattedNumber":"39610"}}
2021-10-24 01:40:16 :: ----------send data payment:39841------------
2021-10-24 01:40:16 :: {"date":"2021-10-24","invoices":[{"amount":"70000","id":"39841"}],"bankAccount":2}
2021-10-24 01:40:17 :: ----------result data payment:39841------------
2021-10-24 01:40:17 :: {"id":"41389","date":"2021-10-24","number":"39611","amount":"70000.0000000000","observations":null,"anotation":null,"type":"in","paymentMethod":"","status":"open","bankAccount":{"id":"2","name":"PAYU","type":"bank"},"client":{"id":"30859","name":"Elizabeth Molina","phone":"3134495017"},"invoices":[{"id":"39841","number":"42102","date":"2021-10-24","amount":70000,"total":70000,"balance":0}],"costCenter":null,"numberTemplate":{"id":"3","prefix":"","number":"39611","fullNumber":"39611","formattedNumber":"39611"}}
2021-10-24 03:10:08 :: ----------send data payment:39842------------
2021-10-24 03:10:08 :: {"date":"2021-10-24","invoices":[{"amount":"48000","id":"39842"}],"bankAccount":2}
2021-10-24 03:10:09 :: ----------result data payment:39842------------
2021-10-24 03:10:09 :: {"id":"41390","date":"2021-10-24","number":"39612","amount":"48000.0000000000","observations":null,"anotation":null,"type":"in","paymentMethod":"","status":"open","bankAccount":{"id":"2","name":"PAYU","type":"bank"},"client":{"id":"30860","name":"Luisa Fernanda Mercado Mojica","phone":"3015734144"},"invoices":[{"id":"39842","number":"42103","date":"2021-10-24","amount":48000,"total":48000,"balance":0}],"costCenter":null,"numberTemplate":{"id":"3","prefix":"","number":"39612","fullNumber":"39612","formattedNumber":"39612"}}
2021-10-24 03:17:06 :: ----------send data payment:39843------------
2021-10-24 03:17:06 :: {"date":"2021-10-24","invoices":[{"amount":"82600","id":"39843"}],"bankAccount":2}
2021-10-24 03:17:07 :: ----------result data payment:39843------------
2021-10-24 03:17:07 :: {"id":"41391","date":"2021-10-24","number":"39613","amount":"82600.0000000000","observations":null,"anotation":null,"type":"in","paymentMethod":"","status":"open","bankAccount":{"id":"2","name":"PAYU","type":"bank"},"client":{"id":"30861","name":"Paula Amanda Perez Hurtado","phone":"3219567926"},"invoices":[{"id":"39843","number":"42104","date":"2021-10-24","amount":82600,"total":82600,"balance":0}],"costCenter":null,"numberTemplate":{"id":"3","prefix":"","number":"39613","fullNumber":"39613","formattedNumber":"39613"}}
2021-10-24 04:37:11 :: ----------send data payment:39844------------
2021-10-24 04:37:11 :: {"date":"2021-10-24","invoices":[{"amount":"35000","id":"39844"}],"bankAccount":2}
2021-10-24 04:37:13 :: ----------result data payment:39844------------
2021-10-24 04:37:13 :: {"id":"41392","date":"2021-10-24","number":"39614","amount":"35000.0000000000","observations":null,"anotation":null,"type":"in","paymentMethod":"","status":"open","bankAccount":{"id":"2","name":"PAYU","type":"bank"},"client":{"id":"30862","name":"Fernanda Mesa","phone":"3002734187"},"invoices":[{"id":"39844","number":"42105","date":"2021-10-24","amount":35000,"total":35000,"balance":0}],"costCenter":null,"numberTemplate":{"id":"3","prefix":"","number":"39614","fullNumber":"39614","formattedNumber":"39614"}}
2021-10-24 04:37:22 :: ----------send data payment:39845------------
2021-10-24 04:37:22 :: {"date":"2021-10-24","invoices":[{"amount":"150000","id":"39845"}],"bankAccount":2}
2021-10-24 04:37:28 :: ----------result data payment:39845------------
2021-10-24 04:37:28 :: {"id":"41393","date":"2021-10-24","number":"39615","amount":"150000.0000000000","observations":null,"anotation":null,"type":"in","paymentMethod":"","status":"open","bankAccount":{"id":"2","name":"PAYU","type":"bank"},"client":{"id":"30863","name":"Paola Palacio Tovar","phone":"3024596763"},"invoices":[{"id":"39845","number":"42106","date":"2021-10-24","amount":150000,"total":150000,"balance":0}],"costCenter":null,"numberTemplate":{"id":"3","prefix":"","number":"39615","fullNumber":"39615","formattedNumber":"39615"}}
2021-10-24 04:40:06 :: ----------send data payment:39846------------
2021-10-24 04:40:06 :: {"date":"2021-10-24","invoices":[{"amount":"125999","id":"39846"}],"bankAccount":2}
2021-10-24 04:40:09 :: ----------result data payment:39846------------
2021-10-24 04:40:09 :: {"id":"41394","date":"2021-10-24","number":"39616","amount":"125999.0000000000","observations":null,"anotation":null,"type":"in","paymentMethod":"","status":"open","bankAccount":{"id":"2","name":"PAYU","type":"bank"},"client":{"id":"30864","name":"Lorena Marsiglia","phone":"3203092380"},"invoices":[{"id":"39846","number":"42107","date":"2021-10-24","amount":125999,"total":125999,"balance":0}],"costCenter":null,"numberTemplate":{"id":"3","prefix":"","number":"39616","fullNumber":"39616","formattedNumber":"39616"}}
2021-10-24 05:33:06 :: ----------send data payment:39847------------
2021-10-24 05:33:06 :: {"date":"2021-10-24","invoices":[{"amount":"102499","id":"39847"}],"bankAccount":2}
2021-10-24 05:33:07 :: ----------result data payment:39847------------
2021-10-24 05:33:07 :: {"id":"41395","date":"2021-10-24","number":"39617","amount":"102499.0000000000","observations":null,"anotation":null,"type":"in","paymentMethod":"","status":"open","bankAccount":{"id":"2","name":"PAYU","type":"bank"},"client":{"id":"30865","name":"Valentina Torres","phone":"3105713182"},"invoices":[{"id":"39847","number":"42108","date":"2021-10-24","amount":102499,"total":102499,"balance":0}],"costCenter":null,"numberTemplate":{"id":"3","prefix":"","number":"39617","fullNumber":"39617","formattedNumber":"39617"}}
2021-10-24 06:24:07 :: ----------send data payment:39848------------
2021-10-24 06:24:07 :: {"date":"2021-10-24","invoices":[{"amount":"78000","id":"39848"}],"bankAccount":2}
2021-10-24 06:24:08 :: ----------result data payment:39848------------
2021-10-24 06:24:08 :: {"id":"41396","date":"2021-10-24","number":"39618","amount":"78000.0000000000","observations":null,"anotation":null,"type":"in","paymentMethod":"","status":"open","bankAccount":{"id":"2","name":"PAYU","type":"bank"},"client":{"id":"30866","name":"Yuly mabel castellanos caballero","phone":"3144524600"},"invoices":[{"id":"39848","number":"42109","date":"2021-10-24","amount":78000,"total":78000,"balance":0}],"costCenter":null,"numberTemplate":{"id":"3","prefix":"","number":"39618","fullNumber":"39618","formattedNumber":"39618"}}
2021-10-24 06:39:05 :: ----------send data payment:39849------------
2021-10-24 06:39:05 :: {"date":"2021-10-24","invoices":[{"amount":"100000","id":"39849"}],"bankAccount":2}
2021-10-24 06:39:06 :: ----------result data payment:39849------------
2021-10-24 06:39:06 :: {"id":"41397","date":"2021-10-24","number":"39619","amount":"100000.0000000000","observations":null,"anotation":null,"type":"in","paymentMethod":"","status":"open","bankAccount":{"id":"2","name":"PAYU","type":"bank"},"client":{"id":"30867","name":"Jessica Pati\u00f1o","phone":"3209617538"},"invoices":[{"id":"39849","number":"42110","date":"2021-10-24","amount":100000,"total":100000,"balance":0}],"costCenter":null,"numberTemplate":{"id":"3","prefix":"","number":"39619","fullNumber":"39619","formattedNumber":"39619"}}
2021-10-24 07:23:07 :: ----------send data payment:39850------------
2021-10-24 07:23:07 :: {"date":"2021-10-24","invoices":[{"amount":"58000","id":"39850"}],"bankAccount":2}
2021-10-24 07:23:08 :: ----------result data payment:39850------------
2021-10-24 07:23:08 :: {"id":"41398","date":"2021-10-24","number":"39620","amount":"58000.0000000000","observations":null,"anotation":null,"type":"in","paymentMethod":"","status":"open","bankAccount":{"id":"2","name":"PAYU","type":"bank"},"client":{"id":"30868","name":"Arelis Ruiz Bravo","phone":"3234596656"},"invoices":[{"id":"39850","number":"42111","date":"2021-10-24","amount":58000,"total":58000,"balance":0}],"costCenter":null,"numberTemplate":{"id":"3","prefix":"","number":"39620","fullNumber":"39620","formattedNumber":"39620"}}
2021-10-24 07:34:06 :: ----------send data payment:39851------------
2021-10-24 07:34:06 :: {"date":"2021-10-24","invoices":[{"amount":"70000","id":"39851"}],"bankAccount":2}
2021-10-24 07:34:07 :: ----------result data payment:39851------------
2021-10-24 07:34:07 :: {"id":"41399","date":"2021-10-24","number":"39621","amount":"70000.0000000000","observations":null,"anotation":null,"type":"in","paymentMethod":"","status":"open","bankAccount":{"id":"2","name":"PAYU","type":"bank"},"client":{"id":"30869","name":"Mar\u00eda Alejandra Coy","phone":"3017202582"},"invoices":[{"id":"39851","number":"42112","date":"2021-10-24","amount":70000,"total":70000,"balance":0}],"costCenter":null,"numberTemplate":{"id":"3","prefix":"","number":"39621","fullNumber":"39621","formattedNumber":"39621"}}
2021-10-24 07:45:08 :: ----------send data payment:39852------------
2021-10-24 07:45:08 :: {"date":"2021-10-24","invoices":[{"amount":"132999","id":"39852"}],"bankAccount":2}
2021-10-24 07:45:10 :: ----------result data payment:39852------------
2021-10-24 07:45:10 :: {"id":"41400","date":"2021-10-24","number":"39622","amount":"132999.0000000000","observations":null,"anotation":null,"type":"in","paymentMethod":"","status":"open","bankAccount":{"id":"2","name":"PAYU","type":"bank"},"client":{"id":"30870","name":"carovanesa_57","phone":"3155879706"},"invoices":[{"id":"39852","number":"42113","date":"2021-10-24","amount":132999,"total":132999,"balance":0}],"costCenter":null,"numberTemplate":{"id":"3","prefix":"","number":"39622","fullNumber":"39622","formattedNumber":"39622"}}
2021-10-24 07:55:11 :: ----------send data payment:39853------------
2021-10-24 07:55:11 :: {"date":"2021-10-24","invoices":[{"amount":"156099","id":"39853"}],"bankAccount":2}
2021-10-24 07:55:13 :: ----------result data payment:39853------------
2021-10-24 07:55:13 :: {"id":"41401","date":"2021-10-24","number":"39623","amount":"156099.0000000000","observations":null,"anotation":null,"type":"in","paymentMethod":"","status":"open","bankAccount":{"id":"2","name":"PAYU","type":"bank"},"client":{"id":"22263","name":"Luisa Correa","phone":"3128235548"},"invoices":[{"id":"39853","number":"42114","date":"2021-10-24","amount":156099,"total":156099,"balance":0}],"costCenter":null,"numberTemplate":{"id":"3","prefix":"","number":"39623","fullNumber":"39623","formattedNumber":"39623"}}
2021-10-24 07:59:05 :: ----------send data payment:39854------------
2021-10-24 07:59:05 :: {"date":"2021-10-24","invoices":[{"amount":"142000","id":"39854"}],"bankAccount":2}
2021-10-24 07:59:06 :: ----------result data payment:39854------------
2021-10-24 07:59:06 :: {"id":"41402","date":"2021-10-24","number":"39624","amount":"142000.0000000000","observations":null,"anotation":null,"type":"in","paymentMethod":"","status":"open","bankAccount":{"id":"2","name":"PAYU","type":"bank"},"client":{"id":"15262","name":"Lina Maria Alfonso Gomez","phone":"3168759550"},"invoices":[{"id":"39854","number":"42115","date":"2021-10-24","amount":142000,"total":142000,"balance":0}],"costCenter":null,"numberTemplate":{"id":"3","prefix":"","number":"39624","fullNumber":"39624","formattedNumber":"39624"}}
2021-10-24 08:05:06 :: ----------send data payment:39855------------
2021-10-24 08:05:06 :: {"date":"2021-10-24","invoices":[{"amount":"71000","id":"39855"}],"bankAccount":2}
2021-10-24 08:05:07 :: ----------result data payment:39855------------
2021-10-24 08:05:07 :: {"id":"41403","date":"2021-10-24","number":"39625","amount":"71000.0000000000","observations":null,"anotation":null,"type":"in","paymentMethod":"","status":"open","bankAccount":{"id":"2","name":"PAYU","type":"bank"},"client":{"id":"30871","name":"Daniela Gutierrez","phone":"3128765541"},"invoices":[{"id":"39855","number":"42116","date":"2021-10-24","amount":71000,"total":71000,"balance":0}],"costCenter":null,"numberTemplate":{"id":"3","prefix":"","number":"39625","fullNumber":"39625","formattedNumber":"39625"}}
2021-10-24 08:06:10 :: ----------send data payment:39856------------
2021-10-24 08:06:10 :: {"date":"2021-10-24","invoices":[{"amount":"74999","id":"39856"}],"bankAccount":2}
2021-10-24 08:06:11 :: ----------result data payment:39856------------
2021-10-24 08:06:11 :: {"id":"41404","date":"2021-10-24","number":"39626","amount":"74999.0000000000","observations":null,"anotation":null,"type":"in","paymentMethod":"","status":"open","bankAccount":{"id":"2","name":"PAYU","type":"bank"},"client":{"id":"30872","name":"Sara","phone":"3144834447"},"invoices":[{"id":"39856","number":"42117","date":"2021-10-24","amount":74999,"total":74999,"balance":0}],"costCenter":null,"numberTemplate":{"id":"3","prefix":"","number":"39626","fullNumber":"39626","formattedNumber":"39626"}}
2021-10-24 08:33:07 :: ----------send data payment:39857------------
2021-10-24 08:33:07 :: {"date":"2021-10-24","invoices":[{"amount":"120000","id":"39857"}],"bankAccount":2}
2021-10-24 08:33:08 :: ----------result data payment:39857------------
2021-10-24 08:33:08 :: {"id":"41405","date":"2021-10-24","number":"39627","amount":"120000.0000000000","observations":null,"anotation":null,"type":"in","paymentMethod":"","status":"open","bankAccount":{"id":"2","name":"PAYU","type":"bank"},"client":{"id":"30873","name":"Rubiela G\u00f3mez Diaz","phone":"3226258996"},"invoices":[{"id":"39857","number":"42118","date":"2021-10-24","amount":120000,"total":120000,"balance":0}],"costCenter":null,"numberTemplate":{"id":"3","prefix":"","number":"39627","fullNumber":"39627","formattedNumber":"39627"}}
2021-10-24 08:57:04 :: ----------send data payment:39858------------
2021-10-24 08:57:04 :: {"date":"2021-10-24","invoices":[{"amount":"90000","id":"39858"}],"bankAccount":2}
2021-10-24 08:57:05 :: ----------result data payment:39858------------
2021-10-24 08:57:05 :: {"id":"41406","date":"2021-10-24","number":"39628","amount":"90000.0000000000","observations":null,"anotation":null,"type":"in","paymentMethod":"","status":"open","bankAccount":{"id":"2","name":"PAYU","type":"bank"},"client":{"id":"30874","name":"Laura Bermudez","phone":"3057661295"},"invoices":[{"id":"39858","number":"42119","date":"2021-10-24","amount":90000,"total":90000,"balance":0}],"costCenter":null,"numberTemplate":{"id":"3","prefix":"","number":"39628","fullNumber":"39628","formattedNumber":"39628"}}
2021-10-24 09:18:04 :: ----------send data payment:39859------------
2021-10-24 09:18:04 :: {"date":"2021-10-24","invoices":[{"amount":"25000","id":"39859"}],"bankAccount":2}
2021-10-24 09:18:05 :: ----------result data payment:39859------------
2021-10-24 09:18:05 :: {"id":"41407","date":"2021-10-24","number":"39629","amount":"25000.0000000000","observations":null,"anotation":null,"type":"in","paymentMethod":"","status":"open","bankAccount":{"id":"2","name":"PAYU","type":"bank"},"client":{"id":"9657","name":"Claudia Carbonell","phone":"3004873799"},"invoices":[{"id":"39859","number":"42120","date":"2021-10-24","amount":25000,"total":25000,"balance":0}],"costCenter":null,"numberTemplate":{"id":"3","prefix":"","number":"39629","fullNumber":"39629","formattedNumber":"39629"}}
2021-10-24 09:54:06 :: ----------send data payment:39860------------
2021-10-24 09:54:06 :: {"date":"2021-10-24","invoices":[{"amount":"70000","id":"39860"}],"bankAccount":2}
2021-10-24 09:54:07 :: ----------result data payment:39860------------
2021-10-24 09:54:07 :: {"id":"41408","date":"2021-10-24","number":"39630","amount":"70000.0000000000","observations":null,"anotation":null,"type":"in","paymentMethod":"","status":"open","bankAccount":{"id":"2","name":"PAYU","type":"bank"},"client":{"id":"30875","name":"Amit Jaiswal","phone":"3164659649"},"invoices":[{"id":"39860","number":"42121","date":"2021-10-24","amount":70000,"total":70000,"balance":0}],"costCenter":null,"numberTemplate":{"id":"3","prefix":"","number":"39630","fullNumber":"39630","formattedNumber":"39630"}}
2021-10-24 10:10:10 :: ----------send data payment:39861------------
2021-10-24 10:10:10 :: {"date":"2021-10-24","invoices":[{"amount":"70000","id":"39861"}],"bankAccount":2}
2021-10-24 10:10:12 :: ----------result data payment:39861------------
2021-10-24 10:10:12 :: {"id":"41409","date":"2021-10-24","number":"39631","amount":"70000.0000000000","observations":null,"anotation":null,"type":"in","paymentMethod":"","status":"open","bankAccount":{"id":"2","name":"PAYU","type":"bank"},"client":{"id":"30876","name":"Brayan Jaimes","phone":"3212688400"},"invoices":[{"id":"39861","number":"42122","date":"2021-10-24","amount":70000,"total":70000,"balance":0}],"costCenter":null,"numberTemplate":{"id":"3","prefix":"","number":"39631","fullNumber":"39631","formattedNumber":"39631"}}
2021-10-24 10:13:08 :: ----------send data payment:39862------------
2021-10-24 10:13:08 :: {"date":"2021-10-24","invoices":[{"amount":"280001","id":"39862"}],"bankAccount":2}
2021-10-24 10:13:09 :: ----------result data payment:39862------------
2021-10-24 10:13:09 :: {"id":"41410","date":"2021-10-24","number":"39632","amount":"280001.0000000000","observations":null,"anotation":null,"type":"in","paymentMethod":"","status":"open","bankAccount":{"id":"2","name":"PAYU","type":"bank"},"client":{"id":"30877","name":"Sindy de los reyes","phone":"3187711590"},"invoices":[{"id":"39862","number":"42123","date":"2021-10-24","amount":280001,"total":280001,"balance":0}],"costCenter":null,"numberTemplate":{"id":"3","prefix":"","number":"39632","fullNumber":"39632","formattedNumber":"39632"}}
2021-10-24 10:55:04 :: ----------send data payment:39863------------
2021-10-24 10:55:04 :: {"date":"2021-10-24","invoices":[{"amount":"127000","id":"39863"}],"bankAccount":2}
2021-10-24 10:55:06 :: ----------result data payment:39863------------
2021-10-24 10:55:06 :: {"id":"41411","date":"2021-10-24","number":"39633","amount":"127000.0000000000","observations":null,"anotation":null,"type":"in","paymentMethod":"","status":"open","bankAccount":{"id":"2","name":"PAYU","type":"bank"},"client":{"id":"17765","name":"Laura Castellanos","phone":"3102366100"},"invoices":[{"id":"39863","number":"42124","date":"2021-10-24","amount":127000,"total":127000,"balance":0}],"costCenter":null,"numberTemplate":{"id":"3","prefix":"","number":"39633","fullNumber":"39633","formattedNumber":"39633"}}
2021-10-24 10:56:11 :: ----------send data payment:39864------------
2021-10-24 10:56:11 :: {"date":"2021-10-24","invoices":[{"amount":"20000","id":"39864"}],"bankAccount":2}
2021-10-24 10:56:12 :: ----------result data payment:39864------------
2021-10-24 10:56:12 :: {"id":"41412","date":"2021-10-24","number":"39634","amount":"20000.0000000000","observations":null,"anotation":null,"type":"in","paymentMethod":"","status":"open","bankAccount":{"id":"2","name":"PAYU","type":"bank"},"client":{"id":"30878","name":"Juliana Castro Ocampo","phone":"3183463276"},"invoices":[{"id":"39864","number":"42125","date":"2021-10-24","amount":20000,"total":20000,"balance":0}],"costCenter":null,"numberTemplate":{"id":"3","prefix":"","number":"39634","fullNumber":"39634","formattedNumber":"39634"}}