
2021-04-11 07:05:25 :: ----------send data payment:30370------------
2021-04-11 07:05:25 :: {"date":"2021-04-11","invoices":[{"amount":"82901","id":"30370"}],"bankAccount":2}
2021-04-11 07:05:26 :: ----------result data payment:30370------------
2021-04-11 07:05:26 :: {"id":"31440","date":"2021-04-11","number":"30165","amount":"82901.0000000000","observations":null,"anotation":null,"type":"in","paymentMethod":"","status":"open","bankAccount":{"id":"2","name":"PAYU","type":"bank"},"client":{"id":"21086","name":"Tatiana murcia","phone":"3112895117"},"invoices":[{"id":"30370","number":"32631","date":"2021-04-11","amount":82901,"total":82901,"balance":0}],"costCenter":null,"numberTemplate":{"id":"3","prefix":"","number":"30165","fullNumber":"30165","formattedNumber":"30165"}}
2021-04-11 09:40:22 :: ----------send data payment:30371------------
2021-04-11 09:40:22 :: {"date":"2021-04-11","invoices":[{"amount":"131501","id":"30371"}],"bankAccount":2}
2021-04-11 09:40:23 :: ----------result data payment:30371------------
2021-04-11 09:40:23 :: {"id":"31441","date":"2021-04-11","number":"30166","amount":"131501.0000000000","observations":null,"anotation":null,"type":"in","paymentMethod":"","status":"open","bankAccount":{"id":"2","name":"PAYU","type":"bank"},"client":{"id":"17269","name":"Jenniffer Roma","phone":"3195364908"},"invoices":[{"id":"30371","number":"32632","date":"2021-04-11","amount":131501,"total":131501,"balance":0}],"costCenter":null,"numberTemplate":{"id":"3","prefix":"","number":"30166","fullNumber":"30166","formattedNumber":"30166"}}
2021-04-11 10:30:18 :: ----------send data payment:30372------------
2021-04-11 10:30:18 :: {"date":"2021-04-11","invoices":[{"amount":"34300","id":"30372"}],"bankAccount":2}
2021-04-11 10:30:19 :: ----------result data payment:30372------------
2021-04-11 10:30:19 :: {"id":"31442","date":"2021-04-11","number":"30167","amount":"34300.0000000000","observations":null,"anotation":null,"type":"in","paymentMethod":"","status":"open","bankAccount":{"id":"2","name":"PAYU","type":"bank"},"client":{"id":"24009","name":"Sandra Pineda","phone":"3155542939"},"invoices":[{"id":"30372","number":"32633","date":"2021-04-11","amount":34300,"total":34300,"balance":0}],"costCenter":null,"numberTemplate":{"id":"3","prefix":"","number":"30167","fullNumber":"30167","formattedNumber":"30167"}}
2021-04-11 10:45:13 :: ----------send data payment:30373------------
2021-04-11 10:45:13 :: {"date":"2021-04-11","invoices":[{"amount":"50500","id":"30373"}],"bankAccount":2}
2021-04-11 10:45:14 :: ----------result data payment:30373------------
2021-04-11 10:45:14 :: {"id":"31443","date":"2021-04-11","number":"30168","amount":"50500.0000000000","observations":null,"anotation":null,"type":"in","paymentMethod":"","status":"open","bankAccount":{"id":"2","name":"PAYU","type":"bank"},"client":{"id":"24010","name":"Marinela Mart\u00ednez Morante","phone":"3013760254"},"invoices":[{"id":"30373","number":"32634","date":"2021-04-11","amount":50500,"total":50500,"balance":0}],"costCenter":null,"numberTemplate":{"id":"3","prefix":"","number":"30168","fullNumber":"30168","formattedNumber":"30168"}}
2021-04-11 11:15:40 :: ----------send data payment:30374------------
2021-04-11 11:15:40 :: {"date":"2021-04-11","invoices":[{"amount":"115297","id":"30374"}],"bankAccount":2}
2021-04-11 11:15:43 :: ----------result data payment:30374------------
2021-04-11 11:15:43 :: {"id":"31444","date":"2021-04-11","number":"30169","amount":"115297.0000000000","observations":null,"anotation":null,"type":"in","paymentMethod":"","status":"open","bankAccount":{"id":"2","name":"PAYU","type":"bank"},"client":{"id":"24011","name":"Mary Luz Moreno","phone":"3102829870"},"invoices":[{"id":"30374","number":"32635","date":"2021-04-11","amount":115297,"total":115297,"balance":0}],"costCenter":null,"numberTemplate":{"id":"3","prefix":"","number":"30169","fullNumber":"30169","formattedNumber":"30169"}}
2021-04-11 11:35:27 :: ----------send data payment:30376------------
2021-04-11 11:35:27 :: {"date":"2021-04-11","invoices":[{"amount":"139599","id":"30376"}],"bankAccount":2}
2021-04-11 11:35:29 :: ----------result data payment:30376------------
2021-04-11 11:35:29 :: {"id":"31445","date":"2021-04-11","number":"30170","amount":"139599.0000000000","observations":null,"anotation":null,"type":"in","paymentMethod":"","status":"open","bankAccount":{"id":"2","name":"PAYU","type":"bank"},"client":{"id":"2041","name":"Roc\u00edo D\u00edaz","phone":"3163696224"},"invoices":[{"id":"30376","number":"32637","date":"2021-04-11","amount":139599,"total":139599,"balance":0}],"costCenter":null,"numberTemplate":{"id":"3","prefix":"","number":"30170","fullNumber":"30170","formattedNumber":"30170"}}
2021-04-11 12:00:26 :: ----------send data payment:30377------------
2021-04-11 12:00:26 :: {"date":"2021-04-11","invoices":[{"amount":"52120","id":"30377"}],"bankAccount":2}
2021-04-11 12:00:27 :: ----------result data payment:30377------------
2021-04-11 12:00:27 :: {"id":"31446","date":"2021-04-11","number":"30171","amount":"52120.0000000000","observations":null,"anotation":null,"type":"in","paymentMethod":"","status":"open","bankAccount":{"id":"2","name":"PAYU","type":"bank"},"client":{"id":"24012","name":"Natalia S\u00e1nchez Soler","phone":"3229088752"},"invoices":[{"id":"30377","number":"32638","date":"2021-04-11","amount":52120,"total":52120,"balance":0}],"costCenter":null,"numberTemplate":{"id":"3","prefix":"","number":"30171","fullNumber":"30171","formattedNumber":"30171"}}
2021-04-11 12:25:28 :: ----------send data payment:30378------------
2021-04-11 12:25:28 :: {"date":"2021-04-11","invoices":[{"amount":"115349","id":"30378"}],"bankAccount":2}
2021-04-11 12:25:29 :: ----------result data payment:30378------------
2021-04-11 12:25:29 :: {"id":"31447","date":"2021-04-11","number":"30172","amount":"115349.0000000000","observations":null,"anotation":null,"type":"in","paymentMethod":"","status":"open","bankAccount":{"id":"2","name":"PAYU","type":"bank"},"client":{"id":"22966","name":"Yenny L\u00f3pez","phone":"3178911178"},"invoices":[{"id":"30378","number":"32639","date":"2021-04-11","amount":115349,"total":115349,"balance":0}],"costCenter":null,"numberTemplate":{"id":"3","prefix":"","number":"30172","fullNumber":"30172","formattedNumber":"30172"}}
2021-04-11 12:55:30 :: ----------send data payment:30379------------
2021-04-11 12:55:30 :: {"date":"2021-04-11","invoices":[{"amount":"61840","id":"30379"}],"bankAccount":2}
2021-04-11 12:55:31 :: ----------result data payment:30379------------
2021-04-11 12:55:31 :: {"id":"31448","date":"2021-04-11","number":"30173","amount":"61840.0000000000","observations":null,"anotation":null,"type":"in","paymentMethod":"","status":"open","bankAccount":{"id":"2","name":"PAYU","type":"bank"},"client":{"id":"24013","name":"Maria camila Rodr\u00edguez","phone":"3232908940"},"invoices":[{"id":"30379","number":"32640","date":"2021-04-11","amount":61840,"total":61840,"balance":0}],"costCenter":null,"numberTemplate":{"id":"3","prefix":"","number":"30173","fullNumber":"30173","formattedNumber":"30173"}}
2021-04-11 01:10:15 :: ----------send data payment:30380------------
2021-04-11 01:10:15 :: {"date":"2021-04-11","invoices":[{"amount":"50500","id":"30380"}],"bankAccount":2}
2021-04-11 01:10:16 :: ----------result data payment:30380------------
2021-04-11 01:10:16 :: {"id":"31449","date":"2021-04-11","number":"30174","amount":"50500.0000000000","observations":null,"anotation":null,"type":"in","paymentMethod":"","status":"open","bankAccount":{"id":"2","name":"PAYU","type":"bank"},"client":{"id":"24014","name":"Johanna Pati\u00f1o","phone":"3005282073"},"invoices":[{"id":"30380","number":"32641","date":"2021-04-11","amount":50500,"total":50500,"balance":0}],"costCenter":null,"numberTemplate":{"id":"3","prefix":"","number":"30174","fullNumber":"30174","formattedNumber":"30174"}}
2021-04-11 02:20:22 :: ----------send data payment:30381------------
2021-04-11 02:20:22 :: {"date":"2021-04-11","invoices":[{"amount":"76230","id":"30381"}],"bankAccount":2}
2021-04-11 02:20:23 :: ----------result data payment:30381------------
2021-04-11 02:20:23 :: {"id":"31450","date":"2021-04-11","number":"30175","amount":"76230.0000000000","observations":null,"anotation":null,"type":"in","paymentMethod":"","status":"open","bankAccount":{"id":"2","name":"PAYU","type":"bank"},"client":{"id":"24015","name":"maria claudia garcia","phone":"3165227457"},"invoices":[{"id":"30381","number":"32642","date":"2021-04-11","amount":76230,"total":76230,"balance":0}],"costCenter":null,"numberTemplate":{"id":"3","prefix":"","number":"30175","fullNumber":"30175","formattedNumber":"30175"}}
2021-04-11 02:55:10 :: ----------send data payment:30382------------
2021-04-11 02:55:10 :: {"date":"2021-04-11","invoices":[{"amount":"38351","id":"30382"}],"bankAccount":2}
2021-04-11 02:55:11 :: ----------result data payment:30382------------
2021-04-11 02:55:11 :: {"id":"31451","date":"2021-04-11","number":"30176","amount":"38351.0000000000","observations":null,"anotation":null,"type":"in","paymentMethod":"","status":"open","bankAccount":{"id":"2","name":"PAYU","type":"bank"},"client":{"id":"24016","name":"Nataly","phone":"3015899729"},"invoices":[{"id":"30382","number":"32643","date":"2021-04-11","amount":38351,"total":38351,"balance":0}],"costCenter":null,"numberTemplate":{"id":"3","prefix":"","number":"30176","fullNumber":"30176","formattedNumber":"30176"}}
2021-04-11 03:50:16 :: ----------send data payment:30383------------
2021-04-11 03:50:16 :: {"date":"2021-04-11","invoices":[{"amount":"74800","id":"30383"}],"bankAccount":2}
2021-04-11 03:50:17 :: ----------result data payment:30383------------
2021-04-11 03:50:17 :: {"id":"31452","date":"2021-04-11","number":"30177","amount":"74800.0000000000","observations":null,"anotation":null,"type":"in","paymentMethod":"","status":"open","bankAccount":{"id":"2","name":"PAYU","type":"bank"},"client":{"id":"15532","name":"Yesenia Marulanda","phone":"3217729509"},"invoices":[{"id":"30383","number":"32644","date":"2021-04-11","amount":74800,"total":74800,"balance":0}],"costCenter":null,"numberTemplate":{"id":"3","prefix":"","number":"30177","fullNumber":"30177","formattedNumber":"30177"}}
2021-04-11 04:25:24 :: ----------send data payment:30384------------
2021-04-11 04:25:24 :: {"date":"2021-04-11","invoices":[{"amount":"50500","id":"30384"}],"bankAccount":2}
2021-04-11 04:25:26 :: ----------result data payment:30384------------
2021-04-11 04:25:26 :: {"id":"31453","date":"2021-04-11","number":"30178","amount":"50500.0000000000","observations":null,"anotation":null,"type":"in","paymentMethod":"","status":"open","bankAccount":{"id":"2","name":"PAYU","type":"bank"},"client":{"id":"24017","name":"Yesenia Guaran","phone":"3013867622"},"invoices":[{"id":"30384","number":"32645","date":"2021-04-11","amount":50500,"total":50500,"balance":0}],"costCenter":null,"numberTemplate":{"id":"3","prefix":"","number":"30178","fullNumber":"30178","formattedNumber":"30178"}}
2021-04-11 04:45:36 :: ----------send data payment:30385------------
2021-04-11 04:45:36 :: {"date":"2021-04-11","invoices":[{"amount":"50500","id":"30385"}],"bankAccount":2}
2021-04-11 04:45:39 :: ----------result data payment:30385------------
2021-04-11 04:45:39 :: {"id":"31454","date":"2021-04-11","number":"30179","amount":"50500.0000000000","observations":null,"anotation":null,"type":"in","paymentMethod":"","status":"open","bankAccount":{"id":"2","name":"PAYU","type":"bank"},"client":{"id":"24018","name":"LORAINE TEJEDOR NAY","phone":"3012785306"},"invoices":[{"id":"30385","number":"32646","date":"2021-04-11","amount":50500,"total":50500,"balance":0}],"costCenter":null,"numberTemplate":{"id":"3","prefix":"","number":"30179","fullNumber":"30179","formattedNumber":"30179"}}
2021-04-11 04:55:36 :: ----------send data payment:30386------------
2021-04-11 04:55:36 :: {"date":"2021-04-11","invoices":[{"amount":"29440","id":"30386"}],"bankAccount":2}
2021-04-11 04:55:37 :: ----------result data payment:30386------------
2021-04-11 04:55:37 :: {"id":"31455","date":"2021-04-11","number":"30180","amount":"29440.0000000000","observations":null,"anotation":null,"type":"in","paymentMethod":"","status":"open","bankAccount":{"id":"2","name":"PAYU","type":"bank"},"client":{"id":"24019","name":"Karen Guingue Legarda","phone":"3193571508"},"invoices":[{"id":"30386","number":"32647","date":"2021-04-11","amount":29440,"total":29440,"balance":0}],"costCenter":null,"numberTemplate":{"id":"3","prefix":"","number":"30180","fullNumber":"30180","formattedNumber":"30180"}}
2021-04-11 05:00:33 :: ----------send data payment:30387------------
2021-04-11 05:00:33 :: {"date":"2021-04-11","invoices":[{"amount":"34302","id":"30387"}],"bankAccount":2}
2021-04-11 05:00:34 :: ----------result data payment:30387------------
2021-04-11 05:00:34 :: {"id":"31456","date":"2021-04-11","number":"30181","amount":"34302.0000000000","observations":null,"anotation":null,"type":"in","paymentMethod":"","status":"open","bankAccount":{"id":"2","name":"PAYU","type":"bank"},"client":{"id":"24020","name":"Adriana Aya","phone":"3144313319"},"invoices":[{"id":"30387","number":"32648","date":"2021-04-11","amount":34302,"total":34302,"balance":0}],"costCenter":null,"numberTemplate":{"id":"3","prefix":"","number":"30181","fullNumber":"30181","formattedNumber":"30181"}}
2021-04-11 05:10:18 :: ----------send data payment:30388------------
2021-04-11 05:10:18 :: {"date":"2021-04-11","invoices":[{"amount":"197920","id":"30388"}],"bankAccount":2}
2021-04-11 05:10:20 :: ----------result data payment:30388------------
2021-04-11 05:10:20 :: {"id":"31457","date":"2021-04-11","number":"30182","amount":"197920.0000000000","observations":null,"anotation":null,"type":"in","paymentMethod":"","status":"open","bankAccount":{"id":"2","name":"PAYU","type":"bank"},"client":{"id":"24021","name":"juan escobar","phone":"3209859115"},"invoices":[{"id":"30388","number":"32649","date":"2021-04-11","amount":197920,"total":197920,"balance":0}],"costCenter":null,"numberTemplate":{"id":"3","prefix":"","number":"30182","fullNumber":"30182","formattedNumber":"30182"}}
2021-04-11 05:30:14 :: ----------send data payment:30389------------
2021-04-11 05:30:14 :: {"date":"2021-04-11","invoices":[{"amount":"50500","id":"30389"}],"bankAccount":2}
2021-04-11 05:30:15 :: ----------result data payment:30389------------
2021-04-11 05:30:15 :: {"id":"31458","date":"2021-04-11","number":"30183","amount":"50500.0000000000","observations":null,"anotation":null,"type":"in","paymentMethod":"","status":"open","bankAccount":{"id":"2","name":"PAYU","type":"bank"},"client":{"id":"24022","name":"Yannina Ramirez","phone":"3108687294"},"invoices":[{"id":"30389","number":"32650","date":"2021-04-11","amount":50500,"total":50500,"balance":0}],"costCenter":null,"numberTemplate":{"id":"3","prefix":"","number":"30183","fullNumber":"30183","formattedNumber":"30183"}}
2021-04-11 05:40:19 :: ----------send data payment:30390------------
2021-04-11 05:40:19 :: {"date":"2021-04-11","invoices":[{"amount":"39162","id":"30390"}],"bankAccount":2}
2021-04-11 05:40:20 :: ----------result data payment:30390------------
2021-04-11 05:40:20 :: {"id":"31459","date":"2021-04-11","number":"30184","amount":"39162.0000000000","observations":null,"anotation":null,"type":"in","paymentMethod":"","status":"open","bankAccount":{"id":"2","name":"PAYU","type":"bank"},"client":{"id":"24023","name":"davela2826","phone":"3003561330"},"invoices":[{"id":"30390","number":"32651","date":"2021-04-11","amount":39162,"total":39162,"balance":0}],"costCenter":null,"numberTemplate":{"id":"3","prefix":"","number":"30184","fullNumber":"30184","formattedNumber":"30184"}}
2021-04-11 07:20:34 :: ----------send data payment:30391------------
2021-04-11 07:20:34 :: {"date":"2021-04-11","invoices":[{"amount":"84801","id":"30391"}],"bankAccount":2}
2021-04-11 07:20:35 :: ----------result data payment:30391------------
2021-04-11 07:20:35 :: {"id":"31460","date":"2021-04-11","number":"30185","amount":"84801.0000000000","observations":null,"anotation":null,"type":"in","paymentMethod":"","status":"open","bankAccount":{"id":"2","name":"PAYU","type":"bank"},"client":{"id":"24024","name":"Dubeys Ramos","phone":"3045300504"},"invoices":[{"id":"30391","number":"32652","date":"2021-04-11","amount":84801,"total":84801,"balance":0}],"costCenter":null,"numberTemplate":{"id":"3","prefix":"","number":"30185","fullNumber":"30185","formattedNumber":"30185"}}
2021-04-11 07:30:28 :: ----------send data payment:30392------------
2021-04-11 07:30:28 :: {"date":"2021-04-11","invoices":[{"amount":"74800","id":"30392"}],"bankAccount":2}
2021-04-11 07:30:29 :: ----------result data payment:30392------------
2021-04-11 07:30:29 :: {"id":"31461","date":"2021-04-11","number":"30186","amount":"74800.0000000000","observations":null,"anotation":null,"type":"in","paymentMethod":"","status":"open","bankAccount":{"id":"2","name":"PAYU","type":"bank"},"client":{"id":"24025","name":"Catalina Castilla","phone":"3156625954"},"invoices":[{"id":"30392","number":"32653","date":"2021-04-11","amount":74800,"total":74800,"balance":0}],"costCenter":null,"numberTemplate":{"id":"3","prefix":"","number":"30186","fullNumber":"30186","formattedNumber":"30186"}}
2021-04-11 07:55:11 :: ----------send data payment:30393------------
2021-04-11 07:55:11 :: {"date":"2021-04-11","invoices":[{"amount":"70912","id":"30393"}],"bankAccount":2}
2021-04-11 07:55:12 :: ----------result data payment:30393------------
2021-04-11 07:55:12 :: {"id":"31462","date":"2021-04-11","number":"30187","amount":"70912.0000000000","observations":null,"anotation":null,"type":"in","paymentMethod":"","status":"open","bankAccount":{"id":"2","name":"PAYU","type":"bank"},"client":{"id":"24026","name":"Ximena Chica Marin","phone":"3113447731"},"invoices":[{"id":"30393","number":"32654","date":"2021-04-11","amount":70912,"total":70912,"balance":0}],"costCenter":null,"numberTemplate":{"id":"3","prefix":"","number":"30187","fullNumber":"30187","formattedNumber":"30187"}}
2021-04-11 08:05:21 :: ----------send data payment:30394------------
2021-04-11 08:05:21 :: {"date":"2021-04-11","invoices":[{"amount":"120160","id":"30394"}],"bankAccount":2}
2021-04-11 08:05:23 :: ----------result data payment:30394------------
2021-04-11 08:05:23 :: {"id":"31463","date":"2021-04-11","number":"30188","amount":"120160.0000000000","observations":null,"anotation":null,"type":"in","paymentMethod":"","status":"open","bankAccount":{"id":"2","name":"PAYU","type":"bank"},"client":{"id":"16924","name":"Jenny Murillo","phone":"3007391733"},"invoices":[{"id":"30394","number":"32655","date":"2021-04-11","amount":120160,"total":120160,"balance":0}],"costCenter":null,"numberTemplate":{"id":"3","prefix":"","number":"30188","fullNumber":"30188","formattedNumber":"30188"}}
2021-04-11 08:25:32 :: ----------send data payment:30395------------
2021-04-11 08:25:32 :: {"date":"2021-04-11","invoices":[{"amount":"86954","id":"30395"}],"bankAccount":2}
2021-04-11 08:25:34 :: ----------result data payment:30395------------
2021-04-11 08:25:34 :: {"id":"31464","date":"2021-04-11","number":"30189","amount":"86954.0000000000","observations":null,"anotation":null,"type":"in","paymentMethod":"","status":"open","bankAccount":{"id":"2","name":"PAYU","type":"bank"},"client":{"id":"24027","name":"Kamila","phone":"3014822744"},"invoices":[{"id":"30395","number":"32656","date":"2021-04-11","amount":86954,"total":86954,"balance":0}],"costCenter":null,"numberTemplate":{"id":"3","prefix":"","number":"30189","fullNumber":"30189","formattedNumber":"30189"}}
2021-04-11 08:30:41 :: ----------send data payment:30396------------
2021-04-11 08:30:41 :: {"date":"2021-04-11","invoices":[{"amount":"50502","id":"30396"}],"bankAccount":2}
2021-04-11 08:30:42 :: ----------result data payment:30396------------
2021-04-11 08:30:42 :: {"id":"31465","date":"2021-04-11","number":"30190","amount":"50502.0000000000","observations":null,"anotation":null,"type":"in","paymentMethod":"","status":"open","bankAccount":{"id":"2","name":"PAYU","type":"bank"},"client":{"id":"24028","name":"Estefania Rincon","phone":"3104531070"},"invoices":[{"id":"30396","number":"32657","date":"2021-04-11","amount":50502,"total":50502,"balance":0}],"costCenter":null,"numberTemplate":{"id":"3","prefix":"","number":"30190","fullNumber":"30190","formattedNumber":"30190"}}
2021-04-11 08:35:34 :: ----------send data payment:30397------------
2021-04-11 08:35:34 :: {"date":"2021-04-11","invoices":[{"amount":"82899","id":"30397"}],"bankAccount":2}
2021-04-11 08:35:36 :: ----------result data payment:30397------------
2021-04-11 08:35:36 :: {"id":"31466","date":"2021-04-11","number":"30191","amount":"82899.0000000000","observations":null,"anotation":null,"type":"in","paymentMethod":"","status":"open","bankAccount":{"id":"2","name":"PAYU","type":"bank"},"client":{"id":"24029","name":"Jhon Naranjo","phone":"3147693802"},"invoices":[{"id":"30397","number":"32658","date":"2021-04-11","amount":82899,"total":82899,"balance":0}],"costCenter":null,"numberTemplate":{"id":"3","prefix":"","number":"30191","fullNumber":"30191","formattedNumber":"30191"}}
2021-04-11 08:50:26 :: ----------send data payment:30398------------
2021-04-11 08:50:26 :: {"date":"2021-04-11","invoices":[{"amount":"78527","id":"30398"}],"bankAccount":2}
2021-04-11 08:50:27 :: ----------result data payment:30398------------
2021-04-11 08:50:27 :: {"id":"31467","date":"2021-04-11","number":"30192","amount":"78527.0000000000","observations":null,"anotation":null,"type":"in","paymentMethod":"","status":"open","bankAccount":{"id":"2","name":"PAYU","type":"bank"},"client":{"id":"24030","name":"Pilar Aguilar","phone":"3013087311"},"invoices":[{"id":"30398","number":"32659","date":"2021-04-11","amount":78527,"total":78527,"balance":0}],"costCenter":null,"numberTemplate":{"id":"3","prefix":"","number":"30192","fullNumber":"30192","formattedNumber":"30192"}}
2021-04-11 08:50:37 :: ----------send data payment:30399------------
2021-04-11 08:50:37 :: {"date":"2021-04-11","invoices":[{"amount":"129882","id":"30399"}],"bankAccount":2}
2021-04-11 08:50:38 :: ----------result data payment:30399------------
2021-04-11 08:50:38 :: {"id":"31468","date":"2021-04-11","number":"30193","amount":"129882.0000000000","observations":null,"anotation":null,"type":"in","paymentMethod":"","status":"open","bankAccount":{"id":"2","name":"PAYU","type":"bank"},"client":{"id":"24031","name":"liz884","phone":"3186422155"},"invoices":[{"id":"30399","number":"32660","date":"2021-04-11","amount":129882,"total":129882,"balance":0}],"costCenter":null,"numberTemplate":{"id":"3","prefix":"","number":"30193","fullNumber":"30193","formattedNumber":"30193"}}
2021-04-11 09:35:15 :: ----------send data payment:30400------------
2021-04-11 09:35:15 :: {"date":"2021-04-11","invoices":[{"amount":"52123","id":"30400"}],"bankAccount":2}
2021-04-11 09:35:16 :: ----------result data payment:30400------------
2021-04-11 09:35:16 :: {"id":"31469","date":"2021-04-11","number":"30194","amount":"52123.0000000000","observations":null,"anotation":null,"type":"in","paymentMethod":"","status":"open","bankAccount":{"id":"2","name":"PAYU","type":"bank"},"client":{"id":"24032","name":"Karen Diaz","phone":"3138826801"},"invoices":[{"id":"30400","number":"32661","date":"2021-04-11","amount":52123,"total":52123,"balance":0}],"costCenter":null,"numberTemplate":{"id":"3","prefix":"","number":"30194","fullNumber":"30194","formattedNumber":"30194"}}
2021-04-11 09:40:35 :: ----------send data payment:30401------------
2021-04-11 09:40:35 :: {"date":"2021-04-11","invoices":[{"amount":"111250","id":"30401"}],"bankAccount":2}
2021-04-11 09:40:37 :: ----------result data payment:30401------------
2021-04-11 09:40:37 :: {"id":"31470","date":"2021-04-11","number":"30195","amount":"111250.0000000000","observations":null,"anotation":null,"type":"in","paymentMethod":"","status":"open","bankAccount":{"id":"2","name":"PAYU","type":"bank"},"client":{"id":"24033","name":"Doris","phone":"3104156805"},"invoices":[{"id":"30401","number":"32662","date":"2021-04-11","amount":111250,"total":111250,"balance":0}],"costCenter":null,"numberTemplate":{"id":"3","prefix":"","number":"30195","fullNumber":"30195","formattedNumber":"30195"}}
2021-04-11 10:10:16 :: ----------send data payment:30402------------
2021-04-11 10:10:16 :: {"date":"2021-04-11","invoices":[{"amount":"69130","id":"30402"}],"bankAccount":2}
2021-04-11 10:10:17 :: ----------result data payment:30402------------
2021-04-11 10:10:17 :: {"id":"31471","date":"2021-04-11","number":"30196","amount":"69130.0000000000","observations":null,"anotation":null,"type":"in","paymentMethod":"","status":"open","bankAccount":{"id":"2","name":"PAYU","type":"bank"},"client":{"id":"24034","name":"Gina Bar\u00f3n","phone":"3123561008"},"invoices":[{"id":"30402","number":"32663","date":"2021-04-11","amount":69130,"total":69130,"balance":0}],"costCenter":null,"numberTemplate":{"id":"3","prefix":"","number":"30196","fullNumber":"30196","formattedNumber":"30196"}}
2021-04-11 11:00:22 :: ----------send data payment:30403------------
2021-04-11 11:00:22 :: {"date":"2021-04-11","invoices":[{"amount":"306461","id":"30403"}],"bankAccount":2}
2021-04-11 11:00:24 :: ----------result data payment:30403------------
2021-04-11 11:00:24 :: {"id":"31472","date":"2021-04-11","number":"30197","amount":"306461.0000000000","observations":null,"anotation":null,"type":"in","paymentMethod":"","status":"open","bankAccount":{"id":"2","name":"PAYU","type":"bank"},"client":{"id":"6693","name":"Karla Paola D\u00edaz Rojas","phone":"3232229631"},"invoices":[{"id":"30403","number":"32664","date":"2021-04-11","amount":306461,"total":306461,"balance":0}],"costCenter":null,"numberTemplate":{"id":"3","prefix":"","number":"30197","fullNumber":"30197","formattedNumber":"30197"}}
2021-04-11 11:20:41 :: ----------send data payment:30404------------
2021-04-11 11:20:41 :: {"date":"2021-04-11","invoices":[{"amount":"148915","id":"30404"}],"bankAccount":2}
2021-04-11 11:20:43 :: ----------result data payment:30404------------
2021-04-11 11:20:43 :: {"id":"31473","date":"2021-04-11","number":"30198","amount":"148915.0000000000","observations":null,"anotation":null,"type":"in","paymentMethod":"","status":"open","bankAccount":{"id":"2","name":"PAYU","type":"bank"},"client":{"id":"24035","name":"Camila Moreno","phone":"3177000962"},"invoices":[{"id":"30404","number":"32665","date":"2021-04-11","amount":148915,"total":148915,"balance":0}],"costCenter":null,"numberTemplate":{"id":"3","prefix":"","number":"30198","fullNumber":"30198","formattedNumber":"30198"}}
2021-04-11 11:45:18 :: ----------send data payment:30405------------
2021-04-11 11:45:18 :: {"date":"2021-04-11","invoices":[{"amount":"38401","id":"30405"}],"bankAccount":2}
2021-04-11 11:45:20 :: ----------result data payment:30405------------
2021-04-11 11:45:20 :: {"id":"31474","date":"2021-04-11","number":"30199","amount":"38401.0000000000","observations":null,"anotation":null,"type":"in","paymentMethod":"","status":"open","bankAccount":{"id":"2","name":"PAYU","type":"bank"},"client":{"id":"24036","name":"Alejandra L\u00f3pez","phone":"3137572949"},"invoices":[{"id":"30405","number":"32666","date":"2021-04-11","amount":38401,"total":38401,"balance":0}],"costCenter":null,"numberTemplate":{"id":"3","prefix":"","number":"30199","fullNumber":"30199","formattedNumber":"30199"}}