
2021-10-13 06:06:12 :: ----------send data payment:39281------------
2021-10-13 06:06:12 :: {"date":"2021-10-13","invoices":[{"amount":"100000","id":"39281"}],"bankAccount":2}
2021-10-13 06:06:14 :: ----------result data payment:39281------------
2021-10-13 06:06:14 :: {"id":"40815","date":"2021-10-13","number":"39054","amount":"100000.0000000000","observations":null,"anotation":null,"type":"in","paymentMethod":"","status":"open","bankAccount":{"id":"2","name":"PAYU","type":"bank"},"client":{"id":"30439","name":"Adriana Olarte","phone":"3103201180"},"invoices":[{"id":"39281","number":"41542","date":"2021-10-13","amount":100000,"total":100000,"balance":0}],"costCenter":null,"numberTemplate":{"id":"3","prefix":"","number":"39054","fullNumber":"39054","formattedNumber":"39054"}}
2021-10-13 07:46:18 :: ----------send data payment:39282------------
2021-10-13 07:46:18 :: {"date":"2021-10-13","invoices":[{"amount":"49999","id":"39282"}],"bankAccount":2}
2021-10-13 07:46:22 :: ----------result data payment:39282------------
2021-10-13 07:46:22 :: {"id":"40816","date":"2021-10-13","number":"39055","amount":"49999.0000000000","observations":null,"anotation":null,"type":"in","paymentMethod":"","status":"open","bankAccount":{"id":"2","name":"PAYU","type":"bank"},"client":{"id":"4158","name":"Emmely Hern\u00e1ndez","phone":"3023974719"},"invoices":[{"id":"39282","number":"41543","date":"2021-10-13","amount":49999,"total":49999,"balance":0}],"costCenter":null,"numberTemplate":{"id":"3","prefix":"","number":"39055","fullNumber":"39055","formattedNumber":"39055"}}
2021-10-13 08:39:21 :: ----------send data payment:39283------------
2021-10-13 08:39:21 :: {"date":"2021-10-13","invoices":[{"amount":"70000","id":"39283"}],"bankAccount":2}
2021-10-13 08:39:27 :: ----------result data payment:39283------------
2021-10-13 08:39:27 :: {"id":"40817","date":"2021-10-13","number":"39056","amount":"70000.0000000000","observations":null,"anotation":null,"type":"in","paymentMethod":"","status":"open","bankAccount":{"id":"2","name":"PAYU","type":"bank"},"client":{"id":"30440","name":"Katherin Gonzalez","phone":"3152972203"},"invoices":[{"id":"39283","number":"41544","date":"2021-10-13","amount":70000,"total":70000,"balance":0}],"costCenter":null,"numberTemplate":{"id":"3","prefix":"","number":"39056","fullNumber":"39056","formattedNumber":"39056"}}
2021-10-13 08:45:25 :: ----------send data payment:39284------------
2021-10-13 08:45:25 :: {"date":"2021-10-13","invoices":[{"amount":"66000","id":"39284"}],"bankAccount":2}
2021-10-13 08:45:40 :: ----------result data payment:39284------------
2021-10-13 08:45:40 :: {"id":"40818","date":"2021-10-13","number":"39057","amount":"66000.0000000000","observations":null,"anotation":null,"type":"in","paymentMethod":"","status":"open","bankAccount":{"id":"2","name":"PAYU","type":"bank"},"client":{"id":"30441","name":"ma18vr","phone":"3046306519"},"invoices":[{"id":"39284","number":"41545","date":"2021-10-13","amount":66000,"total":66000,"balance":0}],"costCenter":null,"numberTemplate":{"id":"3","prefix":"","number":"39057","fullNumber":"39057","formattedNumber":"39057"}}
2021-10-13 09:25:08 :: ----------send data payment:39285------------
2021-10-13 09:25:08 :: {"date":"2021-10-13","invoices":[{"amount":"63000","id":"39285"}],"bankAccount":2}
2021-10-13 09:25:09 :: ----------result data payment:39285------------
2021-10-13 09:25:09 :: {"id":"40819","date":"2021-10-13","number":"39058","amount":"63000.0000000000","observations":null,"anotation":null,"type":"in","paymentMethod":"","status":"open","bankAccount":{"id":"2","name":"PAYU","type":"bank"},"client":{"id":"30442","name":"ftlaurapaipilla","phone":"3125235345"},"invoices":[{"id":"39285","number":"41546","date":"2021-10-13","amount":63000,"total":63000,"balance":0}],"costCenter":null,"numberTemplate":{"id":"3","prefix":"","number":"39058","fullNumber":"39058","formattedNumber":"39058"}}
2021-10-13 10:01:12 :: ----------send data payment:39286------------
2021-10-13 10:01:12 :: {"date":"2021-10-13","invoices":[{"amount":"119001","id":"39286"}],"bankAccount":2}
2021-10-13 10:01:14 :: ----------result data payment:39286------------
2021-10-13 10:01:14 :: {"id":"40820","date":"2021-10-13","number":"39059","amount":"119001.0000000000","observations":null,"anotation":null,"type":"in","paymentMethod":"","status":"open","bankAccount":{"id":"2","name":"PAYU","type":"bank"},"client":{"id":"30443","name":"Rayza Montero","phone":"3004810970"},"invoices":[{"id":"39286","number":"41547","date":"2021-10-13","amount":119001,"total":119001,"balance":0}],"costCenter":null,"numberTemplate":{"id":"3","prefix":"","number":"39059","fullNumber":"39059","formattedNumber":"39059"}}
2021-10-13 10:13:07 :: ----------send data payment:39287------------
2021-10-13 10:13:07 :: {"date":"2021-10-13","invoices":[{"amount":"70000","id":"39287"}],"bankAccount":2}
2021-10-13 10:13:09 :: ----------result data payment:39287------------
2021-10-13 10:13:09 :: {"id":"40821","date":"2021-10-13","number":"39060","amount":"70000.0000000000","observations":null,"anotation":null,"type":"in","paymentMethod":"","status":"open","bankAccount":{"id":"2","name":"PAYU","type":"bank"},"client":{"id":"30444","name":"Diana Marcela Panesso Barreto","phone":"3115303358"},"invoices":[{"id":"39287","number":"41548","date":"2021-10-13","amount":70000,"total":70000,"balance":0}],"costCenter":null,"numberTemplate":{"id":"3","prefix":"","number":"39060","fullNumber":"39060","formattedNumber":"39060"}}
2021-10-13 10:20:06 :: ----------send data payment:39288------------
2021-10-13 10:20:06 :: {"date":"2021-10-13","invoices":[{"amount":"80000","id":"39288"}],"bankAccount":2}
2021-10-13 10:20:08 :: ----------result data payment:39288------------
2021-10-13 10:20:08 :: {"id":"40822","date":"2021-10-13","number":"39061","amount":"80000.0000000000","observations":null,"anotation":null,"type":"in","paymentMethod":"","status":"open","bankAccount":{"id":"2","name":"PAYU","type":"bank"},"client":{"id":"30445","name":"Andrea Bare\u00f1o Velazco","phone":"3202503288"},"invoices":[{"id":"39288","number":"41549","date":"2021-10-13","amount":80000,"total":80000,"balance":0}],"costCenter":null,"numberTemplate":{"id":"3","prefix":"","number":"39061","fullNumber":"39061","formattedNumber":"39061"}}
2021-10-13 10:21:12 :: ----------send data payment:39289------------
2021-10-13 10:21:12 :: {"date":"2021-10-13","invoices":[{"amount":"140000","id":"39289"}],"bankAccount":2}
2021-10-13 10:21:13 :: ----------result data payment:39289------------
2021-10-13 10:21:13 :: {"id":"40823","date":"2021-10-13","number":"39062","amount":"140000.0000000000","observations":null,"anotation":null,"type":"in","paymentMethod":"","status":"open","bankAccount":{"id":"2","name":"PAYU","type":"bank"},"client":{"id":"30446","name":"Maria Ordonez","phone":"3156536615"},"invoices":[{"id":"39289","number":"41550","date":"2021-10-13","amount":140000,"total":140000,"balance":0}],"costCenter":null,"numberTemplate":{"id":"3","prefix":"","number":"39062","fullNumber":"39062","formattedNumber":"39062"}}
2021-10-13 10:39:07 :: ----------send data payment:39290------------
2021-10-13 10:39:07 :: {"date":"2021-10-13","invoices":[{"amount":"25000","id":"39290"}],"bankAccount":2}
2021-10-13 10:39:09 :: ----------result data payment:39290------------
2021-10-13 10:39:09 :: {"id":"40824","date":"2021-10-13","number":"39063","amount":"25000.0000000000","observations":null,"anotation":null,"type":"in","paymentMethod":"","status":"open","bankAccount":{"id":"2","name":"PAYU","type":"bank"},"client":{"id":"30447","name":"NICOLL ALVAREZ GUTIERREZ","phone":"3213172959"},"invoices":[{"id":"39290","number":"41551","date":"2021-10-13","amount":25000,"total":25000,"balance":0}],"costCenter":null,"numberTemplate":{"id":"3","prefix":"","number":"39063","fullNumber":"39063","formattedNumber":"39063"}}
2021-10-13 11:07:04 :: ----------send data payment:39291------------
2021-10-13 11:07:04 :: {"date":"2021-10-13","invoices":[{"amount":"131500","id":"39291"}],"bankAccount":2}
2021-10-13 11:07:07 :: ----------result data payment:39291------------
2021-10-13 11:07:07 :: {"id":"40825","date":"2021-10-13","number":"39064","amount":"131500.0000000000","observations":null,"anotation":null,"type":"in","paymentMethod":"","status":"open","bankAccount":{"id":"2","name":"PAYU","type":"bank"},"client":{"id":"10204","name":"kate.carog","phone":"3123909894"},"invoices":[{"id":"39291","number":"41552","date":"2021-10-13","amount":131500,"total":131500,"balance":0}],"costCenter":null,"numberTemplate":{"id":"3","prefix":"","number":"39064","fullNumber":"39064","formattedNumber":"39064"}}
2021-10-13 11:38:08 :: ----------send data payment:39292------------
2021-10-13 11:38:08 :: {"date":"2021-10-13","invoices":[{"amount":"134000","id":"39292"}],"bankAccount":2}
2021-10-13 11:38:09 :: ----------result data payment:39292------------
2021-10-13 11:38:09 :: {"id":"40826","date":"2021-10-13","number":"39065","amount":"134000.0000000000","observations":null,"anotation":null,"type":"in","paymentMethod":"","status":"open","bankAccount":{"id":"2","name":"PAYU","type":"bank"},"client":{"id":"30448","name":"M\u00f3nica montoya","phone":"3024145793"},"invoices":[{"id":"39292","number":"41553","date":"2021-10-13","amount":134000,"total":134000,"balance":0}],"costCenter":null,"numberTemplate":{"id":"3","prefix":"","number":"39065","fullNumber":"39065","formattedNumber":"39065"}}
2021-10-13 11:51:12 :: ----------send data payment:39293------------
2021-10-13 11:51:12 :: {"date":"2021-10-13","invoices":[{"amount":"30000","id":"39293"}],"bankAccount":2}
2021-10-13 11:51:14 :: ----------result data payment:39293------------
2021-10-13 11:51:14 :: {"id":"40827","date":"2021-10-13","number":"39066","amount":"30000.0000000000","observations":null,"anotation":null,"type":"in","paymentMethod":"","status":"open","bankAccount":{"id":"2","name":"PAYU","type":"bank"},"client":{"id":"30449","name":"Elizabeth Castrill\u00f3n Padilla","phone":"3182219077"},"invoices":[{"id":"39293","number":"41554","date":"2021-10-13","amount":30000,"total":30000,"balance":0}],"costCenter":null,"numberTemplate":{"id":"3","prefix":"","number":"39066","fullNumber":"39066","formattedNumber":"39066"}}
2021-10-13 12:01:10 :: ----------send data payment:39294------------
2021-10-13 12:01:10 :: {"date":"2021-10-13","invoices":[{"amount":"90001","id":"39294"}],"bankAccount":2}
2021-10-13 12:01:12 :: ----------result data payment:39294------------
2021-10-13 12:01:12 :: {"id":"40828","date":"2021-10-13","number":"39067","amount":"90001.0000000000","observations":null,"anotation":null,"type":"in","paymentMethod":"","status":"open","bankAccount":{"id":"2","name":"PAYU","type":"bank"},"client":{"id":"30450","name":"Sara Jim\u00e9nez Rivera","phone":"3226131746"},"invoices":[{"id":"39294","number":"41555","date":"2021-10-13","amount":90001,"total":90001,"balance":0}],"costCenter":null,"numberTemplate":{"id":"3","prefix":"","number":"39067","fullNumber":"39067","formattedNumber":"39067"}}
2021-10-13 12:06:11 :: ----------send data payment:39295------------
2021-10-13 12:06:11 :: {"date":"2021-10-13","invoices":[{"amount":"70000","id":"39295"}],"bankAccount":2}
2021-10-13 12:06:13 :: ----------result data payment:39295------------
2021-10-13 12:06:13 :: {"id":"40829","date":"2021-10-13","number":"39068","amount":"70000.0000000000","observations":null,"anotation":null,"type":"in","paymentMethod":"","status":"open","bankAccount":{"id":"2","name":"PAYU","type":"bank"},"client":{"id":"30451","name":"Ginna Rodriguez","phone":"3204673770"},"invoices":[{"id":"39295","number":"41556","date":"2021-10-13","amount":70000,"total":70000,"balance":0}],"costCenter":null,"numberTemplate":{"id":"3","prefix":"","number":"39068","fullNumber":"39068","formattedNumber":"39068"}}
2021-10-13 12:11:12 :: ----------send data payment:39296------------
2021-10-13 12:11:12 :: {"date":"2021-10-13","invoices":[{"amount":"117500","id":"39296"}],"bankAccount":2}
2021-10-13 12:11:13 :: ----------result data payment:39296------------
2021-10-13 12:11:13 :: {"id":"40830","date":"2021-10-13","number":"39069","amount":"117500.0000000000","observations":null,"anotation":null,"type":"in","paymentMethod":"","status":"open","bankAccount":{"id":"2","name":"PAYU","type":"bank"},"client":{"id":"30452","name":"Patricia Cardozo","phone":"3162656487"},"invoices":[{"id":"39296","number":"41557","date":"2021-10-13","amount":117500,"total":117500,"balance":0}],"costCenter":null,"numberTemplate":{"id":"3","prefix":"","number":"39069","fullNumber":"39069","formattedNumber":"39069"}}
2021-10-13 12:12:06 :: ----------send data payment:39297------------
2021-10-13 12:12:06 :: {"date":"2021-10-13","invoices":[{"amount":"52000","id":"39297"}],"bankAccount":2}
2021-10-13 12:12:09 :: ----------result data payment:39297------------
2021-10-13 12:12:09 :: {"id":"40831","date":"2021-10-13","number":"39070","amount":"52000.0000000000","observations":null,"anotation":null,"type":"in","paymentMethod":"","status":"open","bankAccount":{"id":"2","name":"PAYU","type":"bank"},"client":{"id":"30453","name":"Liz Perdomo","phone":"3114115608"},"invoices":[{"id":"39297","number":"41558","date":"2021-10-13","amount":52000,"total":52000,"balance":0}],"costCenter":null,"numberTemplate":{"id":"3","prefix":"","number":"39070","fullNumber":"39070","formattedNumber":"39070"}}
2021-10-13 12:21:13 :: ----------send data payment:39298------------
2021-10-13 12:21:13 :: {"date":"2021-10-13","invoices":[{"amount":"70000","id":"39298"}],"bankAccount":2}
2021-10-13 12:21:15 :: ----------result data payment:39298------------
2021-10-13 12:21:15 :: {"id":"40833","date":"2021-10-13","number":"39071","amount":"70000.0000000000","observations":null,"anotation":null,"type":"in","paymentMethod":"","status":"open","bankAccount":{"id":"2","name":"PAYU","type":"bank"},"client":{"id":"30454","name":"Christian Camargo","phone":"3152348335"},"invoices":[{"id":"39298","number":"41559","date":"2021-10-13","amount":70000,"total":70000,"balance":0}],"costCenter":null,"numberTemplate":{"id":"3","prefix":"","number":"39071","fullNumber":"39071","formattedNumber":"39071"}}
2021-10-13 01:42:05 :: ----------send data payment:39299------------
2021-10-13 01:42:05 :: {"date":"2021-10-13","invoices":[{"amount":"107500","id":"39299"}],"bankAccount":2}
2021-10-13 01:42:07 :: ----------result data payment:39299------------
2021-10-13 01:42:07 :: {"id":"40834","date":"2021-10-13","number":"39072","amount":"107500.0000000000","observations":null,"anotation":null,"type":"in","paymentMethod":"","status":"open","bankAccount":{"id":"2","name":"PAYU","type":"bank"},"client":{"id":"30455","name":"Mariana Manchego","phone":"3196738947"},"invoices":[{"id":"39299","number":"41560","date":"2021-10-13","amount":107500,"total":107500,"balance":0}],"costCenter":null,"numberTemplate":{"id":"3","prefix":"","number":"39072","fullNumber":"39072","formattedNumber":"39072"}}
2021-10-13 01:50:04 :: ----------send data payment:39300------------
2021-10-13 01:50:04 :: {"date":"2021-10-13","invoices":[{"amount":"103000","id":"39300"}],"bankAccount":2}
2021-10-13 01:50:05 :: ----------result data payment:39300------------
2021-10-13 01:50:05 :: {"id":"40835","date":"2021-10-13","number":"39073","amount":"103000.0000000000","observations":null,"anotation":null,"type":"in","paymentMethod":"","status":"open","bankAccount":{"id":"2","name":"PAYU","type":"bank"},"client":{"id":"14017","name":"Laura perdomo","phone":"3204916461"},"invoices":[{"id":"39300","number":"41561","date":"2021-10-13","amount":103000,"total":103000,"balance":0}],"costCenter":null,"numberTemplate":{"id":"3","prefix":"","number":"39073","fullNumber":"39073","formattedNumber":"39073"}}
2021-10-13 02:02:07 :: ----------send data payment:39302------------
2021-10-13 02:02:07 :: {"date":"2021-10-13","invoices":[{"amount":"70000","id":"39302"}],"bankAccount":2}
2021-10-13 02:02:08 :: ----------result data payment:39302------------
2021-10-13 02:02:08 :: {"id":"40836","date":"2021-10-13","number":"39074","amount":"70000.0000000000","observations":null,"anotation":null,"type":"in","paymentMethod":"","status":"open","bankAccount":{"id":"2","name":"PAYU","type":"bank"},"client":{"id":"30456","name":"Lorena Ramirez Silva","phone":"3223641027"},"invoices":[{"id":"39302","number":"41563","date":"2021-10-13","amount":70000,"total":70000,"balance":0}],"costCenter":null,"numberTemplate":{"id":"3","prefix":"","number":"39074","fullNumber":"39074","formattedNumber":"39074"}}
2021-10-13 02:07:05 :: ----------send data payment:39303------------
2021-10-13 02:07:05 :: {"date":"2021-10-13","invoices":[{"amount":"70000","id":"39303"}],"bankAccount":2}
2021-10-13 02:07:06 :: ----------result data payment:39303------------
2021-10-13 02:07:06 :: {"id":"40837","date":"2021-10-13","number":"39075","amount":"70000.0000000000","observations":null,"anotation":null,"type":"in","paymentMethod":"","status":"open","bankAccount":{"id":"2","name":"PAYU","type":"bank"},"client":{"id":"30457","name":"Alexandra Monak","phone":"3212112510"},"invoices":[{"id":"39303","number":"41564","date":"2021-10-13","amount":70000,"total":70000,"balance":0}],"costCenter":null,"numberTemplate":{"id":"3","prefix":"","number":"39075","fullNumber":"39075","formattedNumber":"39075"}}
2021-10-13 02:15:08 :: ----------send data payment:39304------------
2021-10-13 02:15:08 :: {"date":"2021-10-13","invoices":[{"amount":"106000","id":"39304"}],"bankAccount":2}
2021-10-13 02:15:09 :: ----------result data payment:39304------------
2021-10-13 02:15:09 :: {"id":"40838","date":"2021-10-13","number":"39076","amount":"106000.0000000000","observations":null,"anotation":null,"type":"in","paymentMethod":"","status":"open","bankAccount":{"id":"2","name":"PAYU","type":"bank"},"client":{"id":"30458","name":"tatiana carvajal","phone":"3183466137"},"invoices":[{"id":"39304","number":"41565","date":"2021-10-13","amount":106000,"total":106000,"balance":0}],"costCenter":null,"numberTemplate":{"id":"3","prefix":"","number":"39076","fullNumber":"39076","formattedNumber":"39076"}}
2021-10-13 02:24:08 :: ----------send data payment:39305------------
2021-10-13 02:24:08 :: {"date":"2021-10-13","invoices":[{"amount":"70000","id":"39305"}],"bankAccount":2}
2021-10-13 02:24:09 :: ----------result data payment:39305------------
2021-10-13 02:24:09 :: {"id":"40839","date":"2021-10-13","number":"39077","amount":"70000.0000000000","observations":null,"anotation":null,"type":"in","paymentMethod":"","status":"open","bankAccount":{"id":"2","name":"PAYU","type":"bank"},"client":{"id":"30459","name":"Maura Meza","phone":"3053751667"},"invoices":[{"id":"39305","number":"41566","date":"2021-10-13","amount":70000,"total":70000,"balance":0}],"costCenter":null,"numberTemplate":{"id":"3","prefix":"","number":"39077","fullNumber":"39077","formattedNumber":"39077"}}
2021-10-13 02:25:07 :: ----------send data payment:39306------------
2021-10-13 02:25:07 :: {"date":"2021-10-13","invoices":[{"amount":"106851","id":"39306"}],"bankAccount":2}
2021-10-13 02:25:09 :: ----------result data payment:39306------------
2021-10-13 02:25:09 :: {"id":"40840","date":"2021-10-13","number":"39078","amount":"106851.0000000000","observations":null,"anotation":null,"type":"in","paymentMethod":"","status":"open","bankAccount":{"id":"2","name":"PAYU","type":"bank"},"client":{"id":"30460","name":"danito3395","phone":"3147775233"},"invoices":[{"id":"39306","number":"41567","date":"2021-10-13","amount":106851,"total":106851,"balance":0}],"costCenter":null,"numberTemplate":{"id":"3","prefix":"","number":"39078","fullNumber":"39078","formattedNumber":"39078"}}
2021-10-13 02:27:10 :: ----------send data payment:39307------------
2021-10-13 02:27:10 :: {"date":"2021-10-13","invoices":[{"amount":"70000","id":"39307"}],"bankAccount":2}
2021-10-13 02:27:11 :: ----------result data payment:39307------------
2021-10-13 02:27:11 :: {"id":"40841","date":"2021-10-13","number":"39079","amount":"70000.0000000000","observations":null,"anotation":null,"type":"in","paymentMethod":"","status":"open","bankAccount":{"id":"2","name":"PAYU","type":"bank"},"client":{"id":"30461","name":"Manuela","phone":"3203021446"},"invoices":[{"id":"39307","number":"41568","date":"2021-10-13","amount":70000,"total":70000,"balance":0}],"costCenter":null,"numberTemplate":{"id":"3","prefix":"","number":"39079","fullNumber":"39079","formattedNumber":"39079"}}
2021-10-13 02:44:06 :: ----------send data payment:39308------------
2021-10-13 02:44:06 :: {"date":"2021-10-13","invoices":[{"amount":"60000","id":"39308"}],"bankAccount":2}
2021-10-13 02:44:12 :: ----------result data payment:39308------------
2021-10-13 02:44:12 :: {"id":"40842","date":"2021-10-13","number":"39080","amount":"60000.0000000000","observations":null,"anotation":null,"type":"in","paymentMethod":"","status":"open","bankAccount":{"id":"2","name":"PAYU","type":"bank"},"client":{"id":"30462","name":"Juan Manuel Rodriguez Rueda","phone":"3202014670"},"invoices":[{"id":"39308","number":"41569","date":"2021-10-13","amount":60000,"total":60000,"balance":0}],"costCenter":null,"numberTemplate":{"id":"3","prefix":"","number":"39080","fullNumber":"39080","formattedNumber":"39080"}}
2021-10-13 03:16:19 :: ----------send data payment:39309------------
2021-10-13 03:16:19 :: {"date":"2021-10-13","invoices":[{"amount":"40000","id":"39309"}],"bankAccount":2}
2021-10-13 03:16:20 :: ----------result data payment:39309------------
2021-10-13 03:16:20 :: {"id":"40843","date":"2021-10-13","number":"39081","amount":"40000.0000000000","observations":null,"anotation":null,"type":"in","paymentMethod":"","status":"open","bankAccount":{"id":"2","name":"PAYU","type":"bank"},"client":{"id":"30463","name":"Jennifer Rodriguez","phone":"3222476551"},"invoices":[{"id":"39309","number":"41570","date":"2021-10-13","amount":40000,"total":40000,"balance":0}],"costCenter":null,"numberTemplate":{"id":"3","prefix":"","number":"39081","fullNumber":"39081","formattedNumber":"39081"}}
2021-10-13 03:16:23 :: ----------send data payment:39310------------
2021-10-13 03:16:23 :: {"date":"2021-10-13","invoices":[{"amount":"104000","id":"39310"}],"bankAccount":2}
2021-10-13 03:16:24 :: ----------result data payment:39310------------
2021-10-13 03:16:24 :: {"id":"40844","date":"2021-10-13","number":"39082","amount":"104000.0000000000","observations":null,"anotation":null,"type":"in","paymentMethod":"","status":"open","bankAccount":{"id":"2","name":"PAYU","type":"bank"},"client":{"id":"30464","name":"marirestrepoj","phone":"3183762348"},"invoices":[{"id":"39310","number":"41571","date":"2021-10-13","amount":104000,"total":104000,"balance":0}],"costCenter":null,"numberTemplate":{"id":"3","prefix":"","number":"39082","fullNumber":"39082","formattedNumber":"39082"}}
2021-10-13 03:23:05 :: ----------send data payment:39311------------
2021-10-13 03:23:05 :: {"date":"2021-10-13","invoices":[{"amount":"105000","id":"39311"}],"bankAccount":2}
2021-10-13 03:23:06 :: ----------result data payment:39311------------
2021-10-13 03:23:06 :: {"id":"40845","date":"2021-10-13","number":"39083","amount":"105000.0000000000","observations":null,"anotation":null,"type":"in","paymentMethod":"","status":"open","bankAccount":{"id":"2","name":"PAYU","type":"bank"},"client":{"id":"30465","name":"diana_11708","phone":"3217822537"},"invoices":[{"id":"39311","number":"41572","date":"2021-10-13","amount":105000,"total":105000,"balance":0}],"costCenter":null,"numberTemplate":{"id":"3","prefix":"","number":"39083","fullNumber":"39083","formattedNumber":"39083"}}
2021-10-13 03:25:04 :: ----------send data payment:39312------------
2021-10-13 03:25:04 :: {"date":"2021-10-13","invoices":[{"amount":"167399","id":"39312"}],"bankAccount":2}
2021-10-13 03:25:05 :: ----------result data payment:39312------------
2021-10-13 03:25:05 :: {"id":"40846","date":"2021-10-13","number":"39084","amount":"167399.0000000000","observations":null,"anotation":null,"type":"in","paymentMethod":"","status":"open","bankAccount":{"id":"2","name":"PAYU","type":"bank"},"client":{"id":"7536","name":"sandrayromero","phone":"(315) 219-4608"},"invoices":[{"id":"39312","number":"41573","date":"2021-10-13","amount":167399,"total":167399,"balance":0}],"costCenter":null,"numberTemplate":{"id":"3","prefix":"","number":"39084","fullNumber":"39084","formattedNumber":"39084"}}
2021-10-13 03:29:05 :: ----------send data payment:39313------------
2021-10-13 03:29:05 :: {"date":"2021-10-13","invoices":[{"amount":"72999","id":"39313"}],"bankAccount":2}
2021-10-13 03:29:08 :: ----------result data payment:39313------------
2021-10-13 03:29:08 :: {"id":"40847","date":"2021-10-13","number":"39085","amount":"72999.0000000000","observations":null,"anotation":null,"type":"in","paymentMethod":"","status":"open","bankAccount":{"id":"2","name":"PAYU","type":"bank"},"client":{"id":"30466","name":"Leidy VH","phone":"3204384788"},"invoices":[{"id":"39313","number":"41574","date":"2021-10-13","amount":72999,"total":72999,"balance":0}],"costCenter":null,"numberTemplate":{"id":"3","prefix":"","number":"39085","fullNumber":"39085","formattedNumber":"39085"}}
2021-10-13 03:35:23 :: ----------send data payment:39314------------
2021-10-13 03:35:23 :: {"date":"2021-10-13","invoices":[{"amount":"70000","id":"39314"}],"bankAccount":2}
2021-10-13 03:35:24 :: ----------result data payment:39314------------
2021-10-13 03:35:24 :: {"id":"40848","date":"2021-10-13","number":"39086","amount":"70000.0000000000","observations":null,"anotation":null,"type":"in","paymentMethod":"","status":"open","bankAccount":{"id":"2","name":"PAYU","type":"bank"},"client":{"id":"30467","name":"Leidy marcela Pallares","phone":"3113712678"},"invoices":[{"id":"39314","number":"41575","date":"2021-10-13","amount":70000,"total":70000,"balance":0}],"costCenter":null,"numberTemplate":{"id":"3","prefix":"","number":"39086","fullNumber":"39086","formattedNumber":"39086"}}
2021-10-13 03:42:03 :: ----------send data payment:39315------------
2021-10-13 03:42:03 :: {"date":"2021-10-13","invoices":[{"amount":"38000","id":"39315"}],"bankAccount":2}
2021-10-13 03:42:04 :: ----------result data payment:39315------------
2021-10-13 03:42:04 :: {"id":"40849","date":"2021-10-13","number":"39087","amount":"38000.0000000000","observations":null,"anotation":null,"type":"in","paymentMethod":"","status":"open","bankAccount":{"id":"2","name":"PAYU","type":"bank"},"client":{"id":"4880","name":"Erika Ferrer Castellanos","phone":"3158253042"},"invoices":[{"id":"39315","number":"41576","date":"2021-10-13","amount":38000,"total":38000,"balance":0}],"costCenter":null,"numberTemplate":{"id":"3","prefix":"","number":"39087","fullNumber":"39087","formattedNumber":"39087"}}
2021-10-13 03:42:08 :: ----------send data payment:39316------------
2021-10-13 03:42:08 :: {"date":"2021-10-13","invoices":[{"amount":"70000","id":"39316"}],"bankAccount":2}
2021-10-13 03:42:09 :: ----------result data payment:39316------------
2021-10-13 03:42:09 :: {"id":"40850","date":"2021-10-13","number":"39088","amount":"70000.0000000000","observations":null,"anotation":null,"type":"in","paymentMethod":"","status":"open","bankAccount":{"id":"2","name":"PAYU","type":"bank"},"client":{"id":"30468","name":"Sandra sanchez","phone":"3144207824"},"invoices":[{"id":"39316","number":"41577","date":"2021-10-13","amount":70000,"total":70000,"balance":0}],"costCenter":null,"numberTemplate":{"id":"3","prefix":"","number":"39088","fullNumber":"39088","formattedNumber":"39088"}}
2021-10-13 03:44:07 :: ----------send data payment:39317------------
2021-10-13 03:44:07 :: {"date":"2021-10-13","invoices":[{"amount":"38000","id":"39317"}],"bankAccount":2}
2021-10-13 03:44:10 :: ----------result data payment:39317------------
2021-10-13 03:44:10 :: {"id":"40851","date":"2021-10-13","number":"39089","amount":"38000.0000000000","observations":null,"anotation":null,"type":"in","paymentMethod":"","status":"open","bankAccount":{"id":"2","name":"PAYU","type":"bank"},"client":{"id":"30469","name":"liliana kalach jimenez","phone":"3202659611"},"invoices":[{"id":"39317","number":"41578","date":"2021-10-13","amount":38000,"total":38000,"balance":0}],"costCenter":null,"numberTemplate":{"id":"3","prefix":"","number":"39089","fullNumber":"39089","formattedNumber":"39089"}}
2021-10-13 03:49:06 :: ----------send data payment:39318------------
2021-10-13 03:49:06 :: {"date":"2021-10-13","invoices":[{"amount":"77000","id":"39318"}],"bankAccount":2}
2021-10-13 03:49:08 :: ----------result data payment:39318------------
2021-10-13 03:49:08 :: {"id":"40852","date":"2021-10-13","number":"39090","amount":"77000.0000000000","observations":null,"anotation":null,"type":"in","paymentMethod":"","status":"open","bankAccount":{"id":"2","name":"PAYU","type":"bank"},"client":{"id":"30470","name":"meredith mendoza","phone":"3145493612"},"invoices":[{"id":"39318","number":"41579","date":"2021-10-13","amount":77000,"total":77000,"balance":0}],"costCenter":null,"numberTemplate":{"id":"3","prefix":"","number":"39090","fullNumber":"39090","formattedNumber":"39090"}}
2021-10-13 04:13:06 :: ----------send data payment:39319------------
2021-10-13 04:13:06 :: {"date":"2021-10-13","invoices":[{"amount":"70000","id":"39319"}],"bankAccount":2}
2021-10-13 04:13:08 :: ----------result data payment:39319------------
2021-10-13 04:13:08 :: {"id":"40853","date":"2021-10-13","number":"39091","amount":"70000.0000000000","observations":null,"anotation":null,"type":"in","paymentMethod":"","status":"open","bankAccount":{"id":"2","name":"PAYU","type":"bank"},"client":{"id":"30471","name":"tiana0612","phone":"3506193758"},"invoices":[{"id":"39319","number":"41580","date":"2021-10-13","amount":70000,"total":70000,"balance":0}],"costCenter":null,"numberTemplate":{"id":"3","prefix":"","number":"39091","fullNumber":"39091","formattedNumber":"39091"}}
2021-10-13 04:23:05 :: ----------send data payment:39320------------
2021-10-13 04:23:05 :: {"date":"2021-10-13","invoices":[{"amount":"44350","id":"39320"}],"bankAccount":2}
2021-10-13 04:23:06 :: ----------result data payment:39320------------
2021-10-13 04:23:06 :: {"id":"40854","date":"2021-10-13","number":"39092","amount":"44350.0000000000","observations":null,"anotation":null,"type":"in","paymentMethod":"","status":"open","bankAccount":{"id":"2","name":"PAYU","type":"bank"},"client":{"id":"15485","name":"ANGIE LORENA UMBA TORRES","phone":"3187159659"},"invoices":[{"id":"39320","number":"41581","date":"2021-10-13","amount":44350,"total":44350,"balance":0}],"costCenter":null,"numberTemplate":{"id":"3","prefix":"","number":"39092","fullNumber":"39092","formattedNumber":"39092"}}
2021-10-13 04:42:06 :: ----------send data payment:39321------------
2021-10-13 04:42:06 :: {"date":"2021-10-13","invoices":[{"amount":"70000","id":"39321"}],"bankAccount":2}
2021-10-13 04:42:11 :: ----------result data payment:39321------------
2021-10-13 04:42:11 :: {"id":"40856","date":"2021-10-13","number":"39094","amount":"70000.0000000000","observations":null,"anotation":null,"type":"in","paymentMethod":"","status":"open","bankAccount":{"id":"2","name":"PAYU","type":"bank"},"client":{"id":"28951","name":"Jennifer \u00c1lvarez Linero","phone":"3113708552"},"invoices":[{"id":"39321","number":"41582","date":"2021-10-13","amount":70000,"total":70000,"balance":0}],"costCenter":null,"numberTemplate":{"id":"3","prefix":"","number":"39094","fullNumber":"39094","formattedNumber":"39094"}}
2021-10-13 04:58:12 :: ----------send data payment:39322------------
2021-10-13 04:58:12 :: {"date":"2021-10-13","invoices":[{"amount":"69000","id":"39322"}],"bankAccount":2}
2021-10-13 04:58:19 :: ----------result data payment:39322------------
2021-10-13 04:58:19 :: {"id":"40857","date":"2021-10-13","number":"39095","amount":"69000.0000000000","observations":null,"anotation":null,"type":"in","paymentMethod":"","status":"open","bankAccount":{"id":"2","name":"PAYU","type":"bank"},"client":{"id":"30472","name":"Leidy Tatiana","phone":"3175063308"},"invoices":[{"id":"39322","number":"41583","date":"2021-10-13","amount":69000,"total":69000,"balance":0}],"costCenter":null,"numberTemplate":{"id":"3","prefix":"","number":"39095","fullNumber":"39095","formattedNumber":"39095"}}
2021-10-13 05:13:14 :: ----------send data payment:39323------------
2021-10-13 05:13:14 :: {"date":"2021-10-13","invoices":[{"amount":"49999","id":"39323"}],"bankAccount":2}
2021-10-13 05:13:37 :: ----------result data payment:39323------------
2021-10-13 05:13:37 :: {"id":"40858","date":"2021-10-13","number":"39096","amount":"49999.0000000000","observations":null,"anotation":null,"type":"in","paymentMethod":"","status":"open","bankAccount":{"id":"2","name":"PAYU","type":"bank"},"client":{"id":"30473","name":"Ana Mar\u00eda Rodr\u00edguez","phone":"3163159525"},"invoices":[{"id":"39323","number":"41584","date":"2021-10-13","amount":49999,"total":49999,"balance":0}],"costCenter":null,"numberTemplate":{"id":"3","prefix":"","number":"39096","fullNumber":"39096","formattedNumber":"39096"}}
2021-10-13 06:03:13 :: ----------send data payment:39324------------
2021-10-13 06:03:13 :: {"date":"2021-10-13","invoices":[{"amount":"50000","id":"39324"}],"bankAccount":2}
2021-10-13 06:03:24 :: ----------result data payment:39324------------
2021-10-13 06:03:24 :: {"id":"40859","date":"2021-10-13","number":"39097","amount":"50000.0000000000","observations":null,"anotation":null,"type":"in","paymentMethod":"","status":"open","bankAccount":{"id":"2","name":"PAYU","type":"bank"},"client":{"id":"25030","name":"Claudia Marcela Martinez","phone":"3232940965"},"invoices":[{"id":"39324","number":"41585","date":"2021-10-13","amount":50000,"total":50000,"balance":0}],"costCenter":null,"numberTemplate":{"id":"3","prefix":"","number":"39097","fullNumber":"39097","formattedNumber":"39097"}}
2021-10-13 06:04:18 :: ----------send data payment:39325------------
2021-10-13 06:04:18 :: {"date":"2021-10-13","invoices":[{"amount":"70000","id":"39325"}],"bankAccount":2}
2021-10-13 06:04:26 :: ----------result data payment:39325------------
2021-10-13 06:04:26 :: {"id":"40860","date":"2021-10-13","number":"39098","amount":"70000.0000000000","observations":null,"anotation":null,"type":"in","paymentMethod":"","status":"open","bankAccount":{"id":"2","name":"PAYU","type":"bank"},"client":{"id":"30474","name":"Sandra Montagut","phone":"3014247688"},"invoices":[{"id":"39325","number":"41586","date":"2021-10-13","amount":70000,"total":70000,"balance":0}],"costCenter":null,"numberTemplate":{"id":"3","prefix":"","number":"39098","fullNumber":"39098","formattedNumber":"39098"}}
2021-10-13 06:44:06 :: ----------send data payment:39326------------
2021-10-13 06:44:06 :: {"date":"2021-10-13","invoices":[{"amount":"90000","id":"39326"}],"bankAccount":2}
2021-10-13 06:44:08 :: ----------result data payment:39326------------
2021-10-13 06:44:08 :: {"id":"40861","date":"2021-10-13","number":"39099","amount":"90000.0000000000","observations":null,"anotation":null,"type":"in","paymentMethod":"","status":"open","bankAccount":{"id":"2","name":"PAYU","type":"bank"},"client":{"id":"30475","name":"lina.trujillo10","phone":"3133800201"},"invoices":[{"id":"39326","number":"41587","date":"2021-10-13","amount":90000,"total":90000,"balance":0}],"costCenter":null,"numberTemplate":{"id":"3","prefix":"","number":"39099","fullNumber":"39099","formattedNumber":"39099"}}
2021-10-13 06:53:14 :: ----------send data payment:39327------------
2021-10-13 06:53:14 :: {"date":"2021-10-13","invoices":[{"amount":"214002","id":"39327"}],"bankAccount":2}
2021-10-13 06:53:16 :: ----------result data payment:39327------------
2021-10-13 06:53:16 :: {"id":"40862","date":"2021-10-13","number":"39100","amount":"214002.0000000000","observations":null,"anotation":null,"type":"in","paymentMethod":"","status":"open","bankAccount":{"id":"2","name":"PAYU","type":"bank"},"client":{"id":"12342","name":"Yeny Marin","phone":"3135547770"},"invoices":[{"id":"39327","number":"41588","date":"2021-10-13","amount":214002,"total":214002,"balance":0}],"costCenter":null,"numberTemplate":{"id":"3","prefix":"","number":"39100","fullNumber":"39100","formattedNumber":"39100"}}
2021-10-13 06:55:07 :: ----------send data payment:39328------------
2021-10-13 06:55:07 :: {"date":"2021-10-13","invoices":[{"amount":"66000","id":"39328"}],"bankAccount":2}
2021-10-13 06:55:09 :: ----------result data payment:39328------------
2021-10-13 06:55:09 :: {"id":"40863","date":"2021-10-13","number":"39101","amount":"66000.0000000000","observations":null,"anotation":null,"type":"in","paymentMethod":"","status":"open","bankAccount":{"id":"2","name":"PAYU","type":"bank"},"client":{"id":"30476","name":"CAROLINA OSPINA ASTUDILLO","phone":"3128435421"},"invoices":[{"id":"39328","number":"41589","date":"2021-10-13","amount":66000,"total":66000,"balance":0}],"costCenter":null,"numberTemplate":{"id":"3","prefix":"","number":"39101","fullNumber":"39101","formattedNumber":"39101"}}
2021-10-13 07:02:06 :: ----------send data payment:39329------------
2021-10-13 07:02:06 :: {"date":"2021-10-13","invoices":[{"amount":"28000","id":"39329"}],"bankAccount":2}
2021-10-13 07:02:08 :: ----------result data payment:39329------------
2021-10-13 07:02:08 :: {"id":"40864","date":"2021-10-13","number":"39102","amount":"28000.0000000000","observations":null,"anotation":null,"type":"in","paymentMethod":"","status":"open","bankAccount":{"id":"2","name":"PAYU","type":"bank"},"client":{"id":"30477","name":"Francy Johanna Morales Martinez","phone":"3143620029"},"invoices":[{"id":"39329","number":"41590","date":"2021-10-13","amount":28000,"total":28000,"balance":0}],"costCenter":null,"numberTemplate":{"id":"3","prefix":"","number":"39102","fullNumber":"39102","formattedNumber":"39102"}}
2021-10-13 07:19:13 :: ----------send data payment:39330------------
2021-10-13 07:19:13 :: {"date":"2021-10-13","invoices":[{"amount":"111592","id":"39330"}],"bankAccount":2}
2021-10-13 07:19:15 :: ----------result data payment:39330------------
2021-10-13 07:19:15 :: {"id":"40865","date":"2021-10-13","number":"39103","amount":"111592.0000000000","observations":null,"anotation":null,"type":"in","paymentMethod":"","status":"open","bankAccount":{"id":"2","name":"PAYU","type":"bank"},"client":{"id":"30478","name":"Karen V\u00e1squez","phone":"3104767354"},"invoices":[{"id":"39330","number":"41591","date":"2021-10-13","amount":111592,"total":111592,"balance":0}],"costCenter":null,"numberTemplate":{"id":"3","prefix":"","number":"39103","fullNumber":"39103","formattedNumber":"39103"}}
2021-10-13 07:25:05 :: ----------send data payment:39331------------
2021-10-13 07:25:05 :: {"date":"2021-10-13","invoices":[{"amount":"70000","id":"39331"}],"bankAccount":2}
2021-10-13 07:25:07 :: ----------result data payment:39331------------
2021-10-13 07:25:07 :: {"id":"40866","date":"2021-10-13","number":"39104","amount":"70000.0000000000","observations":null,"anotation":null,"type":"in","paymentMethod":"","status":"open","bankAccount":{"id":"2","name":"PAYU","type":"bank"},"client":{"id":"30479","name":"Jenny Salazar","phone":"3114732577"},"invoices":[{"id":"39331","number":"41592","date":"2021-10-13","amount":70000,"total":70000,"balance":0}],"costCenter":null,"numberTemplate":{"id":"3","prefix":"","number":"39104","fullNumber":"39104","formattedNumber":"39104"}}
2021-10-13 07:42:04 :: ----------send data payment:39332------------
2021-10-13 07:42:04 :: {"date":"2021-10-13","invoices":[{"amount":"84999","id":"39332"}],"bankAccount":2}
2021-10-13 07:42:06 :: ----------result data payment:39332------------
2021-10-13 07:42:06 :: {"id":"40867","date":"2021-10-13","number":"39105","amount":"84999.0000000000","observations":null,"anotation":null,"type":"in","paymentMethod":"","status":"open","bankAccount":{"id":"2","name":"PAYU","type":"bank"},"client":{"id":"30480","name":"Diana Carolina Andrade","phone":"3163126459"},"invoices":[{"id":"39332","number":"41593","date":"2021-10-13","amount":84999,"total":84999,"balance":0}],"costCenter":null,"numberTemplate":{"id":"3","prefix":"","number":"39105","fullNumber":"39105","formattedNumber":"39105"}}
2021-10-13 08:07:05 :: ----------send data payment:39333------------
2021-10-13 08:07:05 :: {"date":"2021-10-13","invoices":[{"amount":"35000","id":"39333"}],"bankAccount":2}
2021-10-13 08:07:06 :: ----------result data payment:39333------------
2021-10-13 08:07:06 :: {"id":"40868","date":"2021-10-13","number":"39106","amount":"35000.0000000000","observations":null,"anotation":null,"type":"in","paymentMethod":"","status":"open","bankAccount":{"id":"2","name":"PAYU","type":"bank"},"client":{"id":"30481","name":"maria munera","phone":"3243009031"},"invoices":[{"id":"39333","number":"41594","date":"2021-10-13","amount":35000,"total":35000,"balance":0}],"costCenter":null,"numberTemplate":{"id":"3","prefix":"","number":"39106","fullNumber":"39106","formattedNumber":"39106"}}
2021-10-13 08:16:16 :: ----------send data payment:39334------------
2021-10-13 08:16:16 :: {"date":"2021-10-13","invoices":[{"amount":"125000","id":"39334"}],"bankAccount":2}
2021-10-13 08:16:18 :: ----------result data payment:39334------------
2021-10-13 08:16:18 :: {"id":"40869","date":"2021-10-13","number":"39107","amount":"125000.0000000000","observations":null,"anotation":null,"type":"in","paymentMethod":"","status":"open","bankAccount":{"id":"2","name":"PAYU","type":"bank"},"client":{"id":"30482","name":"Mar\u00eda Arag\u00f3n","phone":"3123458750"},"invoices":[{"id":"39334","number":"41595","date":"2021-10-13","amount":125000,"total":125000,"balance":0}],"costCenter":null,"numberTemplate":{"id":"3","prefix":"","number":"39107","fullNumber":"39107","formattedNumber":"39107"}}
2021-10-13 08:20:14 :: ----------send data payment:39335------------
2021-10-13 08:20:14 :: {"date":"2021-10-13","invoices":[{"amount":"70000","id":"39335"}],"bankAccount":2}
2021-10-13 08:20:16 :: ----------result data payment:39335------------
2021-10-13 08:20:16 :: {"id":"40870","date":"2021-10-13","number":"39108","amount":"70000.0000000000","observations":null,"anotation":null,"type":"in","paymentMethod":"","status":"open","bankAccount":{"id":"2","name":"PAYU","type":"bank"},"client":{"id":"30483","name":"Laura Juliana Echeverry M","phone":"3207165746"},"invoices":[{"id":"39335","number":"41596","date":"2021-10-13","amount":70000,"total":70000,"balance":0}],"costCenter":null,"numberTemplate":{"id":"3","prefix":"","number":"39108","fullNumber":"39108","formattedNumber":"39108"}}
2021-10-13 09:09:05 :: ----------send data payment:39336------------
2021-10-13 09:09:05 :: {"date":"2021-10-13","invoices":[{"amount":"102999","id":"39336"}],"bankAccount":2}
2021-10-13 09:09:07 :: ----------result data payment:39336------------
2021-10-13 09:09:07 :: {"id":"40871","date":"2021-10-13","number":"39109","amount":"102999.0000000000","observations":null,"anotation":null,"type":"in","paymentMethod":"","status":"open","bankAccount":{"id":"2","name":"PAYU","type":"bank"},"client":{"id":"11128","name":"Camila Villamil","phone":"3125511220"},"invoices":[{"id":"39336","number":"41597","date":"2021-10-13","amount":102999,"total":102999,"balance":0}],"costCenter":null,"numberTemplate":{"id":"3","prefix":"","number":"39109","fullNumber":"39109","formattedNumber":"39109"}}
2021-10-13 09:38:08 :: ----------send data payment:39337------------
2021-10-13 09:38:08 :: {"date":"2021-10-13","invoices":[{"amount":"25000","id":"39337"}],"bankAccount":2}
2021-10-13 09:38:09 :: ----------result data payment:39337------------
2021-10-13 09:38:09 :: {"id":"40872","date":"2021-10-13","number":"39110","amount":"25000.0000000000","observations":null,"anotation":null,"type":"in","paymentMethod":"","status":"open","bankAccount":{"id":"2","name":"PAYU","type":"bank"},"client":{"id":"10458","name":"Laura Marcela","phone":"3147922138"},"invoices":[{"id":"39337","number":"41598","date":"2021-10-13","amount":25000,"total":25000,"balance":0}],"costCenter":null,"numberTemplate":{"id":"3","prefix":"","number":"39110","fullNumber":"39110","formattedNumber":"39110"}}
2021-10-13 09:42:07 :: ----------send data payment:39338------------
2021-10-13 09:42:07 :: {"date":"2021-10-13","invoices":[{"amount":"113501","id":"39338"}],"bankAccount":2}
2021-10-13 09:42:09 :: ----------result data payment:39338------------
2021-10-13 09:42:09 :: {"id":"40873","date":"2021-10-13","number":"39111","amount":"113501.0000000000","observations":null,"anotation":null,"type":"in","paymentMethod":"","status":"open","bankAccount":{"id":"2","name":"PAYU","type":"bank"},"client":{"id":"30484","name":"Sandry Borges","phone":"3156671036"},"invoices":[{"id":"39338","number":"41599","date":"2021-10-13","amount":113501,"total":113501,"balance":0}],"costCenter":null,"numberTemplate":{"id":"3","prefix":"","number":"39111","fullNumber":"39111","formattedNumber":"39111"}}
2021-10-13 10:29:05 :: ----------send data payment:39339------------
2021-10-13 10:29:05 :: {"date":"2021-10-13","invoices":[{"amount":"70000","id":"39339"}],"bankAccount":2}
2021-10-13 10:29:06 :: ----------result data payment:39339------------
2021-10-13 10:29:06 :: {"id":"40874","date":"2021-10-13","number":"39112","amount":"70000.0000000000","observations":null,"anotation":null,"type":"in","paymentMethod":"","status":"open","bankAccount":{"id":"2","name":"PAYU","type":"bank"},"client":{"id":"30485","name":"Angelica Morales","phone":"3015132209"},"invoices":[{"id":"39339","number":"41600","date":"2021-10-13","amount":70000,"total":70000,"balance":0}],"costCenter":null,"numberTemplate":{"id":"3","prefix":"","number":"39112","fullNumber":"39112","formattedNumber":"39112"}}
2021-10-13 10:58:03 :: ----------send data payment:39340------------
2021-10-13 10:58:03 :: {"date":"2021-10-13","invoices":[{"amount":"100000","id":"39340"}],"bankAccount":2}
2021-10-13 10:58:05 :: ----------result data payment:39340------------
2021-10-13 10:58:05 :: {"id":"40875","date":"2021-10-13","number":"39113","amount":"100000.0000000000","observations":null,"anotation":null,"type":"in","paymentMethod":"","status":"open","bankAccount":{"id":"2","name":"PAYU","type":"bank"},"client":{"id":"28708","name":"Kathe Contreras Camacho","phone":"3057630897"},"invoices":[{"id":"39340","number":"41601","date":"2021-10-13","amount":100000,"total":100000,"balance":0}],"costCenter":null,"numberTemplate":{"id":"3","prefix":"","number":"39113","fullNumber":"39113","formattedNumber":"39113"}}