
2021-03-11 12:55:17 :: ----------send data payment:28996------------
2021-03-11 12:55:17 :: {"date":"2021-03-11","invoices":[{"amount":"45000","id":"28996"}],"bankAccount":2}
2021-03-11 12:55:18 :: ----------result data payment:28996------------
2021-03-11 12:55:18 :: {"id":"30020","date":"2021-03-11","number":"28788","amount":"45000.0000000000","observations":null,"anotation":null,"type":"in","paymentMethod":"","status":"open","bankAccount":{"id":"2","name":"PAYU","type":"bank"},"client":{"id":"23103","name":"Daniela Rodriguez","phone":"3155090238"},"invoices":[{"id":"28996","number":"31257","date":"2021-03-11","amount":45000,"total":45000,"balance":0}],"costCenter":null,"numberTemplate":{"id":"3","prefix":"","number":"28788","fullNumber":"28788","formattedNumber":"28788"}}
2021-03-11 06:00:13 :: ----------send data payment:28997------------
2021-03-11 06:00:13 :: {"date":"2021-03-11","invoices":[{"amount":"259001","id":"28997"}],"bankAccount":2}
2021-03-11 06:00:14 :: ----------result data payment:28997------------
2021-03-11 06:00:14 :: {"id":"30021","date":"2021-03-11","number":"28789","amount":"259001.0000000000","observations":null,"anotation":null,"type":"in","paymentMethod":"","status":"open","bankAccount":{"id":"2","name":"PAYU","type":"bank"},"client":{"id":"23104","name":"Angelica Libreros","phone":"3164313281"},"invoices":[{"id":"28997","number":"31258","date":"2021-03-11","amount":259001,"total":259001,"balance":0}],"costCenter":null,"numberTemplate":{"id":"3","prefix":"","number":"28789","fullNumber":"28789","formattedNumber":"28789"}}
2021-03-11 06:15:26 :: ----------send data payment:28998------------
2021-03-11 06:15:26 :: {"date":"2021-03-11","invoices":[{"amount":"80001","id":"28998"}],"bankAccount":2}
2021-03-11 06:15:27 :: ----------result data payment:28998------------
2021-03-11 06:15:27 :: {"id":"30022","date":"2021-03-11","number":"28790","amount":"80001.0000000000","observations":null,"anotation":null,"type":"in","paymentMethod":"","status":"open","bankAccount":{"id":"2","name":"PAYU","type":"bank"},"client":{"id":"23105","name":"Melani Sarmiento De La Cruz","phone":"3215004754"},"invoices":[{"id":"28998","number":"31259","date":"2021-03-11","amount":80001,"total":80001,"balance":0}],"costCenter":null,"numberTemplate":{"id":"3","prefix":"","number":"28790","fullNumber":"28790","formattedNumber":"28790"}}
2021-03-11 07:40:23 :: ----------send data payment:28999------------
2021-03-11 07:40:23 :: {"date":"2021-03-11","invoices":[{"amount":"60000","id":"28999"}],"bankAccount":2}
2021-03-11 07:40:25 :: ----------result data payment:28999------------
2021-03-11 07:40:25 :: {"id":"30023","date":"2021-03-11","number":"28791","amount":"60000.0000000000","observations":null,"anotation":null,"type":"in","paymentMethod":"","status":"open","bankAccount":{"id":"2","name":"PAYU","type":"bank"},"client":{"id":"23106","name":"Rosalba Pulgarin Herrera","phone":"3126783500"},"invoices":[{"id":"28999","number":"31260","date":"2021-03-11","amount":60000,"total":60000,"balance":0}],"costCenter":null,"numberTemplate":{"id":"3","prefix":"","number":"28791","fullNumber":"28791","formattedNumber":"28791"}}
2021-03-11 09:15:09 :: ----------send data payment:29000------------
2021-03-11 09:15:09 :: {"date":"2021-03-11","invoices":[{"amount":"134000","id":"29000"}],"bankAccount":2}
2021-03-11 09:15:11 :: ----------result data payment:29000------------
2021-03-11 09:15:11 :: {"id":"30024","date":"2021-03-11","number":"28792","amount":"134000.0000000000","observations":null,"anotation":null,"type":"in","paymentMethod":"","status":"open","bankAccount":{"id":"2","name":"PAYU","type":"bank"},"client":{"id":"23107","name":"Luz Angela Ramirez Casta\u00f1o","phone":"3177395668"},"invoices":[{"id":"29000","number":"31261","date":"2021-03-11","amount":134000,"total":134000,"balance":0}],"costCenter":null,"numberTemplate":{"id":"3","prefix":"","number":"28792","fullNumber":"28792","formattedNumber":"28792"}}
2021-03-11 09:50:12 :: ----------send data payment:29001------------
2021-03-11 09:50:12 :: {"date":"2021-03-11","invoices":[{"amount":"35000","id":"29001"}],"bankAccount":2}
2021-03-11 09:50:13 :: ----------result data payment:29001------------
2021-03-11 09:50:13 :: {"id":"30025","date":"2021-03-11","number":"28793","amount":"35000.0000000000","observations":null,"anotation":null,"type":"in","paymentMethod":"","status":"open","bankAccount":{"id":"2","name":"PAYU","type":"bank"},"client":{"id":"21783","name":"Victoria Medina","phone":"3165286183"},"invoices":[{"id":"29001","number":"31262","date":"2021-03-11","amount":35000,"total":35000,"balance":0}],"costCenter":null,"numberTemplate":{"id":"3","prefix":"","number":"28793","fullNumber":"28793","formattedNumber":"28793"}}
2021-03-11 09:50:39 :: ----------send data payment:29002------------
2021-03-11 09:50:39 :: {"date":"2021-03-11","invoices":[{"amount":"49999","id":"29002"}],"bankAccount":2}
2021-03-11 09:50:41 :: ----------result data payment:29002------------
2021-03-11 09:50:41 :: {"id":"30026","date":"2021-03-11","number":"28794","amount":"49999.0000000000","observations":null,"anotation":null,"type":"in","paymentMethod":"","status":"open","bankAccount":{"id":"2","name":"PAYU","type":"bank"},"client":{"id":"23108","name":"Karen Gomez","phone":"3175176331"},"invoices":[{"id":"29002","number":"31263","date":"2021-03-11","amount":49999,"total":49999,"balance":0}],"costCenter":null,"numberTemplate":{"id":"3","prefix":"","number":"28794","fullNumber":"28794","formattedNumber":"28794"}}
2021-03-11 10:15:09 :: ----------send data payment:29003------------
2021-03-11 10:15:09 :: {"date":"2021-03-11","invoices":[{"amount":"38000","id":"29003"}],"bankAccount":2}
2021-03-11 10:15:12 :: ----------result data payment:29003------------
2021-03-11 10:15:12 :: {"id":"30027","date":"2021-03-11","number":"28795","amount":"38000.0000000000","observations":null,"anotation":null,"type":"in","paymentMethod":"","status":"open","bankAccount":{"id":"2","name":"PAYU","type":"bank"},"client":{"id":"21435","name":"Julieth Bravo","phone":"3112913002"},"invoices":[{"id":"29003","number":"31264","date":"2021-03-11","amount":38000,"total":38000,"balance":0}],"costCenter":null,"numberTemplate":{"id":"3","prefix":"","number":"28795","fullNumber":"28795","formattedNumber":"28795"}}
2021-03-11 10:20:19 :: ----------send data payment:29004------------
2021-03-11 10:20:19 :: {"date":"2021-03-11","invoices":[{"amount":"70000","id":"29004"}],"bankAccount":2}
2021-03-11 10:20:20 :: ----------result data payment:29004------------
2021-03-11 10:20:20 :: {"id":"30028","date":"2021-03-11","number":"28796","amount":"70000.0000000000","observations":null,"anotation":null,"type":"in","paymentMethod":"","status":"open","bankAccount":{"id":"2","name":"PAYU","type":"bank"},"client":{"id":"23109","name":"Mariangel Ca\u00f1as","phone":"3006031100"},"invoices":[{"id":"29004","number":"31265","date":"2021-03-11","amount":70000,"total":70000,"balance":0}],"costCenter":null,"numberTemplate":{"id":"3","prefix":"","number":"28796","fullNumber":"28796","formattedNumber":"28796"}}
2021-03-11 10:35:21 :: ----------send data payment:29005------------
2021-03-11 10:35:21 :: {"date":"2021-03-11","invoices":[{"amount":"84000","id":"29005"}],"bankAccount":2}
2021-03-11 10:35:23 :: ----------result data payment:29005------------
2021-03-11 10:35:23 :: {"id":"30029","date":"2021-03-11","number":"28797","amount":"84000.0000000000","observations":null,"anotation":null,"type":"in","paymentMethod":"","status":"open","bankAccount":{"id":"2","name":"PAYU","type":"bank"},"client":{"id":"23111","name":"Marcela Martinez Castro","phone":"3209173164"},"invoices":[{"id":"29005","number":"31266","date":"2021-03-11","amount":84000,"total":84000,"balance":0}],"costCenter":null,"numberTemplate":{"id":"3","prefix":"","number":"28797","fullNumber":"28797","formattedNumber":"28797"}}
2021-03-11 11:00:39 :: ----------send data payment:29006------------
2021-03-11 11:00:39 :: {"date":"2021-03-11","invoices":[{"amount":"75000","id":"29006"}],"bankAccount":2}
2021-03-11 11:00:41 :: ----------result data payment:29006------------
2021-03-11 11:00:41 :: {"id":"30030","date":"2021-03-11","number":"28798","amount":"75000.0000000000","observations":null,"anotation":null,"type":"in","paymentMethod":"","status":"open","bankAccount":{"id":"2","name":"PAYU","type":"bank"},"client":{"id":"23112","name":"VIVIANA ESPINOSA","phone":"3022233453"},"invoices":[{"id":"29006","number":"31267","date":"2021-03-11","amount":75000,"total":75000,"balance":0}],"costCenter":null,"numberTemplate":{"id":"3","prefix":"","number":"28798","fullNumber":"28798","formattedNumber":"28798"}}
2021-03-11 11:15:16 :: ----------send data payment:29007------------
2021-03-11 11:15:16 :: {"date":"2021-03-11","invoices":[{"amount":"156001","id":"29007"}],"bankAccount":2}
2021-03-11 11:15:18 :: ----------result data payment:29007------------
2021-03-11 11:15:18 :: {"id":"30031","date":"2021-03-11","number":"28799","amount":"156001.0000000000","observations":null,"anotation":null,"type":"in","paymentMethod":"","status":"open","bankAccount":{"id":"2","name":"PAYU","type":"bank"},"client":{"id":"23113","name":"Juliana","phone":"3183622013"},"invoices":[{"id":"29007","number":"31268","date":"2021-03-11","amount":156001,"total":156001,"balance":0}],"costCenter":null,"numberTemplate":{"id":"3","prefix":"","number":"28799","fullNumber":"28799","formattedNumber":"28799"}}
2021-03-11 11:20:13 :: ----------send data payment:29008------------
2021-03-11 11:20:13 :: {"date":"2021-03-11","invoices":[{"amount":"140001","id":"29008"}],"bankAccount":2}
2021-03-11 11:20:18 :: ----------result data payment:29008------------
2021-03-11 11:20:18 :: {"id":"30032","date":"2021-03-11","number":"28800","amount":"140001.0000000000","observations":null,"anotation":null,"type":"in","paymentMethod":"","status":"open","bankAccount":{"id":"2","name":"PAYU","type":"bank"},"client":{"id":"12124","name":"Alexandra gaitan","phone":"3153813722"},"invoices":[{"id":"29008","number":"31269","date":"2021-03-11","amount":140001,"total":140001,"balance":0}],"costCenter":null,"numberTemplate":{"id":"3","prefix":"","number":"28800","fullNumber":"28800","formattedNumber":"28800"}}
2021-03-11 11:20:25 :: ----------send data payment:29009------------
2021-03-11 11:20:25 :: {"date":"2021-03-11","invoices":[{"amount":"155000","id":"29009"}],"bankAccount":2}
2021-03-11 11:20:27 :: ----------result data payment:29009------------
2021-03-11 11:20:27 :: {"id":"30033","date":"2021-03-11","number":"28801","amount":"155000.0000000000","observations":null,"anotation":null,"type":"in","paymentMethod":"","status":"open","bankAccount":{"id":"2","name":"PAYU","type":"bank"},"client":{"id":"23114","name":"Daniela De La Rosa","phone":"3014142565"},"invoices":[{"id":"29009","number":"31270","date":"2021-03-11","amount":155000,"total":155000,"balance":0}],"costCenter":null,"numberTemplate":{"id":"3","prefix":"","number":"28801","fullNumber":"28801","formattedNumber":"28801"}}
2021-03-11 11:25:13 :: ----------send data payment:29010------------
2021-03-11 11:25:13 :: {"date":"2021-03-11","invoices":[{"amount":"110000","id":"29010"}],"bankAccount":2}
2021-03-11 11:25:14 :: ----------result data payment:29010------------
2021-03-11 11:25:14 :: {"id":"30034","date":"2021-03-11","number":"28802","amount":"110000.0000000000","observations":null,"anotation":null,"type":"in","paymentMethod":"","status":"open","bankAccount":{"id":"2","name":"PAYU","type":"bank"},"client":{"id":"23115","name":"Ximena Lozada","phone":"3212268305"},"invoices":[{"id":"29010","number":"31271","date":"2021-03-11","amount":110000,"total":110000,"balance":0}],"costCenter":null,"numberTemplate":{"id":"3","prefix":"","number":"28802","fullNumber":"28802","formattedNumber":"28802"}}
2021-03-11 11:35:12 :: ----------send data payment:29011------------
2021-03-11 11:35:12 :: {"date":"2021-03-11","invoices":[{"amount":"110002","id":"29011"}],"bankAccount":2}
2021-03-11 11:35:17 :: ----------result data payment:29011------------
2021-03-11 11:35:17 :: {"id":"30035","date":"2021-03-11","number":"28803","amount":"110002.0000000000","observations":null,"anotation":null,"type":"in","paymentMethod":"","status":"open","bankAccount":{"id":"2","name":"PAYU","type":"bank"},"client":{"id":"9304","name":"Isabella Cortes","phone":"(310) 261-2461"},"invoices":[{"id":"29011","number":"31272","date":"2021-03-11","amount":110002,"total":110002,"balance":0}],"costCenter":null,"numberTemplate":{"id":"3","prefix":"","number":"28803","fullNumber":"28803","formattedNumber":"28803"}}
2021-03-11 11:45:21 :: ----------send data payment:29012------------
2021-03-11 11:45:21 :: {"date":"2021-03-11","invoices":[{"amount":"44000","id":"29012"}],"bankAccount":2}
2021-03-11 11:45:24 :: ----------result data payment:29012------------
2021-03-11 11:45:24 :: {"id":"30036","date":"2021-03-11","number":"28804","amount":"44000.0000000000","observations":null,"anotation":null,"type":"in","paymentMethod":"","status":"open","bankAccount":{"id":"2","name":"PAYU","type":"bank"},"client":{"id":"23116","name":"Maria del Mar Molina Latorre","phone":"3127848959"},"invoices":[{"id":"29012","number":"31273","date":"2021-03-11","amount":44000,"total":44000,"balance":0}],"costCenter":null,"numberTemplate":{"id":"3","prefix":"","number":"28804","fullNumber":"28804","formattedNumber":"28804"}}
2021-03-11 12:00:18 :: ----------send data payment:29013------------
2021-03-11 12:00:18 :: {"date":"2021-03-11","invoices":[{"amount":"110001","id":"29013"}],"bankAccount":2}
2021-03-11 12:00:20 :: ----------result data payment:29013------------
2021-03-11 12:00:20 :: {"id":"30037","date":"2021-03-11","number":"28805","amount":"110001.0000000000","observations":null,"anotation":null,"type":"in","paymentMethod":"","status":"open","bankAccount":{"id":"2","name":"PAYU","type":"bank"},"client":{"id":"23117","name":"Lizeth Mosquera Ramos","phone":"3234758389"},"invoices":[{"id":"29013","number":"31274","date":"2021-03-11","amount":110001,"total":110001,"balance":0}],"costCenter":null,"numberTemplate":{"id":"3","prefix":"","number":"28805","fullNumber":"28805","formattedNumber":"28805"}}
2021-03-11 12:05:11 :: ----------send data payment:29014------------
2021-03-11 12:05:11 :: {"date":"2021-03-11","invoices":[{"amount":"45999","id":"29014"}],"bankAccount":2}
2021-03-11 12:05:14 :: ----------result data payment:29014------------
2021-03-11 12:05:14 :: {"id":"30038","date":"2021-03-11","number":"28806","amount":"45999.0000000000","observations":null,"anotation":null,"type":"in","paymentMethod":"","status":"open","bankAccount":{"id":"2","name":"PAYU","type":"bank"},"client":{"id":"23118","name":"Lina pedriza","phone":"3103796078"},"invoices":[{"id":"29014","number":"31275","date":"2021-03-11","amount":45999,"total":45999,"balance":0}],"costCenter":null,"numberTemplate":{"id":"3","prefix":"","number":"28806","fullNumber":"28806","formattedNumber":"28806"}}
2021-03-11 12:05:22 :: ----------send data payment:29015------------
2021-03-11 12:05:22 :: {"date":"2021-03-11","invoices":[{"amount":"178001","id":"29015"}],"bankAccount":2}
2021-03-11 12:05:23 :: ----------result data payment:29015------------
2021-03-11 12:05:23 :: {"id":"30039","date":"2021-03-11","number":"28807","amount":"178001.0000000000","observations":null,"anotation":null,"type":"in","paymentMethod":"","status":"open","bankAccount":{"id":"2","name":"PAYU","type":"bank"},"client":{"id":"23119","name":"Aura Guevara Villegas","phone":"3104634954"},"invoices":[{"id":"29015","number":"31276","date":"2021-03-11","amount":178001,"total":178001,"balance":0}],"costCenter":null,"numberTemplate":{"id":"3","prefix":"","number":"28807","fullNumber":"28807","formattedNumber":"28807"}}
2021-03-11 12:15:20 :: ----------send data payment:29016------------
2021-03-11 12:15:20 :: {"date":"2021-03-11","invoices":[{"amount":"124000","id":"29016"}],"bankAccount":2}
2021-03-11 12:15:25 :: ----------result data payment:29016------------
2021-03-11 12:15:25 :: {"id":"30040","date":"2021-03-11","number":"28808","amount":"124000.0000000000","observations":null,"anotation":null,"type":"in","paymentMethod":"","status":"open","bankAccount":{"id":"2","name":"PAYU","type":"bank"},"client":{"id":"19485","name":"Karina C\u00e1ceres","phone":"3173631840"},"invoices":[{"id":"29016","number":"31277","date":"2021-03-11","amount":124000,"total":124000,"balance":0}],"costCenter":null,"numberTemplate":{"id":"3","prefix":"","number":"28808","fullNumber":"28808","formattedNumber":"28808"}}
2021-03-11 12:30:43 :: ----------send data payment:29017------------
2021-03-11 12:30:43 :: {"date":"2021-03-11","invoices":[{"amount":"91000","id":"29017"}],"bankAccount":2}
2021-03-11 12:30:45 :: ----------result data payment:29017------------
2021-03-11 12:30:45 :: {"id":"30041","date":"2021-03-11","number":"28809","amount":"91000.0000000000","observations":null,"anotation":null,"type":"in","paymentMethod":"","status":"open","bankAccount":{"id":"2","name":"PAYU","type":"bank"},"client":{"id":"23120","name":"diana calderon","phone":"3052538486"},"invoices":[{"id":"29017","number":"31278","date":"2021-03-11","amount":91000,"total":91000,"balance":0}],"costCenter":null,"numberTemplate":{"id":"3","prefix":"","number":"28809","fullNumber":"28809","formattedNumber":"28809"}}
2021-03-11 12:35:14 :: ----------send data payment:29018------------
2021-03-11 12:35:14 :: {"date":"2021-03-11","invoices":[{"amount":"138998","id":"29018"}],"bankAccount":2}
2021-03-11 12:35:17 :: ----------result data payment:29018------------
2021-03-11 12:35:17 :: {"id":"30042","date":"2021-03-11","number":"28810","amount":"138998.0000000000","observations":null,"anotation":null,"type":"in","paymentMethod":"","status":"open","bankAccount":{"id":"2","name":"PAYU","type":"bank"},"client":{"id":"23121","name":"Stephania Duarte","phone":"3185530876"},"invoices":[{"id":"29018","number":"31279","date":"2021-03-11","amount":138998,"total":138998,"balance":0}],"costCenter":null,"numberTemplate":{"id":"3","prefix":"","number":"28810","fullNumber":"28810","formattedNumber":"28810"}}
2021-03-11 12:55:08 :: ----------send data payment:29019------------
2021-03-11 12:55:08 :: {"date":"2021-03-11","invoices":[{"amount":"75000","id":"29019"}],"bankAccount":2}
2021-03-11 12:55:09 :: ----------result data payment:29019------------
2021-03-11 12:55:09 :: {"id":"30043","date":"2021-03-11","number":"28811","amount":"75000.0000000000","observations":null,"anotation":null,"type":"in","paymentMethod":"","status":"open","bankAccount":{"id":"2","name":"PAYU","type":"bank"},"client":{"id":"23122","name":"Mar\u00eda Fernanda Torres","phone":"3223597582"},"invoices":[{"id":"29019","number":"31280","date":"2021-03-11","amount":75000,"total":75000,"balance":0}],"costCenter":null,"numberTemplate":{"id":"3","prefix":"","number":"28811","fullNumber":"28811","formattedNumber":"28811"}}
2021-03-11 01:15:17 :: ----------send data payment:29020------------
2021-03-11 01:15:17 :: {"date":"2021-03-11","invoices":[{"amount":"162001","id":"29020"}],"bankAccount":2}
2021-03-11 01:15:19 :: ----------result data payment:29020------------
2021-03-11 01:15:19 :: {"id":"30044","date":"2021-03-11","number":"28812","amount":"162001.0000000000","observations":null,"anotation":null,"type":"in","paymentMethod":"","status":"open","bankAccount":{"id":"2","name":"PAYU","type":"bank"},"client":{"id":"23123","name":"lorem1711","phone":"3505208602"},"invoices":[{"id":"29020","number":"31281","date":"2021-03-11","amount":162001,"total":162001,"balance":0}],"costCenter":null,"numberTemplate":{"id":"3","prefix":"","number":"28812","fullNumber":"28812","formattedNumber":"28812"}}
2021-03-11 01:25:07 :: ----------send data payment:29021------------
2021-03-11 01:25:07 :: {"date":"2021-03-11","invoices":[{"amount":"165999","id":"29021"}],"bankAccount":2}
2021-03-11 01:25:09 :: ----------result data payment:29021------------
2021-03-11 01:25:09 :: {"id":"30045","date":"2021-03-11","number":"28813","amount":"165999.0000000000","observations":null,"anotation":null,"type":"in","paymentMethod":"","status":"open","bankAccount":{"id":"2","name":"PAYU","type":"bank"},"client":{"id":"21840","name":"Marly Yiseth","phone":"3208302680"},"invoices":[{"id":"29021","number":"31282","date":"2021-03-11","amount":165999,"total":165999,"balance":0}],"costCenter":null,"numberTemplate":{"id":"3","prefix":"","number":"28813","fullNumber":"28813","formattedNumber":"28813"}}
2021-03-11 01:25:17 :: ----------send data payment:29022------------
2021-03-11 01:25:17 :: {"date":"2021-03-11","invoices":[{"amount":"77000","id":"29022"}],"bankAccount":2}
2021-03-11 01:25:18 :: ----------result data payment:29022------------
2021-03-11 01:25:18 :: {"id":"30046","date":"2021-03-11","number":"28814","amount":"77000.0000000000","observations":null,"anotation":null,"type":"in","paymentMethod":"","status":"open","bankAccount":{"id":"2","name":"PAYU","type":"bank"},"client":{"id":"23124","name":"Mar\u00eda Lorena","phone":"3223067371"},"invoices":[{"id":"29022","number":"31283","date":"2021-03-11","amount":77000,"total":77000,"balance":0}],"costCenter":null,"numberTemplate":{"id":"3","prefix":"","number":"28814","fullNumber":"28814","formattedNumber":"28814"}}
2021-03-11 01:35:17 :: ----------send data payment:29023------------
2021-03-11 01:35:17 :: {"date":"2021-03-11","invoices":[{"amount":"66600","id":"29023"}],"bankAccount":2}
2021-03-11 01:35:18 :: ----------result data payment:29023------------
2021-03-11 01:35:18 :: {"id":"30047","date":"2021-03-11","number":"28815","amount":"66600.0000000000","observations":null,"anotation":null,"type":"in","paymentMethod":"","status":"open","bankAccount":{"id":"2","name":"PAYU","type":"bank"},"client":{"id":"23125","name":"alejandra herrera","phone":"3016123213"},"invoices":[{"id":"29023","number":"31284","date":"2021-03-11","amount":66600,"total":66600,"balance":0}],"costCenter":null,"numberTemplate":{"id":"3","prefix":"","number":"28815","fullNumber":"28815","formattedNumber":"28815"}}
2021-03-11 01:50:09 :: ----------send data payment:29024------------
2021-03-11 01:50:09 :: {"date":"2021-03-11","invoices":[{"amount":"32000","id":"29024"}],"bankAccount":2}
2021-03-11 01:50:10 :: ----------result data payment:29024------------
2021-03-11 01:50:10 :: {"id":"30048","date":"2021-03-11","number":"28816","amount":"32000.0000000000","observations":null,"anotation":null,"type":"in","paymentMethod":"","status":"open","bankAccount":{"id":"2","name":"PAYU","type":"bank"},"client":{"id":"23127","name":"Katherin Pe\u00f1uela Alvarez","phone":"3014991845"},"invoices":[{"id":"29024","number":"31285","date":"2021-03-11","amount":32000,"total":32000,"balance":0}],"costCenter":null,"numberTemplate":{"id":"3","prefix":"","number":"28816","fullNumber":"28816","formattedNumber":"28816"}}
2021-03-11 01:55:08 :: ----------send data payment:29025------------
2021-03-11 01:55:08 :: {"date":"2021-03-11","invoices":[{"amount":"86000","id":"29025"}],"bankAccount":2}
2021-03-11 01:55:10 :: ----------result data payment:29025------------
2021-03-11 01:55:10 :: {"id":"30049","date":"2021-03-11","number":"28817","amount":"86000.0000000000","observations":null,"anotation":null,"type":"in","paymentMethod":"","status":"open","bankAccount":{"id":"2","name":"PAYU","type":"bank"},"client":{"id":"10953","name":"Laireth Ru\u00edz","phone":"3182170203"},"invoices":[{"id":"29025","number":"31286","date":"2021-03-11","amount":86000,"total":86000,"balance":0}],"costCenter":null,"numberTemplate":{"id":"3","prefix":"","number":"28817","fullNumber":"28817","formattedNumber":"28817"}}
2021-03-11 01:55:16 :: ----------send data payment:29026------------
2021-03-11 01:55:16 :: {"date":"2021-03-11","invoices":[{"amount":"48000","id":"29026"}],"bankAccount":2}
2021-03-11 01:55:17 :: ----------result data payment:29026------------
2021-03-11 01:55:17 :: {"id":"30050","date":"2021-03-11","number":"28818","amount":"48000.0000000000","observations":null,"anotation":null,"type":"in","paymentMethod":"","status":"open","bankAccount":{"id":"2","name":"PAYU","type":"bank"},"client":{"id":"23128","name":"Angie Mendez","phone":"3215083465"},"invoices":[{"id":"29026","number":"31287","date":"2021-03-11","amount":48000,"total":48000,"balance":0}],"costCenter":null,"numberTemplate":{"id":"3","prefix":"","number":"28818","fullNumber":"28818","formattedNumber":"28818"}}
2021-03-11 02:40:20 :: ----------send data payment:29028------------
2021-03-11 02:40:20 :: {"date":"2021-03-11","invoices":[{"amount":"85000","id":"29028"}],"bankAccount":2}
2021-03-11 02:40:22 :: ----------result data payment:29028------------
2021-03-11 02:40:22 :: {"id":"30052","date":"2021-03-11","number":"28820","amount":"85000.0000000000","observations":null,"anotation":null,"type":"in","paymentMethod":"","status":"open","bankAccount":{"id":"2","name":"PAYU","type":"bank"},"client":{"id":"23129","name":"Juliana Ortega","phone":"3017017914"},"invoices":[{"id":"29028","number":"31289","date":"2021-03-11","amount":85000,"total":85000,"balance":0}],"costCenter":null,"numberTemplate":{"id":"3","prefix":"","number":"28820","fullNumber":"28820","formattedNumber":"28820"}}
2021-03-11 02:40:26 :: ----------send data payment:29029------------
2021-03-11 02:40:26 :: {"date":"2021-03-11","invoices":[{"amount":"71000","id":"29029"}],"bankAccount":2}
2021-03-11 02:40:29 :: ----------result data payment:29029------------
2021-03-11 02:40:29 :: {"id":"30053","date":"2021-03-11","number":"28821","amount":"71000.0000000000","observations":null,"anotation":null,"type":"in","paymentMethod":"","status":"open","bankAccount":{"id":"2","name":"PAYU","type":"bank"},"client":{"id":"23130","name":"Stefani Mendez","phone":"3152209007"},"invoices":[{"id":"29029","number":"31290","date":"2021-03-11","amount":71000,"total":71000,"balance":0}],"costCenter":null,"numberTemplate":{"id":"3","prefix":"","number":"28821","fullNumber":"28821","formattedNumber":"28821"}}
2021-03-11 03:05:26 :: ----------send data payment:29030------------
2021-03-11 03:05:26 :: {"date":"2021-03-11","invoices":[{"amount":"128400","id":"29030"}],"bankAccount":2}
2021-03-11 03:05:29 :: ----------result data payment:29030------------
2021-03-11 03:05:29 :: {"id":"30054","date":"2021-03-11","number":"28822","amount":"128400.0000000000","observations":null,"anotation":null,"type":"in","paymentMethod":"","status":"open","bankAccount":{"id":"2","name":"PAYU","type":"bank"},"client":{"id":"23131","name":"Sara","phone":"3006113920"},"invoices":[{"id":"29030","number":"31291","date":"2021-03-11","amount":128400,"total":128400,"balance":0}],"costCenter":null,"numberTemplate":{"id":"3","prefix":"","number":"28822","fullNumber":"28822","formattedNumber":"28822"}}
2021-03-11 03:10:28 :: ----------send data payment:29031------------
2021-03-11 03:10:28 :: {"date":"2021-03-11","invoices":[{"amount":"233001","id":"29031"}],"bankAccount":2}
2021-03-11 03:10:30 :: ----------result data payment:29031------------
2021-03-11 03:10:30 :: {"id":"30055","date":"2021-03-11","number":"28823","amount":"233001.0000000000","observations":null,"anotation":null,"type":"in","paymentMethod":"","status":"open","bankAccount":{"id":"2","name":"PAYU","type":"bank"},"client":{"id":"23132","name":"Valentina petro","phone":"3226204366"},"invoices":[{"id":"29031","number":"31292","date":"2021-03-11","amount":233001,"total":233001,"balance":0}],"costCenter":null,"numberTemplate":{"id":"3","prefix":"","number":"28823","fullNumber":"28823","formattedNumber":"28823"}}
2021-03-11 03:35:23 :: ----------send data payment:29032------------
2021-03-11 03:35:23 :: {"date":"2021-03-11","invoices":[{"amount":"264002","id":"29032"}],"bankAccount":2}
2021-03-11 03:35:24 :: ----------result data payment:29032------------
2021-03-11 03:35:24 :: {"id":"30056","date":"2021-03-11","number":"28824","amount":"264002.0000000000","observations":null,"anotation":null,"type":"in","paymentMethod":"","status":"open","bankAccount":{"id":"2","name":"PAYU","type":"bank"},"client":{"id":"23133","name":"Angela Stefania Valencia Getial","phone":"3145644831"},"invoices":[{"id":"29032","number":"31293","date":"2021-03-11","amount":264002,"total":264002,"balance":0}],"costCenter":null,"numberTemplate":{"id":"3","prefix":"","number":"28824","fullNumber":"28824","formattedNumber":"28824"}}
2021-03-11 03:35:28 :: ----------send data payment:29033------------
2021-03-11 03:35:28 :: {"date":"2021-03-11","invoices":[{"amount":"60000","id":"29033"}],"bankAccount":2}
2021-03-11 03:35:29 :: ----------result data payment:29033------------
2021-03-11 03:35:29 :: {"id":"30057","date":"2021-03-11","number":"28825","amount":"60000.0000000000","observations":null,"anotation":null,"type":"in","paymentMethod":"","status":"open","bankAccount":{"id":"2","name":"PAYU","type":"bank"},"client":{"id":"23134","name":"Yarinis Cervantes","phone":"3017273506"},"invoices":[{"id":"29033","number":"31294","date":"2021-03-11","amount":60000,"total":60000,"balance":0}],"costCenter":null,"numberTemplate":{"id":"3","prefix":"","number":"28825","fullNumber":"28825","formattedNumber":"28825"}}
2021-03-11 03:40:38 :: ----------send data payment:29034------------
2021-03-11 03:40:38 :: {"date":"2021-03-11","invoices":[{"amount":"201000","id":"29034"}],"bankAccount":2}
2021-03-11 03:40:40 :: ----------result data payment:29034------------
2021-03-11 03:40:40 :: {"id":"30058","date":"2021-03-11","number":"28826","amount":"201000.0000000000","observations":null,"anotation":null,"type":"in","paymentMethod":"","status":"open","bankAccount":{"id":"2","name":"PAYU","type":"bank"},"client":{"id":"23135","name":"Jully Barrios","phone":"3174268291"},"invoices":[{"id":"29034","number":"31295","date":"2021-03-11","amount":201000,"total":201000,"balance":0}],"costCenter":null,"numberTemplate":{"id":"3","prefix":"","number":"28826","fullNumber":"28826","formattedNumber":"28826"}}
2021-03-11 04:10:31 :: ----------send data payment:29035------------
2021-03-11 04:10:31 :: {"date":"2021-03-11","invoices":[{"amount":"112001","id":"29035"}],"bankAccount":2}
2021-03-11 04:10:32 :: ----------result data payment:29035------------
2021-03-11 04:10:32 :: {"id":"30059","date":"2021-03-11","number":"28827","amount":"112001.0000000000","observations":null,"anotation":null,"type":"in","paymentMethod":"","status":"open","bankAccount":{"id":"2","name":"PAYU","type":"bank"},"client":{"id":"23136","name":"Leidy Sanchez","phone":"3057720791"},"invoices":[{"id":"29035","number":"31296","date":"2021-03-11","amount":112001,"total":112001,"balance":0}],"costCenter":null,"numberTemplate":{"id":"3","prefix":"","number":"28827","fullNumber":"28827","formattedNumber":"28827"}}
2021-03-11 04:20:35 :: ----------send data payment:29036------------
2021-03-11 04:20:35 :: {"date":"2021-03-11","invoices":[{"amount":"49000","id":"29036"}],"bankAccount":2}
2021-03-11 04:20:37 :: ----------result data payment:29036------------
2021-03-11 04:20:37 :: {"id":"30060","date":"2021-03-11","number":"28828","amount":"49000.0000000000","observations":null,"anotation":null,"type":"in","paymentMethod":"","status":"open","bankAccount":{"id":"2","name":"PAYU","type":"bank"},"client":{"id":"17811","name":"Luisa Rincon","phone":"3115820180"},"invoices":[{"id":"29036","number":"31297","date":"2021-03-11","amount":49000,"total":49000,"balance":0}],"costCenter":null,"numberTemplate":{"id":"3","prefix":"","number":"28828","fullNumber":"28828","formattedNumber":"28828"}}
2021-03-11 04:20:40 :: ----------send data payment:29037------------
2021-03-11 04:20:40 :: {"date":"2021-03-11","invoices":[{"amount":"48000","id":"29037"}],"bankAccount":2}
2021-03-11 04:20:41 :: ----------result data payment:29037------------
2021-03-11 04:20:41 :: {"id":"30061","date":"2021-03-11","number":"28829","amount":"48000.0000000000","observations":null,"anotation":null,"type":"in","paymentMethod":"","status":"open","bankAccount":{"id":"2","name":"PAYU","type":"bank"},"client":{"id":"23137","name":"Laura Ariza","phone":"3123726443"},"invoices":[{"id":"29037","number":"31298","date":"2021-03-11","amount":48000,"total":48000,"balance":0}],"costCenter":null,"numberTemplate":{"id":"3","prefix":"","number":"28829","fullNumber":"28829","formattedNumber":"28829"}}
2021-03-11 05:20:22 :: ----------send data payment:29038------------
2021-03-11 05:20:22 :: {"date":"2021-03-11","invoices":[{"amount":"46000","id":"29038"}],"bankAccount":2}
2021-03-11 05:20:23 :: ----------result data payment:29038------------
2021-03-11 05:20:23 :: {"id":"30062","date":"2021-03-11","number":"28830","amount":"46000.0000000000","observations":null,"anotation":null,"type":"in","paymentMethod":"","status":"open","bankAccount":{"id":"2","name":"PAYU","type":"bank"},"client":{"id":"23138","name":"Yeli monsalve","phone":"3153462436"},"invoices":[{"id":"29038","number":"31299","date":"2021-03-11","amount":46000,"total":46000,"balance":0}],"costCenter":null,"numberTemplate":{"id":"3","prefix":"","number":"28830","fullNumber":"28830","formattedNumber":"28830"}}
2021-03-11 05:45:09 :: ----------send data payment:29040------------
2021-03-11 05:45:09 :: {"date":"2021-03-11","invoices":[{"amount":"43000","id":"29040"}],"bankAccount":2}
2021-03-11 05:45:11 :: ----------result data payment:29040------------
2021-03-11 05:45:11 :: {"id":"30064","date":"2021-03-11","number":"28832","amount":"43000.0000000000","observations":null,"anotation":null,"type":"in","paymentMethod":"","status":"open","bankAccount":{"id":"2","name":"PAYU","type":"bank"},"client":{"id":"23072","name":"Andrea Brown","phone":"3207923501"},"invoices":[{"id":"29040","number":"31301","date":"2021-03-11","amount":43000,"total":43000,"balance":0}],"costCenter":null,"numberTemplate":{"id":"3","prefix":"","number":"28832","fullNumber":"28832","formattedNumber":"28832"}}
2021-03-11 06:10:10 :: ----------send data payment:29041------------
2021-03-11 06:10:10 :: {"date":"2021-03-11","invoices":[{"amount":"90000","id":"29041"}],"bankAccount":2}
2021-03-11 06:10:11 :: ----------result data payment:29041------------
2021-03-11 06:10:11 :: {"id":"30065","date":"2021-03-11","number":"28833","amount":"90000.0000000000","observations":null,"anotation":null,"type":"in","paymentMethod":"","status":"open","bankAccount":{"id":"2","name":"PAYU","type":"bank"},"client":{"id":"23139","name":"Valentina Hern\u00e1ndez","phone":"3106665076"},"invoices":[{"id":"29041","number":"31302","date":"2021-03-11","amount":90000,"total":90000,"balance":0}],"costCenter":null,"numberTemplate":{"id":"3","prefix":"","number":"28833","fullNumber":"28833","formattedNumber":"28833"}}
2021-03-11 06:55:08 :: ----------send data payment:29042------------
2021-03-11 06:55:08 :: {"date":"2021-03-11","invoices":[{"amount":"85001","id":"29042"}],"bankAccount":2}
2021-03-11 06:55:09 :: ----------result data payment:29042------------
2021-03-11 06:55:09 :: {"id":"30066","date":"2021-03-11","number":"28834","amount":"85001.0000000000","observations":null,"anotation":null,"type":"in","paymentMethod":"","status":"open","bankAccount":{"id":"2","name":"PAYU","type":"bank"},"client":{"id":"23140","name":"M\u00f3nica GallegoRuiz","phone":"3167584943"},"invoices":[{"id":"29042","number":"31303","date":"2021-03-11","amount":85001,"total":85001,"balance":0}],"costCenter":null,"numberTemplate":{"id":"3","prefix":"","number":"28834","fullNumber":"28834","formattedNumber":"28834"}}
2021-03-11 07:45:10 :: ----------send data payment:29043------------
2021-03-11 07:45:10 :: {"date":"2021-03-11","invoices":[{"amount":"93000","id":"29043"}],"bankAccount":2}
2021-03-11 07:45:11 :: ----------result data payment:29043------------
2021-03-11 07:45:11 :: {"id":"30067","date":"2021-03-11","number":"28835","amount":"93000.0000000000","observations":null,"anotation":null,"type":"in","paymentMethod":"","status":"open","bankAccount":{"id":"2","name":"PAYU","type":"bank"},"client":{"id":"23141","name":"Jennifer Rodr\u00edguez","phone":"3012746312"},"invoices":[{"id":"29043","number":"31304","date":"2021-03-11","amount":93000,"total":93000,"balance":0}],"costCenter":null,"numberTemplate":{"id":"3","prefix":"","number":"28835","fullNumber":"28835","formattedNumber":"28835"}}
2021-03-11 08:30:25 :: ----------send data payment:29044------------
2021-03-11 08:30:25 :: {"date":"2021-03-11","invoices":[{"amount":"35000","id":"29044"}],"bankAccount":2}
2021-03-11 08:30:26 :: ----------result data payment:29044------------
2021-03-11 08:30:26 :: {"id":"30068","date":"2021-03-11","number":"28836","amount":"35000.0000000000","observations":null,"anotation":null,"type":"in","paymentMethod":"","status":"open","bankAccount":{"id":"2","name":"PAYU","type":"bank"},"client":{"id":"23142","name":"Jazmin Escudero","phone":"3004855926"},"invoices":[{"id":"29044","number":"31305","date":"2021-03-11","amount":35000,"total":35000,"balance":0}],"costCenter":null,"numberTemplate":{"id":"3","prefix":"","number":"28836","fullNumber":"28836","formattedNumber":"28836"}}
2021-03-11 09:35:09 :: ----------send data payment:29045------------
2021-03-11 09:35:09 :: {"date":"2021-03-11","invoices":[{"amount":"186998","id":"29045"}],"bankAccount":2}
2021-03-11 09:35:11 :: ----------result data payment:29045------------
2021-03-11 09:35:11 :: {"id":"30069","date":"2021-03-11","number":"28837","amount":"186998.0000000000","observations":null,"anotation":null,"type":"in","paymentMethod":"","status":"open","bankAccount":{"id":"2","name":"PAYU","type":"bank"},"client":{"id":"23143","name":"Maria Alejandra Duque Quintero","phone":"3503996344"},"invoices":[{"id":"29045","number":"31306","date":"2021-03-11","amount":186998,"total":186998,"balance":0}],"costCenter":null,"numberTemplate":{"id":"3","prefix":"","number":"28837","fullNumber":"28837","formattedNumber":"28837"}}
2021-03-11 10:30:14 :: ----------send data payment:29046------------
2021-03-11 10:30:14 :: {"date":"2021-03-11","invoices":[{"amount":"80000","id":"29046"}],"bankAccount":2}
2021-03-11 10:30:15 :: ----------result data payment:29046------------
2021-03-11 10:30:15 :: {"id":"30070","date":"2021-03-11","number":"28838","amount":"80000.0000000000","observations":null,"anotation":null,"type":"in","paymentMethod":"","status":"open","bankAccount":{"id":"2","name":"PAYU","type":"bank"},"client":{"id":"23144","name":"CAROLINA ROJAS","phone":"3103804860"},"invoices":[{"id":"29046","number":"31307","date":"2021-03-11","amount":80000,"total":80000,"balance":0}],"costCenter":null,"numberTemplate":{"id":"3","prefix":"","number":"28838","fullNumber":"28838","formattedNumber":"28838"}}
2021-03-11 10:30:17 :: ----------send data payment:29047------------
2021-03-11 10:30:17 :: {"date":"2021-03-11","invoices":[{"amount":"49999","id":"29047"}],"bankAccount":2}
2021-03-11 10:30:18 :: ----------result data payment:29047------------
2021-03-11 10:30:18 :: {"id":"30071","date":"2021-03-11","number":"28839","amount":"49999.0000000000","observations":null,"anotation":null,"type":"in","paymentMethod":"","status":"open","bankAccount":{"id":"2","name":"PAYU","type":"bank"},"client":{"id":"23145","name":"Aleja Carrascal","phone":"3002231935"},"invoices":[{"id":"29047","number":"31308","date":"2021-03-11","amount":49999,"total":49999,"balance":0}],"costCenter":null,"numberTemplate":{"id":"3","prefix":"","number":"28839","fullNumber":"28839","formattedNumber":"28839"}}
2021-03-11 10:35:18 :: ----------send data payment:29048------------
2021-03-11 10:35:18 :: {"date":"2021-03-11","invoices":[{"amount":"243001","id":"29048"}],"bankAccount":2}
2021-03-11 10:35:19 :: ----------result data payment:29048------------
2021-03-11 10:35:19 :: {"id":"30072","date":"2021-03-11","number":"28840","amount":"243001.0000000000","observations":null,"anotation":null,"type":"in","paymentMethod":"","status":"open","bankAccount":{"id":"2","name":"PAYU","type":"bank"},"client":{"id":"23146","name":"Maria Isabel Correa","phone":"3006556898"},"invoices":[{"id":"29048","number":"31309","date":"2021-03-11","amount":243001,"total":243001,"balance":0}],"costCenter":null,"numberTemplate":{"id":"3","prefix":"","number":"28840","fullNumber":"28840","formattedNumber":"28840"}}
2021-03-11 10:45:10 :: ----------send data payment:29049------------
2021-03-11 10:45:10 :: {"date":"2021-03-11","invoices":[{"amount":"160000","id":"29049"}],"bankAccount":2}
2021-03-11 10:45:11 :: ----------result data payment:29049------------
2021-03-11 10:45:11 :: {"id":"30073","date":"2021-03-11","number":"28841","amount":"160000.0000000000","observations":null,"anotation":null,"type":"in","paymentMethod":"","status":"open","bankAccount":{"id":"2","name":"PAYU","type":"bank"},"client":{"id":"23147","name":"EDNA PAYARES","phone":"3012785058"},"invoices":[{"id":"29049","number":"31310","date":"2021-03-11","amount":160000,"total":160000,"balance":0}],"costCenter":null,"numberTemplate":{"id":"3","prefix":"","number":"28841","fullNumber":"28841","formattedNumber":"28841"}}
2021-03-11 11:26:24 :: ----------send data payment:29050------------
2021-03-11 11:26:24 :: {"date":"2021-03-11","invoices":[{"amount":"60000","id":"29050"}],"bankAccount":2}
2021-03-11 11:26:25 :: ----------result data payment:29050------------
2021-03-11 11:26:25 :: {"id":"30074","date":"2021-03-11","number":"28842","amount":"60000.0000000000","observations":null,"anotation":null,"type":"in","paymentMethod":"","status":"open","bankAccount":{"id":"2","name":"PAYU","type":"bank"},"client":{"id":"23148","name":"Joshua Nicolas","phone":"3003070069"},"invoices":[{"id":"29050","number":"31311","date":"2021-03-11","amount":60000,"total":60000,"balance":0}],"costCenter":null,"numberTemplate":{"id":"3","prefix":"","number":"28842","fullNumber":"28842","formattedNumber":"28842"}}
2021-03-11 11:35:14 :: ----------send data payment:29051------------
2021-03-11 11:35:14 :: {"date":"2021-03-11","invoices":[{"amount":"76001","id":"29051"}],"bankAccount":2}
2021-03-11 11:35:14 :: ----------result data payment:29051------------
2021-03-11 11:35:14 :: {"id":"30075","date":"2021-03-11","number":"28843","amount":"76001.0000000000","observations":null,"anotation":null,"type":"in","paymentMethod":"","status":"open","bankAccount":{"id":"2","name":"PAYU","type":"bank"},"client":{"id":"23149","name":"Monica Delgado","phone":"3103632140"},"invoices":[{"id":"29051","number":"31312","date":"2021-03-11","amount":76001,"total":76001,"balance":0}],"costCenter":null,"numberTemplate":{"id":"3","prefix":"","number":"28843","fullNumber":"28843","formattedNumber":"28843"}}