
2021-04-14 01:05:24 :: ----------send data payment:30505------------
2021-04-14 01:05:24 :: {"date":"2021-04-14","invoices":[{"amount":"46000","id":"30505"}],"bankAccount":2}
2021-04-14 01:05:25 :: ----------result data payment:30505------------
2021-04-14 01:05:25 :: {"id":"31574","date":"2021-04-14","number":"30299","amount":"46000.0000000000","observations":null,"anotation":null,"type":"in","paymentMethod":"","status":"open","bankAccount":{"id":"2","name":"PAYU","type":"bank"},"client":{"id":"23749","name":"Marisol M\u00e9ndez","phone":"3114648927"},"invoices":[{"id":"30505","number":"32766","date":"2021-04-14","amount":46000,"total":46000,"balance":0}],"costCenter":null,"numberTemplate":{"id":"3","prefix":"","number":"30299","fullNumber":"30299","formattedNumber":"30299"}}
2021-04-14 01:05:37 :: ----------send data payment:30506------------
2021-04-14 01:05:37 :: {"date":"2021-04-14","invoices":[{"amount":"68999","id":"30506"}],"bankAccount":2}
2021-04-14 01:05:38 :: ----------result data payment:30506------------
2021-04-14 01:05:38 :: {"id":"31575","date":"2021-04-14","number":"30300","amount":"68999.0000000000","observations":null,"anotation":null,"type":"in","paymentMethod":"","status":"open","bankAccount":{"id":"2","name":"PAYU","type":"bank"},"client":{"id":"24108","name":"Maria fermanda","phone":"3045470606"},"invoices":[{"id":"30506","number":"32767","date":"2021-04-14","amount":68999,"total":68999,"balance":0}],"costCenter":null,"numberTemplate":{"id":"3","prefix":"","number":"30300","fullNumber":"30300","formattedNumber":"30300"}}
2021-04-14 07:00:35 :: ----------send data payment:30507------------
2021-04-14 07:00:35 :: {"date":"2021-04-14","invoices":[{"amount":"30000","id":"30507"}],"bankAccount":2}
2021-04-14 07:00:37 :: ----------result data payment:30507------------
2021-04-14 07:00:37 :: {"id":"31576","date":"2021-04-14","number":"30301","amount":"30000.0000000000","observations":null,"anotation":null,"type":"in","paymentMethod":"","status":"open","bankAccount":{"id":"2","name":"PAYU","type":"bank"},"client":{"id":"24109","name":"Carolina Manzanares","phone":"3174427984"},"invoices":[{"id":"30507","number":"32768","date":"2021-04-14","amount":30000,"total":30000,"balance":0}],"costCenter":null,"numberTemplate":{"id":"3","prefix":"","number":"30301","fullNumber":"30301","formattedNumber":"30301"}}
2021-04-14 07:40:19 :: ----------send data payment:30508------------
2021-04-14 07:40:19 :: {"date":"2021-04-14","invoices":[{"amount":"86000","id":"30508"}],"bankAccount":2}
2021-04-14 07:40:20 :: ----------result data payment:30508------------
2021-04-14 07:40:20 :: {"id":"31577","date":"2021-04-14","number":"30302","amount":"86000.0000000000","observations":null,"anotation":null,"type":"in","paymentMethod":"","status":"open","bankAccount":{"id":"2","name":"PAYU","type":"bank"},"client":{"id":"24110","name":"lorena.castillo09","phone":"3002267692"},"invoices":[{"id":"30508","number":"32769","date":"2021-04-14","amount":86000,"total":86000,"balance":0}],"costCenter":null,"numberTemplate":{"id":"3","prefix":"","number":"30302","fullNumber":"30302","formattedNumber":"30302"}}
2021-04-14 07:55:15 :: ----------send data payment:30509------------
2021-04-14 07:55:15 :: {"date":"2021-04-14","invoices":[{"amount":"70000","id":"30509"}],"bankAccount":2}
2021-04-14 07:55:17 :: ----------result data payment:30509------------
2021-04-14 07:55:17 :: {"id":"31578","date":"2021-04-14","number":"30303","amount":"70000.0000000000","observations":null,"anotation":null,"type":"in","paymentMethod":"","status":"open","bankAccount":{"id":"2","name":"PAYU","type":"bank"},"client":{"id":"2836","name":"Mar\u00eda Fernanda","phone":"3014234372"},"invoices":[{"id":"30509","number":"32770","date":"2021-04-14","amount":70000,"total":70000,"balance":0}],"costCenter":null,"numberTemplate":{"id":"3","prefix":"","number":"30303","fullNumber":"30303","formattedNumber":"30303"}}
2021-04-14 08:05:24 :: ----------send data payment:30510------------
2021-04-14 08:05:24 :: {"date":"2021-04-14","invoices":[{"amount":"63000","id":"30510"}],"bankAccount":2}
2021-04-14 08:05:26 :: ----------result data payment:30510------------
2021-04-14 08:05:26 :: {"id":"31579","date":"2021-04-14","number":"30304","amount":"63000.0000000000","observations":null,"anotation":null,"type":"in","paymentMethod":"","status":"open","bankAccount":{"id":"2","name":"PAYU","type":"bank"},"client":{"id":"24111","name":"Lida Arevalo","phone":"3013956310"},"invoices":[{"id":"30510","number":"32771","date":"2021-04-14","amount":63000,"total":63000,"balance":0}],"costCenter":null,"numberTemplate":{"id":"3","prefix":"","number":"30304","fullNumber":"30304","formattedNumber":"30304"}}
2021-04-14 09:15:27 :: ----------send data payment:30511------------
2021-04-14 09:15:27 :: {"date":"2021-04-14","invoices":[{"amount":"23999","id":"30511"}],"bankAccount":2}
2021-04-14 09:15:29 :: ----------result data payment:30511------------
2021-04-14 09:15:29 :: {"id":"31580","date":"2021-04-14","number":"30305","amount":"23999.0000000000","observations":null,"anotation":null,"type":"in","paymentMethod":"","status":"open","bankAccount":{"id":"2","name":"PAYU","type":"bank"},"client":{"id":"24113","name":"David Conde","phone":"3142973991"},"invoices":[{"id":"30511","number":"32772","date":"2021-04-14","amount":23999,"total":23999,"balance":0}],"costCenter":null,"numberTemplate":{"id":"3","prefix":"","number":"30305","fullNumber":"30305","formattedNumber":"30305"}}
2021-04-14 09:40:40 :: ----------send data payment:30513------------
2021-04-14 09:40:40 :: {"date":"2021-04-14","invoices":[{"amount":"95001","id":"30513"}],"bankAccount":2}
2021-04-14 09:40:42 :: ----------result data payment:30513------------
2021-04-14 09:40:42 :: {"id":"31582","date":"2021-04-14","number":"30307","amount":"95001.0000000000","observations":null,"anotation":null,"type":"in","paymentMethod":"","status":"open","bankAccount":{"id":"2","name":"PAYU","type":"bank"},"client":{"id":"24114","name":"HAZLITH KATHERINE SALDARRIAGA LOAIZA","phone":"3012779132"},"invoices":[{"id":"30513","number":"32774","date":"2021-04-14","amount":95001,"total":95001,"balance":0}],"costCenter":null,"numberTemplate":{"id":"3","prefix":"","number":"30307","fullNumber":"30307","formattedNumber":"30307"}}
2021-04-14 10:15:37 :: ----------send data payment:30514------------
2021-04-14 10:15:37 :: {"date":"2021-04-14","invoices":[{"amount":"122000","id":"30514"}],"bankAccount":2}
2021-04-14 10:15:39 :: ----------result data payment:30514------------
2021-04-14 10:15:39 :: {"id":"31583","date":"2021-04-14","number":"30308","amount":"122000.0000000000","observations":null,"anotation":null,"type":"in","paymentMethod":"","status":"open","bankAccount":{"id":"2","name":"PAYU","type":"bank"},"client":{"id":"24115","name":"Cindy Joseph","phone":"3185520680"},"invoices":[{"id":"30514","number":"32775","date":"2021-04-14","amount":122000,"total":122000,"balance":0}],"costCenter":null,"numberTemplate":{"id":"3","prefix":"","number":"30308","fullNumber":"30308","formattedNumber":"30308"}}
2021-04-14 10:35:11 :: ----------send data payment:30515------------
2021-04-14 10:35:11 :: {"date":"2021-04-14","invoices":[{"amount":"60000","id":"30515"}],"bankAccount":2}
2021-04-14 10:35:12 :: ----------result data payment:30515------------
2021-04-14 10:35:12 :: {"id":"31584","date":"2021-04-14","number":"30309","amount":"60000.0000000000","observations":null,"anotation":null,"type":"in","paymentMethod":"","status":"open","bankAccount":{"id":"2","name":"PAYU","type":"bank"},"client":{"id":"265","name":"Paola Cruz","phone":"3204965234"},"invoices":[{"id":"30515","number":"32776","date":"2021-04-14","amount":60000,"total":60000,"balance":0}],"costCenter":null,"numberTemplate":{"id":"3","prefix":"","number":"30309","fullNumber":"30309","formattedNumber":"30309"}}
2021-04-14 10:40:18 :: ----------send data payment:30516------------
2021-04-14 10:40:18 :: {"date":"2021-04-14","invoices":[{"amount":"36000","id":"30516"}],"bankAccount":2}
2021-04-14 10:40:20 :: ----------result data payment:30516------------
2021-04-14 10:40:20 :: {"id":"31585","date":"2021-04-14","number":"30310","amount":"36000.0000000000","observations":null,"anotation":null,"type":"in","paymentMethod":"","status":"open","bankAccount":{"id":"2","name":"PAYU","type":"bank"},"client":{"id":"5211","name":"Helena Erazo","phone":"3196941951"},"invoices":[{"id":"30516","number":"32777","date":"2021-04-14","amount":36000,"total":36000,"balance":0}],"costCenter":null,"numberTemplate":{"id":"3","prefix":"","number":"30310","fullNumber":"30310","formattedNumber":"30310"}}
2021-04-14 10:45:18 :: ----------send data payment:30517------------
2021-04-14 10:45:18 :: {"date":"2021-04-14","invoices":[{"amount":"108000","id":"30517"}],"bankAccount":2}
2021-04-14 10:45:19 :: ----------result data payment:30517------------
2021-04-14 10:45:19 :: {"id":"31586","date":"2021-04-14","number":"30311","amount":"108000.0000000000","observations":null,"anotation":null,"type":"in","paymentMethod":"","status":"open","bankAccount":{"id":"2","name":"PAYU","type":"bank"},"client":{"id":"24116","name":"Mar","phone":"3042067646"},"invoices":[{"id":"30517","number":"32778","date":"2021-04-14","amount":108000,"total":108000,"balance":0}],"costCenter":null,"numberTemplate":{"id":"3","prefix":"","number":"30311","fullNumber":"30311","formattedNumber":"30311"}}
2021-04-14 10:55:27 :: ----------send data payment:30518------------
2021-04-14 10:55:27 :: {"date":"2021-04-14","invoices":[{"amount":"60000","id":"30518"}],"bankAccount":2}
2021-04-14 10:55:29 :: ----------result data payment:30518------------
2021-04-14 10:55:29 :: {"id":"31587","date":"2021-04-14","number":"30312","amount":"60000.0000000000","observations":null,"anotation":null,"type":"in","paymentMethod":"","status":"open","bankAccount":{"id":"2","name":"PAYU","type":"bank"},"client":{"id":"24117","name":"valentina rios","phone":"3015424330"},"invoices":[{"id":"30518","number":"32779","date":"2021-04-14","amount":60000,"total":60000,"balance":0}],"costCenter":null,"numberTemplate":{"id":"3","prefix":"","number":"30312","fullNumber":"30312","formattedNumber":"30312"}}
2021-04-14 10:55:30 :: ----------send data payment:30519------------
2021-04-14 10:55:30 :: {"date":"2021-04-14","invoices":[{"amount":"37600","id":"30519"}],"bankAccount":2}
2021-04-14 10:55:32 :: ----------result data payment:30519------------
2021-04-14 10:55:32 :: {"id":"31588","date":"2021-04-14","number":"30313","amount":"37600.0000000000","observations":null,"anotation":null,"type":"in","paymentMethod":"","status":"open","bankAccount":{"id":"2","name":"PAYU","type":"bank"},"client":{"id":"20193","name":"Kim Ruiz","phone":"3208671693"},"invoices":[{"id":"30519","number":"32780","date":"2021-04-14","amount":37600,"total":37600,"balance":0}],"costCenter":null,"numberTemplate":{"id":"3","prefix":"","number":"30313","fullNumber":"30313","formattedNumber":"30313"}}
2021-04-14 11:05:22 :: ----------send data payment:30520------------
2021-04-14 11:05:22 :: {"date":"2021-04-14","invoices":[{"amount":"196001","id":"30520"}],"bankAccount":2}
2021-04-14 11:05:24 :: ----------result data payment:30520------------
2021-04-14 11:05:24 :: {"id":"31589","date":"2021-04-14","number":"30314","amount":"196001.0000000000","observations":null,"anotation":null,"type":"in","paymentMethod":"","status":"open","bankAccount":{"id":"2","name":"PAYU","type":"bank"},"client":{"id":"23831","name":"Colorado guerrero","phone":"3145608000"},"invoices":[{"id":"30520","number":"32781","date":"2021-04-14","amount":196001,"total":196001,"balance":0}],"costCenter":null,"numberTemplate":{"id":"3","prefix":"","number":"30314","fullNumber":"30314","formattedNumber":"30314"}}
2021-04-14 11:15:51 :: ----------send data payment:30521------------
2021-04-14 11:15:51 :: {"date":"2021-04-14","invoices":[{"amount":"34000","id":"30521"}],"bankAccount":2}
2021-04-14 11:15:53 :: ----------result data payment:30521------------
2021-04-14 11:15:53 :: {"id":"31591","date":"2021-04-14","number":"30315","amount":"34000.0000000000","observations":null,"anotation":null,"type":"in","paymentMethod":"","status":"open","bankAccount":{"id":"2","name":"PAYU","type":"bank"},"client":{"id":"23356","name":"Anamar\u00eda Acosta","phone":"3144012992"},"invoices":[{"id":"30521","number":"32782","date":"2021-04-14","amount":34000,"total":34000,"balance":0}],"costCenter":null,"numberTemplate":{"id":"3","prefix":"","number":"30315","fullNumber":"30315","formattedNumber":"30315"}}
2021-04-14 12:20:30 :: ----------send data payment:30522------------
2021-04-14 12:20:30 :: {"date":"2021-04-14","invoices":[{"amount":"151999","id":"30522"}],"bankAccount":2}
2021-04-14 12:20:34 :: ----------result data payment:30522------------
2021-04-14 12:20:34 :: {"id":"31592","date":"2021-04-14","number":"30316","amount":"151999.0000000000","observations":null,"anotation":null,"type":"in","paymentMethod":"","status":"open","bankAccount":{"id":"2","name":"PAYU","type":"bank"},"client":{"id":"24118","name":"Jessica Alejandra Pardo","phone":"3204578972"},"invoices":[{"id":"30522","number":"32783","date":"2021-04-14","amount":151999,"total":151999,"balance":0}],"costCenter":null,"numberTemplate":{"id":"3","prefix":"","number":"30316","fullNumber":"30316","formattedNumber":"30316"}}
2021-04-14 12:25:36 :: ----------send data payment:30523------------
2021-04-14 12:25:36 :: {"date":"2021-04-14","invoices":[{"amount":"69000","id":"30523"}],"bankAccount":2}
2021-04-14 12:25:38 :: ----------result data payment:30523------------
2021-04-14 12:25:38 :: {"id":"31593","date":"2021-04-14","number":"30317","amount":"69000.0000000000","observations":null,"anotation":null,"type":"in","paymentMethod":"","status":"open","bankAccount":{"id":"2","name":"PAYU","type":"bank"},"client":{"id":"24119","name":"Laura Daniela Acevedo","phone":"3162258072"},"invoices":[{"id":"30523","number":"32784","date":"2021-04-14","amount":69000,"total":69000,"balance":0}],"costCenter":null,"numberTemplate":{"id":"3","prefix":"","number":"30317","fullNumber":"30317","formattedNumber":"30317"}}
2021-04-14 12:32:02 :: ----------send data payment:30524------------
2021-04-14 12:32:02 :: {"date":"2021-04-14","invoices":[{"amount":"82200","id":"30524"}],"bankAccount":2}
2021-04-14 12:32:03 :: ----------result data payment:30524------------
2021-04-14 12:32:03 :: {"id":"31594","date":"2021-04-14","number":"30318","amount":"82200.0000000000","observations":null,"anotation":null,"type":"in","paymentMethod":"","status":"open","bankAccount":{"id":"2","name":"PAYU","type":"bank"},"client":{"id":"24120","name":"Lizeth Garcia","phone":"3204535628"},"invoices":[{"id":"30524","number":"32785","date":"2021-04-14","amount":82200,"total":82200,"balance":0}],"costCenter":null,"numberTemplate":{"id":"3","prefix":"","number":"30318","fullNumber":"30318","formattedNumber":"30318"}}
2021-04-14 12:35:29 :: ----------send data payment:30525------------
2021-04-14 12:35:29 :: {"date":"2021-04-14","invoices":[{"amount":"93000","id":"30525"}],"bankAccount":2}
2021-04-14 12:35:31 :: ----------result data payment:30525------------
2021-04-14 12:35:31 :: {"id":"31595","date":"2021-04-14","number":"30319","amount":"93000.0000000000","observations":null,"anotation":null,"type":"in","paymentMethod":"","status":"open","bankAccount":{"id":"2","name":"PAYU","type":"bank"},"client":{"id":"24121","name":"Julia siado Cantillo","phone":"3218274935"},"invoices":[{"id":"30525","number":"32786","date":"2021-04-14","amount":93000,"total":93000,"balance":0}],"costCenter":null,"numberTemplate":{"id":"3","prefix":"","number":"30319","fullNumber":"30319","formattedNumber":"30319"}}
2021-04-14 12:50:44 :: ----------send data payment:30526------------
2021-04-14 12:50:44 :: {"date":"2021-04-14","invoices":[{"amount":"110800","id":"30526"}],"bankAccount":2}
2021-04-14 12:50:50 :: ----------result data payment:30526------------
2021-04-14 12:50:50 :: {"id":"31596","date":"2021-04-14","number":"30320","amount":"110800.0000000000","observations":null,"anotation":null,"type":"in","paymentMethod":"","status":"open","bankAccount":{"id":"2","name":"PAYU","type":"bank"},"client":{"id":"24122","name":"Karen Gaitan","phone":"3214982491"},"invoices":[{"id":"30526","number":"32787","date":"2021-04-14","amount":110800,"total":110800,"balance":0}],"costCenter":null,"numberTemplate":{"id":"3","prefix":"","number":"30320","fullNumber":"30320","formattedNumber":"30320"}}
2021-04-14 12:55:41 :: ----------send data payment:30527------------
2021-04-14 12:55:41 :: {"date":"2021-04-14","invoices":[{"amount":"58000","id":"30527"}],"bankAccount":2}
2021-04-14 12:55:42 :: ----------result data payment:30527------------
2021-04-14 12:55:42 :: {"id":"31597","date":"2021-04-14","number":"30321","amount":"58000.0000000000","observations":null,"anotation":null,"type":"in","paymentMethod":"","status":"open","bankAccount":{"id":"2","name":"PAYU","type":"bank"},"client":{"id":"24123","name":"Jennifer Preciado","phone":"3156213850"},"invoices":[{"id":"30527","number":"32788","date":"2021-04-14","amount":58000,"total":58000,"balance":0}],"costCenter":null,"numberTemplate":{"id":"3","prefix":"","number":"30321","fullNumber":"30321","formattedNumber":"30321"}}
2021-04-14 01:10:23 :: ----------send data payment:30528------------
2021-04-14 01:10:23 :: {"date":"2021-04-14","invoices":[{"amount":"163601","id":"30528"}],"bankAccount":2}
2021-04-14 01:10:53 :: ----------result data payment:30528------------
2021-04-14 01:10:53 :: {"message": "Endpoint request timed out"}
2021-04-14 01:25:31 :: ----------send data payment:30529------------
2021-04-14 01:25:31 :: {"date":"2021-04-14","invoices":[{"amount":"87001","id":"30529"}],"bankAccount":2}
2021-04-14 01:25:33 :: ----------result data payment:30529------------
2021-04-14 01:25:33 :: {"id":"31600","date":"2021-04-14","number":"30323","amount":"87001.0000000000","observations":null,"anotation":null,"type":"in","paymentMethod":"","status":"open","bankAccount":{"id":"2","name":"PAYU","type":"bank"},"client":{"id":"24124","name":"Natalia Bastidas Herrera","phone":"3052469543"},"invoices":[{"id":"30529","number":"32790","date":"2021-04-14","amount":87001,"total":87001,"balance":0}],"costCenter":null,"numberTemplate":{"id":"3","prefix":"","number":"30323","fullNumber":"30323","formattedNumber":"30323"}}
2021-04-14 01:25:35 :: ----------send data payment:30530------------
2021-04-14 01:25:35 :: {"date":"2021-04-14","invoices":[{"amount":"166998","id":"30530"}],"bankAccount":2}
2021-04-14 01:25:37 :: ----------result data payment:30530------------
2021-04-14 01:25:37 :: {"id":"31601","date":"2021-04-14","number":"30324","amount":"166998.0000000000","observations":null,"anotation":null,"type":"in","paymentMethod":"","status":"open","bankAccount":{"id":"2","name":"PAYU","type":"bank"},"client":{"id":"14356","name":"esmeralda herrera","phone":"3123582592"},"invoices":[{"id":"30530","number":"32791","date":"2021-04-14","amount":166998,"total":166998,"balance":0}],"costCenter":null,"numberTemplate":{"id":"3","prefix":"","number":"30324","fullNumber":"30324","formattedNumber":"30324"}}
2021-04-14 01:55:43 :: ----------send data payment:30531------------
2021-04-14 01:55:43 :: {"date":"2021-04-14","invoices":[{"amount":"44001","id":"30531"}],"bankAccount":2}
2021-04-14 01:55:44 :: ----------result data payment:30531------------
2021-04-14 01:55:44 :: {"id":"31602","date":"2021-04-14","number":"30325","amount":"44001.0000000000","observations":null,"anotation":null,"type":"in","paymentMethod":"","status":"open","bankAccount":{"id":"2","name":"PAYU","type":"bank"},"client":{"id":"24125","name":"Paula Perdig\u00f3n Camargo","phone":"3022182233"},"invoices":[{"id":"30531","number":"32792","date":"2021-04-14","amount":44001,"total":44001,"balance":0}],"costCenter":null,"numberTemplate":{"id":"3","prefix":"","number":"30325","fullNumber":"30325","formattedNumber":"30325"}}
2021-04-14 01:55:46 :: ----------send data payment:30532------------
2021-04-14 01:55:46 :: {"date":"2021-04-14","invoices":[{"amount":"98000","id":"30532"}],"bankAccount":2}
2021-04-14 01:55:48 :: ----------result data payment:30532------------
2021-04-14 01:55:48 :: {"id":"31603","date":"2021-04-14","number":"30326","amount":"98000.0000000000","observations":null,"anotation":null,"type":"in","paymentMethod":"","status":"open","bankAccount":{"id":"2","name":"PAYU","type":"bank"},"client":{"id":"10953","name":"Laireth Ru\u00edz","phone":"3182170203"},"invoices":[{"id":"30532","number":"32793","date":"2021-04-14","amount":98000,"total":98000,"balance":0}],"costCenter":null,"numberTemplate":{"id":"3","prefix":"","number":"30326","fullNumber":"30326","formattedNumber":"30326"}}
2021-04-14 02:55:36 :: ----------send data payment:30534------------
2021-04-14 02:55:36 :: {"date":"2021-04-14","invoices":[{"amount":"70000","id":"30534"}],"bankAccount":2}
2021-04-14 02:55:39 :: ----------result data payment:30534------------
2021-04-14 02:55:39 :: {"id":"31604","date":"2021-04-14","number":"30327","amount":"70000.0000000000","observations":null,"anotation":null,"type":"in","paymentMethod":"","status":"open","bankAccount":{"id":"2","name":"PAYU","type":"bank"},"client":{"id":"24126","name":"Valeria Martinez Molano","phone":"3185304672"},"invoices":[{"id":"30534","number":"32795","date":"2021-04-14","amount":70000,"total":70000,"balance":0}],"costCenter":null,"numberTemplate":{"id":"3","prefix":"","number":"30327","fullNumber":"30327","formattedNumber":"30327"}}
2021-04-14 03:00:22 :: ----------send data payment:30535------------
2021-04-14 03:00:22 :: {"date":"2021-04-14","invoices":[{"amount":"31501","id":"30535"}],"bankAccount":2}
2021-04-14 03:00:24 :: ----------result data payment:30535------------
2021-04-14 03:00:24 :: {"id":"31605","date":"2021-04-14","number":"30328","amount":"31501.0000000000","observations":null,"anotation":null,"type":"in","paymentMethod":"","status":"open","bankAccount":{"id":"2","name":"PAYU","type":"bank"},"client":{"id":"9717","name":"Natalia Fonseca","phone":"3212510835"},"invoices":[{"id":"30535","number":"32796","date":"2021-04-14","amount":31501,"total":31501,"balance":0}],"costCenter":null,"numberTemplate":{"id":"3","prefix":"","number":"30328","fullNumber":"30328","formattedNumber":"30328"}}
2021-04-14 03:15:37 :: ----------send data payment:30536------------
2021-04-14 03:15:37 :: {"date":"2021-04-14","invoices":[{"amount":"30000","id":"30536"}],"bankAccount":2}
2021-04-14 03:15:39 :: ----------result data payment:30536------------
2021-04-14 03:15:39 :: {"id":"31606","date":"2021-04-14","number":"30329","amount":"30000.0000000000","observations":null,"anotation":null,"type":"in","paymentMethod":"","status":"open","bankAccount":{"id":"2","name":"PAYU","type":"bank"},"client":{"id":"24127","name":"Luz Dary","phone":"3223818210"},"invoices":[{"id":"30536","number":"32797","date":"2021-04-14","amount":30000,"total":30000,"balance":0}],"costCenter":null,"numberTemplate":{"id":"3","prefix":"","number":"30329","fullNumber":"30329","formattedNumber":"30329"}}
2021-04-14 03:30:29 :: ----------send data payment:30537------------
2021-04-14 03:30:29 :: {"date":"2021-04-14","invoices":[{"amount":"60000","id":"30537"}],"bankAccount":2}
2021-04-14 03:30:31 :: ----------result data payment:30537------------
2021-04-14 03:30:31 :: {"id":"31607","date":"2021-04-14","number":"30330","amount":"60000.0000000000","observations":null,"anotation":null,"type":"in","paymentMethod":"","status":"open","bankAccount":{"id":"2","name":"PAYU","type":"bank"},"client":{"id":"24128","name":"Manuel Alejandro Buitrago Piza","phone":"3107665993"},"invoices":[{"id":"30537","number":"32798","date":"2021-04-14","amount":60000,"total":60000,"balance":0}],"costCenter":null,"numberTemplate":{"id":"3","prefix":"","number":"30330","fullNumber":"30330","formattedNumber":"30330"}}
2021-04-14 03:40:21 :: ----------send data payment:30538------------
2021-04-14 03:40:21 :: {"date":"2021-04-14","invoices":[{"amount":"120000","id":"30538"}],"bankAccount":2}
2021-04-14 03:40:24 :: ----------result data payment:30538------------
2021-04-14 03:40:24 :: {"id":"31608","date":"2021-04-14","number":"30331","amount":"120000.0000000000","observations":null,"anotation":null,"type":"in","paymentMethod":"","status":"open","bankAccount":{"id":"2","name":"PAYU","type":"bank"},"client":{"id":"24129","name":"Daniela Cuervo Montoya","phone":"3017399924"},"invoices":[{"id":"30538","number":"32799","date":"2021-04-14","amount":120000,"total":120000,"balance":0}],"costCenter":null,"numberTemplate":{"id":"3","prefix":"","number":"30331","fullNumber":"30331","formattedNumber":"30331"}}
2021-04-14 04:00:39 :: ----------send data payment:30539------------
2021-04-14 04:00:39 :: {"date":"2021-04-14","invoices":[{"amount":"48000","id":"30539"}],"bankAccount":2}
2021-04-14 04:00:40 :: ----------result data payment:30539------------
2021-04-14 04:00:40 :: {"id":"31609","date":"2021-04-14","number":"30332","amount":"48000.0000000000","observations":null,"anotation":null,"type":"in","paymentMethod":"","status":"open","bankAccount":{"id":"2","name":"PAYU","type":"bank"},"client":{"id":"24130","name":"betancuryenifer","phone":"3023688024"},"invoices":[{"id":"30539","number":"32800","date":"2021-04-14","amount":48000,"total":48000,"balance":0}],"costCenter":null,"numberTemplate":{"id":"3","prefix":"","number":"30332","fullNumber":"30332","formattedNumber":"30332"}}
2021-04-14 04:10:22 :: ----------send data payment:30540------------
2021-04-14 04:10:22 :: {"date":"2021-04-14","invoices":[{"amount":"80600","id":"30540"}],"bankAccount":2}
2021-04-14 04:10:24 :: ----------result data payment:30540------------
2021-04-14 04:10:24 :: {"id":"31610","date":"2021-04-14","number":"30333","amount":"80600.0000000000","observations":null,"anotation":null,"type":"in","paymentMethod":"","status":"open","bankAccount":{"id":"2","name":"PAYU","type":"bank"},"client":{"id":"22210","name":"Mar\u00eda Fernanda","phone":"3208436648"},"invoices":[{"id":"30540","number":"32801","date":"2021-04-14","amount":80600,"total":80600,"balance":0}],"costCenter":null,"numberTemplate":{"id":"3","prefix":"","number":"30333","fullNumber":"30333","formattedNumber":"30333"}}
2021-04-14 05:13:15 :: ----------send data payment:30541------------
2021-04-14 05:13:15 :: {"date":"2021-04-14","invoices":[{"amount":"37399","id":"30541"}],"bankAccount":2}
2021-04-14 05:13:16 :: ----------result data payment:30541------------
2021-04-14 05:13:16 :: {"id":"31612","date":"2021-04-14","number":"30335","amount":"37399.0000000000","observations":null,"anotation":null,"type":"in","paymentMethod":"","status":"open","bankAccount":{"id":"2","name":"PAYU","type":"bank"},"client":{"id":"24131","name":"Laura Valentina Cepeda Pab\u00f3n","phone":"3128803056"},"invoices":[{"id":"30541","number":"32802","date":"2021-04-14","amount":37399,"total":37399,"balance":0}],"costCenter":null,"numberTemplate":{"id":"3","prefix":"","number":"30335","fullNumber":"30335","formattedNumber":"30335"}}
2021-04-14 05:30:32 :: ----------send data payment:30542------------
2021-04-14 05:30:32 :: {"date":"2021-04-14","invoices":[{"amount":"69000","id":"30542"}],"bankAccount":2}
2021-04-14 05:30:33 :: ----------result data payment:30542------------
2021-04-14 05:30:33 :: {"id":"31613","date":"2021-04-14","number":"30336","amount":"69000.0000000000","observations":null,"anotation":null,"type":"in","paymentMethod":"","status":"open","bankAccount":{"id":"2","name":"PAYU","type":"bank"},"client":{"id":"24132","name":"Valeria Gallego Ospina","phone":"3017411751"},"invoices":[{"id":"30542","number":"32803","date":"2021-04-14","amount":69000,"total":69000,"balance":0}],"costCenter":null,"numberTemplate":{"id":"3","prefix":"","number":"30336","fullNumber":"30336","formattedNumber":"30336"}}
2021-04-14 05:31:08 :: ----------send data payment:30543------------
2021-04-14 05:31:08 :: {"date":"2021-04-14","invoices":[{"amount":"79301","id":"30543"}],"bankAccount":2}
2021-04-14 05:31:10 :: ----------result data payment:30543------------
2021-04-14 05:31:10 :: {"id":"31614","date":"2021-04-14","number":"30337","amount":"79301.0000000000","observations":null,"anotation":null,"type":"in","paymentMethod":"","status":"open","bankAccount":{"id":"2","name":"PAYU","type":"bank"},"client":{"id":"24133","name":"yesenia Campo Vera","phone":"3102712135"},"invoices":[{"id":"30543","number":"32804","date":"2021-04-14","amount":79301,"total":79301,"balance":0}],"costCenter":null,"numberTemplate":{"id":"3","prefix":"","number":"30337","fullNumber":"30337","formattedNumber":"30337"}}
2021-04-14 05:35:32 :: ----------send data payment:30544------------
2021-04-14 05:35:32 :: {"date":"2021-04-14","invoices":[{"amount":"29201","id":"30544"}],"bankAccount":2}
2021-04-14 05:35:33 :: ----------result data payment:30544------------
2021-04-14 05:35:33 :: {"id":"31615","date":"2021-04-14","number":"30338","amount":"29201.0000000000","observations":null,"anotation":null,"type":"in","paymentMethod":"","status":"open","bankAccount":{"id":"2","name":"PAYU","type":"bank"},"client":{"id":"24134","name":"YiNa A mOlyNa","phone":"3138355019"},"invoices":[{"id":"30544","number":"32805","date":"2021-04-14","amount":29201,"total":29201,"balance":0}],"costCenter":null,"numberTemplate":{"id":"3","prefix":"","number":"30338","fullNumber":"30338","formattedNumber":"30338"}}
2021-04-14 05:35:38 :: ----------send data payment:30545------------
2021-04-14 05:35:38 :: {"date":"2021-04-14","invoices":[{"amount":"58001","id":"30545"}],"bankAccount":2}
2021-04-14 05:35:39 :: ----------result data payment:30545------------
2021-04-14 05:35:39 :: {"id":"31616","date":"2021-04-14","number":"30339","amount":"58001.0000000000","observations":null,"anotation":null,"type":"in","paymentMethod":"","status":"open","bankAccount":{"id":"2","name":"PAYU","type":"bank"},"client":{"id":"24135","name":"Lina Jim\u00e9nez","phone":"3192271694"},"invoices":[{"id":"30545","number":"32806","date":"2021-04-14","amount":58001,"total":58001,"balance":0}],"costCenter":null,"numberTemplate":{"id":"3","prefix":"","number":"30339","fullNumber":"30339","formattedNumber":"30339"}}
2021-04-14 06:10:36 :: ----------send data payment:30546------------
2021-04-14 06:10:36 :: {"date":"2021-04-14","invoices":[{"amount":"60000","id":"30546"}],"bankAccount":2}
2021-04-14 06:10:37 :: ----------result data payment:30546------------
2021-04-14 06:10:37 :: {"id":"31617","date":"2021-04-14","number":"30340","amount":"60000.0000000000","observations":null,"anotation":null,"type":"in","paymentMethod":"","status":"open","bankAccount":{"id":"2","name":"PAYU","type":"bank"},"client":{"id":"24136","name":"Juliana Andrea Orjuela Venegas","phone":"3228407047"},"invoices":[{"id":"30546","number":"32807","date":"2021-04-14","amount":60000,"total":60000,"balance":0}],"costCenter":null,"numberTemplate":{"id":"3","prefix":"","number":"30340","fullNumber":"30340","formattedNumber":"30340"}}
2021-04-14 06:50:04 :: ----------send data payment:30547------------
2021-04-14 06:50:04 :: {"date":"2021-04-14","invoices":[{"amount":"140000","id":"30547"}],"bankAccount":2}
2021-04-14 06:50:05 :: ----------result data payment:30547------------
2021-04-14 06:50:05 :: {"id":"31618","date":"2021-04-14","number":"30341","amount":"140000.0000000000","observations":null,"anotation":null,"type":"in","paymentMethod":"","status":"open","bankAccount":{"id":"2","name":"PAYU","type":"bank"},"client":{"id":"17400","name":"Diana Londo\u00f1o","phone":"3183930691"},"invoices":[{"id":"30547","number":"32808","date":"2021-04-14","amount":140000,"total":140000,"balance":0}],"costCenter":null,"numberTemplate":{"id":"3","prefix":"","number":"30341","fullNumber":"30341","formattedNumber":"30341"}}
2021-04-14 07:25:10 :: ----------send data payment:30548------------
2021-04-14 07:25:10 :: {"date":"2021-04-14","invoices":[{"amount":"88199","id":"30548"}],"bankAccount":2}
2021-04-14 07:25:11 :: ----------result data payment:30548------------
2021-04-14 07:25:11 :: {"id":"31619","date":"2021-04-14","number":"30342","amount":"88199.0000000000","observations":null,"anotation":null,"type":"in","paymentMethod":"","status":"open","bankAccount":{"id":"2","name":"PAYU","type":"bank"},"client":{"id":"23892","name":"Sara Quintero","phone":"3205802693"},"invoices":[{"id":"30548","number":"32809","date":"2021-04-14","amount":88199,"total":88199,"balance":0}],"costCenter":null,"numberTemplate":{"id":"3","prefix":"","number":"30342","fullNumber":"30342","formattedNumber":"30342"}}
2021-04-14 07:35:35 :: ----------send data payment:30549------------
2021-04-14 07:35:35 :: {"date":"2021-04-14","invoices":[{"amount":"48501","id":"30549"}],"bankAccount":2}
2021-04-14 07:35:36 :: ----------result data payment:30549------------
2021-04-14 07:35:36 :: {"id":"31620","date":"2021-04-14","number":"30343","amount":"48501.0000000000","observations":null,"anotation":null,"type":"in","paymentMethod":"","status":"open","bankAccount":{"id":"2","name":"PAYU","type":"bank"},"client":{"id":"24137","name":"Ang\u00e9lica Sarmiento","phone":"3185218927"},"invoices":[{"id":"30549","number":"32810","date":"2021-04-14","amount":48501,"total":48501,"balance":0}],"costCenter":null,"numberTemplate":{"id":"3","prefix":"","number":"30343","fullNumber":"30343","formattedNumber":"30343"}}
2021-04-14 08:50:41 :: ----------send data payment:30550------------
2021-04-14 08:50:41 :: {"date":"2021-04-14","invoices":[{"amount":"109000","id":"30550"}],"bankAccount":2}
2021-04-14 08:50:42 :: ----------result data payment:30550------------
2021-04-14 08:50:42 :: {"id":"31621","date":"2021-04-14","number":"30344","amount":"109000.0000000000","observations":null,"anotation":null,"type":"in","paymentMethod":"","status":"open","bankAccount":{"id":"2","name":"PAYU","type":"bank"},"client":{"id":"24138","name":"Ana Romero","phone":"3014063416"},"invoices":[{"id":"30550","number":"32811","date":"2021-04-14","amount":109000,"total":109000,"balance":0}],"costCenter":null,"numberTemplate":{"id":"3","prefix":"","number":"30344","fullNumber":"30344","formattedNumber":"30344"}}
2021-04-14 09:00:26 :: ----------send data payment:30551------------
2021-04-14 09:00:26 :: {"date":"2021-04-14","invoices":[{"amount":"79999","id":"30551"}],"bankAccount":2}
2021-04-14 09:00:27 :: ----------result data payment:30551------------
2021-04-14 09:00:27 :: {"id":"31622","date":"2021-04-14","number":"30345","amount":"79999.0000000000","observations":null,"anotation":null,"type":"in","paymentMethod":"","status":"open","bankAccount":{"id":"2","name":"PAYU","type":"bank"},"client":{"id":"24139","name":"sofia aaron","phone":"3215273029"},"invoices":[{"id":"30551","number":"32812","date":"2021-04-14","amount":79999,"total":79999,"balance":0}],"costCenter":null,"numberTemplate":{"id":"3","prefix":"","number":"30345","fullNumber":"30345","formattedNumber":"30345"}}
2021-04-14 09:05:32 :: ----------send data payment:30552------------
2021-04-14 09:05:32 :: {"date":"2021-04-14","invoices":[{"amount":"44501","id":"30552"}],"bankAccount":2}
2021-04-14 09:05:32 :: ----------result data payment:30552------------
2021-04-14 09:05:32 :: {"id":"31623","date":"2021-04-14","number":"30346","amount":"44501.0000000000","observations":null,"anotation":null,"type":"in","paymentMethod":"","status":"open","bankAccount":{"id":"2","name":"PAYU","type":"bank"},"client":{"id":"24140","name":"Mar\u00eda del pilar ni\u00f1o bonett","phone":"3102693456"},"invoices":[{"id":"30552","number":"32813","date":"2021-04-14","amount":44501,"total":44501,"balance":0}],"costCenter":null,"numberTemplate":{"id":"3","prefix":"","number":"30346","fullNumber":"30346","formattedNumber":"30346"}}
2021-04-14 09:30:21 :: ----------send data payment:30553------------
2021-04-14 09:30:21 :: {"date":"2021-04-14","invoices":[{"amount":"107000","id":"30553"}],"bankAccount":2}
2021-04-14 09:30:22 :: ----------result data payment:30553------------
2021-04-14 09:30:22 :: {"id":"31624","date":"2021-04-14","number":"30347","amount":"107000.0000000000","observations":null,"anotation":null,"type":"in","paymentMethod":"","status":"open","bankAccount":{"id":"2","name":"PAYU","type":"bank"},"client":{"id":"3282","name":"Juliana Gene","phone":"3183599811"},"invoices":[{"id":"30553","number":"32814","date":"2021-04-14","amount":107000,"total":107000,"balance":0}],"costCenter":null,"numberTemplate":{"id":"3","prefix":"","number":"30347","fullNumber":"30347","formattedNumber":"30347"}}
2021-04-14 09:45:11 :: ----------send data payment:30554------------
2021-04-14 09:45:11 :: {"date":"2021-04-14","invoices":[{"amount":"70000","id":"30554"}],"bankAccount":2}
2021-04-14 09:45:12 :: ----------result data payment:30554------------
2021-04-14 09:45:12 :: {"id":"31625","date":"2021-04-14","number":"30348","amount":"70000.0000000000","observations":null,"anotation":null,"type":"in","paymentMethod":"","status":"open","bankAccount":{"id":"2","name":"PAYU","type":"bank"},"client":{"id":"6364","name":"Laura Daniela Ramos Mendez","phone":"3183337887"},"invoices":[{"id":"30554","number":"32815","date":"2021-04-14","amount":70000,"total":70000,"balance":0}],"costCenter":null,"numberTemplate":{"id":"3","prefix":"","number":"30348","fullNumber":"30348","formattedNumber":"30348"}}
2021-04-14 11:25:57 :: ----------send data payment:30555------------
2021-04-14 11:25:57 :: {"date":"2021-04-14","invoices":[{"amount":"132200","id":"30555"}],"bankAccount":2}
2021-04-14 11:25:58 :: ----------result data payment:30555------------
2021-04-14 11:25:58 :: {"id":"31626","date":"2021-04-14","number":"30349","amount":"132200.0000000000","observations":null,"anotation":null,"type":"in","paymentMethod":"","status":"open","bankAccount":{"id":"2","name":"PAYU","type":"bank"},"client":{"id":"13205","name":"Laura","phone":"3168753282"},"invoices":[{"id":"30555","number":"32816","date":"2021-04-14","amount":132200,"total":132200,"balance":0}],"costCenter":null,"numberTemplate":{"id":"3","prefix":"","number":"30349","fullNumber":"30349","formattedNumber":"30349"}}