
2021-03-09 07:40:15 :: ----------send data payment:28862------------
2021-03-09 07:40:15 :: {"date":"2021-03-09","invoices":[{"amount":"25000","id":"28862"}],"bankAccount":2}
2021-03-09 07:40:18 :: ----------result data payment:28862------------
2021-03-09 07:40:18 :: {"id":"29882","date":"2021-03-09","number":"28654","amount":"25000.0000000000","observations":null,"anotation":null,"type":"in","paymentMethod":"","status":"open","bankAccount":{"id":"2","name":"PAYU","type":"bank"},"client":{"id":"23002","name":"Erika Rios","phone":"3183089008"},"invoices":[{"id":"28862","number":"31123","date":"2021-03-09","amount":25000,"total":25000,"balance":0}],"costCenter":null,"numberTemplate":{"id":"3","prefix":"","number":"28654","fullNumber":"28654","formattedNumber":"28654"}}
2021-03-09 07:50:08 :: ----------send data payment:28863------------
2021-03-09 07:50:08 :: {"date":"2021-03-09","invoices":[{"amount":"62000","id":"28863"}],"bankAccount":2}
2021-03-09 07:50:09 :: ----------result data payment:28863------------
2021-03-09 07:50:09 :: {"id":"29883","date":"2021-03-09","number":"28655","amount":"62000.0000000000","observations":null,"anotation":null,"type":"in","paymentMethod":"","status":"open","bankAccount":{"id":"2","name":"PAYU","type":"bank"},"client":{"id":"23003","name":"Giselle Brice\u00f1o","phone":"3052521551"},"invoices":[{"id":"28863","number":"31124","date":"2021-03-09","amount":62000,"total":62000,"balance":0}],"costCenter":null,"numberTemplate":{"id":"3","prefix":"","number":"28655","fullNumber":"28655","formattedNumber":"28655"}}
2021-03-09 08:20:25 :: ----------send data payment:28864------------
2021-03-09 08:20:25 :: {"date":"2021-03-09","invoices":[{"amount":"60000","id":"28864"}],"bankAccount":2}
2021-03-09 08:20:26 :: ----------result data payment:28864------------
2021-03-09 08:20:26 :: {"id":"29884","date":"2021-03-09","number":"28656","amount":"60000.0000000000","observations":null,"anotation":null,"type":"in","paymentMethod":"","status":"open","bankAccount":{"id":"2","name":"PAYU","type":"bank"},"client":{"id":"23004","name":"Angie Primera","phone":"3146303543"},"invoices":[{"id":"28864","number":"31125","date":"2021-03-09","amount":60000,"total":60000,"balance":0}],"costCenter":null,"numberTemplate":{"id":"3","prefix":"","number":"28656","fullNumber":"28656","formattedNumber":"28656"}}
2021-03-09 08:20:29 :: ----------send data payment:28865------------
2021-03-09 08:20:29 :: {"date":"2021-03-09","invoices":[{"amount":"30000","id":"28865"}],"bankAccount":2}
2021-03-09 08:20:31 :: ----------result data payment:28865------------
2021-03-09 08:20:31 :: {"id":"29885","date":"2021-03-09","number":"28657","amount":"30000.0000000000","observations":null,"anotation":null,"type":"in","paymentMethod":"","status":"open","bankAccount":{"id":"2","name":"PAYU","type":"bank"},"client":{"id":"23005","name":"Angela Quintero","phone":"3219747208"},"invoices":[{"id":"28865","number":"31126","date":"2021-03-09","amount":30000,"total":30000,"balance":0}],"costCenter":null,"numberTemplate":{"id":"3","prefix":"","number":"28657","fullNumber":"28657","formattedNumber":"28657"}}
2021-03-09 08:25:08 :: ----------send data payment:28866------------
2021-03-09 08:25:08 :: {"date":"2021-03-09","invoices":[{"amount":"146000","id":"28866"}],"bankAccount":2}
2021-03-09 08:25:09 :: ----------result data payment:28866------------
2021-03-09 08:25:09 :: {"id":"29886","date":"2021-03-09","number":"28658","amount":"146000.0000000000","observations":null,"anotation":null,"type":"in","paymentMethod":"","status":"open","bankAccount":{"id":"2","name":"PAYU","type":"bank"},"client":{"id":"23006","name":"Susana Garces","phone":"26607464"},"invoices":[{"id":"28866","number":"31127","date":"2021-03-09","amount":146000,"total":146000,"balance":0}],"costCenter":null,"numberTemplate":{"id":"3","prefix":"","number":"28658","fullNumber":"28658","formattedNumber":"28658"}}
2021-03-09 08:25:12 :: ----------send data payment:28867------------
2021-03-09 08:25:12 :: {"date":"2021-03-09","invoices":[{"amount":"115000","id":"28867"}],"bankAccount":2}
2021-03-09 08:25:14 :: ----------result data payment:28867------------
2021-03-09 08:25:14 :: {"id":"29887","date":"2021-03-09","number":"28659","amount":"115000.0000000000","observations":null,"anotation":null,"type":"in","paymentMethod":"","status":"open","bankAccount":{"id":"2","name":"PAYU","type":"bank"},"client":{"id":"23007","name":"Nathy Granados","phone":"3057370434"},"invoices":[{"id":"28867","number":"31128","date":"2021-03-09","amount":115000,"total":115000,"balance":0}],"costCenter":null,"numberTemplate":{"id":"3","prefix":"","number":"28659","fullNumber":"28659","formattedNumber":"28659"}}
2021-03-09 08:40:09 :: ----------send data payment:28868------------
2021-03-09 08:40:09 :: {"date":"2021-03-09","invoices":[{"amount":"46000","id":"28868"}],"bankAccount":2}
2021-03-09 08:40:10 :: ----------result data payment:28868------------
2021-03-09 08:40:10 :: {"id":"29888","date":"2021-03-09","number":"28660","amount":"46000.0000000000","observations":null,"anotation":null,"type":"in","paymentMethod":"","status":"open","bankAccount":{"id":"2","name":"PAYU","type":"bank"},"client":{"id":"15890","name":"Catherine Miranda","phone":"3057123683"},"invoices":[{"id":"28868","number":"31129","date":"2021-03-09","amount":46000,"total":46000,"balance":0}],"costCenter":null,"numberTemplate":{"id":"3","prefix":"","number":"28660","fullNumber":"28660","formattedNumber":"28660"}}
2021-03-09 09:35:07 :: ----------send data payment:28870------------
2021-03-09 09:35:07 :: {"date":"2021-03-09","invoices":[{"amount":"68000","id":"28870"}],"bankAccount":2}
2021-03-09 09:35:08 :: ----------result data payment:28870------------
2021-03-09 09:35:08 :: {"id":"29890","date":"2021-03-09","number":"28662","amount":"68000.0000000000","observations":null,"anotation":null,"type":"in","paymentMethod":"","status":"open","bankAccount":{"id":"2","name":"PAYU","type":"bank"},"client":{"id":"23008","name":"ANA JAEL VILLA","phone":"3117147290"},"invoices":[{"id":"28870","number":"31131","date":"2021-03-09","amount":68000,"total":68000,"balance":0}],"costCenter":null,"numberTemplate":{"id":"3","prefix":"","number":"28662","fullNumber":"28662","formattedNumber":"28662"}}
2021-03-09 10:05:16 :: ----------send data payment:28871------------
2021-03-09 10:05:16 :: {"date":"2021-03-09","invoices":[{"amount":"30000","id":"28871"}],"bankAccount":2}
2021-03-09 10:05:17 :: ----------result data payment:28871------------
2021-03-09 10:05:17 :: {"id":"29891","date":"2021-03-09","number":"28663","amount":"30000.0000000000","observations":null,"anotation":null,"type":"in","paymentMethod":"","status":"open","bankAccount":{"id":"2","name":"PAYU","type":"bank"},"client":{"id":"23009","name":"Wendy Pacheco","phone":"3017096274"},"invoices":[{"id":"28871","number":"31132","date":"2021-03-09","amount":30000,"total":30000,"balance":0}],"costCenter":null,"numberTemplate":{"id":"3","prefix":"","number":"28663","fullNumber":"28663","formattedNumber":"28663"}}
2021-03-09 10:40:10 :: ----------send data payment:28873------------
2021-03-09 10:40:10 :: {"date":"2021-03-09","invoices":[{"amount":"53000","id":"28873"}],"bankAccount":2}
2021-03-09 10:40:11 :: ----------result data payment:28873------------
2021-03-09 10:40:11 :: {"id":"29893","date":"2021-03-09","number":"28665","amount":"53000.0000000000","observations":null,"anotation":null,"type":"in","paymentMethod":"","status":"open","bankAccount":{"id":"2","name":"PAYU","type":"bank"},"client":{"id":"23011","name":"Estefania Hoyos","phone":"3126047312"},"invoices":[{"id":"28873","number":"31134","date":"2021-03-09","amount":53000,"total":53000,"balance":0}],"costCenter":null,"numberTemplate":{"id":"3","prefix":"","number":"28665","fullNumber":"28665","formattedNumber":"28665"}}
2021-03-09 11:05:10 :: ----------send data payment:28876------------
2021-03-09 11:05:10 :: {"date":"2021-03-09","invoices":[{"amount":"158000","id":"28876"}],"bankAccount":2}
2021-03-09 11:05:11 :: ----------result data payment:28876------------
2021-03-09 11:05:11 :: {"id":"29895","date":"2021-03-09","number":"28667","amount":"158000.0000000000","observations":null,"anotation":null,"type":"in","paymentMethod":"","status":"open","bankAccount":{"id":"2","name":"PAYU","type":"bank"},"client":{"id":"10577","name":"CATALINA TABARES","phone":"3014656800"},"invoices":[{"id":"28876","number":"31137","date":"2021-03-09","amount":158000,"total":158000,"balance":0}],"costCenter":null,"numberTemplate":{"id":"3","prefix":"","number":"28667","fullNumber":"28667","formattedNumber":"28667"}}
2021-03-09 11:05:13 :: ----------send data payment:28877------------
2021-03-09 11:05:13 :: {"date":"2021-03-09","invoices":[{"amount":"49999","id":"28877"}],"bankAccount":2}
2021-03-09 11:05:14 :: ----------result data payment:28877------------
2021-03-09 11:05:14 :: {"id":"29896","date":"2021-03-09","number":"28668","amount":"49999.0000000000","observations":null,"anotation":null,"type":"in","paymentMethod":"","status":"open","bankAccount":{"id":"2","name":"PAYU","type":"bank"},"client":{"id":"9942","name":"Camila Osorio","phone":"3102991540"},"invoices":[{"id":"28877","number":"31138","date":"2021-03-09","amount":49999,"total":49999,"balance":0}],"costCenter":null,"numberTemplate":{"id":"3","prefix":"","number":"28668","fullNumber":"28668","formattedNumber":"28668"}}
2021-03-09 11:10:15 :: ----------send data payment:28878------------
2021-03-09 11:10:15 :: {"date":"2021-03-09","invoices":[{"amount":"38000","id":"28878"}],"bankAccount":2}
2021-03-09 11:10:17 :: ----------result data payment:28878------------
2021-03-09 11:10:17 :: {"id":"29897","date":"2021-03-09","number":"28669","amount":"38000.0000000000","observations":null,"anotation":null,"type":"in","paymentMethod":"","status":"open","bankAccount":{"id":"2","name":"PAYU","type":"bank"},"client":{"id":"23012","name":"Camila \u00c1vila","phone":"3213408803"},"invoices":[{"id":"28878","number":"31139","date":"2021-03-09","amount":38000,"total":38000,"balance":0}],"costCenter":null,"numberTemplate":{"id":"3","prefix":"","number":"28669","fullNumber":"28669","formattedNumber":"28669"}}
2021-03-09 11:20:31 :: ----------send data payment:28879------------
2021-03-09 11:20:31 :: {"date":"2021-03-09","invoices":[{"amount":"193001","id":"28879"}],"bankAccount":2}
2021-03-09 11:20:33 :: ----------result data payment:28879------------
2021-03-09 11:20:33 :: {"id":"29898","date":"2021-03-09","number":"28670","amount":"193001.0000000000","observations":null,"anotation":null,"type":"in","paymentMethod":"","status":"open","bankAccount":{"id":"2","name":"PAYU","type":"bank"},"client":{"id":"23013","name":"Lizeth Torres","phone":"3104898563"},"invoices":[{"id":"28879","number":"31140","date":"2021-03-09","amount":193001,"total":193001,"balance":0}],"costCenter":null,"numberTemplate":{"id":"3","prefix":"","number":"28670","fullNumber":"28670","formattedNumber":"28670"}}
2021-03-09 11:30:10 :: ----------send data payment:28880------------
2021-03-09 11:30:10 :: {"date":"2021-03-09","invoices":[{"amount":"185999","id":"28880"}],"bankAccount":2}
2021-03-09 11:30:12 :: ----------result data payment:28880------------
2021-03-09 11:30:12 :: {"id":"29899","date":"2021-03-09","number":"28671","amount":"185999.0000000000","observations":null,"anotation":null,"type":"in","paymentMethod":"","status":"open","bankAccount":{"id":"2","name":"PAYU","type":"bank"},"client":{"id":"23014","name":"Diana Milena Pe\u00f1aloza","phone":"3158002840"},"invoices":[{"id":"28880","number":"31141","date":"2021-03-09","amount":185999,"total":185999,"balance":0}],"costCenter":null,"numberTemplate":{"id":"3","prefix":"","number":"28671","fullNumber":"28671","formattedNumber":"28671"}}
2021-03-09 11:40:42 :: ----------send data payment:28881------------
2021-03-09 11:40:42 :: {"date":"2021-03-09","invoices":[{"amount":"187000","id":"28881"}],"bankAccount":2}
2021-03-09 11:40:44 :: ----------result data payment:28881------------
2021-03-09 11:40:44 :: {"id":"29900","date":"2021-03-09","number":"28672","amount":"187000.0000000000","observations":null,"anotation":null,"type":"in","paymentMethod":"","status":"open","bankAccount":{"id":"2","name":"PAYU","type":"bank"},"client":{"id":"23015","name":"DIANA PINEDA","phone":"3015421250"},"invoices":[{"id":"28881","number":"31142","date":"2021-03-09","amount":187000,"total":187000,"balance":0}],"costCenter":null,"numberTemplate":{"id":"3","prefix":"","number":"28672","fullNumber":"28672","formattedNumber":"28672"}}
2021-03-09 11:50:26 :: ----------send data payment:28882------------
2021-03-09 11:50:26 :: {"date":"2021-03-09","invoices":[{"amount":"180000","id":"28882"}],"bankAccount":2}
2021-03-09 11:50:28 :: ----------result data payment:28882------------
2021-03-09 11:50:28 :: {"id":"29901","date":"2021-03-09","number":"28673","amount":"180000.0000000000","observations":null,"anotation":null,"type":"in","paymentMethod":"","status":"open","bankAccount":{"id":"2","name":"PAYU","type":"bank"},"client":{"id":"23016","name":"Erika Yulandi Mu\u00f1oz Rojas","phone":"3108454798"},"invoices":[{"id":"28882","number":"31143","date":"2021-03-09","amount":180000,"total":180000,"balance":0}],"costCenter":null,"numberTemplate":{"id":"3","prefix":"","number":"28673","fullNumber":"28673","formattedNumber":"28673"}}
2021-03-09 12:05:10 :: ----------send data payment:28883------------
2021-03-09 12:05:10 :: {"date":"2021-03-09","invoices":[{"amount":"110000","id":"28883"}],"bankAccount":2}
2021-03-09 12:05:11 :: ----------result data payment:28883------------
2021-03-09 12:05:11 :: {"id":"29902","date":"2021-03-09","number":"28674","amount":"110000.0000000000","observations":null,"anotation":null,"type":"in","paymentMethod":"","status":"open","bankAccount":{"id":"2","name":"PAYU","type":"bank"},"client":{"id":"23017","name":"yuly paulin sanchez rivera","phone":"3204146296"},"invoices":[{"id":"28883","number":"31144","date":"2021-03-09","amount":110000,"total":110000,"balance":0}],"costCenter":null,"numberTemplate":{"id":"3","prefix":"","number":"28674","fullNumber":"28674","formattedNumber":"28674"}}
2021-03-09 12:05:14 :: ----------send data payment:28884------------
2021-03-09 12:05:14 :: {"date":"2021-03-09","invoices":[{"amount":"25000","id":"28884"}],"bankAccount":2}
2021-03-09 12:05:15 :: ----------result data payment:28884------------
2021-03-09 12:05:15 :: {"id":"29903","date":"2021-03-09","number":"28675","amount":"25000.0000000000","observations":null,"anotation":null,"type":"in","paymentMethod":"","status":"open","bankAccount":{"id":"2","name":"PAYU","type":"bank"},"client":{"id":"23018","name":"Catalina maria","phone":"3041072642"},"invoices":[{"id":"28884","number":"31145","date":"2021-03-09","amount":25000,"total":25000,"balance":0}],"costCenter":null,"numberTemplate":{"id":"3","prefix":"","number":"28675","fullNumber":"28675","formattedNumber":"28675"}}
2021-03-09 12:35:09 :: ----------send data payment:28885------------
2021-03-09 12:35:09 :: {"date":"2021-03-09","invoices":[{"amount":"66000","id":"28885"}],"bankAccount":2}
2021-03-09 12:35:12 :: ----------result data payment:28885------------
2021-03-09 12:35:12 :: {"id":"29906","date":"2021-03-09","number":"28676","amount":"66000.0000000000","observations":null,"anotation":null,"type":"in","paymentMethod":"","status":"open","bankAccount":{"id":"2","name":"PAYU","type":"bank"},"client":{"id":"23019","name":"Oriana Noguera Salas","phone":"3155599185"},"invoices":[{"id":"28885","number":"31146","date":"2021-03-09","amount":66000,"total":66000,"balance":0}],"costCenter":null,"numberTemplate":{"id":"3","prefix":"","number":"28676","fullNumber":"28676","formattedNumber":"28676"}}
2021-03-09 12:45:09 :: ----------send data payment:28886------------
2021-03-09 12:45:09 :: {"date":"2021-03-09","invoices":[{"amount":"49999","id":"28886"}],"bankAccount":2}
2021-03-09 12:45:11 :: ----------result data payment:28886------------
2021-03-09 12:45:11 :: {"id":"29907","date":"2021-03-09","number":"28677","amount":"49999.0000000000","observations":null,"anotation":null,"type":"in","paymentMethod":"","status":"open","bankAccount":{"id":"2","name":"PAYU","type":"bank"},"client":{"id":"23020","name":"Gloria","phone":"3125107738"},"invoices":[{"id":"28886","number":"31147","date":"2021-03-09","amount":49999,"total":49999,"balance":0}],"costCenter":null,"numberTemplate":{"id":"3","prefix":"","number":"28677","fullNumber":"28677","formattedNumber":"28677"}}
2021-03-09 01:10:11 :: ----------send data payment:28887------------
2021-03-09 01:10:11 :: {"date":"2021-03-09","invoices":[{"amount":"51000","id":"28887"}],"bankAccount":2}
2021-03-09 01:10:12 :: ----------result data payment:28887------------
2021-03-09 01:10:12 :: {"id":"29908","date":"2021-03-09","number":"28678","amount":"51000.0000000000","observations":null,"anotation":null,"type":"in","paymentMethod":"","status":"open","bankAccount":{"id":"2","name":"PAYU","type":"bank"},"client":{"id":"23021","name":"Andrea Gonzalez","phone":"3223664454"},"invoices":[{"id":"28887","number":"31148","date":"2021-03-09","amount":51000,"total":51000,"balance":0}],"costCenter":null,"numberTemplate":{"id":"3","prefix":"","number":"28678","fullNumber":"28678","formattedNumber":"28678"}}
2021-03-09 01:15:23 :: ----------send data payment:28888------------
2021-03-09 01:15:23 :: {"date":"2021-03-09","invoices":[{"amount":"44000","id":"28888"}],"bankAccount":2}
2021-03-09 01:15:25 :: ----------result data payment:28888------------
2021-03-09 01:15:25 :: {"id":"29909","date":"2021-03-09","number":"28679","amount":"44000.0000000000","observations":null,"anotation":null,"type":"in","paymentMethod":"","status":"open","bankAccount":{"id":"2","name":"PAYU","type":"bank"},"client":{"id":"11362","name":"Iscis Andrea galviz rojas","phone":"3224565110"},"invoices":[{"id":"28888","number":"31149","date":"2021-03-09","amount":44000,"total":44000,"balance":0}],"costCenter":null,"numberTemplate":{"id":"3","prefix":"","number":"28679","fullNumber":"28679","formattedNumber":"28679"}}
2021-03-09 01:15:28 :: ----------send data payment:28889------------
2021-03-09 01:15:28 :: {"date":"2021-03-09","invoices":[{"amount":"70000","id":"28889"}],"bankAccount":2}
2021-03-09 01:15:29 :: ----------result data payment:28889------------
2021-03-09 01:15:29 :: {"id":"29910","date":"2021-03-09","number":"28680","amount":"70000.0000000000","observations":null,"anotation":null,"type":"in","paymentMethod":"","status":"open","bankAccount":{"id":"2","name":"PAYU","type":"bank"},"client":{"id":"23022","name":"Laura Paola Forero Marin","phone":"3126079770"},"invoices":[{"id":"28889","number":"31150","date":"2021-03-09","amount":70000,"total":70000,"balance":0}],"costCenter":null,"numberTemplate":{"id":"3","prefix":"","number":"28680","fullNumber":"28680","formattedNumber":"28680"}}
2021-03-09 01:20:07 :: ----------send data payment:28890------------
2021-03-09 01:20:07 :: {"date":"2021-03-09","invoices":[{"amount":"64000","id":"28890"}],"bankAccount":2}
2021-03-09 01:20:09 :: ----------result data payment:28890------------
2021-03-09 01:20:09 :: {"id":"29911","date":"2021-03-09","number":"28681","amount":"64000.0000000000","observations":null,"anotation":null,"type":"in","paymentMethod":"","status":"open","bankAccount":{"id":"2","name":"PAYU","type":"bank"},"client":{"id":"21418","name":"Aidaly Botero Zuluaga","phone":"3147678999"},"invoices":[{"id":"28890","number":"31151","date":"2021-03-09","amount":64000,"total":64000,"balance":0}],"costCenter":null,"numberTemplate":{"id":"3","prefix":"","number":"28681","fullNumber":"28681","formattedNumber":"28681"}}
2021-03-09 01:20:12 :: ----------send data payment:28891------------
2021-03-09 01:20:12 :: {"date":"2021-03-09","invoices":[{"amount":"99998","id":"28891"}],"bankAccount":2}
2021-03-09 01:20:13 :: ----------result data payment:28891------------
2021-03-09 01:20:13 :: {"id":"29912","date":"2021-03-09","number":"28682","amount":"99998.0000000000","observations":null,"anotation":null,"type":"in","paymentMethod":"","status":"open","bankAccount":{"id":"2","name":"PAYU","type":"bank"},"client":{"id":"23023","name":"Linda Bernal","phone":"3108833999"},"invoices":[{"id":"28891","number":"31152","date":"2021-03-09","amount":99998,"total":99998,"balance":0}],"costCenter":null,"numberTemplate":{"id":"3","prefix":"","number":"28682","fullNumber":"28682","formattedNumber":"28682"}}
2021-03-09 01:30:18 :: ----------send data payment:28892------------
2021-03-09 01:30:18 :: {"date":"2021-03-09","invoices":[{"amount":"146001","id":"28892"}],"bankAccount":2}
2021-03-09 01:30:20 :: ----------result data payment:28892------------
2021-03-09 01:30:20 :: {"id":"29913","date":"2021-03-09","number":"28683","amount":"146001.0000000000","observations":null,"anotation":null,"type":"in","paymentMethod":"","status":"open","bankAccount":{"id":"2","name":"PAYU","type":"bank"},"client":{"id":"23024","name":"Mariana Alfonso","phone":"3108434297"},"invoices":[{"id":"28892","number":"31153","date":"2021-03-09","amount":146001,"total":146001,"balance":0}],"costCenter":null,"numberTemplate":{"id":"3","prefix":"","number":"28683","fullNumber":"28683","formattedNumber":"28683"}}
2021-03-09 01:40:13 :: ----------send data payment:28893------------
2021-03-09 01:40:13 :: {"date":"2021-03-09","invoices":[{"amount":"30000","id":"28893"}],"bankAccount":2}
2021-03-09 01:40:14 :: ----------result data payment:28893------------
2021-03-09 01:40:14 :: {"id":"29914","date":"2021-03-09","number":"28684","amount":"30000.0000000000","observations":null,"anotation":null,"type":"in","paymentMethod":"","status":"open","bankAccount":{"id":"2","name":"PAYU","type":"bank"},"client":{"id":"19930","name":"Mar\u00eda Jos\u00e9 Quijano","phone":"3046180004"},"invoices":[{"id":"28893","number":"31154","date":"2021-03-09","amount":30000,"total":30000,"balance":0}],"costCenter":null,"numberTemplate":{"id":"3","prefix":"","number":"28684","fullNumber":"28684","formattedNumber":"28684"}}
2021-03-09 02:00:25 :: ----------send data payment:28894------------
2021-03-09 02:00:25 :: {"date":"2021-03-09","invoices":[{"amount":"54000","id":"28894"}],"bankAccount":2}
2021-03-09 02:00:26 :: ----------result data payment:28894------------
2021-03-09 02:00:26 :: {"id":"29915","date":"2021-03-09","number":"28685","amount":"54000.0000000000","observations":null,"anotation":null,"type":"in","paymentMethod":"","status":"open","bankAccount":{"id":"2","name":"PAYU","type":"bank"},"client":{"id":"23025","name":"mireya beltran","phone":"3102704661"},"invoices":[{"id":"28894","number":"31155","date":"2021-03-09","amount":54000,"total":54000,"balance":0}],"costCenter":null,"numberTemplate":{"id":"3","prefix":"","number":"28685","fullNumber":"28685","formattedNumber":"28685"}}
2021-03-09 02:00:29 :: ----------send data payment:28895------------
2021-03-09 02:00:29 :: {"date":"2021-03-09","invoices":[{"amount":"135000","id":"28895"}],"bankAccount":2}
2021-03-09 02:00:30 :: ----------result data payment:28895------------
2021-03-09 02:00:30 :: {"id":"29916","date":"2021-03-09","number":"28686","amount":"135000.0000000000","observations":null,"anotation":null,"type":"in","paymentMethod":"","status":"open","bankAccount":{"id":"2","name":"PAYU","type":"bank"},"client":{"id":"21433","name":"Carolina Aguilar Torres","phone":"3133627567"},"invoices":[{"id":"28895","number":"31156","date":"2021-03-09","amount":135000,"total":135000,"balance":0}],"costCenter":null,"numberTemplate":{"id":"3","prefix":"","number":"28686","fullNumber":"28686","formattedNumber":"28686"}}
2021-03-09 02:30:14 :: ----------send data payment:28896------------
2021-03-09 02:30:14 :: {"date":"2021-03-09","invoices":[{"amount":"92000","id":"28896"}],"bankAccount":2}
2021-03-09 02:30:15 :: ----------result data payment:28896------------
2021-03-09 02:30:15 :: {"id":"29917","date":"2021-03-09","number":"28687","amount":"92000.0000000000","observations":null,"anotation":null,"type":"in","paymentMethod":"","status":"open","bankAccount":{"id":"2","name":"PAYU","type":"bank"},"client":{"id":"23026","name":"Erika Rengifo","phone":"3103411007"},"invoices":[{"id":"28896","number":"31157","date":"2021-03-09","amount":92000,"total":92000,"balance":0}],"costCenter":null,"numberTemplate":{"id":"3","prefix":"","number":"28687","fullNumber":"28687","formattedNumber":"28687"}}
2021-03-09 02:40:09 :: ----------send data payment:28897------------
2021-03-09 02:40:09 :: {"date":"2021-03-09","invoices":[{"amount":"180000","id":"28897"}],"bankAccount":2}
2021-03-09 02:40:11 :: ----------result data payment:28897------------
2021-03-09 02:40:11 :: {"id":"29918","date":"2021-03-09","number":"28688","amount":"180000.0000000000","observations":null,"anotation":null,"type":"in","paymentMethod":"","status":"open","bankAccount":{"id":"2","name":"PAYU","type":"bank"},"client":{"id":"16381","name":"Mayerlin Quintero","phone":"3043542821"},"invoices":[{"id":"28897","number":"31158","date":"2021-03-09","amount":180000,"total":180000,"balance":0}],"costCenter":null,"numberTemplate":{"id":"3","prefix":"","number":"28688","fullNumber":"28688","formattedNumber":"28688"}}
2021-03-09 02:50:15 :: ----------send data payment:28898------------
2021-03-09 02:50:15 :: {"date":"2021-03-09","invoices":[{"amount":"114001","id":"28898"}],"bankAccount":2}
2021-03-09 02:50:18 :: ----------result data payment:28898------------
2021-03-09 02:50:18 :: {"id":"29919","date":"2021-03-09","number":"28689","amount":"114001.0000000000","observations":null,"anotation":null,"type":"in","paymentMethod":"","status":"open","bankAccount":{"id":"2","name":"PAYU","type":"bank"},"client":{"id":"23027","name":"cindy","phone":"3103304672"},"invoices":[{"id":"28898","number":"31159","date":"2021-03-09","amount":114001,"total":114001,"balance":0}],"costCenter":null,"numberTemplate":{"id":"3","prefix":"","number":"28689","fullNumber":"28689","formattedNumber":"28689"}}
2021-03-09 03:20:31 :: ----------send data payment:28900------------
2021-03-09 03:20:31 :: {"date":"2021-03-09","invoices":[{"amount":"22000","id":"28900"}],"bankAccount":2}
2021-03-09 03:21:00 :: ----------result data payment:28900------------
2021-03-09 03:21:00 :: {"message": "Endpoint request timed out"}
2021-03-09 03:50:13 :: ----------send data payment:28901------------
2021-03-09 03:50:13 :: {"date":"2021-03-09","invoices":[{"amount":"24000","id":"28901"}],"bankAccount":2}
2021-03-09 03:50:14 :: ----------result data payment:28901------------
2021-03-09 03:50:14 :: {"id":"29922","date":"2021-03-09","number":"28692","amount":"24000.0000000000","observations":null,"anotation":null,"type":"in","paymentMethod":"","status":"open","bankAccount":{"id":"2","name":"PAYU","type":"bank"},"client":{"id":"23028","name":"Victoria concha","phone":"3188717668"},"invoices":[{"id":"28901","number":"31162","date":"2021-03-09","amount":24000,"total":24000,"balance":0}],"costCenter":null,"numberTemplate":{"id":"3","prefix":"","number":"28692","fullNumber":"28692","formattedNumber":"28692"}}