
2021-02-15 05:55:08 :: ----------send data payment:27805------------
2021-02-15 05:55:08 :: {"date":"2021-02-15","invoices":[{"amount":"40000","id":"27805"}],"bankAccount":2}
2021-02-15 05:55:09 :: ----------result data payment:27805------------
2021-02-15 05:55:09 :: {"id":"28837","date":"2021-02-15","number":"27650","amount":"40000.0000000000","observations":null,"anotation":null,"type":"in","paymentMethod":"","status":"open","bankAccount":{"id":"2","name":"PAYU","type":"bank"},"client":{"id":"22292","name":"Alejandra Casti\u00f1eyras","phone":"3163764299"},"invoices":[{"id":"27805","number":"30066","date":"2021-02-15","amount":40000,"total":40000,"balance":0}],"costCenter":null,"numberTemplate":{"id":"3","prefix":"","number":"27650","fullNumber":"27650","formattedNumber":"27650"}}
2021-02-15 08:05:14 :: ----------send data payment:27806------------
2021-02-15 08:05:14 :: {"date":"2021-02-15","invoices":[{"amount":"190000","id":"27806"}],"bankAccount":2}
2021-02-15 08:05:15 :: ----------result data payment:27806------------
2021-02-15 08:05:15 :: {"id":"28838","date":"2021-02-15","number":"27651","amount":"190000.0000000000","observations":null,"anotation":null,"type":"in","paymentMethod":"","status":"open","bankAccount":{"id":"2","name":"PAYU","type":"bank"},"client":{"id":"22293","name":"M Jsk","phone":"3102280551"},"invoices":[{"id":"27806","number":"30067","date":"2021-02-15","amount":190000,"total":190000,"balance":0}],"costCenter":null,"numberTemplate":{"id":"3","prefix":"","number":"27651","fullNumber":"27651","formattedNumber":"27651"}}
2021-02-15 09:00:10 :: ----------send data payment:27807------------
2021-02-15 09:00:10 :: {"date":"2021-02-15","invoices":[{"amount":"30000","id":"27807"}],"bankAccount":2}
2021-02-15 09:00:12 :: ----------result data payment:27807------------
2021-02-15 09:00:12 :: {"id":"28839","date":"2021-02-15","number":"27652","amount":"30000.0000000000","observations":null,"anotation":null,"type":"in","paymentMethod":"","status":"open","bankAccount":{"id":"2","name":"PAYU","type":"bank"},"client":{"id":"22294","name":"paola romero","phone":"3024414498"},"invoices":[{"id":"27807","number":"30068","date":"2021-02-15","amount":30000,"total":30000,"balance":0}],"costCenter":null,"numberTemplate":{"id":"3","prefix":"","number":"27652","fullNumber":"27652","formattedNumber":"27652"}}
2021-02-15 09:05:10 :: ----------send data payment:27808------------
2021-02-15 09:05:10 :: {"date":"2021-02-15","invoices":[{"amount":"35000","id":"27808"}],"bankAccount":2}
2021-02-15 09:05:12 :: ----------result data payment:27808------------
2021-02-15 09:05:12 :: {"id":"28840","date":"2021-02-15","number":"27653","amount":"35000.0000000000","observations":null,"anotation":null,"type":"in","paymentMethod":"","status":"open","bankAccount":{"id":"2","name":"PAYU","type":"bank"},"client":{"id":"22295","name":"VLADIMIR GONZALEZ","phone":"3223071153"},"invoices":[{"id":"27808","number":"30069","date":"2021-02-15","amount":35000,"total":35000,"balance":0}],"costCenter":null,"numberTemplate":{"id":"3","prefix":"","number":"27653","fullNumber":"27653","formattedNumber":"27653"}}
2021-02-15 09:35:21 :: ----------send data payment:27809------------
2021-02-15 09:35:21 :: {"date":"2021-02-15","invoices":[{"amount":"97000","id":"27809"}],"bankAccount":2}
2021-02-15 09:35:23 :: ----------result data payment:27809------------
2021-02-15 09:35:23 :: {"id":"28841","date":"2021-02-15","number":"27654","amount":"97000.0000000000","observations":null,"anotation":null,"type":"in","paymentMethod":"","status":"open","bankAccount":{"id":"2","name":"PAYU","type":"bank"},"client":{"id":"22296","name":"Estefania Serna","phone":"3166803794"},"invoices":[{"id":"27809","number":"30070","date":"2021-02-15","amount":97000,"total":97000,"balance":0}],"costCenter":null,"numberTemplate":{"id":"3","prefix":"","number":"27654","fullNumber":"27654","formattedNumber":"27654"}}
2021-02-15 09:45:08 :: ----------send data payment:27810------------
2021-02-15 09:45:08 :: {"date":"2021-02-15","invoices":[{"amount":"103001","id":"27810"}],"bankAccount":2}
2021-02-15 09:45:10 :: ----------result data payment:27810------------
2021-02-15 09:45:10 :: {"id":"28842","date":"2021-02-15","number":"27655","amount":"103001.0000000000","observations":null,"anotation":null,"type":"in","paymentMethod":"","status":"open","bankAccount":{"id":"2","name":"PAYU","type":"bank"},"client":{"id":"22297","name":"Laura Fontecha","phone":"3112601742"},"invoices":[{"id":"27810","number":"30071","date":"2021-02-15","amount":103001,"total":103001,"balance":0}],"costCenter":null,"numberTemplate":{"id":"3","prefix":"","number":"27655","fullNumber":"27655","formattedNumber":"27655"}}
2021-02-15 10:45:10 :: ----------send data payment:27812------------
2021-02-15 10:45:10 :: {"date":"2021-02-15","invoices":[{"amount":"103000","id":"27812"}],"bankAccount":2}
2021-02-15 10:45:11 :: ----------result data payment:27812------------
2021-02-15 10:45:11 :: {"id":"28844","date":"2021-02-15","number":"27657","amount":"103000.0000000000","observations":null,"anotation":null,"type":"in","paymentMethod":"","status":"open","bankAccount":{"id":"2","name":"PAYU","type":"bank"},"client":{"id":"22298","name":"Adriana vargas herrera","phone":"3133593895"},"invoices":[{"id":"27812","number":"30073","date":"2021-02-15","amount":103000,"total":103000,"balance":0}],"costCenter":null,"numberTemplate":{"id":"3","prefix":"","number":"27657","fullNumber":"27657","formattedNumber":"27657"}}
2021-02-15 10:50:13 :: ----------send data payment:27813------------
2021-02-15 10:50:13 :: {"date":"2021-02-15","invoices":[{"amount":"83000","id":"27813"}],"bankAccount":2}
2021-02-15 10:50:14 :: ----------result data payment:27813------------
2021-02-15 10:50:14 :: {"id":"28845","date":"2021-02-15","number":"27658","amount":"83000.0000000000","observations":null,"anotation":null,"type":"in","paymentMethod":"","status":"open","bankAccount":{"id":"2","name":"PAYU","type":"bank"},"client":{"id":"17196","name":"Mar\u00eda Pulecio","phone":"3003040019"},"invoices":[{"id":"27813","number":"30074","date":"2021-02-15","amount":83000,"total":83000,"balance":0}],"costCenter":null,"numberTemplate":{"id":"3","prefix":"","number":"27658","fullNumber":"27658","formattedNumber":"27658"}}
2021-02-15 10:50:21 :: ----------send data payment:27814------------
2021-02-15 10:50:21 :: {"date":"2021-02-15","invoices":[{"amount":"156999","id":"27814"}],"bankAccount":2}
2021-02-15 10:50:23 :: ----------result data payment:27814------------
2021-02-15 10:50:23 :: {"id":"28846","date":"2021-02-15","number":"27659","amount":"156999.0000000000","observations":null,"anotation":null,"type":"in","paymentMethod":"","status":"open","bankAccount":{"id":"2","name":"PAYU","type":"bank"},"client":{"id":"22299","name":"Jenni Alexandra Puentes Espinosa","phone":"3123625159"},"invoices":[{"id":"27814","number":"30075","date":"2021-02-15","amount":156999,"total":156999,"balance":0}],"costCenter":null,"numberTemplate":{"id":"3","prefix":"","number":"27659","fullNumber":"27659","formattedNumber":"27659"}}
2021-02-15 10:55:15 :: ----------send data payment:27815------------
2021-02-15 10:55:15 :: {"date":"2021-02-15","invoices":[{"amount":"71000","id":"27815"}],"bankAccount":2}
2021-02-15 10:55:16 :: ----------result data payment:27815------------
2021-02-15 10:55:16 :: {"id":"28847","date":"2021-02-15","number":"27660","amount":"71000.0000000000","observations":null,"anotation":null,"type":"in","paymentMethod":"","status":"open","bankAccount":{"id":"2","name":"PAYU","type":"bank"},"client":{"id":"22300","name":"Tatiana camargo","phone":"3144281160"},"invoices":[{"id":"27815","number":"30076","date":"2021-02-15","amount":71000,"total":71000,"balance":0}],"costCenter":null,"numberTemplate":{"id":"3","prefix":"","number":"27660","fullNumber":"27660","formattedNumber":"27660"}}
2021-02-15 11:20:17 :: ----------send data payment:27816------------
2021-02-15 11:20:17 :: {"date":"2021-02-15","invoices":[{"amount":"155000","id":"27816"}],"bankAccount":2}
2021-02-15 11:20:20 :: ----------result data payment:27816------------
2021-02-15 11:20:20 :: {"id":"28848","date":"2021-02-15","number":"27661","amount":"155000.0000000000","observations":null,"anotation":null,"type":"in","paymentMethod":"","status":"open","bankAccount":{"id":"2","name":"PAYU","type":"bank"},"client":{"id":"22301","name":"Alejandra Duque","phone":"3135385267"},"invoices":[{"id":"27816","number":"30077","date":"2021-02-15","amount":155000,"total":155000,"balance":0}],"costCenter":null,"numberTemplate":{"id":"3","prefix":"","number":"27661","fullNumber":"27661","formattedNumber":"27661"}}
2021-02-15 11:30:17 :: ----------send data payment:27817------------
2021-02-15 11:30:17 :: {"date":"2021-02-15","invoices":[{"amount":"47000","id":"27817"}],"bankAccount":2}
2021-02-15 11:30:19 :: ----------result data payment:27817------------
2021-02-15 11:30:19 :: {"id":"28849","date":"2021-02-15","number":"27662","amount":"47000.0000000000","observations":null,"anotation":null,"type":"in","paymentMethod":"","status":"open","bankAccount":{"id":"2","name":"PAYU","type":"bank"},"client":{"id":"22302","name":"Valentina L\u00f3pez","phone":"3176746860"},"invoices":[{"id":"27817","number":"30078","date":"2021-02-15","amount":47000,"total":47000,"balance":0}],"costCenter":null,"numberTemplate":{"id":"3","prefix":"","number":"27662","fullNumber":"27662","formattedNumber":"27662"}}
2021-02-15 11:40:14 :: ----------send data payment:27818------------
2021-02-15 11:40:14 :: {"date":"2021-02-15","invoices":[{"amount":"180000","id":"27818"}],"bankAccount":2}
2021-02-15 11:40:15 :: ----------result data payment:27818------------
2021-02-15 11:40:15 :: {"id":"28850","date":"2021-02-15","number":"27663","amount":"180000.0000000000","observations":null,"anotation":null,"type":"in","paymentMethod":"","status":"open","bankAccount":{"id":"2","name":"PAYU","type":"bank"},"client":{"id":"22303","name":"Leidy viv\u00edana G\u00f3mez yate","phone":"3213369148"},"invoices":[{"id":"27818","number":"30079","date":"2021-02-15","amount":180000,"total":180000,"balance":0}],"costCenter":null,"numberTemplate":{"id":"3","prefix":"","number":"27663","fullNumber":"27663","formattedNumber":"27663"}}
2021-02-15 11:55:10 :: ----------send data payment:27820------------
2021-02-15 11:55:10 :: {"date":"2021-02-15","invoices":[{"amount":"102999","id":"27820"}],"bankAccount":2}
2021-02-15 11:55:12 :: ----------result data payment:27820------------
2021-02-15 11:55:12 :: {"id":"28851","date":"2021-02-15","number":"27664","amount":"102999.0000000000","observations":null,"anotation":null,"type":"in","paymentMethod":"","status":"open","bankAccount":{"id":"2","name":"PAYU","type":"bank"},"client":{"id":"13610","name":"Leydimar Yeguez","phone":"(310) 271-8541"},"invoices":[{"id":"27820","number":"30081","date":"2021-02-15","amount":102999,"total":102999,"balance":0}],"costCenter":null,"numberTemplate":{"id":"3","prefix":"","number":"27664","fullNumber":"27664","formattedNumber":"27664"}}
2021-02-15 12:00:13 :: ----------send data payment:27821------------
2021-02-15 12:00:13 :: {"date":"2021-02-15","invoices":[{"amount":"60000","id":"27821"}],"bankAccount":2}
2021-02-15 12:00:15 :: ----------result data payment:27821------------
2021-02-15 12:00:15 :: {"id":"28852","date":"2021-02-15","number":"27665","amount":"60000.0000000000","observations":null,"anotation":null,"type":"in","paymentMethod":"","status":"open","bankAccount":{"id":"2","name":"PAYU","type":"bank"},"client":{"id":"19542","name":"JULIANA AGUIRRE","phone":"3183354523"},"invoices":[{"id":"27821","number":"30082","date":"2021-02-15","amount":60000,"total":60000,"balance":0}],"costCenter":null,"numberTemplate":{"id":"3","prefix":"","number":"27665","fullNumber":"27665","formattedNumber":"27665"}}
2021-02-15 12:00:16 :: ----------send data payment:27822------------
2021-02-15 12:00:16 :: {"date":"2021-02-15","invoices":[{"amount":"112000","id":"27822"}],"bankAccount":2}
2021-02-15 12:00:17 :: ----------result data payment:27822------------
2021-02-15 12:00:17 :: {"id":"28853","date":"2021-02-15","number":"27666","amount":"112000.0000000000","observations":null,"anotation":null,"type":"in","paymentMethod":"","status":"open","bankAccount":{"id":"2","name":"PAYU","type":"bank"},"client":{"id":"21910","name":"Mar\u00eda Jos\u00e9 Duran","phone":"3105879271"},"invoices":[{"id":"27822","number":"30083","date":"2021-02-15","amount":112000,"total":112000,"balance":0}],"costCenter":null,"numberTemplate":{"id":"3","prefix":"","number":"27666","fullNumber":"27666","formattedNumber":"27666"}}
2021-02-15 12:00:22 :: ----------send data payment:27823------------
2021-02-15 12:00:22 :: {"date":"2021-02-15","invoices":[{"amount":"100001","id":"27823"}],"bankAccount":2}
2021-02-15 12:00:23 :: ----------result data payment:27823------------
2021-02-15 12:00:23 :: {"id":"28854","date":"2021-02-15","number":"27667","amount":"100001.0000000000","observations":null,"anotation":null,"type":"in","paymentMethod":"","status":"open","bankAccount":{"id":"2","name":"PAYU","type":"bank"},"client":{"id":"14870","name":"Greicy C\u00e1rdenas","phone":"3113327241"},"invoices":[{"id":"27823","number":"30084","date":"2021-02-15","amount":100001,"total":100001,"balance":0}],"costCenter":null,"numberTemplate":{"id":"3","prefix":"","number":"27667","fullNumber":"27667","formattedNumber":"27667"}}
2021-02-15 12:00:28 :: ----------send data payment:27824------------
2021-02-15 12:00:28 :: {"date":"2021-02-15","invoices":[{"amount":"91499","id":"27824"}],"bankAccount":2}
2021-02-15 12:00:29 :: ----------result data payment:27824------------
2021-02-15 12:00:29 :: {"id":"28855","date":"2021-02-15","number":"27668","amount":"91499.0000000000","observations":null,"anotation":null,"type":"in","paymentMethod":"","status":"open","bankAccount":{"id":"2","name":"PAYU","type":"bank"},"client":{"id":"22304","name":"Lina Perez","phone":"3208180894"},"invoices":[{"id":"27824","number":"30085","date":"2021-02-15","amount":91499,"total":91499,"balance":0}],"costCenter":null,"numberTemplate":{"id":"3","prefix":"","number":"27668","fullNumber":"27668","formattedNumber":"27668"}}
2021-02-15 12:00:32 :: ----------send data payment:27825------------
2021-02-15 12:00:32 :: {"date":"2021-02-15","invoices":[{"amount":"67000","id":"27825"}],"bankAccount":2}
2021-02-15 12:00:33 :: ----------result data payment:27825------------
2021-02-15 12:00:33 :: {"id":"28856","date":"2021-02-15","number":"27669","amount":"67000.0000000000","observations":null,"anotation":null,"type":"in","paymentMethod":"","status":"open","bankAccount":{"id":"2","name":"PAYU","type":"bank"},"client":{"id":"22305","name":"Samara Avila","phone":"3206431365"},"invoices":[{"id":"27825","number":"30086","date":"2021-02-15","amount":67000,"total":67000,"balance":0}],"costCenter":null,"numberTemplate":{"id":"3","prefix":"","number":"27669","fullNumber":"27669","formattedNumber":"27669"}}
2021-02-15 12:50:16 :: ----------send data payment:27826------------
2021-02-15 12:50:16 :: {"date":"2021-02-15","invoices":[{"amount":"89999","id":"27826"}],"bankAccount":2}
2021-02-15 12:50:17 :: ----------result data payment:27826------------
2021-02-15 12:50:17 :: {"id":"28857","date":"2021-02-15","number":"27670","amount":"89999.0000000000","observations":null,"anotation":null,"type":"in","paymentMethod":"","status":"open","bankAccount":{"id":"2","name":"PAYU","type":"bank"},"client":{"id":"21078","name":"Katherine Beltran","phone":"3203982513"},"invoices":[{"id":"27826","number":"30087","date":"2021-02-15","amount":89999,"total":89999,"balance":0}],"costCenter":null,"numberTemplate":{"id":"3","prefix":"","number":"27670","fullNumber":"27670","formattedNumber":"27670"}}
2021-02-15 12:55:25 :: ----------send data payment:27827------------
2021-02-15 12:55:25 :: {"date":"2021-02-15","invoices":[{"amount":"130000","id":"27827"}],"bankAccount":2}
2021-02-15 12:55:26 :: ----------result data payment:27827------------
2021-02-15 12:55:26 :: {"id":"28858","date":"2021-02-15","number":"27671","amount":"130000.0000000000","observations":null,"anotation":null,"type":"in","paymentMethod":"","status":"open","bankAccount":{"id":"2","name":"PAYU","type":"bank"},"client":{"id":"22306","name":"Lina paola chaparro","phone":"6358094"},"invoices":[{"id":"27827","number":"30088","date":"2021-02-15","amount":130000,"total":130000,"balance":0}],"costCenter":null,"numberTemplate":{"id":"3","prefix":"","number":"27671","fullNumber":"27671","formattedNumber":"27671"}}
2021-02-15 01:05:14 :: ----------send data payment:27828------------
2021-02-15 01:05:14 :: {"date":"2021-02-15","invoices":[{"amount":"90000","id":"27828"}],"bankAccount":2}
2021-02-15 01:05:16 :: ----------result data payment:27828------------
2021-02-15 01:05:16 :: {"id":"28859","date":"2021-02-15","number":"27672","amount":"90000.0000000000","observations":null,"anotation":null,"type":"in","paymentMethod":"","status":"open","bankAccount":{"id":"2","name":"PAYU","type":"bank"},"client":{"id":"22308","name":"Ximena Marcela Vargas Cruz","phone":"3134255833"},"invoices":[{"id":"27828","number":"30089","date":"2021-02-15","amount":90000,"total":90000,"balance":0}],"costCenter":null,"numberTemplate":{"id":"3","prefix":"","number":"27672","fullNumber":"27672","formattedNumber":"27672"}}
2021-02-15 01:05:18 :: ----------send data payment:27829------------
2021-02-15 01:05:18 :: {"date":"2021-02-15","invoices":[{"amount":"80001","id":"27829"}],"bankAccount":2}
2021-02-15 01:05:19 :: ----------result data payment:27829------------
2021-02-15 01:05:19 :: {"id":"28860","date":"2021-02-15","number":"27673","amount":"80001.0000000000","observations":null,"anotation":null,"type":"in","paymentMethod":"","status":"open","bankAccount":{"id":"2","name":"PAYU","type":"bank"},"client":{"id":"22309","name":"Rusbel Castro","phone":"3187156604"},"invoices":[{"id":"27829","number":"30090","date":"2021-02-15","amount":80001,"total":80001,"balance":0}],"costCenter":null,"numberTemplate":{"id":"3","prefix":"","number":"27673","fullNumber":"27673","formattedNumber":"27673"}}
2021-02-15 02:15:10 :: ----------send data payment:27831------------
2021-02-15 02:15:10 :: {"date":"2021-02-15","invoices":[{"amount":"180402","id":"27831"}],"bankAccount":2}
2021-02-15 02:15:11 :: ----------result data payment:27831------------
2021-02-15 02:15:11 :: {"id":"28863","date":"2021-02-15","number":"27675","amount":"180402.0000000000","observations":null,"anotation":null,"type":"in","paymentMethod":"","status":"open","bankAccount":{"id":"2","name":"PAYU","type":"bank"},"client":{"id":"22310","name":"Yessica Natalia Sanchez laiton","phone":"3183816147"},"invoices":[{"id":"27831","number":"30092","date":"2021-02-15","amount":180402,"total":180402,"balance":0}],"costCenter":null,"numberTemplate":{"id":"3","prefix":"","number":"27675","fullNumber":"27675","formattedNumber":"27675"}}
2021-02-15 02:35:10 :: ----------send data payment:27832------------
2021-02-15 02:35:10 :: {"date":"2021-02-15","invoices":[{"amount":"340000","id":"27832"}],"bankAccount":2}
2021-02-15 02:35:11 :: ----------result data payment:27832------------
2021-02-15 02:35:11 :: {"id":"28864","date":"2021-02-15","number":"27676","amount":"340000.0000000000","observations":null,"anotation":null,"type":"in","paymentMethod":"","status":"open","bankAccount":{"id":"2","name":"PAYU","type":"bank"},"client":{"id":"22311","name":"Liliana Hurtado","phone":"3148553102"},"invoices":[{"id":"27832","number":"30093","date":"2021-02-15","amount":340000,"total":340000,"balance":0}],"costCenter":null,"numberTemplate":{"id":"3","prefix":"","number":"27676","fullNumber":"27676","formattedNumber":"27676"}}
2021-02-15 02:45:10 :: ----------send data payment:27833------------
2021-02-15 02:45:10 :: {"date":"2021-02-15","invoices":[{"amount":"90000","id":"27833"}],"bankAccount":2}
2021-02-15 02:45:14 :: ----------result data payment:27833------------
2021-02-15 02:45:14 :: {"id":"28865","date":"2021-02-15","number":"27677","amount":"90000.0000000000","observations":null,"anotation":null,"type":"in","paymentMethod":"","status":"open","bankAccount":{"id":"2","name":"PAYU","type":"bank"},"client":{"id":"21475","name":"Alejandra Hernandez","phone":"3208168114"},"invoices":[{"id":"27833","number":"30094","date":"2021-02-15","amount":90000,"total":90000,"balance":0}],"costCenter":null,"numberTemplate":{"id":"3","prefix":"","number":"27677","fullNumber":"27677","formattedNumber":"27677"}}
2021-02-15 02:50:20 :: ----------send data payment:27834------------
2021-02-15 02:50:20 :: {"date":"2021-02-15","invoices":[{"amount":"80001","id":"27834"}],"bankAccount":2}
2021-02-15 02:50:21 :: ----------result data payment:27834------------
2021-02-15 02:50:21 :: {"id":"28866","date":"2021-02-15","number":"27678","amount":"80001.0000000000","observations":null,"anotation":null,"type":"in","paymentMethod":"","status":"open","bankAccount":{"id":"2","name":"PAYU","type":"bank"},"client":{"id":"22312","name":"Mapau Dom\u00ednguez","phone":"3162776149"},"invoices":[{"id":"27834","number":"30095","date":"2021-02-15","amount":80001,"total":80001,"balance":0}],"costCenter":null,"numberTemplate":{"id":"3","prefix":"","number":"27678","fullNumber":"27678","formattedNumber":"27678"}}
2021-02-15 03:05:12 :: ----------send data payment:27836------------
2021-02-15 03:05:12 :: {"date":"2021-02-15","invoices":[{"amount":"80001","id":"27836"}],"bankAccount":2}
2021-02-15 03:05:14 :: ----------result data payment:27836------------
2021-02-15 03:05:14 :: {"id":"28867","date":"2021-02-15","number":"27679","amount":"80001.0000000000","observations":null,"anotation":null,"type":"in","paymentMethod":"","status":"open","bankAccount":{"id":"2","name":"PAYU","type":"bank"},"client":{"id":"793","name":"Maria Camila Pati\u00f1o Ladino","phone":"3155806544"},"invoices":[{"id":"27836","number":"30097","date":"2021-02-15","amount":80001,"total":80001,"balance":0}],"costCenter":null,"numberTemplate":{"id":"3","prefix":"","number":"27679","fullNumber":"27679","formattedNumber":"27679"}}
2021-02-15 03:10:25 :: ----------send data payment:27837------------
2021-02-15 03:10:25 :: {"date":"2021-02-15","invoices":[{"amount":"60000","id":"27837"}],"bankAccount":2}
2021-02-15 03:10:27 :: ----------result data payment:27837------------
2021-02-15 03:10:27 :: {"id":"28868","date":"2021-02-15","number":"27680","amount":"60000.0000000000","observations":null,"anotation":null,"type":"in","paymentMethod":"","status":"open","bankAccount":{"id":"2","name":"PAYU","type":"bank"},"client":{"id":"22313","name":"Maria Toro","phone":"3188472884"},"invoices":[{"id":"27837","number":"30098","date":"2021-02-15","amount":60000,"total":60000,"balance":0}],"costCenter":null,"numberTemplate":{"id":"3","prefix":"","number":"27680","fullNumber":"27680","formattedNumber":"27680"}}
2021-02-15 03:20:10 :: ----------send data payment:27839------------
2021-02-15 03:20:10 :: {"date":"2021-02-15","invoices":[{"amount":"183001","id":"27839"}],"bankAccount":2}
2021-02-15 03:20:11 :: ----------result data payment:27839------------
2021-02-15 03:20:11 :: {"id":"28871","date":"2021-02-15","number":"27683","amount":"183001.0000000000","observations":null,"anotation":null,"type":"in","paymentMethod":"","status":"open","bankAccount":{"id":"2","name":"PAYU","type":"bank"},"client":{"id":"22314","name":"Mayra arboleda","phone":"3176543150"},"invoices":[{"id":"27839","number":"30100","date":"2021-02-15","amount":183001,"total":183001,"balance":0}],"costCenter":null,"numberTemplate":{"id":"3","prefix":"","number":"27683","fullNumber":"27683","formattedNumber":"27683"}}
2021-02-15 03:25:09 :: ----------send data payment:27840------------
2021-02-15 03:25:09 :: {"date":"2021-02-15","invoices":[{"amount":"78000","id":"27840"}],"bankAccount":2}
2021-02-15 03:25:11 :: ----------result data payment:27840------------
2021-02-15 03:25:11 :: {"id":"28872","date":"2021-02-15","number":"27684","amount":"78000.0000000000","observations":null,"anotation":null,"type":"in","paymentMethod":"","status":"open","bankAccount":{"id":"2","name":"PAYU","type":"bank"},"client":{"id":"22315","name":"Daniela Forero Tinoco","phone":"3182542049"},"invoices":[{"id":"27840","number":"30101","date":"2021-02-15","amount":78000,"total":78000,"balance":0}],"costCenter":null,"numberTemplate":{"id":"3","prefix":"","number":"27684","fullNumber":"27684","formattedNumber":"27684"}}
2021-02-15 03:55:08 :: ----------send data payment:27841------------
2021-02-15 03:55:08 :: {"date":"2021-02-15","invoices":[{"amount":"41000","id":"27841"}],"bankAccount":2}
2021-02-15 03:55:37 :: ----------result data payment:27841------------
2021-02-15 03:55:37 :: {"message": "Endpoint request timed out"}
2021-02-15 04:00:09 :: ----------send data payment:27842------------
2021-02-15 04:00:09 :: {"date":"2021-02-15","invoices":[{"amount":"71000","id":"27842"}],"bankAccount":2}
2021-02-15 04:00:38 :: ----------result data payment:27842------------
2021-02-15 04:00:38 :: {"message": "Endpoint request timed out"}
2021-02-15 04:05:10 :: ----------send data payment:27843------------
2021-02-15 04:05:10 :: {"date":"2021-02-15","invoices":[{"amount":"80001","id":"27843"}],"bankAccount":2}
2021-02-15 04:05:12 :: ----------result data payment:27843------------
2021-02-15 04:05:12 :: {"id":"28876","date":"2021-02-15","number":"27687","amount":"80001.0000000000","observations":null,"anotation":null,"type":"in","paymentMethod":"","status":"open","bankAccount":{"id":"2","name":"PAYU","type":"bank"},"client":{"id":"22316","name":"Sara Rendon","phone":"3103145960"},"invoices":[{"id":"27843","number":"30104","date":"2021-02-15","amount":80001,"total":80001,"balance":0}],"costCenter":null,"numberTemplate":{"id":"3","prefix":"","number":"27687","fullNumber":"27687","formattedNumber":"27687"}}
2021-02-15 04:10:37 :: ----------send data payment:27844------------
2021-02-15 04:10:37 :: {"date":"2021-02-15","invoices":[{"amount":"35000","id":"27844"}],"bankAccount":2}
2021-02-15 04:10:38 :: ----------result data payment:27844------------
2021-02-15 04:10:38 :: {"id":"28878","date":"2021-02-15","number":"27689","amount":"35000.0000000000","observations":null,"anotation":null,"type":"in","paymentMethod":"","status":"open","bankAccount":{"id":"2","name":"PAYU","type":"bank"},"client":{"id":"21101","name":"Norely Vaca","phone":"3508309018"},"invoices":[{"id":"27844","number":"30105","date":"2021-02-15","amount":35000,"total":35000,"balance":0}],"costCenter":null,"numberTemplate":{"id":"3","prefix":"","number":"27689","fullNumber":"27689","formattedNumber":"27689"}}
2021-02-15 04:15:16 :: ----------send data payment:27845------------
2021-02-15 04:15:16 :: {"date":"2021-02-15","invoices":[{"amount":"65251","id":"27845"}],"bankAccount":2}
2021-02-15 04:15:17 :: ----------result data payment:27845------------
2021-02-15 04:15:17 :: {"id":"28879","date":"2021-02-15","number":"27690","amount":"65251.0000000000","observations":null,"anotation":null,"type":"in","paymentMethod":"","status":"open","bankAccount":{"id":"2","name":"PAYU","type":"bank"},"client":{"id":"10959","name":"Paola S\u00e1nchez","phone":"3006353894"},"invoices":[{"id":"27845","number":"30106","date":"2021-02-15","amount":65251,"total":65251,"balance":0}],"costCenter":null,"numberTemplate":{"id":"3","prefix":"","number":"27690","fullNumber":"27690","formattedNumber":"27690"}}
2021-02-15 04:25:07 :: ----------send data payment:27847------------
2021-02-15 04:25:07 :: {"date":"2021-02-15","invoices":[{"amount":"90000","id":"27847"}],"bankAccount":2}
2021-02-15 04:25:09 :: ----------result data payment:27847------------
2021-02-15 04:25:09 :: {"id":"28881","date":"2021-02-15","number":"27692","amount":"90000.0000000000","observations":null,"anotation":null,"type":"in","paymentMethod":"","status":"open","bankAccount":{"id":"2","name":"PAYU","type":"bank"},"client":{"id":"12436","name":"Yessika Delgado","phone":"3003196656"},"invoices":[{"id":"27847","number":"30108","date":"2021-02-15","amount":90000,"total":90000,"balance":0}],"costCenter":null,"numberTemplate":{"id":"3","prefix":"","number":"27692","fullNumber":"27692","formattedNumber":"27692"}}
2021-02-15 04:30:11 :: ----------send data payment:27848------------
2021-02-15 04:30:11 :: {"date":"2021-02-15","invoices":[{"amount":"90000","id":"27848"}],"bankAccount":2}
2021-02-15 04:30:12 :: ----------result data payment:27848------------
2021-02-15 04:30:12 :: {"id":"28882","date":"2021-02-15","number":"27693","amount":"90000.0000000000","observations":null,"anotation":null,"type":"in","paymentMethod":"","status":"open","bankAccount":{"id":"2","name":"PAYU","type":"bank"},"client":{"id":"10733","name":"YAZAIRA PADILLA DURANGO","phone":"3106529959"},"invoices":[{"id":"27848","number":"30109","date":"2021-02-15","amount":90000,"total":90000,"balance":0}],"costCenter":null,"numberTemplate":{"id":"3","prefix":"","number":"27693","fullNumber":"27693","formattedNumber":"27693"}}
2021-02-15 05:00:11 :: ----------send data payment:27850------------
2021-02-15 05:00:11 :: {"date":"2021-02-15","invoices":[{"amount":"189002","id":"27850"}],"bankAccount":2}
2021-02-15 05:00:13 :: ----------result data payment:27850------------
2021-02-15 05:00:13 :: {"id":"28884","date":"2021-02-15","number":"27695","amount":"189002.0000000000","observations":null,"anotation":null,"type":"in","paymentMethod":"","status":"open","bankAccount":{"id":"2","name":"PAYU","type":"bank"},"client":{"id":"16126","name":"Luisa Fernanda Espinosa Arango","phone":"3108984537"},"invoices":[{"id":"27850","number":"30111","date":"2021-02-15","amount":189002,"total":189002,"balance":0}],"costCenter":null,"numberTemplate":{"id":"3","prefix":"","number":"27695","fullNumber":"27695","formattedNumber":"27695"}}
2021-02-15 05:00:15 :: ----------send data payment:27851------------
2021-02-15 05:00:15 :: {"date":"2021-02-15","invoices":[{"amount":"90000","id":"27851"}],"bankAccount":2}
2021-02-15 05:00:16 :: ----------result data payment:27851------------
2021-02-15 05:00:16 :: {"id":"28885","date":"2021-02-15","number":"27696","amount":"90000.0000000000","observations":null,"anotation":null,"type":"in","paymentMethod":"","status":"open","bankAccount":{"id":"2","name":"PAYU","type":"bank"},"client":{"id":"22318","name":"Yayte Graterol","phone":"3053690127"},"invoices":[{"id":"27851","number":"30112","date":"2021-02-15","amount":90000,"total":90000,"balance":0}],"costCenter":null,"numberTemplate":{"id":"3","prefix":"","number":"27696","fullNumber":"27696","formattedNumber":"27696"}}
2021-02-15 05:35:09 :: ----------send data payment:27852------------
2021-02-15 05:35:09 :: {"date":"2021-02-15","invoices":[{"amount":"86000","id":"27852"}],"bankAccount":2}
2021-02-15 05:35:10 :: ----------result data payment:27852------------
2021-02-15 05:35:10 :: {"id":"28888","date":"2021-02-15","number":"27698","amount":"86000.0000000000","observations":null,"anotation":null,"type":"in","paymentMethod":"","status":"open","bankAccount":{"id":"2","name":"PAYU","type":"bank"},"client":{"id":"22319","name":"Viviana Cleves Plaza","phone":"3113836626"},"invoices":[{"id":"27852","number":"30113","date":"2021-02-15","amount":86000,"total":86000,"balance":0}],"costCenter":null,"numberTemplate":{"id":"3","prefix":"","number":"27698","fullNumber":"27698","formattedNumber":"27698"}}
2021-02-15 06:45:09 :: ----------send data payment:27854------------
2021-02-15 06:45:09 :: {"date":"2021-02-15","invoices":[{"amount":"25000","id":"27854"}],"bankAccount":2}
2021-02-15 06:45:10 :: ----------result data payment:27854------------
2021-02-15 06:45:10 :: {"id":"28889","date":"2021-02-15","number":"27699","amount":"25000.0000000000","observations":null,"anotation":null,"type":"in","paymentMethod":"","status":"open","bankAccount":{"id":"2","name":"PAYU","type":"bank"},"client":{"id":"22321","name":"Andres Felipe Parra","phone":"3212041529"},"invoices":[{"id":"27854","number":"30115","date":"2021-02-15","amount":25000,"total":25000,"balance":0}],"costCenter":null,"numberTemplate":{"id":"3","prefix":"","number":"27699","fullNumber":"27699","formattedNumber":"27699"}}
2021-02-15 07:40:09 :: ----------send data payment:27856------------
2021-02-15 07:40:09 :: {"date":"2021-02-15","invoices":[{"amount":"116750","id":"27856"}],"bankAccount":2}
2021-02-15 07:40:11 :: ----------result data payment:27856------------
2021-02-15 07:40:11 :: {"id":"28891","date":"2021-02-15","number":"27701","amount":"116750.0000000000","observations":null,"anotation":null,"type":"in","paymentMethod":"","status":"open","bankAccount":{"id":"2","name":"PAYU","type":"bank"},"client":{"id":"22322","name":"Diana Angel","phone":"3152361227"},"invoices":[{"id":"27856","number":"30117","date":"2021-02-15","amount":116750,"total":116750,"balance":0}],"costCenter":null,"numberTemplate":{"id":"3","prefix":"","number":"27701","fullNumber":"27701","formattedNumber":"27701"}}
2021-02-15 07:40:13 :: ----------send data payment:27857------------
2021-02-15 07:40:13 :: {"date":"2021-02-15","invoices":[{"amount":"132000","id":"27857"}],"bankAccount":2}
2021-02-15 07:40:15 :: ----------result data payment:27857------------
2021-02-15 07:40:15 :: {"id":"28892","date":"2021-02-15","number":"27702","amount":"132000.0000000000","observations":null,"anotation":null,"type":"in","paymentMethod":"","status":"open","bankAccount":{"id":"2","name":"PAYU","type":"bank"},"client":{"id":"10599","name":"Jeimy Lorena Beltr\u00e1n Uma\u00f1a","phone":"3176185114"},"invoices":[{"id":"27857","number":"30118","date":"2021-02-15","amount":132000,"total":132000,"balance":0}],"costCenter":null,"numberTemplate":{"id":"3","prefix":"","number":"27702","fullNumber":"27702","formattedNumber":"27702"}}
2021-02-15 07:40:19 :: ----------send data payment:27858------------
2021-02-15 07:40:19 :: {"date":"2021-02-15","invoices":[{"amount":"95002","id":"27858"}],"bankAccount":2}
2021-02-15 07:40:21 :: ----------result data payment:27858------------
2021-02-15 07:40:21 :: {"id":"28893","date":"2021-02-15","number":"27703","amount":"95002.0000000000","observations":null,"anotation":null,"type":"in","paymentMethod":"","status":"open","bankAccount":{"id":"2","name":"PAYU","type":"bank"},"client":{"id":"22323","name":"Yuliana Bastidas","phone":"3174222180"},"invoices":[{"id":"27858","number":"30119","date":"2021-02-15","amount":95002,"total":95002,"balance":0}],"costCenter":null,"numberTemplate":{"id":"3","prefix":"","number":"27703","fullNumber":"27703","formattedNumber":"27703"}}
2021-02-15 07:55:09 :: ----------send data payment:27859------------
2021-02-15 07:55:09 :: {"date":"2021-02-15","invoices":[{"amount":"160001","id":"27859"}],"bankAccount":2}
2021-02-15 07:55:10 :: ----------result data payment:27859------------
2021-02-15 07:55:10 :: {"id":"28894","date":"2021-02-15","number":"27704","amount":"160001.0000000000","observations":null,"anotation":null,"type":"in","paymentMethod":"","status":"open","bankAccount":{"id":"2","name":"PAYU","type":"bank"},"client":{"id":"22324","name":"Mar\u00eda Paula","phone":"3208695666"},"invoices":[{"id":"27859","number":"30120","date":"2021-02-15","amount":160001,"total":160001,"balance":0}],"costCenter":null,"numberTemplate":{"id":"3","prefix":"","number":"27704","fullNumber":"27704","formattedNumber":"27704"}}
2021-02-15 08:15:10 :: ----------send data payment:27860------------
2021-02-15 08:15:10 :: {"date":"2021-02-15","invoices":[{"amount":"211000","id":"27860"}],"bankAccount":2}
2021-02-15 08:15:11 :: ----------result data payment:27860------------
2021-02-15 08:15:11 :: {"id":"28895","date":"2021-02-15","number":"27705","amount":"211000.0000000000","observations":null,"anotation":null,"type":"in","paymentMethod":"","status":"open","bankAccount":{"id":"2","name":"PAYU","type":"bank"},"client":{"id":"21282","name":"Daniela Varon","phone":"3057532346"},"invoices":[{"id":"27860","number":"30121","date":"2021-02-15","amount":211000,"total":211000,"balance":0}],"costCenter":null,"numberTemplate":{"id":"3","prefix":"","number":"27705","fullNumber":"27705","formattedNumber":"27705"}}
2021-02-15 08:30:08 :: ----------send data payment:27861------------
2021-02-15 08:30:08 :: {"date":"2021-02-15","invoices":[{"amount":"97999","id":"27861"}],"bankAccount":2}
2021-02-15 08:30:09 :: ----------result data payment:27861------------
2021-02-15 08:30:09 :: {"id":"28896","date":"2021-02-15","number":"27706","amount":"97999.0000000000","observations":null,"anotation":null,"type":"in","paymentMethod":"","status":"open","bankAccount":{"id":"2","name":"PAYU","type":"bank"},"client":{"id":"12806","name":"Sara Vargas Valencia","phone":"3184000673"},"invoices":[{"id":"27861","number":"30122","date":"2021-02-15","amount":97999,"total":97999,"balance":0}],"costCenter":null,"numberTemplate":{"id":"3","prefix":"","number":"27706","fullNumber":"27706","formattedNumber":"27706"}}
2021-02-15 08:35:08 :: ----------send data payment:27862------------
2021-02-15 08:35:08 :: {"date":"2021-02-15","invoices":[{"amount":"123000","id":"27862"}],"bankAccount":2}
2021-02-15 08:35:09 :: ----------result data payment:27862------------
2021-02-15 08:35:09 :: {"id":"28897","date":"2021-02-15","number":"27707","amount":"123000.0000000000","observations":null,"anotation":null,"type":"in","paymentMethod":"","status":"open","bankAccount":{"id":"2","name":"PAYU","type":"bank"},"client":{"id":"6636","name":"Carolyne Coronado","phone":"+573215330964"},"invoices":[{"id":"27862","number":"30123","date":"2021-02-15","amount":123000,"total":123000,"balance":0}],"costCenter":null,"numberTemplate":{"id":"3","prefix":"","number":"27707","fullNumber":"27707","formattedNumber":"27707"}}
2021-02-15 08:55:08 :: ----------send data payment:27863------------
2021-02-15 08:55:08 :: {"date":"2021-02-15","invoices":[{"amount":"40400","id":"27863"}],"bankAccount":2}
2021-02-15 08:55:09 :: ----------result data payment:27863------------
2021-02-15 08:55:09 :: {"id":"28898","date":"2021-02-15","number":"27708","amount":"40400.0000000000","observations":null,"anotation":null,"type":"in","paymentMethod":"","status":"open","bankAccount":{"id":"2","name":"PAYU","type":"bank"},"client":{"id":"15755","name":"Laura Sof\u00eda Am\u00f3rtegui Alarc\u00f3n","phone":"3045678614"},"invoices":[{"id":"27863","number":"30124","date":"2021-02-15","amount":40400,"total":40400,"balance":0}],"costCenter":null,"numberTemplate":{"id":"3","prefix":"","number":"27708","fullNumber":"27708","formattedNumber":"27708"}}
2021-02-15 08:55:11 :: ----------send data payment:27864------------
2021-02-15 08:55:11 :: {"date":"2021-02-15","invoices":[{"amount":"147000","id":"27864"}],"bankAccount":2}
2021-02-15 08:55:12 :: ----------result data payment:27864------------
2021-02-15 08:55:12 :: {"id":"28899","date":"2021-02-15","number":"27709","amount":"147000.0000000000","observations":null,"anotation":null,"type":"in","paymentMethod":"","status":"open","bankAccount":{"id":"2","name":"PAYU","type":"bank"},"client":{"id":"22325","name":"nata restrepo","phone":"3102934705"},"invoices":[{"id":"27864","number":"30125","date":"2021-02-15","amount":147000,"total":147000,"balance":0}],"costCenter":null,"numberTemplate":{"id":"3","prefix":"","number":"27709","fullNumber":"27709","formattedNumber":"27709"}}
2021-02-15 09:00:10 :: ----------send data payment:27865------------
2021-02-15 09:00:10 :: {"date":"2021-02-15","invoices":[{"amount":"99995","id":"27865"}],"bankAccount":2}
2021-02-15 09:00:12 :: ----------result data payment:27865------------
2021-02-15 09:00:12 :: {"id":"28900","date":"2021-02-15","number":"27710","amount":"99995.0000000000","observations":null,"anotation":null,"type":"in","paymentMethod":"","status":"open","bankAccount":{"id":"2","name":"PAYU","type":"bank"},"client":{"id":"15755","name":"Laura Sof\u00eda Am\u00f3rtegui Alarc\u00f3n","phone":"3045678614"},"invoices":[{"id":"27865","number":"30126","date":"2021-02-15","amount":99995,"total":99995,"balance":0}],"costCenter":null,"numberTemplate":{"id":"3","prefix":"","number":"27710","fullNumber":"27710","formattedNumber":"27710"}}
2021-02-15 09:40:12 :: ----------send data payment:27866------------
2021-02-15 09:40:12 :: {"date":"2021-02-15","invoices":[{"amount":"210000","id":"27866"}],"bankAccount":2}
2021-02-15 09:40:13 :: ----------result data payment:27866------------
2021-02-15 09:40:13 :: {"id":"28901","date":"2021-02-15","number":"27711","amount":"210000.0000000000","observations":null,"anotation":null,"type":"in","paymentMethod":"","status":"open","bankAccount":{"id":"2","name":"PAYU","type":"bank"},"client":{"id":"22326","name":"Alejandra Ladino Correa","phone":"3107972214"},"invoices":[{"id":"27866","number":"30127","date":"2021-02-15","amount":210000,"total":210000,"balance":0}],"costCenter":null,"numberTemplate":{"id":"3","prefix":"","number":"27711","fullNumber":"27711","formattedNumber":"27711"}}
2021-02-15 09:40:15 :: ----------send data payment:27867------------
2021-02-15 09:40:15 :: {"date":"2021-02-15","invoices":[{"amount":"74999","id":"27867"}],"bankAccount":2}
2021-02-15 09:40:17 :: ----------result data payment:27867------------
2021-02-15 09:40:17 :: {"id":"28902","date":"2021-02-15","number":"27712","amount":"74999.0000000000","observations":null,"anotation":null,"type":"in","paymentMethod":"","status":"open","bankAccount":{"id":"2","name":"PAYU","type":"bank"},"client":{"id":"22327","name":"Laura Sofia Carrillo","phone":"3196353712"},"invoices":[{"id":"27867","number":"30128","date":"2021-02-15","amount":74999,"total":74999,"balance":0}],"costCenter":null,"numberTemplate":{"id":"3","prefix":"","number":"27712","fullNumber":"27712","formattedNumber":"27712"}}
2021-02-15 09:45:08 :: ----------send data payment:27868------------
2021-02-15 09:45:08 :: {"date":"2021-02-15","invoices":[{"amount":"46001","id":"27868"}],"bankAccount":2}
2021-02-15 09:45:09 :: ----------result data payment:27868------------
2021-02-15 09:45:09 :: {"id":"28903","date":"2021-02-15","number":"27713","amount":"46001.0000000000","observations":null,"anotation":null,"type":"in","paymentMethod":"","status":"open","bankAccount":{"id":"2","name":"PAYU","type":"bank"},"client":{"id":"22328","name":"Daniela Minotta","phone":"3226352060"},"invoices":[{"id":"27868","number":"30129","date":"2021-02-15","amount":46001,"total":46001,"balance":0}],"costCenter":null,"numberTemplate":{"id":"3","prefix":"","number":"27713","fullNumber":"27713","formattedNumber":"27713"}}
2021-02-15 10:25:14 :: ----------send data payment:27869------------
2021-02-15 10:25:14 :: {"date":"2021-02-15","invoices":[{"amount":"65000","id":"27869"}],"bankAccount":2}
2021-02-15 10:25:15 :: ----------result data payment:27869------------
2021-02-15 10:25:15 :: {"id":"28904","date":"2021-02-15","number":"27714","amount":"65000.0000000000","observations":null,"anotation":null,"type":"in","paymentMethod":"","status":"open","bankAccount":{"id":"2","name":"PAYU","type":"bank"},"client":{"id":"22329","name":"Juanita Acosta Lopez","phone":"3178544719"},"invoices":[{"id":"27869","number":"30130","date":"2021-02-15","amount":65000,"total":65000,"balance":0}],"costCenter":null,"numberTemplate":{"id":"3","prefix":"","number":"27714","fullNumber":"27714","formattedNumber":"27714"}}
2021-02-15 10:45:08 :: ----------send data payment:27870------------
2021-02-15 10:45:08 :: {"date":"2021-02-15","invoices":[{"amount":"68000","id":"27870"}],"bankAccount":2}
2021-02-15 10:45:09 :: ----------result data payment:27870------------
2021-02-15 10:45:09 :: {"id":"28905","date":"2021-02-15","number":"27715","amount":"68000.0000000000","observations":null,"anotation":null,"type":"in","paymentMethod":"","status":"open","bankAccount":{"id":"2","name":"PAYU","type":"bank"},"client":{"id":"22330","name":"Sara Rodriguez","phone":"3142136398"},"invoices":[{"id":"27870","number":"30131","date":"2021-02-15","amount":68000,"total":68000,"balance":0}],"costCenter":null,"numberTemplate":{"id":"3","prefix":"","number":"27715","fullNumber":"27715","formattedNumber":"27715"}}
2021-02-15 10:50:07 :: ----------send data payment:27871------------
2021-02-15 10:50:07 :: {"date":"2021-02-15","invoices":[{"amount":"40000","id":"27871"}],"bankAccount":2}
2021-02-15 10:50:08 :: ----------result data payment:27871------------
2021-02-15 10:50:08 :: {"id":"28906","date":"2021-02-15","number":"27716","amount":"40000.0000000000","observations":null,"anotation":null,"type":"in","paymentMethod":"","status":"open","bankAccount":{"id":"2","name":"PAYU","type":"bank"},"client":{"id":"9717","name":"Natalia Fonseca","phone":"3212510835"},"invoices":[{"id":"27871","number":"30132","date":"2021-02-15","amount":40000,"total":40000,"balance":0}],"costCenter":null,"numberTemplate":{"id":"3","prefix":"","number":"27716","fullNumber":"27716","formattedNumber":"27716"}}
2021-02-15 11:05:11 :: ----------send data payment:27872------------
2021-02-15 11:05:11 :: {"date":"2021-02-15","invoices":[{"amount":"79000","id":"27872"}],"bankAccount":2}
2021-02-15 11:05:13 :: ----------result data payment:27872------------
2021-02-15 11:05:13 :: {"id":"28907","date":"2021-02-15","number":"27717","amount":"79000.0000000000","observations":null,"anotation":null,"type":"in","paymentMethod":"","status":"open","bankAccount":{"id":"2","name":"PAYU","type":"bank"},"client":{"id":"8659","name":"Jessica Daniela Cuenca Neme","phone":"3002930625"},"invoices":[{"id":"27872","number":"30133","date":"2021-02-15","amount":79000,"total":79000,"balance":0}],"costCenter":null,"numberTemplate":{"id":"3","prefix":"","number":"27717","fullNumber":"27717","formattedNumber":"27717"}}
2021-02-15 11:15:10 :: ----------send data payment:27873------------
2021-02-15 11:15:10 :: {"date":"2021-02-15","invoices":[{"amount":"356999","id":"27873"}],"bankAccount":2}
2021-02-15 11:15:11 :: ----------result data payment:27873------------
2021-02-15 11:15:11 :: {"id":"28908","date":"2021-02-15","number":"27718","amount":"356999.0000000000","observations":null,"anotation":null,"type":"in","paymentMethod":"","status":"open","bankAccount":{"id":"2","name":"PAYU","type":"bank"},"client":{"id":"15541","name":"yessica Rocio","phone":"3214383760"},"invoices":[{"id":"27873","number":"30134","date":"2021-02-15","amount":356999,"total":356999,"balance":0}],"costCenter":null,"numberTemplate":{"id":"3","prefix":"","number":"27718","fullNumber":"27718","formattedNumber":"27718"}}
2021-02-15 11:45:08 :: ----------send data payment:27874------------
2021-02-15 11:45:08 :: {"date":"2021-02-15","invoices":[{"amount":"109999","id":"27874"}],"bankAccount":2}
2021-02-15 11:45:09 :: ----------result data payment:27874------------
2021-02-15 11:45:09 :: {"id":"28909","date":"2021-02-15","number":"27719","amount":"109999.0000000000","observations":null,"anotation":null,"type":"in","paymentMethod":"","status":"open","bankAccount":{"id":"2","name":"PAYU","type":"bank"},"client":{"id":"22331","name":"Mafe Vargas","phone":"3104002666"},"invoices":[{"id":"27874","number":"30135","date":"2021-02-15","amount":109999,"total":109999,"balance":0}],"costCenter":null,"numberTemplate":{"id":"3","prefix":"","number":"27719","fullNumber":"27719","formattedNumber":"27719"}}