
2021-10-07 12:13:05 :: ----------send data payment:38899------------
2021-10-07 12:13:05 :: {"date":"2021-10-07","invoices":[{"amount":"42000","id":"38899"}],"bankAccount":2}
2021-10-07 12:13:06 :: ----------result data payment:38899------------
2021-10-07 12:13:06 :: {"id":"40427","date":"2021-10-07","number":"38679","amount":"42000.0000000000","observations":null,"anotation":null,"type":"in","paymentMethod":"","status":"open","bankAccount":{"id":"2","name":"PAYU","type":"bank"},"client":{"id":"30170","name":"Salom\u00e9","phone":"3183502007"},"invoices":[{"id":"38899","number":"41160","date":"2021-10-07","amount":42000,"total":42000,"balance":0}],"costCenter":null,"numberTemplate":{"id":"3","prefix":"","number":"38679","fullNumber":"38679","formattedNumber":"38679"}}
2021-10-07 12:44:04 :: ----------send data payment:38900------------
2021-10-07 12:44:04 :: {"date":"2021-10-07","invoices":[{"amount":"50600","id":"38900"}],"bankAccount":2}
2021-10-07 12:44:05 :: ----------result data payment:38900------------
2021-10-07 12:44:05 :: {"id":"40428","date":"2021-10-07","number":"38680","amount":"50600.0000000000","observations":null,"anotation":null,"type":"in","paymentMethod":"","status":"open","bankAccount":{"id":"2","name":"PAYU","type":"bank"},"client":{"id":"3223","name":"Laura","phone":"3105748769"},"invoices":[{"id":"38900","number":"41161","date":"2021-10-07","amount":50600,"total":50600,"balance":0}],"costCenter":null,"numberTemplate":{"id":"3","prefix":"","number":"38680","fullNumber":"38680","formattedNumber":"38680"}}
2021-10-07 01:06:11 :: ----------send data payment:38901------------
2021-10-07 01:06:11 :: {"date":"2021-10-07","invoices":[{"amount":"113000","id":"38901"}],"bankAccount":2}
2021-10-07 01:06:13 :: ----------result data payment:38901------------
2021-10-07 01:06:13 :: {"id":"40429","date":"2021-10-07","number":"38681","amount":"113000.0000000000","observations":null,"anotation":null,"type":"in","paymentMethod":"","status":"open","bankAccount":{"id":"2","name":"PAYU","type":"bank"},"client":{"id":"9801","name":"Jimena Boh\u00f3rquez","phone":"3202117559"},"invoices":[{"id":"38901","number":"41162","date":"2021-10-07","amount":113000,"total":113000,"balance":0}],"costCenter":null,"numberTemplate":{"id":"3","prefix":"","number":"38681","fullNumber":"38681","formattedNumber":"38681"}}
2021-10-07 08:31:37 :: ----------send data payment:38902------------
2021-10-07 08:31:37 :: {"date":"2021-10-07","invoices":[{"amount":"30000","id":"38902"}],"bankAccount":2}
2021-10-07 08:32:04 :: ----------result data payment:38902------------
2021-10-07 08:32:04 :: {"id":"40430","date":"2021-10-07","number":"38682","amount":"30000.0000000000","observations":null,"anotation":null,"type":"in","paymentMethod":"","status":"open","bankAccount":{"id":"2","name":"PAYU","type":"bank"},"client":{"id":"30173","name":"paulasofiaquinteropulido","phone":"3208663831"},"invoices":[{"id":"38902","number":"41163","date":"2021-10-07","amount":30000,"total":30000,"balance":0}],"costCenter":null,"numberTemplate":{"id":"3","prefix":"","number":"38682","fullNumber":"38682","formattedNumber":"38682"}}
2021-10-07 09:21:21 :: ----------send data payment:38903------------
2021-10-07 09:21:21 :: {"date":"2021-10-07","invoices":[{"amount":"60000","id":"38903"}],"bankAccount":2}
2021-10-07 09:21:26 :: ----------result data payment:38903------------
2021-10-07 09:21:26 :: {"id":"40431","date":"2021-10-07","number":"38683","amount":"60000.0000000000","observations":null,"anotation":null,"type":"in","paymentMethod":"","status":"open","bankAccount":{"id":"2","name":"PAYU","type":"bank"},"client":{"id":"30174","name":"paola rodriguez","phone":"3124121172"},"invoices":[{"id":"38903","number":"41164","date":"2021-10-07","amount":60000,"total":60000,"balance":0}],"costCenter":null,"numberTemplate":{"id":"3","prefix":"","number":"38683","fullNumber":"38683","formattedNumber":"38683"}}
2021-10-07 09:28:07 :: ----------send data payment:38904------------
2021-10-07 09:28:07 :: {"date":"2021-10-07","invoices":[{"amount":"40000","id":"38904"}],"bankAccount":2}
2021-10-07 09:28:11 :: ----------result data payment:38904------------
2021-10-07 09:28:11 :: {"id":"40432","date":"2021-10-07","number":"38684","amount":"40000.0000000000","observations":null,"anotation":null,"type":"in","paymentMethod":"","status":"open","bankAccount":{"id":"2","name":"PAYU","type":"bank"},"client":{"id":"30175","name":"hilda_liz52","phone":"3014934901"},"invoices":[{"id":"38904","number":"41165","date":"2021-10-07","amount":40000,"total":40000,"balance":0}],"costCenter":null,"numberTemplate":{"id":"3","prefix":"","number":"38684","fullNumber":"38684","formattedNumber":"38684"}}
2021-10-07 09:52:29 :: ----------send data payment:38905------------
2021-10-07 09:52:29 :: {"date":"2021-10-07","invoices":[{"amount":"70000","id":"38905"}],"bankAccount":2}
2021-10-07 09:52:51 :: ----------result data payment:38905------------
2021-10-07 09:52:51 :: {"id":"40433","date":"2021-10-07","number":"38685","amount":"70000.0000000000","observations":null,"anotation":null,"type":"in","paymentMethod":"","status":"open","bankAccount":{"id":"2","name":"PAYU","type":"bank"},"client":{"id":"30176","name":"Carolina P\u00e9rez","phone":"3104261946"},"invoices":[{"id":"38905","number":"41166","date":"2021-10-07","amount":70000,"total":70000,"balance":0}],"costCenter":null,"numberTemplate":{"id":"3","prefix":"","number":"38685","fullNumber":"38685","formattedNumber":"38685"}}
2021-10-07 09:53:23 :: ----------send data payment:38906------------
2021-10-07 09:53:23 :: {"date":"2021-10-07","invoices":[{"amount":"26501","id":"38906"}],"bankAccount":2}
2021-10-07 09:53:42 :: ----------result data payment:38906------------
2021-10-07 09:53:42 :: {"id":"40434","date":"2021-10-07","number":"38686","amount":"26501.0000000000","observations":null,"anotation":null,"type":"in","paymentMethod":"","status":"open","bankAccount":{"id":"2","name":"PAYU","type":"bank"},"client":{"id":"29018","name":"Maira Alejandra Aguilar Mendieta","phone":"3113170431"},"invoices":[{"id":"38906","number":"41167","date":"2021-10-07","amount":26501,"total":26501,"balance":0}],"costCenter":null,"numberTemplate":{"id":"3","prefix":"","number":"38686","fullNumber":"38686","formattedNumber":"38686"}}
2021-10-07 09:56:40 :: ----------send data payment:38907------------
2021-10-07 09:56:40 :: {"date":"2021-10-07","invoices":[{"amount":"25000","id":"38907"}],"bankAccount":2}
2021-10-07 09:57:08 :: ----------result data payment:38907------------
2021-10-07 09:57:08 :: {"id":"40435","date":"2021-10-07","number":"38687","amount":"25000.0000000000","observations":null,"anotation":null,"type":"in","paymentMethod":"","status":"open","bankAccount":{"id":"2","name":"PAYU","type":"bank"},"client":{"id":"30178","name":"Kleidy Vel\u00e1squez Pacheco","phone":"3235853470"},"invoices":[{"id":"38907","number":"41168","date":"2021-10-07","amount":25000,"total":25000,"balance":0}],"costCenter":null,"numberTemplate":{"id":"3","prefix":"","number":"38687","fullNumber":"38687","formattedNumber":"38687"}}
2021-10-07 10:31:11 :: ----------send data payment:38910------------
2021-10-07 10:31:11 :: {"date":"2021-10-07","invoices":[{"amount":"70000","id":"38910"}],"bankAccount":2}
2021-10-07 10:31:14 :: ----------result data payment:38910------------
2021-10-07 10:31:14 :: {"id":"40437","date":"2021-10-07","number":"38688","amount":"70000.0000000000","observations":null,"anotation":null,"type":"in","paymentMethod":"","status":"open","bankAccount":{"id":"2","name":"PAYU","type":"bank"},"client":{"id":"30181","name":"Jennifer Rojas","phone":"3202481262"},"invoices":[{"id":"38910","number":"41171","date":"2021-10-07","amount":70000,"total":70000,"balance":0}],"costCenter":null,"numberTemplate":{"id":"3","prefix":"","number":"38688","fullNumber":"38688","formattedNumber":"38688"}}
2021-10-07 10:35:07 :: ----------send data payment:38911------------
2021-10-07 10:35:07 :: {"date":"2021-10-07","invoices":[{"amount":"60000","id":"38911"}],"bankAccount":2}
2021-10-07 10:35:10 :: ----------result data payment:38911------------
2021-10-07 10:35:10 :: {"id":"40438","date":"2021-10-07","number":"38689","amount":"60000.0000000000","observations":null,"anotation":null,"type":"in","paymentMethod":"","status":"open","bankAccount":{"id":"2","name":"PAYU","type":"bank"},"client":{"id":"30128","name":"Andrea Cecilia Medina Pineda","phone":"3155231959"},"invoices":[{"id":"38911","number":"41172","date":"2021-10-07","amount":60000,"total":60000,"balance":0}],"costCenter":null,"numberTemplate":{"id":"3","prefix":"","number":"38689","fullNumber":"38689","formattedNumber":"38689"}}
2021-10-07 10:35:16 :: ----------send data payment:38912------------
2021-10-07 10:35:16 :: {"date":"2021-10-07","invoices":[{"amount":"70000","id":"38912"}],"bankAccount":2}
2021-10-07 10:35:19 :: ----------result data payment:38912------------
2021-10-07 10:35:19 :: {"id":"40439","date":"2021-10-07","number":"38690","amount":"70000.0000000000","observations":null,"anotation":null,"type":"in","paymentMethod":"","status":"open","bankAccount":{"id":"2","name":"PAYU","type":"bank"},"client":{"id":"30179","name":"Brianny Ladeuth","phone":"3023836750"},"invoices":[{"id":"38912","number":"41173","date":"2021-10-07","amount":70000,"total":70000,"balance":0}],"costCenter":null,"numberTemplate":{"id":"3","prefix":"","number":"38690","fullNumber":"38690","formattedNumber":"38690"}}
2021-10-07 10:35:24 :: ----------send data payment:38913------------
2021-10-07 10:35:24 :: {"date":"2021-10-07","invoices":[{"amount":"30000","id":"38913"}],"bankAccount":2}
2021-10-07 10:35:26 :: ----------result data payment:38913------------
2021-10-07 10:35:26 :: {"id":"40440","date":"2021-10-07","number":"38691","amount":"30000.0000000000","observations":null,"anotation":null,"type":"in","paymentMethod":"","status":"open","bankAccount":{"id":"2","name":"PAYU","type":"bank"},"client":{"id":"30080","name":"Valeria Quintero B","phone":"3213475415"},"invoices":[{"id":"38913","number":"41174","date":"2021-10-07","amount":30000,"total":30000,"balance":0}],"costCenter":null,"numberTemplate":{"id":"3","prefix":"","number":"38691","fullNumber":"38691","formattedNumber":"38691"}}
2021-10-07 10:36:13 :: ----------send data payment:38914------------
2021-10-07 10:36:13 :: {"date":"2021-10-07","invoices":[{"amount":"106501","id":"38914"}],"bankAccount":2}
2021-10-07 10:36:17 :: ----------result data payment:38914------------
2021-10-07 10:36:17 :: {"id":"40441","date":"2021-10-07","number":"38692","amount":"106501.0000000000","observations":null,"anotation":null,"type":"in","paymentMethod":"","status":"open","bankAccount":{"id":"2","name":"PAYU","type":"bank"},"client":{"id":"3668","name":"Diana Marcela Ortega Chavarro","phone":"3125647761"},"invoices":[{"id":"38914","number":"41175","date":"2021-10-07","amount":106501,"total":106501,"balance":0}],"costCenter":null,"numberTemplate":{"id":"3","prefix":"","number":"38692","fullNumber":"38692","formattedNumber":"38692"}}
2021-10-07 10:36:21 :: ----------send data payment:38915------------
2021-10-07 10:36:21 :: {"date":"2021-10-07","invoices":[{"amount":"43000","id":"38915"}],"bankAccount":2}
2021-10-07 10:36:23 :: ----------result data payment:38915------------
2021-10-07 10:36:23 :: {"id":"40442","date":"2021-10-07","number":"38693","amount":"43000.0000000000","observations":null,"anotation":null,"type":"in","paymentMethod":"","status":"open","bankAccount":{"id":"2","name":"PAYU","type":"bank"},"client":{"id":"30092","name":"Karla Mateus","phone":"3133502946"},"invoices":[{"id":"38915","number":"41176","date":"2021-10-07","amount":43000,"total":43000,"balance":0}],"costCenter":null,"numberTemplate":{"id":"3","prefix":"","number":"38693","fullNumber":"38693","formattedNumber":"38693"}}
2021-10-07 10:36:29 :: ----------send data payment:38916------------
2021-10-07 10:36:29 :: {"date":"2021-10-07","invoices":[{"amount":"122700","id":"38916"}],"bankAccount":2}
2021-10-07 10:36:33 :: ----------result data payment:38916------------
2021-10-07 10:36:33 :: {"id":"40443","date":"2021-10-07","number":"38694","amount":"122700.0000000000","observations":null,"anotation":null,"type":"in","paymentMethod":"","status":"open","bankAccount":{"id":"2","name":"PAYU","type":"bank"},"client":{"id":"12095","name":"Paola Vergara","phone":"3138328185"},"invoices":[{"id":"38916","number":"41177","date":"2021-10-07","amount":122700,"total":122700,"balance":0}],"costCenter":null,"numberTemplate":{"id":"3","prefix":"","number":"38694","fullNumber":"38694","formattedNumber":"38694"}}
2021-10-07 10:37:08 :: ----------send data payment:38917------------
2021-10-07 10:37:08 :: {"date":"2021-10-07","invoices":[{"amount":"146303","id":"38917"}],"bankAccount":2}
2021-10-07 10:37:14 :: ----------result data payment:38917------------
2021-10-07 10:37:14 :: {"id":"40444","date":"2021-10-07","number":"38695","amount":"146303.0000000000","observations":null,"anotation":null,"type":"in","paymentMethod":"","status":"open","bankAccount":{"id":"2","name":"PAYU","type":"bank"},"client":{"id":"30085","name":"Cristina Diosa Torres","phone":"3135001490"},"invoices":[{"id":"38917","number":"41178","date":"2021-10-07","amount":146303,"total":146303,"balance":0}],"costCenter":null,"numberTemplate":{"id":"3","prefix":"","number":"38695","fullNumber":"38695","formattedNumber":"38695"}}
2021-10-07 10:37:19 :: ----------send data payment:38918------------
2021-10-07 10:37:19 :: {"date":"2021-10-07","invoices":[{"amount":"43000","id":"38918"}],"bankAccount":2}
2021-10-07 10:37:21 :: ----------result data payment:38918------------
2021-10-07 10:37:21 :: 
2021-10-07 10:38:19 :: ----------send data payment:38919------------
2021-10-07 10:38:19 :: {"date":"2021-10-07","invoices":[{"amount":"104998","id":"38919"}],"bankAccount":2}
2021-10-07 10:38:23 :: ----------result data payment:38919------------
2021-10-07 10:38:23 :: {"id":"40445","date":"2021-10-07","number":"38696","amount":"104998.0000000000","observations":null,"anotation":null,"type":"in","paymentMethod":"","status":"open","bankAccount":{"id":"2","name":"PAYU","type":"bank"},"client":{"id":"30182","name":"Sara Yulissa Sierra","phone":"3137737336"},"invoices":[{"id":"38919","number":"41180","date":"2021-10-07","amount":104998,"total":104998,"balance":0}],"costCenter":null,"numberTemplate":{"id":"3","prefix":"","number":"38696","fullNumber":"38696","formattedNumber":"38696"}}
2021-10-07 10:49:04 :: ----------send data payment:38921------------
2021-10-07 10:49:04 :: {"date":"2021-10-07","invoices":[{"amount":"90000","id":"38921"}],"bankAccount":2}
2021-10-07 10:49:05 :: ----------result data payment:38921------------
2021-10-07 10:49:05 :: {"id":"40447","date":"2021-10-07","number":"38698","amount":"90000.0000000000","observations":null,"anotation":null,"type":"in","paymentMethod":"","status":"open","bankAccount":{"id":"2","name":"PAYU","type":"bank"},"client":{"id":"9571","name":"Maria Jose Florez","phone":"3004076095"},"invoices":[{"id":"38921","number":"41182","date":"2021-10-07","amount":90000,"total":90000,"balance":0}],"costCenter":null,"numberTemplate":{"id":"3","prefix":"","number":"38698","fullNumber":"38698","formattedNumber":"38698"}}
2021-10-07 10:52:05 :: ----------send data payment:38922------------
2021-10-07 10:52:05 :: {"date":"2021-10-07","invoices":[{"amount":"70000","id":"38922"}],"bankAccount":2}
2021-10-07 10:52:06 :: ----------result data payment:38922------------
2021-10-07 10:52:06 :: {"id":"40448","date":"2021-10-07","number":"38699","amount":"70000.0000000000","observations":null,"anotation":null,"type":"in","paymentMethod":"","status":"open","bankAccount":{"id":"2","name":"PAYU","type":"bank"},"client":{"id":"30183","name":"Esteban Am\u00e9zquita","phone":"3166668336"},"invoices":[{"id":"38922","number":"41183","date":"2021-10-07","amount":70000,"total":70000,"balance":0}],"costCenter":null,"numberTemplate":{"id":"3","prefix":"","number":"38699","fullNumber":"38699","formattedNumber":"38699"}}
2021-10-07 11:04:06 :: ----------send data payment:38923------------
2021-10-07 11:04:06 :: {"date":"2021-10-07","invoices":[{"amount":"70000","id":"38923"}],"bankAccount":2}
2021-10-07 11:04:08 :: ----------result data payment:38923------------
2021-10-07 11:04:08 :: {"id":"40449","date":"2021-10-07","number":"38700","amount":"70000.0000000000","observations":null,"anotation":null,"type":"in","paymentMethod":"","status":"open","bankAccount":{"id":"2","name":"PAYU","type":"bank"},"client":{"id":"30184","name":"Erika Sepulveda","phone":"3212534443"},"invoices":[{"id":"38923","number":"41184","date":"2021-10-07","amount":70000,"total":70000,"balance":0}],"costCenter":null,"numberTemplate":{"id":"3","prefix":"","number":"38700","fullNumber":"38700","formattedNumber":"38700"}}
2021-10-07 11:15:06 :: ----------send data payment:38924------------
2021-10-07 11:15:06 :: {"date":"2021-10-07","invoices":[{"amount":"45000","id":"38924"}],"bankAccount":2}
2021-10-07 11:15:08 :: ----------result data payment:38924------------
2021-10-07 11:15:08 :: {"id":"40450","date":"2021-10-07","number":"38701","amount":"45000.0000000000","observations":null,"anotation":null,"type":"in","paymentMethod":"","status":"open","bankAccount":{"id":"2","name":"PAYU","type":"bank"},"client":{"id":"30185","name":"Nathalia Ramos","phone":"3225098970"},"invoices":[{"id":"38924","number":"41185","date":"2021-10-07","amount":45000,"total":45000,"balance":0}],"costCenter":null,"numberTemplate":{"id":"3","prefix":"","number":"38701","fullNumber":"38701","formattedNumber":"38701"}}
2021-10-07 11:33:03 :: ----------send data payment:38925------------
2021-10-07 11:33:03 :: {"date":"2021-10-07","invoices":[{"amount":"190005","id":"38925"}],"bankAccount":2}
2021-10-07 11:33:05 :: ----------result data payment:38925------------
2021-10-07 11:33:05 :: {"id":"40451","date":"2021-10-07","number":"38702","amount":"190005.0000000000","observations":null,"anotation":null,"type":"in","paymentMethod":"","status":"open","bankAccount":{"id":"2","name":"PAYU","type":"bank"},"client":{"id":"4086","name":"Natalia Duran","phone":"3138210041"},"invoices":[{"id":"38925","number":"41186","date":"2021-10-07","amount":190005,"total":190005,"balance":0}],"costCenter":null,"numberTemplate":{"id":"3","prefix":"","number":"38702","fullNumber":"38702","formattedNumber":"38702"}}
2021-10-07 11:59:06 :: ----------send data payment:38926------------
2021-10-07 11:59:06 :: {"date":"2021-10-07","invoices":[{"amount":"40000","id":"38926"}],"bankAccount":2}
2021-10-07 11:59:08 :: ----------result data payment:38926------------
2021-10-07 11:59:08 :: {"id":"40453","date":"2021-10-07","number":"38704","amount":"40000.0000000000","observations":null,"anotation":null,"type":"in","paymentMethod":"","status":"open","bankAccount":{"id":"2","name":"PAYU","type":"bank"},"client":{"id":"30186","name":"Emelin Rubiano romero","phone":"3209633315"},"invoices":[{"id":"38926","number":"41187","date":"2021-10-07","amount":40000,"total":40000,"balance":0}],"costCenter":null,"numberTemplate":{"id":"3","prefix":"","number":"38704","fullNumber":"38704","formattedNumber":"38704"}}
2021-10-07 12:02:05 :: ----------send data payment:38927------------
2021-10-07 12:02:05 :: {"date":"2021-10-07","invoices":[{"amount":"170000","id":"38927"}],"bankAccount":2}
2021-10-07 12:02:06 :: ----------result data payment:38927------------
2021-10-07 12:02:06 :: {"id":"40454","date":"2021-10-07","number":"38705","amount":"170000.0000000000","observations":null,"anotation":null,"type":"in","paymentMethod":"","status":"open","bankAccount":{"id":"2","name":"PAYU","type":"bank"},"client":{"id":"30187","name":"Rosmerys Ballesteros","phone":"3114410527"},"invoices":[{"id":"38927","number":"41188","date":"2021-10-07","amount":170000,"total":170000,"balance":0}],"costCenter":null,"numberTemplate":{"id":"3","prefix":"","number":"38705","fullNumber":"38705","formattedNumber":"38705"}}
2021-10-07 12:35:12 :: ----------send data payment:38928------------
2021-10-07 12:35:12 :: {"date":"2021-10-07","invoices":[{"amount":"80501","id":"38928"}],"bankAccount":2}
2021-10-07 12:35:14 :: ----------result data payment:38928------------
2021-10-07 12:35:14 :: {"id":"40455","date":"2021-10-07","number":"38706","amount":"80501.0000000000","observations":null,"anotation":null,"type":"in","paymentMethod":"","status":"open","bankAccount":{"id":"2","name":"PAYU","type":"bank"},"client":{"id":"23589","name":"Angie Nathalia","phone":"3116225153"},"invoices":[{"id":"38928","number":"41189","date":"2021-10-07","amount":80501,"total":80501,"balance":0}],"costCenter":null,"numberTemplate":{"id":"3","prefix":"","number":"38706","fullNumber":"38706","formattedNumber":"38706"}}
2021-10-07 12:46:10 :: ----------send data payment:38929------------
2021-10-07 12:46:10 :: {"date":"2021-10-07","invoices":[{"amount":"70000","id":"38929"}],"bankAccount":2}
2021-10-07 12:46:12 :: ----------result data payment:38929------------
2021-10-07 12:46:12 :: {"id":"40456","date":"2021-10-07","number":"38707","amount":"70000.0000000000","observations":null,"anotation":null,"type":"in","paymentMethod":"","status":"open","bankAccount":{"id":"2","name":"PAYU","type":"bank"},"client":{"id":"30188","name":"Laura M\u00e9ndez","phone":"3144910750"},"invoices":[{"id":"38929","number":"41190","date":"2021-10-07","amount":70000,"total":70000,"balance":0}],"costCenter":null,"numberTemplate":{"id":"3","prefix":"","number":"38707","fullNumber":"38707","formattedNumber":"38707"}}
2021-10-07 12:53:03 :: ----------send data payment:38930------------
2021-10-07 12:53:03 :: {"date":"2021-10-07","invoices":[{"amount":"80001","id":"38930"}],"bankAccount":2}
2021-10-07 12:53:04 :: ----------result data payment:38930------------
2021-10-07 12:53:04 :: {"id":"40457","date":"2021-10-07","number":"38708","amount":"80001.0000000000","observations":null,"anotation":null,"type":"in","paymentMethod":"","status":"open","bankAccount":{"id":"2","name":"PAYU","type":"bank"},"client":{"id":"3007","name":"Veronica Velasquez Roldan","phone":"3017312824"},"invoices":[{"id":"38930","number":"41191","date":"2021-10-07","amount":80001,"total":80001,"balance":0}],"costCenter":null,"numberTemplate":{"id":"3","prefix":"","number":"38708","fullNumber":"38708","formattedNumber":"38708"}}
2021-10-07 01:08:06 :: ----------send data payment:38931------------
2021-10-07 01:08:06 :: {"date":"2021-10-07","invoices":[{"amount":"76501","id":"38931"}],"bankAccount":2}
2021-10-07 01:08:08 :: ----------result data payment:38931------------
2021-10-07 01:08:08 :: {"id":"40458","date":"2021-10-07","number":"38709","amount":"76501.0000000000","observations":null,"anotation":null,"type":"in","paymentMethod":"","status":"open","bankAccount":{"id":"2","name":"PAYU","type":"bank"},"client":{"id":"30189","name":"Juan Perez","phone":"3213393821"},"invoices":[{"id":"38931","number":"41192","date":"2021-10-07","amount":76501,"total":76501,"balance":0}],"costCenter":null,"numberTemplate":{"id":"3","prefix":"","number":"38709","fullNumber":"38709","formattedNumber":"38709"}}
2021-10-07 01:09:04 :: ----------send data payment:38932------------
2021-10-07 01:09:04 :: {"date":"2021-10-07","invoices":[{"amount":"167349","id":"38932"}],"bankAccount":2}
2021-10-07 01:09:06 :: ----------result data payment:38932------------
2021-10-07 01:09:06 :: {"id":"40459","date":"2021-10-07","number":"38710","amount":"167349.0000000000","observations":null,"anotation":null,"type":"in","paymentMethod":"","status":"open","bankAccount":{"id":"2","name":"PAYU","type":"bank"},"client":{"id":"30190","name":"Sonrisa Posada Ria\u00f1o","phone":"3128950618"},"invoices":[{"id":"38932","number":"41193","date":"2021-10-07","amount":167349,"total":167349,"balance":0}],"costCenter":null,"numberTemplate":{"id":"3","prefix":"","number":"38710","fullNumber":"38710","formattedNumber":"38710"}}
2021-10-07 01:37:06 :: ----------send data payment:38933------------
2021-10-07 01:37:06 :: {"date":"2021-10-07","invoices":[{"amount":"40000","id":"38933"}],"bankAccount":2}
2021-10-07 01:37:08 :: ----------result data payment:38933------------
2021-10-07 01:37:08 :: {"id":"40460","date":"2021-10-07","number":"38711","amount":"40000.0000000000","observations":null,"anotation":null,"type":"in","paymentMethod":"","status":"open","bankAccount":{"id":"2","name":"PAYU","type":"bank"},"client":{"id":"30191","name":"Dayana Zambrano","phone":"3212633888"},"invoices":[{"id":"38933","number":"41194","date":"2021-10-07","amount":40000,"total":40000,"balance":0}],"costCenter":null,"numberTemplate":{"id":"3","prefix":"","number":"38711","fullNumber":"38711","formattedNumber":"38711"}}
2021-10-07 01:40:06 :: ----------send data payment:38934------------
2021-10-07 01:40:06 :: {"date":"2021-10-07","invoices":[{"amount":"30000","id":"38934"}],"bankAccount":2}
2021-10-07 01:40:08 :: ----------result data payment:38934------------
2021-10-07 01:40:08 :: {"id":"40461","date":"2021-10-07","number":"38712","amount":"30000.0000000000","observations":null,"anotation":null,"type":"in","paymentMethod":"","status":"open","bankAccount":{"id":"2","name":"PAYU","type":"bank"},"client":{"id":"30192","name":"Diana Carolina Rojas Arbelaez","phone":"3207913480"},"invoices":[{"id":"38934","number":"41195","date":"2021-10-07","amount":30000,"total":30000,"balance":0}],"costCenter":null,"numberTemplate":{"id":"3","prefix":"","number":"38712","fullNumber":"38712","formattedNumber":"38712"}}
2021-10-07 01:55:06 :: ----------send data payment:38935------------
2021-10-07 01:55:06 :: {"date":"2021-10-07","invoices":[{"amount":"70000","id":"38935"}],"bankAccount":2}
2021-10-07 01:55:07 :: ----------result data payment:38935------------
2021-10-07 01:55:07 :: {"id":"40462","date":"2021-10-07","number":"38713","amount":"70000.0000000000","observations":null,"anotation":null,"type":"in","paymentMethod":"","status":"open","bankAccount":{"id":"2","name":"PAYU","type":"bank"},"client":{"id":"30193","name":"Mariana","phone":"3107955699"},"invoices":[{"id":"38935","number":"41196","date":"2021-10-07","amount":70000,"total":70000,"balance":0}],"costCenter":null,"numberTemplate":{"id":"3","prefix":"","number":"38713","fullNumber":"38713","formattedNumber":"38713"}}
2021-10-07 02:03:06 :: ----------send data payment:38936------------
2021-10-07 02:03:06 :: {"date":"2021-10-07","invoices":[{"amount":"70000","id":"38936"}],"bankAccount":2}
2021-10-07 02:03:08 :: ----------result data payment:38936------------
2021-10-07 02:03:08 :: {"id":"40463","date":"2021-10-07","number":"38714","amount":"70000.0000000000","observations":null,"anotation":null,"type":"in","paymentMethod":"","status":"open","bankAccount":{"id":"2","name":"PAYU","type":"bank"},"client":{"id":"30194","name":"Angela Molina","phone":"3144324197"},"invoices":[{"id":"38936","number":"41197","date":"2021-10-07","amount":70000,"total":70000,"balance":0}],"costCenter":null,"numberTemplate":{"id":"3","prefix":"","number":"38714","fullNumber":"38714","formattedNumber":"38714"}}
2021-10-07 02:05:08 :: ----------send data payment:38937------------
2021-10-07 02:05:08 :: {"date":"2021-10-07","invoices":[{"amount":"65000","id":"38937"}],"bankAccount":2}
2021-10-07 02:05:10 :: ----------result data payment:38937------------
2021-10-07 02:05:10 :: {"id":"40464","date":"2021-10-07","number":"38715","amount":"65000.0000000000","observations":null,"anotation":null,"type":"in","paymentMethod":"","status":"open","bankAccount":{"id":"2","name":"PAYU","type":"bank"},"client":{"id":"16626","name":"lina barahona","phone":"3228477463"},"invoices":[{"id":"38937","number":"41198","date":"2021-10-07","amount":65000,"total":65000,"balance":0}],"costCenter":null,"numberTemplate":{"id":"3","prefix":"","number":"38715","fullNumber":"38715","formattedNumber":"38715"}}
2021-10-07 02:09:04 :: ----------send data payment:38938------------
2021-10-07 02:09:04 :: {"date":"2021-10-07","invoices":[{"amount":"70000","id":"38938"}],"bankAccount":2}
2021-10-07 02:09:06 :: ----------result data payment:38938------------
2021-10-07 02:09:06 :: {"id":"40465","date":"2021-10-07","number":"38716","amount":"70000.0000000000","observations":null,"anotation":null,"type":"in","paymentMethod":"","status":"open","bankAccount":{"id":"2","name":"PAYU","type":"bank"},"client":{"id":"30195","name":"Sara Alferez","phone":"3134518835"},"invoices":[{"id":"38938","number":"41199","date":"2021-10-07","amount":70000,"total":70000,"balance":0}],"costCenter":null,"numberTemplate":{"id":"3","prefix":"","number":"38716","fullNumber":"38716","formattedNumber":"38716"}}
2021-10-07 02:49:04 :: ----------send data payment:38939------------
2021-10-07 02:49:04 :: {"date":"2021-10-07","invoices":[{"amount":"40000","id":"38939"}],"bankAccount":2}
2021-10-07 02:49:05 :: ----------result data payment:38939------------
2021-10-07 02:49:05 :: {"id":"40466","date":"2021-10-07","number":"38717","amount":"40000.0000000000","observations":null,"anotation":null,"type":"in","paymentMethod":"","status":"open","bankAccount":{"id":"2","name":"PAYU","type":"bank"},"client":{"id":"30099","name":"laura.cor-","phone":"3112593442"},"invoices":[{"id":"38939","number":"41200","date":"2021-10-07","amount":40000,"total":40000,"balance":0}],"costCenter":null,"numberTemplate":{"id":"3","prefix":"","number":"38717","fullNumber":"38717","formattedNumber":"38717"}}
2021-10-07 03:02:06 :: ----------send data payment:38941------------
2021-10-07 03:02:06 :: {"date":"2021-10-07","invoices":[{"amount":"70000","id":"38941"}],"bankAccount":2}
2021-10-07 03:02:08 :: ----------result data payment:38941------------
2021-10-07 03:02:08 :: {"id":"40467","date":"2021-10-07","number":"38718","amount":"70000.0000000000","observations":null,"anotation":null,"type":"in","paymentMethod":"","status":"open","bankAccount":{"id":"2","name":"PAYU","type":"bank"},"client":{"id":"30196","name":"Nathalia Ramirez","phone":"3194631128"},"invoices":[{"id":"38941","number":"41202","date":"2021-10-07","amount":70000,"total":70000,"balance":0}],"costCenter":null,"numberTemplate":{"id":"3","prefix":"","number":"38718","fullNumber":"38718","formattedNumber":"38718"}}
2021-10-07 03:12:06 :: ----------send data payment:38942------------
2021-10-07 03:12:06 :: {"date":"2021-10-07","invoices":[{"amount":"57999","id":"38942"}],"bankAccount":2}
2021-10-07 03:12:07 :: ----------result data payment:38942------------
2021-10-07 03:12:07 :: {"id":"40468","date":"2021-10-07","number":"38719","amount":"57999.0000000000","observations":null,"anotation":null,"type":"in","paymentMethod":"","status":"open","bankAccount":{"id":"2","name":"PAYU","type":"bank"},"client":{"id":"30197","name":"gapaca68","phone":"3115911076"},"invoices":[{"id":"38942","number":"41203","date":"2021-10-07","amount":57999,"total":57999,"balance":0}],"costCenter":null,"numberTemplate":{"id":"3","prefix":"","number":"38719","fullNumber":"38719","formattedNumber":"38719"}}
2021-10-07 03:36:17 :: ----------send data payment:38943------------
2021-10-07 03:36:17 :: {"date":"2021-10-07","invoices":[{"amount":"149550","id":"38943"}],"bankAccount":2}
2021-10-07 03:36:21 :: ----------result data payment:38943------------
2021-10-07 03:36:21 :: {"id":"40469","date":"2021-10-07","number":"38720","amount":"149550.0000000000","observations":null,"anotation":null,"type":"in","paymentMethod":"","status":"open","bankAccount":{"id":"2","name":"PAYU","type":"bank"},"client":{"id":"30198","name":"Geraldin Suarez","phone":"3012661785"},"invoices":[{"id":"38943","number":"41204","date":"2021-10-07","amount":149550,"total":149550,"balance":0}],"costCenter":null,"numberTemplate":{"id":"3","prefix":"","number":"38720","fullNumber":"38720","formattedNumber":"38720"}}
2021-10-07 03:39:03 :: ----------send data payment:38944------------
2021-10-07 03:39:03 :: {"date":"2021-10-07","invoices":[{"amount":"49999","id":"38944"}],"bankAccount":2}
2021-10-07 03:39:04 :: ----------result data payment:38944------------
2021-10-07 03:39:04 :: {"id":"40470","date":"2021-10-07","number":"38721","amount":"49999.0000000000","observations":null,"anotation":null,"type":"in","paymentMethod":"","status":"open","bankAccount":{"id":"2","name":"PAYU","type":"bank"},"client":{"id":"29018","name":"Maira Alejandra Aguilar Mendieta","phone":"3113170431"},"invoices":[{"id":"38944","number":"41205","date":"2021-10-07","amount":49999,"total":49999,"balance":0}],"costCenter":null,"numberTemplate":{"id":"3","prefix":"","number":"38721","fullNumber":"38721","formattedNumber":"38721"}}
2021-10-07 03:43:03 :: ----------send data payment:38945------------
2021-10-07 03:43:03 :: {"date":"2021-10-07","invoices":[{"amount":"80001","id":"38945"}],"bankAccount":2}
2021-10-07 03:43:04 :: ----------result data payment:38945------------
2021-10-07 03:43:04 :: {"id":"40471","date":"2021-10-07","number":"38722","amount":"80001.0000000000","observations":null,"anotation":null,"type":"in","paymentMethod":"","status":"open","bankAccount":{"id":"2","name":"PAYU","type":"bank"},"client":{"id":"29018","name":"Maira Alejandra Aguilar Mendieta","phone":"3113170431"},"invoices":[{"id":"38945","number":"41206","date":"2021-10-07","amount":80001,"total":80001,"balance":0}],"costCenter":null,"numberTemplate":{"id":"3","prefix":"","number":"38722","fullNumber":"38722","formattedNumber":"38722"}}
2021-10-07 04:09:05 :: ----------send data payment:38946------------
2021-10-07 04:09:05 :: {"date":"2021-10-07","invoices":[{"amount":"64000","id":"38946"}],"bankAccount":2}
2021-10-07 04:09:06 :: ----------result data payment:38946------------
2021-10-07 04:09:06 :: {"id":"40472","date":"2021-10-07","number":"38723","amount":"64000.0000000000","observations":null,"anotation":null,"type":"in","paymentMethod":"","status":"open","bankAccount":{"id":"2","name":"PAYU","type":"bank"},"client":{"id":"28923","name":"Blanca In\u00e9s Castellanos","phone":"3102539812"},"invoices":[{"id":"38946","number":"41207","date":"2021-10-07","amount":64000,"total":64000,"balance":0}],"costCenter":null,"numberTemplate":{"id":"3","prefix":"","number":"38723","fullNumber":"38723","formattedNumber":"38723"}}
2021-10-07 04:09:10 :: ----------send data payment:38947------------
2021-10-07 04:09:10 :: {"date":"2021-10-07","invoices":[{"amount":"70000","id":"38947"}],"bankAccount":2}
2021-10-07 04:09:11 :: ----------result data payment:38947------------
2021-10-07 04:09:11 :: {"id":"40473","date":"2021-10-07","number":"38724","amount":"70000.0000000000","observations":null,"anotation":null,"type":"in","paymentMethod":"","status":"open","bankAccount":{"id":"2","name":"PAYU","type":"bank"},"client":{"id":"30199","name":"Mileibis Hern\u00e1ndez","phone":"3235536609"},"invoices":[{"id":"38947","number":"41208","date":"2021-10-07","amount":70000,"total":70000,"balance":0}],"costCenter":null,"numberTemplate":{"id":"3","prefix":"","number":"38724","fullNumber":"38724","formattedNumber":"38724"}}
2021-10-07 04:22:05 :: ----------send data payment:38948------------
2021-10-07 04:22:05 :: {"date":"2021-10-07","invoices":[{"amount":"70000","id":"38948"}],"bankAccount":2}
2021-10-07 04:22:06 :: ----------result data payment:38948------------
2021-10-07 04:22:06 :: {"id":"40474","date":"2021-10-07","number":"38725","amount":"70000.0000000000","observations":null,"anotation":null,"type":"in","paymentMethod":"","status":"open","bankAccount":{"id":"2","name":"PAYU","type":"bank"},"client":{"id":"30200","name":"Johanna florez qui\u00f1onez","phone":"3128948541"},"invoices":[{"id":"38948","number":"41209","date":"2021-10-07","amount":70000,"total":70000,"balance":0}],"costCenter":null,"numberTemplate":{"id":"3","prefix":"","number":"38725","fullNumber":"38725","formattedNumber":"38725"}}
2021-10-07 04:28:09 :: ----------send data payment:38949------------
2021-10-07 04:28:09 :: {"date":"2021-10-07","invoices":[{"amount":"152001","id":"38949"}],"bankAccount":2}
2021-10-07 04:28:12 :: ----------result data payment:38949------------
2021-10-07 04:28:12 :: {"id":"40475","date":"2021-10-07","number":"38726","amount":"152001.0000000000","observations":null,"anotation":null,"type":"in","paymentMethod":"","status":"open","bankAccount":{"id":"2","name":"PAYU","type":"bank"},"client":{"id":"30201","name":"Andrea Velasquez","phone":"3015437248"},"invoices":[{"id":"38949","number":"41210","date":"2021-10-07","amount":152001,"total":152001,"balance":0}],"costCenter":null,"numberTemplate":{"id":"3","prefix":"","number":"38726","fullNumber":"38726","formattedNumber":"38726"}}
2021-10-07 04:32:11 :: ----------send data payment:38950------------
2021-10-07 04:32:11 :: {"date":"2021-10-07","invoices":[{"amount":"70000","id":"38950"}],"bankAccount":2}
2021-10-07 04:32:13 :: ----------result data payment:38950------------
2021-10-07 04:32:13 :: {"id":"40476","date":"2021-10-07","number":"38727","amount":"70000.0000000000","observations":null,"anotation":null,"type":"in","paymentMethod":"","status":"open","bankAccount":{"id":"2","name":"PAYU","type":"bank"},"client":{"id":"30202","name":"Elizabeth Vergara","phone":"3012690827"},"invoices":[{"id":"38950","number":"41211","date":"2021-10-07","amount":70000,"total":70000,"balance":0}],"costCenter":null,"numberTemplate":{"id":"3","prefix":"","number":"38727","fullNumber":"38727","formattedNumber":"38727"}}
2021-10-07 04:36:09 :: ----------send data payment:38951------------
2021-10-07 04:36:09 :: {"date":"2021-10-07","invoices":[{"amount":"32000","id":"38951"}],"bankAccount":2}
2021-10-07 04:36:10 :: ----------result data payment:38951------------
2021-10-07 04:36:10 :: {"id":"40477","date":"2021-10-07","number":"38728","amount":"32000.0000000000","observations":null,"anotation":null,"type":"in","paymentMethod":"","status":"open","bankAccount":{"id":"2","name":"PAYU","type":"bank"},"client":{"id":"29397","name":"Nicolas Hincapie","phone":"3106832200"},"invoices":[{"id":"38951","number":"41212","date":"2021-10-07","amount":32000,"total":32000,"balance":0}],"costCenter":null,"numberTemplate":{"id":"3","prefix":"","number":"38728","fullNumber":"38728","formattedNumber":"38728"}}
2021-10-07 04:57:06 :: ----------send data payment:38952------------
2021-10-07 04:57:06 :: {"date":"2021-10-07","invoices":[{"amount":"70000","id":"38952"}],"bankAccount":2}
2021-10-07 04:57:08 :: ----------result data payment:38952------------
2021-10-07 04:57:08 :: {"id":"40478","date":"2021-10-07","number":"38729","amount":"70000.0000000000","observations":null,"anotation":null,"type":"in","paymentMethod":"","status":"open","bankAccount":{"id":"2","name":"PAYU","type":"bank"},"client":{"id":"30203","name":"Yessica giraldo","phone":"3124649144"},"invoices":[{"id":"38952","number":"41213","date":"2021-10-07","amount":70000,"total":70000,"balance":0}],"costCenter":null,"numberTemplate":{"id":"3","prefix":"","number":"38729","fullNumber":"38729","formattedNumber":"38729"}}
2021-10-07 05:17:10 :: ----------send data payment:38953------------
2021-10-07 05:17:10 :: {"date":"2021-10-07","invoices":[{"amount":"75000","id":"38953"}],"bankAccount":2}
2021-10-07 05:17:12 :: ----------result data payment:38953------------
2021-10-07 05:17:12 :: {"id":"40479","date":"2021-10-07","number":"38730","amount":"75000.0000000000","observations":null,"anotation":null,"type":"in","paymentMethod":"","status":"open","bankAccount":{"id":"2","name":"PAYU","type":"bank"},"client":{"id":"30180","name":"Diana Machacon","phone":"3013910595"},"invoices":[{"id":"38953","number":"41214","date":"2021-10-07","amount":75000,"total":75000,"balance":0}],"costCenter":null,"numberTemplate":{"id":"3","prefix":"","number":"38730","fullNumber":"38730","formattedNumber":"38730"}}
2021-10-07 05:17:15 :: ----------send data payment:38954------------
2021-10-07 05:17:15 :: {"date":"2021-10-07","invoices":[{"amount":"40000","id":"38954"}],"bankAccount":2}
2021-10-07 05:17:19 :: ----------result data payment:38954------------
2021-10-07 05:17:19 :: {"id":"40480","date":"2021-10-07","number":"38731","amount":"40000.0000000000","observations":null,"anotation":null,"type":"in","paymentMethod":"","status":"open","bankAccount":{"id":"2","name":"PAYU","type":"bank"},"client":{"id":"30204","name":"Martha yanneth c\u00e1rdenas Dom\u00ednguez","phone":"3197239267"},"invoices":[{"id":"38954","number":"41215","date":"2021-10-07","amount":40000,"total":40000,"balance":0}],"costCenter":null,"numberTemplate":{"id":"3","prefix":"","number":"38731","fullNumber":"38731","formattedNumber":"38731"}}
2021-10-07 05:17:24 :: ----------send data payment:38955------------
2021-10-07 05:17:24 :: {"date":"2021-10-07","invoices":[{"amount":"70000","id":"38955"}],"bankAccount":2}
2021-10-07 05:17:25 :: ----------result data payment:38955------------
2021-10-07 05:17:25 :: {"id":"40481","date":"2021-10-07","number":"38732","amount":"70000.0000000000","observations":null,"anotation":null,"type":"in","paymentMethod":"","status":"open","bankAccount":{"id":"2","name":"PAYU","type":"bank"},"client":{"id":"30205","name":"Daniela gutierrez areiza","phone":"3505211085"},"invoices":[{"id":"38955","number":"41216","date":"2021-10-07","amount":70000,"total":70000,"balance":0}],"costCenter":null,"numberTemplate":{"id":"3","prefix":"","number":"38732","fullNumber":"38732","formattedNumber":"38732"}}
2021-10-07 05:18:06 :: ----------send data payment:38956------------
2021-10-07 05:18:06 :: {"date":"2021-10-07","invoices":[{"amount":"70000","id":"38956"}],"bankAccount":2}
2021-10-07 05:18:08 :: ----------result data payment:38956------------
2021-10-07 05:18:08 :: {"id":"40482","date":"2021-10-07","number":"38733","amount":"70000.0000000000","observations":null,"anotation":null,"type":"in","paymentMethod":"","status":"open","bankAccount":{"id":"2","name":"PAYU","type":"bank"},"client":{"id":"30206","name":"Johana Cortes","phone":"3113599954"},"invoices":[{"id":"38956","number":"41217","date":"2021-10-07","amount":70000,"total":70000,"balance":0}],"costCenter":null,"numberTemplate":{"id":"3","prefix":"","number":"38733","fullNumber":"38733","formattedNumber":"38733"}}
2021-10-07 05:18:11 :: ----------send data payment:38957------------
2021-10-07 05:18:11 :: {"date":"2021-10-07","invoices":[{"amount":"70000","id":"38957"}],"bankAccount":2}
2021-10-07 05:18:12 :: ----------result data payment:38957------------
2021-10-07 05:18:12 :: {"id":"40483","date":"2021-10-07","number":"38734","amount":"70000.0000000000","observations":null,"anotation":null,"type":"in","paymentMethod":"","status":"open","bankAccount":{"id":"2","name":"PAYU","type":"bank"},"client":{"id":"30207","name":"Angie Beltran","phone":"3057226633"},"invoices":[{"id":"38957","number":"41218","date":"2021-10-07","amount":70000,"total":70000,"balance":0}],"costCenter":null,"numberTemplate":{"id":"3","prefix":"","number":"38734","fullNumber":"38734","formattedNumber":"38734"}}
2021-10-07 05:18:14 :: ----------send data payment:38958------------
2021-10-07 05:18:14 :: {"date":"2021-10-07","invoices":[{"amount":"40000","id":"38958"}],"bankAccount":2}
2021-10-07 05:18:16 :: ----------result data payment:38958------------
2021-10-07 05:18:16 :: {"id":"40484","date":"2021-10-07","number":"38735","amount":"40000.0000000000","observations":null,"anotation":null,"type":"in","paymentMethod":"","status":"open","bankAccount":{"id":"2","name":"PAYU","type":"bank"},"client":{"id":"30208","name":"Gipsy Romero Rangel","phone":"3022722810"},"invoices":[{"id":"38958","number":"41219","date":"2021-10-07","amount":40000,"total":40000,"balance":0}],"costCenter":null,"numberTemplate":{"id":"3","prefix":"","number":"38735","fullNumber":"38735","formattedNumber":"38735"}}
2021-10-07 05:18:18 :: ----------send data payment:38959------------
2021-10-07 05:18:18 :: {"date":"2021-10-07","invoices":[{"amount":"50000","id":"38959"}],"bankAccount":2}
2021-10-07 05:18:20 :: ----------result data payment:38959------------
2021-10-07 05:18:20 :: {"id":"40485","date":"2021-10-07","number":"38736","amount":"50000.0000000000","observations":null,"anotation":null,"type":"in","paymentMethod":"","status":"open","bankAccount":{"id":"2","name":"PAYU","type":"bank"},"client":{"id":"11457","name":"Lorena Toro","phone":"3202309202"},"invoices":[{"id":"38959","number":"41220","date":"2021-10-07","amount":50000,"total":50000,"balance":0}],"costCenter":null,"numberTemplate":{"id":"3","prefix":"","number":"38736","fullNumber":"38736","formattedNumber":"38736"}}
2021-10-07 05:18:21 :: ----------send data payment:38960------------
2021-10-07 05:18:21 :: {"date":"2021-10-07","invoices":[{"amount":"41501","id":"38960"}],"bankAccount":2}
2021-10-07 05:18:23 :: ----------result data payment:38960------------
2021-10-07 05:18:23 :: {"id":"40486","date":"2021-10-07","number":"38737","amount":"41501.0000000000","observations":null,"anotation":null,"type":"in","paymentMethod":"","status":"open","bankAccount":{"id":"2","name":"PAYU","type":"bank"},"client":{"id":"10049","name":"Natalia Andrea Espinosa Ruiz","phone":"3182953627"},"invoices":[{"id":"38960","number":"41221","date":"2021-10-07","amount":41501,"total":41501,"balance":0}],"costCenter":null,"numberTemplate":{"id":"3","prefix":"","number":"38737","fullNumber":"38737","formattedNumber":"38737"}}
2021-10-07 05:19:03 :: ----------send data payment:38961------------
2021-10-07 05:19:03 :: {"date":"2021-10-07","invoices":[{"amount":"90000","id":"38961"}],"bankAccount":2}
2021-10-07 05:19:04 :: ----------result data payment:38961------------
2021-10-07 05:19:04 :: {"id":"40487","date":"2021-10-07","number":"38738","amount":"90000.0000000000","observations":null,"anotation":null,"type":"in","paymentMethod":"","status":"open","bankAccount":{"id":"2","name":"PAYU","type":"bank"},"client":{"id":"11","name":"Andrea Franco","phone":"+573138697165"},"invoices":[{"id":"38961","number":"41222","date":"2021-10-07","amount":90000,"total":90000,"balance":0}],"costCenter":null,"numberTemplate":{"id":"3","prefix":"","number":"38738","fullNumber":"38738","formattedNumber":"38738"}}
2021-10-07 05:19:07 :: ----------send data payment:38962------------
2021-10-07 05:19:07 :: {"date":"2021-10-07","invoices":[{"amount":"70000","id":"38962"}],"bankAccount":2}
2021-10-07 05:19:08 :: ----------result data payment:38962------------
2021-10-07 05:19:08 :: {"id":"40488","date":"2021-10-07","number":"38739","amount":"70000.0000000000","observations":null,"anotation":null,"type":"in","paymentMethod":"","status":"open","bankAccount":{"id":"2","name":"PAYU","type":"bank"},"client":{"id":"30209","name":"Paula Su\u00e1rez","phone":"3205577754"},"invoices":[{"id":"38962","number":"41223","date":"2021-10-07","amount":70000,"total":70000,"balance":0}],"costCenter":null,"numberTemplate":{"id":"3","prefix":"","number":"38739","fullNumber":"38739","formattedNumber":"38739"}}
2021-10-07 05:19:12 :: ----------send data payment:38963------------
2021-10-07 05:19:12 :: {"date":"2021-10-07","invoices":[{"amount":"85001","id":"38963"}],"bankAccount":2}
2021-10-07 05:19:13 :: ----------result data payment:38963------------
2021-10-07 05:19:13 :: {"id":"40489","date":"2021-10-07","number":"38740","amount":"85001.0000000000","observations":null,"anotation":null,"type":"in","paymentMethod":"","status":"open","bankAccount":{"id":"2","name":"PAYU","type":"bank"},"client":{"id":"30210","name":"Mario A. Correa A.","phone":"3016667219"},"invoices":[{"id":"38963","number":"41224","date":"2021-10-07","amount":85001,"total":85001,"balance":0}],"costCenter":null,"numberTemplate":{"id":"3","prefix":"","number":"38740","fullNumber":"38740","formattedNumber":"38740"}}
2021-10-07 05:53:04 :: ----------send data payment:38964------------
2021-10-07 05:53:04 :: {"date":"2021-10-07","invoices":[{"amount":"155001","id":"38964"}],"bankAccount":2}
2021-10-07 05:53:05 :: ----------result data payment:38964------------
2021-10-07 05:53:05 :: {"id":"40490","date":"2021-10-07","number":"38741","amount":"155001.0000000000","observations":null,"anotation":null,"type":"in","paymentMethod":"","status":"open","bankAccount":{"id":"2","name":"PAYU","type":"bank"},"client":{"id":"16208","name":"Ver\u00f3nica Guamanga","phone":"3116776215"},"invoices":[{"id":"38964","number":"41225","date":"2021-10-07","amount":155001,"total":155001,"balance":0}],"costCenter":null,"numberTemplate":{"id":"3","prefix":"","number":"38741","fullNumber":"38741","formattedNumber":"38741"}}
2021-10-07 06:04:05 :: ----------send data payment:38965------------
2021-10-07 06:04:05 :: {"date":"2021-10-07","invoices":[{"amount":"115000","id":"38965"}],"bankAccount":2}
2021-10-07 06:04:07 :: ----------result data payment:38965------------
2021-10-07 06:04:07 :: {"id":"40491","date":"2021-10-07","number":"38742","amount":"115000.0000000000","observations":null,"anotation":null,"type":"in","paymentMethod":"","status":"open","bankAccount":{"id":"2","name":"PAYU","type":"bank"},"client":{"id":"30211","name":"Cindy Osorio Guzm\u00e1n","phone":"3007766908"},"invoices":[{"id":"38965","number":"41226","date":"2021-10-07","amount":115000,"total":115000,"balance":0}],"costCenter":null,"numberTemplate":{"id":"3","prefix":"","number":"38742","fullNumber":"38742","formattedNumber":"38742"}}
2021-10-07 06:06:13 :: ----------send data payment:38966------------
2021-10-07 06:06:13 :: {"date":"2021-10-07","invoices":[{"amount":"21000","id":"38966"}],"bankAccount":2}
2021-10-07 06:06:14 :: ----------result data payment:38966------------
2021-10-07 06:06:14 :: {"id":"40492","date":"2021-10-07","number":"38743","amount":"21000.0000000000","observations":null,"anotation":null,"type":"in","paymentMethod":"","status":"open","bankAccount":{"id":"2","name":"PAYU","type":"bank"},"client":{"id":"30212","name":"Paula Andrea Padilla Sarria","phone":"5565641"},"invoices":[{"id":"38966","number":"41227","date":"2021-10-07","amount":21000,"total":21000,"balance":0}],"costCenter":null,"numberTemplate":{"id":"3","prefix":"","number":"38743","fullNumber":"38743","formattedNumber":"38743"}}
2021-10-07 06:22:06 :: ----------send data payment:38967------------
2021-10-07 06:22:06 :: {"date":"2021-10-07","invoices":[{"amount":"42000","id":"38967"}],"bankAccount":2}
2021-10-07 06:22:08 :: ----------result data payment:38967------------
2021-10-07 06:22:08 :: {"id":"40493","date":"2021-10-07","number":"38744","amount":"42000.0000000000","observations":null,"anotation":null,"type":"in","paymentMethod":"","status":"open","bankAccount":{"id":"2","name":"PAYU","type":"bank"},"client":{"id":"30213","name":"Valentina montes zuleta","phone":"3146665141"},"invoices":[{"id":"38967","number":"41228","date":"2021-10-07","amount":42000,"total":42000,"balance":0}],"costCenter":null,"numberTemplate":{"id":"3","prefix":"","number":"38744","fullNumber":"38744","formattedNumber":"38744"}}
2021-10-07 07:05:09 :: ----------send data payment:38969------------
2021-10-07 07:05:09 :: {"date":"2021-10-07","invoices":[{"amount":"60000","id":"38969"}],"bankAccount":2}
2021-10-07 07:05:11 :: ----------result data payment:38969------------
2021-10-07 07:05:11 :: {"id":"40494","date":"2021-10-07","number":"38745","amount":"60000.0000000000","observations":null,"anotation":null,"type":"in","paymentMethod":"","status":"open","bankAccount":{"id":"2","name":"PAYU","type":"bank"},"client":{"id":"30215","name":"Julio Camargo Brijaldo","phone":"3152765422"},"invoices":[{"id":"38969","number":"41230","date":"2021-10-07","amount":60000,"total":60000,"balance":0}],"costCenter":null,"numberTemplate":{"id":"3","prefix":"","number":"38745","fullNumber":"38745","formattedNumber":"38745"}}
2021-10-07 07:07:06 :: ----------send data payment:38970------------
2021-10-07 07:07:06 :: {"date":"2021-10-07","invoices":[{"amount":"60000","id":"38970"}],"bankAccount":2}
2021-10-07 07:07:07 :: ----------result data payment:38970------------
2021-10-07 07:07:07 :: {"id":"40495","date":"2021-10-07","number":"38746","amount":"60000.0000000000","observations":null,"anotation":null,"type":"in","paymentMethod":"","status":"open","bankAccount":{"id":"2","name":"PAYU","type":"bank"},"client":{"id":"30216","name":"Karina Santander","phone":"3107410230"},"invoices":[{"id":"38970","number":"41231","date":"2021-10-07","amount":60000,"total":60000,"balance":0}],"costCenter":null,"numberTemplate":{"id":"3","prefix":"","number":"38746","fullNumber":"38746","formattedNumber":"38746"}}
2021-10-07 07:36:13 :: ----------send data payment:38971------------
2021-10-07 07:36:13 :: {"date":"2021-10-07","invoices":[{"amount":"39101","id":"38971"}],"bankAccount":2}
2021-10-07 07:36:15 :: ----------result data payment:38971------------
2021-10-07 07:36:15 :: {"id":"40496","date":"2021-10-07","number":"38747","amount":"39101.0000000000","observations":null,"anotation":null,"type":"in","paymentMethod":"","status":"open","bankAccount":{"id":"2","name":"PAYU","type":"bank"},"client":{"id":"30217","name":"Ximena vasquez gil","phone":"3007233714"},"invoices":[{"id":"38971","number":"41232","date":"2021-10-07","amount":39101,"total":39101,"balance":0}],"costCenter":null,"numberTemplate":{"id":"3","prefix":"","number":"38747","fullNumber":"38747","formattedNumber":"38747"}}
2021-10-07 07:43:07 :: ----------send data payment:38972------------
2021-10-07 07:43:07 :: {"date":"2021-10-07","invoices":[{"amount":"64000","id":"38972"}],"bankAccount":2}
2021-10-07 07:43:09 :: ----------result data payment:38972------------
2021-10-07 07:43:09 :: {"id":"40497","date":"2021-10-07","number":"38748","amount":"64000.0000000000","observations":null,"anotation":null,"type":"in","paymentMethod":"","status":"open","bankAccount":{"id":"2","name":"PAYU","type":"bank"},"client":{"id":"30218","name":"Jennifer Pabon","phone":"3017819136"},"invoices":[{"id":"38972","number":"41233","date":"2021-10-07","amount":64000,"total":64000,"balance":0}],"costCenter":null,"numberTemplate":{"id":"3","prefix":"","number":"38748","fullNumber":"38748","formattedNumber":"38748"}}
2021-10-07 08:38:06 :: ----------send data payment:38973------------
2021-10-07 08:38:06 :: {"date":"2021-10-07","invoices":[{"amount":"50001","id":"38973"}],"bankAccount":2}
2021-10-07 08:38:07 :: ----------result data payment:38973------------
2021-10-07 08:38:07 :: {"id":"40498","date":"2021-10-07","number":"38749","amount":"50001.0000000000","observations":null,"anotation":null,"type":"in","paymentMethod":"","status":"open","bankAccount":{"id":"2","name":"PAYU","type":"bank"},"client":{"id":"30219","name":"Gabriela Matallana","phone":"3143699654"},"invoices":[{"id":"38973","number":"41234","date":"2021-10-07","amount":50001,"total":50001,"balance":0}],"costCenter":null,"numberTemplate":{"id":"3","prefix":"","number":"38749","fullNumber":"38749","formattedNumber":"38749"}}
2021-10-07 09:05:12 :: ----------send data payment:38974------------
2021-10-07 09:05:12 :: {"date":"2021-10-07","invoices":[{"amount":"70000","id":"38974"}],"bankAccount":2}
2021-10-07 09:05:13 :: ----------result data payment:38974------------
2021-10-07 09:05:13 :: {"id":"40499","date":"2021-10-07","number":"38750","amount":"70000.0000000000","observations":null,"anotation":null,"type":"in","paymentMethod":"","status":"open","bankAccount":{"id":"2","name":"PAYU","type":"bank"},"client":{"id":"30220","name":"Paula","phone":"3107718063"},"invoices":[{"id":"38974","number":"41235","date":"2021-10-07","amount":70000,"total":70000,"balance":0}],"costCenter":null,"numberTemplate":{"id":"3","prefix":"","number":"38750","fullNumber":"38750","formattedNumber":"38750"}}
2021-10-07 09:05:17 :: ----------send data payment:38975------------
2021-10-07 09:05:17 :: {"date":"2021-10-07","invoices":[{"amount":"47002","id":"38975"}],"bankAccount":2}
2021-10-07 09:05:23 :: ----------result data payment:38975------------
2021-10-07 09:05:23 :: {"id":"40500","date":"2021-10-07","number":"38751","amount":"47002.0000000000","observations":null,"anotation":null,"type":"in","paymentMethod":"","status":"open","bankAccount":{"id":"2","name":"PAYU","type":"bank"},"client":{"id":"30221","name":"Lina Olivares","phone":"3004026831"},"invoices":[{"id":"38975","number":"41236","date":"2021-10-07","amount":47002,"total":47002,"balance":0}],"costCenter":null,"numberTemplate":{"id":"3","prefix":"","number":"38751","fullNumber":"38751","formattedNumber":"38751"}}
2021-10-07 09:24:04 :: ----------send data payment:38976------------
2021-10-07 09:24:04 :: {"date":"2021-10-07","invoices":[{"amount":"106999","id":"38976"}],"bankAccount":2}
2021-10-07 09:24:06 :: ----------result data payment:38976------------
2021-10-07 09:24:06 :: {"id":"40501","date":"2021-10-07","number":"38752","amount":"106999.0000000000","observations":null,"anotation":null,"type":"in","paymentMethod":"","status":"open","bankAccount":{"id":"2","name":"PAYU","type":"bank"},"client":{"id":"25486","name":"Melissa Mejia Serrano","phone":"3172875505"},"invoices":[{"id":"38976","number":"41237","date":"2021-10-07","amount":106999,"total":106999,"balance":0}],"costCenter":null,"numberTemplate":{"id":"3","prefix":"","number":"38752","fullNumber":"38752","formattedNumber":"38752"}}
2021-10-07 09:35:07 :: ----------send data payment:38977------------
2021-10-07 09:35:07 :: {"date":"2021-10-07","invoices":[{"amount":"100001","id":"38977"}],"bankAccount":2}
2021-10-07 09:35:09 :: ----------result data payment:38977------------
2021-10-07 09:35:09 :: {"id":"40502","date":"2021-10-07","number":"38753","amount":"100001.0000000000","observations":null,"anotation":null,"type":"in","paymentMethod":"","status":"open","bankAccount":{"id":"2","name":"PAYU","type":"bank"},"client":{"id":"30222","name":"Kelly Astaiza","phone":"3182788858"},"invoices":[{"id":"38977","number":"41238","date":"2021-10-07","amount":100001,"total":100001,"balance":0}],"costCenter":null,"numberTemplate":{"id":"3","prefix":"","number":"38753","fullNumber":"38753","formattedNumber":"38753"}}
2021-10-07 09:37:06 :: ----------send data payment:38978------------
2021-10-07 09:37:06 :: {"date":"2021-10-07","invoices":[{"amount":"107000","id":"38978"}],"bankAccount":2}
2021-10-07 09:37:07 :: ----------result data payment:38978------------
2021-10-07 09:37:07 :: {"id":"40503","date":"2021-10-07","number":"38754","amount":"107000.0000000000","observations":null,"anotation":null,"type":"in","paymentMethod":"","status":"open","bankAccount":{"id":"2","name":"PAYU","type":"bank"},"client":{"id":"30223","name":"Sara Barrera","phone":"3213201497"},"invoices":[{"id":"38978","number":"41239","date":"2021-10-07","amount":107000,"total":107000,"balance":0}],"costCenter":null,"numberTemplate":{"id":"3","prefix":"","number":"38754","fullNumber":"38754","formattedNumber":"38754"}}
2021-10-07 10:27:06 :: ----------send data payment:38979------------
2021-10-07 10:27:06 :: {"date":"2021-10-07","invoices":[{"amount":"70000","id":"38979"}],"bankAccount":2}
2021-10-07 10:27:08 :: ----------result data payment:38979------------
2021-10-07 10:27:08 :: {"id":"40504","date":"2021-10-07","number":"38755","amount":"70000.0000000000","observations":null,"anotation":null,"type":"in","paymentMethod":"","status":"open","bankAccount":{"id":"2","name":"PAYU","type":"bank"},"client":{"id":"30224","name":"Dana Patricia Goyeneche","phone":"3147809444"},"invoices":[{"id":"38979","number":"41240","date":"2021-10-07","amount":70000,"total":70000,"balance":0}],"costCenter":null,"numberTemplate":{"id":"3","prefix":"","number":"38755","fullNumber":"38755","formattedNumber":"38755"}}