
2021-09-06 03:59:04 :: ----------send data payment:37136------------
2021-09-06 03:59:04 :: {"date":"2021-09-06","invoices":[{"amount":"55000","id":"37136"}],"bankAccount":2}
2021-09-06 03:59:05 :: ----------result data payment:37136------------
2021-09-06 03:59:05 :: {"id":"38623","date":"2021-09-06","number":"36939","amount":"55000.0000000000","observations":null,"anotation":null,"type":"in","paymentMethod":"","status":"open","bankAccount":{"id":"2","name":"PAYU","type":"bank"},"client":{"id":"28884","name":"Sofia de Iruka","phone":"3118202437"},"invoices":[{"id":"37136","number":"39397","date":"2021-09-06","amount":55000,"total":55000,"balance":0}],"costCenter":null,"numberTemplate":{"id":"3","prefix":"","number":"36939","fullNumber":"36939","formattedNumber":"36939"}}
2021-09-06 07:42:07 :: ----------send data payment:37137------------
2021-09-06 07:42:07 :: {"date":"2021-09-06","invoices":[{"amount":"30000","id":"37137"}],"bankAccount":2}
2021-09-06 07:42:09 :: ----------result data payment:37137------------
2021-09-06 07:42:09 :: {"id":"38624","date":"2021-09-06","number":"36940","amount":"30000.0000000000","observations":null,"anotation":null,"type":"in","paymentMethod":"","status":"open","bankAccount":{"id":"2","name":"PAYU","type":"bank"},"client":{"id":"28885","name":"Laura Fernanda Pedraza Castro","phone":"3155879437"},"invoices":[{"id":"37137","number":"39398","date":"2021-09-06","amount":30000,"total":30000,"balance":0}],"costCenter":null,"numberTemplate":{"id":"3","prefix":"","number":"36940","fullNumber":"36940","formattedNumber":"36940"}}
2021-09-06 08:28:08 :: ----------send data payment:37138------------
2021-09-06 08:28:08 :: {"date":"2021-09-06","invoices":[{"amount":"105000","id":"37138"}],"bankAccount":2}
2021-09-06 08:28:10 :: ----------result data payment:37138------------
2021-09-06 08:28:10 :: {"id":"38625","date":"2021-09-06","number":"36941","amount":"105000.0000000000","observations":null,"anotation":null,"type":"in","paymentMethod":"","status":"open","bankAccount":{"id":"2","name":"PAYU","type":"bank"},"client":{"id":"28886","name":"Andrea Olaya","phone":"3138921049"},"invoices":[{"id":"37138","number":"39399","date":"2021-09-06","amount":105000,"total":105000,"balance":0}],"costCenter":null,"numberTemplate":{"id":"3","prefix":"","number":"36941","fullNumber":"36941","formattedNumber":"36941"}}
2021-09-06 08:30:04 :: ----------send data payment:37139------------
2021-09-06 08:30:04 :: {"date":"2021-09-06","invoices":[{"amount":"95001","id":"37139"}],"bankAccount":2}
2021-09-06 08:30:06 :: ----------result data payment:37139------------
2021-09-06 08:30:06 :: {"id":"38626","date":"2021-09-06","number":"36942","amount":"95001.0000000000","observations":null,"anotation":null,"type":"in","paymentMethod":"","status":"open","bankAccount":{"id":"2","name":"PAYU","type":"bank"},"client":{"id":"15873","name":"Andrea Rodr\u00edguez","phone":"3153026686"},"invoices":[{"id":"37139","number":"39400","date":"2021-09-06","amount":95001,"total":95001,"balance":0}],"costCenter":null,"numberTemplate":{"id":"3","prefix":"","number":"36942","fullNumber":"36942","formattedNumber":"36942"}}
2021-09-06 08:34:05 :: ----------send data payment:37140------------
2021-09-06 08:34:05 :: {"date":"2021-09-06","invoices":[{"amount":"151999","id":"37140"}],"bankAccount":2}
2021-09-06 08:34:06 :: ----------result data payment:37140------------
2021-09-06 08:34:06 :: {"id":"38627","date":"2021-09-06","number":"36943","amount":"151999.0000000000","observations":null,"anotation":null,"type":"in","paymentMethod":"","status":"open","bankAccount":{"id":"2","name":"PAYU","type":"bank"},"client":{"id":"23209","name":"Andrea Gil","phone":"3008055951"},"invoices":[{"id":"37140","number":"39401","date":"2021-09-06","amount":151999,"total":151999,"balance":0}],"costCenter":null,"numberTemplate":{"id":"3","prefix":"","number":"36943","fullNumber":"36943","formattedNumber":"36943"}}
2021-09-06 08:38:05 :: ----------send data payment:37141------------
2021-09-06 08:38:05 :: {"date":"2021-09-06","invoices":[{"amount":"70000","id":"37141"}],"bankAccount":2}
2021-09-06 08:38:07 :: ----------result data payment:37141------------
2021-09-06 08:38:07 :: {"id":"38628","date":"2021-09-06","number":"36944","amount":"70000.0000000000","observations":null,"anotation":null,"type":"in","paymentMethod":"","status":"open","bankAccount":{"id":"2","name":"PAYU","type":"bank"},"client":{"id":"28887","name":"Valentina Montien","phone":"3144446332"},"invoices":[{"id":"37141","number":"39402","date":"2021-09-06","amount":70000,"total":70000,"balance":0}],"costCenter":null,"numberTemplate":{"id":"3","prefix":"","number":"36944","fullNumber":"36944","formattedNumber":"36944"}}
2021-09-06 09:08:06 :: ----------send data payment:37142------------
2021-09-06 09:08:06 :: {"date":"2021-09-06","invoices":[{"amount":"90000","id":"37142"}],"bankAccount":2}
2021-09-06 09:08:07 :: ----------result data payment:37142------------
2021-09-06 09:08:07 :: {"id":"38629","date":"2021-09-06","number":"36945","amount":"90000.0000000000","observations":null,"anotation":null,"type":"in","paymentMethod":"","status":"open","bankAccount":{"id":"2","name":"PAYU","type":"bank"},"client":{"id":"27490","name":"Mar\u00eda Paula","phone":"3043251521"},"invoices":[{"id":"37142","number":"39403","date":"2021-09-06","amount":90000,"total":90000,"balance":0}],"costCenter":null,"numberTemplate":{"id":"3","prefix":"","number":"36945","fullNumber":"36945","formattedNumber":"36945"}}
2021-09-06 09:23:04 :: ----------send data payment:37143------------
2021-09-06 09:23:04 :: {"date":"2021-09-06","invoices":[{"amount":"110001","id":"37143"}],"bankAccount":2}
2021-09-06 09:23:07 :: ----------result data payment:37143------------
2021-09-06 09:23:07 :: {"id":"38630","date":"2021-09-06","number":"36946","amount":"110001.0000000000","observations":null,"anotation":null,"type":"in","paymentMethod":"","status":"open","bankAccount":{"id":"2","name":"PAYU","type":"bank"},"client":{"id":"28888","name":"Talento Humano","phone":"3195688488"},"invoices":[{"id":"37143","number":"39404","date":"2021-09-06","amount":110001,"total":110001,"balance":0}],"costCenter":null,"numberTemplate":{"id":"3","prefix":"","number":"36946","fullNumber":"36946","formattedNumber":"36946"}}
2021-09-06 09:34:06 :: ----------send data payment:37144------------
2021-09-06 09:34:06 :: {"date":"2021-09-06","invoices":[{"amount":"66999","id":"37144"}],"bankAccount":2}
2021-09-06 09:34:07 :: ----------result data payment:37144------------
2021-09-06 09:34:07 :: {"id":"38631","date":"2021-09-06","number":"36947","amount":"66999.0000000000","observations":null,"anotation":null,"type":"in","paymentMethod":"","status":"open","bankAccount":{"id":"2","name":"PAYU","type":"bank"},"client":{"id":"28889","name":"Loly Fuentes","phone":"3008439727"},"invoices":[{"id":"37144","number":"39405","date":"2021-09-06","amount":66999,"total":66999,"balance":0}],"costCenter":null,"numberTemplate":{"id":"3","prefix":"","number":"36947","fullNumber":"36947","formattedNumber":"36947"}}
2021-09-06 10:00:06 :: ----------send data payment:37145------------
2021-09-06 10:00:06 :: {"date":"2021-09-06","invoices":[{"amount":"70000","id":"37145"}],"bankAccount":2}
2021-09-06 10:00:07 :: ----------result data payment:37145------------
2021-09-06 10:00:07 :: {"id":"38632","date":"2021-09-06","number":"36948","amount":"70000.0000000000","observations":null,"anotation":null,"type":"in","paymentMethod":"","status":"open","bankAccount":{"id":"2","name":"PAYU","type":"bank"},"client":{"id":"28890","name":"Alejandra villa","phone":"3007251105"},"invoices":[{"id":"37145","number":"39406","date":"2021-09-06","amount":70000,"total":70000,"balance":0}],"costCenter":null,"numberTemplate":{"id":"3","prefix":"","number":"36948","fullNumber":"36948","formattedNumber":"36948"}}
2021-09-06 10:01:09 :: ----------send data payment:37146------------
2021-09-06 10:01:09 :: {"date":"2021-09-06","invoices":[{"amount":"70000","id":"37146"}],"bankAccount":2}
2021-09-06 10:01:11 :: ----------result data payment:37146------------
2021-09-06 10:01:11 :: {"id":"38633","date":"2021-09-06","number":"36949","amount":"70000.0000000000","observations":null,"anotation":null,"type":"in","paymentMethod":"","status":"open","bankAccount":{"id":"2","name":"PAYU","type":"bank"},"client":{"id":"28891","name":"Marjorie fragozo","phone":"3008000081"},"invoices":[{"id":"37146","number":"39407","date":"2021-09-06","amount":70000,"total":70000,"balance":0}],"costCenter":null,"numberTemplate":{"id":"3","prefix":"","number":"36949","fullNumber":"36949","formattedNumber":"36949"}}
2021-09-06 10:04:06 :: ----------send data payment:37147------------
2021-09-06 10:04:06 :: {"date":"2021-09-06","invoices":[{"amount":"32000","id":"37147"}],"bankAccount":2}
2021-09-06 10:04:08 :: ----------result data payment:37147------------
2021-09-06 10:04:08 :: {"id":"38634","date":"2021-09-06","number":"36950","amount":"32000.0000000000","observations":null,"anotation":null,"type":"in","paymentMethod":"","status":"open","bankAccount":{"id":"2","name":"PAYU","type":"bank"},"client":{"id":"28892","name":"Laura Agamez","phone":"3013726871"},"invoices":[{"id":"37147","number":"39408","date":"2021-09-06","amount":32000,"total":32000,"balance":0}],"costCenter":null,"numberTemplate":{"id":"3","prefix":"","number":"36950","fullNumber":"36950","formattedNumber":"36950"}}
2021-09-06 10:19:03 :: ----------send data payment:37148------------
2021-09-06 10:19:03 :: {"date":"2021-09-06","invoices":[{"amount":"60000","id":"37148"}],"bankAccount":2}
2021-09-06 10:19:05 :: ----------result data payment:37148------------
2021-09-06 10:19:05 :: {"id":"38635","date":"2021-09-06","number":"36951","amount":"60000.0000000000","observations":null,"anotation":null,"type":"in","paymentMethod":"","status":"open","bankAccount":{"id":"2","name":"PAYU","type":"bank"},"client":{"id":"24134","name":"YiNa A mOlyNa","phone":"3138355019"},"invoices":[{"id":"37148","number":"39409","date":"2021-09-06","amount":60000,"total":60000,"balance":0}],"costCenter":null,"numberTemplate":{"id":"3","prefix":"","number":"36951","fullNumber":"36951","formattedNumber":"36951"}}
2021-09-06 10:23:07 :: ----------send data payment:37149------------
2021-09-06 10:23:07 :: {"date":"2021-09-06","invoices":[{"amount":"66000","id":"37149"}],"bankAccount":2}
2021-09-06 10:23:08 :: ----------result data payment:37149------------
2021-09-06 10:23:08 :: {"id":"38636","date":"2021-09-06","number":"36952","amount":"66000.0000000000","observations":null,"anotation":null,"type":"in","paymentMethod":"","status":"open","bankAccount":{"id":"2","name":"PAYU","type":"bank"},"client":{"id":"28893","name":"Mayra Alejandra Collazos Correa","phone":"3162253215"},"invoices":[{"id":"37149","number":"39410","date":"2021-09-06","amount":66000,"total":66000,"balance":0}],"costCenter":null,"numberTemplate":{"id":"3","prefix":"","number":"36952","fullNumber":"36952","formattedNumber":"36952"}}
2021-09-06 10:27:04 :: ----------send data payment:37150------------
2021-09-06 10:27:04 :: {"date":"2021-09-06","invoices":[{"amount":"41000","id":"37150"}],"bankAccount":2}
2021-09-06 10:27:06 :: ----------result data payment:37150------------
2021-09-06 10:27:06 :: {"id":"38637","date":"2021-09-06","number":"36953","amount":"41000.0000000000","observations":null,"anotation":null,"type":"in","paymentMethod":"","status":"open","bankAccount":{"id":"2","name":"PAYU","type":"bank"},"client":{"id":"28894","name":"CAROLINA","phone":"3155098586"},"invoices":[{"id":"37150","number":"39411","date":"2021-09-06","amount":41000,"total":41000,"balance":0}],"costCenter":null,"numberTemplate":{"id":"3","prefix":"","number":"36953","fullNumber":"36953","formattedNumber":"36953"}}
2021-09-06 10:51:11 :: ----------send data payment:37151------------
2021-09-06 10:51:11 :: {"date":"2021-09-06","invoices":[{"amount":"122000","id":"37151"}],"bankAccount":2}
2021-09-06 10:51:12 :: ----------result data payment:37151------------
2021-09-06 10:51:12 :: {"id":"38638","date":"2021-09-06","number":"36954","amount":"122000.0000000000","observations":null,"anotation":null,"type":"in","paymentMethod":"","status":"open","bankAccount":{"id":"2","name":"PAYU","type":"bank"},"client":{"id":"16400","name":"Jessica Montes Mu\u00f1oz","phone":"3045663407"},"invoices":[{"id":"37151","number":"39412","date":"2021-09-06","amount":122000,"total":122000,"balance":0}],"costCenter":null,"numberTemplate":{"id":"3","prefix":"","number":"36954","fullNumber":"36954","formattedNumber":"36954"}}
2021-09-06 10:56:07 :: ----------send data payment:37152------------
2021-09-06 10:56:07 :: {"date":"2021-09-06","invoices":[{"amount":"45000","id":"37152"}],"bankAccount":2}
2021-09-06 10:56:09 :: ----------result data payment:37152------------
2021-09-06 10:56:09 :: {"id":"38639","date":"2021-09-06","number":"36955","amount":"45000.0000000000","observations":null,"anotation":null,"type":"in","paymentMethod":"","status":"open","bankAccount":{"id":"2","name":"PAYU","type":"bank"},"client":{"id":"10949","name":"marcelaamaya54","phone":"3213206578"},"invoices":[{"id":"37152","number":"39413","date":"2021-09-06","amount":45000,"total":45000,"balance":0}],"costCenter":null,"numberTemplate":{"id":"3","prefix":"","number":"36955","fullNumber":"36955","formattedNumber":"36955"}}
2021-09-06 11:28:05 :: ----------send data payment:37155------------
2021-09-06 11:28:05 :: {"date":"2021-09-06","invoices":[{"amount":"70000","id":"37155"}],"bankAccount":2}
2021-09-06 11:28:07 :: ----------result data payment:37155------------
2021-09-06 11:28:07 :: {"id":"38640","date":"2021-09-06","number":"36956","amount":"70000.0000000000","observations":null,"anotation":null,"type":"in","paymentMethod":"","status":"open","bankAccount":{"id":"2","name":"PAYU","type":"bank"},"client":{"id":"28895","name":"Alejandra Romero","phone":"3137327474"},"invoices":[{"id":"37155","number":"39416","date":"2021-09-06","amount":70000,"total":70000,"balance":0}],"costCenter":null,"numberTemplate":{"id":"3","prefix":"","number":"36956","fullNumber":"36956","formattedNumber":"36956"}}
2021-09-06 11:30:05 :: ----------send data payment:37156------------
2021-09-06 11:30:05 :: {"date":"2021-09-06","invoices":[{"amount":"67000","id":"37156"}],"bankAccount":2}
2021-09-06 11:30:06 :: ----------result data payment:37156------------
2021-09-06 11:30:06 :: {"id":"38641","date":"2021-09-06","number":"36957","amount":"67000.0000000000","observations":null,"anotation":null,"type":"in","paymentMethod":"","status":"open","bankAccount":{"id":"2","name":"PAYU","type":"bank"},"client":{"id":"28896","name":"11. Betancur Marcela","phone":"3208662390"},"invoices":[{"id":"37156","number":"39417","date":"2021-09-06","amount":67000,"total":67000,"balance":0}],"costCenter":null,"numberTemplate":{"id":"3","prefix":"","number":"36957","fullNumber":"36957","formattedNumber":"36957"}}
2021-09-06 11:36:11 :: ----------send data payment:37157------------
2021-09-06 11:36:11 :: {"date":"2021-09-06","invoices":[{"amount":"55000","id":"37157"}],"bankAccount":2}
2021-09-06 11:36:13 :: ----------result data payment:37157------------
2021-09-06 11:36:13 :: {"id":"38642","date":"2021-09-06","number":"36958","amount":"55000.0000000000","observations":null,"anotation":null,"type":"in","paymentMethod":"","status":"open","bankAccount":{"id":"2","name":"PAYU","type":"bank"},"client":{"id":"28897","name":"Daniela Cubillos","phone":"3164549074"},"invoices":[{"id":"37157","number":"39418","date":"2021-09-06","amount":55000,"total":55000,"balance":0}],"costCenter":null,"numberTemplate":{"id":"3","prefix":"","number":"36958","fullNumber":"36958","formattedNumber":"36958"}}
2021-09-06 11:58:05 :: ----------send data payment:37158------------
2021-09-06 11:58:05 :: {"date":"2021-09-06","invoices":[{"amount":"120000","id":"37158"}],"bankAccount":2}
2021-09-06 11:58:07 :: ----------result data payment:37158------------
2021-09-06 11:58:07 :: {"id":"38643","date":"2021-09-06","number":"36959","amount":"120000.0000000000","observations":null,"anotation":null,"type":"in","paymentMethod":"","status":"open","bankAccount":{"id":"2","name":"PAYU","type":"bank"},"client":{"id":"28898","name":"Luz maryory gonzalez","phone":"3014366673"},"invoices":[{"id":"37158","number":"39419","date":"2021-09-06","amount":120000,"total":120000,"balance":0}],"costCenter":null,"numberTemplate":{"id":"3","prefix":"","number":"36959","fullNumber":"36959","formattedNumber":"36959"}}
2021-09-06 12:15:13 :: ----------send data payment:37159------------
2021-09-06 12:15:13 :: {"date":"2021-09-06","invoices":[{"amount":"96000","id":"37159"}],"bankAccount":2}
2021-09-06 12:15:14 :: ----------result data payment:37159------------
2021-09-06 12:15:14 :: {"id":"38644","date":"2021-09-06","number":"36960","amount":"96000.0000000000","observations":null,"anotation":null,"type":"in","paymentMethod":"","status":"open","bankAccount":{"id":"2","name":"PAYU","type":"bank"},"client":{"id":"28899","name":"Valentina Burbano Consta\u00edn","phone":"3164800416"},"invoices":[{"id":"37159","number":"39420","date":"2021-09-06","amount":96000,"total":96000,"balance":0}],"costCenter":null,"numberTemplate":{"id":"3","prefix":"","number":"36960","fullNumber":"36960","formattedNumber":"36960"}}
2021-09-06 12:42:05 :: ----------send data payment:37161------------
2021-09-06 12:42:05 :: {"date":"2021-09-06","invoices":[{"amount":"163001","id":"37161"}],"bankAccount":2}
2021-09-06 12:42:06 :: ----------result data payment:37161------------
2021-09-06 12:42:06 :: {"id":"38645","date":"2021-09-06","number":"36961","amount":"163001.0000000000","observations":null,"anotation":null,"type":"in","paymentMethod":"","status":"open","bankAccount":{"id":"2","name":"PAYU","type":"bank"},"client":{"id":"28900","name":"Eliana Cabrera","phone":"3113109877"},"invoices":[{"id":"37161","number":"39422","date":"2021-09-06","amount":163001,"total":163001,"balance":0}],"costCenter":null,"numberTemplate":{"id":"3","prefix":"","number":"36961","fullNumber":"36961","formattedNumber":"36961"}}
2021-09-06 12:53:04 :: ----------send data payment:37162------------
2021-09-06 12:53:04 :: {"date":"2021-09-06","invoices":[{"amount":"114000","id":"37162"}],"bankAccount":2}
2021-09-06 12:53:05 :: ----------result data payment:37162------------
2021-09-06 12:53:05 :: {"id":"38646","date":"2021-09-06","number":"36962","amount":"114000.0000000000","observations":null,"anotation":null,"type":"in","paymentMethod":"","status":"open","bankAccount":{"id":"2","name":"PAYU","type":"bank"},"client":{"id":"13963","name":"Alejandra Ocampo","phone":"3107843847"},"invoices":[{"id":"37162","number":"39423","date":"2021-09-06","amount":114000,"total":114000,"balance":0}],"costCenter":null,"numberTemplate":{"id":"3","prefix":"","number":"36962","fullNumber":"36962","formattedNumber":"36962"}}
2021-09-06 01:05:04 :: ----------send data payment:37163------------
2021-09-06 01:05:04 :: {"date":"2021-09-06","invoices":[{"amount":"68000","id":"37163"}],"bankAccount":2}
2021-09-06 01:05:06 :: ----------result data payment:37163------------
2021-09-06 01:05:06 :: {"id":"38647","date":"2021-09-06","number":"36963","amount":"68000.0000000000","observations":null,"anotation":null,"type":"in","paymentMethod":"","status":"open","bankAccount":{"id":"2","name":"PAYU","type":"bank"},"client":{"id":"11057","name":"LISET HINCAPIE","phone":"3004211986"},"invoices":[{"id":"37163","number":"39424","date":"2021-09-06","amount":68000,"total":68000,"balance":0}],"costCenter":null,"numberTemplate":{"id":"3","prefix":"","number":"36963","fullNumber":"36963","formattedNumber":"36963"}}
2021-09-06 02:01:09 :: ----------send data payment:37164------------
2021-09-06 02:01:09 :: {"date":"2021-09-06","invoices":[{"amount":"80001","id":"37164"}],"bankAccount":2}
2021-09-06 02:01:11 :: ----------result data payment:37164------------
2021-09-06 02:01:11 :: {"id":"38649","date":"2021-09-06","number":"36965","amount":"80001.0000000000","observations":null,"anotation":null,"type":"in","paymentMethod":"","status":"open","bankAccount":{"id":"2","name":"PAYU","type":"bank"},"client":{"id":"28901","name":"Diana Leam","phone":"3046311900"},"invoices":[{"id":"37164","number":"39425","date":"2021-09-06","amount":80001,"total":80001,"balance":0}],"costCenter":null,"numberTemplate":{"id":"3","prefix":"","number":"36965","fullNumber":"36965","formattedNumber":"36965"}}
2021-09-06 02:01:14 :: ----------send data payment:37165------------
2021-09-06 02:01:14 :: {"date":"2021-09-06","invoices":[{"amount":"70000","id":"37165"}],"bankAccount":2}
2021-09-06 02:01:15 :: ----------result data payment:37165------------
2021-09-06 02:01:15 :: {"id":"38650","date":"2021-09-06","number":"36966","amount":"70000.0000000000","observations":null,"anotation":null,"type":"in","paymentMethod":"","status":"open","bankAccount":{"id":"2","name":"PAYU","type":"bank"},"client":{"id":"28902","name":"Dayana Orozco","phone":"309258741"},"invoices":[{"id":"37165","number":"39426","date":"2021-09-06","amount":70000,"total":70000,"balance":0}],"costCenter":null,"numberTemplate":{"id":"3","prefix":"","number":"36966","fullNumber":"36966","formattedNumber":"36966"}}
2021-09-06 02:02:06 :: ----------send data payment:37166------------
2021-09-06 02:02:06 :: {"date":"2021-09-06","invoices":[{"amount":"70000","id":"37166"}],"bankAccount":2}
2021-09-06 02:02:07 :: ----------result data payment:37166------------
2021-09-06 02:02:07 :: {"id":"38651","date":"2021-09-06","number":"36967","amount":"70000.0000000000","observations":null,"anotation":null,"type":"in","paymentMethod":"","status":"open","bankAccount":{"id":"2","name":"PAYU","type":"bank"},"client":{"id":"28903","name":"katlyng vargas","phone":"3015500020"},"invoices":[{"id":"37166","number":"39427","date":"2021-09-06","amount":70000,"total":70000,"balance":0}],"costCenter":null,"numberTemplate":{"id":"3","prefix":"","number":"36967","fullNumber":"36967","formattedNumber":"36967"}}
2021-09-06 02:10:04 :: ----------send data payment:37167------------
2021-09-06 02:10:04 :: {"date":"2021-09-06","invoices":[{"amount":"70000","id":"37167"}],"bankAccount":2}
2021-09-06 02:10:05 :: ----------result data payment:37167------------
2021-09-06 02:10:05 :: {"id":"38652","date":"2021-09-06","number":"36968","amount":"70000.0000000000","observations":null,"anotation":null,"type":"in","paymentMethod":"","status":"open","bankAccount":{"id":"2","name":"PAYU","type":"bank"},"client":{"id":"28904","name":"Luisa gonzalez","phone":"3013151239"},"invoices":[{"id":"37167","number":"39428","date":"2021-09-06","amount":70000,"total":70000,"balance":0}],"costCenter":null,"numberTemplate":{"id":"3","prefix":"","number":"36968","fullNumber":"36968","formattedNumber":"36968"}}
2021-09-06 02:56:11 :: ----------send data payment:37168------------
2021-09-06 02:56:11 :: {"date":"2021-09-06","invoices":[{"amount":"193000","id":"37168"}],"bankAccount":2}
2021-09-06 02:56:13 :: ----------result data payment:37168------------
2021-09-06 02:56:13 :: {"id":"38653","date":"2021-09-06","number":"36969","amount":"193000.0000000000","observations":null,"anotation":null,"type":"in","paymentMethod":"","status":"open","bankAccount":{"id":"2","name":"PAYU","type":"bank"},"client":{"id":"28905","name":"Vally prado","phone":"3183214725"},"invoices":[{"id":"37168","number":"39429","date":"2021-09-06","amount":193000,"total":193000,"balance":0}],"costCenter":null,"numberTemplate":{"id":"3","prefix":"","number":"36969","fullNumber":"36969","formattedNumber":"36969"}}
2021-09-06 02:58:11 :: ----------send data payment:37169------------
2021-09-06 02:58:11 :: {"date":"2021-09-06","invoices":[{"amount":"39000","id":"37169"}],"bankAccount":2}
2021-09-06 02:58:18 :: ----------result data payment:37169------------
2021-09-06 02:58:18 :: {"id":"38654","date":"2021-09-06","number":"36970","amount":"39000.0000000000","observations":null,"anotation":null,"type":"in","paymentMethod":"","status":"open","bankAccount":{"id":"2","name":"PAYU","type":"bank"},"client":{"id":"25989","name":"Andrea Quiroga","phone":"3183437736"},"invoices":[{"id":"37169","number":"39430","date":"2021-09-06","amount":39000,"total":39000,"balance":0}],"costCenter":null,"numberTemplate":{"id":"3","prefix":"","number":"36970","fullNumber":"36970","formattedNumber":"36970"}}
2021-09-06 02:59:08 :: ----------send data payment:37170------------
2021-09-06 02:59:08 :: {"date":"2021-09-06","invoices":[{"amount":"160000","id":"37170"}],"bankAccount":2}
2021-09-06 02:59:10 :: ----------result data payment:37170------------
2021-09-06 02:59:10 :: {"id":"38655","date":"2021-09-06","number":"36971","amount":"160000.0000000000","observations":null,"anotation":null,"type":"in","paymentMethod":"","status":"open","bankAccount":{"id":"2","name":"PAYU","type":"bank"},"client":{"id":"28906","name":"Laura Reyes","phone":"3213171768"},"invoices":[{"id":"37170","number":"39431","date":"2021-09-06","amount":160000,"total":160000,"balance":0}],"costCenter":null,"numberTemplate":{"id":"3","prefix":"","number":"36971","fullNumber":"36971","formattedNumber":"36971"}}
2021-09-06 03:06:10 :: ----------send data payment:37171------------
2021-09-06 03:06:10 :: {"date":"2021-09-06","invoices":[{"amount":"70000","id":"37171"}],"bankAccount":2}
2021-09-06 03:06:13 :: ----------result data payment:37171------------
2021-09-06 03:06:13 :: {"id":"38656","date":"2021-09-06","number":"36972","amount":"70000.0000000000","observations":null,"anotation":null,"type":"in","paymentMethod":"","status":"open","bankAccount":{"id":"2","name":"PAYU","type":"bank"},"client":{"id":"28909","name":"Davian Ricardo Toncel Socarras","phone":"3046330726"},"invoices":[{"id":"37171","number":"39432","date":"2021-09-06","amount":70000,"total":70000,"balance":0}],"costCenter":null,"numberTemplate":{"id":"3","prefix":"","number":"36972","fullNumber":"36972","formattedNumber":"36972"}}
2021-09-06 03:13:07 :: ----------send data payment:37173------------
2021-09-06 03:13:07 :: {"date":"2021-09-06","invoices":[{"amount":"100000","id":"37173"}],"bankAccount":2}
2021-09-06 03:13:09 :: ----------result data payment:37173------------
2021-09-06 03:13:09 :: {"id":"38658","date":"2021-09-06","number":"36973","amount":"100000.0000000000","observations":null,"anotation":null,"type":"in","paymentMethod":"","status":"open","bankAccount":{"id":"2","name":"PAYU","type":"bank"},"client":{"id":"28910","name":"Elsa Herrera","phone":"3108009851"},"invoices":[{"id":"37173","number":"39434","date":"2021-09-06","amount":100000,"total":100000,"balance":0}],"costCenter":null,"numberTemplate":{"id":"3","prefix":"","number":"36973","fullNumber":"36973","formattedNumber":"36973"}}
2021-09-06 03:13:11 :: ----------send data payment:37174------------
2021-09-06 03:13:11 :: {"date":"2021-09-06","invoices":[{"amount":"70000","id":"37174"}],"bankAccount":2}
2021-09-06 03:13:12 :: ----------result data payment:37174------------
2021-09-06 03:13:12 :: {"id":"38659","date":"2021-09-06","number":"36974","amount":"70000.0000000000","observations":null,"anotation":null,"type":"in","paymentMethod":"","status":"open","bankAccount":{"id":"2","name":"PAYU","type":"bank"},"client":{"id":"28911","name":"Deyssy David","phone":"3132044631"},"invoices":[{"id":"37174","number":"39435","date":"2021-09-06","amount":70000,"total":70000,"balance":0}],"costCenter":null,"numberTemplate":{"id":"3","prefix":"","number":"36974","fullNumber":"36974","formattedNumber":"36974"}}
2021-09-06 03:23:13 :: ----------send data payment:37175------------
2021-09-06 03:23:13 :: {"date":"2021-09-06","invoices":[{"amount":"82000","id":"37175"}],"bankAccount":2}
2021-09-06 03:23:14 :: ----------result data payment:37175------------
2021-09-06 03:23:14 :: {"id":"38660","date":"2021-09-06","number":"36975","amount":"82000.0000000000","observations":null,"anotation":null,"type":"in","paymentMethod":"","status":"open","bankAccount":{"id":"2","name":"PAYU","type":"bank"},"client":{"id":"28912","name":"Edna Pinzon","phone":"3024305222"},"invoices":[{"id":"37175","number":"39436","date":"2021-09-06","amount":82000,"total":82000,"balance":0}],"costCenter":null,"numberTemplate":{"id":"3","prefix":"","number":"36975","fullNumber":"36975","formattedNumber":"36975"}}
2021-09-06 03:29:03 :: ----------send data payment:37176------------
2021-09-06 03:29:03 :: {"date":"2021-09-06","invoices":[{"amount":"61000","id":"37176"}],"bankAccount":2}
2021-09-06 03:29:06 :: ----------result data payment:37176------------
2021-09-06 03:29:06 :: {"id":"38661","date":"2021-09-06","number":"36976","amount":"61000.0000000000","observations":null,"anotation":null,"type":"in","paymentMethod":"","status":"open","bankAccount":{"id":"2","name":"PAYU","type":"bank"},"client":{"id":"14427","name":"yudygomez3130","phone":"3147676536"},"invoices":[{"id":"37176","number":"39437","date":"2021-09-06","amount":61000,"total":61000,"balance":0}],"costCenter":null,"numberTemplate":{"id":"3","prefix":"","number":"36976","fullNumber":"36976","formattedNumber":"36976"}}
2021-09-06 03:41:10 :: ----------send data payment:37177------------
2021-09-06 03:41:10 :: {"date":"2021-09-06","invoices":[{"amount":"102000","id":"37177"}],"bankAccount":2}
2021-09-06 03:41:12 :: ----------result data payment:37177------------
2021-09-06 03:41:12 :: {"id":"38662","date":"2021-09-06","number":"36977","amount":"102000.0000000000","observations":null,"anotation":null,"type":"in","paymentMethod":"","status":"open","bankAccount":{"id":"2","name":"PAYU","type":"bank"},"client":{"id":"28913","name":"Angie Prieto","phone":"3142674415"},"invoices":[{"id":"37177","number":"39438","date":"2021-09-06","amount":102000,"total":102000,"balance":0}],"costCenter":null,"numberTemplate":{"id":"3","prefix":"","number":"36977","fullNumber":"36977","formattedNumber":"36977"}}
2021-09-06 03:46:08 :: ----------send data payment:37178------------
2021-09-06 03:46:08 :: {"date":"2021-09-06","invoices":[{"amount":"170000","id":"37178"}],"bankAccount":2}
2021-09-06 03:46:10 :: ----------result data payment:37178------------
2021-09-06 03:46:10 :: {"id":"38663","date":"2021-09-06","number":"36978","amount":"170000.0000000000","observations":null,"anotation":null,"type":"in","paymentMethod":"","status":"open","bankAccount":{"id":"2","name":"PAYU","type":"bank"},"client":{"id":"26029","name":"Dayana Pardo","phone":"3125047700"},"invoices":[{"id":"37178","number":"39439","date":"2021-09-06","amount":170000,"total":170000,"balance":0}],"costCenter":null,"numberTemplate":{"id":"3","prefix":"","number":"36978","fullNumber":"36978","formattedNumber":"36978"}}
2021-09-06 03:54:05 :: ----------send data payment:37179------------
2021-09-06 03:54:05 :: {"date":"2021-09-06","invoices":[{"amount":"280000","id":"37179"}],"bankAccount":2}
2021-09-06 03:54:06 :: ----------result data payment:37179------------
2021-09-06 03:54:06 :: {"id":"38664","date":"2021-09-06","number":"36979","amount":"280000.0000000000","observations":null,"anotation":null,"type":"in","paymentMethod":"","status":"open","bankAccount":{"id":"2","name":"PAYU","type":"bank"},"client":{"id":"28914","name":"Maria Juliana Rinc\u00f3n","phone":"3138805771"},"invoices":[{"id":"37179","number":"39440","date":"2021-09-06","amount":280000,"total":280000,"balance":0}],"costCenter":null,"numberTemplate":{"id":"3","prefix":"","number":"36979","fullNumber":"36979","formattedNumber":"36979"}}
2021-09-06 03:55:05 :: ----------send data payment:37180------------
2021-09-06 03:55:05 :: {"date":"2021-09-06","invoices":[{"amount":"39000","id":"37180"}],"bankAccount":2}
2021-09-06 03:55:06 :: ----------result data payment:37180------------
2021-09-06 03:55:06 :: {"id":"38665","date":"2021-09-06","number":"36980","amount":"39000.0000000000","observations":null,"anotation":null,"type":"in","paymentMethod":"","status":"open","bankAccount":{"id":"2","name":"PAYU","type":"bank"},"client":{"id":"28915","name":"Mar\u00eda Jos\u00e9 V\u00e1squez","phone":"3012181032"},"invoices":[{"id":"37180","number":"39441","date":"2021-09-06","amount":39000,"total":39000,"balance":0}],"costCenter":null,"numberTemplate":{"id":"3","prefix":"","number":"36980","fullNumber":"36980","formattedNumber":"36980"}}
2021-09-06 03:59:07 :: ----------send data payment:37181------------
2021-09-06 03:59:07 :: {"date":"2021-09-06","invoices":[{"amount":"84998","id":"37181"}],"bankAccount":2}
2021-09-06 03:59:09 :: ----------result data payment:37181------------
2021-09-06 03:59:09 :: {"id":"38666","date":"2021-09-06","number":"36981","amount":"84998.0000000000","observations":null,"anotation":null,"type":"in","paymentMethod":"","status":"open","bankAccount":{"id":"2","name":"PAYU","type":"bank"},"client":{"id":"28916","name":"lina merch\u00e1n","phone":"3102114016"},"invoices":[{"id":"37181","number":"39442","date":"2021-09-06","amount":84998,"total":84998,"balance":0}],"costCenter":null,"numberTemplate":{"id":"3","prefix":"","number":"36981","fullNumber":"36981","formattedNumber":"36981"}}
2021-09-06 04:01:12 :: ----------send data payment:37182------------
2021-09-06 04:01:12 :: {"date":"2021-09-06","invoices":[{"amount":"284001","id":"37182"}],"bankAccount":2}
2021-09-06 04:01:14 :: ----------result data payment:37182------------
2021-09-06 04:01:14 :: {"id":"38667","date":"2021-09-06","number":"36982","amount":"284001.0000000000","observations":null,"anotation":null,"type":"in","paymentMethod":"","status":"open","bankAccount":{"id":"2","name":"PAYU","type":"bank"},"client":{"id":"8948","name":"Nayelly Palacios","phone":"3226311184"},"invoices":[{"id":"37182","number":"39443","date":"2021-09-06","amount":284001,"total":284001,"balance":0}],"costCenter":null,"numberTemplate":{"id":"3","prefix":"","number":"36982","fullNumber":"36982","formattedNumber":"36982"}}
2021-09-06 04:08:11 :: ----------send data payment:37183------------
2021-09-06 04:08:11 :: {"date":"2021-09-06","invoices":[{"amount":"71999","id":"37183"}],"bankAccount":2}
2021-09-06 04:08:12 :: ----------result data payment:37183------------
2021-09-06 04:08:12 :: {"id":"38668","date":"2021-09-06","number":"36983","amount":"71999.0000000000","observations":null,"anotation":null,"type":"in","paymentMethod":"","status":"open","bankAccount":{"id":"2","name":"PAYU","type":"bank"},"client":{"id":"28917","name":"Libny Molano","phone":"3128026300"},"invoices":[{"id":"37183","number":"39444","date":"2021-09-06","amount":71999,"total":71999,"balance":0}],"costCenter":null,"numberTemplate":{"id":"3","prefix":"","number":"36983","fullNumber":"36983","formattedNumber":"36983"}}
2021-09-06 04:30:05 :: ----------send data payment:37184------------
2021-09-06 04:30:05 :: {"date":"2021-09-06","invoices":[{"amount":"56000","id":"37184"}],"bankAccount":2}
2021-09-06 04:30:06 :: ----------result data payment:37184------------
2021-09-06 04:30:06 :: {"id":"38669","date":"2021-09-06","number":"36984","amount":"56000.0000000000","observations":null,"anotation":null,"type":"in","paymentMethod":"","status":"open","bankAccount":{"id":"2","name":"PAYU","type":"bank"},"client":{"id":"28918","name":"Juan yepes","phone":"3158246541"},"invoices":[{"id":"37184","number":"39445","date":"2021-09-06","amount":56000,"total":56000,"balance":0}],"costCenter":null,"numberTemplate":{"id":"3","prefix":"","number":"36984","fullNumber":"36984","formattedNumber":"36984"}}
2021-09-06 04:34:04 :: ----------send data payment:37185------------
2021-09-06 04:34:04 :: {"date":"2021-09-06","invoices":[{"amount":"112000","id":"37185"}],"bankAccount":2}
2021-09-06 04:34:05 :: ----------result data payment:37185------------
2021-09-06 04:34:05 :: {"id":"38670","date":"2021-09-06","number":"36985","amount":"112000.0000000000","observations":null,"anotation":null,"type":"in","paymentMethod":"","status":"open","bankAccount":{"id":"2","name":"PAYU","type":"bank"},"client":{"id":"14544","name":"juliana sepulveda","phone":"3103276361"},"invoices":[{"id":"37185","number":"39446","date":"2021-09-06","amount":112000,"total":112000,"balance":0}],"costCenter":null,"numberTemplate":{"id":"3","prefix":"","number":"36985","fullNumber":"36985","formattedNumber":"36985"}}
2021-09-06 04:47:05 :: ----------send data payment:37186------------
2021-09-06 04:47:05 :: {"date":"2021-09-06","invoices":[{"amount":"81013","id":"37186"}],"bankAccount":2}
2021-09-06 04:47:07 :: ----------result data payment:37186------------
2021-09-06 04:47:07 :: {"id":"38671","date":"2021-09-06","number":"36986","amount":"81013.0000000000","observations":null,"anotation":null,"type":"in","paymentMethod":"","status":"open","bankAccount":{"id":"2","name":"PAYU","type":"bank"},"client":{"id":"28919","name":"KIMBERLY SALAZAR","phone":"3232877978"},"invoices":[{"id":"37186","number":"39447","date":"2021-09-06","amount":81013,"total":81013,"balance":0}],"costCenter":null,"numberTemplate":{"id":"3","prefix":"","number":"36986","fullNumber":"36986","formattedNumber":"36986"}}
2021-09-06 05:04:06 :: ----------send data payment:37187------------
2021-09-06 05:04:06 :: {"date":"2021-09-06","invoices":[{"amount":"70000","id":"37187"}],"bankAccount":2}
2021-09-06 05:04:07 :: ----------result data payment:37187------------
2021-09-06 05:04:07 :: {"id":"38672","date":"2021-09-06","number":"36987","amount":"70000.0000000000","observations":null,"anotation":null,"type":"in","paymentMethod":"","status":"open","bankAccount":{"id":"2","name":"PAYU","type":"bank"},"client":{"id":"28920","name":"Hiutzy Dayhana","phone":"3203874404"},"invoices":[{"id":"37187","number":"39448","date":"2021-09-06","amount":70000,"total":70000,"balance":0}],"costCenter":null,"numberTemplate":{"id":"3","prefix":"","number":"36987","fullNumber":"36987","formattedNumber":"36987"}}
2021-09-06 05:35:13 :: ----------send data payment:37188------------
2021-09-06 05:35:13 :: {"date":"2021-09-06","invoices":[{"amount":"70000","id":"37188"}],"bankAccount":2}
2021-09-06 05:35:14 :: ----------result data payment:37188------------
2021-09-06 05:35:14 :: {"id":"38673","date":"2021-09-06","number":"36988","amount":"70000.0000000000","observations":null,"anotation":null,"type":"in","paymentMethod":"","status":"open","bankAccount":{"id":"2","name":"PAYU","type":"bank"},"client":{"id":"28921","name":"Yulianis Noya","phone":"3013676004"},"invoices":[{"id":"37188","number":"39449","date":"2021-09-06","amount":70000,"total":70000,"balance":0}],"costCenter":null,"numberTemplate":{"id":"3","prefix":"","number":"36988","fullNumber":"36988","formattedNumber":"36988"}}
2021-09-06 05:42:05 :: ----------send data payment:37189------------
2021-09-06 05:42:05 :: {"date":"2021-09-06","invoices":[{"amount":"118999","id":"37189"}],"bankAccount":2}
2021-09-06 05:42:06 :: ----------result data payment:37189------------
2021-09-06 05:42:06 :: {"id":"38675","date":"2021-09-06","number":"36990","amount":"118999.0000000000","observations":null,"anotation":null,"type":"in","paymentMethod":"","status":"open","bankAccount":{"id":"2","name":"PAYU","type":"bank"},"client":{"id":"28922","name":"Valentina Durango","phone":"3229066043"},"invoices":[{"id":"37189","number":"39450","date":"2021-09-06","amount":118999,"total":118999,"balance":0}],"costCenter":null,"numberTemplate":{"id":"3","prefix":"","number":"36990","fullNumber":"36990","formattedNumber":"36990"}}
2021-09-06 06:05:04 :: ----------send data payment:37190------------
2021-09-06 06:05:04 :: {"date":"2021-09-06","invoices":[{"amount":"52000","id":"37190"}],"bankAccount":2}
2021-09-06 06:05:06 :: ----------result data payment:37190------------
2021-09-06 06:05:06 :: {"id":"38676","date":"2021-09-06","number":"36991","amount":"52000.0000000000","observations":null,"anotation":null,"type":"in","paymentMethod":"","status":"open","bankAccount":{"id":"2","name":"PAYU","type":"bank"},"client":{"id":"28923","name":"Blanca In\u00e9s Castellanos","phone":"3102539812"},"invoices":[{"id":"37190","number":"39451","date":"2021-09-06","amount":52000,"total":52000,"balance":0}],"costCenter":null,"numberTemplate":{"id":"3","prefix":"","number":"36991","fullNumber":"36991","formattedNumber":"36991"}}
2021-09-06 07:45:04 :: ----------send data payment:37191------------
2021-09-06 07:45:04 :: {"date":"2021-09-06","invoices":[{"amount":"30000","id":"37191"}],"bankAccount":2}
2021-09-06 07:45:05 :: ----------result data payment:37191------------
2021-09-06 07:45:05 :: {"id":"38677","date":"2021-09-06","number":"36992","amount":"30000.0000000000","observations":null,"anotation":null,"type":"in","paymentMethod":"","status":"open","bankAccount":{"id":"2","name":"PAYU","type":"bank"},"client":{"id":"28924","name":"Mar\u00eda Camila Quirama Jim\u00e9nez","phone":"3053544105"},"invoices":[{"id":"37191","number":"39452","date":"2021-09-06","amount":30000,"total":30000,"balance":0}],"costCenter":null,"numberTemplate":{"id":"3","prefix":"","number":"36992","fullNumber":"36992","formattedNumber":"36992"}}
2021-09-06 08:01:09 :: ----------send data payment:37192------------
2021-09-06 08:01:09 :: {"date":"2021-09-06","invoices":[{"amount":"30000","id":"37192"}],"bankAccount":2}
2021-09-06 08:01:10 :: ----------result data payment:37192------------
2021-09-06 08:01:10 :: {"id":"38678","date":"2021-09-06","number":"36993","amount":"30000.0000000000","observations":null,"anotation":null,"type":"in","paymentMethod":"","status":"open","bankAccount":{"id":"2","name":"PAYU","type":"bank"},"client":{"id":"28925","name":"Vanessa Chaves Velez","phone":"3103871638"},"invoices":[{"id":"37192","number":"39453","date":"2021-09-06","amount":30000,"total":30000,"balance":0}],"costCenter":null,"numberTemplate":{"id":"3","prefix":"","number":"36993","fullNumber":"36993","formattedNumber":"36993"}}
2021-09-06 08:42:04 :: ----------send data payment:37193------------
2021-09-06 08:42:04 :: {"date":"2021-09-06","invoices":[{"amount":"31000","id":"37193"}],"bankAccount":2}
2021-09-06 08:42:05 :: ----------result data payment:37193------------
2021-09-06 08:42:05 :: {"id":"38679","date":"2021-09-06","number":"36994","amount":"31000.0000000000","observations":null,"anotation":null,"type":"in","paymentMethod":"","status":"open","bankAccount":{"id":"2","name":"PAYU","type":"bank"},"client":{"id":"23035","name":"Lady arbelaez","phone":"3057666385"},"invoices":[{"id":"37193","number":"39454","date":"2021-09-06","amount":31000,"total":31000,"balance":0}],"costCenter":null,"numberTemplate":{"id":"3","prefix":"","number":"36994","fullNumber":"36994","formattedNumber":"36994"}}
2021-09-06 09:17:05 :: ----------send data payment:37194------------
2021-09-06 09:17:05 :: {"date":"2021-09-06","invoices":[{"amount":"70000","id":"37194"}],"bankAccount":2}
2021-09-06 09:17:06 :: ----------result data payment:37194------------
2021-09-06 09:17:06 :: {"id":"38680","date":"2021-09-06","number":"36995","amount":"70000.0000000000","observations":null,"anotation":null,"type":"in","paymentMethod":"","status":"open","bankAccount":{"id":"2","name":"PAYU","type":"bank"},"client":{"id":"28926","name":"Ingrit Diaz","phone":"3145179194"},"invoices":[{"id":"37194","number":"39455","date":"2021-09-06","amount":70000,"total":70000,"balance":0}],"costCenter":null,"numberTemplate":{"id":"3","prefix":"","number":"36995","fullNumber":"36995","formattedNumber":"36995"}}
2021-09-06 09:55:05 :: ----------send data payment:37195------------
2021-09-06 09:55:05 :: {"date":"2021-09-06","invoices":[{"amount":"22600","id":"37195"}],"bankAccount":2}
2021-09-06 09:55:06 :: ----------result data payment:37195------------
2021-09-06 09:55:06 :: {"id":"38681","date":"2021-09-06","number":"36996","amount":"22600.0000000000","observations":null,"anotation":null,"type":"in","paymentMethod":"","status":"open","bankAccount":{"id":"2","name":"PAYU","type":"bank"},"client":{"id":"28927","name":"Sof\u00eda mari\u00f1o","phone":"3017323024"},"invoices":[{"id":"37195","number":"39456","date":"2021-09-06","amount":22600,"total":22600,"balance":0}],"costCenter":null,"numberTemplate":{"id":"3","prefix":"","number":"36996","fullNumber":"36996","formattedNumber":"36996"}}
2021-09-06 10:21:14 :: ----------send data payment:37196------------
2021-09-06 10:21:14 :: {"date":"2021-09-06","invoices":[{"amount":"40000","id":"37196"}],"bankAccount":2}
2021-09-06 10:21:15 :: ----------result data payment:37196------------
2021-09-06 10:21:15 :: {"id":"38682","date":"2021-09-06","number":"36997","amount":"40000.0000000000","observations":null,"anotation":null,"type":"in","paymentMethod":"","status":"open","bankAccount":{"id":"2","name":"PAYU","type":"bank"},"client":{"id":"28928","name":"Cristina Ruiz Restrepo","phone":"3147925390"},"invoices":[{"id":"37196","number":"39457","date":"2021-09-06","amount":40000,"total":40000,"balance":0}],"costCenter":null,"numberTemplate":{"id":"3","prefix":"","number":"36997","fullNumber":"36997","formattedNumber":"36997"}}
2021-09-06 11:15:05 :: ----------send data payment:37197------------
2021-09-06 11:15:05 :: {"date":"2021-09-06","invoices":[{"amount":"106000","id":"37197"}],"bankAccount":2}
2021-09-06 11:15:06 :: ----------result data payment:37197------------
2021-09-06 11:15:06 :: {"id":"38683","date":"2021-09-06","number":"36998","amount":"106000.0000000000","observations":null,"anotation":null,"type":"in","paymentMethod":"","status":"open","bankAccount":{"id":"2","name":"PAYU","type":"bank"},"client":{"id":"28929","name":"Luisa Grajales","phone":"5870478"},"invoices":[{"id":"37197","number":"39458","date":"2021-09-06","amount":106000,"total":106000,"balance":0}],"costCenter":null,"numberTemplate":{"id":"3","prefix":"","number":"36998","fullNumber":"36998","formattedNumber":"36998"}}
2021-09-06 11:55:04 :: ----------send data payment:37198------------
2021-09-06 11:55:04 :: {"date":"2021-09-06","invoices":[{"amount":"30000","id":"37198"}],"bankAccount":2}
2021-09-06 11:55:05 :: ----------result data payment:37198------------
2021-09-06 11:55:05 :: {"id":"38684","date":"2021-09-06","number":"36999","amount":"30000.0000000000","observations":null,"anotation":null,"type":"in","paymentMethod":"","status":"open","bankAccount":{"id":"2","name":"PAYU","type":"bank"},"client":{"id":"28930","name":"Katherin Torres","phone":"3138820624"},"invoices":[{"id":"37198","number":"39459","date":"2021-09-06","amount":30000,"total":30000,"balance":0}],"costCenter":null,"numberTemplate":{"id":"3","prefix":"","number":"36999","fullNumber":"36999","formattedNumber":"36999"}}