
2021-02-17 12:05:09 :: ----------send data payment:27934------------
2021-02-17 12:05:09 :: {"date":"2021-02-17","invoices":[{"amount":"41000","id":"27934"}],"bankAccount":2}
2021-02-17 12:05:10 :: ----------result data payment:27934------------
2021-02-17 12:05:10 :: {"id":"28969","date":"2021-02-17","number":"27779","amount":"41000.0000000000","observations":null,"anotation":null,"type":"in","paymentMethod":"","status":"open","bankAccount":{"id":"2","name":"PAYU","type":"bank"},"client":{"id":"22364","name":"Natalia Moreno Mar\u00edn","phone":"3153171579"},"invoices":[{"id":"27934","number":"30195","date":"2021-02-17","amount":41000,"total":41000,"balance":0}],"costCenter":null,"numberTemplate":{"id":"3","prefix":"","number":"27779","fullNumber":"27779","formattedNumber":"27779"}}
2021-02-17 06:00:15 :: ----------send data payment:27935------------
2021-02-17 06:00:15 :: {"date":"2021-02-17","invoices":[{"amount":"42300","id":"27935"}],"bankAccount":2}
2021-02-17 06:00:16 :: ----------result data payment:27935------------
2021-02-17 06:00:16 :: {"id":"28970","date":"2021-02-17","number":"27780","amount":"42300.0000000000","observations":null,"anotation":null,"type":"in","paymentMethod":"","status":"open","bankAccount":{"id":"2","name":"PAYU","type":"bank"},"client":{"id":"22365","name":"Mar\u00eda Alejandra salazar","phone":"3153865369"},"invoices":[{"id":"27935","number":"30196","date":"2021-02-17","amount":42300,"total":42300,"balance":0}],"costCenter":null,"numberTemplate":{"id":"3","prefix":"","number":"27780","fullNumber":"27780","formattedNumber":"27780"}}
2021-02-17 06:45:07 :: ----------send data payment:27936------------
2021-02-17 06:45:07 :: {"date":"2021-02-17","invoices":[{"amount":"121000","id":"27936"}],"bankAccount":2}
2021-02-17 06:45:08 :: ----------result data payment:27936------------
2021-02-17 06:45:08 :: {"id":"28971","date":"2021-02-17","number":"27781","amount":"121000.0000000000","observations":null,"anotation":null,"type":"in","paymentMethod":"","status":"open","bankAccount":{"id":"2","name":"PAYU","type":"bank"},"client":{"id":"3414","name":"Silvia Marcela Amorocho Espinosa","phone":"3014880209"},"invoices":[{"id":"27936","number":"30197","date":"2021-02-17","amount":121000,"total":121000,"balance":0}],"costCenter":null,"numberTemplate":{"id":"3","prefix":"","number":"27781","fullNumber":"27781","formattedNumber":"27781"}}
2021-02-17 08:30:14 :: ----------send data payment:27937------------
2021-02-17 08:30:14 :: {"date":"2021-02-17","invoices":[{"amount":"102000","id":"27937"}],"bankAccount":2}
2021-02-17 08:30:16 :: ----------result data payment:27937------------
2021-02-17 08:30:16 :: {"id":"28974","date":"2021-02-17","number":"27782","amount":"102000.0000000000","observations":null,"anotation":null,"type":"in","paymentMethod":"","status":"open","bankAccount":{"id":"2","name":"PAYU","type":"bank"},"client":{"id":"22366","name":"nathalia urrego","phone":"3178944343"},"invoices":[{"id":"27937","number":"30198","date":"2021-02-17","amount":102000,"total":102000,"balance":0}],"costCenter":null,"numberTemplate":{"id":"3","prefix":"","number":"27782","fullNumber":"27782","formattedNumber":"27782"}}
2021-02-17 08:35:09 :: ----------send data payment:27938------------
2021-02-17 08:35:09 :: {"date":"2021-02-17","invoices":[{"amount":"82999","id":"27938"}],"bankAccount":2}
2021-02-17 08:35:11 :: ----------result data payment:27938------------
2021-02-17 08:35:11 :: {"id":"28975","date":"2021-02-17","number":"27783","amount":"82999.0000000000","observations":null,"anotation":null,"type":"in","paymentMethod":"","status":"open","bankAccount":{"id":"2","name":"PAYU","type":"bank"},"client":{"id":"22367","name":"Yamila Lopez S\u00e1nchez","phone":"3103280353"},"invoices":[{"id":"27938","number":"30199","date":"2021-02-17","amount":82999,"total":82999,"balance":0}],"costCenter":null,"numberTemplate":{"id":"3","prefix":"","number":"27783","fullNumber":"27783","formattedNumber":"27783"}}
2021-02-17 08:55:16 :: ----------send data payment:27939------------
2021-02-17 08:55:16 :: {"date":"2021-02-17","invoices":[{"amount":"103999","id":"27939"}],"bankAccount":2}
2021-02-17 08:55:18 :: ----------result data payment:27939------------
2021-02-17 08:55:18 :: {"id":"28976","date":"2021-02-17","number":"27784","amount":"103999.0000000000","observations":null,"anotation":null,"type":"in","paymentMethod":"","status":"open","bankAccount":{"id":"2","name":"PAYU","type":"bank"},"client":{"id":"22368","name":"Alejandra Granados","phone":"3012656405"},"invoices":[{"id":"27939","number":"30200","date":"2021-02-17","amount":103999,"total":103999,"balance":0}],"costCenter":null,"numberTemplate":{"id":"3","prefix":"","number":"27784","fullNumber":"27784","formattedNumber":"27784"}}
2021-02-17 09:05:11 :: ----------send data payment:27940------------
2021-02-17 09:05:11 :: {"date":"2021-02-17","invoices":[{"amount":"195000","id":"27940"}],"bankAccount":2}
2021-02-17 09:05:13 :: ----------result data payment:27940------------
2021-02-17 09:05:13 :: {"id":"28977","date":"2021-02-17","number":"27785","amount":"195000.0000000000","observations":null,"anotation":null,"type":"in","paymentMethod":"","status":"open","bankAccount":{"id":"2","name":"PAYU","type":"bank"},"client":{"id":"22369","name":"Liseth Riascos","phone":"3232259617"},"invoices":[{"id":"27940","number":"30201","date":"2021-02-17","amount":195000,"total":195000,"balance":0}],"costCenter":null,"numberTemplate":{"id":"3","prefix":"","number":"27785","fullNumber":"27785","formattedNumber":"27785"}}
2021-02-17 09:20:11 :: ----------send data payment:27941------------
2021-02-17 09:20:11 :: {"date":"2021-02-17","invoices":[{"amount":"90000","id":"27941"}],"bankAccount":2}
2021-02-17 09:20:12 :: ----------result data payment:27941------------
2021-02-17 09:20:12 :: {"id":"28978","date":"2021-02-17","number":"27786","amount":"90000.0000000000","observations":null,"anotation":null,"type":"in","paymentMethod":"","status":"open","bankAccount":{"id":"2","name":"PAYU","type":"bank"},"client":{"id":"22370","name":"Ignacia Jacob","phone":"3135122010"},"invoices":[{"id":"27941","number":"30202","date":"2021-02-17","amount":90000,"total":90000,"balance":0}],"costCenter":null,"numberTemplate":{"id":"3","prefix":"","number":"27786","fullNumber":"27786","formattedNumber":"27786"}}
2021-02-17 09:30:10 :: ----------send data payment:27942------------
2021-02-17 09:30:10 :: {"date":"2021-02-17","invoices":[{"amount":"180000","id":"27942"}],"bankAccount":2}
2021-02-17 09:30:12 :: ----------result data payment:27942------------
2021-02-17 09:30:12 :: {"id":"28979","date":"2021-02-17","number":"27787","amount":"180000.0000000000","observations":null,"anotation":null,"type":"in","paymentMethod":"","status":"open","bankAccount":{"id":"2","name":"PAYU","type":"bank"},"client":{"id":"22371","name":"Tatiana henao","phone":"3128111739"},"invoices":[{"id":"27942","number":"30203","date":"2021-02-17","amount":180000,"total":180000,"balance":0}],"costCenter":null,"numberTemplate":{"id":"3","prefix":"","number":"27787","fullNumber":"27787","formattedNumber":"27787"}}
2021-02-17 10:20:19 :: ----------send data payment:27943------------
2021-02-17 10:20:19 :: {"date":"2021-02-17","invoices":[{"amount":"95000","id":"27943"}],"bankAccount":2}
2021-02-17 10:20:21 :: ----------result data payment:27943------------
2021-02-17 10:20:21 :: {"id":"28980","date":"2021-02-17","number":"27788","amount":"95000.0000000000","observations":null,"anotation":null,"type":"in","paymentMethod":"","status":"open","bankAccount":{"id":"2","name":"PAYU","type":"bank"},"client":{"id":"22372","name":"melissa andrea gomez pimienta","phone":"3012657891"},"invoices":[{"id":"27943","number":"30204","date":"2021-02-17","amount":95000,"total":95000,"balance":0}],"costCenter":null,"numberTemplate":{"id":"3","prefix":"","number":"27788","fullNumber":"27788","formattedNumber":"27788"}}
2021-02-17 10:30:20 :: ----------send data payment:27944------------
2021-02-17 10:30:20 :: {"date":"2021-02-17","invoices":[{"amount":"65001","id":"27944"}],"bankAccount":2}
2021-02-17 10:30:22 :: ----------result data payment:27944------------
2021-02-17 10:30:22 :: {"id":"28981","date":"2021-02-17","number":"27789","amount":"65001.0000000000","observations":null,"anotation":null,"type":"in","paymentMethod":"","status":"open","bankAccount":{"id":"2","name":"PAYU","type":"bank"},"client":{"id":"22373","name":"Geraldine Gaviria","phone":"3013530472"},"invoices":[{"id":"27944","number":"30205","date":"2021-02-17","amount":65001,"total":65001,"balance":0}],"costCenter":null,"numberTemplate":{"id":"3","prefix":"","number":"27789","fullNumber":"27789","formattedNumber":"27789"}}
2021-02-17 10:30:23 :: ----------send data payment:27945------------
2021-02-17 10:30:23 :: {"date":"2021-02-17","invoices":[{"amount":"75000","id":"27945"}],"bankAccount":2}
2021-02-17 10:30:24 :: ----------result data payment:27945------------
2021-02-17 10:30:24 :: {"id":"28982","date":"2021-02-17","number":"27790","amount":"75000.0000000000","observations":null,"anotation":null,"type":"in","paymentMethod":"","status":"open","bankAccount":{"id":"2","name":"PAYU","type":"bank"},"client":{"id":"22148","name":"Maria Luisa Salgado Viloria","phone":"3015255197"},"invoices":[{"id":"27945","number":"30206","date":"2021-02-17","amount":75000,"total":75000,"balance":0}],"costCenter":null,"numberTemplate":{"id":"3","prefix":"","number":"27790","fullNumber":"27790","formattedNumber":"27790"}}
2021-02-17 10:30:26 :: ----------send data payment:27946------------
2021-02-17 10:30:26 :: {"date":"2021-02-17","invoices":[{"amount":"158000","id":"27946"}],"bankAccount":2}
2021-02-17 10:30:27 :: ----------result data payment:27946------------
2021-02-17 10:30:27 :: {"id":"28983","date":"2021-02-17","number":"27791","amount":"158000.0000000000","observations":null,"anotation":null,"type":"in","paymentMethod":"","status":"open","bankAccount":{"id":"2","name":"PAYU","type":"bank"},"client":{"id":"21316","name":"Tatiana Garcia","phone":"3024431640"},"invoices":[{"id":"27946","number":"30207","date":"2021-02-17","amount":158000,"total":158000,"balance":0}],"costCenter":null,"numberTemplate":{"id":"3","prefix":"","number":"27791","fullNumber":"27791","formattedNumber":"27791"}}
2021-02-17 10:55:18 :: ----------send data payment:27948------------
2021-02-17 10:55:18 :: {"date":"2021-02-17","invoices":[{"amount":"90000","id":"27948"}],"bankAccount":2}
2021-02-17 10:55:19 :: ----------result data payment:27948------------
2021-02-17 10:55:19 :: {"id":"28985","date":"2021-02-17","number":"27793","amount":"90000.0000000000","observations":null,"anotation":null,"type":"in","paymentMethod":"","status":"open","bankAccount":{"id":"2","name":"PAYU","type":"bank"},"client":{"id":"22375","name":"Anyely Fontalvo","phone":"3007293853"},"invoices":[{"id":"27948","number":"30209","date":"2021-02-17","amount":90000,"total":90000,"balance":0}],"costCenter":null,"numberTemplate":{"id":"3","prefix":"","number":"27793","fullNumber":"27793","formattedNumber":"27793"}}
2021-02-17 11:00:11 :: ----------send data payment:27951------------
2021-02-17 11:00:11 :: {"date":"2021-02-17","invoices":[{"amount":"21000","id":"27951"}],"bankAccount":2}
2021-02-17 11:00:12 :: ----------result data payment:27951------------
2021-02-17 11:00:12 :: {"id":"28987","date":"2021-02-17","number":"27795","amount":"21000.0000000000","observations":null,"anotation":null,"type":"in","paymentMethod":"","status":"open","bankAccount":{"id":"2","name":"PAYU","type":"bank"},"client":{"id":"22376","name":"Melissa Perez","phone":"3234668692"},"invoices":[{"id":"27951","number":"30212","date":"2021-02-17","amount":21000,"total":21000,"balance":0}],"costCenter":null,"numberTemplate":{"id":"3","prefix":"","number":"27795","fullNumber":"27795","formattedNumber":"27795"}}
2021-02-17 12:30:22 :: ----------send data payment:27954------------
2021-02-17 12:30:22 :: {"date":"2021-02-17","invoices":[{"amount":"116000","id":"27954"}],"bankAccount":2}
2021-02-17 12:30:24 :: ----------result data payment:27954------------
2021-02-17 12:30:24 :: {"id":"28990","date":"2021-02-17","number":"27798","amount":"116000.0000000000","observations":null,"anotation":null,"type":"in","paymentMethod":"","status":"open","bankAccount":{"id":"2","name":"PAYU","type":"bank"},"client":{"id":"22377","name":"Jenica G\u00f3mez","phone":"3197424465"},"invoices":[{"id":"27954","number":"30215","date":"2021-02-17","amount":116000,"total":116000,"balance":0}],"costCenter":null,"numberTemplate":{"id":"3","prefix":"","number":"27798","fullNumber":"27798","formattedNumber":"27798"}}
2021-02-17 12:50:15 :: ----------send data payment:27955------------
2021-02-17 12:50:15 :: {"date":"2021-02-17","invoices":[{"amount":"25000","id":"27955"}],"bankAccount":2}
2021-02-17 12:50:17 :: ----------result data payment:27955------------
2021-02-17 12:50:17 :: {"id":"28993","date":"2021-02-17","number":"27800","amount":"25000.0000000000","observations":null,"anotation":null,"type":"in","paymentMethod":"","status":"open","bankAccount":{"id":"2","name":"PAYU","type":"bank"},"client":{"id":"22379","name":"Yeferson Eduardo Nore\u00f1a Arenas","phone":"3125595916"},"invoices":[{"id":"27955","number":"30216","date":"2021-02-17","amount":25000,"total":25000,"balance":0}],"costCenter":null,"numberTemplate":{"id":"3","prefix":"","number":"27800","fullNumber":"27800","formattedNumber":"27800"}}
2021-02-17 12:50:19 :: ----------send data payment:27956------------
2021-02-17 12:50:19 :: {"date":"2021-02-17","invoices":[{"amount":"60000","id":"27956"}],"bankAccount":2}
2021-02-17 12:50:20 :: ----------result data payment:27956------------
2021-02-17 12:50:20 :: {"id":"28994","date":"2021-02-17","number":"27801","amount":"60000.0000000000","observations":null,"anotation":null,"type":"in","paymentMethod":"","status":"open","bankAccount":{"id":"2","name":"PAYU","type":"bank"},"client":{"id":"22380","name":"Jhaina Balmaceda","phone":"3017547264"},"invoices":[{"id":"27956","number":"30217","date":"2021-02-17","amount":60000,"total":60000,"balance":0}],"costCenter":null,"numberTemplate":{"id":"3","prefix":"","number":"27801","fullNumber":"27801","formattedNumber":"27801"}}
2021-02-17 01:00:13 :: ----------send data payment:27957------------
2021-02-17 01:00:13 :: {"date":"2021-02-17","invoices":[{"amount":"74000","id":"27957"}],"bankAccount":2}
2021-02-17 01:00:14 :: ----------result data payment:27957------------
2021-02-17 01:00:14 :: {"id":"28996","date":"2021-02-17","number":"27803","amount":"74000.0000000000","observations":null,"anotation":null,"type":"in","paymentMethod":"","status":"open","bankAccount":{"id":"2","name":"PAYU","type":"bank"},"client":{"id":"17714","name":"Angelica Mar\u00eda Avenda\u00f1o Avenda\u00f1o","phone":"3182527829"},"invoices":[{"id":"27957","number":"30218","date":"2021-02-17","amount":74000,"total":74000,"balance":0}],"costCenter":null,"numberTemplate":{"id":"3","prefix":"","number":"27803","fullNumber":"27803","formattedNumber":"27803"}}
2021-02-17 01:10:12 :: ----------send data payment:27958------------
2021-02-17 01:10:12 :: {"date":"2021-02-17","invoices":[{"amount":"116399","id":"27958"}],"bankAccount":2}
2021-02-17 01:10:13 :: ----------result data payment:27958------------
2021-02-17 01:10:13 :: {"id":"28997","date":"2021-02-17","number":"27804","amount":"116399.0000000000","observations":null,"anotation":null,"type":"in","paymentMethod":"","status":"open","bankAccount":{"id":"2","name":"PAYU","type":"bank"},"client":{"id":"22381","name":"Valery Rodr\u00edguez Chavez","phone":"3204201330"},"invoices":[{"id":"27958","number":"30219","date":"2021-02-17","amount":116399,"total":116399,"balance":0}],"costCenter":null,"numberTemplate":{"id":"3","prefix":"","number":"27804","fullNumber":"27804","formattedNumber":"27804"}}
2021-02-17 01:50:20 :: ----------send data payment:27959------------
2021-02-17 01:50:20 :: {"date":"2021-02-17","invoices":[{"amount":"39000","id":"27959"}],"bankAccount":2}
2021-02-17 01:50:49 :: ----------result data payment:27959------------
2021-02-17 01:50:49 :: {"message": "Endpoint request timed out"}
2021-02-17 02:05:09 :: ----------send data payment:27960------------
2021-02-17 02:05:09 :: {"date":"2021-02-17","invoices":[{"amount":"111000","id":"27960"}],"bankAccount":2}
2021-02-17 02:05:10 :: ----------result data payment:27960------------
2021-02-17 02:05:10 :: {"id":"28999","date":"2021-02-17","number":"27806","amount":"111000.0000000000","observations":null,"anotation":null,"type":"in","paymentMethod":"","status":"open","bankAccount":{"id":"2","name":"PAYU","type":"bank"},"client":{"id":"22383","name":"Luisa","phone":"3204904153"},"invoices":[{"id":"27960","number":"30221","date":"2021-02-17","amount":111000,"total":111000,"balance":0}],"costCenter":null,"numberTemplate":{"id":"3","prefix":"","number":"27806","fullNumber":"27806","formattedNumber":"27806"}}
2021-02-17 02:25:13 :: ----------send data payment:27961------------
2021-02-17 02:25:13 :: {"date":"2021-02-17","invoices":[{"amount":"13000","id":"27961"}],"bankAccount":2}
2021-02-17 02:25:15 :: ----------result data payment:27961------------
2021-02-17 02:25:15 :: {"id":"29000","date":"2021-02-17","number":"27807","amount":"13000.0000000000","observations":null,"anotation":null,"type":"in","paymentMethod":"","status":"open","bankAccount":{"id":"2","name":"PAYU","type":"bank"},"client":{"id":"22384","name":"Faisurys Mart\u00ednez Castro","phone":"3014350915"},"invoices":[{"id":"27961","number":"30222","date":"2021-02-17","amount":13000,"total":13000,"balance":0}],"costCenter":null,"numberTemplate":{"id":"3","prefix":"","number":"27807","fullNumber":"27807","formattedNumber":"27807"}}
2021-02-17 02:55:12 :: ----------send data payment:27962------------
2021-02-17 02:55:12 :: {"date":"2021-02-17","invoices":[{"amount":"25000","id":"27962"}],"bankAccount":2}
2021-02-17 02:55:13 :: ----------result data payment:27962------------
2021-02-17 02:55:13 :: {"id":"29001","date":"2021-02-17","number":"27808","amount":"25000.0000000000","observations":null,"anotation":null,"type":"in","paymentMethod":"","status":"open","bankAccount":{"id":"2","name":"PAYU","type":"bank"},"client":{"id":"22385","name":"Laura Blanco","phone":"3228090066"},"invoices":[{"id":"27962","number":"30223","date":"2021-02-17","amount":25000,"total":25000,"balance":0}],"costCenter":null,"numberTemplate":{"id":"3","prefix":"","number":"27808","fullNumber":"27808","formattedNumber":"27808"}}
2021-02-17 03:20:23 :: ----------send data payment:27963------------
2021-02-17 03:20:23 :: {"date":"2021-02-17","invoices":[{"amount":"28000","id":"27963"}],"bankAccount":2}
2021-02-17 03:20:24 :: ----------result data payment:27963------------
2021-02-17 03:20:24 :: {"id":"29002","date":"2021-02-17","number":"27809","amount":"28000.0000000000","observations":null,"anotation":null,"type":"in","paymentMethod":"","status":"open","bankAccount":{"id":"2","name":"PAYU","type":"bank"},"client":{"id":"22386","name":"Tatiana Avila","phone":"3102460419"},"invoices":[{"id":"27963","number":"30224","date":"2021-02-17","amount":28000,"total":28000,"balance":0}],"costCenter":null,"numberTemplate":{"id":"3","prefix":"","number":"27809","fullNumber":"27809","formattedNumber":"27809"}}
2021-02-17 03:30:14 :: ----------send data payment:27964------------
2021-02-17 03:30:14 :: {"date":"2021-02-17","invoices":[{"amount":"182998","id":"27964"}],"bankAccount":2}
2021-02-17 03:30:15 :: ----------result data payment:27964------------
2021-02-17 03:30:15 :: {"id":"29003","date":"2021-02-17","number":"27810","amount":"182998.0000000000","observations":null,"anotation":null,"type":"in","paymentMethod":"","status":"open","bankAccount":{"id":"2","name":"PAYU","type":"bank"},"client":{"id":"20661","name":"Michelle Virviescas","phone":"3224232108"},"invoices":[{"id":"27964","number":"30225","date":"2021-02-17","amount":182998,"total":182998,"balance":0}],"costCenter":null,"numberTemplate":{"id":"3","prefix":"","number":"27810","fullNumber":"27810","formattedNumber":"27810"}}
2021-02-17 03:40:27 :: ----------send data payment:27965------------
2021-02-17 03:40:27 :: {"date":"2021-02-17","invoices":[{"amount":"195000","id":"27965"}],"bankAccount":2}
2021-02-17 03:40:29 :: ----------result data payment:27965------------
2021-02-17 03:40:29 :: {"id":"29004","date":"2021-02-17","number":"27811","amount":"195000.0000000000","observations":null,"anotation":null,"type":"in","paymentMethod":"","status":"open","bankAccount":{"id":"2","name":"PAYU","type":"bank"},"client":{"id":"22387","name":"Andrea Carolina Quintero Jimeno","phone":"3003988339"},"invoices":[{"id":"27965","number":"30226","date":"2021-02-17","amount":195000,"total":195000,"balance":0}],"costCenter":null,"numberTemplate":{"id":"3","prefix":"","number":"27811","fullNumber":"27811","formattedNumber":"27811"}}
2021-02-17 03:50:17 :: ----------send data payment:27966------------
2021-02-17 03:50:17 :: {"date":"2021-02-17","invoices":[{"amount":"89999","id":"27966"}],"bankAccount":2}
2021-02-17 03:50:19 :: ----------result data payment:27966------------
2021-02-17 03:50:19 :: {"id":"29005","date":"2021-02-17","number":"27812","amount":"89999.0000000000","observations":null,"anotation":null,"type":"in","paymentMethod":"","status":"open","bankAccount":{"id":"2","name":"PAYU","type":"bank"},"client":{"id":"22388","name":"Alejandra Montero","phone":"3207582837"},"invoices":[{"id":"27966","number":"30227","date":"2021-02-17","amount":89999,"total":89999,"balance":0}],"costCenter":null,"numberTemplate":{"id":"3","prefix":"","number":"27812","fullNumber":"27812","formattedNumber":"27812"}}
2021-02-17 03:50:22 :: ----------send data payment:27967------------
2021-02-17 03:50:22 :: {"date":"2021-02-17","invoices":[{"amount":"201003","id":"27967"}],"bankAccount":2}
2021-02-17 03:50:23 :: ----------result data payment:27967------------
2021-02-17 03:50:23 :: {"id":"29006","date":"2021-02-17","number":"27813","amount":"201003.0000000000","observations":null,"anotation":null,"type":"in","paymentMethod":"","status":"open","bankAccount":{"id":"2","name":"PAYU","type":"bank"},"client":{"id":"22389","name":"Geraldine Hern\u00e1ndez Ciro","phone":"3127704430"},"invoices":[{"id":"27967","number":"30228","date":"2021-02-17","amount":201003,"total":201003,"balance":0}],"costCenter":null,"numberTemplate":{"id":"3","prefix":"","number":"27813","fullNumber":"27813","formattedNumber":"27813"}}
2021-02-17 03:55:08 :: ----------send data payment:27968------------
2021-02-17 03:55:08 :: {"date":"2021-02-17","invoices":[{"amount":"130001","id":"27968"}],"bankAccount":2}
2021-02-17 03:55:09 :: ----------result data payment:27968------------
2021-02-17 03:55:09 :: {"id":"29007","date":"2021-02-17","number":"27814","amount":"130001.0000000000","observations":null,"anotation":null,"type":"in","paymentMethod":"","status":"open","bankAccount":{"id":"2","name":"PAYU","type":"bank"},"client":{"id":"22390","name":"Eliana Romero","phone":"3193552407"},"invoices":[{"id":"27968","number":"30229","date":"2021-02-17","amount":130001,"total":130001,"balance":0}],"costCenter":null,"numberTemplate":{"id":"3","prefix":"","number":"27814","fullNumber":"27814","formattedNumber":"27814"}}
2021-02-17 04:11:19 :: ----------send data payment:27970------------
2021-02-17 04:11:19 :: {"date":"2021-02-17","invoices":[{"amount":"140000","id":"27970"}],"bankAccount":2}
2021-02-17 04:11:20 :: ----------result data payment:27970------------
2021-02-17 04:11:20 :: {"id":"29008","date":"2021-02-17","number":"27815","amount":"140000.0000000000","observations":null,"anotation":null,"type":"in","paymentMethod":"","status":"open","bankAccount":{"id":"2","name":"PAYU","type":"bank"},"client":{"id":"22391","name":"Stefany rueda cortez","phone":"3216242271"},"invoices":[{"id":"27970","number":"30231","date":"2021-02-17","amount":140000,"total":140000,"balance":0}],"costCenter":null,"numberTemplate":{"id":"3","prefix":"","number":"27815","fullNumber":"27815","formattedNumber":"27815"}}
2021-02-17 04:55:10 :: ----------send data payment:27971------------
2021-02-17 04:55:10 :: {"date":"2021-02-17","invoices":[{"amount":"197399","id":"27971"}],"bankAccount":2}
2021-02-17 04:55:12 :: ----------result data payment:27971------------
2021-02-17 04:55:12 :: {"id":"29010","date":"2021-02-17","number":"27816","amount":"197399.0000000000","observations":null,"anotation":null,"type":"in","paymentMethod":"","status":"open","bankAccount":{"id":"2","name":"PAYU","type":"bank"},"client":{"id":"22392","name":"Lorena S\u00e1nchez","phone":"3013122303"},"invoices":[{"id":"27971","number":"30232","date":"2021-02-17","amount":197399,"total":197399,"balance":0}],"costCenter":null,"numberTemplate":{"id":"3","prefix":"","number":"27816","fullNumber":"27816","formattedNumber":"27816"}}
2021-02-17 04:55:17 :: ----------send data payment:27972------------
2021-02-17 04:55:17 :: {"date":"2021-02-17","invoices":[{"amount":"70000","id":"27972"}],"bankAccount":2}
2021-02-17 04:55:18 :: ----------result data payment:27972------------
2021-02-17 04:55:18 :: {"id":"29011","date":"2021-02-17","number":"27817","amount":"70000.0000000000","observations":null,"anotation":null,"type":"in","paymentMethod":"","status":"open","bankAccount":{"id":"2","name":"PAYU","type":"bank"},"client":{"id":"12937","name":"Marianela jaraba toro","phone":"3103685511"},"invoices":[{"id":"27972","number":"30233","date":"2021-02-17","amount":70000,"total":70000,"balance":0}],"costCenter":null,"numberTemplate":{"id":"3","prefix":"","number":"27817","fullNumber":"27817","formattedNumber":"27817"}}
2021-02-17 06:10:24 :: ----------send data payment:27973------------
2021-02-17 06:10:24 :: {"date":"2021-02-17","invoices":[{"amount":"65251","id":"27973"}],"bankAccount":2}
2021-02-17 06:10:26 :: ----------result data payment:27973------------
2021-02-17 06:10:26 :: {"id":"29012","date":"2021-02-17","number":"27818","amount":"65251.0000000000","observations":null,"anotation":null,"type":"in","paymentMethod":"","status":"open","bankAccount":{"id":"2","name":"PAYU","type":"bank"},"client":{"id":"22393","name":"Natalia Castro","phone":"3504318241"},"invoices":[{"id":"27973","number":"30234","date":"2021-02-17","amount":65251,"total":65251,"balance":0}],"costCenter":null,"numberTemplate":{"id":"3","prefix":"","number":"27818","fullNumber":"27818","formattedNumber":"27818"}}
2021-02-17 06:30:20 :: ----------send data payment:27974------------
2021-02-17 06:30:20 :: {"date":"2021-02-17","invoices":[{"amount":"134000","id":"27974"}],"bankAccount":2}
2021-02-17 06:30:21 :: ----------result data payment:27974------------
2021-02-17 06:30:21 :: {"id":"29013","date":"2021-02-17","number":"27819","amount":"134000.0000000000","observations":null,"anotation":null,"type":"in","paymentMethod":"","status":"open","bankAccount":{"id":"2","name":"PAYU","type":"bank"},"client":{"id":"22394","name":"marlon jaramillo","phone":"3006564584"},"invoices":[{"id":"27974","number":"30235","date":"2021-02-17","amount":134000,"total":134000,"balance":0}],"costCenter":null,"numberTemplate":{"id":"3","prefix":"","number":"27819","fullNumber":"27819","formattedNumber":"27819"}}
2021-02-17 06:45:17 :: ----------send data payment:27975------------
2021-02-17 06:45:17 :: {"date":"2021-02-17","invoices":[{"amount":"90000","id":"27975"}],"bankAccount":2}
2021-02-17 06:45:18 :: ----------result data payment:27975------------
2021-02-17 06:45:18 :: {"id":"29014","date":"2021-02-17","number":"27820","amount":"90000.0000000000","observations":null,"anotation":null,"type":"in","paymentMethod":"","status":"open","bankAccount":{"id":"2","name":"PAYU","type":"bank"},"client":{"id":"22395","name":"Mailet","phone":"3044900655"},"invoices":[{"id":"27975","number":"30236","date":"2021-02-17","amount":90000,"total":90000,"balance":0}],"costCenter":null,"numberTemplate":{"id":"3","prefix":"","number":"27820","fullNumber":"27820","formattedNumber":"27820"}}
2021-02-17 07:00:24 :: ----------send data payment:27976------------
2021-02-17 07:00:24 :: {"date":"2021-02-17","invoices":[{"amount":"96000","id":"27976"}],"bankAccount":2}
2021-02-17 07:00:26 :: ----------result data payment:27976------------
2021-02-17 07:00:26 :: {"id":"29015","date":"2021-02-17","number":"27821","amount":"96000.0000000000","observations":null,"anotation":null,"type":"in","paymentMethod":"","status":"open","bankAccount":{"id":"2","name":"PAYU","type":"bank"},"client":{"id":"22396","name":"jhon trilleras","phone":"3118121931"},"invoices":[{"id":"27976","number":"30237","date":"2021-02-17","amount":96000,"total":96000,"balance":0}],"costCenter":null,"numberTemplate":{"id":"3","prefix":"","number":"27821","fullNumber":"27821","formattedNumber":"27821"}}
2021-02-17 07:15:10 :: ----------send data payment:27977------------
2021-02-17 07:15:10 :: {"date":"2021-02-17","invoices":[{"amount":"28000","id":"27977"}],"bankAccount":2}
2021-02-17 07:15:11 :: ----------result data payment:27977------------
2021-02-17 07:15:11 :: {"id":"29016","date":"2021-02-17","number":"27822","amount":"28000.0000000000","observations":null,"anotation":null,"type":"in","paymentMethod":"","status":"open","bankAccount":{"id":"2","name":"PAYU","type":"bank"},"client":{"id":"22397","name":"Leidy","phone":"3136171099"},"invoices":[{"id":"27977","number":"30238","date":"2021-02-17","amount":28000,"total":28000,"balance":0}],"costCenter":null,"numberTemplate":{"id":"3","prefix":"","number":"27822","fullNumber":"27822","formattedNumber":"27822"}}
2021-02-17 07:35:08 :: ----------send data payment:27978------------
2021-02-17 07:35:08 :: {"date":"2021-02-17","invoices":[{"amount":"50000","id":"27978"}],"bankAccount":2}
2021-02-17 07:35:10 :: ----------result data payment:27978------------
2021-02-17 07:35:10 :: {"id":"29017","date":"2021-02-17","number":"27823","amount":"50000.0000000000","observations":null,"anotation":null,"type":"in","paymentMethod":"","status":"open","bankAccount":{"id":"2","name":"PAYU","type":"bank"},"client":{"id":"22398","name":"Andrea Ortiz","phone":"3212889308"},"invoices":[{"id":"27978","number":"30239","date":"2021-02-17","amount":50000,"total":50000,"balance":0}],"costCenter":null,"numberTemplate":{"id":"3","prefix":"","number":"27823","fullNumber":"27823","formattedNumber":"27823"}}
2021-02-17 08:25:08 :: ----------send data payment:27979------------
2021-02-17 08:25:08 :: {"date":"2021-02-17","invoices":[{"amount":"65001","id":"27979"}],"bankAccount":2}
2021-02-17 08:25:09 :: ----------result data payment:27979------------
2021-02-17 08:25:09 :: {"id":"29018","date":"2021-02-17","number":"27824","amount":"65001.0000000000","observations":null,"anotation":null,"type":"in","paymentMethod":"","status":"open","bankAccount":{"id":"2","name":"PAYU","type":"bank"},"client":{"id":"22399","name":"Ximena Fernandez Ortega","phone":"3184024364"},"invoices":[{"id":"27979","number":"30240","date":"2021-02-17","amount":65001,"total":65001,"balance":0}],"costCenter":null,"numberTemplate":{"id":"3","prefix":"","number":"27824","fullNumber":"27824","formattedNumber":"27824"}}
2021-02-17 08:55:15 :: ----------send data payment:27980------------
2021-02-17 08:55:15 :: {"date":"2021-02-17","invoices":[{"amount":"125999","id":"27980"}],"bankAccount":2}
2021-02-17 08:55:16 :: ----------result data payment:27980------------
2021-02-17 08:55:16 :: {"id":"29019","date":"2021-02-17","number":"27825","amount":"125999.0000000000","observations":null,"anotation":null,"type":"in","paymentMethod":"","status":"open","bankAccount":{"id":"2","name":"PAYU","type":"bank"},"client":{"id":"3381","name":"Veronica parias acu\u00f1a","phone":"3135575237"},"invoices":[{"id":"27980","number":"30241","date":"2021-02-17","amount":125999,"total":125999,"balance":0}],"costCenter":null,"numberTemplate":{"id":"3","prefix":"","number":"27825","fullNumber":"27825","formattedNumber":"27825"}}
2021-02-17 09:05:09 :: ----------send data payment:27981------------
2021-02-17 09:05:09 :: {"date":"2021-02-17","invoices":[{"amount":"35000","id":"27981"}],"bankAccount":2}
2021-02-17 09:05:10 :: ----------result data payment:27981------------
2021-02-17 09:05:10 :: {"id":"29020","date":"2021-02-17","number":"27826","amount":"35000.0000000000","observations":null,"anotation":null,"type":"in","paymentMethod":"","status":"open","bankAccount":{"id":"2","name":"PAYU","type":"bank"},"client":{"id":"22400","name":"Lucia Vergara","phone":"3158238949"},"invoices":[{"id":"27981","number":"30242","date":"2021-02-17","amount":35000,"total":35000,"balance":0}],"costCenter":null,"numberTemplate":{"id":"3","prefix":"","number":"27826","fullNumber":"27826","formattedNumber":"27826"}}
2021-02-17 09:10:16 :: ----------send data payment:27982------------
2021-02-17 09:10:16 :: {"date":"2021-02-17","invoices":[{"amount":"25000","id":"27982"}],"bankAccount":2}
2021-02-17 09:10:17 :: ----------result data payment:27982------------
2021-02-17 09:10:17 :: {"id":"29021","date":"2021-02-17","number":"27827","amount":"25000.0000000000","observations":null,"anotation":null,"type":"in","paymentMethod":"","status":"open","bankAccount":{"id":"2","name":"PAYU","type":"bank"},"client":{"id":"22401","name":"Jose Sebastian Pinto","phone":"3134468311"},"invoices":[{"id":"27982","number":"30243","date":"2021-02-17","amount":25000,"total":25000,"balance":0}],"costCenter":null,"numberTemplate":{"id":"3","prefix":"","number":"27827","fullNumber":"27827","formattedNumber":"27827"}}
2021-02-17 09:20:09 :: ----------send data payment:27983------------
2021-02-17 09:20:09 :: {"date":"2021-02-17","invoices":[{"amount":"115000","id":"27983"}],"bankAccount":2}
2021-02-17 09:20:10 :: ----------result data payment:27983------------
2021-02-17 09:20:10 :: {"id":"29022","date":"2021-02-17","number":"27828","amount":"115000.0000000000","observations":null,"anotation":null,"type":"in","paymentMethod":"","status":"open","bankAccount":{"id":"2","name":"PAYU","type":"bank"},"client":{"id":"22147","name":"ALEJANDRA SEGURA","phone":"3142967167"},"invoices":[{"id":"27983","number":"30244","date":"2021-02-17","amount":115000,"total":115000,"balance":0}],"costCenter":null,"numberTemplate":{"id":"3","prefix":"","number":"27828","fullNumber":"27828","formattedNumber":"27828"}}
2021-02-17 10:20:12 :: ----------send data payment:27984------------
2021-02-17 10:20:12 :: {"date":"2021-02-17","invoices":[{"amount":"64999","id":"27984"}],"bankAccount":2}
2021-02-17 10:20:13 :: ----------result data payment:27984------------
2021-02-17 10:20:13 :: {"id":"29023","date":"2021-02-17","number":"27829","amount":"64999.0000000000","observations":null,"anotation":null,"type":"in","paymentMethod":"","status":"open","bankAccount":{"id":"2","name":"PAYU","type":"bank"},"client":{"id":"22402","name":"Liliana Albarrac\u00edn","phone":"3105866065"},"invoices":[{"id":"27984","number":"30245","date":"2021-02-17","amount":64999,"total":64999,"balance":0}],"costCenter":null,"numberTemplate":{"id":"3","prefix":"","number":"27829","fullNumber":"27829","formattedNumber":"27829"}}
2021-02-17 11:10:14 :: ----------send data payment:27985------------
2021-02-17 11:10:14 :: {"date":"2021-02-17","invoices":[{"amount":"115000","id":"27985"}],"bankAccount":2}
2021-02-17 11:10:15 :: ----------result data payment:27985------------
2021-02-17 11:10:15 :: {"id":"29024","date":"2021-02-17","number":"27830","amount":"115000.0000000000","observations":null,"anotation":null,"type":"in","paymentMethod":"","status":"open","bankAccount":{"id":"2","name":"PAYU","type":"bank"},"client":{"id":"22403","name":"CAMILA ESPITIA PULIDO","phone":"3112112152"},"invoices":[{"id":"27985","number":"30246","date":"2021-02-17","amount":115000,"total":115000,"balance":0}],"costCenter":null,"numberTemplate":{"id":"3","prefix":"","number":"27830","fullNumber":"27830","formattedNumber":"27830"}}
2021-02-17 11:40:16 :: ----------send data payment:27986------------
2021-02-17 11:40:16 :: {"date":"2021-02-17","invoices":[{"amount":"49999","id":"27986"}],"bankAccount":2}
2021-02-17 11:40:17 :: ----------result data payment:27986------------
2021-02-17 11:40:17 :: {"id":"29025","date":"2021-02-17","number":"27831","amount":"49999.0000000000","observations":null,"anotation":null,"type":"in","paymentMethod":"","status":"open","bankAccount":{"id":"2","name":"PAYU","type":"bank"},"client":{"id":"22404","name":"Emily Hernandez","phone":"3223676197"},"invoices":[{"id":"27986","number":"30247","date":"2021-02-17","amount":49999,"total":49999,"balance":0}],"costCenter":null,"numberTemplate":{"id":"3","prefix":"","number":"27831","fullNumber":"27831","formattedNumber":"27831"}}