
2021-06-20 10:15:14 :: ----------send data payment:33023------------
2021-06-20 10:15:14 :: {"date":"2021-06-20","invoices":[{"amount":"118000","id":"33023"}],"bankAccount":2}
2021-06-20 10:15:15 :: ----------result data payment:33023------------
2021-06-20 10:15:15 :: {"id":"34273","date":"2021-06-20","number":"32846","amount":"118000.0000000000","observations":null,"anotation":null,"type":"in","paymentMethod":"","status":"open","bankAccount":{"id":"2","name":"PAYU","type":"bank"},"client":{"id":"25823","name":"Elisa Maya","phone":"3017560088"},"invoices":[{"id":"33023","number":"35284","date":"2021-06-20","amount":118000,"total":118000,"balance":0}],"costCenter":null,"numberTemplate":{"id":"3","prefix":"","number":"32846","fullNumber":"32846","formattedNumber":"32846"}}
2021-06-20 01:50:07 :: ----------send data payment:33024------------
2021-06-20 01:50:07 :: {"date":"2021-06-20","invoices":[{"amount":"65000","id":"33024"}],"bankAccount":2}
2021-06-20 01:50:09 :: ----------result data payment:33024------------
2021-06-20 01:50:09 :: {"id":"34274","date":"2021-06-20","number":"32847","amount":"65000.0000000000","observations":null,"anotation":null,"type":"in","paymentMethod":"","status":"open","bankAccount":{"id":"2","name":"PAYU","type":"bank"},"client":{"id":"25824","name":"Barrero Cybel","phone":"3156018682"},"invoices":[{"id":"33024","number":"35285","date":"2021-06-20","amount":65000,"total":65000,"balance":0}],"costCenter":null,"numberTemplate":{"id":"3","prefix":"","number":"32847","fullNumber":"32847","formattedNumber":"32847"}}
2021-06-20 02:10:09 :: ----------send data payment:33025------------
2021-06-20 02:10:09 :: {"date":"2021-06-20","invoices":[{"amount":"145998","id":"33025"}],"bankAccount":2}
2021-06-20 02:10:10 :: ----------result data payment:33025------------
2021-06-20 02:10:10 :: {"id":"34275","date":"2021-06-20","number":"32848","amount":"145998.0000000000","observations":null,"anotation":null,"type":"in","paymentMethod":"","status":"open","bankAccount":{"id":"2","name":"PAYU","type":"bank"},"client":{"id":"25825","name":"Mallki Mart\u00ednez","phone":"3159277556"},"invoices":[{"id":"33025","number":"35286","date":"2021-06-20","amount":145998,"total":145998,"balance":0}],"costCenter":null,"numberTemplate":{"id":"3","prefix":"","number":"32848","fullNumber":"32848","formattedNumber":"32848"}}
2021-06-20 02:20:07 :: ----------send data payment:33026------------
2021-06-20 02:20:07 :: {"date":"2021-06-20","invoices":[{"amount":"88000","id":"33026"}],"bankAccount":2}
2021-06-20 02:20:09 :: ----------result data payment:33026------------
2021-06-20 02:20:09 :: {"id":"34276","date":"2021-06-20","number":"32849","amount":"88000.0000000000","observations":null,"anotation":null,"type":"in","paymentMethod":"","status":"open","bankAccount":{"id":"2","name":"PAYU","type":"bank"},"client":{"id":"22488","name":"Estefania","phone":"3124707861"},"invoices":[{"id":"33026","number":"35287","date":"2021-06-20","amount":88000,"total":88000,"balance":0}],"costCenter":null,"numberTemplate":{"id":"3","prefix":"","number":"32849","fullNumber":"32849","formattedNumber":"32849"}}
2021-06-20 02:25:14 :: ----------send data payment:33027------------
2021-06-20 02:25:14 :: {"date":"2021-06-20","invoices":[{"amount":"60000","id":"33027"}],"bankAccount":2}
2021-06-20 02:25:15 :: ----------result data payment:33027------------
2021-06-20 02:25:15 :: {"id":"34277","date":"2021-06-20","number":"32850","amount":"60000.0000000000","observations":null,"anotation":null,"type":"in","paymentMethod":"","status":"open","bankAccount":{"id":"2","name":"PAYU","type":"bank"},"client":{"id":"25826","name":"Lizeth Castro","phone":"3138648182"},"invoices":[{"id":"33027","number":"35288","date":"2021-06-20","amount":60000,"total":60000,"balance":0}],"costCenter":null,"numberTemplate":{"id":"3","prefix":"","number":"32850","fullNumber":"32850","formattedNumber":"32850"}}
2021-06-20 04:15:10 :: ----------send data payment:33028------------
2021-06-20 04:15:10 :: {"date":"2021-06-20","invoices":[{"amount":"132399","id":"33028"}],"bankAccount":2}
2021-06-20 04:15:11 :: ----------result data payment:33028------------
2021-06-20 04:15:11 :: {"id":"34278","date":"2021-06-20","number":"32851","amount":"132399.0000000000","observations":null,"anotation":null,"type":"in","paymentMethod":"","status":"open","bankAccount":{"id":"2","name":"PAYU","type":"bank"},"client":{"id":"25827","name":"Laura Molina","phone":"3196645328"},"invoices":[{"id":"33028","number":"35289","date":"2021-06-20","amount":132399,"total":132399,"balance":0}],"costCenter":null,"numberTemplate":{"id":"3","prefix":"","number":"32851","fullNumber":"32851","formattedNumber":"32851"}}
2021-06-20 04:30:06 :: ----------send data payment:33029------------
2021-06-20 04:30:06 :: {"date":"2021-06-20","invoices":[{"amount":"53000","id":"33029"}],"bankAccount":2}
2021-06-20 04:30:08 :: ----------result data payment:33029------------
2021-06-20 04:30:08 :: {"id":"34279","date":"2021-06-20","number":"32852","amount":"53000.0000000000","observations":null,"anotation":null,"type":"in","paymentMethod":"","status":"open","bankAccount":{"id":"2","name":"PAYU","type":"bank"},"client":{"id":"23930","name":"Daniela S\u00e1nchez","phone":"3002376811"},"invoices":[{"id":"33029","number":"35290","date":"2021-06-20","amount":53000,"total":53000,"balance":0}],"costCenter":null,"numberTemplate":{"id":"3","prefix":"","number":"32852","fullNumber":"32852","formattedNumber":"32852"}}
2021-06-20 04:35:14 :: ----------send data payment:33030------------
2021-06-20 04:35:14 :: {"date":"2021-06-20","invoices":[{"amount":"96001","id":"33030"}],"bankAccount":2}
2021-06-20 04:35:15 :: ----------result data payment:33030------------
2021-06-20 04:35:15 :: {"id":"34280","date":"2021-06-20","number":"32853","amount":"96001.0000000000","observations":null,"anotation":null,"type":"in","paymentMethod":"","status":"open","bankAccount":{"id":"2","name":"PAYU","type":"bank"},"client":{"id":"25828","name":"Alejandra Coral","phone":"3132112300"},"invoices":[{"id":"33030","number":"35291","date":"2021-06-20","amount":96001,"total":96001,"balance":0}],"costCenter":null,"numberTemplate":{"id":"3","prefix":"","number":"32853","fullNumber":"32853","formattedNumber":"32853"}}
2021-06-20 05:55:11 :: ----------send data payment:33031------------
2021-06-20 05:55:11 :: {"date":"2021-06-20","invoices":[{"amount":"89000","id":"33031"}],"bankAccount":2}
2021-06-20 05:55:12 :: ----------result data payment:33031------------
2021-06-20 05:55:12 :: {"id":"34281","date":"2021-06-20","number":"32854","amount":"89000.0000000000","observations":null,"anotation":null,"type":"in","paymentMethod":"","status":"open","bankAccount":{"id":"2","name":"PAYU","type":"bank"},"client":{"id":"25829","name":"Laura Lara","phone":"5513493"},"invoices":[{"id":"33031","number":"35292","date":"2021-06-20","amount":89000,"total":89000,"balance":0}],"costCenter":null,"numberTemplate":{"id":"3","prefix":"","number":"32854","fullNumber":"32854","formattedNumber":"32854"}}
2021-06-20 06:15:10 :: ----------send data payment:33032------------
2021-06-20 06:15:10 :: {"date":"2021-06-20","invoices":[{"amount":"160457","id":"33032"}],"bankAccount":2}
2021-06-20 06:15:11 :: ----------result data payment:33032------------
2021-06-20 06:15:11 :: {"id":"34282","date":"2021-06-20","number":"32855","amount":"160457.0000000000","observations":null,"anotation":null,"type":"in","paymentMethod":"","status":"open","bankAccount":{"id":"2","name":"PAYU","type":"bank"},"client":{"id":"25830","name":"Jessica Paola Porras Mancilla","phone":"3103732805"},"invoices":[{"id":"33032","number":"35293","date":"2021-06-20","amount":160457,"total":160457,"balance":0}],"costCenter":null,"numberTemplate":{"id":"3","prefix":"","number":"32855","fullNumber":"32855","formattedNumber":"32855"}}
2021-06-20 06:25:11 :: ----------send data payment:33033------------
2021-06-20 06:25:11 :: {"date":"2021-06-20","invoices":[{"amount":"109901","id":"33033"}],"bankAccount":2}
2021-06-20 06:25:12 :: ----------result data payment:33033------------
2021-06-20 06:25:12 :: {"id":"34283","date":"2021-06-20","number":"32856","amount":"109901.0000000000","observations":null,"anotation":null,"type":"in","paymentMethod":"","status":"open","bankAccount":{"id":"2","name":"PAYU","type":"bank"},"client":{"id":"25831","name":"Mariana Goez","phone":"3136196439"},"invoices":[{"id":"33033","number":"35294","date":"2021-06-20","amount":109901,"total":109901,"balance":0}],"costCenter":null,"numberTemplate":{"id":"3","prefix":"","number":"32856","fullNumber":"32856","formattedNumber":"32856"}}
2021-06-20 06:30:08 :: ----------send data payment:33034------------
2021-06-20 06:30:08 :: {"date":"2021-06-20","invoices":[{"amount":"80001","id":"33034"}],"bankAccount":2}
2021-06-20 06:30:09 :: ----------result data payment:33034------------
2021-06-20 06:30:09 :: {"id":"34284","date":"2021-06-20","number":"32857","amount":"80001.0000000000","observations":null,"anotation":null,"type":"in","paymentMethod":"","status":"open","bankAccount":{"id":"2","name":"PAYU","type":"bank"},"client":{"id":"25832","name":"Cristian Andres Cardona L\u00f3pez","phone":"3003941102"},"invoices":[{"id":"33034","number":"35295","date":"2021-06-20","amount":80001,"total":80001,"balance":0}],"costCenter":null,"numberTemplate":{"id":"3","prefix":"","number":"32857","fullNumber":"32857","formattedNumber":"32857"}}
2021-06-20 07:15:11 :: ----------send data payment:33035------------
2021-06-20 07:15:11 :: {"date":"2021-06-20","invoices":[{"amount":"50000","id":"33035"}],"bankAccount":2}
2021-06-20 07:15:12 :: ----------result data payment:33035------------
2021-06-20 07:15:12 :: {"id":"34285","date":"2021-06-20","number":"32858","amount":"50000.0000000000","observations":null,"anotation":null,"type":"in","paymentMethod":"","status":"open","bankAccount":{"id":"2","name":"PAYU","type":"bank"},"client":{"id":"18741","name":"Carolina Garzon","phone":"3214302838"},"invoices":[{"id":"33035","number":"35296","date":"2021-06-20","amount":50000,"total":50000,"balance":0}],"costCenter":null,"numberTemplate":{"id":"3","prefix":"","number":"32858","fullNumber":"32858","formattedNumber":"32858"}}
2021-06-20 07:35:14 :: ----------send data payment:33036------------
2021-06-20 07:35:14 :: {"date":"2021-06-20","invoices":[{"amount":"174051","id":"33036"}],"bankAccount":2}
2021-06-20 07:35:16 :: ----------result data payment:33036------------
2021-06-20 07:35:16 :: {"id":"34286","date":"2021-06-20","number":"32859","amount":"174051.0000000000","observations":null,"anotation":null,"type":"in","paymentMethod":"","status":"open","bankAccount":{"id":"2","name":"PAYU","type":"bank"},"client":{"id":"25833","name":"Angelica Gomez","phone":"3114527987"},"invoices":[{"id":"33036","number":"35297","date":"2021-06-20","amount":174051,"total":174051,"balance":0}],"costCenter":null,"numberTemplate":{"id":"3","prefix":"","number":"32859","fullNumber":"32859","formattedNumber":"32859"}}
2021-06-20 07:45:12 :: ----------send data payment:33037------------
2021-06-20 07:45:12 :: {"date":"2021-06-20","invoices":[{"amount":"174002","id":"33037"}],"bankAccount":2}
2021-06-20 07:45:13 :: ----------result data payment:33037------------
2021-06-20 07:45:13 :: {"id":"34287","date":"2021-06-20","number":"32860","amount":"174002.0000000000","observations":null,"anotation":null,"type":"in","paymentMethod":"","status":"open","bankAccount":{"id":"2","name":"PAYU","type":"bank"},"client":{"id":"24960","name":"Paula","phone":"3187766999"},"invoices":[{"id":"33037","number":"35298","date":"2021-06-20","amount":174002,"total":174002,"balance":0}],"costCenter":null,"numberTemplate":{"id":"3","prefix":"","number":"32860","fullNumber":"32860","formattedNumber":"32860"}}
2021-06-20 07:50:06 :: ----------send data payment:33038------------
2021-06-20 07:50:06 :: {"date":"2021-06-20","invoices":[{"amount":"55000","id":"33038"}],"bankAccount":2}
2021-06-20 07:50:07 :: ----------result data payment:33038------------
2021-06-20 07:50:07 :: {"id":"34288","date":"2021-06-20","number":"32861","amount":"55000.0000000000","observations":null,"anotation":null,"type":"in","paymentMethod":"","status":"open","bankAccount":{"id":"2","name":"PAYU","type":"bank"},"client":{"id":"15","name":"Laura Ria\u00f1o Meneses","phone":"3214116688"},"invoices":[{"id":"33038","number":"35299","date":"2021-06-20","amount":55000,"total":55000,"balance":0}],"costCenter":null,"numberTemplate":{"id":"3","prefix":"","number":"32861","fullNumber":"32861","formattedNumber":"32861"}}
2021-06-20 07:55:12 :: ----------send data payment:33039------------
2021-06-20 07:55:12 :: {"date":"2021-06-20","invoices":[{"amount":"82000","id":"33039"}],"bankAccount":2}
2021-06-20 07:55:13 :: ----------result data payment:33039------------
2021-06-20 07:55:13 :: {"id":"34289","date":"2021-06-20","number":"32862","amount":"82000.0000000000","observations":null,"anotation":null,"type":"in","paymentMethod":"","status":"open","bankAccount":{"id":"2","name":"PAYU","type":"bank"},"client":{"id":"25834","name":"Nathalia Juliana Heredia Aguilera","phone":"3118450263"},"invoices":[{"id":"33039","number":"35300","date":"2021-06-20","amount":82000,"total":82000,"balance":0}],"costCenter":null,"numberTemplate":{"id":"3","prefix":"","number":"32862","fullNumber":"32862","formattedNumber":"32862"}}
2021-06-20 08:30:08 :: ----------send data payment:33040------------
2021-06-20 08:30:08 :: {"date":"2021-06-20","invoices":[{"amount":"121600","id":"33040"}],"bankAccount":2}
2021-06-20 08:30:09 :: ----------result data payment:33040------------
2021-06-20 08:30:09 :: {"id":"34290","date":"2021-06-20","number":"32863","amount":"121600.0000000000","observations":null,"anotation":null,"type":"in","paymentMethod":"","status":"open","bankAccount":{"id":"2","name":"PAYU","type":"bank"},"client":{"id":"25835","name":"Mariak Pe\u00f1a","phone":"3143150093"},"invoices":[{"id":"33040","number":"35301","date":"2021-06-20","amount":121600,"total":121600,"balance":0}],"costCenter":null,"numberTemplate":{"id":"3","prefix":"","number":"32863","fullNumber":"32863","formattedNumber":"32863"}}
2021-06-20 08:30:11 :: ----------send data payment:33041------------
2021-06-20 08:30:11 :: {"date":"2021-06-20","invoices":[{"amount":"100001","id":"33041"}],"bankAccount":2}
2021-06-20 08:30:12 :: ----------result data payment:33041------------
2021-06-20 08:30:12 :: {"id":"34291","date":"2021-06-20","number":"32864","amount":"100001.0000000000","observations":null,"anotation":null,"type":"in","paymentMethod":"","status":"open","bankAccount":{"id":"2","name":"PAYU","type":"bank"},"client":{"id":"25836","name":"Carolina Fandi\u00f1o","phone":"3157107018"},"invoices":[{"id":"33041","number":"35302","date":"2021-06-20","amount":100001,"total":100001,"balance":0}],"costCenter":null,"numberTemplate":{"id":"3","prefix":"","number":"32864","fullNumber":"32864","formattedNumber":"32864"}}
2021-06-20 08:45:11 :: ----------send data payment:33042------------
2021-06-20 08:45:11 :: {"date":"2021-06-20","invoices":[{"amount":"100003","id":"33042"}],"bankAccount":2}
2021-06-20 08:45:12 :: ----------result data payment:33042------------
2021-06-20 08:45:12 :: {"id":"34292","date":"2021-06-20","number":"32865","amount":"100003.0000000000","observations":null,"anotation":null,"type":"in","paymentMethod":"","status":"open","bankAccount":{"id":"2","name":"PAYU","type":"bank"},"client":{"id":"1426","name":"Yina sierra","phone":"3125079139"},"invoices":[{"id":"33042","number":"35303","date":"2021-06-20","amount":100003,"total":100003,"balance":0}],"costCenter":null,"numberTemplate":{"id":"3","prefix":"","number":"32865","fullNumber":"32865","formattedNumber":"32865"}}
2021-06-20 09:00:07 :: ----------send data payment:33043------------
2021-06-20 09:00:07 :: {"date":"2021-06-20","invoices":[{"amount":"125199","id":"33043"}],"bankAccount":2}
2021-06-20 09:00:08 :: ----------result data payment:33043------------
2021-06-20 09:00:08 :: {"id":"34293","date":"2021-06-20","number":"32866","amount":"125199.0000000000","observations":null,"anotation":null,"type":"in","paymentMethod":"","status":"open","bankAccount":{"id":"2","name":"PAYU","type":"bank"},"client":{"id":"19837","name":"Didima Consuelo ariza castro","phone":"3202866860"},"invoices":[{"id":"33043","number":"35304","date":"2021-06-20","amount":125199,"total":125199,"balance":0}],"costCenter":null,"numberTemplate":{"id":"3","prefix":"","number":"32866","fullNumber":"32866","formattedNumber":"32866"}}
2021-06-20 09:05:10 :: ----------send data payment:33044------------
2021-06-20 09:05:10 :: {"date":"2021-06-20","invoices":[{"amount":"80001","id":"33044"}],"bankAccount":2}
2021-06-20 09:05:11 :: ----------result data payment:33044------------
2021-06-20 09:05:11 :: {"id":"34294","date":"2021-06-20","number":"32867","amount":"80001.0000000000","observations":null,"anotation":null,"type":"in","paymentMethod":"","status":"open","bankAccount":{"id":"2","name":"PAYU","type":"bank"},"client":{"id":"25837","name":"Lucy Iba\u00f1ez Cervantes","phone":"3215326901"},"invoices":[{"id":"33044","number":"35305","date":"2021-06-20","amount":80001,"total":80001,"balance":0}],"costCenter":null,"numberTemplate":{"id":"3","prefix":"","number":"32867","fullNumber":"32867","formattedNumber":"32867"}}
2021-06-20 09:05:13 :: ----------send data payment:33045------------
2021-06-20 09:05:13 :: {"date":"2021-06-20","invoices":[{"amount":"35000","id":"33045"}],"bankAccount":2}
2021-06-20 09:05:14 :: ----------result data payment:33045------------
2021-06-20 09:05:14 :: {"id":"34295","date":"2021-06-20","number":"32868","amount":"35000.0000000000","observations":null,"anotation":null,"type":"in","paymentMethod":"","status":"open","bankAccount":{"id":"2","name":"PAYU","type":"bank"},"client":{"id":"25838","name":"Luisa Fernanda Carvajal Robles","phone":"3202310526"},"invoices":[{"id":"33045","number":"35306","date":"2021-06-20","amount":35000,"total":35000,"balance":0}],"costCenter":null,"numberTemplate":{"id":"3","prefix":"","number":"32868","fullNumber":"32868","formattedNumber":"32868"}}
2021-06-20 09:15:10 :: ----------send data payment:33046------------
2021-06-20 09:15:10 :: {"date":"2021-06-20","invoices":[{"amount":"79999","id":"33046"}],"bankAccount":2}
2021-06-20 09:15:11 :: ----------result data payment:33046------------
2021-06-20 09:15:11 :: {"id":"34296","date":"2021-06-20","number":"32869","amount":"79999.0000000000","observations":null,"anotation":null,"type":"in","paymentMethod":"","status":"open","bankAccount":{"id":"2","name":"PAYU","type":"bank"},"client":{"id":"6795","name":"Juliana Espitia","phone":"3504147663"},"invoices":[{"id":"33046","number":"35307","date":"2021-06-20","amount":79999,"total":79999,"balance":0}],"costCenter":null,"numberTemplate":{"id":"3","prefix":"","number":"32869","fullNumber":"32869","formattedNumber":"32869"}}
2021-06-20 09:20:07 :: ----------send data payment:33047------------
2021-06-20 09:20:07 :: {"date":"2021-06-20","invoices":[{"amount":"22000","id":"33047"}],"bankAccount":2}
2021-06-20 09:20:07 :: ----------result data payment:33047------------
2021-06-20 09:20:07 :: {"id":"34297","date":"2021-06-20","number":"32870","amount":"22000.0000000000","observations":null,"anotation":null,"type":"in","paymentMethod":"","status":"open","bankAccount":{"id":"2","name":"PAYU","type":"bank"},"client":{"id":"25839","name":"Estefania Nempeque Morales","phone":"3507692523"},"invoices":[{"id":"33047","number":"35308","date":"2021-06-20","amount":22000,"total":22000,"balance":0}],"costCenter":null,"numberTemplate":{"id":"3","prefix":"","number":"32870","fullNumber":"32870","formattedNumber":"32870"}}
2021-06-20 09:25:10 :: ----------send data payment:33048------------
2021-06-20 09:25:10 :: {"date":"2021-06-20","invoices":[{"amount":"52000","id":"33048"}],"bankAccount":2}
2021-06-20 09:25:11 :: ----------result data payment:33048------------
2021-06-20 09:25:11 :: {"id":"34298","date":"2021-06-20","number":"32871","amount":"52000.0000000000","observations":null,"anotation":null,"type":"in","paymentMethod":"","status":"open","bankAccount":{"id":"2","name":"PAYU","type":"bank"},"client":{"id":"23174","name":"Marcela Salazar","phone":"3168343087"},"invoices":[{"id":"33048","number":"35309","date":"2021-06-20","amount":52000,"total":52000,"balance":0}],"costCenter":null,"numberTemplate":{"id":"3","prefix":"","number":"32871","fullNumber":"32871","formattedNumber":"32871"}}
2021-06-20 09:35:12 :: ----------send data payment:33049------------
2021-06-20 09:35:12 :: {"date":"2021-06-20","invoices":[{"amount":"120301","id":"33049"}],"bankAccount":2}
2021-06-20 09:35:13 :: ----------result data payment:33049------------
2021-06-20 09:35:13 :: {"id":"34299","date":"2021-06-20","number":"32872","amount":"120301.0000000000","observations":null,"anotation":null,"type":"in","paymentMethod":"","status":"open","bankAccount":{"id":"2","name":"PAYU","type":"bank"},"client":{"id":"1465","name":"Irene Londo\u00f1o","phone":"3165369413"},"invoices":[{"id":"33049","number":"35310","date":"2021-06-20","amount":120301,"total":120301,"balance":0}],"costCenter":null,"numberTemplate":{"id":"3","prefix":"","number":"32872","fullNumber":"32872","formattedNumber":"32872"}}
2021-06-20 10:15:08 :: ----------send data payment:33050------------
2021-06-20 10:15:08 :: {"date":"2021-06-20","invoices":[{"amount":"190001","id":"33050"}],"bankAccount":2}
2021-06-20 10:15:09 :: ----------result data payment:33050------------
2021-06-20 10:15:09 :: {"id":"34300","date":"2021-06-20","number":"32873","amount":"190001.0000000000","observations":null,"anotation":null,"type":"in","paymentMethod":"","status":"open","bankAccount":{"id":"2","name":"PAYU","type":"bank"},"client":{"id":"25840","name":"Alexandra garcia","phone":"3006596044"},"invoices":[{"id":"33050","number":"35311","date":"2021-06-20","amount":190001,"total":190001,"balance":0}],"costCenter":null,"numberTemplate":{"id":"3","prefix":"","number":"32873","fullNumber":"32873","formattedNumber":"32873"}}
2021-06-20 10:50:07 :: ----------send data payment:33051------------
2021-06-20 10:50:07 :: {"date":"2021-06-20","invoices":[{"amount":"74000","id":"33051"}],"bankAccount":2}
2021-06-20 10:50:09 :: ----------result data payment:33051------------
2021-06-20 10:50:09 :: {"id":"34301","date":"2021-06-20","number":"32874","amount":"74000.0000000000","observations":null,"anotation":null,"type":"in","paymentMethod":"","status":"open","bankAccount":{"id":"2","name":"PAYU","type":"bank"},"client":{"id":"25841","name":"Sara Guti\u00e9rrez","phone":"3005066821"},"invoices":[{"id":"33051","number":"35312","date":"2021-06-20","amount":74000,"total":74000,"balance":0}],"costCenter":null,"numberTemplate":{"id":"3","prefix":"","number":"32874","fullNumber":"32874","formattedNumber":"32874"}}