
2021-06-27 02:55:09 :: ----------send data payment:33326------------
2021-06-27 02:55:09 :: {"date":"2021-06-27","invoices":[{"amount":"26000","id":"33326"}],"bankAccount":2}
2021-06-27 02:55:10 :: ----------result data payment:33326------------
2021-06-27 02:55:10 :: {"id":"34604","date":"2021-06-27","number":"33149","amount":"26000.0000000000","observations":null,"anotation":null,"type":"in","paymentMethod":"","status":"open","bankAccount":{"id":"2","name":"PAYU","type":"bank"},"client":{"id":"26012","name":"Angela Sanchez","phone":"3214112491"},"invoices":[{"id":"33326","number":"35587","date":"2021-06-27","amount":26000,"total":26000,"balance":0}],"costCenter":null,"numberTemplate":{"id":"3","prefix":"","number":"33149","fullNumber":"33149","formattedNumber":"33149"}}
2021-06-27 04:35:10 :: ----------send data payment:33327------------
2021-06-27 04:35:10 :: {"date":"2021-06-27","invoices":[{"amount":"74000","id":"33327"}],"bankAccount":2}
2021-06-27 04:35:12 :: ----------result data payment:33327------------
2021-06-27 04:35:12 :: {"id":"34605","date":"2021-06-27","number":"33150","amount":"74000.0000000000","observations":null,"anotation":null,"type":"in","paymentMethod":"","status":"open","bankAccount":{"id":"2","name":"PAYU","type":"bank"},"client":{"id":"9943","name":"Lady Vanegas","phone":"3208821402"},"invoices":[{"id":"33327","number":"35588","date":"2021-06-27","amount":74000,"total":74000,"balance":0}],"costCenter":null,"numberTemplate":{"id":"3","prefix":"","number":"33150","fullNumber":"33150","formattedNumber":"33150"}}
2021-06-27 09:10:08 :: ----------send data payment:33328------------
2021-06-27 09:10:08 :: {"date":"2021-06-27","invoices":[{"amount":"58000","id":"33328"}],"bankAccount":2}
2021-06-27 09:10:09 :: ----------result data payment:33328------------
2021-06-27 09:10:09 :: {"id":"34606","date":"2021-06-27","number":"33151","amount":"58000.0000000000","observations":null,"anotation":null,"type":"in","paymentMethod":"","status":"open","bankAccount":{"id":"2","name":"PAYU","type":"bank"},"client":{"id":"26013","name":"Johana Serrato","phone":"3167524619"},"invoices":[{"id":"33328","number":"35589","date":"2021-06-27","amount":58000,"total":58000,"balance":0}],"costCenter":null,"numberTemplate":{"id":"3","prefix":"","number":"33151","fullNumber":"33151","formattedNumber":"33151"}}
2021-06-27 10:00:08 :: ----------send data payment:33329------------
2021-06-27 10:00:08 :: {"date":"2021-06-27","invoices":[{"amount":"60000","id":"33329"}],"bankAccount":2}
2021-06-27 10:00:09 :: ----------result data payment:33329------------
2021-06-27 10:00:09 :: {"id":"34607","date":"2021-06-27","number":"33152","amount":"60000.0000000000","observations":null,"anotation":null,"type":"in","paymentMethod":"","status":"open","bankAccount":{"id":"2","name":"PAYU","type":"bank"},"client":{"id":"25505","name":"Geraldine Daniela Reyes D\u00edaz","phone":"3214319469"},"invoices":[{"id":"33329","number":"35590","date":"2021-06-27","amount":60000,"total":60000,"balance":0}],"costCenter":null,"numberTemplate":{"id":"3","prefix":"","number":"33152","fullNumber":"33152","formattedNumber":"33152"}}
2021-06-27 10:05:10 :: ----------send data payment:33330------------
2021-06-27 10:05:10 :: {"date":"2021-06-27","invoices":[{"amount":"100002","id":"33330"}],"bankAccount":2}
2021-06-27 10:05:11 :: ----------result data payment:33330------------
2021-06-27 10:05:11 :: {"id":"34608","date":"2021-06-27","number":"33153","amount":"100002.0000000000","observations":null,"anotation":null,"type":"in","paymentMethod":"","status":"open","bankAccount":{"id":"2","name":"PAYU","type":"bank"},"client":{"id":"16857","name":"Paula Az","phone":"3192648279"},"invoices":[{"id":"33330","number":"35591","date":"2021-06-27","amount":100002,"total":100002,"balance":0}],"costCenter":null,"numberTemplate":{"id":"3","prefix":"","number":"33153","fullNumber":"33153","formattedNumber":"33153"}}
2021-06-27 10:10:11 :: ----------send data payment:33331------------
2021-06-27 10:10:11 :: {"date":"2021-06-27","invoices":[{"amount":"182001","id":"33331"}],"bankAccount":2}
2021-06-27 10:10:13 :: ----------result data payment:33331------------
2021-06-27 10:10:13 :: {"id":"34609","date":"2021-06-27","number":"33154","amount":"182001.0000000000","observations":null,"anotation":null,"type":"in","paymentMethod":"","status":"open","bankAccount":{"id":"2","name":"PAYU","type":"bank"},"client":{"id":"26014","name":"Diana carolina Jim\u00e9nez casas","phone":"3112498900"},"invoices":[{"id":"33331","number":"35592","date":"2021-06-27","amount":182001,"total":182001,"balance":0}],"costCenter":null,"numberTemplate":{"id":"3","prefix":"","number":"33154","fullNumber":"33154","formattedNumber":"33154"}}
2021-06-27 10:30:07 :: ----------send data payment:33332------------
2021-06-27 10:30:07 :: {"date":"2021-06-27","invoices":[{"amount":"52002","id":"33332"}],"bankAccount":2}
2021-06-27 10:30:08 :: ----------result data payment:33332------------
2021-06-27 10:30:08 :: {"id":"34610","date":"2021-06-27","number":"33155","amount":"52002.0000000000","observations":null,"anotation":null,"type":"in","paymentMethod":"","status":"open","bankAccount":{"id":"2","name":"PAYU","type":"bank"},"client":{"id":"9646","name":"Mar\u00eda Fernanda Martinez","phone":"3108122228"},"invoices":[{"id":"33332","number":"35593","date":"2021-06-27","amount":52002,"total":52002,"balance":0}],"costCenter":null,"numberTemplate":{"id":"3","prefix":"","number":"33155","fullNumber":"33155","formattedNumber":"33155"}}
2021-06-27 12:00:10 :: ----------send data payment:33333------------
2021-06-27 12:00:10 :: {"date":"2021-06-27","invoices":[{"amount":"220001","id":"33333"}],"bankAccount":2}
2021-06-27 12:00:14 :: ----------result data payment:33333------------
2021-06-27 12:00:14 :: {"id":"34611","date":"2021-06-27","number":"33156","amount":"220001.0000000000","observations":null,"anotation":null,"type":"in","paymentMethod":"","status":"open","bankAccount":{"id":"2","name":"PAYU","type":"bank"},"client":{"id":"26015","name":"Ginna Marcela Valent\u00edn Susa","phone":"3192950684"},"invoices":[{"id":"33333","number":"35594","date":"2021-06-27","amount":220001,"total":220001,"balance":0}],"costCenter":null,"numberTemplate":{"id":"3","prefix":"","number":"33156","fullNumber":"33156","formattedNumber":"33156"}}
2021-06-27 12:40:08 :: ----------send data payment:33334------------
2021-06-27 12:40:08 :: {"date":"2021-06-27","invoices":[{"amount":"67000","id":"33334"}],"bankAccount":2}
2021-06-27 12:40:09 :: ----------result data payment:33334------------
2021-06-27 12:40:09 :: {"id":"34612","date":"2021-06-27","number":"33157","amount":"67000.0000000000","observations":null,"anotation":null,"type":"in","paymentMethod":"","status":"open","bankAccount":{"id":"2","name":"PAYU","type":"bank"},"client":{"id":"26016","name":"Mayerlin Velasquez","phone":"3175580319"},"invoices":[{"id":"33334","number":"35595","date":"2021-06-27","amount":67000,"total":67000,"balance":0}],"costCenter":null,"numberTemplate":{"id":"3","prefix":"","number":"33157","fullNumber":"33157","formattedNumber":"33157"}}
2021-06-27 03:05:08 :: ----------send data payment:33335------------
2021-06-27 03:05:08 :: {"date":"2021-06-27","invoices":[{"amount":"75000","id":"33335"}],"bankAccount":2}
2021-06-27 03:05:09 :: ----------result data payment:33335------------
2021-06-27 03:05:09 :: {"id":"34613","date":"2021-06-27","number":"33158","amount":"75000.0000000000","observations":null,"anotation":null,"type":"in","paymentMethod":"","status":"open","bankAccount":{"id":"2","name":"PAYU","type":"bank"},"client":{"id":"17563","name":"Mariana Mendoza","phone":"3196439950"},"invoices":[{"id":"33335","number":"35596","date":"2021-06-27","amount":75000,"total":75000,"balance":0}],"costCenter":null,"numberTemplate":{"id":"3","prefix":"","number":"33158","fullNumber":"33158","formattedNumber":"33158"}}
2021-06-27 05:40:07 :: ----------send data payment:33336------------
2021-06-27 05:40:07 :: {"date":"2021-06-27","invoices":[{"amount":"69000","id":"33336"}],"bankAccount":2}
2021-06-27 05:40:08 :: ----------result data payment:33336------------
2021-06-27 05:40:08 :: {"id":"34614","date":"2021-06-27","number":"33159","amount":"69000.0000000000","observations":null,"anotation":null,"type":"in","paymentMethod":"","status":"open","bankAccount":{"id":"2","name":"PAYU","type":"bank"},"client":{"id":"18407","name":"Angee Giraldo","phone":"3127714303"},"invoices":[{"id":"33336","number":"35597","date":"2021-06-27","amount":69000,"total":69000,"balance":0}],"costCenter":null,"numberTemplate":{"id":"3","prefix":"","number":"33159","fullNumber":"33159","formattedNumber":"33159"}}
2021-06-27 06:05:10 :: ----------send data payment:33337------------
2021-06-27 06:05:10 :: {"date":"2021-06-27","invoices":[{"amount":"60000","id":"33337"}],"bankAccount":2}
2021-06-27 06:05:11 :: ----------result data payment:33337------------
2021-06-27 06:05:11 :: {"id":"34615","date":"2021-06-27","number":"33160","amount":"60000.0000000000","observations":null,"anotation":null,"type":"in","paymentMethod":"","status":"open","bankAccount":{"id":"2","name":"PAYU","type":"bank"},"client":{"id":"26017","name":"Vanesa de la Cruz Pavas","phone":"3117634317"},"invoices":[{"id":"33337","number":"35598","date":"2021-06-27","amount":60000,"total":60000,"balance":0}],"costCenter":null,"numberTemplate":{"id":"3","prefix":"","number":"33160","fullNumber":"33160","formattedNumber":"33160"}}
2021-06-27 06:15:09 :: ----------send data payment:33338------------
2021-06-27 06:15:09 :: {"date":"2021-06-27","invoices":[{"amount":"70000","id":"33338"}],"bankAccount":2}
2021-06-27 06:15:10 :: ----------result data payment:33338------------
2021-06-27 06:15:10 :: {"id":"34616","date":"2021-06-27","number":"33161","amount":"70000.0000000000","observations":null,"anotation":null,"type":"in","paymentMethod":"","status":"open","bankAccount":{"id":"2","name":"PAYU","type":"bank"},"client":{"id":"26018","name":"Sandra Luna","phone":"3114677737"},"invoices":[{"id":"33338","number":"35599","date":"2021-06-27","amount":70000,"total":70000,"balance":0}],"costCenter":null,"numberTemplate":{"id":"3","prefix":"","number":"33161","fullNumber":"33161","formattedNumber":"33161"}}
2021-06-27 06:30:07 :: ----------send data payment:33339------------
2021-06-27 06:30:07 :: {"date":"2021-06-27","invoices":[{"amount":"542995","id":"33339"}],"bankAccount":2}
2021-06-27 06:30:09 :: ----------result data payment:33339------------
2021-06-27 06:30:09 :: {"id":"34617","date":"2021-06-27","number":"33162","amount":"542995.0000000000","observations":null,"anotation":null,"type":"in","paymentMethod":"","status":"open","bankAccount":{"id":"2","name":"PAYU","type":"bank"},"client":{"id":"26019","name":"GENESIS SANCHEZ","phone":"3123220064"},"invoices":[{"id":"33339","number":"35600","date":"2021-06-27","amount":542995,"total":542999,"balance":4}],"costCenter":null,"numberTemplate":{"id":"3","prefix":"","number":"33162","fullNumber":"33162","formattedNumber":"33162"}}
2021-06-27 06:55:12 :: ----------send data payment:33340------------
2021-06-27 06:55:12 :: {"date":"2021-06-27","invoices":[{"amount":"137501","id":"33340"}],"bankAccount":2}
2021-06-27 06:55:13 :: ----------result data payment:33340------------
2021-06-27 06:55:13 :: {"id":"34618","date":"2021-06-27","number":"33163","amount":"137501.0000000000","observations":null,"anotation":null,"type":"in","paymentMethod":"","status":"open","bankAccount":{"id":"2","name":"PAYU","type":"bank"},"client":{"id":"23484","name":"Natalia iguaran melendres","phone":"3004889103"},"invoices":[{"id":"33340","number":"35601","date":"2021-06-27","amount":137501,"total":137501,"balance":0}],"costCenter":null,"numberTemplate":{"id":"3","prefix":"","number":"33163","fullNumber":"33163","formattedNumber":"33163"}}
2021-06-27 07:05:12 :: ----------send data payment:33341------------
2021-06-27 07:05:12 :: {"date":"2021-06-27","invoices":[{"amount":"104497","id":"33341"}],"bankAccount":2}
2021-06-27 07:05:13 :: ----------result data payment:33341------------
2021-06-27 07:05:13 :: {"id":"34619","date":"2021-06-27","number":"33164","amount":"104497.0000000000","observations":null,"anotation":null,"type":"in","paymentMethod":"","status":"open","bankAccount":{"id":"2","name":"PAYU","type":"bank"},"client":{"id":"22269","name":"Sandra Milena Mu\u00f1oz Rodriguez","phone":"3108886487"},"invoices":[{"id":"33341","number":"35602","date":"2021-06-27","amount":104497,"total":104497,"balance":0}],"costCenter":null,"numberTemplate":{"id":"3","prefix":"","number":"33164","fullNumber":"33164","formattedNumber":"33164"}}
2021-06-27 09:05:11 :: ----------send data payment:33342------------
2021-06-27 09:05:11 :: {"date":"2021-06-27","invoices":[{"amount":"35000","id":"33342"}],"bankAccount":2}
2021-06-27 09:05:12 :: ----------result data payment:33342------------
2021-06-27 09:05:12 :: {"id":"34620","date":"2021-06-27","number":"33165","amount":"35000.0000000000","observations":null,"anotation":null,"type":"in","paymentMethod":"","status":"open","bankAccount":{"id":"2","name":"PAYU","type":"bank"},"client":{"id":"26020","name":"Karen","phone":"3118106050"},"invoices":[{"id":"33342","number":"35603","date":"2021-06-27","amount":35000,"total":35000,"balance":0}],"costCenter":null,"numberTemplate":{"id":"3","prefix":"","number":"33165","fullNumber":"33165","formattedNumber":"33165"}}
2021-06-27 09:45:11 :: ----------send data payment:33343------------
2021-06-27 09:45:11 :: {"date":"2021-06-27","invoices":[{"amount":"92001","id":"33343"}],"bankAccount":2}
2021-06-27 09:45:12 :: ----------result data payment:33343------------
2021-06-27 09:45:12 :: {"id":"34621","date":"2021-06-27","number":"33166","amount":"92001.0000000000","observations":null,"anotation":null,"type":"in","paymentMethod":"","status":"open","bankAccount":{"id":"2","name":"PAYU","type":"bank"},"client":{"id":"26021","name":"Juliana Alba","phone":"3015650430"},"invoices":[{"id":"33343","number":"35604","date":"2021-06-27","amount":92001,"total":92001,"balance":0}],"costCenter":null,"numberTemplate":{"id":"3","prefix":"","number":"33166","fullNumber":"33166","formattedNumber":"33166"}}
2021-06-27 10:10:08 :: ----------send data payment:33344------------
2021-06-27 10:10:08 :: {"date":"2021-06-27","invoices":[{"amount":"117102","id":"33344"}],"bankAccount":2}
2021-06-27 10:10:09 :: ----------result data payment:33344------------
2021-06-27 10:10:09 :: {"id":"34622","date":"2021-06-27","number":"33167","amount":"117102.0000000000","observations":null,"anotation":null,"type":"in","paymentMethod":"","status":"open","bankAccount":{"id":"2","name":"PAYU","type":"bank"},"client":{"id":"26022","name":"Sara Daniela Guarin Parra","phone":"3216050670"},"invoices":[{"id":"33344","number":"35605","date":"2021-06-27","amount":117102,"total":117102,"balance":0}],"costCenter":null,"numberTemplate":{"id":"3","prefix":"","number":"33167","fullNumber":"33167","formattedNumber":"33167"}}
2021-06-27 10:50:07 :: ----------send data payment:33345------------
2021-06-27 10:50:07 :: {"date":"2021-06-27","invoices":[{"amount":"151102","id":"33345"}],"bankAccount":2}
2021-06-27 10:50:09 :: ----------result data payment:33345------------
2021-06-27 10:50:09 :: {"id":"34623","date":"2021-06-27","number":"33168","amount":"151102.0000000000","observations":null,"anotation":null,"type":"in","paymentMethod":"","status":"open","bankAccount":{"id":"2","name":"PAYU","type":"bank"},"client":{"id":"19040","name":"LEIDY VARGAS","phone":"3103308045"},"invoices":[{"id":"33345","number":"35606","date":"2021-06-27","amount":151102,"total":151102,"balance":0}],"costCenter":null,"numberTemplate":{"id":"3","prefix":"","number":"33168","fullNumber":"33168","formattedNumber":"33168"}}
2021-06-27 10:50:12 :: ----------send data payment:33346------------
2021-06-27 10:50:12 :: {"date":"2021-06-27","invoices":[{"amount":"157899","id":"33346"}],"bankAccount":2}
2021-06-27 10:50:13 :: ----------result data payment:33346------------
2021-06-27 10:50:13 :: {"id":"34624","date":"2021-06-27","number":"33169","amount":"157899.0000000000","observations":null,"anotation":null,"type":"in","paymentMethod":"","status":"open","bankAccount":{"id":"2","name":"PAYU","type":"bank"},"client":{"id":"22996","name":"Aleja Beltr\u00e1n","phone":"3224366471"},"invoices":[{"id":"33346","number":"35607","date":"2021-06-27","amount":157899,"total":157899,"balance":0}],"costCenter":null,"numberTemplate":{"id":"3","prefix":"","number":"33169","fullNumber":"33169","formattedNumber":"33169"}}
2021-06-27 10:50:14 :: ----------send data payment:33347------------
2021-06-27 10:50:14 :: {"date":"2021-06-27","invoices":[{"amount":"48001","id":"33347"}],"bankAccount":2}
2021-06-27 10:50:15 :: ----------result data payment:33347------------
2021-06-27 10:50:15 :: {"id":"34625","date":"2021-06-27","number":"33170","amount":"48001.0000000000","observations":null,"anotation":null,"type":"in","paymentMethod":"","status":"open","bankAccount":{"id":"2","name":"PAYU","type":"bank"},"client":{"id":"4539","name":"Melissa Vargas","phone":"3204557151"},"invoices":[{"id":"33347","number":"35608","date":"2021-06-27","amount":48001,"total":48001,"balance":0}],"costCenter":null,"numberTemplate":{"id":"3","prefix":"","number":"33170","fullNumber":"33170","formattedNumber":"33170"}}
2021-06-27 11:10:07 :: ----------send data payment:33348------------
2021-06-27 11:10:07 :: {"date":"2021-06-27","invoices":[{"amount":"64999","id":"33348"}],"bankAccount":2}
2021-06-27 11:10:08 :: ----------result data payment:33348------------
2021-06-27 11:10:08 :: {"id":"34626","date":"2021-06-27","number":"33171","amount":"64999.0000000000","observations":null,"anotation":null,"type":"in","paymentMethod":"","status":"open","bankAccount":{"id":"2","name":"PAYU","type":"bank"},"client":{"id":"26023","name":"Karine","phone":"3213919194"},"invoices":[{"id":"33348","number":"35609","date":"2021-06-27","amount":64999,"total":64999,"balance":0}],"costCenter":null,"numberTemplate":{"id":"3","prefix":"","number":"33171","fullNumber":"33171","formattedNumber":"33171"}}