
2021-10-04 06:56:13 :: ----------send data payment:38652------------
2021-10-04 06:56:13 :: {"date":"2021-10-04","invoices":[{"amount":"99000","id":"38652"}],"bankAccount":2}
2021-10-04 06:56:16 :: ----------result data payment:38652------------
2021-10-04 06:56:16 :: {"id":"40188","date":"2021-10-04","number":"38443","amount":"99000.0000000000","observations":null,"anotation":null,"type":"in","paymentMethod":"","status":"open","bankAccount":{"id":"2","name":"PAYU","type":"bank"},"client":{"id":"29984","name":"Vanessa Aristizabal","phone":"3013306104"},"invoices":[{"id":"38652","number":"40913","date":"2021-10-04","amount":99000,"total":99000,"balance":0}],"costCenter":null,"numberTemplate":{"id":"3","prefix":"","number":"38443","fullNumber":"38443","formattedNumber":"38443"}}
2021-10-04 07:17:08 :: ----------send data payment:38653------------
2021-10-04 07:17:08 :: {"date":"2021-10-04","invoices":[{"amount":"70000","id":"38653"}],"bankAccount":2}
2021-10-04 07:17:10 :: ----------result data payment:38653------------
2021-10-04 07:17:10 :: {"id":"40189","date":"2021-10-04","number":"38444","amount":"70000.0000000000","observations":null,"anotation":null,"type":"in","paymentMethod":"","status":"open","bankAccount":{"id":"2","name":"PAYU","type":"bank"},"client":{"id":"29985","name":"JULISSA MEJIA","phone":"3186941741"},"invoices":[{"id":"38653","number":"40914","date":"2021-10-04","amount":70000,"total":70000,"balance":0}],"costCenter":null,"numberTemplate":{"id":"3","prefix":"","number":"38444","fullNumber":"38444","formattedNumber":"38444"}}
2021-10-04 07:42:11 :: ----------send data payment:38654------------
2021-10-04 07:42:11 :: {"date":"2021-10-04","invoices":[{"amount":"30000","id":"38654"}],"bankAccount":2}
2021-10-04 07:42:13 :: ----------result data payment:38654------------
2021-10-04 07:42:13 :: {"id":"40190","date":"2021-10-04","number":"38445","amount":"30000.0000000000","observations":null,"anotation":null,"type":"in","paymentMethod":"","status":"open","bankAccount":{"id":"2","name":"PAYU","type":"bank"},"client":{"id":"29986","name":"Daniela Bedoya","phone":"3233068863"},"invoices":[{"id":"38654","number":"40915","date":"2021-10-04","amount":30000,"total":30000,"balance":0}],"costCenter":null,"numberTemplate":{"id":"3","prefix":"","number":"38445","fullNumber":"38445","formattedNumber":"38445"}}
2021-10-04 08:12:08 :: ----------send data payment:38655------------
2021-10-04 08:12:08 :: {"date":"2021-10-04","invoices":[{"amount":"70000","id":"38655"}],"bankAccount":2}
2021-10-04 08:12:10 :: ----------result data payment:38655------------
2021-10-04 08:12:10 :: {"id":"40191","date":"2021-10-04","number":"38446","amount":"70000.0000000000","observations":null,"anotation":null,"type":"in","paymentMethod":"","status":"open","bankAccount":{"id":"2","name":"PAYU","type":"bank"},"client":{"id":"29987","name":"St\u00ebffy M\u00fcr\u00efll\u00f6","phone":"3017189990"},"invoices":[{"id":"38655","number":"40916","date":"2021-10-04","amount":70000,"total":70000,"balance":0}],"costCenter":null,"numberTemplate":{"id":"3","prefix":"","number":"38446","fullNumber":"38446","formattedNumber":"38446"}}
2021-10-04 08:26:13 :: ----------send data payment:38656------------
2021-10-04 08:26:13 :: {"date":"2021-10-04","invoices":[{"amount":"40000","id":"38656"}],"bankAccount":2}
2021-10-04 08:26:14 :: ----------result data payment:38656------------
2021-10-04 08:26:14 :: {"id":"40192","date":"2021-10-04","number":"38447","amount":"40000.0000000000","observations":null,"anotation":null,"type":"in","paymentMethod":"","status":"open","bankAccount":{"id":"2","name":"PAYU","type":"bank"},"client":{"id":"29988","name":"Andrea D\u00edaz","phone":"3125882676"},"invoices":[{"id":"38656","number":"40917","date":"2021-10-04","amount":40000,"total":40000,"balance":0}],"costCenter":null,"numberTemplate":{"id":"3","prefix":"","number":"38447","fullNumber":"38447","formattedNumber":"38447"}}
2021-10-04 08:55:05 :: ----------send data payment:38657------------
2021-10-04 08:55:05 :: {"date":"2021-10-04","invoices":[{"amount":"117602","id":"38657"}],"bankAccount":2}
2021-10-04 08:55:08 :: ----------result data payment:38657------------
2021-10-04 08:55:08 :: {"id":"40193","date":"2021-10-04","number":"38448","amount":"117602.0000000000","observations":null,"anotation":null,"type":"in","paymentMethod":"","status":"open","bankAccount":{"id":"2","name":"PAYU","type":"bank"},"client":{"id":"23820","name":"Marilin Rojas Pradilla","phone":"3134056439"},"invoices":[{"id":"38657","number":"40918","date":"2021-10-04","amount":117602,"total":117602,"balance":0}],"costCenter":null,"numberTemplate":{"id":"3","prefix":"","number":"38448","fullNumber":"38448","formattedNumber":"38448"}}
2021-10-04 09:05:07 :: ----------send data payment:38658------------
2021-10-04 09:05:07 :: {"date":"2021-10-04","invoices":[{"amount":"70000","id":"38658"}],"bankAccount":2}
2021-10-04 09:05:10 :: ----------result data payment:38658------------
2021-10-04 09:05:10 :: {"id":"40194","date":"2021-10-04","number":"38449","amount":"70000.0000000000","observations":null,"anotation":null,"type":"in","paymentMethod":"","status":"open","bankAccount":{"id":"2","name":"PAYU","type":"bank"},"client":{"id":"29989","name":"Yulieth Vanesa Gallego Reyes","phone":"3105997677"},"invoices":[{"id":"38658","number":"40919","date":"2021-10-04","amount":70000,"total":70000,"balance":0}],"costCenter":null,"numberTemplate":{"id":"3","prefix":"","number":"38449","fullNumber":"38449","formattedNumber":"38449"}}
2021-10-04 09:19:06 :: ----------send data payment:38660------------
2021-10-04 09:19:06 :: {"date":"2021-10-04","invoices":[{"amount":"21000","id":"38660"}],"bankAccount":2}
2021-10-04 09:19:07 :: ----------result data payment:38660------------
2021-10-04 09:19:07 :: {"id":"40195","date":"2021-10-04","number":"38450","amount":"21000.0000000000","observations":null,"anotation":null,"type":"in","paymentMethod":"","status":"open","bankAccount":{"id":"2","name":"PAYU","type":"bank"},"client":{"id":"29990","name":"Diana Lorena","phone":"3207952050"},"invoices":[{"id":"38660","number":"40921","date":"2021-10-04","amount":21000,"total":21000,"balance":0}],"costCenter":null,"numberTemplate":{"id":"3","prefix":"","number":"38450","fullNumber":"38450","formattedNumber":"38450"}}
2021-10-04 09:21:10 :: ----------send data payment:38661------------
2021-10-04 09:21:10 :: {"date":"2021-10-04","invoices":[{"amount":"102000","id":"38661"}],"bankAccount":2}
2021-10-04 09:21:12 :: ----------result data payment:38661------------
2021-10-04 09:21:12 :: {"id":"40196","date":"2021-10-04","number":"38451","amount":"102000.0000000000","observations":null,"anotation":null,"type":"in","paymentMethod":"","status":"open","bankAccount":{"id":"2","name":"PAYU","type":"bank"},"client":{"id":"29991","name":"valentina","phone":"3014843468"},"invoices":[{"id":"38661","number":"40922","date":"2021-10-04","amount":102000,"total":102000,"balance":0}],"costCenter":null,"numberTemplate":{"id":"3","prefix":"","number":"38451","fullNumber":"38451","formattedNumber":"38451"}}
2021-10-04 09:21:14 :: ----------send data payment:38662------------
2021-10-04 09:21:14 :: {"date":"2021-10-04","invoices":[{"amount":"113000","id":"38662"}],"bankAccount":2}
2021-10-04 09:21:15 :: ----------result data payment:38662------------
2021-10-04 09:21:15 :: {"id":"40197","date":"2021-10-04","number":"38452","amount":"113000.0000000000","observations":null,"anotation":null,"type":"in","paymentMethod":"","status":"open","bankAccount":{"id":"2","name":"PAYU","type":"bank"},"client":{"id":"27377","name":"Juana","phone":"3015640838"},"invoices":[{"id":"38662","number":"40923","date":"2021-10-04","amount":113000,"total":113000,"balance":0}],"costCenter":null,"numberTemplate":{"id":"3","prefix":"","number":"38452","fullNumber":"38452","formattedNumber":"38452"}}
2021-10-04 09:22:04 :: ----------send data payment:38663------------
2021-10-04 09:22:04 :: {"date":"2021-10-04","invoices":[{"amount":"40100","id":"38663"}],"bankAccount":2}
2021-10-04 09:22:05 :: ----------result data payment:38663------------
2021-10-04 09:22:05 :: {"id":"40198","date":"2021-10-04","number":"38453","amount":"40100.0000000000","observations":null,"anotation":null,"type":"in","paymentMethod":"","status":"open","bankAccount":{"id":"2","name":"PAYU","type":"bank"},"client":{"id":"26418","name":"Natali chaves","phone":"3158507800"},"invoices":[{"id":"38663","number":"40924","date":"2021-10-04","amount":40100,"total":40100,"balance":0}],"costCenter":null,"numberTemplate":{"id":"3","prefix":"","number":"38453","fullNumber":"38453","formattedNumber":"38453"}}
2021-10-04 09:27:06 :: ----------send data payment:38664------------
2021-10-04 09:27:06 :: {"date":"2021-10-04","invoices":[{"amount":"70000","id":"38664"}],"bankAccount":2}
2021-10-04 09:27:07 :: ----------result data payment:38664------------
2021-10-04 09:27:07 :: {"id":"40199","date":"2021-10-04","number":"38454","amount":"70000.0000000000","observations":null,"anotation":null,"type":"in","paymentMethod":"","status":"open","bankAccount":{"id":"2","name":"PAYU","type":"bank"},"client":{"id":"29992","name":"Jessica Giraldo Hernandez","phone":"3144685161"},"invoices":[{"id":"38664","number":"40925","date":"2021-10-04","amount":70000,"total":70000,"balance":0}],"costCenter":null,"numberTemplate":{"id":"3","prefix":"","number":"38454","fullNumber":"38454","formattedNumber":"38454"}}
2021-10-04 09:33:06 :: ----------send data payment:38665------------
2021-10-04 09:33:06 :: {"date":"2021-10-04","invoices":[{"amount":"132000","id":"38665"}],"bankAccount":2}
2021-10-04 09:33:09 :: ----------result data payment:38665------------
2021-10-04 09:33:09 :: {"id":"40200","date":"2021-10-04","number":"38455","amount":"132000.0000000000","observations":null,"anotation":null,"type":"in","paymentMethod":"","status":"open","bankAccount":{"id":"2","name":"PAYU","type":"bank"},"client":{"id":"29993","name":"Laura Mazo","phone":"3207334192"},"invoices":[{"id":"38665","number":"40926","date":"2021-10-04","amount":132000,"total":132000,"balance":0}],"costCenter":null,"numberTemplate":{"id":"3","prefix":"","number":"38455","fullNumber":"38455","formattedNumber":"38455"}}
2021-10-04 09:37:06 :: ----------send data payment:38666------------
2021-10-04 09:37:06 :: {"date":"2021-10-04","invoices":[{"amount":"55000","id":"38666"}],"bankAccount":2}
2021-10-04 09:37:08 :: ----------result data payment:38666------------
2021-10-04 09:37:08 :: {"id":"40201","date":"2021-10-04","number":"38456","amount":"55000.0000000000","observations":null,"anotation":null,"type":"in","paymentMethod":"","status":"open","bankAccount":{"id":"2","name":"PAYU","type":"bank"},"client":{"id":"29994","name":"Luisa Fnda Gonz\u00e1lez","phone":"3164549014"},"invoices":[{"id":"38666","number":"40927","date":"2021-10-04","amount":55000,"total":55000,"balance":0}],"costCenter":null,"numberTemplate":{"id":"3","prefix":"","number":"38456","fullNumber":"38456","formattedNumber":"38456"}}
2021-10-04 09:40:13 :: ----------send data payment:38667------------
2021-10-04 09:40:13 :: {"date":"2021-10-04","invoices":[{"amount":"111000","id":"38667"}],"bankAccount":2}
2021-10-04 09:40:14 :: ----------result data payment:38667------------
2021-10-04 09:40:14 :: {"id":"40202","date":"2021-10-04","number":"38457","amount":"111000.0000000000","observations":null,"anotation":null,"type":"in","paymentMethod":"","status":"open","bankAccount":{"id":"2","name":"PAYU","type":"bank"},"client":{"id":"7835","name":"GABRIELA HIGUERA","phone":"3212384609"},"invoices":[{"id":"38667","number":"40928","date":"2021-10-04","amount":111000,"total":111000,"balance":0}],"costCenter":null,"numberTemplate":{"id":"3","prefix":"","number":"38457","fullNumber":"38457","formattedNumber":"38457"}}
2021-10-04 10:02:05 :: ----------send data payment:38669------------
2021-10-04 10:02:05 :: {"date":"2021-10-04","invoices":[{"amount":"48501","id":"38669"}],"bankAccount":2}
2021-10-04 10:02:07 :: ----------result data payment:38669------------
2021-10-04 10:02:07 :: {"id":"40203","date":"2021-10-04","number":"38458","amount":"48501.0000000000","observations":null,"anotation":null,"type":"in","paymentMethod":"","status":"open","bankAccount":{"id":"2","name":"PAYU","type":"bank"},"client":{"id":"29995","name":"Johsna mora","phone":"3507721581"},"invoices":[{"id":"38669","number":"40930","date":"2021-10-04","amount":48501,"total":48501,"balance":0}],"costCenter":null,"numberTemplate":{"id":"3","prefix":"","number":"38458","fullNumber":"38458","formattedNumber":"38458"}}
2021-10-04 10:09:09 :: ----------send data payment:38670------------
2021-10-04 10:09:09 :: {"date":"2021-10-04","invoices":[{"amount":"105000","id":"38670"}],"bankAccount":2}
2021-10-04 10:09:10 :: ----------result data payment:38670------------
2021-10-04 10:09:10 :: {"id":"40204","date":"2021-10-04","number":"38459","amount":"105000.0000000000","observations":null,"anotation":null,"type":"in","paymentMethod":"","status":"open","bankAccount":{"id":"2","name":"PAYU","type":"bank"},"client":{"id":"29996","name":"Marcela Amaya","phone":"3012614395"},"invoices":[{"id":"38670","number":"40931","date":"2021-10-04","amount":105000,"total":105000,"balance":0}],"costCenter":null,"numberTemplate":{"id":"3","prefix":"","number":"38459","fullNumber":"38459","formattedNumber":"38459"}}
2021-10-04 10:17:04 :: ----------send data payment:38671------------
2021-10-04 10:17:04 :: {"date":"2021-10-04","invoices":[{"amount":"30000","id":"38671"}],"bankAccount":2}
2021-10-04 10:17:06 :: ----------result data payment:38671------------
2021-10-04 10:17:06 :: {"id":"40206","date":"2021-10-04","number":"38461","amount":"30000.0000000000","observations":null,"anotation":null,"type":"in","paymentMethod":"","status":"open","bankAccount":{"id":"2","name":"PAYU","type":"bank"},"client":{"id":"29798","name":"Lyset Vasco","phone":"3005059417"},"invoices":[{"id":"38671","number":"40932","date":"2021-10-04","amount":30000,"total":30000,"balance":0}],"costCenter":null,"numberTemplate":{"id":"3","prefix":"","number":"38461","fullNumber":"38461","formattedNumber":"38461"}}
2021-10-04 10:22:15 :: ----------send data payment:38672------------
2021-10-04 10:22:15 :: {"date":"2021-10-04","invoices":[{"amount":"90000","id":"38672"}],"bankAccount":2}
2021-10-04 10:22:16 :: ----------result data payment:38672------------
2021-10-04 10:22:16 :: {"id":"40207","date":"2021-10-04","number":"38462","amount":"90000.0000000000","observations":null,"anotation":null,"type":"in","paymentMethod":"","status":"open","bankAccount":{"id":"2","name":"PAYU","type":"bank"},"client":{"id":"29997","name":"Camilo Morales","phone":"3006094408"},"invoices":[{"id":"38672","number":"40933","date":"2021-10-04","amount":90000,"total":90000,"balance":0}],"costCenter":null,"numberTemplate":{"id":"3","prefix":"","number":"38462","fullNumber":"38462","formattedNumber":"38462"}}
2021-10-04 10:45:26 :: ----------send data payment:38673------------
2021-10-04 10:45:26 :: {"date":"2021-10-04","invoices":[{"amount":"215452","id":"38673"}],"bankAccount":2}
2021-10-04 10:45:28 :: ----------result data payment:38673------------
2021-10-04 10:45:28 :: {"id":"40209","date":"2021-10-04","number":"38464","amount":"215452.0000000000","observations":null,"anotation":null,"type":"in","paymentMethod":"","status":"open","bankAccount":{"id":"2","name":"PAYU","type":"bank"},"client":{"id":"26127","name":"Mar\u00eda Camila Acosta L\u00f3pez","phone":"3205983062"},"invoices":[{"id":"38673","number":"40934","date":"2021-10-04","amount":215452,"total":215452,"balance":0}],"costCenter":null,"numberTemplate":{"id":"3","prefix":"","number":"38464","fullNumber":"38464","formattedNumber":"38464"}}
2021-10-04 11:02:02 :: ----------send data payment:38674------------
2021-10-04 11:02:02 :: {"date":"2021-10-04","invoices":[{"amount":"30000","id":"38674"}],"bankAccount":2}
2021-10-04 11:02:04 :: ----------result data payment:38674------------
2021-10-04 11:02:04 :: {"id":"40210","date":"2021-10-04","number":"38465","amount":"30000.0000000000","observations":null,"anotation":null,"type":"in","paymentMethod":"","status":"open","bankAccount":{"id":"2","name":"PAYU","type":"bank"},"client":{"id":"12925","name":"Alexandra Garcia","phone":"3134280133"},"invoices":[{"id":"38674","number":"40935","date":"2021-10-04","amount":30000,"total":30000,"balance":0}],"costCenter":null,"numberTemplate":{"id":"3","prefix":"","number":"38465","fullNumber":"38465","formattedNumber":"38465"}}
2021-10-04 11:15:32 :: ----------send data payment:38675------------
2021-10-04 11:15:32 :: {"date":"2021-10-04","invoices":[{"amount":"35001","id":"38675"}],"bankAccount":2}
2021-10-04 11:15:33 :: ----------result data payment:38675------------
2021-10-04 11:15:33 :: {"id":"40211","date":"2021-10-04","number":"38466","amount":"35001.0000000000","observations":null,"anotation":null,"type":"in","paymentMethod":"","status":"open","bankAccount":{"id":"2","name":"PAYU","type":"bank"},"client":{"id":"9129","name":"Vanessa Guti\u00e9rrez","phone":"3155766478"},"invoices":[{"id":"38675","number":"40936","date":"2021-10-04","amount":35001,"total":35001,"balance":0}],"costCenter":null,"numberTemplate":{"id":"3","prefix":"","number":"38466","fullNumber":"38466","formattedNumber":"38466"}}
2021-10-04 11:39:26 :: ----------send data payment:38676------------
2021-10-04 11:39:26 :: {"date":"2021-10-04","invoices":[{"amount":"80001","id":"38676"}],"bankAccount":2}
2021-10-04 11:39:28 :: ----------result data payment:38676------------
2021-10-04 11:39:28 :: {"id":"40212","date":"2021-10-04","number":"38467","amount":"80001.0000000000","observations":null,"anotation":null,"type":"in","paymentMethod":"","status":"open","bankAccount":{"id":"2","name":"PAYU","type":"bank"},"client":{"id":"29998","name":"PAULA DANIELA","phone":"3007877309"},"invoices":[{"id":"38676","number":"40937","date":"2021-10-04","amount":80001,"total":80001,"balance":0}],"costCenter":null,"numberTemplate":{"id":"3","prefix":"","number":"38467","fullNumber":"38467","formattedNumber":"38467"}}
2021-10-04 11:55:36 :: ----------send data payment:38677------------
2021-10-04 11:55:36 :: {"date":"2021-10-04","invoices":[{"amount":"110000","id":"38677"}],"bankAccount":2}
2021-10-04 11:55:39 :: ----------result data payment:38677------------
2021-10-04 11:55:39 :: {"id":"40213","date":"2021-10-04","number":"38468","amount":"110000.0000000000","observations":null,"anotation":null,"type":"in","paymentMethod":"","status":"open","bankAccount":{"id":"2","name":"PAYU","type":"bank"},"client":{"id":"29999","name":"Nataly Sarache","phone":"3052965198"},"invoices":[{"id":"38677","number":"40938","date":"2021-10-04","amount":110000,"total":110000,"balance":0}],"costCenter":null,"numberTemplate":{"id":"3","prefix":"","number":"38468","fullNumber":"38468","formattedNumber":"38468"}}
2021-10-04 12:10:43 :: ----------send data payment:38678------------
2021-10-04 12:10:43 :: {"date":"2021-10-04","invoices":[{"amount":"71000","id":"38678"}],"bankAccount":2}
2021-10-04 12:10:51 :: ----------result data payment:38678------------
2021-10-04 12:10:51 :: {"id":"40214","date":"2021-10-04","number":"38469","amount":"71000.0000000000","observations":null,"anotation":null,"type":"in","paymentMethod":"","status":"open","bankAccount":{"id":"2","name":"PAYU","type":"bank"},"client":{"id":"30000","name":"Camila Sandoval","phone":"3103823418"},"invoices":[{"id":"38678","number":"40939","date":"2021-10-04","amount":71000,"total":71000,"balance":0}],"costCenter":null,"numberTemplate":{"id":"3","prefix":"","number":"38469","fullNumber":"38469","formattedNumber":"38469"}}
2021-10-04 12:23:43 :: ----------send data payment:38679------------
2021-10-04 12:23:43 :: {"date":"2021-10-04","invoices":[{"amount":"70000","id":"38679"}],"bankAccount":2}
2021-10-04 12:23:51 :: ----------result data payment:38679------------
2021-10-04 12:23:51 :: {"id":"40215","date":"2021-10-04","number":"38470","amount":"70000.0000000000","observations":null,"anotation":null,"type":"in","paymentMethod":"","status":"open","bankAccount":{"id":"2","name":"PAYU","type":"bank"},"client":{"id":"30001","name":"Maura Torres Vega","phone":"3504601842"},"invoices":[{"id":"38679","number":"40940","date":"2021-10-04","amount":70000,"total":70000,"balance":0}],"costCenter":null,"numberTemplate":{"id":"3","prefix":"","number":"38470","fullNumber":"38470","formattedNumber":"38470"}}
2021-10-04 12:47:24 :: ----------send data payment:38680------------
2021-10-04 12:47:24 :: {"date":"2021-10-04","invoices":[{"amount":"113000","id":"38680"}],"bankAccount":2}
2021-10-04 12:47:26 :: ----------result data payment:38680------------
2021-10-04 12:47:26 :: {"id":"40216","date":"2021-10-04","number":"38471","amount":"113000.0000000000","observations":null,"anotation":null,"type":"in","paymentMethod":"","status":"open","bankAccount":{"id":"2","name":"PAYU","type":"bank"},"client":{"id":"13581","name":"lvlh23","phone":"3008565338"},"invoices":[{"id":"38680","number":"40941","date":"2021-10-04","amount":113000,"total":113000,"balance":0}],"costCenter":null,"numberTemplate":{"id":"3","prefix":"","number":"38471","fullNumber":"38471","formattedNumber":"38471"}}
2021-10-04 01:03:23 :: ----------send data payment:38681------------
2021-10-04 01:03:23 :: {"date":"2021-10-04","invoices":[{"amount":"68801","id":"38681"}],"bankAccount":2}
2021-10-04 01:03:25 :: ----------result data payment:38681------------
2021-10-04 01:03:25 :: {"id":"40217","date":"2021-10-04","number":"38472","amount":"68801.0000000000","observations":null,"anotation":null,"type":"in","paymentMethod":"","status":"open","bankAccount":{"id":"2","name":"PAYU","type":"bank"},"client":{"id":"10920","name":"Tatiana Serrano","phone":"3186961848"},"invoices":[{"id":"38681","number":"40942","date":"2021-10-04","amount":68801,"total":68801,"balance":0}],"costCenter":null,"numberTemplate":{"id":"3","prefix":"","number":"38472","fullNumber":"38472","formattedNumber":"38472"}}
2021-10-04 02:45:26 :: ----------send data payment:38682------------
2021-10-04 02:45:26 :: {"date":"2021-10-04","invoices":[{"amount":"41501","id":"38682"}],"bankAccount":2}
2021-10-04 02:45:28 :: ----------result data payment:38682------------
2021-10-04 02:45:28 :: {"id":"40218","date":"2021-10-04","number":"38473","amount":"41501.0000000000","observations":null,"anotation":null,"type":"in","paymentMethod":"","status":"open","bankAccount":{"id":"2","name":"PAYU","type":"bank"},"client":{"id":"30002","name":"Sara Zuleta","phone":"3183774107"},"invoices":[{"id":"38682","number":"40943","date":"2021-10-04","amount":41501,"total":41501,"balance":0}],"costCenter":null,"numberTemplate":{"id":"3","prefix":"","number":"38473","fullNumber":"38473","formattedNumber":"38473"}}
2021-10-04 03:08:25 :: ----------send data payment:38683------------
2021-10-04 03:08:25 :: {"date":"2021-10-04","invoices":[{"amount":"46000","id":"38683"}],"bankAccount":2}
2021-10-04 03:08:27 :: ----------result data payment:38683------------
2021-10-04 03:08:27 :: {"id":"40219","date":"2021-10-04","number":"38474","amount":"46000.0000000000","observations":null,"anotation":null,"type":"in","paymentMethod":"","status":"open","bankAccount":{"id":"2","name":"PAYU","type":"bank"},"client":{"id":"30003","name":"Greys Perez","phone":"3017242794"},"invoices":[{"id":"38683","number":"40944","date":"2021-10-04","amount":46000,"total":46000,"balance":0}],"costCenter":null,"numberTemplate":{"id":"3","prefix":"","number":"38474","fullNumber":"38474","formattedNumber":"38474"}}
2021-10-04 03:11:29 :: ----------send data payment:38684------------
2021-10-04 03:11:29 :: {"date":"2021-10-04","invoices":[{"amount":"99999","id":"38684"}],"bankAccount":2}
2021-10-04 03:11:32 :: ----------result data payment:38684------------
2021-10-04 03:11:32 :: {"id":"40220","date":"2021-10-04","number":"38475","amount":"99999.0000000000","observations":null,"anotation":null,"type":"in","paymentMethod":"","status":"open","bankAccount":{"id":"2","name":"PAYU","type":"bank"},"client":{"id":"30004","name":"Catalina Mu\u00f1oz Ortiz","phone":"3107297557"},"invoices":[{"id":"38684","number":"40945","date":"2021-10-04","amount":99999,"total":99999,"balance":0}],"costCenter":null,"numberTemplate":{"id":"3","prefix":"","number":"38475","fullNumber":"38475","formattedNumber":"38475"}}
2021-10-04 03:15:13 :: ----------send data payment:38685------------
2021-10-04 03:15:13 :: {"date":"2021-10-04","invoices":[{"amount":"36000","id":"38685"}],"bankAccount":2}
2021-10-04 03:15:14 :: ----------result data payment:38685------------
2021-10-04 03:15:14 :: {"id":"40221","date":"2021-10-04","number":"38476","amount":"36000.0000000000","observations":null,"anotation":null,"type":"in","paymentMethod":"","status":"open","bankAccount":{"id":"2","name":"PAYU","type":"bank"},"client":{"id":"30005","name":"Arcelia Lozano de Bermeo","phone":"3208526060"},"invoices":[{"id":"38685","number":"40946","date":"2021-10-04","amount":36000,"total":36000,"balance":0}],"costCenter":null,"numberTemplate":{"id":"3","prefix":"","number":"38476","fullNumber":"38476","formattedNumber":"38476"}}
2021-10-04 03:20:22 :: ----------send data payment:38686------------
2021-10-04 03:20:22 :: {"date":"2021-10-04","invoices":[{"amount":"100095","id":"38686"}],"bankAccount":2}
2021-10-04 03:20:26 :: ----------result data payment:38686------------
2021-10-04 03:20:26 :: {"id":"40222","date":"2021-10-04","number":"38477","amount":"100095.0000000000","observations":null,"anotation":null,"type":"in","paymentMethod":"","status":"open","bankAccount":{"id":"2","name":"PAYU","type":"bank"},"client":{"id":"22256","name":"Yineth Alzate","phone":"3054188639"},"invoices":[{"id":"38686","number":"40947","date":"2021-10-04","amount":100095,"total":100095,"balance":0}],"costCenter":null,"numberTemplate":{"id":"3","prefix":"","number":"38477","fullNumber":"38477","formattedNumber":"38477"}}
2021-10-04 03:52:17 :: ----------send data payment:38687------------
2021-10-04 03:52:17 :: {"date":"2021-10-04","invoices":[{"amount":"56000","id":"38687"}],"bankAccount":2}
2021-10-04 03:52:18 :: ----------result data payment:38687------------
2021-10-04 03:52:19 :: {"id":"40223","date":"2021-10-04","number":"38478","amount":"56000.0000000000","observations":null,"anotation":null,"type":"in","paymentMethod":"","status":"open","bankAccount":{"id":"2","name":"PAYU","type":"bank"},"client":{"id":"30006","name":"Daniel Mateo Ortiz","phone":"3229145725"},"invoices":[{"id":"38687","number":"40948","date":"2021-10-04","amount":56000,"total":56000,"balance":0}],"costCenter":null,"numberTemplate":{"id":"3","prefix":"","number":"38478","fullNumber":"38478","formattedNumber":"38478"}}
2021-10-04 03:57:28 :: ----------send data payment:38688------------
2021-10-04 03:57:28 :: {"date":"2021-10-04","invoices":[{"amount":"114500","id":"38688"}],"bankAccount":2}
2021-10-04 03:57:30 :: ----------result data payment:38688------------
2021-10-04 03:57:30 :: {"id":"40224","date":"2021-10-04","number":"38479","amount":"114500.0000000000","observations":null,"anotation":null,"type":"in","paymentMethod":"","status":"open","bankAccount":{"id":"2","name":"PAYU","type":"bank"},"client":{"id":"19722","name":"Mitchell Shaik","phone":"3007879116"},"invoices":[{"id":"38688","number":"40949","date":"2021-10-04","amount":114500,"total":114500,"balance":0}],"costCenter":null,"numberTemplate":{"id":"3","prefix":"","number":"38479","fullNumber":"38479","formattedNumber":"38479"}}
2021-10-04 04:01:24 :: ----------send data payment:38689------------
2021-10-04 04:01:24 :: {"date":"2021-10-04","invoices":[{"amount":"70000","id":"38689"}],"bankAccount":2}
2021-10-04 04:01:26 :: ----------result data payment:38689------------
2021-10-04 04:01:26 :: {"id":"40225","date":"2021-10-04","number":"38480","amount":"70000.0000000000","observations":null,"anotation":null,"type":"in","paymentMethod":"","status":"open","bankAccount":{"id":"2","name":"PAYU","type":"bank"},"client":{"id":"30007","name":"Isabela varela jaramillo","phone":"3007481391"},"invoices":[{"id":"38689","number":"40950","date":"2021-10-04","amount":70000,"total":70000,"balance":0}],"costCenter":null,"numberTemplate":{"id":"3","prefix":"","number":"38480","fullNumber":"38480","formattedNumber":"38480"}}
2021-10-04 04:06:12 :: ----------send data payment:38690------------
2021-10-04 04:06:12 :: {"date":"2021-10-04","invoices":[{"amount":"57000","id":"38690"}],"bankAccount":2}
2021-10-04 04:06:15 :: ----------result data payment:38690------------
2021-10-04 04:06:15 :: {"id":"40226","date":"2021-10-04","number":"38481","amount":"57000.0000000000","observations":null,"anotation":null,"type":"in","paymentMethod":"","status":"open","bankAccount":{"id":"2","name":"PAYU","type":"bank"},"client":{"id":"30008","name":"Aura Cristina Restrepo Botero","phone":"3023476375"},"invoices":[{"id":"38690","number":"40951","date":"2021-10-04","amount":57000,"total":57000,"balance":0}],"costCenter":null,"numberTemplate":{"id":"3","prefix":"","number":"38481","fullNumber":"38481","formattedNumber":"38481"}}
2021-10-04 04:07:04 :: ----------send data payment:38691------------
2021-10-04 04:07:04 :: {"date":"2021-10-04","invoices":[{"amount":"36000","id":"38691"}],"bankAccount":2}
2021-10-04 04:07:07 :: ----------result data payment:38691------------
2021-10-04 04:07:07 :: {"id":"40227","date":"2021-10-04","number":"38482","amount":"36000.0000000000","observations":null,"anotation":null,"type":"in","paymentMethod":"","status":"open","bankAccount":{"id":"2","name":"PAYU","type":"bank"},"client":{"id":"15057","name":"Claudia Ivonne Bermudez Pareja","phone":"3156160308"},"invoices":[{"id":"38691","number":"40952","date":"2021-10-04","amount":36000,"total":36000,"balance":0}],"costCenter":null,"numberTemplate":{"id":"3","prefix":"","number":"38482","fullNumber":"38482","formattedNumber":"38482"}}
2021-10-04 04:11:12 :: ----------send data payment:38692------------
2021-10-04 04:11:12 :: {"date":"2021-10-04","invoices":[{"amount":"70000","id":"38692"}],"bankAccount":2}
2021-10-04 04:11:14 :: ----------result data payment:38692------------
2021-10-04 04:11:14 :: {"id":"40228","date":"2021-10-04","number":"38483","amount":"70000.0000000000","observations":null,"anotation":null,"type":"in","paymentMethod":"","status":"open","bankAccount":{"id":"2","name":"PAYU","type":"bank"},"client":{"id":"30009","name":"Bibiana Maria Sanchez Fuentes","phone":"3112662343"},"invoices":[{"id":"38692","number":"40953","date":"2021-10-04","amount":70000,"total":70000,"balance":0}],"costCenter":null,"numberTemplate":{"id":"3","prefix":"","number":"38483","fullNumber":"38483","formattedNumber":"38483"}}
2021-10-04 04:30:10 :: ----------send data payment:38693------------
2021-10-04 04:30:10 :: {"date":"2021-10-04","invoices":[{"amount":"60000","id":"38693"}],"bankAccount":2}
2021-10-04 04:30:15 :: ----------result data payment:38693------------
2021-10-04 04:30:15 :: {"id":"40229","date":"2021-10-04","number":"38484","amount":"60000.0000000000","observations":null,"anotation":null,"type":"in","paymentMethod":"","status":"open","bankAccount":{"id":"2","name":"PAYU","type":"bank"},"client":{"id":"30010","name":"Mileidy Reinoso Cordoba","phone":"3105776696"},"invoices":[{"id":"38693","number":"40954","date":"2021-10-04","amount":60000,"total":60000,"balance":0}],"costCenter":null,"numberTemplate":{"id":"3","prefix":"","number":"38484","fullNumber":"38484","formattedNumber":"38484"}}
2021-10-04 04:31:25 :: ----------send data payment:38694------------
2021-10-04 04:31:25 :: {"date":"2021-10-04","invoices":[{"amount":"45000","id":"38694"}],"bankAccount":2}
2021-10-04 04:31:30 :: ----------result data payment:38694------------
2021-10-04 04:31:30 :: {"id":"40230","date":"2021-10-04","number":"38485","amount":"45000.0000000000","observations":null,"anotation":null,"type":"in","paymentMethod":"","status":"open","bankAccount":{"id":"2","name":"PAYU","type":"bank"},"client":{"id":"30011","name":"Lezlie Gomez","phone":"3138853849"},"invoices":[{"id":"38694","number":"40955","date":"2021-10-04","amount":45000,"total":45000,"balance":0}],"costCenter":null,"numberTemplate":{"id":"3","prefix":"","number":"38485","fullNumber":"38485","formattedNumber":"38485"}}
2021-10-04 04:37:15 :: ----------send data payment:38695------------
2021-10-04 04:37:15 :: {"date":"2021-10-04","invoices":[{"amount":"108102","id":"38695"}],"bankAccount":2}
2021-10-04 04:37:24 :: ----------result data payment:38695------------
2021-10-04 04:37:24 :: {"id":"40231","date":"2021-10-04","number":"38486","amount":"108102.0000000000","observations":null,"anotation":null,"type":"in","paymentMethod":"","status":"open","bankAccount":{"id":"2","name":"PAYU","type":"bank"},"client":{"id":"30012","name":"Maria Camila Ram\u00edrez Valero","phone":"3229438437"},"invoices":[{"id":"38695","number":"40956","date":"2021-10-04","amount":108102,"total":108102,"balance":0}],"costCenter":null,"numberTemplate":{"id":"3","prefix":"","number":"38486","fullNumber":"38486","formattedNumber":"38486"}}
2021-10-04 04:49:11 :: ----------send data payment:38696------------
2021-10-04 04:49:11 :: {"date":"2021-10-04","invoices":[{"amount":"139999","id":"38696"}],"bankAccount":2}
2021-10-04 04:49:26 :: ----------result data payment:38696------------
2021-10-04 04:49:26 :: {"id":"40232","date":"2021-10-04","number":"38487","amount":"139999.0000000000","observations":null,"anotation":null,"type":"in","paymentMethod":"","status":"open","bankAccount":{"id":"2","name":"PAYU","type":"bank"},"client":{"id":"30013","name":"smsandovalb","phone":"3114690294"},"invoices":[{"id":"38696","number":"40957","date":"2021-10-04","amount":139999,"total":139999,"balance":0}],"costCenter":null,"numberTemplate":{"id":"3","prefix":"","number":"38487","fullNumber":"38487","formattedNumber":"38487"}}
2021-10-04 04:53:26 :: ----------send data payment:38697------------
2021-10-04 04:53:26 :: {"date":"2021-10-04","invoices":[{"amount":"192999","id":"38697"}],"bankAccount":2}
2021-10-04 04:53:42 :: ----------result data payment:38697------------
2021-10-04 04:53:42 :: {"id":"40235","date":"2021-10-04","number":"38488","amount":"192999.0000000000","observations":null,"anotation":null,"type":"in","paymentMethod":"","status":"open","bankAccount":{"id":"2","name":"PAYU","type":"bank"},"client":{"id":"30014","name":"Isabel Castro","phone":"3142176488"},"invoices":[{"id":"38697","number":"40958","date":"2021-10-04","amount":192999,"total":192999,"balance":0}],"costCenter":null,"numberTemplate":{"id":"3","prefix":"","number":"38488","fullNumber":"38488","formattedNumber":"38488"}}
2021-10-04 05:23:25 :: ----------send data payment:38699------------
2021-10-04 05:23:25 :: {"date":"2021-10-04","invoices":[{"amount":"120502","id":"38699"}],"bankAccount":2}
2021-10-04 05:23:48 :: ----------result data payment:38699------------
2021-10-04 05:23:48 :: {"id":"40236","date":"2021-10-04","number":"38489","amount":"120502.0000000000","observations":null,"anotation":null,"type":"in","paymentMethod":"","status":"open","bankAccount":{"id":"2","name":"PAYU","type":"bank"},"client":{"id":"30015","name":"Angie Rojas","phone":"3178403135"},"invoices":[{"id":"38699","number":"40960","date":"2021-10-04","amount":120502,"total":120502,"balance":120502}],"costCenter":null,"numberTemplate":{"id":"3","prefix":"","number":"38489","fullNumber":"38489","formattedNumber":"38489"}}
2021-10-04 05:42:13 :: ----------send data payment:38700------------
2021-10-04 05:42:13 :: {"date":"2021-10-04","invoices":[{"amount":"49799","id":"38700"}],"bankAccount":2}
2021-10-04 05:42:21 :: ----------result data payment:38700------------
2021-10-04 05:42:21 :: {"id":"40237","date":"2021-10-04","number":"38490","amount":"49799.0000000000","observations":null,"anotation":null,"type":"in","paymentMethod":"","status":"open","bankAccount":{"id":"2","name":"PAYU","type":"bank"},"client":{"id":"28670","name":"Tatiana Forero","phone":"3132879573"},"invoices":[{"id":"38700","number":"40961","date":"2021-10-04","amount":49799,"total":49799,"balance":0}],"costCenter":null,"numberTemplate":{"id":"3","prefix":"","number":"38490","fullNumber":"38490","formattedNumber":"38490"}}
2021-10-04 05:52:09 :: ----------send data payment:38701------------
2021-10-04 05:52:09 :: {"date":"2021-10-04","invoices":[{"amount":"86000","id":"38701"}],"bankAccount":2}
2021-10-04 05:52:13 :: ----------result data payment:38701------------
2021-10-04 05:52:13 :: {"id":"40238","date":"2021-10-04","number":"38491","amount":"86000.0000000000","observations":null,"anotation":null,"type":"in","paymentMethod":"","status":"open","bankAccount":{"id":"2","name":"PAYU","type":"bank"},"client":{"id":"30016","name":"Yasmin Gallego Cardenas","phone":"3167013713"},"invoices":[{"id":"38701","number":"40962","date":"2021-10-04","amount":86000,"total":86000,"balance":0}],"costCenter":null,"numberTemplate":{"id":"3","prefix":"","number":"38491","fullNumber":"38491","formattedNumber":"38491"}}
2021-10-04 05:52:23 :: ----------send data payment:38702------------
2021-10-04 05:52:23 :: {"date":"2021-10-04","invoices":[{"amount":"139702","id":"38702"}],"bankAccount":2}
2021-10-04 05:52:30 :: ----------result data payment:38702------------
2021-10-04 05:52:30 :: {"id":"40239","date":"2021-10-04","number":"38492","amount":"139702.0000000000","observations":null,"anotation":null,"type":"in","paymentMethod":"","status":"open","bankAccount":{"id":"2","name":"PAYU","type":"bank"},"client":{"id":"2486","name":"elianavaleriasandovalarias21","phone":"3184492619"},"invoices":[{"id":"38702","number":"40963","date":"2021-10-04","amount":139702,"total":139702,"balance":0}],"costCenter":null,"numberTemplate":{"id":"3","prefix":"","number":"38492","fullNumber":"38492","formattedNumber":"38492"}}
2021-10-04 06:00:12 :: ----------send data payment:38703------------
2021-10-04 06:00:12 :: {"date":"2021-10-04","invoices":[{"amount":"97902","id":"38703"}],"bankAccount":2}
2021-10-04 06:00:16 :: ----------result data payment:38703------------
2021-10-04 06:00:16 :: {"id":"40240","date":"2021-10-04","number":"38493","amount":"97902.0000000000","observations":null,"anotation":null,"type":"in","paymentMethod":"","status":"open","bankAccount":{"id":"2","name":"PAYU","type":"bank"},"client":{"id":"30017","name":"laura cristina soto cortes","phone":"3195834368"},"invoices":[{"id":"38703","number":"40964","date":"2021-10-04","amount":97902,"total":97902,"balance":0}],"costCenter":null,"numberTemplate":{"id":"3","prefix":"","number":"38493","fullNumber":"38493","formattedNumber":"38493"}}
2021-10-04 06:03:09 :: ----------send data payment:38704------------
2021-10-04 06:03:09 :: {"date":"2021-10-04","invoices":[{"amount":"102000","id":"38704"}],"bankAccount":2}
2021-10-04 06:03:11 :: ----------result data payment:38704------------
2021-10-04 06:03:11 :: {"id":"40241","date":"2021-10-04","number":"38494","amount":"102000.0000000000","observations":null,"anotation":null,"type":"in","paymentMethod":"","status":"open","bankAccount":{"id":"2","name":"PAYU","type":"bank"},"client":{"id":"30018","name":"idaluzmg","phone":"3046027407"},"invoices":[{"id":"38704","number":"40965","date":"2021-10-04","amount":102000,"total":102000,"balance":0}],"costCenter":null,"numberTemplate":{"id":"3","prefix":"","number":"38494","fullNumber":"38494","formattedNumber":"38494"}}
2021-10-04 06:05:05 :: ----------send data payment:38705------------
2021-10-04 06:05:05 :: {"date":"2021-10-04","invoices":[{"amount":"125000","id":"38705"}],"bankAccount":2}
2021-10-04 06:05:07 :: ----------result data payment:38705------------
2021-10-04 06:05:07 :: {"id":"40242","date":"2021-10-04","number":"38495","amount":"125000.0000000000","observations":null,"anotation":null,"type":"in","paymentMethod":"","status":"open","bankAccount":{"id":"2","name":"PAYU","type":"bank"},"client":{"id":"24492","name":"Paula Andrea Salamanca Gonz\u00e1lez","phone":"3102890471"},"invoices":[{"id":"38705","number":"40966","date":"2021-10-04","amount":125000,"total":125000,"balance":0}],"costCenter":null,"numberTemplate":{"id":"3","prefix":"","number":"38495","fullNumber":"38495","formattedNumber":"38495"}}
2021-10-04 06:12:05 :: ----------send data payment:38706------------
2021-10-04 06:12:05 :: {"date":"2021-10-04","invoices":[{"amount":"270000","id":"38706"}],"bankAccount":2}
2021-10-04 06:12:07 :: ----------result data payment:38706------------
2021-10-04 06:12:07 :: {"id":"40243","date":"2021-10-04","number":"38496","amount":"270000.0000000000","observations":null,"anotation":null,"type":"in","paymentMethod":"","status":"open","bankAccount":{"id":"2","name":"PAYU","type":"bank"},"client":{"id":"30019","name":"isabel vasquez","phone":"3004531077"},"invoices":[{"id":"38706","number":"40967","date":"2021-10-04","amount":270000,"total":270000,"balance":0}],"costCenter":null,"numberTemplate":{"id":"3","prefix":"","number":"38496","fullNumber":"38496","formattedNumber":"38496"}}
2021-10-04 06:17:06 :: ----------send data payment:38707------------
2021-10-04 06:17:06 :: {"date":"2021-10-04","invoices":[{"amount":"46602","id":"38707"}],"bankAccount":2}
2021-10-04 06:17:07 :: ----------result data payment:38707------------
2021-10-04 06:17:07 :: {"id":"40244","date":"2021-10-04","number":"38497","amount":"46602.0000000000","observations":null,"anotation":null,"type":"in","paymentMethod":"","status":"open","bankAccount":{"id":"2","name":"PAYU","type":"bank"},"client":{"id":"30020","name":"Lilibet G\u00f3mez","phone":"3053009926"},"invoices":[{"id":"38707","number":"40968","date":"2021-10-04","amount":46602,"total":46602,"balance":0}],"costCenter":null,"numberTemplate":{"id":"3","prefix":"","number":"38497","fullNumber":"38497","formattedNumber":"38497"}}
2021-10-04 06:21:10 :: ----------send data payment:38708------------
2021-10-04 06:21:10 :: {"date":"2021-10-04","invoices":[{"amount":"70000","id":"38708"}],"bankAccount":2}
2021-10-04 06:21:12 :: ----------result data payment:38708------------
2021-10-04 06:21:12 :: {"id":"40245","date":"2021-10-04","number":"38498","amount":"70000.0000000000","observations":null,"anotation":null,"type":"in","paymentMethod":"","status":"open","bankAccount":{"id":"2","name":"PAYU","type":"bank"},"client":{"id":"30021","name":"Dahiana Gineth Casta\u00f1eda Bustos","phone":"3148602017"},"invoices":[{"id":"38708","number":"40969","date":"2021-10-04","amount":70000,"total":70000,"balance":0}],"costCenter":null,"numberTemplate":{"id":"3","prefix":"","number":"38498","fullNumber":"38498","formattedNumber":"38498"}}
2021-10-04 06:24:07 :: ----------send data payment:38709------------
2021-10-04 06:24:07 :: {"date":"2021-10-04","invoices":[{"amount":"61000","id":"38709"}],"bankAccount":2}
2021-10-04 06:24:08 :: ----------result data payment:38709------------
2021-10-04 06:24:08 :: {"id":"40246","date":"2021-10-04","number":"38499","amount":"61000.0000000000","observations":null,"anotation":null,"type":"in","paymentMethod":"","status":"open","bankAccount":{"id":"2","name":"PAYU","type":"bank"},"client":{"id":"30022","name":"Jessica Lorena lavao Oliveros","phone":"3115456108"},"invoices":[{"id":"38709","number":"40970","date":"2021-10-04","amount":61000,"total":61000,"balance":0}],"costCenter":null,"numberTemplate":{"id":"3","prefix":"","number":"38499","fullNumber":"38499","formattedNumber":"38499"}}
2021-10-04 06:25:16 :: ----------send data payment:38710------------
2021-10-04 06:25:16 :: {"date":"2021-10-04","invoices":[{"amount":"72000","id":"38710"}],"bankAccount":2}
2021-10-04 06:25:17 :: ----------result data payment:38710------------
2021-10-04 06:25:17 :: {"id":"40247","date":"2021-10-04","number":"38500","amount":"72000.0000000000","observations":null,"anotation":null,"type":"in","paymentMethod":"","status":"open","bankAccount":{"id":"2","name":"PAYU","type":"bank"},"client":{"id":"21480","name":"Ivonne Perea Montoya","phone":"3196684558"},"invoices":[{"id":"38710","number":"40971","date":"2021-10-04","amount":72000,"total":72000,"balance":0}],"costCenter":null,"numberTemplate":{"id":"3","prefix":"","number":"38500","fullNumber":"38500","formattedNumber":"38500"}}
2021-10-04 06:32:06 :: ----------send data payment:38711------------
2021-10-04 06:32:06 :: {"date":"2021-10-04","invoices":[{"amount":"156999","id":"38711"}],"bankAccount":2}
2021-10-04 06:32:08 :: ----------result data payment:38711------------
2021-10-04 06:32:08 :: {"id":"40248","date":"2021-10-04","number":"38501","amount":"156999.0000000000","observations":null,"anotation":null,"type":"in","paymentMethod":"","status":"open","bankAccount":{"id":"2","name":"PAYU","type":"bank"},"client":{"id":"30023","name":"Maria Paula Alarc\u00f3n Pe\u00f1a","phone":"3203422490"},"invoices":[{"id":"38711","number":"40972","date":"2021-10-04","amount":156999,"total":156999,"balance":0}],"costCenter":null,"numberTemplate":{"id":"3","prefix":"","number":"38501","fullNumber":"38501","formattedNumber":"38501"}}
2021-10-04 06:51:10 :: ----------send data payment:38712------------
2021-10-04 06:51:10 :: {"date":"2021-10-04","invoices":[{"amount":"97401","id":"38712"}],"bankAccount":2}
2021-10-04 06:51:12 :: ----------result data payment:38712------------
2021-10-04 06:51:12 :: {"id":"40249","date":"2021-10-04","number":"38502","amount":"97401.0000000000","observations":null,"anotation":null,"type":"in","paymentMethod":"","status":"open","bankAccount":{"id":"2","name":"PAYU","type":"bank"},"client":{"id":"16384","name":"Mar\u00eda Alejandra araque","phone":"3223991244"},"invoices":[{"id":"38712","number":"40973","date":"2021-10-04","amount":97401,"total":97401,"balance":0}],"costCenter":null,"numberTemplate":{"id":"3","prefix":"","number":"38502","fullNumber":"38502","formattedNumber":"38502"}}
2021-10-04 07:13:06 :: ----------send data payment:38713------------
2021-10-04 07:13:06 :: {"date":"2021-10-04","invoices":[{"amount":"76000","id":"38713"}],"bankAccount":2}
2021-10-04 07:13:07 :: ----------result data payment:38713------------
2021-10-04 07:13:07 :: {"id":"40250","date":"2021-10-04","number":"38503","amount":"76000.0000000000","observations":null,"anotation":null,"type":"in","paymentMethod":"","status":"open","bankAccount":{"id":"2","name":"PAYU","type":"bank"},"client":{"id":"30024","name":"Sara Barbosa","phone":"3125123481"},"invoices":[{"id":"38713","number":"40974","date":"2021-10-04","amount":76000,"total":76000,"balance":0}],"costCenter":null,"numberTemplate":{"id":"3","prefix":"","number":"38503","fullNumber":"38503","formattedNumber":"38503"}}
2021-10-04 07:18:05 :: ----------send data payment:38714------------
2021-10-04 07:18:05 :: {"date":"2021-10-04","invoices":[{"amount":"60000","id":"38714"}],"bankAccount":2}
2021-10-04 07:18:06 :: ----------result data payment:38714------------
2021-10-04 07:18:06 :: {"id":"40251","date":"2021-10-04","number":"38504","amount":"60000.0000000000","observations":null,"anotation":null,"type":"in","paymentMethod":"","status":"open","bankAccount":{"id":"2","name":"PAYU","type":"bank"},"client":{"id":"30025","name":"Luis Eduardo Del Portillo Guevara","phone":"3103639780"},"invoices":[{"id":"38714","number":"40975","date":"2021-10-04","amount":60000,"total":60000,"balance":0}],"costCenter":null,"numberTemplate":{"id":"3","prefix":"","number":"38504","fullNumber":"38504","formattedNumber":"38504"}}
2021-10-04 07:49:07 :: ----------send data payment:38715------------
2021-10-04 07:49:07 :: {"date":"2021-10-04","invoices":[{"amount":"195002","id":"38715"}],"bankAccount":2}
2021-10-04 07:49:08 :: ----------result data payment:38715------------
2021-10-04 07:49:08 :: {"id":"40252","date":"2021-10-04","number":"38505","amount":"195002.0000000000","observations":null,"anotation":null,"type":"in","paymentMethod":"","status":"open","bankAccount":{"id":"2","name":"PAYU","type":"bank"},"client":{"id":"30026","name":"Paola \u00c1lvarez","phone":"3002247072"},"invoices":[{"id":"38715","number":"40976","date":"2021-10-04","amount":195002,"total":195002,"balance":0}],"costCenter":null,"numberTemplate":{"id":"3","prefix":"","number":"38505","fullNumber":"38505","formattedNumber":"38505"}}
2021-10-04 07:49:09 :: ----------send data payment:38716------------
2021-10-04 07:49:09 :: {"date":"2021-10-04","invoices":[{"amount":"70000","id":"38716"}],"bankAccount":2}
2021-10-04 07:49:10 :: ----------result data payment:38716------------
2021-10-04 07:49:10 :: {"id":"40253","date":"2021-10-04","number":"38506","amount":"70000.0000000000","observations":null,"anotation":null,"type":"in","paymentMethod":"","status":"open","bankAccount":{"id":"2","name":"PAYU","type":"bank"},"client":{"id":"26607","name":"Laura Marcela M\u00e1rquez","phone":"3157616899"},"invoices":[{"id":"38716","number":"40977","date":"2021-10-04","amount":70000,"total":70000,"balance":0}],"costCenter":null,"numberTemplate":{"id":"3","prefix":"","number":"38506","fullNumber":"38506","formattedNumber":"38506"}}
2021-10-04 08:01:13 :: ----------send data payment:38717------------
2021-10-04 08:01:13 :: {"date":"2021-10-04","invoices":[{"amount":"215000","id":"38717"}],"bankAccount":2}
2021-10-04 08:01:14 :: ----------result data payment:38717------------
2021-10-04 08:01:14 :: {"id":"40254","date":"2021-10-04","number":"38507","amount":"215000.0000000000","observations":null,"anotation":null,"type":"in","paymentMethod":"","status":"open","bankAccount":{"id":"2","name":"PAYU","type":"bank"},"client":{"id":"30027","name":"mariacarel87","phone":"3143128196"},"invoices":[{"id":"38717","number":"40978","date":"2021-10-04","amount":215000,"total":215000,"balance":0}],"costCenter":null,"numberTemplate":{"id":"3","prefix":"","number":"38507","fullNumber":"38507","formattedNumber":"38507"}}
2021-10-04 08:13:07 :: ----------send data payment:38718------------
2021-10-04 08:13:07 :: {"date":"2021-10-04","invoices":[{"amount":"51000","id":"38718"}],"bankAccount":2}
2021-10-04 08:13:08 :: ----------result data payment:38718------------
2021-10-04 08:13:08 :: {"id":"40255","date":"2021-10-04","number":"38508","amount":"51000.0000000000","observations":null,"anotation":null,"type":"in","paymentMethod":"","status":"open","bankAccount":{"id":"2","name":"PAYU","type":"bank"},"client":{"id":"30028","name":"Mayerlay Hernandez","phone":"3215495613"},"invoices":[{"id":"38718","number":"40979","date":"2021-10-04","amount":51000,"total":51000,"balance":0}],"costCenter":null,"numberTemplate":{"id":"3","prefix":"","number":"38508","fullNumber":"38508","formattedNumber":"38508"}}
2021-10-04 08:34:05 :: ----------send data payment:38719------------
2021-10-04 08:34:05 :: {"date":"2021-10-04","invoices":[{"amount":"70000","id":"38719"}],"bankAccount":2}
2021-10-04 08:34:06 :: ----------result data payment:38719------------
2021-10-04 08:34:06 :: {"id":"40256","date":"2021-10-04","number":"38509","amount":"70000.0000000000","observations":null,"anotation":null,"type":"in","paymentMethod":"","status":"open","bankAccount":{"id":"2","name":"PAYU","type":"bank"},"client":{"id":"25357","name":"Gabriela Alexandra Quintero Quintero","phone":"3134835410"},"invoices":[{"id":"38719","number":"40980","date":"2021-10-04","amount":70000,"total":70000,"balance":0}],"costCenter":null,"numberTemplate":{"id":"3","prefix":"","number":"38509","fullNumber":"38509","formattedNumber":"38509"}}
2021-10-04 08:34:08 :: ----------send data payment:38720------------
2021-10-04 08:34:08 :: {"date":"2021-10-04","invoices":[{"amount":"81000","id":"38720"}],"bankAccount":2}
2021-10-04 08:34:09 :: ----------result data payment:38720------------
2021-10-04 08:34:09 :: {"id":"40257","date":"2021-10-04","number":"38510","amount":"81000.0000000000","observations":null,"anotation":null,"type":"in","paymentMethod":"","status":"open","bankAccount":{"id":"2","name":"PAYU","type":"bank"},"client":{"id":"15110","name":"Sara Luc\u00eda Charry y","phone":"3012348286"},"invoices":[{"id":"38720","number":"40981","date":"2021-10-04","amount":81000,"total":81000,"balance":0}],"costCenter":null,"numberTemplate":{"id":"3","prefix":"","number":"38510","fullNumber":"38510","formattedNumber":"38510"}}
2021-10-04 08:42:05 :: ----------send data payment:38721------------
2021-10-04 08:42:05 :: {"date":"2021-10-04","invoices":[{"amount":"65000","id":"38721"}],"bankAccount":2}
2021-10-04 08:42:06 :: ----------result data payment:38721------------
2021-10-04 08:42:06 :: {"id":"40258","date":"2021-10-04","number":"38511","amount":"65000.0000000000","observations":null,"anotation":null,"type":"in","paymentMethod":"","status":"open","bankAccount":{"id":"2","name":"PAYU","type":"bank"},"client":{"id":"30029","name":"Adriana L\u00f3pez","phone":"3044940309"},"invoices":[{"id":"38721","number":"40982","date":"2021-10-04","amount":65000,"total":65000,"balance":0}],"costCenter":null,"numberTemplate":{"id":"3","prefix":"","number":"38511","fullNumber":"38511","formattedNumber":"38511"}}
2021-10-04 08:56:10 :: ----------send data payment:38722------------
2021-10-04 08:56:10 :: {"date":"2021-10-04","invoices":[{"amount":"51000","id":"38722"}],"bankAccount":2}
2021-10-04 08:56:12 :: ----------result data payment:38722------------
2021-10-04 08:56:12 :: {"id":"40259","date":"2021-10-04","number":"38512","amount":"51000.0000000000","observations":null,"anotation":null,"type":"in","paymentMethod":"","status":"open","bankAccount":{"id":"2","name":"PAYU","type":"bank"},"client":{"id":"30030","name":"Jeniffer Robledo","phone":"3125662586"},"invoices":[{"id":"38722","number":"40983","date":"2021-10-04","amount":51000,"total":51000,"balance":0}],"costCenter":null,"numberTemplate":{"id":"3","prefix":"","number":"38512","fullNumber":"38512","formattedNumber":"38512"}}
2021-10-04 09:23:05 :: ----------send data payment:38723------------
2021-10-04 09:23:05 :: {"date":"2021-10-04","invoices":[{"amount":"292992","id":"38723"}],"bankAccount":2}
2021-10-04 09:23:07 :: ----------result data payment:38723------------
2021-10-04 09:23:07 :: {"id":"40260","date":"2021-10-04","number":"38513","amount":"292992.0000000000","observations":null,"anotation":null,"type":"in","paymentMethod":"","status":"open","bankAccount":{"id":"2","name":"PAYU","type":"bank"},"client":{"id":"30031","name":"laura carolina caicedo navas","phone":"3508827458"},"invoices":[{"id":"38723","number":"40984","date":"2021-10-04","amount":292992,"total":292992,"balance":0}],"costCenter":null,"numberTemplate":{"id":"3","prefix":"","number":"38513","fullNumber":"38513","formattedNumber":"38513"}}
2021-10-04 09:29:06 :: ----------send data payment:38724------------
2021-10-04 09:29:06 :: {"date":"2021-10-04","invoices":[{"amount":"57501","id":"38724"}],"bankAccount":2}
2021-10-04 09:29:07 :: ----------result data payment:38724------------
2021-10-04 09:29:07 :: {"id":"40261","date":"2021-10-04","number":"38514","amount":"57501.0000000000","observations":null,"anotation":null,"type":"in","paymentMethod":"","status":"open","bankAccount":{"id":"2","name":"PAYU","type":"bank"},"client":{"id":"30032","name":"Nora forero","phone":"3165318063"},"invoices":[{"id":"38724","number":"40985","date":"2021-10-04","amount":57501,"total":57501,"balance":0}],"costCenter":null,"numberTemplate":{"id":"3","prefix":"","number":"38514","fullNumber":"38514","formattedNumber":"38514"}}
2021-10-04 09:40:05 :: ----------send data payment:38725------------
2021-10-04 09:40:05 :: {"date":"2021-10-04","invoices":[{"amount":"70000","id":"38725"}],"bankAccount":2}
2021-10-04 09:40:06 :: ----------result data payment:38725------------
2021-10-04 09:40:06 :: {"id":"40262","date":"2021-10-04","number":"38515","amount":"70000.0000000000","observations":null,"anotation":null,"type":"in","paymentMethod":"","status":"open","bankAccount":{"id":"2","name":"PAYU","type":"bank"},"client":{"id":"30033","name":"Daniella Ortiz","phone":"3118324076"},"invoices":[{"id":"38725","number":"40986","date":"2021-10-04","amount":70000,"total":70000,"balance":0}],"costCenter":null,"numberTemplate":{"id":"3","prefix":"","number":"38515","fullNumber":"38515","formattedNumber":"38515"}}
2021-10-04 09:42:07 :: ----------send data payment:38726------------
2021-10-04 09:42:07 :: {"date":"2021-10-04","invoices":[{"amount":"100000","id":"38726"}],"bankAccount":2}
2021-10-04 09:42:09 :: ----------result data payment:38726------------
2021-10-04 09:42:09 :: {"id":"40263","date":"2021-10-04","number":"38516","amount":"100000.0000000000","observations":null,"anotation":null,"type":"in","paymentMethod":"","status":"open","bankAccount":{"id":"2","name":"PAYU","type":"bank"},"client":{"id":"30034","name":"Alisson Michelle","phone":"3143051055"},"invoices":[{"id":"38726","number":"40987","date":"2021-10-04","amount":100000,"total":100000,"balance":0}],"costCenter":null,"numberTemplate":{"id":"3","prefix":"","number":"38516","fullNumber":"38516","formattedNumber":"38516"}}
2021-10-04 09:54:12 :: ----------send data payment:38727------------
2021-10-04 09:54:12 :: {"date":"2021-10-04","invoices":[{"amount":"76001","id":"38727"}],"bankAccount":2}
2021-10-04 09:54:21 :: ----------result data payment:38727------------
2021-10-04 09:54:21 :: {"id":"40264","date":"2021-10-04","number":"38517","amount":"76001.0000000000","observations":null,"anotation":null,"type":"in","paymentMethod":"","status":"open","bankAccount":{"id":"2","name":"PAYU","type":"bank"},"client":{"id":"30035","name":"Lina Viveros","phone":"3178075222"},"invoices":[{"id":"38727","number":"40988","date":"2021-10-04","amount":76001,"total":76001,"balance":0}],"costCenter":null,"numberTemplate":{"id":"3","prefix":"","number":"38517","fullNumber":"38517","formattedNumber":"38517"}}
2021-10-04 09:55:07 :: ----------send data payment:38728------------
2021-10-04 09:55:07 :: {"date":"2021-10-04","invoices":[{"amount":"77000","id":"38728"}],"bankAccount":2}
2021-10-04 09:55:09 :: ----------result data payment:38728------------
2021-10-04 09:55:09 :: {"id":"40265","date":"2021-10-04","number":"38518","amount":"77000.0000000000","observations":null,"anotation":null,"type":"in","paymentMethod":"","status":"open","bankAccount":{"id":"2","name":"PAYU","type":"bank"},"client":{"id":"30036","name":"Daniela sepulveda","phone":"3128733728"},"invoices":[{"id":"38728","number":"40989","date":"2021-10-04","amount":77000,"total":77000,"balance":0}],"costCenter":null,"numberTemplate":{"id":"3","prefix":"","number":"38518","fullNumber":"38518","formattedNumber":"38518"}}
2021-10-04 10:25:11 :: ----------send data payment:38729------------
2021-10-04 10:25:11 :: {"date":"2021-10-04","invoices":[{"amount":"72000","id":"38729"}],"bankAccount":2}
2021-10-04 10:25:13 :: ----------result data payment:38729------------
2021-10-04 10:25:13 :: {"id":"40266","date":"2021-10-04","number":"38519","amount":"72000.0000000000","observations":null,"anotation":null,"type":"in","paymentMethod":"","status":"open","bankAccount":{"id":"2","name":"PAYU","type":"bank"},"client":{"id":"30037","name":"Lorena Gonzalez","phone":"3144498023"},"invoices":[{"id":"38729","number":"40990","date":"2021-10-04","amount":72000,"total":72000,"balance":0}],"costCenter":null,"numberTemplate":{"id":"3","prefix":"","number":"38519","fullNumber":"38519","formattedNumber":"38519"}}
2021-10-04 10:26:10 :: ----------send data payment:38730------------
2021-10-04 10:26:10 :: {"date":"2021-10-04","invoices":[{"amount":"53501","id":"38730"}],"bankAccount":2}
2021-10-04 10:26:11 :: ----------result data payment:38730------------
2021-10-04 10:26:11 :: {"id":"40267","date":"2021-10-04","number":"38520","amount":"53501.0000000000","observations":null,"anotation":null,"type":"in","paymentMethod":"","status":"open","bankAccount":{"id":"2","name":"PAYU","type":"bank"},"client":{"id":"30038","name":"Valentina Barragan","phone":"3126982769"},"invoices":[{"id":"38730","number":"40991","date":"2021-10-04","amount":53501,"total":53501,"balance":0}],"costCenter":null,"numberTemplate":{"id":"3","prefix":"","number":"38520","fullNumber":"38520","formattedNumber":"38520"}}
2021-10-04 11:27:05 :: ----------send data payment:38731------------
2021-10-04 11:27:05 :: {"date":"2021-10-04","invoices":[{"amount":"70000","id":"38731"}],"bankAccount":2}
2021-10-04 11:27:06 :: ----------result data payment:38731------------
2021-10-04 11:27:06 :: {"id":"40268","date":"2021-10-04","number":"38521","amount":"70000.0000000000","observations":null,"anotation":null,"type":"in","paymentMethod":"","status":"open","bankAccount":{"id":"2","name":"PAYU","type":"bank"},"client":{"id":"30039","name":"Edith Chiquiza","phone":"3103981743"},"invoices":[{"id":"38731","number":"40992","date":"2021-10-04","amount":70000,"total":70000,"balance":0}],"costCenter":null,"numberTemplate":{"id":"3","prefix":"","number":"38521","fullNumber":"38521","formattedNumber":"38521"}}
2021-10-04 11:46:10 :: ----------send data payment:38732------------
2021-10-04 11:46:10 :: {"date":"2021-10-04","invoices":[{"amount":"104000","id":"38732"}],"bankAccount":2}
2021-10-04 11:46:11 :: ----------result data payment:38732------------
2021-10-04 11:46:11 :: {"id":"40269","date":"2021-10-04","number":"38522","amount":"104000.0000000000","observations":null,"anotation":null,"type":"in","paymentMethod":"","status":"open","bankAccount":{"id":"2","name":"PAYU","type":"bank"},"client":{"id":"30040","name":"Sara Ortiz Villegas","phone":"6044172003"},"invoices":[{"id":"38732","number":"40993","date":"2021-10-04","amount":104000,"total":104000,"balance":0}],"costCenter":null,"numberTemplate":{"id":"3","prefix":"","number":"38522","fullNumber":"38522","formattedNumber":"38522"}}