
2021-11-11 06:22:05 :: ----------send data payment:41720------------
2021-11-11 06:22:05 :: {"date":"2021-11-11","invoices":[{"amount":"30000","id":"41720"}],"bankAccount":2}
2021-11-11 06:22:06 :: ----------result data payment:41720------------
2021-11-11 06:22:06 :: {"id":"43304","date":"2021-11-11","number":"41480","amount":"30000.0000000000","observations":null,"anotation":null,"type":"in","paymentMethod":"","status":"open","bankAccount":{"id":"2","name":"PAYU","type":"bank"},"client":{"id":"32278","name":"Carolina Acosta Jaramillo","phone":"3008038896"},"invoices":[{"id":"41720","number":"43981","date":"2021-11-11","amount":30000,"total":30000,"balance":0}],"costCenter":null,"numberTemplate":{"id":"3","prefix":"","number":"41480","fullNumber":"41480","formattedNumber":"41480"}}
2021-11-11 06:45:09 :: ----------send data payment:41721------------
2021-11-11 06:45:09 :: {"date":"2021-11-11","invoices":[{"amount":"125500","id":"41721"}],"bankAccount":2}
2021-11-11 06:45:11 :: ----------result data payment:41721------------
2021-11-11 06:45:11 :: {"id":"43305","date":"2021-11-11","number":"41481","amount":"125500.0000000000","observations":null,"anotation":null,"type":"in","paymentMethod":"","status":"open","bankAccount":{"id":"2","name":"PAYU","type":"bank"},"client":{"id":"7830","name":"Valentina Melo","phone":"3156164559"},"invoices":[{"id":"41721","number":"43982","date":"2021-11-11","amount":125500,"total":125500,"balance":0}],"costCenter":null,"numberTemplate":{"id":"3","prefix":"","number":"41481","fullNumber":"41481","formattedNumber":"41481"}}
2021-11-11 07:47:06 :: ----------send data payment:41722------------
2021-11-11 07:47:06 :: {"date":"2021-11-11","invoices":[{"amount":"35000","id":"41722"}],"bankAccount":2}
2021-11-11 07:47:08 :: ----------result data payment:41722------------
2021-11-11 07:47:08 :: {"id":"43306","date":"2021-11-11","number":"41482","amount":"35000.0000000000","observations":null,"anotation":null,"type":"in","paymentMethod":"","status":"open","bankAccount":{"id":"2","name":"PAYU","type":"bank"},"client":{"id":"32279","name":"Maria Camila Viana","phone":"3209243506"},"invoices":[{"id":"41722","number":"43983","date":"2021-11-11","amount":35000,"total":35000,"balance":0}],"costCenter":null,"numberTemplate":{"id":"3","prefix":"","number":"41482","fullNumber":"41482","formattedNumber":"41482"}}
2021-11-11 07:53:06 :: ----------send data payment:41723------------
2021-11-11 07:53:06 :: {"date":"2021-11-11","invoices":[{"amount":"102000","id":"41723"}],"bankAccount":2}
2021-11-11 07:53:08 :: ----------result data payment:41723------------
2021-11-11 07:53:08 :: {"id":"43307","date":"2021-11-11","number":"41483","amount":"102000.0000000000","observations":null,"anotation":null,"type":"in","paymentMethod":"","status":"open","bankAccount":{"id":"2","name":"PAYU","type":"bank"},"client":{"id":"32280","name":"Vanessa Pati\u00f1o","phone":"6015674939"},"invoices":[{"id":"41723","number":"43984","date":"2021-11-11","amount":102000,"total":102000,"balance":0}],"costCenter":null,"numberTemplate":{"id":"3","prefix":"","number":"41483","fullNumber":"41483","formattedNumber":"41483"}}
2021-11-11 08:32:06 :: ----------send data payment:41724------------
2021-11-11 08:32:06 :: {"date":"2021-11-11","invoices":[{"amount":"35000","id":"41724"}],"bankAccount":2}
2021-11-11 08:32:07 :: ----------result data payment:41724------------
2021-11-11 08:32:07 :: {"id":"43308","date":"2021-11-11","number":"41484","amount":"35000.0000000000","observations":null,"anotation":null,"type":"in","paymentMethod":"","status":"open","bankAccount":{"id":"2","name":"PAYU","type":"bank"},"client":{"id":"32281","name":"Katherine Espindol","phone":"3134848426"},"invoices":[{"id":"41724","number":"43985","date":"2021-11-11","amount":35000,"total":35000,"balance":0}],"costCenter":null,"numberTemplate":{"id":"3","prefix":"","number":"41484","fullNumber":"41484","formattedNumber":"41484"}}
2021-11-11 08:55:07 :: ----------send data payment:41725------------
2021-11-11 08:55:07 :: {"date":"2021-11-11","invoices":[{"amount":"18000","id":"41725"}],"bankAccount":2}
2021-11-11 08:55:08 :: ----------result data payment:41725------------
2021-11-11 08:55:08 :: {"id":"43309","date":"2021-11-11","number":"41485","amount":"18000.0000000000","observations":null,"anotation":null,"type":"in","paymentMethod":"","status":"open","bankAccount":{"id":"2","name":"PAYU","type":"bank"},"client":{"id":"32282","name":"Yadira Toro","phone":"3163787851"},"invoices":[{"id":"41725","number":"43986","date":"2021-11-11","amount":18000,"total":18000,"balance":0}],"costCenter":null,"numberTemplate":{"id":"3","prefix":"","number":"41485","fullNumber":"41485","formattedNumber":"41485"}}
2021-11-11 08:57:06 :: ----------send data payment:41726------------
2021-11-11 08:57:06 :: {"date":"2021-11-11","invoices":[{"amount":"90000","id":"41726"}],"bankAccount":2}
2021-11-11 08:57:07 :: ----------result data payment:41726------------
2021-11-11 08:57:07 :: {"id":"43310","date":"2021-11-11","number":"41486","amount":"90000.0000000000","observations":null,"anotation":null,"type":"in","paymentMethod":"","status":"open","bankAccount":{"id":"2","name":"PAYU","type":"bank"},"client":{"id":"32283","name":"Lorraine Lacouture","phone":"3207680856"},"invoices":[{"id":"41726","number":"43987","date":"2021-11-11","amount":90000,"total":90000,"balance":0}],"costCenter":null,"numberTemplate":{"id":"3","prefix":"","number":"41486","fullNumber":"41486","formattedNumber":"41486"}}
2021-11-11 09:30:11 :: ----------send data payment:41727------------
2021-11-11 09:30:11 :: {"date":"2021-11-11","invoices":[{"amount":"110000","id":"41727"}],"bankAccount":2}
2021-11-11 09:30:13 :: ----------result data payment:41727------------
2021-11-11 09:30:13 :: {"id":"43311","date":"2021-11-11","number":"41487","amount":"110000.0000000000","observations":null,"anotation":null,"type":"in","paymentMethod":"","status":"open","bankAccount":{"id":"2","name":"PAYU","type":"bank"},"client":{"id":"32284","name":"Bader franco saleme","phone":"3014483705"},"invoices":[{"id":"41727","number":"43988","date":"2021-11-11","amount":110000,"total":110000,"balance":0}],"costCenter":null,"numberTemplate":{"id":"3","prefix":"","number":"41487","fullNumber":"41487","formattedNumber":"41487"}}
2021-11-11 09:45:07 :: ----------send data payment:41729------------
2021-11-11 09:45:07 :: {"date":"2021-11-11","invoices":[{"amount":"100000","id":"41729"}],"bankAccount":2}
2021-11-11 09:45:08 :: ----------result data payment:41729------------
2021-11-11 09:45:08 :: {"id":"43312","date":"2021-11-11","number":"41488","amount":"100000.0000000000","observations":null,"anotation":null,"type":"in","paymentMethod":"","status":"open","bankAccount":{"id":"2","name":"PAYU","type":"bank"},"client":{"id":"32285","name":"KENY SIBAJA","phone":"3126875203"},"invoices":[{"id":"41729","number":"43990","date":"2021-11-11","amount":100000,"total":100000,"balance":0}],"costCenter":null,"numberTemplate":{"id":"3","prefix":"","number":"41488","fullNumber":"41488","formattedNumber":"41488"}}
2021-11-11 09:47:03 :: ----------send data payment:41730------------
2021-11-11 09:47:03 :: {"date":"2021-11-11","invoices":[{"amount":"96000","id":"41730"}],"bankAccount":2}
2021-11-11 09:47:06 :: ----------result data payment:41730------------
2021-11-11 09:47:06 :: {"id":"43313","date":"2021-11-11","number":"41489","amount":"96000.0000000000","observations":null,"anotation":null,"type":"in","paymentMethod":"","status":"open","bankAccount":{"id":"2","name":"PAYU","type":"bank"},"client":{"id":"14694","name":"Yenifer Camila Romero Usma","phone":"3015471332"},"invoices":[{"id":"41730","number":"43991","date":"2021-11-11","amount":96000,"total":96000,"balance":0}],"costCenter":null,"numberTemplate":{"id":"3","prefix":"","number":"41489","fullNumber":"41489","formattedNumber":"41489"}}
2021-11-11 10:38:03 :: ----------send data payment:41731------------
2021-11-11 10:38:03 :: {"date":"2021-11-11","invoices":[{"amount":"35000","id":"41731"}],"bankAccount":2}
2021-11-11 10:38:05 :: ----------result data payment:41731------------
2021-11-11 10:38:05 :: {"id":"43315","date":"2021-11-11","number":"41491","amount":"35000.0000000000","observations":null,"anotation":null,"type":"in","paymentMethod":"","status":"open","bankAccount":{"id":"2","name":"PAYU","type":"bank"},"client":{"id":"28345","name":"Anix Margarita Paba Morales","phone":"3003053871"},"invoices":[{"id":"41731","number":"43992","date":"2021-11-11","amount":35000,"total":35000,"balance":0}],"costCenter":null,"numberTemplate":{"id":"3","prefix":"","number":"41491","fullNumber":"41491","formattedNumber":"41491"}}
2021-11-11 10:43:10 :: ----------send data payment:41732------------
2021-11-11 10:43:10 :: {"date":"2021-11-11","invoices":[{"amount":"116300","id":"41732"}],"bankAccount":2}
2021-11-11 10:43:13 :: ----------result data payment:41732------------
2021-11-11 10:43:13 :: {"id":"43316","date":"2021-11-11","number":"41492","amount":"116300.0000000000","observations":null,"anotation":null,"type":"in","paymentMethod":"","status":"open","bankAccount":{"id":"2","name":"PAYU","type":"bank"},"client":{"id":"32286","name":"Laura Hederich","phone":"3184936100"},"invoices":[{"id":"41732","number":"43993","date":"2021-11-11","amount":116300,"total":116300,"balance":0}],"costCenter":null,"numberTemplate":{"id":"3","prefix":"","number":"41492","fullNumber":"41492","formattedNumber":"41492"}}
2021-11-11 10:43:17 :: ----------send data payment:41733------------
2021-11-11 10:43:17 :: {"date":"2021-11-11","invoices":[{"amount":"80000","id":"41733"}],"bankAccount":2}
2021-11-11 10:43:18 :: ----------result data payment:41733------------
2021-11-11 10:43:18 :: {"id":"43317","date":"2021-11-11","number":"41493","amount":"80000.0000000000","observations":null,"anotation":null,"type":"in","paymentMethod":"","status":"open","bankAccount":{"id":"2","name":"PAYU","type":"bank"},"client":{"id":"32287","name":"Eneida Puerta","phone":"3043572998"},"invoices":[{"id":"41733","number":"43994","date":"2021-11-11","amount":80000,"total":80000,"balance":0}],"costCenter":null,"numberTemplate":{"id":"3","prefix":"","number":"41493","fullNumber":"41493","formattedNumber":"41493"}}
2021-11-11 11:22:11 :: ----------send data payment:41734------------
2021-11-11 11:22:11 :: {"date":"2021-11-11","invoices":[{"amount":"70000","id":"41734"}],"bankAccount":2}
2021-11-11 11:22:12 :: ----------result data payment:41734------------
2021-11-11 11:22:12 :: {"id":"43318","date":"2021-11-11","number":"41494","amount":"70000.0000000000","observations":null,"anotation":null,"type":"in","paymentMethod":"","status":"open","bankAccount":{"id":"2","name":"PAYU","type":"bank"},"client":{"id":"32288","name":"Yuli Fernanda Silva","phone":"3144085632"},"invoices":[{"id":"41734","number":"43995","date":"2021-11-11","amount":70000,"total":70000,"balance":0}],"costCenter":null,"numberTemplate":{"id":"3","prefix":"","number":"41494","fullNumber":"41494","formattedNumber":"41494"}}
2021-11-11 11:28:09 :: ----------send data payment:41735------------
2021-11-11 11:28:09 :: {"date":"2021-11-11","invoices":[{"amount":"108000","id":"41735"}],"bankAccount":2}
2021-11-11 11:28:11 :: ----------result data payment:41735------------
2021-11-11 11:28:11 :: {"id":"43319","date":"2021-11-11","number":"41495","amount":"108000.0000000000","observations":null,"anotation":null,"type":"in","paymentMethod":"","status":"open","bankAccount":{"id":"2","name":"PAYU","type":"bank"},"client":{"id":"32289","name":"Erika Castillo","phone":"3014544067"},"invoices":[{"id":"41735","number":"43996","date":"2021-11-11","amount":108000,"total":108000,"balance":0}],"costCenter":null,"numberTemplate":{"id":"3","prefix":"","number":"41495","fullNumber":"41495","formattedNumber":"41495"}}
2021-11-11 11:34:21 :: ----------send data payment:41736------------
2021-11-11 11:34:21 :: {"date":"2021-11-11","invoices":[{"amount":"70000","id":"41736"}],"bankAccount":2}
2021-11-11 11:34:23 :: ----------result data payment:41736------------
2021-11-11 11:34:23 :: {"id":"43320","date":"2021-11-11","number":"41496","amount":"70000.0000000000","observations":null,"anotation":null,"type":"in","paymentMethod":"","status":"open","bankAccount":{"id":"2","name":"PAYU","type":"bank"},"client":{"id":"32290","name":"Mar\u00eda Mercedes Chamorro Ascuntar","phone":"3117347231"},"invoices":[{"id":"41736","number":"43997","date":"2021-11-11","amount":70000,"total":70000,"balance":0}],"costCenter":null,"numberTemplate":{"id":"3","prefix":"","number":"41496","fullNumber":"41496","formattedNumber":"41496"}}
2021-11-11 11:55:06 :: ----------send data payment:41737------------
2021-11-11 11:55:06 :: {"date":"2021-11-11","invoices":[{"amount":"170001","id":"41737"}],"bankAccount":2}
2021-11-11 11:55:09 :: ----------result data payment:41737------------
2021-11-11 11:55:09 :: {"id":"43321","date":"2021-11-11","number":"41497","amount":"170001.0000000000","observations":null,"anotation":null,"type":"in","paymentMethod":"","status":"open","bankAccount":{"id":"2","name":"PAYU","type":"bank"},"client":{"id":"32291","name":"Marisol \u00c1lvarez Aristizabal","phone":"3008702556"},"invoices":[{"id":"41737","number":"43998","date":"2021-11-11","amount":170001,"total":170001,"balance":0}],"costCenter":null,"numberTemplate":{"id":"3","prefix":"","number":"41497","fullNumber":"41497","formattedNumber":"41497"}}
2021-11-11 12:06:13 :: ----------send data payment:41738------------
2021-11-11 12:06:13 :: {"date":"2021-11-11","invoices":[{"amount":"70000","id":"41738"}],"bankAccount":2}
2021-11-11 12:06:15 :: ----------result data payment:41738------------
2021-11-11 12:06:15 :: {"id":"43322","date":"2021-11-11","number":"41498","amount":"70000.0000000000","observations":null,"anotation":null,"type":"in","paymentMethod":"","status":"open","bankAccount":{"id":"2","name":"PAYU","type":"bank"},"client":{"id":"32292","name":"Mariana Garc\u00e9s","phone":"3147941244"},"invoices":[{"id":"41738","number":"43999","date":"2021-11-11","amount":70000,"total":70000,"balance":0}],"costCenter":null,"numberTemplate":{"id":"3","prefix":"","number":"41498","fullNumber":"41498","formattedNumber":"41498"}}
2021-11-11 12:20:21 :: ----------send data payment:41739------------
2021-11-11 12:20:21 :: {"date":"2021-11-11","invoices":[{"amount":"90000","id":"41739"}],"bankAccount":2}
2021-11-11 12:20:24 :: ----------result data payment:41739------------
2021-11-11 12:20:24 :: {"id":"43323","date":"2021-11-11","number":"41499","amount":"90000.0000000000","observations":null,"anotation":null,"type":"in","paymentMethod":"","status":"open","bankAccount":{"id":"2","name":"PAYU","type":"bank"},"client":{"id":"32293","name":"Tatiana Le\u00f3n","phone":"3233709235"},"invoices":[{"id":"41739","number":"44000","date":"2021-11-11","amount":90000,"total":90000,"balance":0}],"costCenter":null,"numberTemplate":{"id":"3","prefix":"","number":"41499","fullNumber":"41499","formattedNumber":"41499"}}
2021-11-11 12:30:18 :: ----------send data payment:41740------------
2021-11-11 12:30:18 :: {"date":"2021-11-11","invoices":[{"amount":"106000","id":"41740"}],"bankAccount":2}
2021-11-11 12:30:47 :: ----------result data payment:41740------------
2021-11-11 12:30:47 :: {"message": "Endpoint request timed out"}
2021-11-11 12:47:05 :: ----------send data payment:41741------------
2021-11-11 12:47:05 :: {"date":"2021-11-11","invoices":[{"amount":"120000","id":"41741"}],"bankAccount":2}
2021-11-11 12:47:06 :: ----------result data payment:41741------------
2021-11-11 12:47:06 :: {"id":"43326","date":"2021-11-11","number":"41500","amount":"120000.0000000000","observations":null,"anotation":null,"type":"in","paymentMethod":"","status":"open","bankAccount":{"id":"2","name":"PAYU","type":"bank"},"client":{"id":"32295","name":"Karmi\u00f1a P\u00e9rez","phone":"3104187829"},"invoices":[{"id":"41741","number":"44002","date":"2021-11-11","amount":120000,"total":120000,"balance":0}],"costCenter":null,"numberTemplate":{"id":"3","prefix":"","number":"41500","fullNumber":"41500","formattedNumber":"41500"}}
2021-11-11 12:49:04 :: ----------send data payment:41742------------
2021-11-11 12:49:04 :: {"date":"2021-11-11","invoices":[{"amount":"101000","id":"41742"}],"bankAccount":2}
2021-11-11 12:49:06 :: ----------result data payment:41742------------
2021-11-11 12:49:06 :: {"id":"43327","date":"2021-11-11","number":"41501","amount":"101000.0000000000","observations":null,"anotation":null,"type":"in","paymentMethod":"","status":"open","bankAccount":{"id":"2","name":"PAYU","type":"bank"},"client":{"id":"27042","name":"Karol Daniela Cuadrado Molina","phone":"3137891208"},"invoices":[{"id":"41742","number":"44003","date":"2021-11-11","amount":101000,"total":101000,"balance":0}],"costCenter":null,"numberTemplate":{"id":"3","prefix":"","number":"41501","fullNumber":"41501","formattedNumber":"41501"}}
2021-11-11 12:53:05 :: ----------send data payment:41743------------
2021-11-11 12:53:05 :: {"date":"2021-11-11","invoices":[{"amount":"59999","id":"41743"}],"bankAccount":2}
2021-11-11 12:53:07 :: ----------result data payment:41743------------
2021-11-11 12:53:07 :: {"id":"43328","date":"2021-11-11","number":"41502","amount":"59999.0000000000","observations":null,"anotation":null,"type":"in","paymentMethod":"","status":"open","bankAccount":{"id":"2","name":"PAYU","type":"bank"},"client":{"id":"32296","name":"Ingrid Sanchez Pire","phone":"3134799263"},"invoices":[{"id":"41743","number":"44004","date":"2021-11-11","amount":59999,"total":59999,"balance":0}],"costCenter":null,"numberTemplate":{"id":"3","prefix":"","number":"41502","fullNumber":"41502","formattedNumber":"41502"}}
2021-11-11 12:55:06 :: ----------send data payment:41744------------
2021-11-11 12:55:06 :: {"date":"2021-11-11","invoices":[{"amount":"31000","id":"41744"}],"bankAccount":2}
2021-11-11 12:55:07 :: ----------result data payment:41744------------
2021-11-11 12:55:07 :: {"id":"43329","date":"2021-11-11","number":"41503","amount":"31000.0000000000","observations":null,"anotation":null,"type":"in","paymentMethod":"","status":"open","bankAccount":{"id":"2","name":"PAYU","type":"bank"},"client":{"id":"32297","name":"Lucrecia Quiroz","phone":"3016122089"},"invoices":[{"id":"41744","number":"44005","date":"2021-11-11","amount":31000,"total":31000,"balance":0}],"costCenter":null,"numberTemplate":{"id":"3","prefix":"","number":"41503","fullNumber":"41503","formattedNumber":"41503"}}
2021-11-11 01:07:04 :: ----------send data payment:41745------------
2021-11-11 01:07:04 :: {"date":"2021-11-11","invoices":[{"amount":"197000","id":"41745"}],"bankAccount":2}
2021-11-11 01:07:07 :: ----------result data payment:41745------------
2021-11-11 01:07:07 :: {"id":"43330","date":"2021-11-11","number":"41504","amount":"197000.0000000000","observations":null,"anotation":null,"type":"in","paymentMethod":"","status":"open","bankAccount":{"id":"2","name":"PAYU","type":"bank"},"client":{"id":"32141","name":"Jakeline Acevedo","phone":"3046017802"},"invoices":[{"id":"41745","number":"44006","date":"2021-11-11","amount":197000,"total":197000,"balance":0}],"costCenter":null,"numberTemplate":{"id":"3","prefix":"","number":"41504","fullNumber":"41504","formattedNumber":"41504"}}
2021-11-11 01:13:06 :: ----------send data payment:41746------------
2021-11-11 01:13:06 :: {"date":"2021-11-11","invoices":[{"amount":"100000","id":"41746"}],"bankAccount":2}
2021-11-11 01:13:07 :: ----------result data payment:41746------------
2021-11-11 01:13:07 :: {"id":"43331","date":"2021-11-11","number":"41505","amount":"100000.0000000000","observations":null,"anotation":null,"type":"in","paymentMethod":"","status":"open","bankAccount":{"id":"2","name":"PAYU","type":"bank"},"client":{"id":"32298","name":"davila_p","phone":"3142903160"},"invoices":[{"id":"41746","number":"44007","date":"2021-11-11","amount":100000,"total":100000,"balance":0}],"costCenter":null,"numberTemplate":{"id":"3","prefix":"","number":"41505","fullNumber":"41505","formattedNumber":"41505"}}
2021-11-11 01:20:06 :: ----------send data payment:41747------------
2021-11-11 01:20:06 :: {"date":"2021-11-11","invoices":[{"amount":"90000","id":"41747"}],"bankAccount":2}
2021-11-11 01:20:07 :: ----------result data payment:41747------------
2021-11-11 01:20:07 :: {"id":"43332","date":"2021-11-11","number":"41506","amount":"90000.0000000000","observations":null,"anotation":null,"type":"in","paymentMethod":"","status":"open","bankAccount":{"id":"2","name":"PAYU","type":"bank"},"client":{"id":"32299","name":"jennifer bernal uribe","phone":"3182063659"},"invoices":[{"id":"41747","number":"44008","date":"2021-11-11","amount":90000,"total":90000,"balance":0}],"costCenter":null,"numberTemplate":{"id":"3","prefix":"","number":"41506","fullNumber":"41506","formattedNumber":"41506"}}
2021-11-11 01:20:10 :: ----------send data payment:41748------------
2021-11-11 01:20:10 :: {"date":"2021-11-11","invoices":[{"amount":"90000","id":"41748"}],"bankAccount":2}
2021-11-11 01:20:11 :: ----------result data payment:41748------------
2021-11-11 01:20:11 :: {"id":"43333","date":"2021-11-11","number":"41507","amount":"90000.0000000000","observations":null,"anotation":null,"type":"in","paymentMethod":"","status":"open","bankAccount":{"id":"2","name":"PAYU","type":"bank"},"client":{"id":"32300","name":"Sandra Yamile Sanabria Sierra","phone":"3104847848"},"invoices":[{"id":"41748","number":"44009","date":"2021-11-11","amount":90000,"total":90000,"balance":0}],"costCenter":null,"numberTemplate":{"id":"3","prefix":"","number":"41507","fullNumber":"41507","formattedNumber":"41507"}}
2021-11-11 01:25:06 :: ----------send data payment:41749------------
2021-11-11 01:25:06 :: {"date":"2021-11-11","invoices":[{"amount":"50000","id":"41749"}],"bankAccount":2}
2021-11-11 01:25:07 :: ----------result data payment:41749------------
2021-11-11 01:25:07 :: {"id":"43334","date":"2021-11-11","number":"41508","amount":"50000.0000000000","observations":null,"anotation":null,"type":"in","paymentMethod":"","status":"open","bankAccount":{"id":"2","name":"PAYU","type":"bank"},"client":{"id":"32301","name":"Monica Camargo","phone":"3142353812"},"invoices":[{"id":"41749","number":"44010","date":"2021-11-11","amount":50000,"total":50000,"balance":0}],"costCenter":null,"numberTemplate":{"id":"3","prefix":"","number":"41508","fullNumber":"41508","formattedNumber":"41508"}}
2021-11-11 01:41:15 :: ----------send data payment:41750------------
2021-11-11 01:41:15 :: {"date":"2021-11-11","invoices":[{"amount":"285501","id":"41750"}],"bankAccount":2}
2021-11-11 01:41:17 :: ----------result data payment:41750------------
2021-11-11 01:41:17 :: {"id":"43335","date":"2021-11-11","number":"41509","amount":"285501.0000000000","observations":null,"anotation":null,"type":"in","paymentMethod":"","status":"open","bankAccount":{"id":"2","name":"PAYU","type":"bank"},"client":{"id":"26007","name":"Mariana Holguin Arango","phone":"3113224450"},"invoices":[{"id":"41750","number":"44011","date":"2021-11-11","amount":285501,"total":285501,"balance":0}],"costCenter":null,"numberTemplate":{"id":"3","prefix":"","number":"41509","fullNumber":"41509","formattedNumber":"41509"}}
2021-11-11 01:47:10 :: ----------send data payment:41751------------
2021-11-11 01:47:10 :: {"date":"2021-11-11","invoices":[{"amount":"103901","id":"41751"}],"bankAccount":2}
2021-11-11 01:47:11 :: ----------result data payment:41751------------
2021-11-11 01:47:11 :: {"id":"43336","date":"2021-11-11","number":"41510","amount":"103901.0000000000","observations":null,"anotation":null,"type":"in","paymentMethod":"","status":"open","bankAccount":{"id":"2","name":"PAYU","type":"bank"},"client":{"id":"32302","name":"Ana Mar\u00eda chona","phone":"3197533638"},"invoices":[{"id":"41751","number":"44012","date":"2021-11-11","amount":103901,"total":103901,"balance":0}],"costCenter":null,"numberTemplate":{"id":"3","prefix":"","number":"41510","fullNumber":"41510","formattedNumber":"41510"}}
2021-11-11 01:48:08 :: ----------send data payment:41752------------
2021-11-11 01:48:08 :: {"date":"2021-11-11","invoices":[{"amount":"108000","id":"41752"}],"bankAccount":2}
2021-11-11 01:48:09 :: ----------result data payment:41752------------
2021-11-11 01:48:09 :: {"id":"43337","date":"2021-11-11","number":"41511","amount":"108000.0000000000","observations":null,"anotation":null,"type":"in","paymentMethod":"","status":"open","bankAccount":{"id":"2","name":"PAYU","type":"bank"},"client":{"id":"32303","name":"M\u00f3nica Alejandra Archila","phone":"3006563538"},"invoices":[{"id":"41752","number":"44013","date":"2021-11-11","amount":108000,"total":108000,"balance":0}],"costCenter":null,"numberTemplate":{"id":"3","prefix":"","number":"41511","fullNumber":"41511","formattedNumber":"41511"}}
2021-11-11 01:55:08 :: ----------send data payment:41753------------
2021-11-11 01:55:08 :: {"date":"2021-11-11","invoices":[{"amount":"100000","id":"41753"}],"bankAccount":2}
2021-11-11 01:55:09 :: ----------result data payment:41753------------
2021-11-11 01:55:09 :: {"id":"43338","date":"2021-11-11","number":"41512","amount":"100000.0000000000","observations":null,"anotation":null,"type":"in","paymentMethod":"","status":"open","bankAccount":{"id":"2","name":"PAYU","type":"bank"},"client":{"id":"32304","name":"Johana Torres Camacho","phone":"3045653525"},"invoices":[{"id":"41753","number":"44014","date":"2021-11-11","amount":100000,"total":100000,"balance":0}],"costCenter":null,"numberTemplate":{"id":"3","prefix":"","number":"41512","fullNumber":"41512","formattedNumber":"41512"}}
2021-11-11 02:18:06 :: ----------send data payment:41754------------
2021-11-11 02:18:06 :: {"date":"2021-11-11","invoices":[{"amount":"94650","id":"41754"}],"bankAccount":2}
2021-11-11 02:18:07 :: ----------result data payment:41754------------
2021-11-11 02:18:07 :: {"id":"43339","date":"2021-11-11","number":"41513","amount":"94650.0000000000","observations":null,"anotation":null,"type":"in","paymentMethod":"","status":"open","bankAccount":{"id":"2","name":"PAYU","type":"bank"},"client":{"id":"32305","name":"Aileen perez","phone":"3043647417"},"invoices":[{"id":"41754","number":"44015","date":"2021-11-11","amount":94650,"total":94650,"balance":0}],"costCenter":null,"numberTemplate":{"id":"3","prefix":"","number":"41513","fullNumber":"41513","formattedNumber":"41513"}}
2021-11-11 02:43:06 :: ----------send data payment:41755------------
2021-11-11 02:43:06 :: {"date":"2021-11-11","invoices":[{"amount":"40000","id":"41755"}],"bankAccount":2}
2021-11-11 02:43:08 :: ----------result data payment:41755------------
2021-11-11 02:43:08 :: {"id":"43340","date":"2021-11-11","number":"41514","amount":"40000.0000000000","observations":null,"anotation":null,"type":"in","paymentMethod":"","status":"open","bankAccount":{"id":"2","name":"PAYU","type":"bank"},"client":{"id":"32306","name":"anggie carolina silva ortiz","phone":"3215206167"},"invoices":[{"id":"41755","number":"44016","date":"2021-11-11","amount":40000,"total":40000,"balance":0}],"costCenter":null,"numberTemplate":{"id":"3","prefix":"","number":"41514","fullNumber":"41514","formattedNumber":"41514"}}
2021-11-11 02:51:11 :: ----------send data payment:41756------------
2021-11-11 02:51:11 :: {"date":"2021-11-11","invoices":[{"amount":"90000","id":"41756"}],"bankAccount":2}
2021-11-11 02:51:13 :: ----------result data payment:41756------------
2021-11-11 02:51:13 :: {"id":"43341","date":"2021-11-11","number":"41515","amount":"90000.0000000000","observations":null,"anotation":null,"type":"in","paymentMethod":"","status":"open","bankAccount":{"id":"2","name":"PAYU","type":"bank"},"client":{"id":"32307","name":"Camila G\u00f3mez","phone":"3224660"},"invoices":[{"id":"41756","number":"44017","date":"2021-11-11","amount":90000,"total":90000,"balance":0}],"costCenter":null,"numberTemplate":{"id":"3","prefix":"","number":"41515","fullNumber":"41515","formattedNumber":"41515"}}
2021-11-11 03:55:06 :: ----------send data payment:41757------------
2021-11-11 03:55:06 :: {"date":"2021-11-11","invoices":[{"amount":"102001","id":"41757"}],"bankAccount":2}
2021-11-11 03:55:09 :: ----------result data payment:41757------------
2021-11-11 03:55:09 :: {"id":"43343","date":"2021-11-11","number":"41516","amount":"102001.0000000000","observations":null,"anotation":null,"type":"in","paymentMethod":"","status":"open","bankAccount":{"id":"2","name":"PAYU","type":"bank"},"client":{"id":"32308","name":"Andreina Pati\u00f1o","phone":"3155909511"},"invoices":[{"id":"41757","number":"44018","date":"2021-11-11","amount":102001,"total":102001,"balance":0}],"costCenter":null,"numberTemplate":{"id":"3","prefix":"","number":"41516","fullNumber":"41516","formattedNumber":"41516"}}
2021-11-11 03:59:04 :: ----------send data payment:41758------------
2021-11-11 03:59:04 :: {"date":"2021-11-11","invoices":[{"amount":"100000","id":"41758"}],"bankAccount":2}
2021-11-11 03:59:05 :: ----------result data payment:41758------------
2021-11-11 03:59:05 :: {"id":"43344","date":"2021-11-11","number":"41517","amount":"100000.0000000000","observations":null,"anotation":null,"type":"in","paymentMethod":"","status":"open","bankAccount":{"id":"2","name":"PAYU","type":"bank"},"client":{"id":"20620","name":"Silvia Carolina Torres Socha","phone":"3106687642"},"invoices":[{"id":"41758","number":"44019","date":"2021-11-11","amount":100000,"total":100000,"balance":0}],"costCenter":null,"numberTemplate":{"id":"3","prefix":"","number":"41517","fullNumber":"41517","formattedNumber":"41517"}}
2021-11-11 04:00:14 :: ----------send data payment:41759------------
2021-11-11 04:00:14 :: {"date":"2021-11-11","invoices":[{"amount":"108000","id":"41759"}],"bankAccount":2}
2021-11-11 04:00:15 :: ----------result data payment:41759------------
2021-11-11 04:00:15 :: {"id":"43345","date":"2021-11-11","number":"41518","amount":"108000.0000000000","observations":null,"anotation":null,"type":"in","paymentMethod":"","status":"open","bankAccount":{"id":"2","name":"PAYU","type":"bank"},"client":{"id":"32309","name":"Mar\u00eda Gal\u00e1n","phone":"3134487594"},"invoices":[{"id":"41759","number":"44020","date":"2021-11-11","amount":108000,"total":108000,"balance":0}],"costCenter":null,"numberTemplate":{"id":"3","prefix":"","number":"41518","fullNumber":"41518","formattedNumber":"41518"}}
2021-11-11 04:13:06 :: ----------send data payment:41760------------
2021-11-11 04:13:06 :: {"date":"2021-11-11","invoices":[{"amount":"70000","id":"41760"}],"bankAccount":2}
2021-11-11 04:13:08 :: ----------result data payment:41760------------
2021-11-11 04:13:08 :: {"id":"43346","date":"2021-11-11","number":"41519","amount":"70000.0000000000","observations":null,"anotation":null,"type":"in","paymentMethod":"","status":"open","bankAccount":{"id":"2","name":"PAYU","type":"bank"},"client":{"id":"32310","name":"Martha Bravo","phone":"0319357304"},"invoices":[{"id":"41760","number":"44021","date":"2021-11-11","amount":70000,"total":70000,"balance":0}],"costCenter":null,"numberTemplate":{"id":"3","prefix":"","number":"41519","fullNumber":"41519","formattedNumber":"41519"}}
2021-11-11 04:32:07 :: ----------send data payment:41762------------
2021-11-11 04:32:07 :: {"date":"2021-11-11","invoices":[{"amount":"35000","id":"41762"}],"bankAccount":2}
2021-11-11 04:32:08 :: ----------result data payment:41762------------
2021-11-11 04:32:08 :: {"id":"43348","date":"2021-11-11","number":"41521","amount":"35000.0000000000","observations":null,"anotation":null,"type":"in","paymentMethod":"","status":"open","bankAccount":{"id":"2","name":"PAYU","type":"bank"},"client":{"id":"32311","name":"Luz Mogollon","phone":"3233214004"},"invoices":[{"id":"41762","number":"44023","date":"2021-11-11","amount":35000,"total":35000,"balance":0}],"costCenter":null,"numberTemplate":{"id":"3","prefix":"","number":"41521","fullNumber":"41521","formattedNumber":"41521"}}
2021-11-11 05:07:03 :: ----------send data payment:41764------------
2021-11-11 05:07:03 :: {"date":"2021-11-11","invoices":[{"amount":"100000","id":"41764"}],"bankAccount":2}
2021-11-11 05:07:05 :: ----------result data payment:41764------------
2021-11-11 05:07:05 :: {"id":"43350","date":"2021-11-11","number":"41522","amount":"100000.0000000000","observations":null,"anotation":null,"type":"in","paymentMethod":"","status":"open","bankAccount":{"id":"2","name":"PAYU","type":"bank"},"client":{"id":"31824","name":"opescorcia1912","phone":"3022073277"},"invoices":[{"id":"41764","number":"44025","date":"2021-11-11","amount":100000,"total":100000,"balance":0}],"costCenter":null,"numberTemplate":{"id":"3","prefix":"","number":"41522","fullNumber":"41522","formattedNumber":"41522"}}
2021-11-11 05:21:09 :: ----------send data payment:41765------------
2021-11-11 05:21:09 :: {"date":"2021-11-11","invoices":[{"amount":"57000","id":"41765"}],"bankAccount":2}
2021-11-11 05:21:11 :: ----------result data payment:41765------------
2021-11-11 05:21:11 :: {"id":"43352","date":"2021-11-11","number":"41524","amount":"57000.0000000000","observations":null,"anotation":null,"type":"in","paymentMethod":"","status":"open","bankAccount":{"id":"2","name":"PAYU","type":"bank"},"client":{"id":"32312","name":"Nathaly Morera Abella","phone":"3002567905"},"invoices":[{"id":"41765","number":"44026","date":"2021-11-11","amount":57000,"total":57000,"balance":0}],"costCenter":null,"numberTemplate":{"id":"3","prefix":"","number":"41524","fullNumber":"41524","formattedNumber":"41524"}}
2021-11-11 05:32:07 :: ----------send data payment:41767------------
2021-11-11 05:32:07 :: {"date":"2021-11-11","invoices":[{"amount":"66000","id":"41767"}],"bankAccount":2}
2021-11-11 05:32:08 :: ----------result data payment:41767------------
2021-11-11 05:32:08 :: {"id":"43353","date":"2021-11-11","number":"41525","amount":"66000.0000000000","observations":null,"anotation":null,"type":"in","paymentMethod":"","status":"open","bankAccount":{"id":"2","name":"PAYU","type":"bank"},"client":{"id":"32313","name":"Rosa Baldovino","phone":"3016536727"},"invoices":[{"id":"41767","number":"44028","date":"2021-11-11","amount":66000,"total":66000,"balance":0}],"costCenter":null,"numberTemplate":{"id":"3","prefix":"","number":"41525","fullNumber":"41525","formattedNumber":"41525"}}
2021-11-11 05:33:06 :: ----------send data payment:41768------------
2021-11-11 05:33:06 :: {"date":"2021-11-11","invoices":[{"amount":"41000","id":"41768"}],"bankAccount":2}
2021-11-11 05:33:07 :: ----------result data payment:41768------------
2021-11-11 05:33:07 :: {"id":"43354","date":"2021-11-11","number":"41526","amount":"41000.0000000000","observations":null,"anotation":null,"type":"in","paymentMethod":"","status":"open","bankAccount":{"id":"2","name":"PAYU","type":"bank"},"client":{"id":"32314","name":"Cynthia Vanessa Lopez LOSADA","phone":"3137489706"},"invoices":[{"id":"41768","number":"44029","date":"2021-11-11","amount":41000,"total":41000,"balance":0}],"costCenter":null,"numberTemplate":{"id":"3","prefix":"","number":"41526","fullNumber":"41526","formattedNumber":"41526"}}
2021-11-11 05:37:04 :: ----------send data payment:41769------------
2021-11-11 05:37:04 :: {"date":"2021-11-11","invoices":[{"amount":"90000","id":"41769"}],"bankAccount":2}
2021-11-11 05:37:06 :: ----------result data payment:41769------------
2021-11-11 05:37:06 :: {"id":"43356","date":"2021-11-11","number":"41527","amount":"90000.0000000000","observations":null,"anotation":null,"type":"in","paymentMethod":"","status":"open","bankAccount":{"id":"2","name":"PAYU","type":"bank"},"client":{"id":"32315","name":"Siry romero","phone":"3166265489"},"invoices":[{"id":"41769","number":"44030","date":"2021-11-11","amount":90000,"total":90000,"balance":0}],"costCenter":null,"numberTemplate":{"id":"3","prefix":"","number":"41527","fullNumber":"41527","formattedNumber":"41527"}}
2021-11-11 05:44:05 :: ----------send data payment:41771------------
2021-11-11 05:44:05 :: {"date":"2021-11-11","invoices":[{"amount":"101000","id":"41771"}],"bankAccount":2}
2021-11-11 05:44:07 :: ----------result data payment:41771------------
2021-11-11 05:44:07 :: {"id":"43358","date":"2021-11-11","number":"41529","amount":"101000.0000000000","observations":null,"anotation":null,"type":"in","paymentMethod":"","status":"open","bankAccount":{"id":"2","name":"PAYU","type":"bank"},"client":{"id":"25859","name":"Carolina Franco Villa","phone":"3137456370"},"invoices":[{"id":"41771","number":"44032","date":"2021-11-11","amount":101000,"total":101000,"balance":0}],"costCenter":null,"numberTemplate":{"id":"3","prefix":"","number":"41529","fullNumber":"41529","formattedNumber":"41529"}}
2021-11-11 05:57:03 :: ----------send data payment:41772------------
2021-11-11 05:57:03 :: {"date":"2021-11-11","invoices":[{"amount":"70000","id":"41772"}],"bankAccount":2}
2021-11-11 05:57:04 :: ----------result data payment:41772------------
2021-11-11 05:57:04 :: {"id":"43359","date":"2021-11-11","number":"41530","amount":"70000.0000000000","observations":null,"anotation":null,"type":"in","paymentMethod":"","status":"open","bankAccount":{"id":"2","name":"PAYU","type":"bank"},"client":{"id":"30390","name":"Sandra Milena Zorio","phone":"300474756"},"invoices":[{"id":"41772","number":"44033","date":"2021-11-11","amount":70000,"total":70000,"balance":0}],"costCenter":null,"numberTemplate":{"id":"3","prefix":"","number":"41530","fullNumber":"41530","formattedNumber":"41530"}}
2021-11-11 06:05:06 :: ----------send data payment:41773------------
2021-11-11 06:05:06 :: {"date":"2021-11-11","invoices":[{"amount":"122000","id":"41773"}],"bankAccount":2}
2021-11-11 06:05:07 :: ----------result data payment:41773------------
2021-11-11 06:05:07 :: {"id":"43360","date":"2021-11-11","number":"41531","amount":"122000.0000000000","observations":null,"anotation":null,"type":"in","paymentMethod":"","status":"open","bankAccount":{"id":"2","name":"PAYU","type":"bank"},"client":{"id":"32316","name":"Paola Andrea Rivas Jara","phone":"3217562867"},"invoices":[{"id":"41773","number":"44034","date":"2021-11-11","amount":122000,"total":122000,"balance":0}],"costCenter":null,"numberTemplate":{"id":"3","prefix":"","number":"41531","fullNumber":"41531","formattedNumber":"41531"}}
2021-11-11 06:05:11 :: ----------send data payment:41774------------
2021-11-11 06:05:11 :: {"date":"2021-11-11","invoices":[{"amount":"52000","id":"41774"}],"bankAccount":2}
2021-11-11 06:05:12 :: ----------result data payment:41774------------
2021-11-11 06:05:12 :: {"id":"43361","date":"2021-11-11","number":"41532","amount":"52000.0000000000","observations":null,"anotation":null,"type":"in","paymentMethod":"","status":"open","bankAccount":{"id":"2","name":"PAYU","type":"bank"},"client":{"id":"32317","name":"Gina Manotas","phone":"3012096650"},"invoices":[{"id":"41774","number":"44035","date":"2021-11-11","amount":52000,"total":52000,"balance":0}],"costCenter":null,"numberTemplate":{"id":"3","prefix":"","number":"41532","fullNumber":"41532","formattedNumber":"41532"}}
2021-11-11 06:07:05 :: ----------send data payment:41775------------
2021-11-11 06:07:05 :: {"date":"2021-11-11","invoices":[{"amount":"38000","id":"41775"}],"bankAccount":2}
2021-11-11 06:07:07 :: ----------result data payment:41775------------
2021-11-11 06:07:07 :: {"id":"43362","date":"2021-11-11","number":"41533","amount":"38000.0000000000","observations":null,"anotation":null,"type":"in","paymentMethod":"","status":"open","bankAccount":{"id":"2","name":"PAYU","type":"bank"},"client":{"id":"32318","name":"Diana M Munoz M","phone":"3004838453"},"invoices":[{"id":"41775","number":"44036","date":"2021-11-11","amount":38000,"total":38000,"balance":0}],"costCenter":null,"numberTemplate":{"id":"3","prefix":"","number":"41533","fullNumber":"41533","formattedNumber":"41533"}}
2021-11-11 06:08:03 :: ----------send data payment:41776------------
2021-11-11 06:08:03 :: {"date":"2021-11-11","invoices":[{"amount":"120000","id":"41776"}],"bankAccount":2}
2021-11-11 06:08:05 :: ----------result data payment:41776------------
2021-11-11 06:08:05 :: {"id":"43363","date":"2021-11-11","number":"41534","amount":"120000.0000000000","observations":null,"anotation":null,"type":"in","paymentMethod":"","status":"open","bankAccount":{"id":"2","name":"PAYU","type":"bank"},"client":{"id":"9341","name":"Estefan\u00eda rojas","phone":"3145717608"},"invoices":[{"id":"41776","number":"44037","date":"2021-11-11","amount":120000,"total":120000,"balance":0}],"costCenter":null,"numberTemplate":{"id":"3","prefix":"","number":"41534","fullNumber":"41534","formattedNumber":"41534"}}
2021-11-11 06:10:06 :: ----------send data payment:41777------------
2021-11-11 06:10:06 :: {"date":"2021-11-11","invoices":[{"amount":"118996","id":"41777"}],"bankAccount":2}
2021-11-11 06:10:07 :: ----------result data payment:41777------------
2021-11-11 06:10:07 :: {"id":"43364","date":"2021-11-11","number":"41535","amount":"118996.0000000000","observations":null,"anotation":null,"type":"in","paymentMethod":"","status":"open","bankAccount":{"id":"2","name":"PAYU","type":"bank"},"client":{"id":"32319","name":"Claudia corzo","phone":"3167540722"},"invoices":[{"id":"41777","number":"44038","date":"2021-11-11","amount":118996,"total":118996,"balance":0}],"costCenter":null,"numberTemplate":{"id":"3","prefix":"","number":"41535","fullNumber":"41535","formattedNumber":"41535"}}
2021-11-11 06:13:05 :: ----------send data payment:41778------------
2021-11-11 06:13:05 :: {"date":"2021-11-11","invoices":[{"amount":"90000","id":"41778"}],"bankAccount":2}
2021-11-11 06:13:06 :: ----------result data payment:41778------------
2021-11-11 06:13:06 :: {"id":"43365","date":"2021-11-11","number":"41536","amount":"90000.0000000000","observations":null,"anotation":null,"type":"in","paymentMethod":"","status":"open","bankAccount":{"id":"2","name":"PAYU","type":"bank"},"client":{"id":"32320","name":"Alejandra Monsalve","phone":"3148479577"},"invoices":[{"id":"41778","number":"44039","date":"2021-11-11","amount":90000,"total":90000,"balance":0}],"costCenter":null,"numberTemplate":{"id":"3","prefix":"","number":"41536","fullNumber":"41536","formattedNumber":"41536"}}
2021-11-11 06:27:05 :: ----------send data payment:41779------------
2021-11-11 06:27:05 :: {"date":"2021-11-11","invoices":[{"amount":"160000","id":"41779"}],"bankAccount":2}
2021-11-11 06:27:07 :: ----------result data payment:41779------------
2021-11-11 06:27:07 :: {"id":"43366","date":"2021-11-11","number":"41537","amount":"160000.0000000000","observations":null,"anotation":null,"type":"in","paymentMethod":"","status":"open","bankAccount":{"id":"2","name":"PAYU","type":"bank"},"client":{"id":"32321","name":"Jhenniffer ALexandra Mahecha Gamboa","phone":"3058112911"},"invoices":[{"id":"41779","number":"44040","date":"2021-11-11","amount":160000,"total":160000,"balance":0}],"costCenter":null,"numberTemplate":{"id":"3","prefix":"","number":"41537","fullNumber":"41537","formattedNumber":"41537"}}
2021-11-11 06:41:09 :: ----------send data payment:41780------------
2021-11-11 06:41:09 :: {"date":"2021-11-11","invoices":[{"amount":"76801","id":"41780"}],"bankAccount":2}
2021-11-11 06:41:10 :: ----------result data payment:41780------------
2021-11-11 06:41:10 :: {"id":"43367","date":"2021-11-11","number":"41538","amount":"76801.0000000000","observations":null,"anotation":null,"type":"in","paymentMethod":"","status":"open","bankAccount":{"id":"2","name":"PAYU","type":"bank"},"client":{"id":"1194","name":"Karol Ocampo","phone":"3045780793"},"invoices":[{"id":"41780","number":"44041","date":"2021-11-11","amount":76801,"total":76801,"balance":0}],"costCenter":null,"numberTemplate":{"id":"3","prefix":"","number":"41538","fullNumber":"41538","formattedNumber":"41538"}}
2021-11-11 06:44:03 :: ----------send data payment:41781------------
2021-11-11 06:44:03 :: {"date":"2021-11-11","invoices":[{"amount":"100001","id":"41781"}],"bankAccount":2}
2021-11-11 06:44:04 :: ----------result data payment:41781------------
2021-11-11 06:44:04 :: {"id":"43368","date":"2021-11-11","number":"41539","amount":"100001.0000000000","observations":null,"anotation":null,"type":"in","paymentMethod":"","status":"open","bankAccount":{"id":"2","name":"PAYU","type":"bank"},"client":{"id":"3266","name":"MAR\u00cdA CATALINA GUARNIZO GARCIA","phone":"3173795237"},"invoices":[{"id":"41781","number":"44042","date":"2021-11-11","amount":100001,"total":100001,"balance":0}],"costCenter":null,"numberTemplate":{"id":"3","prefix":"","number":"41539","fullNumber":"41539","formattedNumber":"41539"}}
2021-11-11 07:04:05 :: ----------send data payment:41782------------
2021-11-11 07:04:05 :: {"date":"2021-11-11","invoices":[{"amount":"29000","id":"41782"}],"bankAccount":2}
2021-11-11 07:04:07 :: ----------result data payment:41782------------
2021-11-11 07:04:07 :: {"id":"43369","date":"2021-11-11","number":"41540","amount":"29000.0000000000","observations":null,"anotation":null,"type":"in","paymentMethod":"","status":"open","bankAccount":{"id":"2","name":"PAYU","type":"bank"},"client":{"id":"32322","name":"Sofia Arias","phone":"3159267082"},"invoices":[{"id":"41782","number":"44043","date":"2021-11-11","amount":29000,"total":29000,"balance":0}],"costCenter":null,"numberTemplate":{"id":"3","prefix":"","number":"41540","fullNumber":"41540","formattedNumber":"41540"}}
2021-11-11 07:13:09 :: ----------send data payment:41783------------
2021-11-11 07:13:09 :: {"date":"2021-11-11","invoices":[{"amount":"40000","id":"41783"}],"bankAccount":2}
2021-11-11 07:13:11 :: ----------result data payment:41783------------
2021-11-11 07:13:11 :: {"id":"43370","date":"2021-11-11","number":"41541","amount":"40000.0000000000","observations":null,"anotation":null,"type":"in","paymentMethod":"","status":"open","bankAccount":{"id":"2","name":"PAYU","type":"bank"},"client":{"id":"32323","name":"Catalina Idrobo","phone":"3215657824"},"invoices":[{"id":"41783","number":"44044","date":"2021-11-11","amount":40000,"total":40000,"balance":0}],"costCenter":null,"numberTemplate":{"id":"3","prefix":"","number":"41541","fullNumber":"41541","formattedNumber":"41541"}}
2021-11-11 07:40:06 :: ----------send data payment:41784------------
2021-11-11 07:40:06 :: {"date":"2021-11-11","invoices":[{"amount":"42000","id":"41784"}],"bankAccount":2}
2021-11-11 07:40:07 :: ----------result data payment:41784------------
2021-11-11 07:40:07 :: {"id":"43371","date":"2021-11-11","number":"41542","amount":"42000.0000000000","observations":null,"anotation":null,"type":"in","paymentMethod":"","status":"open","bankAccount":{"id":"2","name":"PAYU","type":"bank"},"client":{"id":"32324","name":"manuela","phone":"4424518"},"invoices":[{"id":"41784","number":"44045","date":"2021-11-11","amount":42000,"total":42000,"balance":0}],"costCenter":null,"numberTemplate":{"id":"3","prefix":"","number":"41542","fullNumber":"41542","formattedNumber":"41542"}}
2021-11-11 07:49:03 :: ----------send data payment:41785------------
2021-11-11 07:49:03 :: {"date":"2021-11-11","invoices":[{"amount":"56000","id":"41785"}],"bankAccount":2}
2021-11-11 07:49:04 :: ----------result data payment:41785------------
2021-11-11 07:49:04 :: {"id":"43372","date":"2021-11-11","number":"41543","amount":"56000.0000000000","observations":null,"anotation":null,"type":"in","paymentMethod":"","status":"open","bankAccount":{"id":"2","name":"PAYU","type":"bank"},"client":{"id":"14720","name":"Alejandra Carvajal","phone":"3213393963"},"invoices":[{"id":"41785","number":"44046","date":"2021-11-11","amount":56000,"total":56000,"balance":0}],"costCenter":null,"numberTemplate":{"id":"3","prefix":"","number":"41543","fullNumber":"41543","formattedNumber":"41543"}}
2021-11-11 08:16:10 :: ----------send data payment:41786------------
2021-11-11 08:16:10 :: {"date":"2021-11-11","invoices":[{"amount":"35000","id":"41786"}],"bankAccount":2}
2021-11-11 08:16:12 :: ----------result data payment:41786------------
2021-11-11 08:16:12 :: {"id":"43373","date":"2021-11-11","number":"41544","amount":"35000.0000000000","observations":null,"anotation":null,"type":"in","paymentMethod":"","status":"open","bankAccount":{"id":"2","name":"PAYU","type":"bank"},"client":{"id":"32325","name":"Carolina Bernal","phone":"3103761440"},"invoices":[{"id":"41786","number":"44047","date":"2021-11-11","amount":35000,"total":35000,"balance":0}],"costCenter":null,"numberTemplate":{"id":"3","prefix":"","number":"41544","fullNumber":"41544","formattedNumber":"41544"}}
2021-11-11 08:18:07 :: ----------send data payment:41787------------
2021-11-11 08:18:07 :: {"date":"2021-11-11","invoices":[{"amount":"103001","id":"41787"}],"bankAccount":2}
2021-11-11 08:18:08 :: ----------result data payment:41787------------
2021-11-11 08:18:08 :: {"id":"43374","date":"2021-11-11","number":"41545","amount":"103001.0000000000","observations":null,"anotation":null,"type":"in","paymentMethod":"","status":"open","bankAccount":{"id":"2","name":"PAYU","type":"bank"},"client":{"id":"32326","name":"Martha Buitrago Escobar","phone":"3052431788"},"invoices":[{"id":"41787","number":"44048","date":"2021-11-11","amount":103001,"total":103001,"balance":0}],"costCenter":null,"numberTemplate":{"id":"3","prefix":"","number":"41545","fullNumber":"41545","formattedNumber":"41545"}}
2021-11-11 08:28:05 :: ----------send data payment:41788------------
2021-11-11 08:28:05 :: {"date":"2021-11-11","invoices":[{"amount":"108000","id":"41788"}],"bankAccount":2}
2021-11-11 08:28:06 :: ----------result data payment:41788------------
2021-11-11 08:28:06 :: {"id":"43375","date":"2021-11-11","number":"41546","amount":"108000.0000000000","observations":null,"anotation":null,"type":"in","paymentMethod":"","status":"open","bankAccount":{"id":"2","name":"PAYU","type":"bank"},"client":{"id":"32327","name":"Andrey Ramos Ruiz","phone":"3505813261"},"invoices":[{"id":"41788","number":"44049","date":"2021-11-11","amount":108000,"total":108000,"balance":0}],"costCenter":null,"numberTemplate":{"id":"3","prefix":"","number":"41546","fullNumber":"41546","formattedNumber":"41546"}}
2021-11-11 08:47:05 :: ----------send data payment:41789------------
2021-11-11 08:47:05 :: {"date":"2021-11-11","invoices":[{"amount":"70000","id":"41789"}],"bankAccount":2}
2021-11-11 08:47:06 :: ----------result data payment:41789------------
2021-11-11 08:47:06 :: {"id":"43376","date":"2021-11-11","number":"41547","amount":"70000.0000000000","observations":null,"anotation":null,"type":"in","paymentMethod":"","status":"open","bankAccount":{"id":"2","name":"PAYU","type":"bank"},"client":{"id":"32328","name":"daniela olaya","phone":"3166951847"},"invoices":[{"id":"41789","number":"44050","date":"2021-11-11","amount":70000,"total":70000,"balance":0}],"costCenter":null,"numberTemplate":{"id":"3","prefix":"","number":"41547","fullNumber":"41547","formattedNumber":"41547"}}
2021-11-11 08:52:07 :: ----------send data payment:41790------------
2021-11-11 08:52:07 :: {"date":"2021-11-11","invoices":[{"amount":"108000","id":"41790"}],"bankAccount":2}
2021-11-11 08:52:08 :: ----------result data payment:41790------------
2021-11-11 08:52:08 :: {"id":"43377","date":"2021-11-11","number":"41548","amount":"108000.0000000000","observations":null,"anotation":null,"type":"in","paymentMethod":"","status":"open","bankAccount":{"id":"2","name":"PAYU","type":"bank"},"client":{"id":"32329","name":"Melissa Luengas","phone":"3195941483"},"invoices":[{"id":"41790","number":"44051","date":"2021-11-11","amount":108000,"total":108000,"balance":0}],"costCenter":null,"numberTemplate":{"id":"3","prefix":"","number":"41548","fullNumber":"41548","formattedNumber":"41548"}}
2021-11-11 09:05:07 :: ----------send data payment:41791------------
2021-11-11 09:05:07 :: {"date":"2021-11-11","invoices":[{"amount":"140000","id":"41791"}],"bankAccount":2}
2021-11-11 09:05:09 :: ----------result data payment:41791------------
2021-11-11 09:05:09 :: {"id":"43378","date":"2021-11-11","number":"41549","amount":"140000.0000000000","observations":null,"anotation":null,"type":"in","paymentMethod":"","status":"open","bankAccount":{"id":"2","name":"PAYU","type":"bank"},"client":{"id":"32330","name":"Mar\u00eda Juliana S\u00e1nchez Romero","phone":"3224660312"},"invoices":[{"id":"41791","number":"44052","date":"2021-11-11","amount":140000,"total":140000,"balance":0}],"costCenter":null,"numberTemplate":{"id":"3","prefix":"","number":"41549","fullNumber":"41549","formattedNumber":"41549"}}
2021-11-11 09:07:03 :: ----------send data payment:41792------------
2021-11-11 09:07:03 :: {"date":"2021-11-11","invoices":[{"amount":"90000","id":"41792"}],"bankAccount":2}
2021-11-11 09:07:05 :: ----------result data payment:41792------------
2021-11-11 09:07:05 :: {"id":"43379","date":"2021-11-11","number":"41550","amount":"90000.0000000000","observations":null,"anotation":null,"type":"in","paymentMethod":"","status":"open","bankAccount":{"id":"2","name":"PAYU","type":"bank"},"client":{"id":"25059","name":"Evelin Correa Ch","phone":"3219740212"},"invoices":[{"id":"41792","number":"44053","date":"2021-11-11","amount":90000,"total":90000,"balance":0}],"costCenter":null,"numberTemplate":{"id":"3","prefix":"","number":"41550","fullNumber":"41550","formattedNumber":"41550"}}
2021-11-11 09:25:15 :: ----------send data payment:41793------------
2021-11-11 09:25:15 :: {"date":"2021-11-11","invoices":[{"amount":"140000","id":"41793"}],"bankAccount":2}
2021-11-11 09:25:16 :: ----------result data payment:41793------------
2021-11-11 09:25:16 :: {"id":"43380","date":"2021-11-11","number":"41551","amount":"140000.0000000000","observations":null,"anotation":null,"type":"in","paymentMethod":"","status":"open","bankAccount":{"id":"2","name":"PAYU","type":"bank"},"client":{"id":"32331","name":"Kellyn Cardenas","phone":"3168492464"},"invoices":[{"id":"41793","number":"44054","date":"2021-11-11","amount":140000,"total":140000,"balance":0}],"costCenter":null,"numberTemplate":{"id":"3","prefix":"","number":"41551","fullNumber":"41551","formattedNumber":"41551"}}
2021-11-11 09:53:05 :: ----------send data payment:41794------------
2021-11-11 09:53:05 :: {"date":"2021-11-11","invoices":[{"amount":"239999","id":"41794"}],"bankAccount":2}
2021-11-11 09:53:06 :: ----------result data payment:41794------------
2021-11-11 09:53:06 :: {"id":"43381","date":"2021-11-11","number":"41552","amount":"239999.0000000000","observations":null,"anotation":null,"type":"in","paymentMethod":"","status":"open","bankAccount":{"id":"2","name":"PAYU","type":"bank"},"client":{"id":"32332","name":"Jenny Marisol","phone":"3125406949"},"invoices":[{"id":"41794","number":"44055","date":"2021-11-11","amount":239999,"total":239999,"balance":0}],"costCenter":null,"numberTemplate":{"id":"3","prefix":"","number":"41552","fullNumber":"41552","formattedNumber":"41552"}}
2021-11-11 10:05:06 :: ----------send data payment:41795------------
2021-11-11 10:05:06 :: {"date":"2021-11-11","invoices":[{"amount":"90000","id":"41795"}],"bankAccount":2}
2021-11-11 10:05:08 :: ----------result data payment:41795------------
2021-11-11 10:05:08 :: {"id":"43382","date":"2021-11-11","number":"41553","amount":"90000.0000000000","observations":null,"anotation":null,"type":"in","paymentMethod":"","status":"open","bankAccount":{"id":"2","name":"PAYU","type":"bank"},"client":{"id":"32333","name":"Marisol Vilaro","phone":"3002421085"},"invoices":[{"id":"41795","number":"44056","date":"2021-11-11","amount":90000,"total":90000,"balance":0}],"costCenter":null,"numberTemplate":{"id":"3","prefix":"","number":"41553","fullNumber":"41553","formattedNumber":"41553"}}
2021-11-11 11:02:05 :: ----------send data payment:41796------------
2021-11-11 11:02:05 :: {"date":"2021-11-11","invoices":[{"amount":"88599","id":"41796"}],"bankAccount":2}
2021-11-11 11:02:07 :: ----------result data payment:41796------------
2021-11-11 11:02:07 :: {"id":"43383","date":"2021-11-11","number":"41554","amount":"88599.0000000000","observations":null,"anotation":null,"type":"in","paymentMethod":"","status":"open","bankAccount":{"id":"2","name":"PAYU","type":"bank"},"client":{"id":"32334","name":"Stefanny Sanchez Quiroga","phone":"3164924273"},"invoices":[{"id":"41796","number":"44057","date":"2021-11-11","amount":88599,"total":88599,"balance":0}],"costCenter":null,"numberTemplate":{"id":"3","prefix":"","number":"41554","fullNumber":"41554","formattedNumber":"41554"}}